✓ stdout → also writing to /mvdlph/masa/GCN_SingleView_Regression_Results/run_2026_06_06_19_40_18/logs/training_20260606_194018.log
2026-06-06 19:40:18,844 | INFO | ======================================================================
2026-06-06 19:40:18,844 | INFO | ST-GCN Single-View Regression | BZU Physiotherapy Dataset
2026-06-06 19:40:18,844 | INFO | Camera : C0  |  Split : 70/15/15  |  Epochs : 300  |  Patience : 100
2026-06-06 19:40:18,845 | INFO | Log file : /mvdlph/masa/GCN_SingleView_Regression_Results/run_2026_06_06_19_40_18/logs/training_20260606_194018.log
2026-06-06 19:40:18,845 | INFO | ======================================================================
✓ parse_filename and load_skeleton defined

[TRAIN] NPZ files found : 9477
  Samples          : 9477
  Unique trials    : 327
  Quality mean±std : 4.127 ± 0.812
  Exercise dist    :
0     961
1     966
2     829
3     979
4     970
5     933
6     954
7     965
8     903
9    1017
  Samples (after camera filter) : 9477

[VALID] NPZ files found : 2790
  Samples          : 2790
  Unique trials    : 100
  Quality mean±std : 4.232 ± 0.741
  Exercise dist    :
0    326
1    316
2    295
3    298
4    322
5    312
6    302
7    304
8    181
9    134
  Samples (after camera filter) : 2790

[TEST] NPZ files found : 3108
  Samples          : 3108
  Unique trials    : 107
  Quality mean±std : 4.031 ± 0.777
  Exercise dist    :
0    465
1    326
2    258
3    319
4    287
5    321
6    314
7    319
8    317
9    182
  Samples (after camera filter) : 3108

Checking for corrupted files...
  [TRAIN] Removing 1 corrupted file(s)
  [TRAIN] Clean samples : 9476
  [VALID] Clean samples : 2790
  [TEST] Removing 2 corrupted file(s)
  [TEST] Clean samples : 3106

Excluding exercises...
  [TRAIN] Excluded E[1, 2, 3, 4, 5, 6, 7, 8, 9] → 8515 rows dropped, 961 remain
  [VALID] Excluded E[1, 2, 3, 4, 5, 6, 7, 8, 9] → 2464 rows dropped, 326 remain
  [TEST] Excluded E[1, 2, 3, 4, 5, 6, 7, 8, 9] → 2642 rows dropped, 464 remain

Applying segment-level camera completeness filter...
  build_single_view_df: 317 samples
  Per-exercise counts:
exercise
0    317
  Per-camera counts:
camera
0    317
  build_single_view_df: 95 samples
  Per-exercise counts:
exercise
0    95
  Per-camera counts:
camera
0    95
  build_single_view_df: 152 samples
  Per-exercise counts:
exercise
0    152
  Per-camera counts:
camera
0    152

  Exercise ID remap : {0: 0}
  Remaining exercises (remapped): [0]

✓ No data-leakage detected across splits

════════════════════════════════════════════════════════════════════
  Split     Samples   Correct   Erroneous   Q mean   Q std   Q min   Q max
  ──────────────────────────────────────────────────────────────────
  Train         317       206         111    3.766   0.986   1.340   4.740
  Val            95        59          36    3.561   0.901   2.280   4.680
  Test          152        78          74    3.659   0.787   2.300   4.750
════════════════════════════════════════════════════════════════════

✓ Pre-split index ready  →  train / val / test DataFrames built
0    564
Name: camera, dtype: int64

الكاميرات الموجودة: [0]
camera      0
exercise     
0         564
E0: correct=3 trials, erroneous=4 trials

==================================================
  Train
==================================================
            mean     var  count
exercise                       
0         3.7663  0.9723    317

==================================================
  Val
==================================================
            mean     var  count
exercise                       
0         3.5606  0.8122     95

==================================================
  Test
==================================================
            mean     var  count
exercise                       
0         3.6595  0.6199    152

============================================================
  All Splits Combined
============================================================
                  mean     var  count
split exercise                       
Test  0         3.6595  0.6199    152
Train 0         3.7663  0.9723    317
Val   0         3.5606  0.8122     95
Frame length distribution (sample of 500 files):
  min    = 29
  max    = 154
  mean   = 66.9
  median = 65.0
  std    = 18.6

Percentiles:
   25th = 53
   50th = 65
   75th = 78
   90th = 91
   95th = 100
   99th = 119

Value counts (top 10):
    54 frames →   19 files (3.8%)
    51 frames →   19 files (3.8%)
    78 frames →   15 files (3.0%)
    75 frames →   15 files (3.0%)
    68 frames →   15 files (3.0%)
    61 frames →   15 files (3.0%)
    50 frames →   15 files (3.0%)
    53 frames →   14 files (2.8%)
    52 frames →   14 files (2.8%)
    59 frames →   13 files (2.6%)
✓ Skeleton visualisation helpers defined
person                                                     P0
exercise                                                    0
trial_id                                                   T1
segment                                                     0
filepath    /mvdlph/Dataset_CVDLPT_Videos_Segments_P0P15_M...
Name: 10, dtype: object
Skeleton shape : (81, 17, 3)
X range : [-0.369, 0.592]
Y range : [-0.193, 0.198]
Z range : [0.000, 0.994]
  ✓ Skeleton plot saved → /mvdlph/masa/GCN_SingleView_Regression_Results/run_2026_06_06_19_40_18/plots/sample_skeleton_3views.png
  ✓ Motion frames saved → /mvdlph/masa/GCN_SingleView_Regression_Results/run_2026_06_06_19_40_18/plots/sample_skeleton_motion.png
Axis ranges across all frames:
X: [-0.369, 0.592] — likely left/right
Y: [-0.193, 0.198] — likely ???
Z: [0.000, 0.994] — likely height

Hip  mean XYZ: [0.         0.         0.32353598]
Head mean XYZ: [-0.14399661 -0.18363096  0.9671082 ]

Difference (head - hip): [-0.14399661 -0.18363096  0.6435722 ]

Camera 0:
  Hip  XYZ: [0.    0.    0.324]
  Head XYZ: [-0.144 -0.183  0.968]
  X range: [-0.37, 0.59]
  Z range: [0.00, 0.99]

Camera 1: no file found

Camera 2: no file found
✓ BZUDataset defined (regression only)
Joint distances from Hip (body center):
  Joint  0 (Hip         ) distance=0  
  Joint  1 (R-Hip       ) distance=1  ─
  Joint  2 (R-Knee      ) distance=2  ──
  Joint  3 (R-Ankle     ) distance=3  ───
  Joint  4 (L-Hip       ) distance=1  ─
  Joint  5 (L-Knee      ) distance=2  ──
  Joint  6 (L-Ankle     ) distance=3  ───
  Joint  7 (Spine       ) distance=1  ─
  Joint  8 (Thorax      ) distance=2  ──
  Joint  9 (Neck        ) distance=3  ───
  Joint 10 (Head        ) distance=4  ────
  Joint 11 (L-Shoulder  ) distance=3  ───
  Joint 12 (L-Elbow     ) distance=4  ────
  Joint 13 (L-Wrist     ) distance=5  ─────
  Joint 14 (R-Shoulder  ) distance=3  ───
  Joint 15 (R-Elbow     ) distance=4  ────
  Joint 16 (R-Wrist     ) distance=5  ─────

✓ True ST-GCN sanity check passed — output shape: torch.Size([2])
✓ Total trainable parameters: 3,069,032
✓ STGCN_Regression (True ST-GCN, Yan et al. AAAI 2018) defined
Device : cuda
GPU    : Tesla V100-PCIE-32GB
✓ centre_and_scale and run_epoch (regression) defined
=================================================================
Quality score distribution audit
=================================================================
  ✓ Saved → /mvdlph/masa/GCN_SingleView_Regression_Results/run_2026_06_06_19_40_18/plots/split_quality_distributions.png

Split    Type              n    mean     std    min    25%    50%    75%    max
----------------------------------------------------------------------
Train    Correct (T≤2)    206   4.396   0.254   3.78   4.26   4.42   4.58   4.74
Train    Erroneous (T≥3)    111   2.597   0.741   1.34   2.05   2.44   2.94   3.88

Val      Correct (T≤2)     59   4.211   0.403   3.56   3.82   4.28   4.64   4.68
Val      Erroneous (T≥3)     36   2.495   0.176   2.28   2.35   2.49   2.63   2.72

Test     Correct (T≤2)     78   4.323   0.401   3.58   4.10   4.58   4.70   4.75
Test     Erroneous (T≥3)     74   2.960   0.383   2.30   2.80   3.01   3.31   3.44

=================================================================
Person distribution across splits
=================================================================
  Train : ['P0', 'P10', 'P14', 'P15', 'P2', 'P3', 'P4', 'P5', 'P7']
  Val   : ['P1', 'P11', 'P6']
  Test  : ['P12', 'P13', 'P8', 'P9']

Per-person quality mean per split:

  Train:
         mean    std  count
person                     
P0      4.262  0.086     30
P10     2.408  0.865     49
P14     3.184  0.961     45
P15     3.137  0.658     45
P2      4.733  0.010     30
P3      4.413  0.025     30
P4      4.473  0.078     30
P5      4.247  0.038     30
P7      4.559  0.066     28

  Val:
         mean    std  count
person                     
P1      4.660  0.021     20
P11     2.708  0.459     45
P6      4.107  0.208     30

  Test:
         mean    std  count
person                     
P12     2.939  0.509     46
P13     3.290  0.358     46
P8      4.653  0.053     30
P9      4.337  0.298     30

=================================================================
Exercise balance across splits
=================================================================
    Train  Val  Test  Train%   Val%  Test%
E0    317   95   152   100.0  100.0  100.0
✓ Plotting helpers (regression) defined
✓ EarlyStopping defined (monitoring MAE)
2026-06-06 19:40:49,044 | INFO | ======================================================================
2026-06-06 19:40:49,045 | INFO | STARTING REGRESSION TRAINING  (with Early Stopping on MAE)
2026-06-06 19:40:49,046 | INFO | ======================================================================
2026-06-06 19:40:49,046 | INFO | train=317 val=95 test=152

════════════════════════════════════════════════════════════════════
  Camera C0  |  Train: 317  Val: 95  Test: 152
  Patience: 100  |  LR: 1e-4  |  Batch: 48
════════════════════════════════════════════════════════════════════
  Ep   1/300 | Tr loss=0.5979 mae=0.993 r2=-0.408 pcc=0.496 | Vl loss=1.8299 mae=2.322 r2=-6.674 pcc=0.899 | ES 0/100 ★
2026-06-06 19:40:51,970 | INFO |   Ep   1/300 | Tr loss=0.5979 mae=0.993 r2=-0.408 pcc=0.496 | Vl loss=1.8299 mae=2.322 r2=-6.674 pcc=0.899 | ES 0/100 ★
    ★ val_mae=2.3223  rmse=2.4834  r2=-6.6740  pcc=0.8987
  Ep   2/300 | Tr loss=0.5855 mae=0.994 r2=-0.339 pcc=0.487 | Vl loss=1.7159 mae=2.208 r2=-6.032 pcc=0.880 | ES 0/100 ★
2026-06-06 19:40:53,708 | INFO |   Ep   2/300 | Tr loss=0.5855 mae=0.994 r2=-0.339 pcc=0.487 | Vl loss=1.7159 mae=2.208 r2=-6.032 pcc=0.880 | ES 0/100 ★
    ★ val_mae=2.2082  rmse=2.3773  r2=-6.0325  pcc=0.8795
  Ep   3/300 | Tr loss=0.4855 mae=0.861 r2=-0.081 pcc=0.576 | Vl loss=1.3475 mae=1.830 r2=-4.027 pcc=0.900 | ES 0/100 ★
2026-06-06 19:40:55,378 | INFO |   Ep   3/300 | Tr loss=0.4855 mae=0.861 r2=-0.081 pcc=0.576 | Vl loss=1.3475 mae=1.830 r2=-4.027 pcc=0.900 | ES 0/100 ★
    ★ val_mae=1.8304  rmse=2.0099  r2=-4.0267  pcc=0.9001
  Ep   4/300 | Tr loss=0.4316 mae=0.816 r2=0.163 pcc=0.637 | Vl loss=1.0402 mae=1.480 r2=-2.574 pcc=0.911 | ES 0/100 ★
2026-06-06 19:40:57,039 | INFO |   Ep   4/300 | Tr loss=0.4316 mae=0.816 r2=0.163 pcc=0.637 | Vl loss=1.0402 mae=1.480 r2=-2.574 pcc=0.911 | ES 0/100 ★
    ★ val_mae=1.4802  rmse=1.6948  r2=-2.5742  pcc=0.9112
  Ep   5/300 | Tr loss=0.3563 mae=0.705 r2=0.338 pcc=0.701 | Vl loss=0.9480 mae=1.332 r2=-2.219 pcc=-0.635 | ES 0/100 ★
2026-06-06 19:40:58,716 | INFO |   Ep   5/300 | Tr loss=0.3563 mae=0.705 r2=0.338 pcc=0.701 | Vl loss=0.9480 mae=1.332 r2=-2.219 pcc=-0.635 | ES 0/100 ★
    ★ val_mae=1.3317  rmse=1.6083  r2=-2.2187  pcc=-0.6345
  Ep   6/300 | Tr loss=0.3472 mae=0.718 r2=0.308 pcc=0.664 | Vl loss=0.8228 mae=1.185 r2=-1.661 pcc=-0.899 | ES 0/100 ★
2026-06-06 19:41:00,360 | INFO |   Ep   6/300 | Tr loss=0.3472 mae=0.718 r2=0.308 pcc=0.664 | Vl loss=0.8228 mae=1.185 r2=-1.661 pcc=-0.899 | ES 0/100 ★
    ★ val_mae=1.1852  rmse=1.4624  r2=-1.6610  pcc=-0.8992
  Ep   7/300 | Tr loss=0.3269 mae=0.695 r2=0.305 pcc=0.669 | Vl loss=0.8351 mae=1.197 r2=-1.731 pcc=-0.910 | ES 1/100
2026-06-06 19:41:02,004 | INFO |   Ep   7/300 | Tr loss=0.3269 mae=0.695 r2=0.305 pcc=0.669 | Vl loss=0.8351 mae=1.197 r2=-1.731 pcc=-0.910 | ES 1/100
  Ep   8/300 | Tr loss=0.3283 mae=0.695 r2=0.337 pcc=0.681 | Vl loss=0.8197 mae=1.181 r2=-1.660 pcc=-0.923 | ES 0/100 ★
2026-06-06 19:41:03,672 | INFO |   Ep   8/300 | Tr loss=0.3283 mae=0.695 r2=0.337 pcc=0.681 | Vl loss=0.8197 mae=1.181 r2=-1.660 pcc=-0.923 | ES 0/100 ★
    ★ val_mae=1.1813  rmse=1.4621  r2=-1.6599  pcc=-0.9232
  Ep   9/300 | Tr loss=0.3228 mae=0.679 r2=0.361 pcc=0.697 | Vl loss=0.8610 mae=1.221 r2=-1.875 pcc=-0.898 | ES 1/100
2026-06-06 19:41:05,316 | INFO |   Ep   9/300 | Tr loss=0.3228 mae=0.679 r2=0.361 pcc=0.697 | Vl loss=0.8610 mae=1.221 r2=-1.875 pcc=-0.898 | ES 1/100
  Ep  10/300 | Tr loss=0.3035 mae=0.653 r2=0.379 pcc=0.684 | Vl loss=0.7952 mae=1.161 r2=-1.561 pcc=-0.885 | ES 0/100 ★
2026-06-06 19:41:07,030 | INFO |   Ep  10/300 | Tr loss=0.3035 mae=0.653 r2=0.379 pcc=0.684 | Vl loss=0.7952 mae=1.161 r2=-1.561 pcc=-0.885 | ES 0/100 ★
    ★ val_mae=1.1614  rmse=1.4347  r2=-1.5614  pcc=-0.8853
  Ep  11/300 | Tr loss=0.3308 mae=0.696 r2=0.393 pcc=0.686 | Vl loss=0.6828 mae=1.042 r2=-1.053 pcc=0.763 | ES 0/100 ★
2026-06-06 19:41:08,725 | INFO |   Ep  11/300 | Tr loss=0.3308 mae=0.696 r2=0.393 pcc=0.686 | Vl loss=0.6828 mae=1.042 r2=-1.053 pcc=0.763 | ES 0/100 ★
    ★ val_mae=1.0424  rmse=1.2843  r2=-1.0525  pcc=0.7632
  Ep  12/300 | Tr loss=0.2631 mae=0.600 r2=0.475 pcc=0.757 | Vl loss=0.6879 mae=1.049 r2=-1.089 pcc=0.736 | ES 1/100
2026-06-06 19:41:10,388 | INFO |   Ep  12/300 | Tr loss=0.2631 mae=0.600 r2=0.475 pcc=0.757 | Vl loss=0.6879 mae=1.049 r2=-1.089 pcc=0.736 | ES 1/100
  Ep  13/300 | Tr loss=0.2802 mae=0.630 r2=0.477 pcc=0.752 | Vl loss=0.7868 mae=1.147 r2=-1.525 pcc=-0.881 | ES 2/100
2026-06-06 19:41:12,042 | INFO |   Ep  13/300 | Tr loss=0.2802 mae=0.630 r2=0.477 pcc=0.752 | Vl loss=0.7868 mae=1.147 r2=-1.525 pcc=-0.881 | ES 2/100
  Ep  14/300 | Tr loss=0.2804 mae=0.621 r2=0.461 pcc=0.733 | Vl loss=0.8038 mae=1.163 r2=-1.596 pcc=-0.881 | ES 3/100
2026-06-06 19:41:13,808 | INFO |   Ep  14/300 | Tr loss=0.2804 mae=0.621 r2=0.461 pcc=0.733 | Vl loss=0.8038 mae=1.163 r2=-1.596 pcc=-0.881 | ES 3/100
  Ep  15/300 | Tr loss=0.3049 mae=0.661 r2=0.401 pcc=0.701 | Vl loss=0.8099 mae=1.168 r2=-1.622 pcc=-0.848 | ES 4/100
2026-06-06 19:41:15,477 | INFO |   Ep  15/300 | Tr loss=0.3049 mae=0.661 r2=0.401 pcc=0.701 | Vl loss=0.8099 mae=1.168 r2=-1.622 pcc=-0.848 | ES 4/100
  Ep  16/300 | Tr loss=0.3140 mae=0.668 r2=0.460 pcc=0.714 | Vl loss=0.7859 mae=1.146 r2=-1.503 pcc=-0.777 | ES 5/100
2026-06-06 19:41:17,123 | INFO |   Ep  16/300 | Tr loss=0.3140 mae=0.668 r2=0.460 pcc=0.714 | Vl loss=0.7859 mae=1.146 r2=-1.503 pcc=-0.777 | ES 5/100
  Ep  17/300 | Tr loss=0.3180 mae=0.664 r2=0.382 pcc=0.693 | Vl loss=0.7582 mae=1.117 r2=-1.386 pcc=-0.837 | ES 6/100
2026-06-06 19:41:18,762 | INFO |   Ep  17/300 | Tr loss=0.3180 mae=0.664 r2=0.382 pcc=0.693 | Vl loss=0.7582 mae=1.117 r2=-1.386 pcc=-0.837 | ES 6/100
  Ep  18/300 | Tr loss=0.2919 mae=0.648 r2=0.432 pcc=0.708 | Vl loss=0.7160 mae=1.083 r2=-1.203 pcc=-0.809 | ES 7/100
2026-06-06 19:41:20,399 | INFO |   Ep  18/300 | Tr loss=0.2919 mae=0.648 r2=0.432 pcc=0.708 | Vl loss=0.7160 mae=1.083 r2=-1.203 pcc=-0.809 | ES 7/100
  Ep  19/300 | Tr loss=0.2784 mae=0.638 r2=0.408 pcc=0.692 | Vl loss=0.6773 mae=1.060 r2=-1.044 pcc=-0.851 | ES 8/100
2026-06-06 19:41:22,088 | INFO |   Ep  19/300 | Tr loss=0.2784 mae=0.638 r2=0.408 pcc=0.692 | Vl loss=0.6773 mae=1.060 r2=-1.044 pcc=-0.851 | ES 8/100
  Ep  20/300 | Tr loss=0.2714 mae=0.616 r2=0.489 pcc=0.725 | Vl loss=0.6067 mae=0.998 r2=-0.775 pcc=-0.218 | ES 0/100 ★
2026-06-06 19:41:23,819 | INFO |   Ep  20/300 | Tr loss=0.2714 mae=0.616 r2=0.489 pcc=0.725 | Vl loss=0.6067 mae=0.998 r2=-0.775 pcc=-0.218 | ES 0/100 ★
    ★ val_mae=0.9984  rmse=1.1943  r2=-0.7749  pcc=-0.2182
  Ep  21/300 | Tr loss=0.2819 mae=0.612 r2=0.490 pcc=0.719 | Vl loss=0.6046 mae=0.995 r2=-0.762 pcc=-0.045 | ES 0/100 ★
2026-06-06 19:41:25,488 | INFO |   Ep  21/300 | Tr loss=0.2819 mae=0.612 r2=0.490 pcc=0.719 | Vl loss=0.6046 mae=0.995 r2=-0.762 pcc=-0.045 | ES 0/100 ★
    ★ val_mae=0.9948  rmse=1.1899  r2=-0.7617  pcc=-0.0449
  Ep  22/300 | Tr loss=0.2975 mae=0.650 r2=0.428 pcc=0.691 | Vl loss=0.6513 mae=1.029 r2=-0.943 pcc=-0.660 | ES 1/100
2026-06-06 19:41:27,177 | INFO |   Ep  22/300 | Tr loss=0.2975 mae=0.650 r2=0.428 pcc=0.691 | Vl loss=0.6513 mae=1.029 r2=-0.943 pcc=-0.660 | ES 1/100
  Ep  23/300 | Tr loss=0.2818 mae=0.624 r2=0.463 pcc=0.715 | Vl loss=0.6971 mae=1.069 r2=-1.127 pcc=-0.844 | ES 2/100
2026-06-06 19:41:28,876 | INFO |   Ep  23/300 | Tr loss=0.2818 mae=0.624 r2=0.463 pcc=0.715 | Vl loss=0.6971 mae=1.069 r2=-1.127 pcc=-0.844 | ES 2/100
  Ep  24/300 | Tr loss=0.2633 mae=0.598 r2=0.495 pcc=0.738 | Vl loss=0.6641 mae=1.030 r2=-0.978 pcc=0.605 | ES 3/100
2026-06-06 19:41:30,547 | INFO |   Ep  24/300 | Tr loss=0.2633 mae=0.598 r2=0.495 pcc=0.738 | Vl loss=0.6641 mae=1.030 r2=-0.978 pcc=0.605 | ES 3/100
  Ep  25/300 | Tr loss=0.3098 mae=0.653 r2=0.381 pcc=0.656 | Vl loss=0.6494 mae=1.022 r2=-0.921 pcc=0.089 | ES 4/100
2026-06-06 19:41:32,200 | INFO |   Ep  25/300 | Tr loss=0.3098 mae=0.653 r2=0.381 pcc=0.656 | Vl loss=0.6494 mae=1.022 r2=-0.921 pcc=0.089 | ES 4/100
  Ep  26/300 | Tr loss=0.2823 mae=0.632 r2=0.429 pcc=0.695 | Vl loss=0.6118 mae=0.994 r2=-0.786 pcc=0.419 | ES 0/100 ★
2026-06-06 19:41:33,882 | INFO |   Ep  26/300 | Tr loss=0.2823 mae=0.632 r2=0.429 pcc=0.695 | Vl loss=0.6118 mae=0.994 r2=-0.786 pcc=0.419 | ES 0/100 ★
    ★ val_mae=0.9940  rmse=1.1979  r2=-0.7856  pcc=0.4188
  Ep  27/300 | Tr loss=0.2993 mae=0.639 r2=0.413 pcc=0.676 | Vl loss=0.6111 mae=0.982 r2=-0.784 pcc=0.826 | ES 0/100 ★
2026-06-06 19:41:35,614 | INFO |   Ep  27/300 | Tr loss=0.2993 mae=0.639 r2=0.413 pcc=0.676 | Vl loss=0.6111 mae=0.982 r2=-0.784 pcc=0.826 | ES 0/100 ★
    ★ val_mae=0.9816  rmse=1.1973  r2=-0.7838  pcc=0.8261
  Ep  28/300 | Tr loss=0.2364 mae=0.543 r2=0.558 pcc=0.780 | Vl loss=0.6624 mae=1.027 r2=-0.984 pcc=0.746 | ES 1/100
2026-06-06 19:41:37,323 | INFO |   Ep  28/300 | Tr loss=0.2364 mae=0.543 r2=0.558 pcc=0.780 | Vl loss=0.6624 mae=1.027 r2=-0.984 pcc=0.746 | ES 1/100
  Ep  29/300 | Tr loss=0.2645 mae=0.590 r2=0.513 pcc=0.736 | Vl loss=0.6797 mae=1.048 r2=-1.065 pcc=-0.567 | ES 2/100
2026-06-06 19:41:38,991 | INFO |   Ep  29/300 | Tr loss=0.2645 mae=0.590 r2=0.513 pcc=0.736 | Vl loss=0.6797 mae=1.048 r2=-1.065 pcc=-0.567 | ES 2/100
  Ep  30/300 | Tr loss=0.2814 mae=0.617 r2=0.423 pcc=0.693 | Vl loss=0.7081 mae=1.080 r2=-1.182 pcc=-0.917 | ES 3/100
2026-06-06 19:41:40,658 | INFO |   Ep  30/300 | Tr loss=0.2814 mae=0.617 r2=0.423 pcc=0.693 | Vl loss=0.7081 mae=1.080 r2=-1.182 pcc=-0.917 | ES 3/100
  Ep  31/300 | Tr loss=0.2709 mae=0.604 r2=0.464 pcc=0.701 | Vl loss=0.6529 mae=1.025 r2=-0.960 pcc=-0.319 | ES 4/100
2026-06-06 19:41:42,353 | INFO |   Ep  31/300 | Tr loss=0.2709 mae=0.604 r2=0.464 pcc=0.701 | Vl loss=0.6529 mae=1.025 r2=-0.960 pcc=-0.319 | ES 4/100
  Ep  32/300 | Tr loss=0.2788 mae=0.598 r2=0.471 pcc=0.720 | Vl loss=0.6729 mae=1.041 r2=-1.037 pcc=-0.327 | ES 5/100
2026-06-06 19:41:43,988 | INFO |   Ep  32/300 | Tr loss=0.2788 mae=0.598 r2=0.471 pcc=0.720 | Vl loss=0.6729 mae=1.041 r2=-1.037 pcc=-0.327 | ES 5/100
  Ep  33/300 | Tr loss=0.2535 mae=0.576 r2=0.516 pcc=0.740 | Vl loss=0.6990 mae=1.071 r2=-1.135 pcc=-0.894 | ES 6/100
2026-06-06 19:41:45,638 | INFO |   Ep  33/300 | Tr loss=0.2535 mae=0.576 r2=0.516 pcc=0.740 | Vl loss=0.6990 mae=1.071 r2=-1.135 pcc=-0.894 | ES 6/100
  Ep  34/300 | Tr loss=0.2587 mae=0.594 r2=0.494 pcc=0.726 | Vl loss=0.7126 mae=1.085 r2=-1.195 pcc=-0.905 | ES 7/100
2026-06-06 19:41:47,294 | INFO |   Ep  34/300 | Tr loss=0.2587 mae=0.594 r2=0.494 pcc=0.726 | Vl loss=0.7126 mae=1.085 r2=-1.195 pcc=-0.905 | ES 7/100
  Ep  35/300 | Tr loss=0.2801 mae=0.614 r2=0.438 pcc=0.690 | Vl loss=0.6839 mae=1.067 r2=-1.074 pcc=-0.904 | ES 8/100
2026-06-06 19:41:48,944 | INFO |   Ep  35/300 | Tr loss=0.2801 mae=0.614 r2=0.438 pcc=0.690 | Vl loss=0.6839 mae=1.067 r2=-1.074 pcc=-0.904 | ES 8/100
  Ep  36/300 | Tr loss=0.2434 mae=0.562 r2=0.563 pcc=0.769 | Vl loss=0.6374 mae=1.015 r2=-0.886 pcc=-0.347 | ES 9/100
2026-06-06 19:41:50,583 | INFO |   Ep  36/300 | Tr loss=0.2434 mae=0.562 r2=0.563 pcc=0.769 | Vl loss=0.6374 mae=1.015 r2=-0.886 pcc=-0.347 | ES 9/100
  Ep  37/300 | Tr loss=0.2576 mae=0.594 r2=0.494 pcc=0.739 | Vl loss=0.6578 mae=1.022 r2=-0.966 pcc=0.728 | ES 10/100
2026-06-06 19:41:52,231 | INFO |   Ep  37/300 | Tr loss=0.2576 mae=0.594 r2=0.494 pcc=0.739 | Vl loss=0.6578 mae=1.022 r2=-0.966 pcc=0.728 | ES 10/100
  Ep  38/300 | Tr loss=0.2307 mae=0.538 r2=0.546 pcc=0.760 | Vl loss=0.6855 mae=1.051 r2=-1.079 pcc=-0.475 | ES 11/100
2026-06-06 19:41:53,888 | INFO |   Ep  38/300 | Tr loss=0.2307 mae=0.538 r2=0.546 pcc=0.760 | Vl loss=0.6855 mae=1.051 r2=-1.079 pcc=-0.475 | ES 11/100
  Ep  39/300 | Tr loss=0.2318 mae=0.546 r2=0.531 pcc=0.741 | Vl loss=0.6752 mae=1.048 r2=-1.048 pcc=-0.777 | ES 12/100
2026-06-06 19:41:55,518 | INFO |   Ep  39/300 | Tr loss=0.2318 mae=0.546 r2=0.531 pcc=0.741 | Vl loss=0.6752 mae=1.048 r2=-1.048 pcc=-0.777 | ES 12/100
  Ep  40/300 | Tr loss=0.2478 mae=0.577 r2=0.475 pcc=0.705 | Vl loss=0.6572 mae=1.039 r2=-0.984 pcc=-0.668 | ES 13/100
2026-06-06 19:41:57,173 | INFO |   Ep  40/300 | Tr loss=0.2478 mae=0.577 r2=0.475 pcc=0.705 | Vl loss=0.6572 mae=1.039 r2=-0.984 pcc=-0.668 | ES 13/100
  Ep  41/300 | Tr loss=0.2617 mae=0.596 r2=0.545 pcc=0.752 | Vl loss=0.6629 mae=1.052 r2=-0.993 pcc=-0.834 | ES 14/100
2026-06-06 19:41:58,811 | INFO |   Ep  41/300 | Tr loss=0.2617 mae=0.596 r2=0.545 pcc=0.752 | Vl loss=0.6629 mae=1.052 r2=-0.993 pcc=-0.834 | ES 14/100
  Ep  42/300 | Tr loss=0.2524 mae=0.584 r2=0.558 pcc=0.762 | Vl loss=0.6790 mae=1.067 r2=-1.050 pcc=-0.897 | ES 15/100
2026-06-06 19:42:00,497 | INFO |   Ep  42/300 | Tr loss=0.2524 mae=0.584 r2=0.558 pcc=0.762 | Vl loss=0.6790 mae=1.067 r2=-1.050 pcc=-0.897 | ES 15/100
  Ep  43/300 | Tr loss=0.2711 mae=0.592 r2=0.490 pcc=0.735 | Vl loss=0.7375 mae=1.110 r2=-1.306 pcc=-0.905 | ES 16/100
2026-06-06 19:42:02,140 | INFO |   Ep  43/300 | Tr loss=0.2711 mae=0.592 r2=0.490 pcc=0.735 | Vl loss=0.7375 mae=1.110 r2=-1.306 pcc=-0.905 | ES 16/100
  Ep  44/300 | Tr loss=0.2896 mae=0.634 r2=0.414 pcc=0.682 | Vl loss=0.7924 mae=1.161 r2=-1.556 pcc=-0.902 | ES 17/100
2026-06-06 19:42:03,780 | INFO |   Ep  44/300 | Tr loss=0.2896 mae=0.634 r2=0.414 pcc=0.682 | Vl loss=0.7924 mae=1.161 r2=-1.556 pcc=-0.902 | ES 17/100
  Ep  45/300 | Tr loss=0.2679 mae=0.592 r2=0.497 pcc=0.718 | Vl loss=0.7840 mae=1.170 r2=-1.503 pcc=-0.864 | ES 18/100
2026-06-06 19:42:05,423 | INFO |   Ep  45/300 | Tr loss=0.2679 mae=0.592 r2=0.497 pcc=0.718 | Vl loss=0.7840 mae=1.170 r2=-1.503 pcc=-0.864 | ES 18/100
  Ep  46/300 | Tr loss=0.2863 mae=0.619 r2=0.446 pcc=0.689 | Vl loss=0.7325 mae=1.122 r2=-1.274 pcc=-0.873 | ES 19/100
2026-06-06 19:42:07,067 | INFO |   Ep  46/300 | Tr loss=0.2863 mae=0.619 r2=0.446 pcc=0.689 | Vl loss=0.7325 mae=1.122 r2=-1.274 pcc=-0.873 | ES 19/100
  Ep  47/300 | Tr loss=0.2618 mae=0.585 r2=0.518 pcc=0.727 | Vl loss=0.7051 mae=1.090 r2=-1.161 pcc=-0.893 | ES 20/100
2026-06-06 19:42:08,704 | INFO |   Ep  47/300 | Tr loss=0.2618 mae=0.585 r2=0.518 pcc=0.727 | Vl loss=0.7051 mae=1.090 r2=-1.161 pcc=-0.893 | ES 20/100
  Ep  48/300 | Tr loss=0.2795 mae=0.612 r2=0.487 pcc=0.709 | Vl loss=0.6887 mae=1.065 r2=-1.095 pcc=-0.900 | ES 21/100
2026-06-06 19:42:10,377 | INFO |   Ep  48/300 | Tr loss=0.2795 mae=0.612 r2=0.487 pcc=0.709 | Vl loss=0.6887 mae=1.065 r2=-1.095 pcc=-0.900 | ES 21/100
  Ep  49/300 | Tr loss=0.2388 mae=0.574 r2=0.524 pcc=0.743 | Vl loss=0.6564 mae=1.040 r2=-0.964 pcc=-0.828 | ES 22/100
2026-06-06 19:42:12,068 | INFO |   Ep  49/300 | Tr loss=0.2388 mae=0.574 r2=0.524 pcc=0.743 | Vl loss=0.6564 mae=1.040 r2=-0.964 pcc=-0.828 | ES 22/100
  Ep  50/300 | Tr loss=0.2345 mae=0.550 r2=0.561 pcc=0.761 | Vl loss=0.6314 mae=1.006 r2=-0.862 pcc=0.369 | ES 23/100
2026-06-06 19:42:13,712 | INFO |   Ep  50/300 | Tr loss=0.2345 mae=0.550 r2=0.561 pcc=0.761 | Vl loss=0.6314 mae=1.006 r2=-0.862 pcc=0.369 | ES 23/100
  Ep  51/300 | Tr loss=0.2395 mae=0.550 r2=0.550 pcc=0.755 | Vl loss=0.6195 mae=0.993 r2=-0.814 pcc=0.863 | ES 24/100
2026-06-06 19:42:15,355 | INFO |   Ep  51/300 | Tr loss=0.2395 mae=0.550 r2=0.550 pcc=0.755 | Vl loss=0.6195 mae=0.993 r2=-0.814 pcc=0.863 | ES 24/100
  Ep  52/300 | Tr loss=0.2402 mae=0.569 r2=0.522 pcc=0.734 | Vl loss=0.6093 mae=0.982 r2=-0.777 pcc=0.820 | ES 25/100
2026-06-06 19:42:17,035 | INFO |   Ep  52/300 | Tr loss=0.2402 mae=0.569 r2=0.522 pcc=0.734 | Vl loss=0.6093 mae=0.982 r2=-0.777 pcc=0.820 | ES 25/100
  Ep  53/300 | Tr loss=0.2604 mae=0.594 r2=0.496 pcc=0.720 | Vl loss=0.6121 mae=0.991 r2=-0.786 pcc=0.702 | ES 26/100
2026-06-06 19:42:18,683 | INFO |   Ep  53/300 | Tr loss=0.2604 mae=0.594 r2=0.496 pcc=0.720 | Vl loss=0.6121 mae=0.991 r2=-0.786 pcc=0.702 | ES 26/100
  Ep  54/300 | Tr loss=0.2543 mae=0.586 r2=0.503 pcc=0.722 | Vl loss=0.6156 mae=1.009 r2=-0.795 pcc=-0.679 | ES 27/100
2026-06-06 19:42:20,321 | INFO |   Ep  54/300 | Tr loss=0.2543 mae=0.586 r2=0.503 pcc=0.722 | Vl loss=0.6156 mae=1.009 r2=-0.795 pcc=-0.679 | ES 27/100
  Ep  55/300 | Tr loss=0.2385 mae=0.556 r2=0.577 pcc=0.766 | Vl loss=0.6139 mae=1.010 r2=-0.781 pcc=-0.515 | ES 28/100
2026-06-06 19:42:21,967 | INFO |   Ep  55/300 | Tr loss=0.2385 mae=0.556 r2=0.577 pcc=0.766 | Vl loss=0.6139 mae=1.010 r2=-0.781 pcc=-0.515 | ES 28/100
  Ep  56/300 | Tr loss=0.2517 mae=0.577 r2=0.491 pcc=0.729 | Vl loss=0.6268 mae=1.017 r2=-0.834 pcc=-0.665 | ES 29/100
2026-06-06 19:42:23,599 | INFO |   Ep  56/300 | Tr loss=0.2517 mae=0.577 r2=0.491 pcc=0.729 | Vl loss=0.6268 mae=1.017 r2=-0.834 pcc=-0.665 | ES 29/100
  Ep  57/300 | Tr loss=0.2527 mae=0.585 r2=0.459 pcc=0.703 | Vl loss=0.6301 mae=1.027 r2=-0.849 pcc=-0.820 | ES 30/100
2026-06-06 19:42:25,258 | INFO |   Ep  57/300 | Tr loss=0.2527 mae=0.585 r2=0.459 pcc=0.703 | Vl loss=0.6301 mae=1.027 r2=-0.849 pcc=-0.820 | ES 30/100
  Ep  58/300 | Tr loss=0.2520 mae=0.582 r2=0.551 pcc=0.750 | Vl loss=0.5783 mae=0.974 r2=-0.667 pcc=0.277 | ES 0/100 ★
2026-06-06 19:42:26,898 | INFO |   Ep  58/300 | Tr loss=0.2520 mae=0.582 r2=0.551 pcc=0.750 | Vl loss=0.5783 mae=0.974 r2=-0.667 pcc=0.277 | ES 0/100 ★
    ★ val_mae=0.9736  rmse=1.1573  r2=-0.6667  pcc=0.2771
  Ep  59/300 | Tr loss=0.2822 mae=0.611 r2=0.489 pcc=0.709 | Vl loss=0.5622 mae=0.950 r2=-0.613 pcc=0.571 | ES 0/100 ★
2026-06-06 19:42:28,569 | INFO |   Ep  59/300 | Tr loss=0.2822 mae=0.611 r2=0.489 pcc=0.709 | Vl loss=0.5622 mae=0.950 r2=-0.613 pcc=0.571 | ES 0/100 ★
    ★ val_mae=0.9501  rmse=1.1384  r2=-0.6127  pcc=0.5707
  Ep  60/300 | Tr loss=0.2905 mae=0.621 r2=0.469 pcc=0.696 | Vl loss=0.5812 mae=0.960 r2=-0.682 pcc=0.629 | ES 1/100
2026-06-06 19:42:30,203 | INFO |   Ep  60/300 | Tr loss=0.2905 mae=0.621 r2=0.469 pcc=0.696 | Vl loss=0.5812 mae=0.960 r2=-0.682 pcc=0.629 | ES 1/100
  Ep  61/300 | Tr loss=0.2405 mae=0.558 r2=0.569 pcc=0.765 | Vl loss=0.5990 mae=0.966 r2=-0.745 pcc=0.805 | ES 2/100
2026-06-06 19:42:31,835 | INFO |   Ep  61/300 | Tr loss=0.2405 mae=0.558 r2=0.569 pcc=0.765 | Vl loss=0.5990 mae=0.966 r2=-0.745 pcc=0.805 | ES 2/100
  Ep  62/300 | Tr loss=0.2685 mae=0.600 r2=0.489 pcc=0.714 | Vl loss=0.6150 mae=0.978 r2=-0.801 pcc=0.850 | ES 3/100
2026-06-06 19:42:33,514 | INFO |   Ep  62/300 | Tr loss=0.2685 mae=0.600 r2=0.489 pcc=0.714 | Vl loss=0.6150 mae=0.978 r2=-0.801 pcc=0.850 | ES 3/100
  Ep  63/300 | Tr loss=0.2432 mae=0.559 r2=0.528 pcc=0.741 | Vl loss=0.6201 mae=0.984 r2=-0.827 pcc=0.738 | ES 4/100
2026-06-06 19:42:35,192 | INFO |   Ep  63/300 | Tr loss=0.2432 mae=0.559 r2=0.528 pcc=0.741 | Vl loss=0.6201 mae=0.984 r2=-0.827 pcc=0.738 | ES 4/100
  Ep  64/300 | Tr loss=0.2611 mae=0.563 r2=0.513 pcc=0.732 | Vl loss=0.6184 mae=0.978 r2=-0.829 pcc=0.688 | ES 5/100
2026-06-06 19:42:36,833 | INFO |   Ep  64/300 | Tr loss=0.2611 mae=0.563 r2=0.513 pcc=0.732 | Vl loss=0.6184 mae=0.978 r2=-0.829 pcc=0.688 | ES 5/100
  Ep  65/300 | Tr loss=0.2374 mae=0.552 r2=0.477 pcc=0.718 | Vl loss=0.6223 mae=0.995 r2=-0.849 pcc=0.234 | ES 6/100
2026-06-06 19:42:38,477 | INFO |   Ep  65/300 | Tr loss=0.2374 mae=0.552 r2=0.477 pcc=0.718 | Vl loss=0.6223 mae=0.995 r2=-0.849 pcc=0.234 | ES 6/100
  Ep  66/300 | Tr loss=0.2287 mae=0.547 r2=0.547 pcc=0.746 | Vl loss=0.6045 mae=0.992 r2=-0.783 pcc=-0.086 | ES 7/100
2026-06-06 19:42:40,130 | INFO |   Ep  66/300 | Tr loss=0.2287 mae=0.547 r2=0.547 pcc=0.746 | Vl loss=0.6045 mae=0.992 r2=-0.783 pcc=-0.086 | ES 7/100
  Ep  67/300 | Tr loss=0.2306 mae=0.547 r2=0.536 pcc=0.739 | Vl loss=0.6090 mae=0.991 r2=-0.797 pcc=0.034 | ES 8/100
2026-06-06 19:42:41,768 | INFO |   Ep  67/300 | Tr loss=0.2306 mae=0.547 r2=0.536 pcc=0.739 | Vl loss=0.6090 mae=0.991 r2=-0.797 pcc=0.034 | ES 8/100
  Ep  68/300 | Tr loss=0.2425 mae=0.546 r2=0.541 pcc=0.745 | Vl loss=0.6466 mae=1.025 r2=-0.926 pcc=-0.718 | ES 9/100
2026-06-06 19:42:43,412 | INFO |   Ep  68/300 | Tr loss=0.2425 mae=0.546 r2=0.541 pcc=0.745 | Vl loss=0.6466 mae=1.025 r2=-0.926 pcc=-0.718 | ES 9/100
  Ep  69/300 | Tr loss=0.2547 mae=0.571 r2=0.504 pcc=0.730 | Vl loss=0.6589 mae=1.035 r2=-0.971 pcc=-0.820 | ES 10/100
2026-06-06 19:42:45,053 | INFO |   Ep  69/300 | Tr loss=0.2547 mae=0.571 r2=0.504 pcc=0.730 | Vl loss=0.6589 mae=1.035 r2=-0.971 pcc=-0.820 | ES 10/100
  Ep  70/300 | Tr loss=0.2676 mae=0.600 r2=0.518 pcc=0.732 | Vl loss=0.6676 mae=1.040 r2=-1.005 pcc=-0.715 | ES 11/100
2026-06-06 19:42:46,760 | INFO |   Ep  70/300 | Tr loss=0.2676 mae=0.600 r2=0.518 pcc=0.732 | Vl loss=0.6676 mae=1.040 r2=-1.005 pcc=-0.715 | ES 11/100
  Ep  71/300 | Tr loss=0.2559 mae=0.561 r2=0.524 pcc=0.737 | Vl loss=0.6569 mae=1.027 r2=-0.968 pcc=0.084 | ES 12/100
2026-06-06 19:42:48,398 | INFO |   Ep  71/300 | Tr loss=0.2559 mae=0.561 r2=0.524 pcc=0.737 | Vl loss=0.6569 mae=1.027 r2=-0.968 pcc=0.084 | ES 12/100
  Ep  72/300 | Tr loss=0.2160 mae=0.524 r2=0.608 pcc=0.783 | Vl loss=0.6438 mae=1.013 r2=-0.911 pcc=0.723 | ES 13/100
2026-06-06 19:42:50,030 | INFO |   Ep  72/300 | Tr loss=0.2160 mae=0.524 r2=0.608 pcc=0.783 | Vl loss=0.6438 mae=1.013 r2=-0.911 pcc=0.723 | ES 13/100
  Ep  73/300 | Tr loss=0.2361 mae=0.558 r2=0.532 pcc=0.739 | Vl loss=0.5937 mae=0.959 r2=-0.742 pcc=0.643 | ES 14/100
2026-06-06 19:42:51,662 | INFO |   Ep  73/300 | Tr loss=0.2361 mae=0.558 r2=0.532 pcc=0.739 | Vl loss=0.5937 mae=0.959 r2=-0.742 pcc=0.643 | ES 14/100
  Ep  74/300 | Tr loss=0.2615 mae=0.593 r2=0.482 pcc=0.706 | Vl loss=0.5427 mae=0.901 r2=-0.565 pcc=0.699 | ES 0/100 ★
2026-06-06 19:42:53,354 | INFO |   Ep  74/300 | Tr loss=0.2615 mae=0.593 r2=0.482 pcc=0.706 | Vl loss=0.5427 mae=0.901 r2=-0.565 pcc=0.699 | ES 0/100 ★
    ★ val_mae=0.9005  rmse=1.1216  r2=-0.5655  pcc=0.6986
  Ep  75/300 | Tr loss=0.2400 mae=0.552 r2=0.584 pcc=0.770 | Vl loss=0.6314 mae=0.990 r2=-0.870 pcc=0.779 | ES 1/100
2026-06-06 19:42:54,983 | INFO |   Ep  75/300 | Tr loss=0.2400 mae=0.552 r2=0.584 pcc=0.770 | Vl loss=0.6314 mae=0.990 r2=-0.870 pcc=0.779 | ES 1/100
  Ep  76/300 | Tr loss=0.2426 mae=0.553 r2=0.565 pcc=0.760 | Vl loss=0.6647 mae=1.023 r2=-0.983 pcc=0.875 | ES 2/100
2026-06-06 19:42:56,637 | INFO |   Ep  76/300 | Tr loss=0.2426 mae=0.553 r2=0.565 pcc=0.760 | Vl loss=0.6647 mae=1.023 r2=-0.983 pcc=0.875 | ES 2/100
  Ep  77/300 | Tr loss=0.2505 mae=0.554 r2=0.494 pcc=0.721 | Vl loss=0.6475 mae=1.006 r2=-0.921 pcc=0.855 | ES 3/100
2026-06-06 19:42:58,267 | INFO |   Ep  77/300 | Tr loss=0.2505 mae=0.554 r2=0.494 pcc=0.721 | Vl loss=0.6475 mae=1.006 r2=-0.921 pcc=0.855 | ES 3/100
  Ep  78/300 | Tr loss=0.2674 mae=0.584 r2=0.536 pcc=0.737 | Vl loss=0.6370 mae=0.995 r2=-0.882 pcc=0.871 | ES 4/100
2026-06-06 19:42:59,897 | INFO |   Ep  78/300 | Tr loss=0.2674 mae=0.584 r2=0.536 pcc=0.737 | Vl loss=0.6370 mae=0.995 r2=-0.882 pcc=0.871 | ES 4/100
  Ep  79/300 | Tr loss=0.2614 mae=0.572 r2=0.554 pcc=0.748 | Vl loss=0.6240 mae=0.984 r2=-0.834 pcc=0.850 | ES 5/100
2026-06-06 19:43:01,549 | INFO |   Ep  79/300 | Tr loss=0.2614 mae=0.572 r2=0.554 pcc=0.748 | Vl loss=0.6240 mae=0.984 r2=-0.834 pcc=0.850 | ES 5/100
  Ep  80/300 | Tr loss=0.2257 mae=0.541 r2=0.561 pcc=0.761 | Vl loss=0.5938 mae=0.961 r2=-0.727 pcc=0.790 | ES 6/100
2026-06-06 19:43:03,178 | INFO |   Ep  80/300 | Tr loss=0.2257 mae=0.541 r2=0.561 pcc=0.761 | Vl loss=0.5938 mae=0.961 r2=-0.727 pcc=0.790 | ES 6/100
  Ep  81/300 | Tr loss=0.2422 mae=0.554 r2=0.555 pcc=0.758 | Vl loss=0.5890 mae=0.958 r2=-0.711 pcc=0.764 | ES 7/100
2026-06-06 19:43:04,812 | INFO |   Ep  81/300 | Tr loss=0.2422 mae=0.554 r2=0.555 pcc=0.758 | Vl loss=0.5890 mae=0.958 r2=-0.711 pcc=0.764 | ES 7/100
  Ep  82/300 | Tr loss=0.2255 mae=0.538 r2=0.554 pcc=0.757 | Vl loss=0.6086 mae=0.979 r2=-0.779 pcc=0.766 | ES 8/100
2026-06-06 19:43:06,448 | INFO |   Ep  82/300 | Tr loss=0.2255 mae=0.538 r2=0.554 pcc=0.757 | Vl loss=0.6086 mae=0.979 r2=-0.779 pcc=0.766 | ES 8/100
  Ep  83/300 | Tr loss=0.2656 mae=0.598 r2=0.515 pcc=0.727 | Vl loss=0.6175 mae=0.988 r2=-0.810 pcc=0.783 | ES 9/100
2026-06-06 19:43:08,101 | INFO |   Ep  83/300 | Tr loss=0.2656 mae=0.598 r2=0.515 pcc=0.727 | Vl loss=0.6175 mae=0.988 r2=-0.810 pcc=0.783 | ES 9/100
  Ep  84/300 | Tr loss=0.1790 mae=0.475 r2=0.629 pcc=0.798 | Vl loss=0.6073 mae=0.978 r2=-0.776 pcc=0.717 | ES 10/100
2026-06-06 19:43:09,732 | INFO |   Ep  84/300 | Tr loss=0.1790 mae=0.475 r2=0.629 pcc=0.798 | Vl loss=0.6073 mae=0.978 r2=-0.776 pcc=0.717 | ES 10/100
  Ep  85/300 | Tr loss=0.2486 mae=0.567 r2=0.468 pcc=0.701 | Vl loss=0.5570 mae=0.928 r2=-0.605 pcc=0.645 | ES 11/100
2026-06-06 19:43:11,390 | INFO |   Ep  85/300 | Tr loss=0.2486 mae=0.567 r2=0.468 pcc=0.701 | Vl loss=0.5570 mae=0.928 r2=-0.605 pcc=0.645 | ES 11/100
  Ep  86/300 | Tr loss=0.2067 mae=0.514 r2=0.629 pcc=0.795 | Vl loss=0.5974 mae=0.970 r2=-0.743 pcc=0.650 | ES 12/100
2026-06-06 19:43:13,026 | INFO |   Ep  86/300 | Tr loss=0.2067 mae=0.514 r2=0.629 pcc=0.795 | Vl loss=0.5974 mae=0.970 r2=-0.743 pcc=0.650 | ES 12/100
  Ep  87/300 | Tr loss=0.2516 mae=0.570 r2=0.519 pcc=0.725 | Vl loss=0.5779 mae=0.949 r2=-0.673 pcc=0.721 | ES 13/100
2026-06-06 19:43:14,674 | INFO |   Ep  87/300 | Tr loss=0.2516 mae=0.570 r2=0.519 pcc=0.725 | Vl loss=0.5779 mae=0.949 r2=-0.673 pcc=0.721 | ES 13/100
  Ep  88/300 | Tr loss=0.2434 mae=0.560 r2=0.549 pcc=0.746 | Vl loss=0.6014 mae=0.969 r2=-0.753 pcc=0.811 | ES 14/100
2026-06-06 19:43:16,335 | INFO |   Ep  88/300 | Tr loss=0.2434 mae=0.560 r2=0.549 pcc=0.746 | Vl loss=0.6014 mae=0.969 r2=-0.753 pcc=0.811 | ES 14/100
  Ep  89/300 | Tr loss=0.2460 mae=0.550 r2=0.506 pcc=0.721 | Vl loss=0.5989 mae=0.958 r2=-0.741 pcc=0.850 | ES 15/100
2026-06-06 19:43:18,001 | INFO |   Ep  89/300 | Tr loss=0.2460 mae=0.550 r2=0.506 pcc=0.721 | Vl loss=0.5989 mae=0.958 r2=-0.741 pcc=0.850 | ES 15/100
  Ep  90/300 | Tr loss=0.2556 mae=0.578 r2=0.512 pcc=0.723 | Vl loss=0.5788 mae=0.941 r2=-0.672 pcc=0.819 | ES 16/100
2026-06-06 19:43:19,661 | INFO |   Ep  90/300 | Tr loss=0.2556 mae=0.578 r2=0.512 pcc=0.723 | Vl loss=0.5788 mae=0.941 r2=-0.672 pcc=0.819 | ES 16/100
  Ep  91/300 | Tr loss=0.2419 mae=0.566 r2=0.498 pcc=0.722 | Vl loss=0.5632 mae=0.930 r2=-0.619 pcc=0.777 | ES 17/100
2026-06-06 19:43:21,349 | INFO |   Ep  91/300 | Tr loss=0.2419 mae=0.566 r2=0.498 pcc=0.722 | Vl loss=0.5632 mae=0.930 r2=-0.619 pcc=0.777 | ES 17/100
  Ep  92/300 | Tr loss=0.2626 mae=0.580 r2=0.498 pcc=0.716 | Vl loss=0.5770 mae=0.945 r2=-0.667 pcc=0.776 | ES 18/100
2026-06-06 19:43:23,008 | INFO |   Ep  92/300 | Tr loss=0.2626 mae=0.580 r2=0.498 pcc=0.716 | Vl loss=0.5770 mae=0.945 r2=-0.667 pcc=0.776 | ES 18/100
  Ep  93/300 | Tr loss=0.2544 mae=0.556 r2=0.525 pcc=0.729 | Vl loss=0.5627 mae=0.928 r2=-0.617 pcc=0.785 | ES 19/100
2026-06-06 19:43:24,641 | INFO |   Ep  93/300 | Tr loss=0.2544 mae=0.556 r2=0.525 pcc=0.729 | Vl loss=0.5627 mae=0.928 r2=-0.617 pcc=0.785 | ES 19/100
  Ep  94/300 | Tr loss=0.2350 mae=0.547 r2=0.522 pcc=0.729 | Vl loss=0.4690 mae=0.833 r2=-0.308 pcc=0.734 | ES 0/100 ★
2026-06-06 19:43:26,280 | INFO |   Ep  94/300 | Tr loss=0.2350 mae=0.547 r2=0.522 pcc=0.729 | Vl loss=0.4690 mae=0.833 r2=-0.308 pcc=0.734 | ES 0/100 ★
    ★ val_mae=0.8327  rmse=1.0254  r2=-0.3083  pcc=0.7339
  Ep  95/300 | Tr loss=0.2426 mae=0.561 r2=0.531 pcc=0.733 | Vl loss=0.5822 mae=0.950 r2=-0.686 pcc=0.783 | ES 1/100
2026-06-06 19:43:27,915 | INFO |   Ep  95/300 | Tr loss=0.2426 mae=0.561 r2=0.531 pcc=0.733 | Vl loss=0.5822 mae=0.950 r2=-0.686 pcc=0.783 | ES 1/100
  Ep  96/300 | Tr loss=0.2129 mae=0.511 r2=0.591 pcc=0.775 | Vl loss=0.6241 mae=0.984 r2=-0.835 pcc=0.844 | ES 2/100
2026-06-06 19:43:29,568 | INFO |   Ep  96/300 | Tr loss=0.2129 mae=0.511 r2=0.591 pcc=0.775 | Vl loss=0.6241 mae=0.984 r2=-0.835 pcc=0.844 | ES 2/100
  Ep  97/300 | Tr loss=0.2332 mae=0.540 r2=0.550 pcc=0.748 | Vl loss=0.5860 mae=0.944 r2=-0.693 pcc=0.833 | ES 3/100
2026-06-06 19:43:31,205 | INFO |   Ep  97/300 | Tr loss=0.2332 mae=0.540 r2=0.550 pcc=0.748 | Vl loss=0.5860 mae=0.944 r2=-0.693 pcc=0.833 | ES 3/100
  Ep  98/300 | Tr loss=0.2733 mae=0.585 r2=0.539 pcc=0.740 | Vl loss=0.5479 mae=0.903 r2=-0.565 pcc=0.807 | ES 4/100
2026-06-06 19:43:32,870 | INFO |   Ep  98/300 | Tr loss=0.2733 mae=0.585 r2=0.539 pcc=0.740 | Vl loss=0.5479 mae=0.903 r2=-0.565 pcc=0.807 | ES 4/100
  Ep  99/300 | Tr loss=0.2297 mae=0.524 r2=0.556 pcc=0.757 | Vl loss=0.5348 mae=0.891 r2=-0.525 pcc=0.789 | ES 5/100
2026-06-06 19:43:34,510 | INFO |   Ep  99/300 | Tr loss=0.2297 mae=0.524 r2=0.556 pcc=0.757 | Vl loss=0.5348 mae=0.891 r2=-0.525 pcc=0.789 | ES 5/100
  Ep 100/300 | Tr loss=0.2355 mae=0.534 r2=0.551 pcc=0.746 | Vl loss=0.4102 mae=0.756 r2=-0.132 pcc=0.762 | ES 0/100 ★
2026-06-06 19:43:36,182 | INFO |   Ep 100/300 | Tr loss=0.2355 mae=0.534 r2=0.551 pcc=0.746 | Vl loss=0.4102 mae=0.756 r2=-0.132 pcc=0.762 | ES 0/100 ★
    ★ val_mae=0.7556  rmse=0.9538  r2=-0.1320  pcc=0.7622
  Ep 101/300 | Tr loss=0.2336 mae=0.538 r2=0.577 pcc=0.764 | Vl loss=0.3853 mae=0.726 r2=-0.056 pcc=0.765 | ES 0/100 ★
2026-06-06 19:43:37,896 | INFO |   Ep 101/300 | Tr loss=0.2336 mae=0.538 r2=0.577 pcc=0.764 | Vl loss=0.3853 mae=0.726 r2=-0.056 pcc=0.765 | ES 0/100 ★
    ★ val_mae=0.7258  rmse=0.9212  r2=-0.0559  pcc=0.7655
  Ep 102/300 | Tr loss=0.2609 mae=0.594 r2=0.492 pcc=0.707 | Vl loss=0.4456 mae=0.798 r2=-0.235 pcc=0.772 | ES 1/100
2026-06-06 19:43:39,630 | INFO |   Ep 102/300 | Tr loss=0.2609 mae=0.594 r2=0.492 pcc=0.707 | Vl loss=0.4456 mae=0.798 r2=-0.235 pcc=0.772 | ES 1/100
  Ep 103/300 | Tr loss=0.2235 mae=0.531 r2=0.534 pcc=0.735 | Vl loss=0.5082 mae=0.872 r2=-0.430 pcc=0.787 | ES 2/100
2026-06-06 19:43:41,283 | INFO |   Ep 103/300 | Tr loss=0.2235 mae=0.531 r2=0.534 pcc=0.735 | Vl loss=0.5082 mae=0.872 r2=-0.430 pcc=0.787 | ES 2/100
  Ep 104/300 | Tr loss=0.2205 mae=0.535 r2=0.580 pcc=0.767 | Vl loss=0.5822 mae=0.952 r2=-0.689 pcc=0.716 | ES 3/100
2026-06-06 19:43:42,932 | INFO |   Ep 104/300 | Tr loss=0.2205 mae=0.535 r2=0.580 pcc=0.767 | Vl loss=0.5822 mae=0.952 r2=-0.689 pcc=0.716 | ES 3/100
  Ep 105/300 | Tr loss=0.2222 mae=0.523 r2=0.592 pcc=0.775 | Vl loss=0.6011 mae=0.971 r2=-0.754 pcc=0.725 | ES 4/100
2026-06-06 19:43:44,587 | INFO |   Ep 105/300 | Tr loss=0.2222 mae=0.523 r2=0.592 pcc=0.775 | Vl loss=0.6011 mae=0.971 r2=-0.754 pcc=0.725 | ES 4/100
  Ep 106/300 | Tr loss=0.2251 mae=0.551 r2=0.546 pcc=0.749 | Vl loss=0.5918 mae=0.958 r2=-0.723 pcc=0.752 | ES 5/100
2026-06-06 19:43:46,262 | INFO |   Ep 106/300 | Tr loss=0.2251 mae=0.551 r2=0.546 pcc=0.749 | Vl loss=0.5918 mae=0.958 r2=-0.723 pcc=0.752 | ES 5/100
  Ep 107/300 | Tr loss=0.2387 mae=0.553 r2=0.545 pcc=0.744 | Vl loss=0.5949 mae=0.958 r2=-0.734 pcc=0.768 | ES 6/100
2026-06-06 19:43:47,907 | INFO |   Ep 107/300 | Tr loss=0.2387 mae=0.553 r2=0.545 pcc=0.744 | Vl loss=0.5949 mae=0.958 r2=-0.734 pcc=0.768 | ES 6/100
  Ep 108/300 | Tr loss=0.2321 mae=0.547 r2=0.566 pcc=0.758 | Vl loss=0.5958 mae=0.956 r2=-0.737 pcc=0.775 | ES 7/100
2026-06-06 19:43:49,543 | INFO |   Ep 108/300 | Tr loss=0.2321 mae=0.547 r2=0.566 pcc=0.758 | Vl loss=0.5958 mae=0.956 r2=-0.737 pcc=0.775 | ES 7/100
  Ep 109/300 | Tr loss=0.1974 mae=0.481 r2=0.641 pcc=0.805 | Vl loss=0.5987 mae=0.960 r2=-0.751 pcc=0.758 | ES 8/100
2026-06-06 19:43:51,190 | INFO |   Ep 109/300 | Tr loss=0.1974 mae=0.481 r2=0.641 pcc=0.805 | Vl loss=0.5987 mae=0.960 r2=-0.751 pcc=0.758 | ES 8/100
  Ep 110/300 | Tr loss=0.2360 mae=0.544 r2=0.523 pcc=0.745 | Vl loss=0.6208 mae=0.980 r2=-0.830 pcc=0.765 | ES 9/100
2026-06-06 19:43:52,824 | INFO |   Ep 110/300 | Tr loss=0.2360 mae=0.544 r2=0.523 pcc=0.745 | Vl loss=0.6208 mae=0.980 r2=-0.830 pcc=0.765 | ES 9/100
  Ep 111/300 | Tr loss=0.2328 mae=0.540 r2=0.511 pcc=0.729 | Vl loss=0.5979 mae=0.960 r2=-0.744 pcc=0.782 | ES 10/100
2026-06-06 19:43:54,532 | INFO |   Ep 111/300 | Tr loss=0.2328 mae=0.540 r2=0.511 pcc=0.729 | Vl loss=0.5979 mae=0.960 r2=-0.744 pcc=0.782 | ES 10/100
  Ep 112/300 | Tr loss=0.2300 mae=0.537 r2=0.586 pcc=0.766 | Vl loss=0.6023 mae=0.969 r2=-0.754 pcc=0.823 | ES 11/100
2026-06-06 19:43:56,179 | INFO |   Ep 112/300 | Tr loss=0.2300 mae=0.537 r2=0.586 pcc=0.766 | Vl loss=0.6023 mae=0.969 r2=-0.754 pcc=0.823 | ES 11/100
  Ep 113/300 | Tr loss=0.2179 mae=0.525 r2=0.579 pcc=0.767 | Vl loss=0.5858 mae=0.953 r2=-0.696 pcc=0.805 | ES 12/100
2026-06-06 19:43:57,820 | INFO |   Ep 113/300 | Tr loss=0.2179 mae=0.525 r2=0.579 pcc=0.767 | Vl loss=0.5858 mae=0.953 r2=-0.696 pcc=0.805 | ES 12/100
  Ep 114/300 | Tr loss=0.2660 mae=0.579 r2=0.526 pcc=0.728 | Vl loss=0.5912 mae=0.955 r2=-0.715 pcc=0.816 | ES 13/100
2026-06-06 19:43:59,467 | INFO |   Ep 114/300 | Tr loss=0.2660 mae=0.579 r2=0.526 pcc=0.728 | Vl loss=0.5912 mae=0.955 r2=-0.715 pcc=0.816 | ES 13/100
  Ep 115/300 | Tr loss=0.2560 mae=0.567 r2=0.534 pcc=0.733 | Vl loss=0.6173 mae=0.976 r2=-0.808 pcc=0.860 | ES 14/100
2026-06-06 19:44:01,105 | INFO |   Ep 115/300 | Tr loss=0.2560 mae=0.567 r2=0.534 pcc=0.733 | Vl loss=0.6173 mae=0.976 r2=-0.808 pcc=0.860 | ES 14/100
  Ep 116/300 | Tr loss=0.2288 mae=0.530 r2=0.566 pcc=0.761 | Vl loss=0.6239 mae=0.980 r2=-0.832 pcc=0.856 | ES 15/100
2026-06-06 19:44:02,738 | INFO |   Ep 116/300 | Tr loss=0.2288 mae=0.530 r2=0.566 pcc=0.761 | Vl loss=0.6239 mae=0.980 r2=-0.832 pcc=0.856 | ES 15/100
  Ep 117/300 | Tr loss=0.2435 mae=0.555 r2=0.533 pcc=0.738 | Vl loss=0.6125 mae=0.970 r2=-0.791 pcc=0.846 | ES 16/100
2026-06-06 19:44:04,374 | INFO |   Ep 117/300 | Tr loss=0.2435 mae=0.555 r2=0.533 pcc=0.738 | Vl loss=0.6125 mae=0.970 r2=-0.791 pcc=0.846 | ES 16/100
  Ep 118/300 | Tr loss=0.2483 mae=0.568 r2=0.515 pcc=0.726 | Vl loss=0.5554 mae=0.912 r2=-0.589 pcc=0.821 | ES 17/100
2026-06-06 19:44:06,026 | INFO |   Ep 118/300 | Tr loss=0.2483 mae=0.568 r2=0.515 pcc=0.726 | Vl loss=0.5554 mae=0.912 r2=-0.589 pcc=0.821 | ES 17/100
  Ep 119/300 | Tr loss=0.2445 mae=0.559 r2=0.545 pcc=0.742 | Vl loss=0.6234 mae=0.980 r2=-0.826 pcc=0.858 | ES 18/100
2026-06-06 19:44:07,711 | INFO |   Ep 119/300 | Tr loss=0.2445 mae=0.559 r2=0.545 pcc=0.742 | Vl loss=0.6234 mae=0.980 r2=-0.826 pcc=0.858 | ES 18/100
  Ep 120/300 | Tr loss=0.2422 mae=0.551 r2=0.519 pcc=0.728 | Vl loss=0.6430 mae=0.998 r2=-0.892 pcc=0.868 | ES 19/100
2026-06-06 19:44:09,364 | INFO |   Ep 120/300 | Tr loss=0.2422 mae=0.551 r2=0.519 pcc=0.728 | Vl loss=0.6430 mae=0.998 r2=-0.892 pcc=0.868 | ES 19/100
  Ep 121/300 | Tr loss=0.2391 mae=0.529 r2=0.544 pcc=0.756 | Vl loss=0.6467 mae=1.002 r2=-0.906 pcc=0.869 | ES 20/100
2026-06-06 19:44:11,004 | INFO |   Ep 121/300 | Tr loss=0.2391 mae=0.529 r2=0.544 pcc=0.756 | Vl loss=0.6467 mae=1.002 r2=-0.906 pcc=0.869 | ES 20/100
  Ep 122/300 | Tr loss=0.2380 mae=0.531 r2=0.548 pcc=0.748 | Vl loss=0.6078 mae=0.965 r2=-0.764 pcc=0.873 | ES 21/100
2026-06-06 19:44:12,636 | INFO |   Ep 122/300 | Tr loss=0.2380 mae=0.531 r2=0.548 pcc=0.748 | Vl loss=0.6078 mae=0.965 r2=-0.764 pcc=0.873 | ES 21/100
  Ep 123/300 | Tr loss=0.2381 mae=0.525 r2=0.572 pcc=0.760 | Vl loss=0.6150 mae=0.972 r2=-0.789 pcc=0.883 | ES 22/100
2026-06-06 19:44:14,282 | INFO |   Ep 123/300 | Tr loss=0.2381 mae=0.525 r2=0.572 pcc=0.760 | Vl loss=0.6150 mae=0.972 r2=-0.789 pcc=0.883 | ES 22/100
  Ep 124/300 | Tr loss=0.2551 mae=0.564 r2=0.520 pcc=0.730 | Vl loss=0.6147 mae=0.972 r2=-0.789 pcc=0.887 | ES 23/100
2026-06-06 19:44:15,911 | INFO |   Ep 124/300 | Tr loss=0.2551 mae=0.564 r2=0.520 pcc=0.730 | Vl loss=0.6147 mae=0.972 r2=-0.789 pcc=0.887 | ES 23/100
  Ep 125/300 | Tr loss=0.2240 mae=0.515 r2=0.565 pcc=0.757 | Vl loss=0.6158 mae=0.973 r2=-0.794 pcc=0.887 | ES 24/100
2026-06-06 19:44:17,537 | INFO |   Ep 125/300 | Tr loss=0.2240 mae=0.515 r2=0.565 pcc=0.757 | Vl loss=0.6158 mae=0.973 r2=-0.794 pcc=0.887 | ES 24/100
  Ep 126/300 | Tr loss=0.2509 mae=0.568 r2=0.575 pcc=0.762 | Vl loss=0.6186 mae=0.975 r2=-0.803 pcc=0.884 | ES 25/100
2026-06-06 19:44:19,168 | INFO |   Ep 126/300 | Tr loss=0.2509 mae=0.568 r2=0.575 pcc=0.762 | Vl loss=0.6186 mae=0.975 r2=-0.803 pcc=0.884 | ES 25/100
  Ep 127/300 | Tr loss=0.2374 mae=0.547 r2=0.562 pcc=0.752 | Vl loss=0.6157 mae=0.972 r2=-0.791 pcc=0.873 | ES 26/100
2026-06-06 19:44:20,795 | INFO |   Ep 127/300 | Tr loss=0.2374 mae=0.547 r2=0.562 pcc=0.752 | Vl loss=0.6157 mae=0.972 r2=-0.791 pcc=0.873 | ES 26/100
  Ep 128/300 | Tr loss=0.2471 mae=0.553 r2=0.488 pcc=0.718 | Vl loss=0.6078 mae=0.963 r2=-0.762 pcc=0.868 | ES 27/100
2026-06-06 19:44:22,427 | INFO |   Ep 128/300 | Tr loss=0.2471 mae=0.553 r2=0.488 pcc=0.718 | Vl loss=0.6078 mae=0.963 r2=-0.762 pcc=0.868 | ES 27/100
  Ep 129/300 | Tr loss=0.2542 mae=0.565 r2=0.554 pcc=0.749 | Vl loss=0.6328 mae=0.988 r2=-0.852 pcc=0.880 | ES 28/100
2026-06-06 19:44:24,075 | INFO |   Ep 129/300 | Tr loss=0.2542 mae=0.565 r2=0.554 pcc=0.749 | Vl loss=0.6328 mae=0.988 r2=-0.852 pcc=0.880 | ES 28/100
  Ep 130/300 | Tr loss=0.2145 mae=0.514 r2=0.569 pcc=0.763 | Vl loss=0.6378 mae=0.993 r2=-0.872 pcc=0.882 | ES 29/100
2026-06-06 19:44:25,709 | INFO |   Ep 130/300 | Tr loss=0.2145 mae=0.514 r2=0.569 pcc=0.763 | Vl loss=0.6378 mae=0.993 r2=-0.872 pcc=0.882 | ES 29/100
  Ep 131/300 | Tr loss=0.2329 mae=0.545 r2=0.578 pcc=0.766 | Vl loss=0.6494 mae=1.004 r2=-0.916 pcc=0.879 | ES 30/100
2026-06-06 19:44:27,340 | INFO |   Ep 131/300 | Tr loss=0.2329 mae=0.545 r2=0.578 pcc=0.766 | Vl loss=0.6494 mae=1.004 r2=-0.916 pcc=0.879 | ES 30/100
  Ep 132/300 | Tr loss=0.2307 mae=0.532 r2=0.526 pcc=0.734 | Vl loss=0.6070 mae=0.964 r2=-0.754 pcc=0.873 | ES 31/100
2026-06-06 19:44:28,971 | INFO |   Ep 132/300 | Tr loss=0.2307 mae=0.532 r2=0.526 pcc=0.734 | Vl loss=0.6070 mae=0.964 r2=-0.754 pcc=0.873 | ES 31/100
  Ep 133/300 | Tr loss=0.2276 mae=0.527 r2=0.601 pcc=0.778 | Vl loss=0.6368 mae=1.007 r2=-0.856 pcc=0.876 | ES 32/100
2026-06-06 19:44:30,607 | INFO |   Ep 133/300 | Tr loss=0.2276 mae=0.527 r2=0.601 pcc=0.778 | Vl loss=0.6368 mae=1.007 r2=-0.856 pcc=0.876 | ES 32/100
  Ep 134/300 | Tr loss=0.1930 mae=0.469 r2=0.615 pcc=0.803 | Vl loss=0.6345 mae=1.006 r2=-0.847 pcc=0.877 | ES 33/100
2026-06-06 19:44:32,265 | INFO |   Ep 134/300 | Tr loss=0.1930 mae=0.469 r2=0.615 pcc=0.803 | Vl loss=0.6345 mae=1.006 r2=-0.847 pcc=0.877 | ES 33/100
  Ep 135/300 | Tr loss=0.2319 mae=0.535 r2=0.563 pcc=0.756 | Vl loss=0.6157 mae=0.970 r2=-0.787 pcc=0.878 | ES 34/100
2026-06-06 19:44:33,911 | INFO |   Ep 135/300 | Tr loss=0.2319 mae=0.535 r2=0.563 pcc=0.756 | Vl loss=0.6157 mae=0.970 r2=-0.787 pcc=0.878 | ES 34/100
  Ep 136/300 | Tr loss=0.2129 mae=0.517 r2=0.621 pcc=0.791 | Vl loss=0.6320 mae=0.986 r2=-0.849 pcc=0.880 | ES 35/100
2026-06-06 19:44:35,589 | INFO |   Ep 136/300 | Tr loss=0.2129 mae=0.517 r2=0.621 pcc=0.791 | Vl loss=0.6320 mae=0.986 r2=-0.849 pcc=0.880 | ES 35/100
  Ep 137/300 | Tr loss=0.2289 mae=0.524 r2=0.551 pcc=0.746 | Vl loss=0.6314 mae=0.991 r2=-0.843 pcc=0.873 | ES 36/100
2026-06-06 19:44:37,348 | INFO |   Ep 137/300 | Tr loss=0.2289 mae=0.524 r2=0.551 pcc=0.746 | Vl loss=0.6314 mae=0.991 r2=-0.843 pcc=0.873 | ES 36/100
  Ep 138/300 | Tr loss=0.2045 mae=0.497 r2=0.611 pcc=0.785 | Vl loss=0.6525 mae=1.024 r2=-0.914 pcc=0.877 | ES 37/100
2026-06-06 19:44:39,055 | INFO |   Ep 138/300 | Tr loss=0.2045 mae=0.497 r2=0.611 pcc=0.785 | Vl loss=0.6525 mae=1.024 r2=-0.914 pcc=0.877 | ES 37/100
  Ep 139/300 | Tr loss=0.2305 mae=0.532 r2=0.551 pcc=0.749 | Vl loss=0.6275 mae=0.989 r2=-0.830 pcc=0.867 | ES 38/100
2026-06-06 19:44:40,753 | INFO |   Ep 139/300 | Tr loss=0.2305 mae=0.532 r2=0.551 pcc=0.749 | Vl loss=0.6275 mae=0.989 r2=-0.830 pcc=0.867 | ES 38/100
  Ep 140/300 | Tr loss=0.2858 mae=0.589 r2=0.493 pcc=0.713 | Vl loss=0.6286 mae=0.983 r2=-0.843 pcc=0.863 | ES 39/100
2026-06-06 19:44:42,381 | INFO |   Ep 140/300 | Tr loss=0.2858 mae=0.589 r2=0.493 pcc=0.713 | Vl loss=0.6286 mae=0.983 r2=-0.843 pcc=0.863 | ES 39/100
  Ep 141/300 | Tr loss=0.2463 mae=0.561 r2=0.504 pcc=0.720 | Vl loss=0.6315 mae=0.986 r2=-0.854 pcc=0.865 | ES 40/100
2026-06-06 19:44:44,025 | INFO |   Ep 141/300 | Tr loss=0.2463 mae=0.561 r2=0.504 pcc=0.720 | Vl loss=0.6315 mae=0.986 r2=-0.854 pcc=0.865 | ES 40/100
  Ep 142/300 | Tr loss=0.2361 mae=0.542 r2=0.530 pcc=0.733 | Vl loss=0.6222 mae=0.976 r2=-0.819 pcc=0.866 | ES 41/100
2026-06-06 19:44:45,677 | INFO |   Ep 142/300 | Tr loss=0.2361 mae=0.542 r2=0.530 pcc=0.733 | Vl loss=0.6222 mae=0.976 r2=-0.819 pcc=0.866 | ES 41/100
  Ep 143/300 | Tr loss=0.2279 mae=0.542 r2=0.583 pcc=0.764 | Vl loss=0.6249 mae=0.979 r2=-0.828 pcc=0.870 | ES 42/100
2026-06-06 19:44:47,318 | INFO |   Ep 143/300 | Tr loss=0.2279 mae=0.542 r2=0.583 pcc=0.764 | Vl loss=0.6249 mae=0.979 r2=-0.828 pcc=0.870 | ES 42/100
  Ep 144/300 | Tr loss=0.2341 mae=0.530 r2=0.555 pcc=0.749 | Vl loss=0.6345 mae=0.986 r2=-0.862 pcc=0.871 | ES 43/100
2026-06-06 19:44:49,054 | INFO |   Ep 144/300 | Tr loss=0.2341 mae=0.530 r2=0.555 pcc=0.749 | Vl loss=0.6345 mae=0.986 r2=-0.862 pcc=0.871 | ES 43/100
  Ep 145/300 | Tr loss=0.2479 mae=0.553 r2=0.527 pcc=0.728 | Vl loss=0.6311 mae=0.982 r2=-0.851 pcc=0.862 | ES 44/100
2026-06-06 19:44:50,725 | INFO |   Ep 145/300 | Tr loss=0.2479 mae=0.553 r2=0.527 pcc=0.728 | Vl loss=0.6311 mae=0.982 r2=-0.851 pcc=0.862 | ES 44/100
  Ep 146/300 | Tr loss=0.2400 mae=0.549 r2=0.584 pcc=0.764 | Vl loss=0.6535 mae=1.007 r2=-0.941 pcc=0.849 | ES 45/100
2026-06-06 19:44:52,373 | INFO |   Ep 146/300 | Tr loss=0.2400 mae=0.549 r2=0.584 pcc=0.764 | Vl loss=0.6535 mae=1.007 r2=-0.941 pcc=0.849 | ES 45/100
  Ep 147/300 | Tr loss=0.2312 mae=0.530 r2=0.564 pcc=0.756 | Vl loss=0.6252 mae=0.980 r2=-0.836 pcc=0.841 | ES 46/100
2026-06-06 19:44:54,025 | INFO |   Ep 147/300 | Tr loss=0.2312 mae=0.530 r2=0.564 pcc=0.756 | Vl loss=0.6252 mae=0.980 r2=-0.836 pcc=0.841 | ES 46/100
  Ep 148/300 | Tr loss=0.2634 mae=0.574 r2=0.510 pcc=0.726 | Vl loss=0.6252 mae=0.981 r2=-0.841 pcc=0.821 | ES 47/100
2026-06-06 19:44:55,700 | INFO |   Ep 148/300 | Tr loss=0.2634 mae=0.574 r2=0.510 pcc=0.726 | Vl loss=0.6252 mae=0.981 r2=-0.841 pcc=0.821 | ES 47/100
  Ep 149/300 | Tr loss=0.2253 mae=0.525 r2=0.568 pcc=0.757 | Vl loss=0.6257 mae=0.980 r2=-0.841 pcc=0.826 | ES 48/100
2026-06-06 19:44:57,337 | INFO |   Ep 149/300 | Tr loss=0.2253 mae=0.525 r2=0.568 pcc=0.757 | Vl loss=0.6257 mae=0.980 r2=-0.841 pcc=0.826 | ES 48/100
  Ep 150/300 | Tr loss=0.2161 mae=0.515 r2=0.563 pcc=0.758 | Vl loss=0.6232 mae=0.978 r2=-0.830 pcc=0.837 | ES 49/100
2026-06-06 19:44:58,989 | INFO |   Ep 150/300 | Tr loss=0.2161 mae=0.515 r2=0.563 pcc=0.758 | Vl loss=0.6232 mae=0.978 r2=-0.830 pcc=0.837 | ES 49/100
  Ep 151/300 | Tr loss=0.2316 mae=0.518 r2=0.539 pcc=0.741 | Vl loss=0.5964 mae=0.950 r2=-0.731 pcc=0.847 | ES 50/100
2026-06-06 19:45:00,630 | INFO |   Ep 151/300 | Tr loss=0.2316 mae=0.518 r2=0.539 pcc=0.741 | Vl loss=0.5964 mae=0.950 r2=-0.731 pcc=0.847 | ES 50/100
Epoch 00152: reducing learning rate of group 0 to 5.0000e-05.
  Ep 152/300 | Tr loss=0.2233 mae=0.532 r2=0.576 pcc=0.760 | Vl loss=0.5883 mae=0.943 r2=-0.698 pcc=0.854 | ES 51/100
2026-06-06 19:45:02,277 | INFO |   Ep 152/300 | Tr loss=0.2233 mae=0.532 r2=0.576 pcc=0.760 | Vl loss=0.5883 mae=0.943 r2=-0.698 pcc=0.854 | ES 51/100
  Ep 153/300 | Tr loss=0.2109 mae=0.515 r2=0.582 pcc=0.768 | Vl loss=0.5743 mae=0.928 r2=-0.644 pcc=0.863 | ES 52/100
2026-06-06 19:45:03,917 | INFO |   Ep 153/300 | Tr loss=0.2109 mae=0.515 r2=0.582 pcc=0.768 | Vl loss=0.5743 mae=0.928 r2=-0.644 pcc=0.863 | ES 52/100
  Ep 154/300 | Tr loss=0.2193 mae=0.520 r2=0.562 pcc=0.757 | Vl loss=0.5746 mae=0.928 r2=-0.641 pcc=0.867 | ES 53/100
2026-06-06 19:45:05,560 | INFO |   Ep 154/300 | Tr loss=0.2193 mae=0.520 r2=0.562 pcc=0.757 | Vl loss=0.5746 mae=0.928 r2=-0.641 pcc=0.867 | ES 53/100
  Ep 155/300 | Tr loss=0.2460 mae=0.552 r2=0.543 pcc=0.740 | Vl loss=0.5934 mae=0.950 r2=-0.706 pcc=0.870 | ES 54/100
2026-06-06 19:45:07,202 | INFO |   Ep 155/300 | Tr loss=0.2460 mae=0.552 r2=0.543 pcc=0.740 | Vl loss=0.5934 mae=0.950 r2=-0.706 pcc=0.870 | ES 54/100
  Ep 156/300 | Tr loss=0.2263 mae=0.530 r2=0.515 pcc=0.721 | Vl loss=0.5500 mae=0.908 r2=-0.546 pcc=0.878 | ES 55/100
2026-06-06 19:45:08,876 | INFO |   Ep 156/300 | Tr loss=0.2263 mae=0.530 r2=0.515 pcc=0.721 | Vl loss=0.5500 mae=0.908 r2=-0.546 pcc=0.878 | ES 55/100
  Ep 157/300 | Tr loss=0.2562 mae=0.560 r2=0.530 pcc=0.732 | Vl loss=0.5919 mae=0.958 r2=-0.693 pcc=0.874 | ES 56/100
2026-06-06 19:45:10,554 | INFO |   Ep 157/300 | Tr loss=0.2562 mae=0.560 r2=0.530 pcc=0.732 | Vl loss=0.5919 mae=0.958 r2=-0.693 pcc=0.874 | ES 56/100
  Ep 158/300 | Tr loss=0.2589 mae=0.587 r2=0.508 pcc=0.719 | Vl loss=0.6126 mae=0.985 r2=-0.767 pcc=0.873 | ES 57/100
2026-06-06 19:45:12,209 | INFO |   Ep 158/300 | Tr loss=0.2589 mae=0.587 r2=0.508 pcc=0.719 | Vl loss=0.6126 mae=0.985 r2=-0.767 pcc=0.873 | ES 57/100
  Ep 159/300 | Tr loss=0.2244 mae=0.508 r2=0.586 pcc=0.769 | Vl loss=0.6376 mae=1.009 r2=-0.861 pcc=0.871 | ES 58/100
2026-06-06 19:45:13,901 | INFO |   Ep 159/300 | Tr loss=0.2244 mae=0.508 r2=0.586 pcc=0.769 | Vl loss=0.6376 mae=1.009 r2=-0.861 pcc=0.871 | ES 58/100
  Ep 160/300 | Tr loss=0.2261 mae=0.520 r2=0.575 pcc=0.760 | Vl loss=0.6413 mae=1.007 r2=-0.878 pcc=0.869 | ES 59/100
2026-06-06 19:45:15,544 | INFO |   Ep 160/300 | Tr loss=0.2261 mae=0.520 r2=0.575 pcc=0.760 | Vl loss=0.6413 mae=1.007 r2=-0.878 pcc=0.869 | ES 59/100
  Ep 161/300 | Tr loss=0.2189 mae=0.515 r2=0.571 pcc=0.759 | Vl loss=0.6237 mae=0.981 r2=-0.818 pcc=0.863 | ES 60/100
2026-06-06 19:45:17,184 | INFO |   Ep 161/300 | Tr loss=0.2189 mae=0.515 r2=0.571 pcc=0.759 | Vl loss=0.6237 mae=0.981 r2=-0.818 pcc=0.863 | ES 60/100
  Ep 162/300 | Tr loss=0.2464 mae=0.563 r2=0.562 pcc=0.752 | Vl loss=0.6233 mae=0.979 r2=-0.819 pcc=0.860 | ES 61/100
2026-06-06 19:45:18,825 | INFO |   Ep 162/300 | Tr loss=0.2464 mae=0.563 r2=0.562 pcc=0.752 | Vl loss=0.6233 mae=0.979 r2=-0.819 pcc=0.860 | ES 61/100
  Ep 163/300 | Tr loss=0.2236 mae=0.519 r2=0.570 pcc=0.757 | Vl loss=0.6234 mae=0.980 r2=-0.819 pcc=0.861 | ES 62/100
2026-06-06 19:45:20,463 | INFO |   Ep 163/300 | Tr loss=0.2236 mae=0.519 r2=0.570 pcc=0.757 | Vl loss=0.6234 mae=0.980 r2=-0.819 pcc=0.861 | ES 62/100
  Ep 164/300 | Tr loss=0.2356 mae=0.541 r2=0.547 pcc=0.741 | Vl loss=0.6107 mae=0.967 r2=-0.771 pcc=0.862 | ES 63/100
2026-06-06 19:45:22,102 | INFO |   Ep 164/300 | Tr loss=0.2356 mae=0.541 r2=0.547 pcc=0.741 | Vl loss=0.6107 mae=0.967 r2=-0.771 pcc=0.862 | ES 63/100
  Ep 165/300 | Tr loss=0.2109 mae=0.505 r2=0.632 pcc=0.796 | Vl loss=0.6307 mae=0.989 r2=-0.844 pcc=0.864 | ES 64/100
2026-06-06 19:45:23,803 | INFO |   Ep 165/300 | Tr loss=0.2109 mae=0.505 r2=0.632 pcc=0.796 | Vl loss=0.6307 mae=0.989 r2=-0.844 pcc=0.864 | ES 64/100
  Ep 166/300 | Tr loss=0.2353 mae=0.528 r2=0.537 pcc=0.740 | Vl loss=0.6226 mae=0.982 r2=-0.813 pcc=0.864 | ES 65/100
2026-06-06 19:45:25,478 | INFO |   Ep 166/300 | Tr loss=0.2353 mae=0.528 r2=0.537 pcc=0.740 | Vl loss=0.6226 mae=0.982 r2=-0.813 pcc=0.864 | ES 65/100
  Ep 167/300 | Tr loss=0.2276 mae=0.526 r2=0.585 pcc=0.768 | Vl loss=0.6353 mae=0.997 r2=-0.858 pcc=0.865 | ES 66/100
2026-06-06 19:45:27,147 | INFO |   Ep 167/300 | Tr loss=0.2276 mae=0.526 r2=0.585 pcc=0.768 | Vl loss=0.6353 mae=0.997 r2=-0.858 pcc=0.865 | ES 66/100
  Ep 168/300 | Tr loss=0.2042 mae=0.500 r2=0.594 pcc=0.774 | Vl loss=0.6552 mae=1.024 r2=-0.929 pcc=0.869 | ES 67/100
2026-06-06 19:45:28,814 | INFO |   Ep 168/300 | Tr loss=0.2042 mae=0.500 r2=0.594 pcc=0.774 | Vl loss=0.6552 mae=1.024 r2=-0.929 pcc=0.869 | ES 67/100
  Ep 169/300 | Tr loss=0.2475 mae=0.543 r2=0.554 pcc=0.746 | Vl loss=0.6504 mae=1.024 r2=-0.909 pcc=0.871 | ES 68/100
2026-06-06 19:45:30,449 | INFO |   Ep 169/300 | Tr loss=0.2475 mae=0.543 r2=0.554 pcc=0.746 | Vl loss=0.6504 mae=1.024 r2=-0.909 pcc=0.871 | ES 68/100
  Ep 170/300 | Tr loss=0.2277 mae=0.527 r2=0.565 pcc=0.756 | Vl loss=0.6276 mae=1.000 r2=-0.824 pcc=0.868 | ES 69/100
2026-06-06 19:45:32,096 | INFO |   Ep 170/300 | Tr loss=0.2277 mae=0.527 r2=0.565 pcc=0.756 | Vl loss=0.6276 mae=1.000 r2=-0.824 pcc=0.868 | ES 69/100
  Ep 171/300 | Tr loss=0.2142 mae=0.504 r2=0.606 pcc=0.782 | Vl loss=0.6378 mae=1.008 r2=-0.862 pcc=0.871 | ES 70/100
2026-06-06 19:45:33,727 | INFO |   Ep 171/300 | Tr loss=0.2142 mae=0.504 r2=0.606 pcc=0.782 | Vl loss=0.6378 mae=1.008 r2=-0.862 pcc=0.871 | ES 70/100
  Ep 172/300 | Tr loss=0.2120 mae=0.514 r2=0.625 pcc=0.791 | Vl loss=0.6608 mae=1.033 r2=-0.946 pcc=0.878 | ES 71/100
2026-06-06 19:45:35,358 | INFO |   Ep 172/300 | Tr loss=0.2120 mae=0.514 r2=0.625 pcc=0.791 | Vl loss=0.6608 mae=1.033 r2=-0.946 pcc=0.878 | ES 71/100
  Ep 173/300 | Tr loss=0.2130 mae=0.499 r2=0.599 pcc=0.780 | Vl loss=0.6432 mae=1.008 r2=-0.884 pcc=0.874 | ES 72/100
2026-06-06 19:45:37,001 | INFO |   Ep 173/300 | Tr loss=0.2130 mae=0.499 r2=0.599 pcc=0.780 | Vl loss=0.6432 mae=1.008 r2=-0.884 pcc=0.874 | ES 72/100
  Ep 174/300 | Tr loss=0.2277 mae=0.528 r2=0.535 pcc=0.737 | Vl loss=0.6335 mae=0.992 r2=-0.851 pcc=0.872 | ES 73/100
2026-06-06 19:45:38,686 | INFO |   Ep 174/300 | Tr loss=0.2277 mae=0.528 r2=0.535 pcc=0.737 | Vl loss=0.6335 mae=0.992 r2=-0.851 pcc=0.872 | ES 73/100
  Ep 175/300 | Tr loss=0.2059 mae=0.495 r2=0.635 pcc=0.797 | Vl loss=0.6314 mae=0.987 r2=-0.845 pcc=0.872 | ES 74/100
2026-06-06 19:45:40,322 | INFO |   Ep 175/300 | Tr loss=0.2059 mae=0.495 r2=0.635 pcc=0.797 | Vl loss=0.6314 mae=0.987 r2=-0.845 pcc=0.872 | ES 74/100
  Ep 176/300 | Tr loss=0.2410 mae=0.550 r2=0.497 pcc=0.714 | Vl loss=0.6079 mae=0.962 r2=-0.759 pcc=0.868 | ES 75/100
2026-06-06 19:45:41,961 | INFO |   Ep 176/300 | Tr loss=0.2410 mae=0.550 r2=0.497 pcc=0.714 | Vl loss=0.6079 mae=0.962 r2=-0.759 pcc=0.868 | ES 75/100
  Ep 177/300 | Tr loss=0.2366 mae=0.547 r2=0.565 pcc=0.754 | Vl loss=0.6202 mae=0.977 r2=-0.803 pcc=0.869 | ES 76/100
2026-06-06 19:45:43,662 | INFO |   Ep 177/300 | Tr loss=0.2366 mae=0.547 r2=0.565 pcc=0.754 | Vl loss=0.6202 mae=0.977 r2=-0.803 pcc=0.869 | ES 76/100
  Ep 178/300 | Tr loss=0.2265 mae=0.530 r2=0.553 pcc=0.746 | Vl loss=0.6075 mae=0.964 r2=-0.758 pcc=0.865 | ES 77/100
2026-06-06 19:45:45,348 | INFO |   Ep 178/300 | Tr loss=0.2265 mae=0.530 r2=0.553 pcc=0.746 | Vl loss=0.6075 mae=0.964 r2=-0.758 pcc=0.865 | ES 77/100
  Ep 179/300 | Tr loss=0.2295 mae=0.528 r2=0.622 pcc=0.791 | Vl loss=0.6501 mae=1.012 r2=-0.911 pcc=0.875 | ES 78/100
2026-06-06 19:45:46,985 | INFO |   Ep 179/300 | Tr loss=0.2295 mae=0.528 r2=0.622 pcc=0.791 | Vl loss=0.6501 mae=1.012 r2=-0.911 pcc=0.875 | ES 78/100
  Ep 180/300 | Tr loss=0.2252 mae=0.525 r2=0.558 pcc=0.751 | Vl loss=0.6373 mae=1.001 r2=-0.864 pcc=0.868 | ES 79/100
2026-06-06 19:45:48,620 | INFO |   Ep 180/300 | Tr loss=0.2252 mae=0.525 r2=0.558 pcc=0.751 | Vl loss=0.6373 mae=1.001 r2=-0.864 pcc=0.868 | ES 79/100
  Ep 181/300 | Tr loss=0.2112 mae=0.503 r2=0.591 pcc=0.773 | Vl loss=0.6449 mae=1.013 r2=-0.891 pcc=0.869 | ES 80/100
2026-06-06 19:45:50,259 | INFO |   Ep 181/300 | Tr loss=0.2112 mae=0.503 r2=0.591 pcc=0.773 | Vl loss=0.6449 mae=1.013 r2=-0.891 pcc=0.869 | ES 80/100
  Ep 182/300 | Tr loss=0.2169 mae=0.515 r2=0.585 pcc=0.768 | Vl loss=0.6576 mae=1.031 r2=-0.935 pcc=0.875 | ES 81/100
2026-06-06 19:45:51,901 | INFO |   Ep 182/300 | Tr loss=0.2169 mae=0.515 r2=0.585 pcc=0.768 | Vl loss=0.6576 mae=1.031 r2=-0.935 pcc=0.875 | ES 81/100
  Ep 183/300 | Tr loss=0.2210 mae=0.513 r2=0.610 pcc=0.782 | Vl loss=0.6741 mae=1.067 r2=-0.987 pcc=0.878 | ES 82/100
2026-06-06 19:45:53,538 | INFO |   Ep 183/300 | Tr loss=0.2210 mae=0.513 r2=0.610 pcc=0.782 | Vl loss=0.6741 mae=1.067 r2=-0.987 pcc=0.878 | ES 82/100
  Ep 184/300 | Tr loss=0.2309 mae=0.520 r2=0.556 pcc=0.754 | Vl loss=0.6865 mae=1.084 r2=-1.031 pcc=0.882 | ES 83/100
2026-06-06 19:45:55,175 | INFO |   Ep 184/300 | Tr loss=0.2309 mae=0.520 r2=0.556 pcc=0.754 | Vl loss=0.6865 mae=1.084 r2=-1.031 pcc=0.882 | ES 83/100
  Ep 185/300 | Tr loss=0.2260 mae=0.519 r2=0.517 pcc=0.727 | Vl loss=0.6596 mae=1.041 r2=-0.938 pcc=0.878 | ES 84/100
2026-06-06 19:45:56,817 | INFO |   Ep 185/300 | Tr loss=0.2260 mae=0.519 r2=0.517 pcc=0.727 | Vl loss=0.6596 mae=1.041 r2=-0.938 pcc=0.878 | ES 84/100
  Ep 186/300 | Tr loss=0.2232 mae=0.523 r2=0.574 pcc=0.760 | Vl loss=0.6506 mae=1.022 r2=-0.908 pcc=0.877 | ES 85/100
2026-06-06 19:45:58,488 | INFO |   Ep 186/300 | Tr loss=0.2232 mae=0.523 r2=0.574 pcc=0.760 | Vl loss=0.6506 mae=1.022 r2=-0.908 pcc=0.877 | ES 85/100
  Ep 187/300 | Tr loss=0.2336 mae=0.533 r2=0.557 pcc=0.751 | Vl loss=0.6483 mae=1.018 r2=-0.900 pcc=0.878 | ES 86/100
2026-06-06 19:46:00,160 | INFO |   Ep 187/300 | Tr loss=0.2336 mae=0.533 r2=0.557 pcc=0.751 | Vl loss=0.6483 mae=1.018 r2=-0.900 pcc=0.878 | ES 86/100
  Ep 188/300 | Tr loss=0.2190 mae=0.501 r2=0.613 pcc=0.784 | Vl loss=0.6544 mae=1.028 r2=-0.921 pcc=0.879 | ES 87/100
2026-06-06 19:46:01,919 | INFO |   Ep 188/300 | Tr loss=0.2190 mae=0.501 r2=0.613 pcc=0.784 | Vl loss=0.6544 mae=1.028 r2=-0.921 pcc=0.879 | ES 87/100
  Ep 189/300 | Tr loss=0.2295 mae=0.531 r2=0.570 pcc=0.759 | Vl loss=0.6516 mae=1.027 r2=-0.910 pcc=0.877 | ES 88/100
2026-06-06 19:46:03,608 | INFO |   Ep 189/300 | Tr loss=0.2295 mae=0.531 r2=0.570 pcc=0.759 | Vl loss=0.6516 mae=1.027 r2=-0.910 pcc=0.877 | ES 88/100
  Ep 190/300 | Tr loss=0.2208 mae=0.513 r2=0.555 pcc=0.750 | Vl loss=0.6319 mae=0.997 r2=-0.840 pcc=0.877 | ES 89/100
2026-06-06 19:46:05,258 | INFO |   Ep 190/300 | Tr loss=0.2208 mae=0.513 r2=0.555 pcc=0.750 | Vl loss=0.6319 mae=0.997 r2=-0.840 pcc=0.877 | ES 89/100
  Ep 191/300 | Tr loss=0.2519 mae=0.565 r2=0.510 pcc=0.721 | Vl loss=0.5964 mae=0.965 r2=-0.713 pcc=0.865 | ES 90/100
2026-06-06 19:46:06,888 | INFO |   Ep 191/300 | Tr loss=0.2519 mae=0.565 r2=0.510 pcc=0.721 | Vl loss=0.5964 mae=0.965 r2=-0.713 pcc=0.865 | ES 90/100
  Ep 192/300 | Tr loss=0.2477 mae=0.562 r2=0.540 pcc=0.740 | Vl loss=0.6015 mae=0.969 r2=-0.731 pcc=0.868 | ES 91/100
2026-06-06 19:46:08,559 | INFO |   Ep 192/300 | Tr loss=0.2477 mae=0.562 r2=0.540 pcc=0.740 | Vl loss=0.6015 mae=0.969 r2=-0.731 pcc=0.868 | ES 91/100
  Ep 193/300 | Tr loss=0.2117 mae=0.501 r2=0.578 pcc=0.766 | Vl loss=0.6019 mae=0.976 r2=-0.730 pcc=0.869 | ES 92/100
2026-06-06 19:46:10,210 | INFO |   Ep 193/300 | Tr loss=0.2117 mae=0.501 r2=0.578 pcc=0.766 | Vl loss=0.6019 mae=0.976 r2=-0.730 pcc=0.869 | ES 92/100
  Ep 194/300 | Tr loss=0.2271 mae=0.515 r2=0.568 pcc=0.758 | Vl loss=0.6324 mae=1.009 r2=-0.837 pcc=0.880 | ES 93/100
2026-06-06 19:46:11,851 | INFO |   Ep 194/300 | Tr loss=0.2271 mae=0.515 r2=0.568 pcc=0.758 | Vl loss=0.6324 mae=1.009 r2=-0.837 pcc=0.880 | ES 93/100
  Ep 195/300 | Tr loss=0.1963 mae=0.484 r2=0.606 pcc=0.782 | Vl loss=0.6366 mae=1.005 r2=-0.856 pcc=0.880 | ES 94/100
2026-06-06 19:46:13,487 | INFO |   Ep 195/300 | Tr loss=0.1963 mae=0.484 r2=0.606 pcc=0.782 | Vl loss=0.6366 mae=1.005 r2=-0.856 pcc=0.880 | ES 94/100
  Ep 196/300 | Tr loss=0.2291 mae=0.544 r2=0.583 pcc=0.765 | Vl loss=0.6427 mae=1.006 r2=-0.882 pcc=0.877 | ES 95/100
2026-06-06 19:46:15,129 | INFO |   Ep 196/300 | Tr loss=0.2291 mae=0.544 r2=0.583 pcc=0.765 | Vl loss=0.6427 mae=1.006 r2=-0.882 pcc=0.877 | ES 95/100
  Ep 197/300 | Tr loss=0.2262 mae=0.523 r2=0.596 pcc=0.773 | Vl loss=0.6417 mae=1.005 r2=-0.879 pcc=0.874 | ES 96/100
2026-06-06 19:46:16,777 | INFO |   Ep 197/300 | Tr loss=0.2262 mae=0.523 r2=0.596 pcc=0.773 | Vl loss=0.6417 mae=1.005 r2=-0.879 pcc=0.874 | ES 96/100
  Ep 198/300 | Tr loss=0.2343 mae=0.534 r2=0.512 pcc=0.726 | Vl loss=0.6242 mae=0.985 r2=-0.815 pcc=0.872 | ES 97/100
2026-06-06 19:46:18,410 | INFO |   Ep 198/300 | Tr loss=0.2343 mae=0.534 r2=0.512 pcc=0.726 | Vl loss=0.6242 mae=0.985 r2=-0.815 pcc=0.872 | ES 97/100
  Ep 199/300 | Tr loss=0.2490 mae=0.562 r2=0.497 pcc=0.709 | Vl loss=0.5986 mae=0.957 r2=-0.724 pcc=0.868 | ES 98/100
2026-06-06 19:46:20,060 | INFO |   Ep 199/300 | Tr loss=0.2490 mae=0.562 r2=0.497 pcc=0.709 | Vl loss=0.5986 mae=0.957 r2=-0.724 pcc=0.868 | ES 98/100
  Ep 200/300 | Tr loss=0.2272 mae=0.520 r2=0.614 pcc=0.785 | Vl loss=0.6275 mae=0.991 r2=-0.826 pcc=0.873 | ES 99/100
2026-06-06 19:46:21,707 | INFO |   Ep 200/300 | Tr loss=0.2272 mae=0.520 r2=0.614 pcc=0.785 | Vl loss=0.6275 mae=0.991 r2=-0.826 pcc=0.873 | ES 99/100
  Ep 201/300 | Tr loss=0.2129 mae=0.496 r2=0.588 pcc=0.768 | Vl loss=0.6364 mae=1.000 r2=-0.859 pcc=0.872 | ES 100/100
2026-06-06 19:46:23,349 | INFO |   Ep 201/300 | Tr loss=0.2129 mae=0.496 r2=0.588 pcc=0.768 | Vl loss=0.6364 mae=1.000 r2=-0.859 pcc=0.872 | ES 100/100

  ⏹  Early stopping at epoch 201 (best=101)
2026-06-06 19:46:23,350 | INFO | Early stopping at epoch 201 best=101

✓ Training complete!

  ── Final Test Results (best epoch = 101) ──────────────────
  Loss : 0.5030
  RMSE : 0.9486
  MAE  : 0.8373
  R²   : -0.4609
  ✓ Saved → /mvdlph/masa/GCN_SingleView_Regression_Results/run_2026_06_06_19_40_18/plots/loss_curve.png
  ✓ Saved → /mvdlph/masa/GCN_SingleView_Regression_Results/run_2026_06_06_19_40_18/plots/rmse_mae.png
  ✓ Saved → /mvdlph/masa/GCN_SingleView_Regression_Results/run_2026_06_06_19_40_18/plots/r2_curve.png
  ✓ Saved → /mvdlph/masa/GCN_SingleView_Regression_Results/run_2026_06_06_19_40_18/plots/pcc_curve.png
  ✓ Saved → /mvdlph/masa/GCN_SingleView_Regression_Results/run_2026_06_06_19_40_18/plots/regression_scatter_test.png
  ✓ Saved → /mvdlph/masa/GCN_SingleView_Regression_Results/run_2026_06_06_19_40_18/plots/early_stopping.png
  ✓ History → /mvdlph/masa/GCN_SingleView_Regression_Results/run_2026_06_06_19_40_18/logs/training_history.json
============================================================
DIAGNOSTIC 1: Per-exercise skeleton variance (C0)
============================================================
  Exercise      X-var      Y-var      Z-var  Z/X ratio
-------------------------------------------------------
        E0     0.0470     0.0104     0.0722      1.536

============================================================
DIAGNOSTIC 2: Quality score distribution per split
============================================================
 Train: mean=3.766 std=0.986 min=1.34 max=4.74 | correct=206 erroneous=111
   Val: mean=3.561 std=0.901 min=2.28 max=4.68 | correct=59 erroneous=36
  Test: mean=3.659 std=0.787 min=2.30 max=4.75 | correct=78 erroneous=74
  ✓ History NPZ → /mvdlph/masa/GCN_SingleView_Regression_Results/run_2026_06_06_19_40_18/logs/training_history.npz
  ✓ Test predictions NPZ → /mvdlph/masa/GCN_SingleView_Regression_Results/run_2026_06_06_19_40_18/logs/test_predictions.npz
========================================================================
  Exercise         n      MAE     RMSE       R²      PCC
────────────────────────────────────────────────────────────────────────
  E0             152   0.8373   0.9486  -0.4609   0.8253
────────────────────────────────────────────────────────────────────────
  Overall        152   0.8373   0.9486  -0.4609   0.8253
========================================================================

  ✓ Per-exercise CSV → /mvdlph/masa/GCN_SingleView_Regression_Results/run_2026_06_06_19_40_18/logs/per_exercise_metrics.csv
  ✓ Per-exercise scatter grid → /mvdlph/masa/GCN_SingleView_Regression_Results/run_2026_06_06_19_40_18/plots/per_exercise_scatter.png
  ✓ Per-exercise bar chart → /mvdlph/masa/GCN_SingleView_Regression_Results/run_2026_06_06_19_40_18/plots/per_exercise_bar.png
  ✓ Per-exercise metrics NPZ → /mvdlph/masa/GCN_SingleView_Regression_Results/run_2026_06_06_19_40_18/logs/per_exercise_metrics.npz

========================================================================
  Split         n      MAE     RMSE       R²      PCC
────────────────────────────────────────────────────────────────────────
  Train       317   0.9597   1.0538  -0.1458   0.7553
  ✓ Saved → /mvdlph/masa/GCN_SingleView_Regression_Results/run_2026_06_06_19_40_18/plots/regression_scatter_train.png
  Val          95   0.7258   0.9212  -0.0559   0.7655
  ✓ Saved → /mvdlph/masa/GCN_SingleView_Regression_Results/run_2026_06_06_19_40_18/plots/regression_scatter_val.png
  Test        152   0.8373   0.9486  -0.4609   0.8253
  ✓ Saved → /mvdlph/masa/GCN_SingleView_Regression_Results/run_2026_06_06_19_40_18/plots/regression_scatter_test.png
========================================================================

========================================================================
Per-exercise breakdown across splits
========================================================================
  Split    Exercise         n      MAE     RMSE       R²      PCC
────────────────────────────────────────────────────────────────────────
  Train    E0             317   0.9597   1.0538  -0.1458   0.7553
────────────────────────────────────────────────────────────────────────
  Val      E0              95   0.7258   0.9212  -0.0559   0.7655
────────────────────────────────────────────────────────────────────────
  Test     E0             152   0.8373   0.9486  -0.4609   0.8253
────────────────────────────────────────────────────────────────────────

✓ All-splits metrics → /mvdlph/masa/GCN_SingleView_Regression_Results/run_2026_06_06_19_40_18/logs/all_splits_metrics.csv

==================================================
  Overfitting check  (Train → Val gap)
==================================================
  MAE  gap : -0.2339  (Train=0.9597  Val=0.7258)
  RMSE gap : -0.1326  (Train=1.0538  Val=0.9212)
  R²   gap : +0.0899  (Train=-0.1458  Val=-0.0559)
  PCC  gap : +0.0102  (Train=0.7553  Val=0.7655)
==================================================
============================================================
  TRAINING SUMMARY — ST-GCN Regression (Single View)
============================================================
  Best Epoch       : 101  (stopped at 201)
  Best Val MAE     : 0.7258
  Best Val RMSE    : 0.9212
  Best Val R²      : -0.0559
  Best Val PCC     : 0.7655
────────────────────────────────────────────────────────────
  Test MAE         : 0.8373
  Test RMSE        : 0.9486
  Test R²          : -0.4609
  Test PCC         : 0.8253
============================================================
2026-06-06 19:46:28,267 | INFO | Best Epoch=101  stopped_epoch=201
2026-06-06 19:46:28,268 | INFO | Test MAE=0.8373
2026-06-06 19:46:28,268 | INFO | Test RMSE=0.9486
2026-06-06 19:46:28,269 | INFO | Test R²=-0.4609
2026-06-06 19:46:28,269 | INFO | Test PCC=0.8253

✓ Summary CSV (overall + per-exercise) → /mvdlph/masa/GCN_SingleView_Regression_Results/training_summary.csv
