✓ stdout → also writing to /mvdlph/masa/GCN_SingleView_Regression_Results/run_2026_05_06_23_48_55/logs/training_20260506_234855.log
2026-05-06 23:48:55,276 | INFO | ======================================================================
2026-05-06 23:48:55,277 | INFO | ST-GCN Single-View Regression | BZU Physiotherapy Dataset
2026-05-06 23:48:55,277 | INFO | Camera : CNone  |  Split : 70/15/15  |  Epochs : 300  |  Patience : 50
2026-05-06 23:48:55,277 | INFO | Log file : /mvdlph/masa/GCN_SingleView_Regression_Results/run_2026_05_06_23_48_55/logs/training_20260506_234855.log
2026-05-06 23:48:55,278 | INFO | ======================================================================
✓ parse_filename and load_skeleton defined
NPZ files found (all cameras) : 15375

✓ Total samples  (CNone) : 15375
✓ Unique trials              : 61
✓ Quality mean ± std         : 4.126 ± 0.795

✓ Exercise distribution:
0    1752
1    1608
2    1382
3    1596
4    1579
5    1566
6    1570
7    1588
8    1401
9    1333
Name: exercise, dtype: int64
Checking for corrupted files...
  Removing 3 corrupted files from index
    BAD: /mvdlph/Dataset_CVDLPT_Videos_Segments_P0P15_MMPose_human3d_motionbert_H36M_3D_1_2026/E0_P13_T5_C2_seg2_MMPose_human3d_motionbert_3D.npz
    BAD: /mvdlph/Dataset_CVDLPT_Videos_Segments_P0P15_MMPose_human3d_motionbert_H36M_3D_1_2026/E1_P14_T3_C2_seg6_MMPose_human3d_motionbert_3D.npz
    BAD: /mvdlph/Dataset_CVDLPT_Videos_Segments_P0P15_MMPose_human3d_motionbert_H36M_3D_1_2026/E4_P12_T3_C1_seg5_MMPose_human3d_motionbert_3D.npz
  Clean samples remaining: 15372

── Sample rows ──
    exercise person trial_id  segment  quality
0          0     P0       T0        0   4.3667
1          0     P0       T0        1   4.3667
2          0     P0       T0        2   4.3667
3          0     P0       T0        3   4.3667
4          0     P0       T0        4   4.3667
5          0     P0       T0        5   4.3667
6          0     P0       T0        6   4.3667
7          0     P0       T0        7   4.3667
8          0     P0       T0        8   4.3667
9          0     P0       T0        9   4.3667
10         0     P0       T0        0   4.3667
11         0     P0       T0        1   4.3667
12         0     P0       T0        2   4.3667
13         0     P0       T0        3   4.3667
14         0     P0       T0        4   4.3667
0    5147
1    5101
2    5124
Name: camera, dtype: int64

Total samples: 15372
0    5147
1    5101
2    5124
Name: camera, dtype: int64

الكاميرات الموجودة: [0, 1, 2]
camera      0    1    2
exercise               
0         579  588  584
1         532  539  536
2         463  445  474
3         525  545  526
4         522  532  524
5         525  516  525
6         529  529  512
7         529  532  527
8         486  430  485
9         457  445  431
E0: correct=3 trials, erroneous=4 trials
E1: correct=3 trials, erroneous=4 trials
E2: correct=3 trials, erroneous=4 trials
E3: correct=3 trials, erroneous=4 trials
E4: correct=3 trials, erroneous=4 trials
E5: correct=3 trials, erroneous=4 trials
E6: correct=3 trials, erroneous=4 trials
E7: correct=3 trials, erroneous=4 trials
E8: correct=3 trials, erroneous=4 trials
E9: correct=3 trials, erroneous=4 trials
Frame length distribution (sample of 500 files):
  min    = 31
  max    = 545
  mean   = 103.9
  median = 93.0
  std    = 51.5

Percentiles:
   25th = 73
   50th = 93
   75th = 120
   90th = 155
   95th = 178
   99th = 293

Value counts (top 10):
   104 frames →   10 files (2.0%)
    91 frames →   10 files (2.0%)
    73 frames →   10 files (2.0%)
    93 frames →    9 files (1.8%)
    88 frames →    9 files (1.8%)
    82 frames →    9 files (1.8%)
    78 frames →    9 files (1.8%)
    67 frames →    9 files (1.8%)
    65 frames →    9 files (1.8%)
   113 frames →    8 files (1.6%)
✓ Skeleton visualisation helpers defined
person                                                     P0
exercise                                                    0
trial_id                                                   T0
segment                                                     0
filepath    /mvdlph/Dataset_CVDLPT_Videos_Segments_P0P15_M...
Name: 10, dtype: object
Skeleton shape : (61, 17, 3)
X range : [-0.369, 0.592]
Y range : [0.000, 0.994]
Z range : [-0.193, 0.198]
  ✓ Skeleton plot saved → /mvdlph/masa/GCN_SingleView_Regression_Results/run_2026_05_06_23_48_55/plots/sample_skeleton_3views.png
  ✓ Motion frames saved → /mvdlph/masa/GCN_SingleView_Regression_Results/run_2026_05_06_23_48_55/plots/sample_skeleton_motion.png
Axis ranges across all frames:
X: [-0.369, 0.592] — likely left/right
Y: [0.000, 0.994] — likely ???
Z: [-0.193, 0.198] — likely height

Hip  mean XYZ: [0.         0.32057488 0.        ]
Head mean XYZ: [-0.14265826  0.9668146  -0.18420231]

Difference (head - hip): [-0.14265826  0.6462397  -0.18420231]

Camera 0:
  Hip  XYZ: [0.    0.324 0.   ]
  Head XYZ: [-0.144  0.968 -0.183]
  X range: [-0.37, 0.59]
  Z range: [-0.19, 0.20]

Camera 1:
  Hip  XYZ: [0.    0.321 0.   ]
  Head XYZ: [-0.143  0.967 -0.184]
  X range: [-0.37, 0.59]
  Z range: [-0.19, 0.20]

Camera 2:
  Hip  XYZ: [0.    0.316 0.   ]
  Head XYZ: [-0.142  0.966 -0.185]
  X range: [-0.37, 0.59]
  Z range: [-0.19, 0.20]
✓ BZUDataset defined (regression only)
✓ Kipf GCN sanity check passed — output shape: torch.Size([2])
✓ Total trainable parameters: 681,485
✓ GCN_Regression (Kipf & Welling) defined
Device : cuda
GPU    : Tesla V100-PCIE-32GB
✓ centre_and_scale and run_epoch (regression) defined

=======================================================
Samples → train=8453, val=3812, test=3107

Correct vs Erroneous per split:
  Train: correct=5812  erroneous=2641 | mean=4.134 std=0.836
  Val  : correct=2121  erroneous=1691 | mean=4.086 std=0.717
  Test : correct=2024  erroneous=1083 | mean=4.156 std=0.768

✓ Train / Val / Test split ready (person-based)
✓ Plotting helpers (regression) defined
✓ EarlyStopping defined (monitoring MAE)
2026-05-06 23:49:44,957 | INFO | ======================================================================
2026-05-06 23:49:44,958 | INFO | STARTING REGRESSION TRAINING  (with Early Stopping on MAE)
2026-05-06 23:49:44,958 | INFO | ======================================================================
2026-05-06 23:49:44,958 | INFO | train=8453 val=3812 test=3107

════════════════════════════════════════════════════════════════════
  Camera CNone  |  Train: 8453  Val: 3812  Test: 3107
  Patience: 50  |  LR: 0.0003  |  Batch: 48
════════════════════════════════════════════════════════════════════
  Ep   1/300 | Tr loss=4.7031 mae=1.877 r2=-5.747 | Vl loss=1.1558 mae=0.850 r2=-1.264 | Te loss=1.1328 mae=0.794 r2=-0.931 | ES 0/50 ★
2026-05-06 23:50:31,577 | INFO |   Ep   1/300 | Tr loss=4.7031 mae=1.877 r2=-5.747 | Vl loss=1.1558 mae=0.850 r2=-1.264 | Te loss=1.1328 mae=0.794 r2=-0.931 | ES 0/50 ★
    ★ val_mae=0.8496  rmse=1.0790  r2=-1.2643
  Ep   2/300 | Tr loss=1.1494 mae=0.772 r2=-0.649 | Vl loss=0.6404 mae=0.611 r2=-0.252 | Te loss=0.7582 mae=0.618 r2=-0.289 | ES 0/50 ★
2026-05-06 23:51:17,642 | INFO |   Ep   2/300 | Tr loss=1.1494 mae=0.772 r2=-0.649 | Vl loss=0.6404 mae=0.611 r2=-0.252 | Te loss=0.7582 mae=0.618 r2=-0.289 | ES 0/50 ★
    ★ val_mae=0.6112  rmse=0.8024  r2=-0.2523
  Ep   3/300 | Tr loss=0.6072 mae=0.554 r2=0.132 | Vl loss=0.5007 mae=0.538 r2=0.021 | Te loss=0.6366 mae=0.583 r2=-0.081 | ES 0/50 ★
2026-05-06 23:52:04,048 | INFO |   Ep   3/300 | Tr loss=0.6072 mae=0.554 r2=0.132 | Vl loss=0.5007 mae=0.538 r2=0.021 | Te loss=0.6366 mae=0.583 r2=-0.081 | ES 0/50 ★
    ★ val_mae=0.5385  rmse=0.7093  r2=0.0213
  Ep   4/300 | Tr loss=0.5038 mae=0.512 r2=0.277 | Vl loss=0.4079 mae=0.487 r2=0.203 | Te loss=0.5539 mae=0.550 r2=0.059 | ES 0/50 ★
2026-05-06 23:52:50,252 | INFO |   Ep   4/300 | Tr loss=0.5038 mae=0.512 r2=0.277 | Vl loss=0.4079 mae=0.487 r2=0.203 | Te loss=0.5539 mae=0.550 r2=0.059 | ES 0/50 ★
    ★ val_mae=0.4870  rmse=0.6402  r2=0.2029
  Ep   5/300 | Tr loss=0.4305 mae=0.475 r2=0.386 | Vl loss=0.3409 mae=0.454 r2=0.334 | Te loss=0.4845 mae=0.512 r2=0.178 | ES 0/50 ★
2026-05-06 23:53:37,103 | INFO |   Ep   5/300 | Tr loss=0.4305 mae=0.475 r2=0.386 | Vl loss=0.3409 mae=0.454 r2=0.334 | Te loss=0.4845 mae=0.512 r2=0.178 | ES 0/50 ★
    ★ val_mae=0.4545  rmse=0.5852  r2=0.3338
  Ep   6/300 | Tr loss=0.3831 mae=0.453 r2=0.450 | Vl loss=0.3264 mae=0.436 r2=0.362 | Te loss=0.4428 mae=0.488 r2=0.248 | ES 0/50 ★
2026-05-06 23:54:23,563 | INFO |   Ep   6/300 | Tr loss=0.3831 mae=0.453 r2=0.450 | Vl loss=0.3264 mae=0.436 r2=0.362 | Te loss=0.4428 mae=0.488 r2=0.248 | ES 0/50 ★
    ★ val_mae=0.4359  rmse=0.5728  r2=0.3618
  Ep   7/300 | Tr loss=0.3434 mae=0.432 r2=0.507 | Vl loss=0.2937 mae=0.409 r2=0.425 | Te loss=0.3949 mae=0.467 r2=0.329 | ES 0/50 ★
2026-05-06 23:55:09,688 | INFO |   Ep   7/300 | Tr loss=0.3434 mae=0.432 r2=0.507 | Vl loss=0.2937 mae=0.409 r2=0.425 | Te loss=0.3949 mae=0.467 r2=0.329 | ES 0/50 ★
    ★ val_mae=0.4093  rmse=0.5437  r2=0.4251
  Ep   8/300 | Tr loss=0.3210 mae=0.413 r2=0.545 | Vl loss=0.2955 mae=0.406 r2=0.421 | Te loss=0.3999 mae=0.470 r2=0.320 | ES 0/50 ★
2026-05-06 23:55:56,310 | INFO |   Ep   8/300 | Tr loss=0.3210 mae=0.413 r2=0.545 | Vl loss=0.2955 mae=0.406 r2=0.421 | Te loss=0.3999 mae=0.470 r2=0.320 | ES 0/50 ★
    ★ val_mae=0.4060  rmse=0.5454  r2=0.4213
  Ep   9/300 | Tr loss=0.2981 mae=0.397 r2=0.574 | Vl loss=0.2809 mae=0.387 r2=0.450 | Te loss=0.3847 mae=0.461 r2=0.345 | ES 0/50 ★
2026-05-06 23:56:43,020 | INFO |   Ep   9/300 | Tr loss=0.2981 mae=0.397 r2=0.574 | Vl loss=0.2809 mae=0.387 r2=0.450 | Te loss=0.3847 mae=0.461 r2=0.345 | ES 0/50 ★
    ★ val_mae=0.3871  rmse=0.5319  r2=0.4497
  Ep  10/300 | Tr loss=0.2819 mae=0.384 r2=0.596 | Vl loss=0.2796 mae=0.383 r2=0.452 | Te loss=0.3679 mae=0.446 r2=0.374 | ES 0/50 ★
2026-05-06 23:57:29,712 | INFO |   Ep  10/300 | Tr loss=0.2819 mae=0.384 r2=0.596 | Vl loss=0.2796 mae=0.383 r2=0.452 | Te loss=0.3679 mae=0.446 r2=0.374 | ES 0/50 ★
    ★ val_mae=0.3834  rmse=0.5307  r2=0.4523
  Ep  11/300 | Tr loss=0.2646 mae=0.371 r2=0.621 | Vl loss=0.2791 mae=0.386 r2=0.453 | Te loss=0.3734 mae=0.449 r2=0.364 | ES 1/50
2026-05-06 23:58:16,340 | INFO |   Ep  11/300 | Tr loss=0.2646 mae=0.371 r2=0.621 | Vl loss=0.2791 mae=0.386 r2=0.453 | Te loss=0.3734 mae=0.449 r2=0.364 | ES 1/50
  Ep  12/300 | Tr loss=0.2595 mae=0.366 r2=0.631 | Vl loss=0.2964 mae=0.392 r2=0.419 | Te loss=0.3946 mae=0.464 r2=0.328 | ES 2/50
2026-05-06 23:59:02,991 | INFO |   Ep  12/300 | Tr loss=0.2595 mae=0.366 r2=0.631 | Vl loss=0.2964 mae=0.392 r2=0.419 | Te loss=0.3946 mae=0.464 r2=0.328 | ES 2/50
  Ep  13/300 | Tr loss=0.2606 mae=0.362 r2=0.629 | Vl loss=0.2977 mae=0.395 r2=0.417 | Te loss=0.3937 mae=0.463 r2=0.330 | ES 3/50
2026-05-06 23:59:49,547 | INFO |   Ep  13/300 | Tr loss=0.2606 mae=0.362 r2=0.629 | Vl loss=0.2977 mae=0.395 r2=0.417 | Te loss=0.3937 mae=0.463 r2=0.330 | ES 3/50
  Ep  14/300 | Tr loss=0.2479 mae=0.352 r2=0.648 | Vl loss=0.2975 mae=0.393 r2=0.417 | Te loss=0.3875 mae=0.453 r2=0.340 | ES 4/50
2026-05-07 00:00:36,141 | INFO |   Ep  14/300 | Tr loss=0.2479 mae=0.352 r2=0.648 | Vl loss=0.2975 mae=0.393 r2=0.417 | Te loss=0.3875 mae=0.453 r2=0.340 | ES 4/50
  Ep  15/300 | Tr loss=0.2385 mae=0.348 r2=0.658 | Vl loss=0.2975 mae=0.395 r2=0.417 | Te loss=0.3861 mae=0.452 r2=0.342 | ES 5/50
2026-05-07 00:01:22,381 | INFO |   Ep  15/300 | Tr loss=0.2385 mae=0.348 r2=0.658 | Vl loss=0.2975 mae=0.395 r2=0.417 | Te loss=0.3861 mae=0.452 r2=0.342 | ES 5/50
  Ep  16/300 | Tr loss=0.2404 mae=0.349 r2=0.656 | Vl loss=0.3071 mae=0.410 r2=0.399 | Te loss=0.3861 mae=0.450 r2=0.342 | ES 6/50
2026-05-07 00:02:08,798 | INFO |   Ep  16/300 | Tr loss=0.2404 mae=0.349 r2=0.656 | Vl loss=0.3071 mae=0.410 r2=0.399 | Te loss=0.3861 mae=0.450 r2=0.342 | ES 6/50
  Ep  17/300 | Tr loss=0.2330 mae=0.341 r2=0.666 | Vl loss=0.3136 mae=0.408 r2=0.386 | Te loss=0.3964 mae=0.459 r2=0.324 | ES 7/50
2026-05-07 00:02:55,242 | INFO |   Ep  17/300 | Tr loss=0.2330 mae=0.341 r2=0.666 | Vl loss=0.3136 mae=0.408 r2=0.386 | Te loss=0.3964 mae=0.459 r2=0.324 | ES 7/50
  Ep  18/300 | Tr loss=0.2334 mae=0.343 r2=0.665 | Vl loss=0.3267 mae=0.420 r2=0.361 | Te loss=0.4017 mae=0.458 r2=0.315 | ES 8/50
2026-05-07 00:03:41,584 | INFO |   Ep  18/300 | Tr loss=0.2334 mae=0.343 r2=0.665 | Vl loss=0.3267 mae=0.420 r2=0.361 | Te loss=0.4017 mae=0.458 r2=0.315 | ES 8/50
  Ep  19/300 | Tr loss=0.2280 mae=0.336 r2=0.674 | Vl loss=0.3173 mae=0.415 r2=0.379 | Te loss=0.3934 mae=0.454 r2=0.329 | ES 9/50
2026-05-07 00:04:28,167 | INFO |   Ep  19/300 | Tr loss=0.2280 mae=0.336 r2=0.674 | Vl loss=0.3173 mae=0.415 r2=0.379 | Te loss=0.3934 mae=0.454 r2=0.329 | ES 9/50
  Ep  20/300 | Tr loss=0.2238 mae=0.333 r2=0.681 | Vl loss=0.3190 mae=0.409 r2=0.375 | Te loss=0.3969 mae=0.455 r2=0.323 | ES 10/50
2026-05-07 00:05:14,444 | INFO |   Ep  20/300 | Tr loss=0.2238 mae=0.333 r2=0.681 | Vl loss=0.3190 mae=0.409 r2=0.375 | Te loss=0.3969 mae=0.455 r2=0.323 | ES 10/50
  Ep  21/300 | Tr loss=0.2237 mae=0.333 r2=0.682 | Vl loss=0.3316 mae=0.418 r2=0.351 | Te loss=0.4147 mae=0.463 r2=0.293 | ES 11/50
2026-05-07 00:06:00,982 | INFO |   Ep  21/300 | Tr loss=0.2237 mae=0.333 r2=0.682 | Vl loss=0.3316 mae=0.418 r2=0.351 | Te loss=0.4147 mae=0.463 r2=0.293 | ES 11/50
  Ep  22/300 | Tr loss=0.2216 mae=0.331 r2=0.682 | Vl loss=0.3151 mae=0.406 r2=0.383 | Te loss=0.3995 mae=0.453 r2=0.319 | ES 12/50
2026-05-07 00:06:47,444 | INFO |   Ep  22/300 | Tr loss=0.2216 mae=0.331 r2=0.682 | Vl loss=0.3151 mae=0.406 r2=0.383 | Te loss=0.3995 mae=0.453 r2=0.319 | ES 12/50
  Ep  23/300 | Tr loss=0.2188 mae=0.329 r2=0.687 | Vl loss=0.3243 mae=0.420 r2=0.365 | Te loss=0.4053 mae=0.460 r2=0.309 | ES 13/50
2026-05-07 00:07:33,927 | INFO |   Ep  23/300 | Tr loss=0.2188 mae=0.329 r2=0.687 | Vl loss=0.3243 mae=0.420 r2=0.365 | Te loss=0.4053 mae=0.460 r2=0.309 | ES 13/50
  Ep  24/300 | Tr loss=0.2188 mae=0.328 r2=0.687 | Vl loss=0.3206 mae=0.415 r2=0.372 | Te loss=0.4026 mae=0.455 r2=0.314 | ES 14/50
2026-05-07 00:08:20,707 | INFO |   Ep  24/300 | Tr loss=0.2188 mae=0.328 r2=0.687 | Vl loss=0.3206 mae=0.415 r2=0.372 | Te loss=0.4026 mae=0.455 r2=0.314 | ES 14/50
  Ep  25/300 | Tr loss=0.2207 mae=0.326 r2=0.688 | Vl loss=0.3351 mae=0.422 r2=0.344 | Te loss=0.4184 mae=0.467 r2=0.287 | ES 15/50
2026-05-07 00:09:07,342 | INFO |   Ep  25/300 | Tr loss=0.2207 mae=0.326 r2=0.688 | Vl loss=0.3351 mae=0.422 r2=0.344 | Te loss=0.4184 mae=0.467 r2=0.287 | ES 15/50
  Ep  26/300 | Tr loss=0.2162 mae=0.324 r2=0.691 | Vl loss=0.3352 mae=0.423 r2=0.344 | Te loss=0.4166 mae=0.466 r2=0.290 | ES 16/50
2026-05-07 00:09:54,278 | INFO |   Ep  26/300 | Tr loss=0.2162 mae=0.324 r2=0.691 | Vl loss=0.3352 mae=0.423 r2=0.344 | Te loss=0.4166 mae=0.466 r2=0.290 | ES 16/50
  Ep  27/300 | Tr loss=0.2173 mae=0.326 r2=0.691 | Vl loss=0.3209 mae=0.410 r2=0.372 | Te loss=0.4061 mae=0.459 r2=0.308 | ES 17/50
2026-05-07 00:10:40,968 | INFO |   Ep  27/300 | Tr loss=0.2173 mae=0.326 r2=0.691 | Vl loss=0.3209 mae=0.410 r2=0.372 | Te loss=0.4061 mae=0.459 r2=0.308 | ES 17/50
  Ep  28/300 | Tr loss=0.2158 mae=0.325 r2=0.692 | Vl loss=0.3089 mae=0.412 r2=0.396 | Te loss=0.3849 mae=0.445 r2=0.344 | ES 18/50
2026-05-07 00:11:28,004 | INFO |   Ep  28/300 | Tr loss=0.2158 mae=0.325 r2=0.692 | Vl loss=0.3089 mae=0.412 r2=0.396 | Te loss=0.3849 mae=0.445 r2=0.344 | ES 18/50
  Ep  29/300 | Tr loss=0.2120 mae=0.321 r2=0.697 | Vl loss=0.3173 mae=0.414 r2=0.379 | Te loss=0.4009 mae=0.455 r2=0.317 | ES 19/50
2026-05-07 00:12:14,685 | INFO |   Ep  29/300 | Tr loss=0.2120 mae=0.321 r2=0.697 | Vl loss=0.3173 mae=0.414 r2=0.379 | Te loss=0.4009 mae=0.455 r2=0.317 | ES 19/50
  Ep  30/300 | Tr loss=0.2136 mae=0.320 r2=0.696 | Vl loss=0.3185 mae=0.412 r2=0.376 | Te loss=0.4014 mae=0.455 r2=0.316 | ES 20/50
2026-05-07 00:13:01,379 | INFO |   Ep  30/300 | Tr loss=0.2136 mae=0.320 r2=0.696 | Vl loss=0.3185 mae=0.412 r2=0.376 | Te loss=0.4014 mae=0.455 r2=0.316 | ES 20/50
  Ep  31/300 | Tr loss=0.2127 mae=0.321 r2=0.696 | Vl loss=0.3182 mae=0.409 r2=0.377 | Te loss=0.4081 mae=0.460 r2=0.304 | ES 21/50
2026-05-07 00:13:48,028 | INFO |   Ep  31/300 | Tr loss=0.2127 mae=0.321 r2=0.696 | Vl loss=0.3182 mae=0.409 r2=0.377 | Te loss=0.4081 mae=0.460 r2=0.304 | ES 21/50
  Ep  32/300 | Tr loss=0.2100 mae=0.318 r2=0.700 | Vl loss=0.3207 mae=0.409 r2=0.372 | Te loss=0.4141 mae=0.460 r2=0.294 | ES 22/50
2026-05-07 00:14:34,376 | INFO |   Ep  32/300 | Tr loss=0.2100 mae=0.318 r2=0.700 | Vl loss=0.3207 mae=0.409 r2=0.372 | Te loss=0.4141 mae=0.460 r2=0.294 | ES 22/50
  Ep  33/300 | Tr loss=0.2080 mae=0.317 r2=0.702 | Vl loss=0.3213 mae=0.412 r2=0.371 | Te loss=0.4093 mae=0.458 r2=0.302 | ES 23/50
2026-05-07 00:15:20,271 | INFO |   Ep  33/300 | Tr loss=0.2080 mae=0.317 r2=0.702 | Vl loss=0.3213 mae=0.412 r2=0.371 | Te loss=0.4093 mae=0.458 r2=0.302 | ES 23/50
  Ep  34/300 | Tr loss=0.2069 mae=0.315 r2=0.705 | Vl loss=0.3272 mae=0.418 r2=0.359 | Te loss=0.4069 mae=0.452 r2=0.306 | ES 24/50
2026-05-07 00:16:06,647 | INFO |   Ep  34/300 | Tr loss=0.2069 mae=0.315 r2=0.705 | Vl loss=0.3272 mae=0.418 r2=0.359 | Te loss=0.4069 mae=0.452 r2=0.306 | ES 24/50
  Ep  35/300 | Tr loss=0.2080 mae=0.317 r2=0.703 | Vl loss=0.3216 mae=0.413 r2=0.370 | Te loss=0.4099 mae=0.458 r2=0.301 | ES 25/50
2026-05-07 00:16:53,172 | INFO |   Ep  35/300 | Tr loss=0.2080 mae=0.317 r2=0.703 | Vl loss=0.3216 mae=0.413 r2=0.370 | Te loss=0.4099 mae=0.458 r2=0.301 | ES 25/50
  Ep  36/300 | Tr loss=0.2058 mae=0.315 r2=0.705 | Vl loss=0.3182 mae=0.408 r2=0.377 | Te loss=0.3974 mae=0.448 r2=0.323 | ES 26/50
2026-05-07 00:17:39,660 | INFO |   Ep  36/300 | Tr loss=0.2058 mae=0.315 r2=0.705 | Vl loss=0.3182 mae=0.408 r2=0.377 | Te loss=0.3974 mae=0.448 r2=0.323 | ES 26/50
  Ep  37/300 | Tr loss=0.2074 mae=0.314 r2=0.705 | Vl loss=0.3222 mae=0.407 r2=0.369 | Te loss=0.4068 mae=0.453 r2=0.307 | ES 27/50
2026-05-07 00:18:26,164 | INFO |   Ep  37/300 | Tr loss=0.2074 mae=0.314 r2=0.705 | Vl loss=0.3222 mae=0.407 r2=0.369 | Te loss=0.4068 mae=0.453 r2=0.307 | ES 27/50
  Ep  38/300 | Tr loss=0.2035 mae=0.313 r2=0.708 | Vl loss=0.3232 mae=0.414 r2=0.367 | Te loss=0.4086 mae=0.455 r2=0.303 | ES 28/50
2026-05-07 00:19:13,099 | INFO |   Ep  38/300 | Tr loss=0.2035 mae=0.313 r2=0.708 | Vl loss=0.3232 mae=0.414 r2=0.367 | Te loss=0.4086 mae=0.455 r2=0.303 | ES 28/50
  Ep  39/300 | Tr loss=0.2015 mae=0.312 r2=0.711 | Vl loss=0.3311 mae=0.418 r2=0.352 | Te loss=0.4159 mae=0.457 r2=0.291 | ES 29/50
2026-05-07 00:19:59,500 | INFO |   Ep  39/300 | Tr loss=0.2015 mae=0.312 r2=0.711 | Vl loss=0.3311 mae=0.418 r2=0.352 | Te loss=0.4159 mae=0.457 r2=0.291 | ES 29/50
  Ep  40/300 | Tr loss=0.2039 mae=0.313 r2=0.709 | Vl loss=0.3239 mae=0.413 r2=0.366 | Te loss=0.4189 mae=0.465 r2=0.286 | ES 30/50
2026-05-07 00:20:45,729 | INFO |   Ep  40/300 | Tr loss=0.2039 mae=0.313 r2=0.709 | Vl loss=0.3239 mae=0.413 r2=0.366 | Te loss=0.4189 mae=0.465 r2=0.286 | ES 30/50
  Ep  41/300 | Tr loss=0.2030 mae=0.312 r2=0.709 | Vl loss=0.3237 mae=0.409 r2=0.366 | Te loss=0.4202 mae=0.465 r2=0.284 | ES 31/50
2026-05-07 00:21:32,532 | INFO |   Ep  41/300 | Tr loss=0.2030 mae=0.312 r2=0.709 | Vl loss=0.3237 mae=0.409 r2=0.366 | Te loss=0.4202 mae=0.465 r2=0.284 | ES 31/50
  Ep  42/300 | Tr loss=0.2014 mae=0.311 r2=0.711 | Vl loss=0.3233 mae=0.418 r2=0.367 | Te loss=0.4079 mae=0.462 r2=0.305 | ES 32/50
2026-05-07 00:22:18,896 | INFO |   Ep  42/300 | Tr loss=0.2014 mae=0.311 r2=0.711 | Vl loss=0.3233 mae=0.418 r2=0.367 | Te loss=0.4079 mae=0.462 r2=0.305 | ES 32/50
  Ep  43/300 | Tr loss=0.2027 mae=0.310 r2=0.710 | Vl loss=0.3236 mae=0.415 r2=0.367 | Te loss=0.4031 mae=0.457 r2=0.313 | ES 33/50
2026-05-07 00:23:05,075 | INFO |   Ep  43/300 | Tr loss=0.2027 mae=0.310 r2=0.710 | Vl loss=0.3236 mae=0.415 r2=0.367 | Te loss=0.4031 mae=0.457 r2=0.313 | ES 33/50
  Ep  44/300 | Tr loss=0.2003 mae=0.310 r2=0.712 | Vl loss=0.3101 mae=0.402 r2=0.393 | Te loss=0.3875 mae=0.443 r2=0.339 | ES 34/50
2026-05-07 00:23:51,503 | INFO |   Ep  44/300 | Tr loss=0.2003 mae=0.310 r2=0.712 | Vl loss=0.3101 mae=0.402 r2=0.393 | Te loss=0.3875 mae=0.443 r2=0.339 | ES 34/50
  Ep  45/300 | Tr loss=0.2023 mae=0.311 r2=0.710 | Vl loss=0.3223 mae=0.414 r2=0.369 | Te loss=0.4052 mae=0.458 r2=0.309 | ES 35/50
2026-05-07 00:24:38,107 | INFO |   Ep  45/300 | Tr loss=0.2023 mae=0.311 r2=0.710 | Vl loss=0.3223 mae=0.414 r2=0.369 | Te loss=0.4052 mae=0.458 r2=0.309 | ES 35/50
  Ep  46/300 | Tr loss=0.2019 mae=0.312 r2=0.711 | Vl loss=0.3215 mae=0.412 r2=0.371 | Te loss=0.4082 mae=0.456 r2=0.304 | ES 36/50
2026-05-07 00:25:25,231 | INFO |   Ep  46/300 | Tr loss=0.2019 mae=0.312 r2=0.711 | Vl loss=0.3215 mae=0.412 r2=0.371 | Te loss=0.4082 mae=0.456 r2=0.304 | ES 36/50
  Ep  47/300 | Tr loss=0.1985 mae=0.306 r2=0.717 | Vl loss=0.3197 mae=0.408 r2=0.374 | Te loss=0.3986 mae=0.450 r2=0.321 | ES 37/50
2026-05-07 00:26:12,124 | INFO |   Ep  47/300 | Tr loss=0.1985 mae=0.306 r2=0.717 | Vl loss=0.3197 mae=0.408 r2=0.374 | Te loss=0.3986 mae=0.450 r2=0.321 | ES 37/50
  Ep  48/300 | Tr loss=0.1999 mae=0.308 r2=0.714 | Vl loss=0.3287 mae=0.414 r2=0.356 | Te loss=0.4153 mae=0.462 r2=0.292 | ES 38/50
2026-05-07 00:26:58,884 | INFO |   Ep  48/300 | Tr loss=0.1999 mae=0.308 r2=0.714 | Vl loss=0.3287 mae=0.414 r2=0.356 | Te loss=0.4153 mae=0.462 r2=0.292 | ES 38/50
  Ep  49/300 | Tr loss=0.2004 mae=0.309 r2=0.714 | Vl loss=0.3199 mae=0.408 r2=0.374 | Te loss=0.4111 mae=0.458 r2=0.299 | ES 39/50
2026-05-07 00:27:45,549 | INFO |   Ep  49/300 | Tr loss=0.2004 mae=0.309 r2=0.714 | Vl loss=0.3199 mae=0.408 r2=0.374 | Te loss=0.4111 mae=0.458 r2=0.299 | ES 39/50
  Ep  50/300 | Tr loss=0.1977 mae=0.307 r2=0.717 | Vl loss=0.3228 mae=0.412 r2=0.368 | Te loss=0.4063 mae=0.460 r2=0.308 | ES 40/50
2026-05-07 00:28:31,513 | INFO |   Ep  50/300 | Tr loss=0.1977 mae=0.307 r2=0.717 | Vl loss=0.3228 mae=0.412 r2=0.368 | Te loss=0.4063 mae=0.460 r2=0.308 | ES 40/50
  Ep  51/300 | Tr loss=0.1967 mae=0.306 r2=0.718 | Vl loss=0.3222 mae=0.415 r2=0.369 | Te loss=0.4030 mae=0.456 r2=0.313 | ES 41/50
2026-05-07 00:29:18,829 | INFO |   Ep  51/300 | Tr loss=0.1967 mae=0.306 r2=0.718 | Vl loss=0.3222 mae=0.415 r2=0.369 | Te loss=0.4030 mae=0.456 r2=0.313 | ES 41/50
  Ep  52/300 | Tr loss=0.1987 mae=0.307 r2=0.716 | Vl loss=0.3224 mae=0.411 r2=0.369 | Te loss=0.4054 mae=0.453 r2=0.309 | ES 42/50
2026-05-07 00:30:05,342 | INFO |   Ep  52/300 | Tr loss=0.1987 mae=0.307 r2=0.716 | Vl loss=0.3224 mae=0.411 r2=0.369 | Te loss=0.4054 mae=0.453 r2=0.309 | ES 42/50
  Ep  53/300 | Tr loss=0.1954 mae=0.305 r2=0.720 | Vl loss=0.3189 mae=0.410 r2=0.375 | Te loss=0.4083 mae=0.454 r2=0.304 | ES 43/50
2026-05-07 00:30:52,195 | INFO |   Ep  53/300 | Tr loss=0.1954 mae=0.305 r2=0.720 | Vl loss=0.3189 mae=0.410 r2=0.375 | Te loss=0.4083 mae=0.454 r2=0.304 | ES 43/50
  Ep  54/300 | Tr loss=0.1947 mae=0.304 r2=0.721 | Vl loss=0.3206 mae=0.410 r2=0.372 | Te loss=0.4070 mae=0.456 r2=0.306 | ES 44/50
2026-05-07 00:31:38,852 | INFO |   Ep  54/300 | Tr loss=0.1947 mae=0.304 r2=0.721 | Vl loss=0.3206 mae=0.410 r2=0.372 | Te loss=0.4070 mae=0.456 r2=0.306 | ES 44/50
  Ep  55/300 | Tr loss=0.1959 mae=0.307 r2=0.719 | Vl loss=0.3282 mae=0.417 r2=0.357 | Te loss=0.4153 mae=0.459 r2=0.292 | ES 45/50
2026-05-07 00:32:25,635 | INFO |   Ep  55/300 | Tr loss=0.1959 mae=0.307 r2=0.719 | Vl loss=0.3282 mae=0.417 r2=0.357 | Te loss=0.4153 mae=0.459 r2=0.292 | ES 45/50
  Ep  56/300 | Tr loss=0.1962 mae=0.305 r2=0.720 | Vl loss=0.3207 mae=0.407 r2=0.372 | Te loss=0.4058 mae=0.453 r2=0.308 | ES 46/50
2026-05-07 00:33:12,557 | INFO |   Ep  56/300 | Tr loss=0.1962 mae=0.305 r2=0.720 | Vl loss=0.3207 mae=0.407 r2=0.372 | Te loss=0.4058 mae=0.453 r2=0.308 | ES 46/50
  Ep  57/300 | Tr loss=0.1967 mae=0.305 r2=0.721 | Vl loss=0.3287 mae=0.415 r2=0.356 | Te loss=0.4045 mae=0.456 r2=0.310 | ES 47/50
2026-05-07 00:33:58,834 | INFO |   Ep  57/300 | Tr loss=0.1967 mae=0.305 r2=0.721 | Vl loss=0.3287 mae=0.415 r2=0.356 | Te loss=0.4045 mae=0.456 r2=0.310 | ES 47/50
  Ep  58/300 | Tr loss=0.1966 mae=0.304 r2=0.721 | Vl loss=0.3253 mae=0.410 r2=0.363 | Te loss=0.4131 mae=0.459 r2=0.296 | ES 48/50
2026-05-07 00:34:46,376 | INFO |   Ep  58/300 | Tr loss=0.1966 mae=0.304 r2=0.721 | Vl loss=0.3253 mae=0.410 r2=0.363 | Te loss=0.4131 mae=0.459 r2=0.296 | ES 48/50
  Ep  59/300 | Tr loss=0.1935 mae=0.303 r2=0.722 | Vl loss=0.3344 mae=0.415 r2=0.345 | Te loss=0.4216 mae=0.467 r2=0.281 | ES 49/50
2026-05-07 00:35:33,035 | INFO |   Ep  59/300 | Tr loss=0.1935 mae=0.303 r2=0.722 | Vl loss=0.3344 mae=0.415 r2=0.345 | Te loss=0.4216 mae=0.467 r2=0.281 | ES 49/50
  Ep  60/300 | Tr loss=0.1952 mae=0.305 r2=0.720 | Vl loss=0.3238 mae=0.408 r2=0.366 | Te loss=0.4075 mae=0.454 r2=0.306 | ES 50/50
2026-05-07 00:36:19,712 | INFO |   Ep  60/300 | Tr loss=0.1952 mae=0.305 r2=0.720 | Vl loss=0.3238 mae=0.408 r2=0.366 | Te loss=0.4075 mae=0.454 r2=0.306 | ES 50/50

  ⏹  Early stopping at epoch 60 (best=10)
2026-05-07 00:36:19,713 | INFO | Early stopping at epoch 60 best=10

✓ Training complete!

  ── Final Test Results (best epoch = 10) ──────────────────
  Loss : 0.3679
  RMSE : 0.6073
  MAE  : 0.4459
  R²   : 0.3738
  ✓ Saved → /mvdlph/masa/GCN_SingleView_Regression_Results/run_2026_05_06_23_48_55/plots/loss_curve.png
  ✓ Saved → /mvdlph/masa/GCN_SingleView_Regression_Results/run_2026_05_06_23_48_55/plots/rmse_mae.png
  ✓ Saved → /mvdlph/masa/GCN_SingleView_Regression_Results/run_2026_05_06_23_48_55/plots/r2_curve.png
  ✓ Saved → /mvdlph/masa/GCN_SingleView_Regression_Results/run_2026_05_06_23_48_55/plots/regression_scatter_test.png
  ✓ Saved → /mvdlph/masa/GCN_SingleView_Regression_Results/run_2026_05_06_23_48_55/plots/early_stopping.png
  ✓ History → /mvdlph/masa/GCN_SingleView_Regression_Results/run_2026_05_06_23_48_55/logs/training_history.json
============================================================
DIAGNOSTIC 1: Per-exercise skeleton variance (C0)
============================================================
  Exercise      X-var      Y-var      Z-var  Z/X ratio
-------------------------------------------------------
        E0     0.0459     0.0678     0.0083      0.181
        E1     0.0503     0.0691     0.0089      0.178
        E2     0.0418     0.0730     0.0097      0.232
        E3     0.0478     0.0716     0.0102      0.213
        E4     0.0504     0.0719     0.0100      0.199
        E5     0.0437     0.0658     0.0087      0.199
        E6     0.0494     0.0712     0.0096      0.194
        E7     0.0497     0.0706     0.0095      0.192
        E8     0.0443     0.0672     0.0091      0.206
        E9     0.0512     0.0717     0.0097      0.190

============================================================
DIAGNOSTIC 2: Quality score distribution per split
============================================================
 Train: mean=4.134 std=0.836 min=1.34 max=5.00 | correct=5812 erroneous=2641
   Val: mean=4.086 std=0.717 min=1.58 max=5.00 | correct=2121 erroneous=1691
  Test: mean=4.156 std=0.768 min=1.80 max=5.00 | correct=2024 erroneous=1083
============================================================
  TRAINING SUMMARY — ST-GCN Regression (Single View)
============================================================
  Best Epoch       : 10  (stopped at 60)
  Best Val MAE     : 0.3834
  Best Val RMSE    : 0.5307
  Best Val R²      : 0.4523
────────────────────────────────────────────────────────────
  Test MAE         : 0.4459
  Test RMSE        : 0.6073
  Test R²          : 0.3738
============================================================
2026-05-07 00:36:38,003 | INFO | Best Epoch=10  stopped_epoch=60
2026-05-07 00:36:38,004 | INFO | Test MAE=0.4459
2026-05-07 00:36:38,004 | INFO | Test RMSE=0.6073
2026-05-07 00:36:38,005 | INFO | Test R²=0.3738

✓ Summary CSV saved → /mvdlph/masa/GCN_SingleView_Regression_Results/training_summary.csv
2026-05-07 00:36:38,009 | INFO | ✓ All done!
