✓ stdout → also writing to /mvdlph/masa/GCN_SingleView_Regression_Results/run_2026_05_15_15_24_22/logs/training_20260515_152423.log
2026-05-15 15:24:23,030 | INFO | ======================================================================
2026-05-15 15:24:23,031 | INFO | ST-GCN Single-View Regression | BZU Physiotherapy Dataset
2026-05-15 15:24:23,031 | INFO | Camera : CNone  |  Split : 70/15/15  |  Epochs : 300  |  Patience : 100
2026-05-15 15:24:23,031 | INFO | Log file : /mvdlph/masa/GCN_SingleView_Regression_Results/run_2026_05_15_15_24_22/logs/training_20260515_152423.log
2026-05-15 15:24:23,031 | INFO | ======================================================================
✓ parse_filename and load_skeleton defined

[TRAIN] NPZ files found : 9477
  Samples          : 9477
  Unique trials    : 327
  Quality mean±std : 4.127 ± 0.812
  Exercise dist    :
0     961
1     966
2     829
3     979
4     970
5     933
6     954
7     965
8     903
9    1017

[VALID] NPZ files found : 2790
  Samples          : 2790
  Unique trials    : 100
  Quality mean±std : 4.232 ± 0.741
  Exercise dist    :
0    326
1    316
2    295
3    298
4    322
5    312
6    302
7    304
8    181
9    134

[TEST] NPZ files found : 3108
  Samples          : 3108
  Unique trials    : 107
  Quality mean±std : 4.031 ± 0.777
  Exercise dist    :
0    465
1    326
2    258
3    319
4    287
5    321
6    314
7    319
8    317
9    182

Checking for corrupted files...
  [TRAIN] Removing 1 corrupted file(s)
  [TRAIN] Clean samples : 9476
  [VALID] Clean samples : 2790
  [TEST] Removing 2 corrupted file(s)
  [TEST] Clean samples : 3106

✓ No data-leakage detected across splits

════════════════════════════════════════════════════════════════════
  Split     Samples   Correct   Erroneous   Q mean   Q std   Q min   Q max
  ──────────────────────────────────────────────────────────────────
  Train        9476      6037        3439    4.127   0.812   1.340   5.000
  Val          2790      1905         885    4.232   0.741   2.280   5.000
  Test         3106      2015        1091    4.032   0.777   2.140   5.000
════════════════════════════════════════════════════════════════════

✓ Pre-split index ready  →  train / val / test DataFrames built
0    5147
1    5101
2    5124
Name: camera, dtype: int64

الكاميرات الموجودة: [0, 1, 2]
camera      0    1    2
exercise               
0         579  588  584
1         532  539  536
2         463  445  474
3         525  545  526
4         522  532  524
5         525  516  525
6         529  529  512
7         529  532  527
8         486  430  485
9         457  445  431
E0: correct=3 trials, erroneous=4 trials
E1: correct=3 trials, erroneous=4 trials
E2: correct=3 trials, erroneous=4 trials
E3: correct=3 trials, erroneous=4 trials
E4: correct=3 trials, erroneous=4 trials
E5: correct=3 trials, erroneous=4 trials
E6: correct=3 trials, erroneous=4 trials
E7: correct=3 trials, erroneous=4 trials
E8: correct=3 trials, erroneous=4 trials
E9: correct=3 trials, erroneous=4 trials
Frame length distribution (sample of 500 files):
  min    = 28
  max    = 301
  mean   = 100.0
  median = 91.0
  std    = 39.3

Percentiles:
   25th = 72
   50th = 91
   75th = 121
   90th = 145
   95th = 176
   99th = 231

Value counts (top 10):
    79 frames →   14 files (2.8%)
    91 frames →   12 files (2.4%)
    87 frames →   11 files (2.2%)
    68 frames →   11 files (2.2%)
    90 frames →   10 files (2.0%)
   107 frames →    9 files (1.8%)
    76 frames →    9 files (1.8%)
    71 frames →    9 files (1.8%)
    84 frames →    8 files (1.6%)
    81 frames →    8 files (1.6%)
✓ Skeleton visualisation helpers defined
person                                                     P0
exercise                                                    0
trial_id                                                   T0
segment                                                     0
filepath    /mvdlph/Dataset_CVDLPT_Videos_Segments_P0P15_M...
Name: 10, dtype: object
Skeleton shape : (61, 17, 3)
X range : [-0.369, 0.592]
Y range : [-0.193, 0.198]
Z range : [0.000, 0.994]
  ✓ Skeleton plot saved → /mvdlph/masa/GCN_SingleView_Regression_Results/run_2026_05_15_15_24_22/plots/sample_skeleton_3views.png
  ✓ Motion frames saved → /mvdlph/masa/GCN_SingleView_Regression_Results/run_2026_05_15_15_24_22/plots/sample_skeleton_motion.png
Axis ranges across all frames:
X: [-0.369, 0.592] — likely left/right
Y: [-0.193, 0.198] — likely ???
Z: [0.000, 0.994] — likely height

Hip  mean XYZ: [0.         0.         0.32057488]
Head mean XYZ: [-0.14265826 -0.18420231  0.9668146 ]

Difference (head - hip): [-0.14265826 -0.18420231  0.6462397 ]

Camera 0:
  Hip  XYZ: [0.    0.    0.324]
  Head XYZ: [-0.144 -0.183  0.968]
  X range: [-0.37, 0.59]
  Z range: [0.00, 0.99]

Camera 1:
  Hip  XYZ: [0.    0.    0.321]
  Head XYZ: [-0.143 -0.184  0.967]
  X range: [-0.37, 0.59]
  Z range: [0.00, 0.99]

Camera 2:
  Hip  XYZ: [0.    0.    0.316]
  Head XYZ: [-0.142 -0.185  0.966]
  X range: [-0.37, 0.59]
  Z range: [0.00, 0.99]
✓ BZUDataset defined (regression only)
Joint distances from Hip (body center):
  Joint  0 (Hip         ) distance=0  
  Joint  1 (R-Hip       ) distance=1  ─
  Joint  2 (R-Knee      ) distance=2  ──
  Joint  3 (R-Ankle     ) distance=3  ───
  Joint  4 (L-Hip       ) distance=1  ─
  Joint  5 (L-Knee      ) distance=2  ──
  Joint  6 (L-Ankle     ) distance=3  ───
  Joint  7 (Spine       ) distance=1  ─
  Joint  8 (Thorax      ) distance=2  ──
  Joint  9 (Neck        ) distance=3  ───
  Joint 10 (Head        ) distance=4  ────
  Joint 11 (L-Shoulder  ) distance=3  ───
  Joint 12 (L-Elbow     ) distance=4  ────
  Joint 13 (L-Wrist     ) distance=5  ─────
  Joint 14 (R-Shoulder  ) distance=3  ───
  Joint 15 (R-Elbow     ) distance=4  ────
  Joint 16 (R-Wrist     ) distance=5  ─────

✓ True ST-GCN sanity check passed — output shape: torch.Size([2])
✓ Total trainable parameters: 3,069,320
✓ STGCN_Regression (True ST-GCN, Yan et al. AAAI 2018) defined
Device : cuda
GPU    : Tesla V100-PCIE-32GB
✓ centre_and_scale and run_epoch (regression) defined
=================================================================
Quality score distribution audit
=================================================================
  ✓ Saved → /mvdlph/masa/GCN_SingleView_Regression_Results/run_2026_05_15_15_24_22/plots/split_quality_distributions.png

Split    Type              n    mean     std    min    25%    50%    75%    max
----------------------------------------------------------------------
Train    Correct (T≤2)   6037   4.593   0.302   3.68   4.41   4.62   4.84   5.00
Train    Erroneous (T≥3)   3439   3.310   0.781   1.34   2.83   3.44   3.86   4.82

Val      Correct (T≤2)   1905   4.648   0.300   3.56   4.50   4.72   4.86   5.00
Val      Erroneous (T≥3)    885   3.337   0.601   2.28   2.85   3.20   3.80   4.72

Test     Correct (T≤2)   2015   4.491   0.417   3.40   4.20   4.58   4.80   5.00
Test     Erroneous (T≥3)   1091   3.183   0.535   2.14   2.74   3.22   3.54   4.38

=================================================================
Person distribution across splits
=================================================================
  Train : ['P0', 'P10', 'P14', 'P15', 'P2', 'P3', 'P4', 'P5', 'P7']
  Val   : ['P1', 'P11', 'P6']
  Test  : ['P12', 'P13', 'P8', 'P9']

Per-person quality mean per split:

  Train:
         mean    std  count
person                     
P0      4.509  0.341    857
P10     3.281  0.914   1499
P14     3.660  0.847   1354
P15     3.647  0.702   1412
P2      4.729  0.191    882
P3      4.594  0.221    864
P4      4.575  0.269    858
P5      4.663  0.261    880
P7      4.655  0.226    870

  Val:
         mean    std  count
person                     
P1      4.795  0.138    866
P11     3.523  0.699   1087
P6      4.570  0.280    837

  Test:
         mean    std  count
person                     
P12     3.148  0.661    668
P13     3.684  0.648    693
P8      4.603  0.324    872
P9      4.413  0.459    873

=================================================================
Exercise balance across splits
=================================================================
    Train  Val  Test  Train%  Val%  Test%
E0    961  326   464    10.1  11.7   14.9
E1    965  316   326    10.2  11.3   10.5
E2    829  295   258     8.7  10.6    8.3
E3    979  298   319    10.3  10.7   10.3
E4    970  322   286    10.2  11.5    9.2
E5    933  312   321     9.8  11.2   10.3
E6    954  302   314    10.1  10.8   10.1
E7    965  304   319    10.2  10.9   10.3
E8    903  181   317     9.5   6.5   10.2
E9   1017  134   182    10.7   4.8    5.9
✓ Plotting helpers (regression) defined
✓ EarlyStopping defined (monitoring MAE)
2026-05-15 15:24:53,673 | INFO | ======================================================================
2026-05-15 15:24:53,674 | INFO | STARTING REGRESSION TRAINING  (with Early Stopping on MAE)
2026-05-15 15:24:53,674 | INFO | ======================================================================
2026-05-15 15:24:53,675 | INFO | train=9476 val=2790 test=3106

════════════════════════════════════════════════════════════════════
  Camera CNone  |  Train: 9476  Val: 2790  Test: 3106
  Patience: 100  |  LR: 1e-4  |  Batch: 48
════════════════════════════════════════════════════════════════════
  Ep   1/300 | Tr loss=0.2656 mae=0.565 r2=0.047 pcc=0.493 | Vl loss=0.2445 mae=0.491 r2=-0.049 pcc=0.487 | ES 0/100 ★
2026-05-15 15:25:34,417 | INFO |   Ep   1/300 | Tr loss=0.2656 mae=0.565 r2=0.047 pcc=0.493 | Vl loss=0.2445 mae=0.491 r2=-0.049 pcc=0.487 | ES 0/100 ★
    ★ val_mae=0.4906  rmse=0.7584  r2=-0.0493  pcc=0.4866
  Ep   2/300 | Tr loss=0.1896 mae=0.459 r2=0.369 pcc=0.634 | Vl loss=0.1044 mae=0.307 r2=0.602 pcc=0.778 | ES 0/100 ★
2026-05-15 15:26:13,248 | INFO |   Ep   2/300 | Tr loss=0.1896 mae=0.459 r2=0.369 pcc=0.634 | Vl loss=0.1044 mae=0.307 r2=0.602 pcc=0.778 | ES 0/100 ★
    ★ val_mae=0.3074  rmse=0.4669  r2=0.6023  pcc=0.7781
  Ep   3/300 | Tr loss=0.1699 mae=0.425 r2=0.441 pcc=0.674 | Vl loss=0.0908 mae=0.285 r2=0.651 pcc=0.822 | ES 0/100 ★
2026-05-15 15:26:51,648 | INFO |   Ep   3/300 | Tr loss=0.1699 mae=0.425 r2=0.441 pcc=0.674 | Vl loss=0.0908 mae=0.285 r2=0.651 pcc=0.822 | ES 0/100 ★
    ★ val_mae=0.2851  rmse=0.4372  r2=0.6513  pcc=0.8222
  Ep   4/300 | Tr loss=0.1615 mae=0.412 r2=0.473 pcc=0.692 | Vl loss=0.0973 mae=0.300 r2=0.621 pcc=0.813 | ES 1/100
2026-05-15 15:27:30,574 | INFO |   Ep   4/300 | Tr loss=0.1615 mae=0.412 r2=0.473 pcc=0.692 | Vl loss=0.0973 mae=0.300 r2=0.621 pcc=0.813 | ES 1/100
  Ep   5/300 | Tr loss=0.1548 mae=0.400 r2=0.498 pcc=0.709 | Vl loss=0.1136 mae=0.319 r2=0.551 pcc=0.829 | ES 2/100
2026-05-15 15:28:09,481 | INFO |   Ep   5/300 | Tr loss=0.1548 mae=0.400 r2=0.498 pcc=0.709 | Vl loss=0.1136 mae=0.319 r2=0.551 pcc=0.829 | ES 2/100
  Ep   6/300 | Tr loss=0.1505 mae=0.393 r2=0.513 pcc=0.719 | Vl loss=0.1357 mae=0.352 r2=0.456 pcc=0.836 | ES 3/100
2026-05-15 15:28:49,169 | INFO |   Ep   6/300 | Tr loss=0.1505 mae=0.393 r2=0.513 pcc=0.719 | Vl loss=0.1357 mae=0.352 r2=0.456 pcc=0.836 | ES 3/100
  Ep   7/300 | Tr loss=0.1475 mae=0.387 r2=0.524 pcc=0.726 | Vl loss=0.0892 mae=0.289 r2=0.660 pcc=0.845 | ES 4/100
2026-05-15 15:29:28,444 | INFO |   Ep   7/300 | Tr loss=0.1475 mae=0.387 r2=0.524 pcc=0.726 | Vl loss=0.0892 mae=0.289 r2=0.660 pcc=0.845 | ES 4/100
  Ep   8/300 | Tr loss=0.1470 mae=0.387 r2=0.525 pcc=0.727 | Vl loss=0.1072 mae=0.308 r2=0.578 pcc=0.846 | ES 5/100
2026-05-15 15:30:07,285 | INFO |   Ep   8/300 | Tr loss=0.1470 mae=0.387 r2=0.525 pcc=0.727 | Vl loss=0.1072 mae=0.308 r2=0.578 pcc=0.846 | ES 5/100
  Ep   9/300 | Tr loss=0.1447 mae=0.380 r2=0.531 pcc=0.731 | Vl loss=0.0859 mae=0.283 r2=0.673 pcc=0.842 | ES 0/100 ★
2026-05-15 15:30:46,160 | INFO |   Ep   9/300 | Tr loss=0.1447 mae=0.380 r2=0.531 pcc=0.731 | Vl loss=0.0859 mae=0.283 r2=0.673 pcc=0.842 | ES 0/100 ★
    ★ val_mae=0.2825  rmse=0.4235  r2=0.6728  pcc=0.8416
  Ep  10/300 | Tr loss=0.1429 mae=0.376 r2=0.538 pcc=0.735 | Vl loss=0.1035 mae=0.311 r2=0.593 pcc=0.842 | ES 1/100
2026-05-15 15:31:25,421 | INFO |   Ep  10/300 | Tr loss=0.1429 mae=0.376 r2=0.538 pcc=0.735 | Vl loss=0.1035 mae=0.311 r2=0.593 pcc=0.842 | ES 1/100
  Ep  11/300 | Tr loss=0.1417 mae=0.375 r2=0.541 pcc=0.737 | Vl loss=0.1169 mae=0.323 r2=0.527 pcc=0.842 | ES 2/100
2026-05-15 15:32:04,029 | INFO |   Ep  11/300 | Tr loss=0.1417 mae=0.375 r2=0.541 pcc=0.737 | Vl loss=0.1169 mae=0.323 r2=0.527 pcc=0.842 | ES 2/100
  Ep  12/300 | Tr loss=0.1396 mae=0.371 r2=0.548 pcc=0.741 | Vl loss=0.0976 mae=0.299 r2=0.616 pcc=0.843 | ES 3/100
2026-05-15 15:32:43,787 | INFO |   Ep  12/300 | Tr loss=0.1396 mae=0.371 r2=0.548 pcc=0.741 | Vl loss=0.0976 mae=0.299 r2=0.616 pcc=0.843 | ES 3/100
  Ep  13/300 | Tr loss=0.1376 mae=0.368 r2=0.554 pcc=0.746 | Vl loss=0.1106 mae=0.317 r2=0.549 pcc=0.844 | ES 4/100
2026-05-15 15:33:23,296 | INFO |   Ep  13/300 | Tr loss=0.1376 mae=0.368 r2=0.554 pcc=0.746 | Vl loss=0.1106 mae=0.317 r2=0.549 pcc=0.844 | ES 4/100
  Ep  14/300 | Tr loss=0.1390 mae=0.370 r2=0.549 pcc=0.742 | Vl loss=0.1295 mae=0.341 r2=0.466 pcc=0.840 | ES 5/100
2026-05-15 15:34:01,945 | INFO |   Ep  14/300 | Tr loss=0.1390 mae=0.370 r2=0.549 pcc=0.742 | Vl loss=0.1295 mae=0.341 r2=0.466 pcc=0.840 | ES 5/100
  Ep  15/300 | Tr loss=0.1371 mae=0.364 r2=0.556 pcc=0.747 | Vl loss=0.1230 mae=0.339 r2=0.497 pcc=0.847 | ES 6/100
2026-05-15 15:34:40,686 | INFO |   Ep  15/300 | Tr loss=0.1371 mae=0.364 r2=0.556 pcc=0.747 | Vl loss=0.1230 mae=0.339 r2=0.497 pcc=0.847 | ES 6/100
  Ep  16/300 | Tr loss=0.1355 mae=0.363 r2=0.561 pcc=0.750 | Vl loss=0.1012 mae=0.317 r2=0.600 pcc=0.844 | ES 7/100
2026-05-15 15:35:19,223 | INFO |   Ep  16/300 | Tr loss=0.1355 mae=0.363 r2=0.561 pcc=0.750 | Vl loss=0.1012 mae=0.317 r2=0.600 pcc=0.844 | ES 7/100
  Ep  17/300 | Tr loss=0.1346 mae=0.362 r2=0.564 pcc=0.752 | Vl loss=0.0843 mae=0.287 r2=0.674 pcc=0.845 | ES 8/100
2026-05-15 15:35:58,610 | INFO |   Ep  17/300 | Tr loss=0.1346 mae=0.362 r2=0.564 pcc=0.752 | Vl loss=0.0843 mae=0.287 r2=0.674 pcc=0.845 | ES 8/100
  Ep  18/300 | Tr loss=0.1341 mae=0.359 r2=0.566 pcc=0.753 | Vl loss=0.0942 mae=0.305 r2=0.634 pcc=0.844 | ES 9/100
2026-05-15 15:36:37,008 | INFO |   Ep  18/300 | Tr loss=0.1341 mae=0.359 r2=0.566 pcc=0.753 | Vl loss=0.0942 mae=0.305 r2=0.634 pcc=0.844 | ES 9/100
  Ep  19/300 | Tr loss=0.1332 mae=0.358 r2=0.569 pcc=0.755 | Vl loss=0.0819 mae=0.287 r2=0.682 pcc=0.843 | ES 10/100
2026-05-15 15:37:16,304 | INFO |   Ep  19/300 | Tr loss=0.1332 mae=0.358 r2=0.569 pcc=0.755 | Vl loss=0.0819 mae=0.287 r2=0.682 pcc=0.843 | ES 10/100
  Ep  20/300 | Tr loss=0.1322 mae=0.356 r2=0.572 pcc=0.757 | Vl loss=0.0819 mae=0.287 r2=0.688 pcc=0.843 | ES 11/100
2026-05-15 15:37:55,515 | INFO |   Ep  20/300 | Tr loss=0.1322 mae=0.356 r2=0.572 pcc=0.757 | Vl loss=0.0819 mae=0.287 r2=0.688 pcc=0.843 | ES 11/100
  Ep  21/300 | Tr loss=0.1321 mae=0.355 r2=0.572 pcc=0.757 | Vl loss=0.0813 mae=0.292 r2=0.694 pcc=0.849 | ES 12/100
2026-05-15 15:38:35,266 | INFO |   Ep  21/300 | Tr loss=0.1321 mae=0.355 r2=0.572 pcc=0.757 | Vl loss=0.0813 mae=0.292 r2=0.694 pcc=0.849 | ES 12/100
  Ep  22/300 | Tr loss=0.1318 mae=0.355 r2=0.573 pcc=0.758 | Vl loss=0.0972 mae=0.314 r2=0.621 pcc=0.835 | ES 13/100
2026-05-15 15:39:13,700 | INFO |   Ep  22/300 | Tr loss=0.1318 mae=0.355 r2=0.573 pcc=0.758 | Vl loss=0.0972 mae=0.314 r2=0.621 pcc=0.835 | ES 13/100
  Ep  23/300 | Tr loss=0.1303 mae=0.354 r2=0.579 pcc=0.761 | Vl loss=0.0887 mae=0.308 r2=0.659 pcc=0.832 | ES 14/100
2026-05-15 15:39:52,233 | INFO |   Ep  23/300 | Tr loss=0.1303 mae=0.354 r2=0.579 pcc=0.761 | Vl loss=0.0887 mae=0.308 r2=0.659 pcc=0.832 | ES 14/100
  Ep  24/300 | Tr loss=0.1313 mae=0.355 r2=0.574 pcc=0.758 | Vl loss=0.0928 mae=0.316 r2=0.643 pcc=0.831 | ES 15/100
2026-05-15 15:40:30,674 | INFO |   Ep  24/300 | Tr loss=0.1313 mae=0.355 r2=0.574 pcc=0.758 | Vl loss=0.0928 mae=0.316 r2=0.643 pcc=0.831 | ES 15/100
  Ep  25/300 | Tr loss=0.1295 mae=0.352 r2=0.581 pcc=0.763 | Vl loss=0.1069 mae=0.343 r2=0.583 pcc=0.827 | ES 16/100
2026-05-15 15:41:09,664 | INFO |   Ep  25/300 | Tr loss=0.1295 mae=0.352 r2=0.581 pcc=0.763 | Vl loss=0.1069 mae=0.343 r2=0.583 pcc=0.827 | ES 16/100
  Ep  26/300 | Tr loss=0.1293 mae=0.352 r2=0.581 pcc=0.763 | Vl loss=0.0990 mae=0.320 r2=0.606 pcc=0.815 | ES 17/100
2026-05-15 15:41:48,450 | INFO |   Ep  26/300 | Tr loss=0.1293 mae=0.352 r2=0.581 pcc=0.763 | Vl loss=0.0990 mae=0.320 r2=0.606 pcc=0.815 | ES 17/100
  Ep  27/300 | Tr loss=0.1297 mae=0.352 r2=0.581 pcc=0.763 | Vl loss=0.0921 mae=0.306 r2=0.643 pcc=0.834 | ES 18/100
2026-05-15 15:42:27,025 | INFO |   Ep  27/300 | Tr loss=0.1297 mae=0.352 r2=0.581 pcc=0.763 | Vl loss=0.0921 mae=0.306 r2=0.643 pcc=0.834 | ES 18/100
  Ep  28/300 | Tr loss=0.1304 mae=0.353 r2=0.577 pcc=0.760 | Vl loss=0.0878 mae=0.302 r2=0.660 pcc=0.843 | ES 19/100
2026-05-15 15:43:05,661 | INFO |   Ep  28/300 | Tr loss=0.1304 mae=0.353 r2=0.577 pcc=0.760 | Vl loss=0.0878 mae=0.302 r2=0.660 pcc=0.843 | ES 19/100
  Ep  29/300 | Tr loss=0.1291 mae=0.352 r2=0.580 pcc=0.762 | Vl loss=0.0909 mae=0.309 r2=0.649 pcc=0.823 | ES 20/100
2026-05-15 15:43:44,111 | INFO |   Ep  29/300 | Tr loss=0.1291 mae=0.352 r2=0.580 pcc=0.762 | Vl loss=0.0909 mae=0.309 r2=0.649 pcc=0.823 | ES 20/100
  Ep  30/300 | Tr loss=0.1284 mae=0.351 r2=0.584 pcc=0.765 | Vl loss=0.0911 mae=0.311 r2=0.645 pcc=0.823 | ES 21/100
2026-05-15 15:44:23,048 | INFO |   Ep  30/300 | Tr loss=0.1284 mae=0.351 r2=0.584 pcc=0.765 | Vl loss=0.0911 mae=0.311 r2=0.645 pcc=0.823 | ES 21/100
  Ep  31/300 | Tr loss=0.1274 mae=0.346 r2=0.588 pcc=0.767 | Vl loss=0.0860 mae=0.293 r2=0.664 pcc=0.831 | ES 22/100
2026-05-15 15:45:01,555 | INFO |   Ep  31/300 | Tr loss=0.1274 mae=0.346 r2=0.588 pcc=0.767 | Vl loss=0.0860 mae=0.293 r2=0.664 pcc=0.831 | ES 22/100
  Ep  32/300 | Tr loss=0.1279 mae=0.348 r2=0.586 pcc=0.766 | Vl loss=0.0920 mae=0.310 r2=0.645 pcc=0.826 | ES 23/100
2026-05-15 15:45:40,175 | INFO |   Ep  32/300 | Tr loss=0.1279 mae=0.348 r2=0.586 pcc=0.766 | Vl loss=0.0920 mae=0.310 r2=0.645 pcc=0.826 | ES 23/100
  Ep  33/300 | Tr loss=0.1270 mae=0.348 r2=0.590 pcc=0.768 | Vl loss=0.0914 mae=0.301 r2=0.640 pcc=0.819 | ES 24/100
2026-05-15 15:46:19,609 | INFO |   Ep  33/300 | Tr loss=0.1270 mae=0.348 r2=0.590 pcc=0.768 | Vl loss=0.0914 mae=0.301 r2=0.640 pcc=0.819 | ES 24/100
  Ep  34/300 | Tr loss=0.1266 mae=0.347 r2=0.590 pcc=0.769 | Vl loss=0.0965 mae=0.315 r2=0.622 pcc=0.814 | ES 25/100
2026-05-15 15:47:00,003 | INFO |   Ep  34/300 | Tr loss=0.1266 mae=0.347 r2=0.590 pcc=0.769 | Vl loss=0.0965 mae=0.315 r2=0.622 pcc=0.814 | ES 25/100
  Ep  35/300 | Tr loss=0.1269 mae=0.348 r2=0.589 pcc=0.768 | Vl loss=0.0955 mae=0.307 r2=0.625 pcc=0.820 | ES 26/100
2026-05-15 15:47:38,407 | INFO |   Ep  35/300 | Tr loss=0.1269 mae=0.348 r2=0.589 pcc=0.768 | Vl loss=0.0955 mae=0.307 r2=0.625 pcc=0.820 | ES 26/100
  Ep  36/300 | Tr loss=0.1257 mae=0.345 r2=0.593 pcc=0.771 | Vl loss=0.0900 mae=0.300 r2=0.654 pcc=0.816 | ES 27/100
2026-05-15 15:48:18,889 | INFO |   Ep  36/300 | Tr loss=0.1257 mae=0.345 r2=0.593 pcc=0.771 | Vl loss=0.0900 mae=0.300 r2=0.654 pcc=0.816 | ES 27/100
  Ep  37/300 | Tr loss=0.1256 mae=0.344 r2=0.592 pcc=0.770 | Vl loss=0.0970 mae=0.316 r2=0.621 pcc=0.820 | ES 28/100
2026-05-15 15:48:57,412 | INFO |   Ep  37/300 | Tr loss=0.1256 mae=0.344 r2=0.592 pcc=0.770 | Vl loss=0.0970 mae=0.316 r2=0.621 pcc=0.820 | ES 28/100
  Ep  38/300 | Tr loss=0.1254 mae=0.345 r2=0.594 pcc=0.771 | Vl loss=0.0941 mae=0.299 r2=0.631 pcc=0.810 | ES 29/100
2026-05-15 15:49:35,813 | INFO |   Ep  38/300 | Tr loss=0.1254 mae=0.345 r2=0.594 pcc=0.771 | Vl loss=0.0941 mae=0.299 r2=0.631 pcc=0.810 | ES 29/100
  Ep  39/300 | Tr loss=0.1257 mae=0.345 r2=0.593 pcc=0.770 | Vl loss=0.0966 mae=0.316 r2=0.621 pcc=0.815 | ES 30/100
2026-05-15 15:50:15,112 | INFO |   Ep  39/300 | Tr loss=0.1257 mae=0.345 r2=0.593 pcc=0.770 | Vl loss=0.0966 mae=0.316 r2=0.621 pcc=0.815 | ES 30/100
  Ep  40/300 | Tr loss=0.1254 mae=0.343 r2=0.594 pcc=0.771 | Vl loss=0.0954 mae=0.317 r2=0.631 pcc=0.814 | ES 31/100
2026-05-15 15:50:53,785 | INFO |   Ep  40/300 | Tr loss=0.1254 mae=0.343 r2=0.594 pcc=0.771 | Vl loss=0.0954 mae=0.317 r2=0.631 pcc=0.814 | ES 31/100
  Ep  41/300 | Tr loss=0.1252 mae=0.345 r2=0.596 pcc=0.772 | Vl loss=0.0947 mae=0.308 r2=0.628 pcc=0.814 | ES 32/100
2026-05-15 15:51:33,089 | INFO |   Ep  41/300 | Tr loss=0.1252 mae=0.345 r2=0.596 pcc=0.772 | Vl loss=0.0947 mae=0.308 r2=0.628 pcc=0.814 | ES 32/100
  Ep  42/300 | Tr loss=0.1246 mae=0.343 r2=0.597 pcc=0.773 | Vl loss=0.0972 mae=0.336 r2=0.628 pcc=0.810 | ES 33/100
2026-05-15 15:52:13,068 | INFO |   Ep  42/300 | Tr loss=0.1246 mae=0.343 r2=0.597 pcc=0.773 | Vl loss=0.0972 mae=0.336 r2=0.628 pcc=0.810 | ES 33/100
  Ep  43/300 | Tr loss=0.1245 mae=0.344 r2=0.597 pcc=0.773 | Vl loss=0.0904 mae=0.318 r2=0.655 pcc=0.822 | ES 34/100
2026-05-15 15:52:51,830 | INFO |   Ep  43/300 | Tr loss=0.1245 mae=0.344 r2=0.597 pcc=0.773 | Vl loss=0.0904 mae=0.318 r2=0.655 pcc=0.822 | ES 34/100
  Ep  44/300 | Tr loss=0.1252 mae=0.343 r2=0.592 pcc=0.770 | Vl loss=0.0895 mae=0.307 r2=0.655 pcc=0.823 | ES 35/100
2026-05-15 15:53:30,904 | INFO |   Ep  44/300 | Tr loss=0.1252 mae=0.343 r2=0.592 pcc=0.770 | Vl loss=0.0895 mae=0.307 r2=0.655 pcc=0.823 | ES 35/100
  Ep  45/300 | Tr loss=0.1245 mae=0.343 r2=0.597 pcc=0.773 | Vl loss=0.0960 mae=0.314 r2=0.625 pcc=0.810 | ES 36/100
2026-05-15 15:54:09,385 | INFO |   Ep  45/300 | Tr loss=0.1245 mae=0.343 r2=0.597 pcc=0.773 | Vl loss=0.0960 mae=0.314 r2=0.625 pcc=0.810 | ES 36/100
  Ep  46/300 | Tr loss=0.1242 mae=0.342 r2=0.598 pcc=0.773 | Vl loss=0.0909 mae=0.301 r2=0.647 pcc=0.815 | ES 37/100
2026-05-15 15:54:47,889 | INFO |   Ep  46/300 | Tr loss=0.1242 mae=0.342 r2=0.598 pcc=0.773 | Vl loss=0.0909 mae=0.301 r2=0.647 pcc=0.815 | ES 37/100
  Ep  47/300 | Tr loss=0.1243 mae=0.343 r2=0.597 pcc=0.773 | Vl loss=0.0979 mae=0.313 r2=0.615 pcc=0.809 | ES 38/100
2026-05-15 15:55:26,476 | INFO |   Ep  47/300 | Tr loss=0.1243 mae=0.343 r2=0.597 pcc=0.773 | Vl loss=0.0979 mae=0.313 r2=0.615 pcc=0.809 | ES 38/100
  Ep  48/300 | Tr loss=0.1232 mae=0.341 r2=0.602 pcc=0.776 | Vl loss=0.0923 mae=0.308 r2=0.639 pcc=0.818 | ES 39/100
2026-05-15 15:56:05,746 | INFO |   Ep  48/300 | Tr loss=0.1232 mae=0.341 r2=0.602 pcc=0.776 | Vl loss=0.0923 mae=0.308 r2=0.639 pcc=0.818 | ES 39/100
  Ep  49/300 | Tr loss=0.1226 mae=0.341 r2=0.602 pcc=0.776 | Vl loss=0.0900 mae=0.303 r2=0.652 pcc=0.815 | ES 40/100
2026-05-15 15:56:44,333 | INFO |   Ep  49/300 | Tr loss=0.1226 mae=0.341 r2=0.602 pcc=0.776 | Vl loss=0.0900 mae=0.303 r2=0.652 pcc=0.815 | ES 40/100
  Ep  50/300 | Tr loss=0.1215 mae=0.338 r2=0.607 pcc=0.779 | Vl loss=0.0913 mae=0.311 r2=0.646 pcc=0.818 | ES 41/100
2026-05-15 15:57:23,177 | INFO |   Ep  50/300 | Tr loss=0.1215 mae=0.338 r2=0.607 pcc=0.779 | Vl loss=0.0913 mae=0.311 r2=0.646 pcc=0.818 | ES 41/100
  Ep  51/300 | Tr loss=0.1232 mae=0.341 r2=0.599 pcc=0.774 | Vl loss=0.0974 mae=0.314 r2=0.618 pcc=0.815 | ES 42/100
2026-05-15 15:58:01,856 | INFO |   Ep  51/300 | Tr loss=0.1232 mae=0.341 r2=0.599 pcc=0.774 | Vl loss=0.0974 mae=0.314 r2=0.618 pcc=0.815 | ES 42/100
  Ep  52/300 | Tr loss=0.1232 mae=0.340 r2=0.601 pcc=0.775 | Vl loss=0.0931 mae=0.302 r2=0.636 pcc=0.813 | ES 43/100
2026-05-15 15:58:40,513 | INFO |   Ep  52/300 | Tr loss=0.1232 mae=0.340 r2=0.601 pcc=0.775 | Vl loss=0.0931 mae=0.302 r2=0.636 pcc=0.813 | ES 43/100
  Ep  53/300 | Tr loss=0.1222 mae=0.340 r2=0.603 pcc=0.777 | Vl loss=0.0976 mae=0.329 r2=0.622 pcc=0.810 | ES 44/100
2026-05-15 15:59:18,965 | INFO |   Ep  53/300 | Tr loss=0.1222 mae=0.340 r2=0.603 pcc=0.777 | Vl loss=0.0976 mae=0.329 r2=0.622 pcc=0.810 | ES 44/100
  Ep  54/300 | Tr loss=0.1215 mae=0.337 r2=0.606 pcc=0.779 | Vl loss=0.1046 mae=0.339 r2=0.591 pcc=0.806 | ES 45/100
2026-05-15 15:59:57,430 | INFO |   Ep  54/300 | Tr loss=0.1215 mae=0.337 r2=0.606 pcc=0.779 | Vl loss=0.1046 mae=0.339 r2=0.591 pcc=0.806 | ES 45/100
  Ep  55/300 | Tr loss=0.1224 mae=0.340 r2=0.602 pcc=0.776 | Vl loss=0.1023 mae=0.341 r2=0.605 pcc=0.813 | ES 46/100
2026-05-15 16:00:36,048 | INFO |   Ep  55/300 | Tr loss=0.1224 mae=0.340 r2=0.602 pcc=0.776 | Vl loss=0.1023 mae=0.341 r2=0.605 pcc=0.813 | ES 46/100
  Ep  56/300 | Tr loss=0.1232 mae=0.340 r2=0.600 pcc=0.775 | Vl loss=0.0989 mae=0.328 r2=0.616 pcc=0.819 | ES 47/100
2026-05-15 16:01:14,645 | INFO |   Ep  56/300 | Tr loss=0.1232 mae=0.340 r2=0.600 pcc=0.775 | Vl loss=0.0989 mae=0.328 r2=0.616 pcc=0.819 | ES 47/100
  Ep  57/300 | Tr loss=0.1227 mae=0.339 r2=0.603 pcc=0.777 | Vl loss=0.1024 mae=0.330 r2=0.601 pcc=0.808 | ES 48/100
2026-05-15 16:01:53,164 | INFO |   Ep  57/300 | Tr loss=0.1227 mae=0.339 r2=0.603 pcc=0.777 | Vl loss=0.1024 mae=0.330 r2=0.601 pcc=0.808 | ES 48/100
  Ep  58/300 | Tr loss=0.1227 mae=0.339 r2=0.602 pcc=0.777 | Vl loss=0.0939 mae=0.316 r2=0.636 pcc=0.820 | ES 49/100
2026-05-15 16:02:31,666 | INFO |   Ep  58/300 | Tr loss=0.1227 mae=0.339 r2=0.602 pcc=0.777 | Vl loss=0.0939 mae=0.316 r2=0.636 pcc=0.820 | ES 49/100
  Ep  59/300 | Tr loss=0.1208 mae=0.337 r2=0.609 pcc=0.781 | Vl loss=0.0908 mae=0.311 r2=0.651 pcc=0.815 | ES 50/100
2026-05-15 16:03:10,276 | INFO |   Ep  59/300 | Tr loss=0.1208 mae=0.337 r2=0.609 pcc=0.781 | Vl loss=0.0908 mae=0.311 r2=0.651 pcc=0.815 | ES 50/100
Epoch 00060: reducing learning rate of group 0 to 5.0000e-05.
  Ep  60/300 | Tr loss=0.1217 mae=0.339 r2=0.605 pcc=0.778 | Vl loss=0.0934 mae=0.321 r2=0.641 pcc=0.817 | ES 51/100
2026-05-15 16:03:48,947 | INFO |   Ep  60/300 | Tr loss=0.1217 mae=0.339 r2=0.605 pcc=0.778 | Vl loss=0.0934 mae=0.321 r2=0.641 pcc=0.817 | ES 51/100
  Ep  61/300 | Tr loss=0.1210 mae=0.337 r2=0.609 pcc=0.781 | Vl loss=0.0970 mae=0.321 r2=0.624 pcc=0.809 | ES 52/100
2026-05-15 16:04:27,331 | INFO |   Ep  61/300 | Tr loss=0.1210 mae=0.337 r2=0.609 pcc=0.781 | Vl loss=0.0970 mae=0.321 r2=0.624 pcc=0.809 | ES 52/100
  Ep  62/300 | Tr loss=0.1208 mae=0.336 r2=0.609 pcc=0.781 | Vl loss=0.0969 mae=0.320 r2=0.625 pcc=0.811 | ES 53/100
2026-05-15 16:05:05,715 | INFO |   Ep  62/300 | Tr loss=0.1208 mae=0.336 r2=0.609 pcc=0.781 | Vl loss=0.0969 mae=0.320 r2=0.625 pcc=0.811 | ES 53/100
  Ep  63/300 | Tr loss=0.1195 mae=0.334 r2=0.612 pcc=0.783 | Vl loss=0.0958 mae=0.321 r2=0.628 pcc=0.812 | ES 54/100
2026-05-15 16:05:44,052 | INFO |   Ep  63/300 | Tr loss=0.1195 mae=0.334 r2=0.612 pcc=0.783 | Vl loss=0.0958 mae=0.321 r2=0.628 pcc=0.812 | ES 54/100
  Ep  64/300 | Tr loss=0.1206 mae=0.335 r2=0.609 pcc=0.781 | Vl loss=0.0950 mae=0.319 r2=0.631 pcc=0.819 | ES 55/100
2026-05-15 16:06:22,688 | INFO |   Ep  64/300 | Tr loss=0.1206 mae=0.335 r2=0.609 pcc=0.781 | Vl loss=0.0950 mae=0.319 r2=0.631 pcc=0.819 | ES 55/100
  Ep  65/300 | Tr loss=0.1206 mae=0.336 r2=0.611 pcc=0.782 | Vl loss=0.0969 mae=0.327 r2=0.629 pcc=0.807 | ES 56/100
2026-05-15 16:07:01,141 | INFO |   Ep  65/300 | Tr loss=0.1206 mae=0.336 r2=0.611 pcc=0.782 | Vl loss=0.0969 mae=0.327 r2=0.629 pcc=0.807 | ES 56/100
  Ep  66/300 | Tr loss=0.1200 mae=0.335 r2=0.610 pcc=0.781 | Vl loss=0.0978 mae=0.322 r2=0.621 pcc=0.806 | ES 57/100
2026-05-15 16:07:39,626 | INFO |   Ep  66/300 | Tr loss=0.1200 mae=0.335 r2=0.610 pcc=0.781 | Vl loss=0.0978 mae=0.322 r2=0.621 pcc=0.806 | ES 57/100
  Ep  67/300 | Tr loss=0.1203 mae=0.336 r2=0.610 pcc=0.781 | Vl loss=0.0920 mae=0.315 r2=0.648 pcc=0.813 | ES 58/100
2026-05-15 16:08:17,926 | INFO |   Ep  67/300 | Tr loss=0.1203 mae=0.336 r2=0.610 pcc=0.781 | Vl loss=0.0920 mae=0.315 r2=0.648 pcc=0.813 | ES 58/100
  Ep  68/300 | Tr loss=0.1201 mae=0.335 r2=0.611 pcc=0.782 | Vl loss=0.0991 mae=0.324 r2=0.614 pcc=0.807 | ES 59/100
2026-05-15 16:08:56,429 | INFO |   Ep  68/300 | Tr loss=0.1201 mae=0.335 r2=0.611 pcc=0.782 | Vl loss=0.0991 mae=0.324 r2=0.614 pcc=0.807 | ES 59/100
  Ep  69/300 | Tr loss=0.1203 mae=0.336 r2=0.610 pcc=0.782 | Vl loss=0.0930 mae=0.320 r2=0.642 pcc=0.819 | ES 60/100
2026-05-15 16:09:34,765 | INFO |   Ep  69/300 | Tr loss=0.1203 mae=0.336 r2=0.610 pcc=0.782 | Vl loss=0.0930 mae=0.320 r2=0.642 pcc=0.819 | ES 60/100
  Ep  70/300 | Tr loss=0.1196 mae=0.334 r2=0.611 pcc=0.782 | Vl loss=0.0952 mae=0.326 r2=0.632 pcc=0.815 | ES 61/100
2026-05-15 16:10:13,181 | INFO |   Ep  70/300 | Tr loss=0.1196 mae=0.334 r2=0.611 pcc=0.782 | Vl loss=0.0952 mae=0.326 r2=0.632 pcc=0.815 | ES 61/100
  Ep  71/300 | Tr loss=0.1198 mae=0.333 r2=0.611 pcc=0.782 | Vl loss=0.0968 mae=0.325 r2=0.624 pcc=0.808 | ES 62/100
2026-05-15 16:10:51,878 | INFO |   Ep  71/300 | Tr loss=0.1198 mae=0.333 r2=0.611 pcc=0.782 | Vl loss=0.0968 mae=0.325 r2=0.624 pcc=0.808 | ES 62/100
  Ep  72/300 | Tr loss=0.1206 mae=0.336 r2=0.609 pcc=0.780 | Vl loss=0.0943 mae=0.322 r2=0.636 pcc=0.812 | ES 63/100
2026-05-15 16:11:30,327 | INFO |   Ep  72/300 | Tr loss=0.1206 mae=0.336 r2=0.609 pcc=0.780 | Vl loss=0.0943 mae=0.322 r2=0.636 pcc=0.812 | ES 63/100
  Ep  73/300 | Tr loss=0.1184 mae=0.332 r2=0.616 pcc=0.785 | Vl loss=0.0955 mae=0.322 r2=0.630 pcc=0.805 | ES 64/100
2026-05-15 16:12:08,841 | INFO |   Ep  73/300 | Tr loss=0.1184 mae=0.332 r2=0.616 pcc=0.785 | Vl loss=0.0955 mae=0.322 r2=0.630 pcc=0.805 | ES 64/100
  Ep  74/300 | Tr loss=0.1196 mae=0.332 r2=0.613 pcc=0.783 | Vl loss=0.0918 mae=0.305 r2=0.643 pcc=0.814 | ES 65/100
2026-05-15 16:12:47,204 | INFO |   Ep  74/300 | Tr loss=0.1196 mae=0.332 r2=0.613 pcc=0.783 | Vl loss=0.0918 mae=0.305 r2=0.643 pcc=0.814 | ES 65/100
  Ep  75/300 | Tr loss=0.1192 mae=0.333 r2=0.614 pcc=0.784 | Vl loss=0.1011 mae=0.333 r2=0.604 pcc=0.799 | ES 66/100
2026-05-15 16:13:25,657 | INFO |   Ep  75/300 | Tr loss=0.1192 mae=0.333 r2=0.614 pcc=0.784 | Vl loss=0.1011 mae=0.333 r2=0.604 pcc=0.799 | ES 66/100
  Ep  76/300 | Tr loss=0.1186 mae=0.332 r2=0.616 pcc=0.785 | Vl loss=0.0937 mae=0.313 r2=0.635 pcc=0.806 | ES 67/100
2026-05-15 16:14:04,019 | INFO |   Ep  76/300 | Tr loss=0.1186 mae=0.332 r2=0.616 pcc=0.785 | Vl loss=0.0937 mae=0.313 r2=0.635 pcc=0.806 | ES 67/100
  Ep  77/300 | Tr loss=0.1194 mae=0.333 r2=0.613 pcc=0.783 | Vl loss=0.0922 mae=0.309 r2=0.646 pcc=0.810 | ES 68/100
2026-05-15 16:14:42,432 | INFO |   Ep  77/300 | Tr loss=0.1194 mae=0.333 r2=0.613 pcc=0.783 | Vl loss=0.0922 mae=0.309 r2=0.646 pcc=0.810 | ES 68/100
  Ep  78/300 | Tr loss=0.1188 mae=0.332 r2=0.615 pcc=0.784 | Vl loss=0.0987 mae=0.339 r2=0.623 pcc=0.812 | ES 69/100
2026-05-15 16:15:20,904 | INFO |   Ep  78/300 | Tr loss=0.1188 mae=0.332 r2=0.615 pcc=0.784 | Vl loss=0.0987 mae=0.339 r2=0.623 pcc=0.812 | ES 69/100
  Ep  79/300 | Tr loss=0.1192 mae=0.332 r2=0.614 pcc=0.784 | Vl loss=0.0955 mae=0.324 r2=0.632 pcc=0.811 | ES 70/100
2026-05-15 16:15:59,225 | INFO |   Ep  79/300 | Tr loss=0.1192 mae=0.332 r2=0.614 pcc=0.784 | Vl loss=0.0955 mae=0.324 r2=0.632 pcc=0.811 | ES 70/100
  Ep  80/300 | Tr loss=0.1190 mae=0.332 r2=0.614 pcc=0.784 | Vl loss=0.0979 mae=0.334 r2=0.626 pcc=0.805 | ES 71/100
2026-05-15 16:16:37,647 | INFO |   Ep  80/300 | Tr loss=0.1190 mae=0.332 r2=0.614 pcc=0.784 | Vl loss=0.0979 mae=0.334 r2=0.626 pcc=0.805 | ES 71/100
  Ep  81/300 | Tr loss=0.1184 mae=0.332 r2=0.616 pcc=0.785 | Vl loss=0.0942 mae=0.322 r2=0.639 pcc=0.811 | ES 72/100
2026-05-15 16:17:16,005 | INFO |   Ep  81/300 | Tr loss=0.1184 mae=0.332 r2=0.616 pcc=0.785 | Vl loss=0.0942 mae=0.322 r2=0.639 pcc=0.811 | ES 72/100
  Ep  82/300 | Tr loss=0.1192 mae=0.333 r2=0.615 pcc=0.784 | Vl loss=0.0949 mae=0.320 r2=0.637 pcc=0.810 | ES 73/100
2026-05-15 16:17:54,473 | INFO |   Ep  82/300 | Tr loss=0.1192 mae=0.333 r2=0.615 pcc=0.784 | Vl loss=0.0949 mae=0.320 r2=0.637 pcc=0.810 | ES 73/100
  Ep  83/300 | Tr loss=0.1189 mae=0.330 r2=0.615 pcc=0.785 | Vl loss=0.0956 mae=0.325 r2=0.633 pcc=0.809 | ES 74/100
2026-05-15 16:18:33,186 | INFO |   Ep  83/300 | Tr loss=0.1189 mae=0.330 r2=0.615 pcc=0.785 | Vl loss=0.0956 mae=0.325 r2=0.633 pcc=0.809 | ES 74/100
  Ep  84/300 | Tr loss=0.1191 mae=0.333 r2=0.613 pcc=0.783 | Vl loss=0.0936 mae=0.319 r2=0.639 pcc=0.816 | ES 75/100
2026-05-15 16:19:12,034 | INFO |   Ep  84/300 | Tr loss=0.1191 mae=0.333 r2=0.613 pcc=0.783 | Vl loss=0.0936 mae=0.319 r2=0.639 pcc=0.816 | ES 75/100
  Ep  85/300 | Tr loss=0.1187 mae=0.331 r2=0.615 pcc=0.785 | Vl loss=0.0973 mae=0.334 r2=0.630 pcc=0.810 | ES 76/100
2026-05-15 16:19:50,815 | INFO |   Ep  85/300 | Tr loss=0.1187 mae=0.331 r2=0.615 pcc=0.785 | Vl loss=0.0973 mae=0.334 r2=0.630 pcc=0.810 | ES 76/100
  Ep  86/300 | Tr loss=0.1191 mae=0.331 r2=0.614 pcc=0.784 | Vl loss=0.0931 mae=0.317 r2=0.641 pcc=0.814 | ES 77/100
2026-05-15 16:20:29,853 | INFO |   Ep  86/300 | Tr loss=0.1191 mae=0.331 r2=0.614 pcc=0.784 | Vl loss=0.0931 mae=0.317 r2=0.641 pcc=0.814 | ES 77/100
  Ep  87/300 | Tr loss=0.1192 mae=0.332 r2=0.615 pcc=0.784 | Vl loss=0.0957 mae=0.327 r2=0.632 pcc=0.810 | ES 78/100
2026-05-15 16:21:08,570 | INFO |   Ep  87/300 | Tr loss=0.1192 mae=0.332 r2=0.615 pcc=0.784 | Vl loss=0.0957 mae=0.327 r2=0.632 pcc=0.810 | ES 78/100
  Ep  88/300 | Tr loss=0.1185 mae=0.332 r2=0.615 pcc=0.785 | Vl loss=0.0923 mae=0.321 r2=0.646 pcc=0.820 | ES 79/100
2026-05-15 16:21:47,137 | INFO |   Ep  88/300 | Tr loss=0.1185 mae=0.332 r2=0.615 pcc=0.785 | Vl loss=0.0923 mae=0.321 r2=0.646 pcc=0.820 | ES 79/100
  Ep  89/300 | Tr loss=0.1183 mae=0.333 r2=0.616 pcc=0.785 | Vl loss=0.0955 mae=0.323 r2=0.630 pcc=0.813 | ES 80/100
2026-05-15 16:22:25,690 | INFO |   Ep  89/300 | Tr loss=0.1183 mae=0.333 r2=0.616 pcc=0.785 | Vl loss=0.0955 mae=0.323 r2=0.630 pcc=0.813 | ES 80/100
  Ep  90/300 | Tr loss=0.1184 mae=0.332 r2=0.617 pcc=0.786 | Vl loss=0.0946 mae=0.316 r2=0.634 pcc=0.806 | ES 81/100
2026-05-15 16:23:04,332 | INFO |   Ep  90/300 | Tr loss=0.1184 mae=0.332 r2=0.617 pcc=0.786 | Vl loss=0.0946 mae=0.316 r2=0.634 pcc=0.806 | ES 81/100
  Ep  91/300 | Tr loss=0.1171 mae=0.329 r2=0.621 pcc=0.788 | Vl loss=0.0974 mae=0.327 r2=0.621 pcc=0.807 | ES 82/100
2026-05-15 16:23:42,978 | INFO |   Ep  91/300 | Tr loss=0.1171 mae=0.329 r2=0.621 pcc=0.788 | Vl loss=0.0974 mae=0.327 r2=0.621 pcc=0.807 | ES 82/100
  Ep  92/300 | Tr loss=0.1178 mae=0.330 r2=0.617 pcc=0.786 | Vl loss=0.0956 mae=0.321 r2=0.628 pcc=0.814 | ES 83/100
2026-05-15 16:24:21,845 | INFO |   Ep  92/300 | Tr loss=0.1178 mae=0.330 r2=0.617 pcc=0.786 | Vl loss=0.0956 mae=0.321 r2=0.628 pcc=0.814 | ES 83/100
  Ep  93/300 | Tr loss=0.1182 mae=0.330 r2=0.616 pcc=0.785 | Vl loss=0.0892 mae=0.312 r2=0.661 pcc=0.822 | ES 84/100
2026-05-15 16:25:00,665 | INFO |   Ep  93/300 | Tr loss=0.1182 mae=0.330 r2=0.616 pcc=0.785 | Vl loss=0.0892 mae=0.312 r2=0.661 pcc=0.822 | ES 84/100
  Ep  94/300 | Tr loss=0.1170 mae=0.329 r2=0.620 pcc=0.788 | Vl loss=0.0922 mae=0.316 r2=0.646 pcc=0.815 | ES 85/100
2026-05-15 16:25:39,114 | INFO |   Ep  94/300 | Tr loss=0.1170 mae=0.329 r2=0.620 pcc=0.788 | Vl loss=0.0922 mae=0.316 r2=0.646 pcc=0.815 | ES 85/100
  Ep  95/300 | Tr loss=0.1181 mae=0.331 r2=0.616 pcc=0.785 | Vl loss=0.0958 mae=0.327 r2=0.631 pcc=0.806 | ES 86/100
2026-05-15 16:26:17,585 | INFO |   Ep  95/300 | Tr loss=0.1181 mae=0.331 r2=0.616 pcc=0.785 | Vl loss=0.0958 mae=0.327 r2=0.631 pcc=0.806 | ES 86/100
  Ep  96/300 | Tr loss=0.1186 mae=0.331 r2=0.616 pcc=0.785 | Vl loss=0.0981 mae=0.324 r2=0.618 pcc=0.804 | ES 87/100
2026-05-15 16:26:56,240 | INFO |   Ep  96/300 | Tr loss=0.1186 mae=0.331 r2=0.616 pcc=0.785 | Vl loss=0.0981 mae=0.324 r2=0.618 pcc=0.804 | ES 87/100
  Ep  97/300 | Tr loss=0.1173 mae=0.329 r2=0.620 pcc=0.787 | Vl loss=0.0962 mae=0.329 r2=0.630 pcc=0.810 | ES 88/100
2026-05-15 16:27:35,012 | INFO |   Ep  97/300 | Tr loss=0.1173 mae=0.329 r2=0.620 pcc=0.787 | Vl loss=0.0962 mae=0.329 r2=0.630 pcc=0.810 | ES 88/100
  Ep  98/300 | Tr loss=0.1168 mae=0.328 r2=0.622 pcc=0.789 | Vl loss=0.1015 mae=0.340 r2=0.606 pcc=0.807 | ES 89/100
2026-05-15 16:28:13,633 | INFO |   Ep  98/300 | Tr loss=0.1168 mae=0.328 r2=0.622 pcc=0.789 | Vl loss=0.1015 mae=0.340 r2=0.606 pcc=0.807 | ES 89/100
  Ep  99/300 | Tr loss=0.1180 mae=0.332 r2=0.616 pcc=0.786 | Vl loss=0.0956 mae=0.322 r2=0.630 pcc=0.806 | ES 90/100
2026-05-15 16:28:52,202 | INFO |   Ep  99/300 | Tr loss=0.1180 mae=0.332 r2=0.616 pcc=0.786 | Vl loss=0.0956 mae=0.322 r2=0.630 pcc=0.806 | ES 90/100
  Ep 100/300 | Tr loss=0.1174 mae=0.328 r2=0.619 pcc=0.787 | Vl loss=0.0965 mae=0.321 r2=0.625 pcc=0.808 | ES 91/100
2026-05-15 16:29:30,788 | INFO |   Ep 100/300 | Tr loss=0.1174 mae=0.328 r2=0.619 pcc=0.787 | Vl loss=0.0965 mae=0.321 r2=0.625 pcc=0.808 | ES 91/100
  Ep 101/300 | Tr loss=0.1168 mae=0.328 r2=0.620 pcc=0.788 | Vl loss=0.0929 mae=0.310 r2=0.641 pcc=0.813 | ES 92/100
2026-05-15 16:30:09,461 | INFO |   Ep 101/300 | Tr loss=0.1168 mae=0.328 r2=0.620 pcc=0.788 | Vl loss=0.0929 mae=0.310 r2=0.641 pcc=0.813 | ES 92/100
  Ep 102/300 | Tr loss=0.1179 mae=0.330 r2=0.617 pcc=0.786 | Vl loss=0.0949 mae=0.318 r2=0.634 pcc=0.807 | ES 93/100
2026-05-15 16:30:47,926 | INFO |   Ep 102/300 | Tr loss=0.1179 mae=0.330 r2=0.617 pcc=0.786 | Vl loss=0.0949 mae=0.318 r2=0.634 pcc=0.807 | ES 93/100
  Ep 103/300 | Tr loss=0.1166 mae=0.328 r2=0.622 pcc=0.789 | Vl loss=0.0983 mae=0.328 r2=0.619 pcc=0.800 | ES 94/100
2026-05-15 16:31:26,719 | INFO |   Ep 103/300 | Tr loss=0.1166 mae=0.328 r2=0.622 pcc=0.789 | Vl loss=0.0983 mae=0.328 r2=0.619 pcc=0.800 | ES 94/100
  Ep 104/300 | Tr loss=0.1170 mae=0.329 r2=0.620 pcc=0.788 | Vl loss=0.0967 mae=0.325 r2=0.628 pcc=0.806 | ES 95/100
2026-05-15 16:32:05,191 | INFO |   Ep 104/300 | Tr loss=0.1170 mae=0.329 r2=0.620 pcc=0.788 | Vl loss=0.0967 mae=0.325 r2=0.628 pcc=0.806 | ES 95/100
  Ep 105/300 | Tr loss=0.1165 mae=0.328 r2=0.622 pcc=0.789 | Vl loss=0.1011 mae=0.335 r2=0.607 pcc=0.804 | ES 96/100
2026-05-15 16:32:43,900 | INFO |   Ep 105/300 | Tr loss=0.1165 mae=0.328 r2=0.622 pcc=0.789 | Vl loss=0.1011 mae=0.335 r2=0.607 pcc=0.804 | ES 96/100
  Ep 106/300 | Tr loss=0.1171 mae=0.328 r2=0.618 pcc=0.787 | Vl loss=0.0979 mae=0.335 r2=0.626 pcc=0.806 | ES 97/100
2026-05-15 16:33:22,409 | INFO |   Ep 106/300 | Tr loss=0.1171 mae=0.328 r2=0.618 pcc=0.787 | Vl loss=0.0979 mae=0.335 r2=0.626 pcc=0.806 | ES 97/100
  Ep 107/300 | Tr loss=0.1174 mae=0.330 r2=0.619 pcc=0.787 | Vl loss=0.0968 mae=0.325 r2=0.625 pcc=0.805 | ES 98/100
2026-05-15 16:34:00,874 | INFO |   Ep 107/300 | Tr loss=0.1174 mae=0.330 r2=0.619 pcc=0.787 | Vl loss=0.0968 mae=0.325 r2=0.625 pcc=0.805 | ES 98/100
  Ep 108/300 | Tr loss=0.1169 mae=0.328 r2=0.620 pcc=0.788 | Vl loss=0.1007 mae=0.339 r2=0.610 pcc=0.801 | ES 99/100
2026-05-15 16:34:39,355 | INFO |   Ep 108/300 | Tr loss=0.1169 mae=0.328 r2=0.620 pcc=0.788 | Vl loss=0.1007 mae=0.339 r2=0.610 pcc=0.801 | ES 99/100
  Ep 109/300 | Tr loss=0.1171 mae=0.329 r2=0.619 pcc=0.787 | Vl loss=0.1003 mae=0.334 r2=0.610 pcc=0.799 | ES 100/100
2026-05-15 16:35:17,997 | INFO |   Ep 109/300 | Tr loss=0.1171 mae=0.329 r2=0.619 pcc=0.787 | Vl loss=0.1003 mae=0.334 r2=0.610 pcc=0.799 | ES 100/100

  ⏹  Early stopping at epoch 109 (best=9)
2026-05-15 16:35:17,997 | INFO | Early stopping at epoch 109 best=9

✓ Training complete!

  ── Final Test Results (best epoch = 9) ──────────────────
  Loss : 0.1397
  RMSE : 0.5369
  MAE  : 0.4058
  R²   : 0.5221
  ✓ Saved → /mvdlph/masa/GCN_SingleView_Regression_Results/run_2026_05_15_15_24_22/plots/loss_curve.png
  ✓ Saved → /mvdlph/masa/GCN_SingleView_Regression_Results/run_2026_05_15_15_24_22/plots/rmse_mae.png
  ✓ Saved → /mvdlph/masa/GCN_SingleView_Regression_Results/run_2026_05_15_15_24_22/plots/r2_curve.png
  ✓ Saved → /mvdlph/masa/GCN_SingleView_Regression_Results/run_2026_05_15_15_24_22/plots/pcc_curve.png
  ✓ Saved → /mvdlph/masa/GCN_SingleView_Regression_Results/run_2026_05_15_15_24_22/plots/regression_scatter_test.png
  ✓ Saved → /mvdlph/masa/GCN_SingleView_Regression_Results/run_2026_05_15_15_24_22/plots/early_stopping.png
  ✓ History → /mvdlph/masa/GCN_SingleView_Regression_Results/run_2026_05_15_15_24_22/logs/training_history.json
============================================================
DIAGNOSTIC 1: Per-exercise skeleton variance (C0)
============================================================
  Exercise      X-var      Y-var      Z-var  Z/X ratio
-------------------------------------------------------
        E0     0.0455     0.0091     0.0698      1.536
        E1     0.0456     0.0094     0.0689      1.510
        E2     0.0461     0.0090     0.0698      1.516
        E3     0.0483     0.0095     0.0700      1.449
        E4     0.0441     0.0092     0.0676      1.533
        E5     0.0519     0.0101     0.0721      1.389
        E6     0.0441     0.0099     0.0721      1.634
        E7     0.0453     0.0093     0.0685      1.513
        E8     0.0532     0.0097     0.0713      1.341
        E9     0.0485     0.0090     0.0706      1.455

============================================================
DIAGNOSTIC 2: Quality score distribution per split
============================================================
 Train: mean=4.127 std=0.812 min=1.34 max=5.00 | correct=6037 erroneous=3439
   Val: mean=4.232 std=0.741 min=2.28 max=5.00 | correct=1905 erroneous=885
  Test: mean=4.032 std=0.777 min=2.14 max=5.00 | correct=2015 erroneous=1091
  ✓ History NPZ → /mvdlph/masa/GCN_SingleView_Regression_Results/run_2026_05_15_15_24_22/logs/training_history.npz
  ✓ Test predictions NPZ → /mvdlph/masa/GCN_SingleView_Regression_Results/run_2026_05_15_15_24_22/logs/test_predictions.npz
========================================================================
  Exercise         n      MAE     RMSE       R²      PCC
────────────────────────────────────────────────────────────────────────
  E0             464   0.4019   0.5013   0.5898   0.8536
  E1             326   0.4444   0.5598   0.5427   0.8699
  E2             258   0.3125   0.4223   0.7431   0.8727
  E3             319   0.7606   0.8413  -0.5597   0.4074
  E4             286   0.6005   0.6470   0.2686   0.8122
  E5             321   0.3285   0.4720   0.3023   0.6909
  E6             314   0.2596   0.3713   0.6776   0.8362
  E7             319   0.3860   0.5203   0.0526   0.3543
  E8             317   0.2859   0.4951   0.6196   0.7897
  E9             182   0.1834   0.1859  -0.0277  -0.2158
────────────────────────────────────────────────────────────────────────
  Overall       3106   0.4058   0.5369   0.5221   0.7459
========================================================================

  ✓ Per-exercise CSV → /mvdlph/masa/GCN_SingleView_Regression_Results/run_2026_05_15_15_24_22/logs/per_exercise_metrics.csv
  ✓ Per-exercise scatter grid → /mvdlph/masa/GCN_SingleView_Regression_Results/run_2026_05_15_15_24_22/plots/per_exercise_scatter.png
  ✓ Per-exercise bar chart → /mvdlph/masa/GCN_SingleView_Regression_Results/run_2026_05_15_15_24_22/plots/per_exercise_bar.png
  ✓ Per-exercise metrics NPZ → /mvdlph/masa/GCN_SingleView_Regression_Results/run_2026_05_15_15_24_22/logs/per_exercise_metrics.npz
============================================================
  TRAINING SUMMARY — ST-GCN Regression (Single View)
============================================================
  Best Epoch       : 9  (stopped at 109)
  Best Val MAE     : 0.2825
  Best Val RMSE    : 0.4235
  Best Val R²      : 0.6728
  Best Val PCC     : 0.8416
────────────────────────────────────────────────────────────
  Test MAE         : 0.4058
  Test RMSE        : 0.5369
  Test R²          : 0.5221
  Test PCC         : 0.7459
============================================================
2026-05-15 16:35:34,799 | INFO | Best Epoch=9  stopped_epoch=109
2026-05-15 16:35:34,800 | INFO | Test MAE=0.4058
2026-05-15 16:35:34,800 | INFO | Test RMSE=0.5369
2026-05-15 16:35:34,800 | INFO | Test R²=0.5221
2026-05-15 16:35:34,801 | INFO | Test PCC=0.7459

✓ Summary CSV (overall + per-exercise) → /mvdlph/masa/GCN_SingleView_Regression_Results/training_summary.csv
