✓ stdout → also writing to /mvdlph/masa/GCN_SingleView_Regression_Results/run_2026_05_15_12_40_30/logs/training_20260515_124030.log
2026-05-15 12:40:31,000 | INFO | ======================================================================
2026-05-15 12:40:31,000 | INFO | ST-GCN Single-View Regression | BZU Physiotherapy Dataset
2026-05-15 12:40:31,000 | INFO | Camera : CNone  |  Split : 70/15/15  |  Epochs : 300  |  Patience : 80
2026-05-15 12:40:31,001 | INFO | Log file : /mvdlph/masa/GCN_SingleView_Regression_Results/run_2026_05_15_12_40_30/logs/training_20260515_124030.log
2026-05-15 12:40:31,001 | INFO | ======================================================================
✓ parse_filename and load_skeleton defined

[TRAIN] NPZ files found : 9477
  Samples          : 9477
  Unique trials    : 327
  Quality mean±std : 4.127 ± 0.812
  Exercise dist    :
0     961
1     966
2     829
3     979
4     970
5     933
6     954
7     965
8     903
9    1017

[VALID] NPZ files found : 2790
  Samples          : 2790
  Unique trials    : 100
  Quality mean±std : 4.232 ± 0.741
  Exercise dist    :
0    326
1    316
2    295
3    298
4    322
5    312
6    302
7    304
8    181
9    134

[TEST] NPZ files found : 3108
  Samples          : 3108
  Unique trials    : 107
  Quality mean±std : 4.031 ± 0.777
  Exercise dist    :
0    465
1    326
2    258
3    319
4    287
5    321
6    314
7    319
8    317
9    182

Checking for corrupted files...
  [TRAIN] Removing 1 corrupted file(s)
  [TRAIN] Clean samples : 9476
  [VALID] Clean samples : 2790
  [TEST] Removing 2 corrupted file(s)
  [TEST] Clean samples : 3106

✓ No data-leakage detected across splits

════════════════════════════════════════════════════════════════════
  Split     Samples   Correct   Erroneous   Q mean   Q std   Q min   Q max
  ──────────────────────────────────────────────────────────────────
  Train        9476      6037        3439    4.127   0.812   1.340   5.000
  Val          2790      1905         885    4.232   0.741   2.280   5.000
  Test         3106      2015        1091    4.032   0.777   2.140   5.000
════════════════════════════════════════════════════════════════════

✓ Pre-split index ready  →  train / val / test DataFrames built
0    5147
1    5101
2    5124
Name: camera, dtype: int64

الكاميرات الموجودة: [0, 1, 2]
camera      0    1    2
exercise               
0         579  588  584
1         532  539  536
2         463  445  474
3         525  545  526
4         522  532  524
5         525  516  525
6         529  529  512
7         529  532  527
8         486  430  485
9         457  445  431
E0: correct=3 trials, erroneous=4 trials
E1: correct=3 trials, erroneous=4 trials
E2: correct=3 trials, erroneous=4 trials
E3: correct=3 trials, erroneous=4 trials
E4: correct=3 trials, erroneous=4 trials
E5: correct=3 trials, erroneous=4 trials
E6: correct=3 trials, erroneous=4 trials
E7: correct=3 trials, erroneous=4 trials
E8: correct=3 trials, erroneous=4 trials
E9: correct=3 trials, erroneous=4 trials
Frame length distribution (sample of 500 files):
  min    = 28
  max    = 301
  mean   = 100.0
  median = 91.0
  std    = 39.3

Percentiles:
   25th = 72
   50th = 91
   75th = 121
   90th = 145
   95th = 176
   99th = 231

Value counts (top 10):
    79 frames →   14 files (2.8%)
    91 frames →   12 files (2.4%)
    87 frames →   11 files (2.2%)
    68 frames →   11 files (2.2%)
    90 frames →   10 files (2.0%)
   107 frames →    9 files (1.8%)
    76 frames →    9 files (1.8%)
    71 frames →    9 files (1.8%)
    84 frames →    8 files (1.6%)
    81 frames →    8 files (1.6%)
✓ Skeleton visualisation helpers defined
person                                                     P0
exercise                                                    0
trial_id                                                   T0
segment                                                     0
filepath    /mvdlph/Dataset_CVDLPT_Videos_Segments_P0P15_M...
Name: 10, dtype: object
Skeleton shape : (61, 17, 3)
X range : [-0.369, 0.592]
Y range : [-0.193, 0.198]
Z range : [0.000, 0.994]
  ✓ Skeleton plot saved → /mvdlph/masa/GCN_SingleView_Regression_Results/run_2026_05_15_12_40_30/plots/sample_skeleton_3views.png
  ✓ Motion frames saved → /mvdlph/masa/GCN_SingleView_Regression_Results/run_2026_05_15_12_40_30/plots/sample_skeleton_motion.png
Axis ranges across all frames:
X: [-0.369, 0.592] — likely left/right
Y: [-0.193, 0.198] — likely ???
Z: [0.000, 0.994] — likely height

Hip  mean XYZ: [0.         0.         0.32057488]
Head mean XYZ: [-0.14265826 -0.18420231  0.9668146 ]

Difference (head - hip): [-0.14265826 -0.18420231  0.6462397 ]

Camera 0:
  Hip  XYZ: [0.    0.    0.324]
  Head XYZ: [-0.144 -0.183  0.968]
  X range: [-0.37, 0.59]
  Z range: [0.00, 0.99]

Camera 1:
  Hip  XYZ: [0.    0.    0.321]
  Head XYZ: [-0.143 -0.184  0.967]
  X range: [-0.37, 0.59]
  Z range: [0.00, 0.99]

Camera 2:
  Hip  XYZ: [0.    0.    0.316]
  Head XYZ: [-0.142 -0.185  0.966]
  X range: [-0.37, 0.59]
  Z range: [0.00, 0.99]
✓ BZUDataset defined (regression only)
Joint distances from Hip (body center):
  Joint  0 (Hip         ) distance=0  
  Joint  1 (R-Hip       ) distance=1  ─
  Joint  2 (R-Knee      ) distance=2  ──
  Joint  3 (R-Ankle     ) distance=3  ───
  Joint  4 (L-Hip       ) distance=1  ─
  Joint  5 (L-Knee      ) distance=2  ──
  Joint  6 (L-Ankle     ) distance=3  ───
  Joint  7 (Spine       ) distance=1  ─
  Joint  8 (Thorax      ) distance=2  ──
  Joint  9 (Neck        ) distance=3  ───
  Joint 10 (Head        ) distance=4  ────
  Joint 11 (L-Shoulder  ) distance=3  ───
  Joint 12 (L-Elbow     ) distance=4  ────
  Joint 13 (L-Wrist     ) distance=5  ─────
  Joint 14 (R-Shoulder  ) distance=3  ───
  Joint 15 (R-Elbow     ) distance=4  ────
  Joint 16 (R-Wrist     ) distance=5  ─────

✓ True ST-GCN sanity check passed — output shape: torch.Size([2])
✓ Total trainable parameters: 3,069,320
✓ STGCN_Regression (True ST-GCN, Yan et al. AAAI 2018) defined
Device : cuda
GPU    : Tesla V100-PCIE-32GB
✓ centre_and_scale and run_epoch (regression) defined
=================================================================
Quality score distribution audit
=================================================================
  ✓ Saved → /mvdlph/masa/GCN_SingleView_Regression_Results/run_2026_05_15_12_40_30/plots/split_quality_distributions.png

Split    Type              n    mean     std    min    25%    50%    75%    max
----------------------------------------------------------------------
Train    Correct (T≤2)   6037   4.593   0.302   3.68   4.41   4.62   4.84   5.00
Train    Erroneous (T≥3)   3439   3.310   0.781   1.34   2.83   3.44   3.86   4.82

Val      Correct (T≤2)   1905   4.648   0.300   3.56   4.50   4.72   4.86   5.00
Val      Erroneous (T≥3)    885   3.337   0.601   2.28   2.85   3.20   3.80   4.72

Test     Correct (T≤2)   2015   4.491   0.417   3.40   4.20   4.58   4.80   5.00
Test     Erroneous (T≥3)   1091   3.183   0.535   2.14   2.74   3.22   3.54   4.38

=================================================================
Person distribution across splits
=================================================================
  Train : ['P0', 'P10', 'P14', 'P15', 'P2', 'P3', 'P4', 'P5', 'P7']
  Val   : ['P1', 'P11', 'P6']
  Test  : ['P12', 'P13', 'P8', 'P9']

Per-person quality mean per split:

  Train:
         mean    std  count
person                     
P0      4.509  0.341    857
P10     3.281  0.914   1499
P14     3.660  0.847   1354
P15     3.647  0.702   1412
P2      4.729  0.191    882
P3      4.594  0.221    864
P4      4.575  0.269    858
P5      4.663  0.261    880
P7      4.655  0.226    870

  Val:
         mean    std  count
person                     
P1      4.795  0.138    866
P11     3.523  0.699   1087
P6      4.570  0.280    837

  Test:
         mean    std  count
person                     
P12     3.148  0.661    668
P13     3.684  0.648    693
P8      4.603  0.324    872
P9      4.413  0.459    873

=================================================================
Exercise balance across splits
=================================================================
    Train  Val  Test  Train%  Val%  Test%
E0    961  326   464    10.1  11.7   14.9
E1    965  316   326    10.2  11.3   10.5
E2    829  295   258     8.7  10.6    8.3
E3    979  298   319    10.3  10.7   10.3
E4    970  322   286    10.2  11.5    9.2
E5    933  312   321     9.8  11.2   10.3
E6    954  302   314    10.1  10.8   10.1
E7    965  304   319    10.2  10.9   10.3
E8    903  181   317     9.5   6.5   10.2
E9   1017  134   182    10.7   4.8    5.9
✓ Plotting helpers (regression) defined
✓ EarlyStopping defined (monitoring MAE)
2026-05-15 12:41:01,231 | INFO | ======================================================================
2026-05-15 12:41:01,231 | INFO | STARTING REGRESSION TRAINING  (with Early Stopping on MAE)
2026-05-15 12:41:01,232 | INFO | ======================================================================
2026-05-15 12:41:01,232 | INFO | train=9476 val=2790 test=3106

════════════════════════════════════════════════════════════════════
  Camera CNone  |  Train: 9476  Val: 2790  Test: 3106
  Patience: 80  |  LR: 1e-4  |  Batch: 48
════════════════════════════════════════════════════════════════════
  Ep   1/300 | Tr loss=0.2712 mae=0.561 r2=-0.003 pcc=0.455 | Vl loss=0.2462 mae=0.503 r2=-0.061 pcc=0.547 | ES 0/80 ★
2026-05-15 12:41:40,799 | INFO |   Ep   1/300 | Tr loss=0.2712 mae=0.561 r2=-0.003 pcc=0.455 | Vl loss=0.2462 mae=0.503 r2=-0.061 pcc=0.547 | ES 0/80 ★
    ★ val_mae=0.5034  rmse=0.7626  r2=-0.0609  pcc=0.5473
  Ep   2/300 | Tr loss=0.1771 mae=0.437 r2=0.414 pcc=0.657 | Vl loss=0.0879 mae=0.287 r2=0.668 pcc=0.821 | ES 0/80 ★
2026-05-15 12:42:19,383 | INFO |   Ep   2/300 | Tr loss=0.1771 mae=0.437 r2=0.414 pcc=0.657 | Vl loss=0.0879 mae=0.287 r2=0.668 pcc=0.821 | ES 0/80 ★
    ★ val_mae=0.2867  rmse=0.4266  r2=0.6680  pcc=0.8207
  Ep   3/300 | Tr loss=0.1619 mae=0.412 r2=0.470 pcc=0.691 | Vl loss=0.1065 mae=0.303 r2=0.583 pcc=0.837 | ES 1/80
2026-05-15 12:42:57,925 | INFO |   Ep   3/300 | Tr loss=0.1619 mae=0.412 r2=0.470 pcc=0.691 | Vl loss=0.1065 mae=0.303 r2=0.583 pcc=0.837 | ES 1/80
  Ep   4/300 | Tr loss=0.1563 mae=0.403 r2=0.492 pcc=0.706 | Vl loss=0.0861 mae=0.275 r2=0.672 pcc=0.836 | ES 0/80 ★
2026-05-15 12:43:36,451 | INFO |   Ep   4/300 | Tr loss=0.1563 mae=0.403 r2=0.492 pcc=0.706 | Vl loss=0.0861 mae=0.275 r2=0.672 pcc=0.836 | ES 0/80 ★
    ★ val_mae=0.2747  rmse=0.4240  r2=0.6720  pcc=0.8357
  Ep   5/300 | Tr loss=0.1543 mae=0.398 r2=0.499 pcc=0.710 | Vl loss=0.0899 mae=0.278 r2=0.657 pcc=0.829 | ES 1/80
2026-05-15 12:44:15,032 | INFO |   Ep   5/300 | Tr loss=0.1543 mae=0.398 r2=0.499 pcc=0.710 | Vl loss=0.0899 mae=0.278 r2=0.657 pcc=0.829 | ES 1/80
  Ep   6/300 | Tr loss=0.1520 mae=0.391 r2=0.507 pcc=0.715 | Vl loss=0.0921 mae=0.298 r2=0.647 pcc=0.840 | ES 2/80
2026-05-15 12:44:53,566 | INFO |   Ep   6/300 | Tr loss=0.1520 mae=0.391 r2=0.507 pcc=0.715 | Vl loss=0.0921 mae=0.298 r2=0.647 pcc=0.840 | ES 2/80
  Ep   7/300 | Tr loss=0.1485 mae=0.388 r2=0.519 pcc=0.723 | Vl loss=0.1640 mae=0.402 r2=0.325 pcc=0.832 | ES 3/80
2026-05-15 12:45:31,944 | INFO |   Ep   7/300 | Tr loss=0.1485 mae=0.388 r2=0.519 pcc=0.723 | Vl loss=0.1640 mae=0.402 r2=0.325 pcc=0.832 | ES 3/80
  Ep   8/300 | Tr loss=0.1468 mae=0.383 r2=0.526 pcc=0.727 | Vl loss=0.1128 mae=0.316 r2=0.554 pcc=0.822 | ES 4/80
2026-05-15 12:46:10,825 | INFO |   Ep   8/300 | Tr loss=0.1468 mae=0.383 r2=0.526 pcc=0.727 | Vl loss=0.1128 mae=0.316 r2=0.554 pcc=0.822 | ES 4/80
  Ep   9/300 | Tr loss=0.1445 mae=0.378 r2=0.534 pcc=0.733 | Vl loss=0.1149 mae=0.323 r2=0.544 pcc=0.830 | ES 5/80
2026-05-15 12:46:49,130 | INFO |   Ep   9/300 | Tr loss=0.1445 mae=0.378 r2=0.534 pcc=0.733 | Vl loss=0.1149 mae=0.323 r2=0.544 pcc=0.830 | ES 5/80
  Ep  10/300 | Tr loss=0.1444 mae=0.378 r2=0.533 pcc=0.732 | Vl loss=0.0830 mae=0.279 r2=0.684 pcc=0.847 | ES 6/80
2026-05-15 12:47:27,676 | INFO |   Ep  10/300 | Tr loss=0.1444 mae=0.378 r2=0.533 pcc=0.732 | Vl loss=0.0830 mae=0.279 r2=0.684 pcc=0.847 | ES 6/80
  Ep  11/300 | Tr loss=0.1413 mae=0.373 r2=0.544 pcc=0.739 | Vl loss=0.0963 mae=0.313 r2=0.630 pcc=0.836 | ES 7/80
2026-05-15 12:48:06,304 | INFO |   Ep  11/300 | Tr loss=0.1413 mae=0.373 r2=0.544 pcc=0.739 | Vl loss=0.0963 mae=0.313 r2=0.630 pcc=0.836 | ES 7/80
  Ep  12/300 | Tr loss=0.1399 mae=0.371 r2=0.548 pcc=0.741 | Vl loss=0.0852 mae=0.286 r2=0.673 pcc=0.853 | ES 8/80
2026-05-15 12:48:45,037 | INFO |   Ep  12/300 | Tr loss=0.1399 mae=0.371 r2=0.548 pcc=0.741 | Vl loss=0.0852 mae=0.286 r2=0.673 pcc=0.853 | ES 8/80
  Ep  13/300 | Tr loss=0.1407 mae=0.372 r2=0.543 pcc=0.738 | Vl loss=0.0919 mae=0.297 r2=0.645 pcc=0.853 | ES 9/80
2026-05-15 12:49:23,531 | INFO |   Ep  13/300 | Tr loss=0.1407 mae=0.372 r2=0.543 pcc=0.738 | Vl loss=0.0919 mae=0.297 r2=0.645 pcc=0.853 | ES 9/80
  Ep  14/300 | Tr loss=0.1384 mae=0.368 r2=0.551 pcc=0.743 | Vl loss=0.1208 mae=0.342 r2=0.521 pcc=0.844 | ES 10/80
2026-05-15 12:50:01,835 | INFO |   Ep  14/300 | Tr loss=0.1384 mae=0.368 r2=0.551 pcc=0.743 | Vl loss=0.1208 mae=0.342 r2=0.521 pcc=0.844 | ES 10/80
  Ep  15/300 | Tr loss=0.1370 mae=0.366 r2=0.559 pcc=0.749 | Vl loss=0.0981 mae=0.307 r2=0.619 pcc=0.840 | ES 11/80
2026-05-15 12:50:40,360 | INFO |   Ep  15/300 | Tr loss=0.1370 mae=0.366 r2=0.559 pcc=0.749 | Vl loss=0.0981 mae=0.307 r2=0.619 pcc=0.840 | ES 11/80
  Ep  16/300 | Tr loss=0.1371 mae=0.365 r2=0.556 pcc=0.747 | Vl loss=0.0966 mae=0.304 r2=0.626 pcc=0.845 | ES 12/80
2026-05-15 12:51:19,071 | INFO |   Ep  16/300 | Tr loss=0.1371 mae=0.365 r2=0.556 pcc=0.747 | Vl loss=0.0966 mae=0.304 r2=0.626 pcc=0.845 | ES 12/80
  Ep  17/300 | Tr loss=0.1366 mae=0.364 r2=0.559 pcc=0.748 | Vl loss=0.0921 mae=0.300 r2=0.643 pcc=0.847 | ES 13/80
2026-05-15 12:51:57,473 | INFO |   Ep  17/300 | Tr loss=0.1366 mae=0.364 r2=0.559 pcc=0.748 | Vl loss=0.0921 mae=0.300 r2=0.643 pcc=0.847 | ES 13/80
  Ep  18/300 | Tr loss=0.1368 mae=0.362 r2=0.557 pcc=0.748 | Vl loss=0.0808 mae=0.291 r2=0.696 pcc=0.853 | ES 14/80
2026-05-15 12:52:36,293 | INFO |   Ep  18/300 | Tr loss=0.1368 mae=0.362 r2=0.557 pcc=0.748 | Vl loss=0.0808 mae=0.291 r2=0.696 pcc=0.853 | ES 14/80
  Ep  19/300 | Tr loss=0.1360 mae=0.361 r2=0.559 pcc=0.748 | Vl loss=0.0806 mae=0.289 r2=0.696 pcc=0.848 | ES 15/80
2026-05-15 12:53:14,867 | INFO |   Ep  19/300 | Tr loss=0.1360 mae=0.361 r2=0.559 pcc=0.748 | Vl loss=0.0806 mae=0.289 r2=0.696 pcc=0.848 | ES 15/80
  Ep  20/300 | Tr loss=0.1343 mae=0.360 r2=0.566 pcc=0.753 | Vl loss=0.0843 mae=0.302 r2=0.682 pcc=0.839 | ES 16/80
2026-05-15 12:53:53,130 | INFO |   Ep  20/300 | Tr loss=0.1343 mae=0.360 r2=0.566 pcc=0.753 | Vl loss=0.0843 mae=0.302 r2=0.682 pcc=0.839 | ES 16/80
  Ep  21/300 | Tr loss=0.1347 mae=0.360 r2=0.566 pcc=0.753 | Vl loss=0.0925 mae=0.312 r2=0.648 pcc=0.835 | ES 17/80
2026-05-15 12:54:31,860 | INFO |   Ep  21/300 | Tr loss=0.1347 mae=0.360 r2=0.566 pcc=0.753 | Vl loss=0.0925 mae=0.312 r2=0.648 pcc=0.835 | ES 17/80
  Ep  22/300 | Tr loss=0.1325 mae=0.355 r2=0.570 pcc=0.756 | Vl loss=0.0889 mae=0.303 r2=0.662 pcc=0.839 | ES 18/80
2026-05-15 12:55:10,560 | INFO |   Ep  22/300 | Tr loss=0.1325 mae=0.355 r2=0.570 pcc=0.756 | Vl loss=0.0889 mae=0.303 r2=0.662 pcc=0.839 | ES 18/80
  Ep  23/300 | Tr loss=0.1338 mae=0.358 r2=0.564 pcc=0.752 | Vl loss=0.0858 mae=0.309 r2=0.678 pcc=0.832 | ES 19/80
2026-05-15 12:55:49,194 | INFO |   Ep  23/300 | Tr loss=0.1338 mae=0.358 r2=0.564 pcc=0.752 | Vl loss=0.0858 mae=0.309 r2=0.678 pcc=0.832 | ES 19/80
  Ep  24/300 | Tr loss=0.1316 mae=0.355 r2=0.573 pcc=0.758 | Vl loss=0.0922 mae=0.314 r2=0.650 pcc=0.827 | ES 20/80
2026-05-15 12:56:27,817 | INFO |   Ep  24/300 | Tr loss=0.1316 mae=0.355 r2=0.573 pcc=0.758 | Vl loss=0.0922 mae=0.314 r2=0.650 pcc=0.827 | ES 20/80
  Ep  25/300 | Tr loss=0.1320 mae=0.355 r2=0.572 pcc=0.757 | Vl loss=0.0887 mae=0.315 r2=0.664 pcc=0.837 | ES 21/80
2026-05-15 12:57:06,349 | INFO |   Ep  25/300 | Tr loss=0.1320 mae=0.355 r2=0.572 pcc=0.757 | Vl loss=0.0887 mae=0.315 r2=0.664 pcc=0.837 | ES 21/80
  Ep  26/300 | Tr loss=0.1295 mae=0.352 r2=0.582 pcc=0.763 | Vl loss=0.0915 mae=0.318 r2=0.654 pcc=0.821 | ES 22/80
2026-05-15 12:57:44,751 | INFO |   Ep  26/300 | Tr loss=0.1295 mae=0.352 r2=0.582 pcc=0.763 | Vl loss=0.0915 mae=0.318 r2=0.654 pcc=0.821 | ES 22/80
  Ep  27/300 | Tr loss=0.1295 mae=0.351 r2=0.581 pcc=0.763 | Vl loss=0.1085 mae=0.347 r2=0.578 pcc=0.802 | ES 23/80
2026-05-15 12:58:23,282 | INFO |   Ep  27/300 | Tr loss=0.1295 mae=0.351 r2=0.581 pcc=0.763 | Vl loss=0.1085 mae=0.347 r2=0.578 pcc=0.802 | ES 23/80
  Ep  28/300 | Tr loss=0.1300 mae=0.352 r2=0.580 pcc=0.762 | Vl loss=0.0890 mae=0.305 r2=0.658 pcc=0.839 | ES 24/80
2026-05-15 12:59:01,739 | INFO |   Ep  28/300 | Tr loss=0.1300 mae=0.352 r2=0.580 pcc=0.762 | Vl loss=0.0890 mae=0.305 r2=0.658 pcc=0.839 | ES 24/80
  Ep  29/300 | Tr loss=0.1289 mae=0.351 r2=0.583 pcc=0.764 | Vl loss=0.0989 mae=0.324 r2=0.619 pcc=0.808 | ES 25/80
2026-05-15 12:59:40,215 | INFO |   Ep  29/300 | Tr loss=0.1289 mae=0.351 r2=0.583 pcc=0.764 | Vl loss=0.0989 mae=0.324 r2=0.619 pcc=0.808 | ES 25/80
  Ep  30/300 | Tr loss=0.1285 mae=0.349 r2=0.583 pcc=0.764 | Vl loss=0.0918 mae=0.318 r2=0.651 pcc=0.820 | ES 26/80
2026-05-15 13:00:18,611 | INFO |   Ep  30/300 | Tr loss=0.1285 mae=0.349 r2=0.583 pcc=0.764 | Vl loss=0.0918 mae=0.318 r2=0.651 pcc=0.820 | ES 26/80
  Ep  31/300 | Tr loss=0.1296 mae=0.352 r2=0.581 pcc=0.763 | Vl loss=0.0963 mae=0.331 r2=0.634 pcc=0.810 | ES 27/80
2026-05-15 13:00:57,287 | INFO |   Ep  31/300 | Tr loss=0.1296 mae=0.352 r2=0.581 pcc=0.763 | Vl loss=0.0963 mae=0.331 r2=0.634 pcc=0.810 | ES 27/80
  Ep  32/300 | Tr loss=0.1287 mae=0.350 r2=0.582 pcc=0.763 | Vl loss=0.0956 mae=0.321 r2=0.633 pcc=0.817 | ES 28/80
2026-05-15 13:01:35,571 | INFO |   Ep  32/300 | Tr loss=0.1287 mae=0.350 r2=0.582 pcc=0.763 | Vl loss=0.0956 mae=0.321 r2=0.633 pcc=0.817 | ES 28/80
  Ep  33/300 | Tr loss=0.1269 mae=0.347 r2=0.590 pcc=0.768 | Vl loss=0.0983 mae=0.313 r2=0.615 pcc=0.815 | ES 29/80
2026-05-15 13:02:13,810 | INFO |   Ep  33/300 | Tr loss=0.1269 mae=0.347 r2=0.590 pcc=0.768 | Vl loss=0.0983 mae=0.313 r2=0.615 pcc=0.815 | ES 29/80
  Ep  34/300 | Tr loss=0.1286 mae=0.349 r2=0.584 pcc=0.765 | Vl loss=0.0914 mae=0.312 r2=0.651 pcc=0.822 | ES 30/80
2026-05-15 13:02:52,174 | INFO |   Ep  34/300 | Tr loss=0.1286 mae=0.349 r2=0.584 pcc=0.765 | Vl loss=0.0914 mae=0.312 r2=0.651 pcc=0.822 | ES 30/80
Epoch 00035: reducing learning rate of group 0 to 5.0000e-05.
  Ep  35/300 | Tr loss=0.1273 mae=0.347 r2=0.588 pcc=0.767 | Vl loss=0.0912 mae=0.318 r2=0.653 pcc=0.826 | ES 31/80
2026-05-15 13:03:30,777 | INFO |   Ep  35/300 | Tr loss=0.1273 mae=0.347 r2=0.588 pcc=0.767 | Vl loss=0.0912 mae=0.318 r2=0.653 pcc=0.826 | ES 31/80
  Ep  36/300 | Tr loss=0.1268 mae=0.346 r2=0.590 pcc=0.768 | Vl loss=0.0920 mae=0.311 r2=0.645 pcc=0.822 | ES 32/80
2026-05-15 13:04:09,241 | INFO |   Ep  36/300 | Tr loss=0.1268 mae=0.346 r2=0.590 pcc=0.768 | Vl loss=0.0920 mae=0.311 r2=0.645 pcc=0.822 | ES 32/80
  Ep  37/300 | Tr loss=0.1261 mae=0.344 r2=0.590 pcc=0.769 | Vl loss=0.0972 mae=0.318 r2=0.620 pcc=0.822 | ES 33/80
2026-05-15 13:04:47,650 | INFO |   Ep  37/300 | Tr loss=0.1261 mae=0.344 r2=0.590 pcc=0.769 | Vl loss=0.0972 mae=0.318 r2=0.620 pcc=0.822 | ES 33/80
  Ep  38/300 | Tr loss=0.1248 mae=0.343 r2=0.597 pcc=0.773 | Vl loss=0.0930 mae=0.315 r2=0.643 pcc=0.816 | ES 34/80
2026-05-15 13:05:26,438 | INFO |   Ep  38/300 | Tr loss=0.1248 mae=0.343 r2=0.597 pcc=0.773 | Vl loss=0.0930 mae=0.315 r2=0.643 pcc=0.816 | ES 34/80
  Ep  39/300 | Tr loss=0.1242 mae=0.342 r2=0.599 pcc=0.775 | Vl loss=0.0906 mae=0.308 r2=0.651 pcc=0.823 | ES 35/80
2026-05-15 13:06:05,009 | INFO |   Ep  39/300 | Tr loss=0.1242 mae=0.342 r2=0.599 pcc=0.775 | Vl loss=0.0906 mae=0.308 r2=0.651 pcc=0.823 | ES 35/80
  Ep  40/300 | Tr loss=0.1253 mae=0.345 r2=0.594 pcc=0.771 | Vl loss=0.0901 mae=0.312 r2=0.656 pcc=0.820 | ES 36/80
2026-05-15 13:06:43,388 | INFO |   Ep  40/300 | Tr loss=0.1253 mae=0.345 r2=0.594 pcc=0.771 | Vl loss=0.0901 mae=0.312 r2=0.656 pcc=0.820 | ES 36/80
  Ep  41/300 | Tr loss=0.1242 mae=0.344 r2=0.598 pcc=0.774 | Vl loss=0.0900 mae=0.309 r2=0.656 pcc=0.821 | ES 37/80
2026-05-15 13:07:21,710 | INFO |   Ep  41/300 | Tr loss=0.1242 mae=0.344 r2=0.598 pcc=0.774 | Vl loss=0.0900 mae=0.309 r2=0.656 pcc=0.821 | ES 37/80
  Ep  42/300 | Tr loss=0.1248 mae=0.342 r2=0.597 pcc=0.773 | Vl loss=0.0939 mae=0.318 r2=0.641 pcc=0.817 | ES 38/80
2026-05-15 13:08:00,169 | INFO |   Ep  42/300 | Tr loss=0.1248 mae=0.342 r2=0.597 pcc=0.773 | Vl loss=0.0939 mae=0.318 r2=0.641 pcc=0.817 | ES 38/80
  Ep  43/300 | Tr loss=0.1245 mae=0.342 r2=0.598 pcc=0.774 | Vl loss=0.0975 mae=0.316 r2=0.621 pcc=0.813 | ES 39/80
2026-05-15 13:08:38,606 | INFO |   Ep  43/300 | Tr loss=0.1245 mae=0.342 r2=0.598 pcc=0.774 | Vl loss=0.0975 mae=0.316 r2=0.621 pcc=0.813 | ES 39/80
  Ep  44/300 | Tr loss=0.1235 mae=0.341 r2=0.603 pcc=0.777 | Vl loss=0.0917 mae=0.311 r2=0.646 pcc=0.817 | ES 40/80
2026-05-15 13:09:17,043 | INFO |   Ep  44/300 | Tr loss=0.1235 mae=0.341 r2=0.603 pcc=0.777 | Vl loss=0.0917 mae=0.311 r2=0.646 pcc=0.817 | ES 40/80
  Ep  45/300 | Tr loss=0.1242 mae=0.342 r2=0.598 pcc=0.773 | Vl loss=0.0870 mae=0.306 r2=0.670 pcc=0.829 | ES 41/80
2026-05-15 13:09:55,708 | INFO |   Ep  45/300 | Tr loss=0.1242 mae=0.342 r2=0.598 pcc=0.773 | Vl loss=0.0870 mae=0.306 r2=0.670 pcc=0.829 | ES 41/80
  Ep  46/300 | Tr loss=0.1236 mae=0.342 r2=0.600 pcc=0.775 | Vl loss=0.0923 mae=0.316 r2=0.648 pcc=0.815 | ES 42/80
2026-05-15 13:10:34,152 | INFO |   Ep  46/300 | Tr loss=0.1236 mae=0.342 r2=0.600 pcc=0.775 | Vl loss=0.0923 mae=0.316 r2=0.648 pcc=0.815 | ES 42/80
  Ep  47/300 | Tr loss=0.1242 mae=0.343 r2=0.598 pcc=0.774 | Vl loss=0.0950 mae=0.325 r2=0.638 pcc=0.814 | ES 43/80
2026-05-15 13:11:12,430 | INFO |   Ep  47/300 | Tr loss=0.1242 mae=0.343 r2=0.598 pcc=0.774 | Vl loss=0.0950 mae=0.325 r2=0.638 pcc=0.814 | ES 43/80
  Ep  48/300 | Tr loss=0.1237 mae=0.341 r2=0.599 pcc=0.774 | Vl loss=0.0934 mae=0.312 r2=0.642 pcc=0.817 | ES 44/80
2026-05-15 13:11:50,892 | INFO |   Ep  48/300 | Tr loss=0.1237 mae=0.341 r2=0.599 pcc=0.774 | Vl loss=0.0934 mae=0.312 r2=0.642 pcc=0.817 | ES 44/80
  Ep  49/300 | Tr loss=0.1236 mae=0.340 r2=0.601 pcc=0.775 | Vl loss=0.0837 mae=0.298 r2=0.682 pcc=0.831 | ES 45/80
2026-05-15 13:12:29,326 | INFO |   Ep  49/300 | Tr loss=0.1236 mae=0.340 r2=0.601 pcc=0.775 | Vl loss=0.0837 mae=0.298 r2=0.682 pcc=0.831 | ES 45/80
  Ep  50/300 | Tr loss=0.1234 mae=0.341 r2=0.599 pcc=0.775 | Vl loss=0.0923 mae=0.318 r2=0.648 pcc=0.814 | ES 46/80
2026-05-15 13:13:07,737 | INFO |   Ep  50/300 | Tr loss=0.1234 mae=0.341 r2=0.599 pcc=0.775 | Vl loss=0.0923 mae=0.318 r2=0.648 pcc=0.814 | ES 46/80
  Ep  51/300 | Tr loss=0.1231 mae=0.340 r2=0.602 pcc=0.776 | Vl loss=0.0949 mae=0.316 r2=0.635 pcc=0.805 | ES 47/80
2026-05-15 13:13:46,106 | INFO |   Ep  51/300 | Tr loss=0.1231 mae=0.340 r2=0.602 pcc=0.776 | Vl loss=0.0949 mae=0.316 r2=0.635 pcc=0.805 | ES 47/80
  Ep  52/300 | Tr loss=0.1246 mae=0.343 r2=0.596 pcc=0.773 | Vl loss=0.0917 mae=0.310 r2=0.647 pcc=0.819 | ES 48/80
2026-05-15 13:14:24,497 | INFO |   Ep  52/300 | Tr loss=0.1246 mae=0.343 r2=0.596 pcc=0.773 | Vl loss=0.0917 mae=0.310 r2=0.647 pcc=0.819 | ES 48/80
  Ep  53/300 | Tr loss=0.1232 mae=0.340 r2=0.603 pcc=0.777 | Vl loss=0.0984 mae=0.321 r2=0.617 pcc=0.800 | ES 49/80
2026-05-15 13:15:02,985 | INFO |   Ep  53/300 | Tr loss=0.1232 mae=0.340 r2=0.603 pcc=0.777 | Vl loss=0.0984 mae=0.321 r2=0.617 pcc=0.800 | ES 49/80
  Ep  54/300 | Tr loss=0.1227 mae=0.341 r2=0.603 pcc=0.777 | Vl loss=0.1012 mae=0.326 r2=0.603 pcc=0.793 | ES 50/80
2026-05-15 13:15:41,745 | INFO |   Ep  54/300 | Tr loss=0.1227 mae=0.341 r2=0.603 pcc=0.777 | Vl loss=0.1012 mae=0.326 r2=0.603 pcc=0.793 | ES 50/80
  Ep  55/300 | Tr loss=0.1233 mae=0.340 r2=0.602 pcc=0.777 | Vl loss=0.1001 mae=0.328 r2=0.612 pcc=0.795 | ES 51/80
2026-05-15 13:16:20,142 | INFO |   Ep  55/300 | Tr loss=0.1233 mae=0.340 r2=0.602 pcc=0.777 | Vl loss=0.1001 mae=0.328 r2=0.612 pcc=0.795 | ES 51/80
  Ep  56/300 | Tr loss=0.1229 mae=0.339 r2=0.601 pcc=0.776 | Vl loss=0.1028 mae=0.331 r2=0.599 pcc=0.791 | ES 52/80
2026-05-15 13:16:58,652 | INFO |   Ep  56/300 | Tr loss=0.1229 mae=0.339 r2=0.601 pcc=0.776 | Vl loss=0.1028 mae=0.331 r2=0.599 pcc=0.791 | ES 52/80
  Ep  57/300 | Tr loss=0.1219 mae=0.339 r2=0.606 pcc=0.779 | Vl loss=0.0966 mae=0.321 r2=0.630 pcc=0.798 | ES 53/80
2026-05-15 13:17:36,900 | INFO |   Ep  57/300 | Tr loss=0.1219 mae=0.339 r2=0.606 pcc=0.779 | Vl loss=0.0966 mae=0.321 r2=0.630 pcc=0.798 | ES 53/80
  Ep  58/300 | Tr loss=0.1233 mae=0.340 r2=0.600 pcc=0.775 | Vl loss=0.0959 mae=0.315 r2=0.628 pcc=0.804 | ES 54/80
2026-05-15 13:18:15,405 | INFO |   Ep  58/300 | Tr loss=0.1233 mae=0.340 r2=0.600 pcc=0.775 | Vl loss=0.0959 mae=0.315 r2=0.628 pcc=0.804 | ES 54/80
  Ep  59/300 | Tr loss=0.1229 mae=0.339 r2=0.602 pcc=0.776 | Vl loss=0.0940 mae=0.313 r2=0.637 pcc=0.812 | ES 55/80
2026-05-15 13:18:53,731 | INFO |   Ep  59/300 | Tr loss=0.1229 mae=0.339 r2=0.602 pcc=0.776 | Vl loss=0.0940 mae=0.313 r2=0.637 pcc=0.812 | ES 55/80
  Ep  60/300 | Tr loss=0.1231 mae=0.339 r2=0.603 pcc=0.777 | Vl loss=0.0960 mae=0.316 r2=0.628 pcc=0.800 | ES 56/80
2026-05-15 13:19:31,928 | INFO |   Ep  60/300 | Tr loss=0.1231 mae=0.339 r2=0.603 pcc=0.777 | Vl loss=0.0960 mae=0.316 r2=0.628 pcc=0.800 | ES 56/80
  Ep  61/300 | Tr loss=0.1231 mae=0.339 r2=0.601 pcc=0.776 | Vl loss=0.0937 mae=0.314 r2=0.636 pcc=0.807 | ES 57/80
2026-05-15 13:20:10,750 | INFO |   Ep  61/300 | Tr loss=0.1231 mae=0.339 r2=0.601 pcc=0.776 | Vl loss=0.0937 mae=0.314 r2=0.636 pcc=0.807 | ES 57/80
  Ep  62/300 | Tr loss=0.1217 mae=0.338 r2=0.605 pcc=0.779 | Vl loss=0.0990 mae=0.322 r2=0.613 pcc=0.797 | ES 58/80
2026-05-15 13:20:49,294 | INFO |   Ep  62/300 | Tr loss=0.1217 mae=0.338 r2=0.605 pcc=0.779 | Vl loss=0.0990 mae=0.322 r2=0.613 pcc=0.797 | ES 58/80
  Ep  63/300 | Tr loss=0.1228 mae=0.340 r2=0.604 pcc=0.777 | Vl loss=0.0985 mae=0.323 r2=0.619 pcc=0.797 | ES 59/80
2026-05-15 13:21:27,658 | INFO |   Ep  63/300 | Tr loss=0.1228 mae=0.340 r2=0.604 pcc=0.777 | Vl loss=0.0985 mae=0.323 r2=0.619 pcc=0.797 | ES 59/80
  Ep  64/300 | Tr loss=0.1218 mae=0.338 r2=0.606 pcc=0.779 | Vl loss=0.1027 mae=0.335 r2=0.601 pcc=0.783 | ES 60/80
2026-05-15 13:22:06,224 | INFO |   Ep  64/300 | Tr loss=0.1218 mae=0.338 r2=0.606 pcc=0.779 | Vl loss=0.1027 mae=0.335 r2=0.601 pcc=0.783 | ES 60/80
  Ep  65/300 | Tr loss=0.1225 mae=0.338 r2=0.602 pcc=0.776 | Vl loss=0.0961 mae=0.319 r2=0.629 pcc=0.797 | ES 61/80
2026-05-15 13:22:44,504 | INFO |   Ep  65/300 | Tr loss=0.1225 mae=0.338 r2=0.602 pcc=0.776 | Vl loss=0.0961 mae=0.319 r2=0.629 pcc=0.797 | ES 61/80
Epoch 00066: reducing learning rate of group 0 to 2.5000e-05.
  Ep  66/300 | Tr loss=0.1211 mae=0.338 r2=0.609 pcc=0.781 | Vl loss=0.1029 mae=0.330 r2=0.601 pcc=0.785 | ES 62/80
2026-05-15 13:23:22,871 | INFO |   Ep  66/300 | Tr loss=0.1211 mae=0.338 r2=0.609 pcc=0.781 | Vl loss=0.1029 mae=0.330 r2=0.601 pcc=0.785 | ES 62/80
  Ep  67/300 | Tr loss=0.1210 mae=0.336 r2=0.610 pcc=0.781 | Vl loss=0.0993 mae=0.325 r2=0.618 pcc=0.793 | ES 63/80
2026-05-15 13:24:01,149 | INFO |   Ep  67/300 | Tr loss=0.1210 mae=0.336 r2=0.610 pcc=0.781 | Vl loss=0.0993 mae=0.325 r2=0.618 pcc=0.793 | ES 63/80
  Ep  68/300 | Tr loss=0.1201 mae=0.334 r2=0.611 pcc=0.782 | Vl loss=0.1006 mae=0.327 r2=0.612 pcc=0.791 | ES 64/80
2026-05-15 13:24:39,769 | INFO |   Ep  68/300 | Tr loss=0.1201 mae=0.334 r2=0.611 pcc=0.782 | Vl loss=0.1006 mae=0.327 r2=0.612 pcc=0.791 | ES 64/80
  Ep  69/300 | Tr loss=0.1209 mae=0.336 r2=0.609 pcc=0.781 | Vl loss=0.0981 mae=0.326 r2=0.624 pcc=0.795 | ES 65/80
2026-05-15 13:25:18,350 | INFO |   Ep  69/300 | Tr loss=0.1209 mae=0.336 r2=0.609 pcc=0.781 | Vl loss=0.0981 mae=0.326 r2=0.624 pcc=0.795 | ES 65/80
  Ep  70/300 | Tr loss=0.1210 mae=0.336 r2=0.608 pcc=0.780 | Vl loss=0.0983 mae=0.321 r2=0.619 pcc=0.797 | ES 66/80
2026-05-15 13:25:57,314 | INFO |   Ep  70/300 | Tr loss=0.1210 mae=0.336 r2=0.608 pcc=0.780 | Vl loss=0.0983 mae=0.321 r2=0.619 pcc=0.797 | ES 66/80
  Ep  71/300 | Tr loss=0.1206 mae=0.336 r2=0.610 pcc=0.782 | Vl loss=0.1005 mae=0.329 r2=0.609 pcc=0.794 | ES 67/80
2026-05-15 13:26:35,831 | INFO |   Ep  71/300 | Tr loss=0.1206 mae=0.336 r2=0.610 pcc=0.782 | Vl loss=0.1005 mae=0.329 r2=0.609 pcc=0.794 | ES 67/80
  Ep  72/300 | Tr loss=0.1212 mae=0.336 r2=0.608 pcc=0.780 | Vl loss=0.1030 mae=0.332 r2=0.600 pcc=0.790 | ES 68/80
2026-05-15 13:27:14,337 | INFO |   Ep  72/300 | Tr loss=0.1212 mae=0.336 r2=0.608 pcc=0.780 | Vl loss=0.1030 mae=0.332 r2=0.600 pcc=0.790 | ES 68/80
  Ep  73/300 | Tr loss=0.1207 mae=0.335 r2=0.611 pcc=0.782 | Vl loss=0.1020 mae=0.324 r2=0.603 pcc=0.790 | ES 69/80
2026-05-15 13:27:53,072 | INFO |   Ep  73/300 | Tr loss=0.1207 mae=0.335 r2=0.611 pcc=0.782 | Vl loss=0.1020 mae=0.324 r2=0.603 pcc=0.790 | ES 69/80
  Ep  74/300 | Tr loss=0.1209 mae=0.334 r2=0.607 pcc=0.780 | Vl loss=0.1007 mae=0.326 r2=0.609 pcc=0.794 | ES 70/80
2026-05-15 13:28:31,537 | INFO |   Ep  74/300 | Tr loss=0.1209 mae=0.334 r2=0.607 pcc=0.780 | Vl loss=0.1007 mae=0.326 r2=0.609 pcc=0.794 | ES 70/80
  Ep  75/300 | Tr loss=0.1198 mae=0.335 r2=0.612 pcc=0.783 | Vl loss=0.0992 mae=0.326 r2=0.617 pcc=0.793 | ES 71/80
2026-05-15 13:29:10,092 | INFO |   Ep  75/300 | Tr loss=0.1198 mae=0.335 r2=0.612 pcc=0.783 | Vl loss=0.0992 mae=0.326 r2=0.617 pcc=0.793 | ES 71/80
  Ep  76/300 | Tr loss=0.1199 mae=0.336 r2=0.611 pcc=0.782 | Vl loss=0.1062 mae=0.332 r2=0.585 pcc=0.778 | ES 72/80
2026-05-15 13:29:48,663 | INFO |   Ep  76/300 | Tr loss=0.1199 mae=0.336 r2=0.611 pcc=0.782 | Vl loss=0.1062 mae=0.332 r2=0.585 pcc=0.778 | ES 72/80
  Ep  77/300 | Tr loss=0.1208 mae=0.335 r2=0.608 pcc=0.780 | Vl loss=0.1046 mae=0.333 r2=0.592 pcc=0.788 | ES 73/80
2026-05-15 13:30:27,091 | INFO |   Ep  77/300 | Tr loss=0.1208 mae=0.335 r2=0.608 pcc=0.780 | Vl loss=0.1046 mae=0.333 r2=0.592 pcc=0.788 | ES 73/80
  Ep  78/300 | Tr loss=0.1197 mae=0.335 r2=0.611 pcc=0.782 | Vl loss=0.1037 mae=0.327 r2=0.594 pcc=0.791 | ES 74/80
2026-05-15 13:31:05,494 | INFO |   Ep  78/300 | Tr loss=0.1197 mae=0.335 r2=0.611 pcc=0.782 | Vl loss=0.1037 mae=0.327 r2=0.594 pcc=0.791 | ES 74/80
  Ep  79/300 | Tr loss=0.1201 mae=0.334 r2=0.611 pcc=0.782 | Vl loss=0.1052 mae=0.334 r2=0.590 pcc=0.784 | ES 75/80
2026-05-15 13:31:43,896 | INFO |   Ep  79/300 | Tr loss=0.1201 mae=0.334 r2=0.611 pcc=0.782 | Vl loss=0.1052 mae=0.334 r2=0.590 pcc=0.784 | ES 75/80
  Ep  80/300 | Tr loss=0.1188 mae=0.332 r2=0.615 pcc=0.784 | Vl loss=0.1060 mae=0.335 r2=0.587 pcc=0.781 | ES 76/80
2026-05-15 13:32:22,444 | INFO |   Ep  80/300 | Tr loss=0.1188 mae=0.332 r2=0.615 pcc=0.784 | Vl loss=0.1060 mae=0.335 r2=0.587 pcc=0.781 | ES 76/80
  Ep  81/300 | Tr loss=0.1205 mae=0.335 r2=0.609 pcc=0.781 | Vl loss=0.1051 mae=0.337 r2=0.594 pcc=0.783 | ES 77/80
2026-05-15 13:33:01,173 | INFO |   Ep  81/300 | Tr loss=0.1205 mae=0.335 r2=0.609 pcc=0.781 | Vl loss=0.1051 mae=0.337 r2=0.594 pcc=0.783 | ES 77/80
  Ep  82/300 | Tr loss=0.1199 mae=0.334 r2=0.611 pcc=0.782 | Vl loss=0.1045 mae=0.341 r2=0.596 pcc=0.792 | ES 78/80
2026-05-15 13:33:39,449 | INFO |   Ep  82/300 | Tr loss=0.1199 mae=0.334 r2=0.611 pcc=0.782 | Vl loss=0.1045 mae=0.341 r2=0.596 pcc=0.792 | ES 78/80
  Ep  83/300 | Tr loss=0.1203 mae=0.335 r2=0.610 pcc=0.781 | Vl loss=0.1024 mae=0.333 r2=0.604 pcc=0.790 | ES 79/80
2026-05-15 13:34:17,877 | INFO |   Ep  83/300 | Tr loss=0.1203 mae=0.335 r2=0.610 pcc=0.781 | Vl loss=0.1024 mae=0.333 r2=0.604 pcc=0.790 | ES 79/80
  Ep  84/300 | Tr loss=0.1205 mae=0.336 r2=0.610 pcc=0.781 | Vl loss=0.1034 mae=0.334 r2=0.597 pcc=0.790 | ES 80/80
2026-05-15 13:34:56,271 | INFO |   Ep  84/300 | Tr loss=0.1205 mae=0.336 r2=0.610 pcc=0.781 | Vl loss=0.1034 mae=0.334 r2=0.597 pcc=0.790 | ES 80/80

  ⏹  Early stopping at epoch 84 (best=4)
2026-05-15 13:34:56,271 | INFO | Early stopping at epoch 84 best=4

✓ Training complete!

  ── Final Test Results (best epoch = 4) ──────────────────
  Loss : 0.1416
  RMSE : 0.5393
  MAE  : 0.3970
  R²   : 0.5178
  ✓ Saved → /mvdlph/masa/GCN_SingleView_Regression_Results/run_2026_05_15_12_40_30/plots/loss_curve.png
  ✓ Saved → /mvdlph/masa/GCN_SingleView_Regression_Results/run_2026_05_15_12_40_30/plots/rmse_mae.png
  ✓ Saved → /mvdlph/masa/GCN_SingleView_Regression_Results/run_2026_05_15_12_40_30/plots/r2_curve.png
  ✓ Saved → /mvdlph/masa/GCN_SingleView_Regression_Results/run_2026_05_15_12_40_30/plots/pcc_curve.png
  ✓ Saved → /mvdlph/masa/GCN_SingleView_Regression_Results/run_2026_05_15_12_40_30/plots/regression_scatter_test.png
  ✓ Saved → /mvdlph/masa/GCN_SingleView_Regression_Results/run_2026_05_15_12_40_30/plots/early_stopping.png
  ✓ History → /mvdlph/masa/GCN_SingleView_Regression_Results/run_2026_05_15_12_40_30/logs/training_history.json
============================================================
DIAGNOSTIC 1: Per-exercise skeleton variance (C0)
============================================================
  Exercise      X-var      Y-var      Z-var  Z/X ratio
-------------------------------------------------------
        E0     0.0455     0.0091     0.0698      1.536
        E1     0.0456     0.0094     0.0689      1.510
        E2     0.0461     0.0090     0.0698      1.516
        E3     0.0483     0.0095     0.0700      1.449
        E4     0.0441     0.0092     0.0676      1.533
        E5     0.0519     0.0101     0.0721      1.389
        E6     0.0441     0.0099     0.0721      1.634
        E7     0.0453     0.0093     0.0685      1.513
        E8     0.0532     0.0097     0.0713      1.341
        E9     0.0485     0.0090     0.0706      1.455

============================================================
DIAGNOSTIC 2: Quality score distribution per split
============================================================
 Train: mean=4.127 std=0.812 min=1.34 max=5.00 | correct=6037 erroneous=3439
   Val: mean=4.232 std=0.741 min=2.28 max=5.00 | correct=1905 erroneous=885
  Test: mean=4.032 std=0.777 min=2.14 max=5.00 | correct=2015 erroneous=1091
========================================================================
  Exercise         n      MAE     RMSE       R²      PCC
────────────────────────────────────────────────────────────────────────
  E0             464   0.3616   0.4626   0.6507   0.8585
  E1             326   0.2947   0.4180   0.7450   0.8912
  E2             258   0.2866   0.3790   0.7932   0.8943
  E3             319   0.8443   0.9061  -0.8092   0.4222
  E4             286   0.6270   0.6658   0.2257   0.8143
  E5             321   0.3770   0.4865   0.2585   0.6814
  E6             314   0.2400   0.4080   0.6107   0.8504
  E7             319   0.4033   0.5805  -0.1792   0.3663
  E8             317   0.2788   0.4857   0.6339   0.8022
  E9             182   0.1823   0.2453  -0.7895  -0.1932
────────────────────────────────────────────────────────────────────────
  Overall       3106   0.3970   0.5393   0.5178   0.7498
========================================================================

  ✓ Per-exercise CSV → /mvdlph/masa/GCN_SingleView_Regression_Results/run_2026_05_15_12_40_30/logs/per_exercise_metrics.csv
  ✓ Per-exercise scatter grid → /mvdlph/masa/GCN_SingleView_Regression_Results/run_2026_05_15_12_40_30/plots/per_exercise_scatter.png
  ✓ Per-exercise bar chart → /mvdlph/masa/GCN_SingleView_Regression_Results/run_2026_05_15_12_40_30/plots/per_exercise_bar.png
============================================================
  TRAINING SUMMARY — ST-GCN Regression (Single View)
============================================================
  Best Epoch       : 4  (stopped at 84)
  Best Val MAE     : 0.2747
  Best Val RMSE    : 0.4240
  Best Val R²      : 0.6720
  Best Val PCC     : 0.8357
────────────────────────────────────────────────────────────
  Test MAE         : 0.3970
  Test RMSE        : 0.5393
  Test R²          : 0.5178
  Test PCC         : 0.7498
============================================================
2026-05-15 13:35:13,253 | INFO | Best Epoch=4  stopped_epoch=84
2026-05-15 13:35:13,253 | INFO | Test MAE=0.3970
2026-05-15 13:35:13,253 | INFO | Test RMSE=0.5393
2026-05-15 13:35:13,254 | INFO | Test R²=0.5178
2026-05-15 13:35:13,255 | INFO | Test PCC=0.7498

✓ Summary CSV (overall + per-exercise) → /mvdlph/masa/GCN_SingleView_Regression_Results/training_summary.csv
