✓ stdout → also writing to /mvdlph/masa/GCN_MultiView_MidFusion_Results/run_2026_06_12_12_31_36/logs/training_20260612_123136.log
2026-06-12 12:31:36,643 | INFO | ======================================================================
2026-06-12 12:31:36,643 | INFO | ST-GCN Multi-View MID FUSION Regression | BZU Physiotherapy Dataset
2026-06-12 12:31:36,644 | INFO | Cameras : [0, 1, 2]  |  Epochs : 300  |  Patience : 100
2026-06-12 12:31:36,644 | INFO | CAM_FEATURE_DIM : 64 features per camera
2026-06-12 12:31:36,644 | INFO | Log file : /mvdlph/masa/GCN_MultiView_MidFusion_Results/run_2026_06_12_12_31_36/logs/training_20260612_123136.log
2026-06-12 12:31:36,645 | INFO | ======================================================================
✓ parse_filename and load_skeleton defined

[TRAIN] NPZ files found : 9477
  Samples (all cams): 9477
  Unique trial keys : 327

[VALID] NPZ files found : 2790
  Samples (all cams): 2790
  Unique trial keys : 100

[TEST] NPZ files found : 3108
  Samples (all cams): 3108
  Unique trial keys : 107

Building multi-view index...
  [TRAIN] ⚠️  Skipped 283 sample_keys with incomplete camera coverage
  [TRAIN] Multi-view samples : 3003
  [TRAIN] Quality mean±std   : 4.111 ± 0.816
  [VALID] ⚠️  Skipped 126 sample_keys with incomplete camera coverage
  [VALID] Multi-view samples : 866
  [VALID] Quality mean±std   : 4.219 ± 0.751
  [TEST] ⚠️  Skipped 22 sample_keys with incomplete camera coverage
  [TEST] Multi-view samples : 1024
  [TEST] Quality mean±std   : 4.033 ± 0.777

Checking for corrupted files...
  [TRAIN] Removing 1 corrupted sample(s)
  [TRAIN] Clean samples : 3002
  [VALID] Clean samples : 866
  [TEST] Removing 2 corrupted sample(s)
  [TEST] Clean samples : 1022

Excluding exercises...
  [TRAIN] Excluded E[1, 2, 3, 4, 5, 6, 7, 8, 9] → 2685 rows dropped, 317 remain
  [VALID] Excluded E[1, 2, 3, 4, 5, 6, 7, 8, 9] → 771 rows dropped, 95 remain
  [TEST] Excluded E[1, 2, 3, 4, 5, 6, 7, 8, 9] → 870 rows dropped, 152 remain

  Exercise ID remap : {0: 0}

✓ No data-leakage detected across splits

══════════════════════════════════════════════════════════════════════
  Split     Samples   Correct   Erroneous   Q mean   Q std   Q min   Q max
  ────────────────────────────────────────────────────────────────────
  Train         317       206         111    3.766   0.986   1.340   4.740
  Val            95        59          36    3.561   0.901   2.280   4.680
  Test          152        78          74    3.659   0.787   2.300   4.750
══════════════════════════════════════════════════════════════════════

✓ Multi-view index ready  →  train / val / test DataFrames built
✓ Skeleton visualisation helpers defined
✓ BZUMultiViewDataset defined  (Mid Fusion — 3 separate (T,J,6) tensors per sample)
✓ mid_fusion_collate defined

✓ Mid-Fusion ST-GCN sanity check passed — output shape: torch.Size([2])
✓ Total trainable parameters: 9,219,382
✓ Shared backbone: False
✓ CAM_FEATURE_DIM=64  FUSED_DIM=192
✓ STGCN_MidFusion defined  (3 × STGCNCameraBackbone → concat(64×3=192) → FusionMLP → score)
Device : cuda
GPU    : Tesla V100-PCIE-32GB
✓ centre_and_scale_multiview (per-camera independent) and run_epoch defined
=================================================================
Quality score distribution audit
=================================================================
Train  Correct (T≤2)     n= 206  mean=4.396  std=0.254  [3.78, 4.74]
Train  Erroneous (T≥3)   n= 111  mean=2.597  std=0.741  [1.34, 3.88]

Val    Correct (T≤2)     n=  59  mean=4.211  std=0.403  [3.56, 4.68]
Val    Erroneous (T≥3)   n=  36  mean=2.495  std=0.176  [2.28, 2.72]

Test   Correct (T≤2)     n=  78  mean=4.323  std=0.401  [3.58, 4.75]
Test   Erroneous (T≥3)   n=  74  mean=2.960  std=0.383  [2.30, 3.44]

Person distribution:
  Train: ['P0', 'P10', 'P14', 'P15', 'P2', 'P3', 'P4', 'P5', 'P7']
  Val: ['P1', 'P11', 'P6']
  Test: ['P12', 'P13', 'P8', 'P9']
✓ Plotting helpers defined
✓ EarlyStopping defined
2026-06-12 12:32:08,461 | INFO | ======================================================================
2026-06-12 12:32:08,462 | INFO | STARTING MID-FUSION REGRESSION TRAINING
2026-06-12 12:32:08,462 | INFO | ======================================================================
2026-06-12 12:32:08,462 | INFO | train=317 val=95 test=152 (multi-view samples, 3 cameras — mid fusion)
2026-06-12 12:32:08,463 | INFO | CAM_FEATURE_DIM=64  FUSED_DIM=192  SHARED_BACKBONE=False

══════════════════════════════════════════════════════════════════════
  Mid Fusion  |  Cameras: [0, 1, 2]  |  CAM_FEATURE_DIM=64  FUSED=192
  Shared backbone: False
  Train: 317  Val: 95  Test: 152
  Patience: 100  |  LR: 0.0001  |  Batch: 32
══════════════════════════════════════════════════════════════════════
  Ep   1/300 | Tr loss=0.4848 mae=0.862 r2=-0.117 pcc=0.487 | Vl loss=1.1361 mae=1.486 r2=-3.417 pcc=-0.887 | ES 0/100 ★
2026-06-12 12:32:14,493 | INFO |   Ep   1/300 | Tr loss=0.4848 mae=0.862 r2=-0.117 pcc=0.487 | Vl loss=1.1361 mae=1.486 r2=-3.417 pcc=-0.887 | ES 0/100 ★
    ★ val_mae=1.4856  rmse=1.8841  r2=-3.4172  pcc=-0.8865
  Ep   2/300 | Tr loss=0.3813 mae=0.742 r2=0.180 pcc=0.617 | Vl loss=0.7925 mae=1.151 r2=-1.521 pcc=0.758 | ES 0/100 ★
2026-06-12 12:32:19,282 | INFO |   Ep   2/300 | Tr loss=0.3813 mae=0.742 r2=0.180 pcc=0.617 | Vl loss=0.7925 mae=1.151 r2=-1.521 pcc=0.758 | ES 0/100 ★
    ★ val_mae=1.1506  rmse=1.4234  r2=-1.5211  pcc=0.7584
  Ep   3/300 | Tr loss=0.3178 mae=0.660 r2=0.389 pcc=0.704 | Vl loss=0.6477 mae=1.007 r2=-0.910 pcc=0.914 | ES 0/100 ★
2026-06-12 12:32:24,099 | INFO |   Ep   3/300 | Tr loss=0.3178 mae=0.660 r2=0.389 pcc=0.704 | Vl loss=0.6477 mae=1.007 r2=-0.910 pcc=0.914 | ES 0/100 ★
    ★ val_mae=1.0074  rmse=1.2390  r2=-0.9101  pcc=0.9142
  Ep   4/300 | Tr loss=0.2278 mae=0.533 r2=0.523 pcc=0.760 | Vl loss=0.6272 mae=0.998 r2=-0.812 pcc=0.901 | ES 0/100 ★
2026-06-12 12:32:28,948 | INFO |   Ep   4/300 | Tr loss=0.2278 mae=0.533 r2=0.523 pcc=0.760 | Vl loss=0.6272 mae=0.998 r2=-0.812 pcc=0.901 | ES 0/100 ★
    ★ val_mae=0.9980  rmse=1.2066  r2=-0.8117  pcc=0.9014
  Ep   5/300 | Tr loss=0.3246 mae=0.669 r2=0.341 pcc=0.649 | Vl loss=0.6121 mae=0.976 r2=-0.784 pcc=0.916 | ES 0/100 ★
2026-06-12 12:32:33,829 | INFO |   Ep   5/300 | Tr loss=0.3246 mae=0.669 r2=0.341 pcc=0.649 | Vl loss=0.6121 mae=0.976 r2=-0.784 pcc=0.916 | ES 0/100 ★
    ★ val_mae=0.9759  rmse=1.1973  r2=-0.7837  pcc=0.9159
  Ep   6/300 | Tr loss=0.3123 mae=0.650 r2=0.304 pcc=0.617 | Vl loss=0.6067 mae=1.006 r2=-0.760 pcc=-0.532 | ES 1/100
2026-06-12 12:32:38,726 | INFO |   Ep   6/300 | Tr loss=0.3123 mae=0.650 r2=0.304 pcc=0.617 | Vl loss=0.6067 mae=1.006 r2=-0.760 pcc=-0.532 | ES 1/100
  Ep   7/300 | Tr loss=0.2426 mae=0.554 r2=0.538 pcc=0.755 | Vl loss=0.6665 mae=1.047 r2=-1.006 pcc=-0.899 | ES 2/100
2026-06-12 12:32:43,542 | INFO |   Ep   7/300 | Tr loss=0.2426 mae=0.554 r2=0.538 pcc=0.755 | Vl loss=0.6665 mae=1.047 r2=-1.006 pcc=-0.899 | ES 2/100
  Ep   8/300 | Tr loss=0.2835 mae=0.621 r2=0.487 pcc=0.722 | Vl loss=0.7713 mae=1.134 r2=-1.458 pcc=-0.895 | ES 3/100
2026-06-12 12:32:48,349 | INFO |   Ep   8/300 | Tr loss=0.2835 mae=0.621 r2=0.487 pcc=0.722 | Vl loss=0.7713 mae=1.134 r2=-1.458 pcc=-0.895 | ES 3/100
  Ep   9/300 | Tr loss=0.2686 mae=0.603 r2=0.433 pcc=0.722 | Vl loss=0.7532 mae=1.116 r2=-1.374 pcc=-0.868 | ES 4/100
2026-06-12 12:32:53,145 | INFO |   Ep   9/300 | Tr loss=0.2686 mae=0.603 r2=0.433 pcc=0.722 | Vl loss=0.7532 mae=1.116 r2=-1.374 pcc=-0.868 | ES 4/100
  Ep  10/300 | Tr loss=0.2667 mae=0.600 r2=0.493 pcc=0.736 | Vl loss=0.7461 mae=1.109 r2=-1.340 pcc=-0.818 | ES 5/100
2026-06-12 12:32:57,960 | INFO |   Ep  10/300 | Tr loss=0.2667 mae=0.600 r2=0.493 pcc=0.736 | Vl loss=0.7461 mae=1.109 r2=-1.340 pcc=-0.818 | ES 5/100
  Ep  11/300 | Tr loss=0.2267 mae=0.536 r2=0.566 pcc=0.765 | Vl loss=0.7835 mae=1.146 r2=-1.488 pcc=-0.310 | ES 6/100
2026-06-12 12:33:02,762 | INFO |   Ep  11/300 | Tr loss=0.2267 mae=0.536 r2=0.566 pcc=0.765 | Vl loss=0.7835 mae=1.146 r2=-1.488 pcc=-0.310 | ES 6/100
  Ep  12/300 | Tr loss=0.2310 mae=0.538 r2=0.534 pcc=0.747 | Vl loss=0.7661 mae=1.125 r2=-1.409 pcc=-0.234 | ES 7/100
2026-06-12 12:33:07,577 | INFO |   Ep  12/300 | Tr loss=0.2310 mae=0.538 r2=0.534 pcc=0.747 | Vl loss=0.7661 mae=1.125 r2=-1.409 pcc=-0.234 | ES 7/100
  Ep  13/300 | Tr loss=0.2409 mae=0.556 r2=0.524 pcc=0.741 | Vl loss=0.7930 mae=1.153 r2=-1.523 pcc=-0.022 | ES 8/100
2026-06-12 12:33:12,351 | INFO |   Ep  13/300 | Tr loss=0.2409 mae=0.556 r2=0.524 pcc=0.741 | Vl loss=0.7930 mae=1.153 r2=-1.523 pcc=-0.022 | ES 8/100
  Ep  14/300 | Tr loss=0.2587 mae=0.575 r2=0.481 pcc=0.727 | Vl loss=0.7829 mae=1.143 r2=-1.481 pcc=-0.287 | ES 9/100
2026-06-12 12:33:17,148 | INFO |   Ep  14/300 | Tr loss=0.2587 mae=0.575 r2=0.481 pcc=0.727 | Vl loss=0.7829 mae=1.143 r2=-1.481 pcc=-0.287 | ES 9/100
  Ep  15/300 | Tr loss=0.2466 mae=0.574 r2=0.545 pcc=0.745 | Vl loss=0.7831 mae=1.145 r2=-1.490 pcc=-0.566 | ES 10/100
2026-06-12 12:33:21,926 | INFO |   Ep  15/300 | Tr loss=0.2466 mae=0.574 r2=0.545 pcc=0.745 | Vl loss=0.7831 mae=1.145 r2=-1.490 pcc=-0.566 | ES 10/100
  Ep  16/300 | Tr loss=0.2382 mae=0.552 r2=0.532 pcc=0.745 | Vl loss=0.8135 mae=1.178 r2=-1.634 pcc=-0.780 | ES 11/100
2026-06-12 12:33:26,698 | INFO |   Ep  16/300 | Tr loss=0.2382 mae=0.552 r2=0.532 pcc=0.745 | Vl loss=0.8135 mae=1.178 r2=-1.634 pcc=-0.780 | ES 11/100
  Ep  17/300 | Tr loss=0.2759 mae=0.597 r2=0.512 pcc=0.729 | Vl loss=0.8321 mae=1.196 r2=-1.722 pcc=-0.800 | ES 12/100
2026-06-12 12:33:31,463 | INFO |   Ep  17/300 | Tr loss=0.2759 mae=0.597 r2=0.512 pcc=0.729 | Vl loss=0.8321 mae=1.196 r2=-1.722 pcc=-0.800 | ES 12/100
  Ep  18/300 | Tr loss=0.2007 mae=0.502 r2=0.586 pcc=0.775 | Vl loss=0.8038 mae=1.166 r2=-1.602 pcc=-0.837 | ES 13/100
2026-06-12 12:33:36,234 | INFO |   Ep  18/300 | Tr loss=0.2007 mae=0.502 r2=0.586 pcc=0.775 | Vl loss=0.8038 mae=1.166 r2=-1.602 pcc=-0.837 | ES 13/100
  Ep  19/300 | Tr loss=0.2360 mae=0.547 r2=0.548 pcc=0.752 | Vl loss=0.7904 mae=1.154 r2=-1.545 pcc=-0.859 | ES 14/100
2026-06-12 12:33:41,024 | INFO |   Ep  19/300 | Tr loss=0.2360 mae=0.547 r2=0.548 pcc=0.752 | Vl loss=0.7904 mae=1.154 r2=-1.545 pcc=-0.859 | ES 14/100
  Ep  20/300 | Tr loss=0.2308 mae=0.532 r2=0.558 pcc=0.759 | Vl loss=0.7639 mae=1.136 r2=-1.415 pcc=-0.795 | ES 15/100
2026-06-12 12:33:45,800 | INFO |   Ep  20/300 | Tr loss=0.2308 mae=0.532 r2=0.558 pcc=0.759 | Vl loss=0.7639 mae=1.136 r2=-1.415 pcc=-0.795 | ES 15/100
  Ep  21/300 | Tr loss=0.2291 mae=0.536 r2=0.589 pcc=0.779 | Vl loss=0.6983 mae=1.067 r2=-1.137 pcc=-0.657 | ES 16/100
2026-06-12 12:33:50,614 | INFO |   Ep  21/300 | Tr loss=0.2291 mae=0.536 r2=0.589 pcc=0.779 | Vl loss=0.6983 mae=1.067 r2=-1.137 pcc=-0.657 | ES 16/100
  Ep  22/300 | Tr loss=0.1852 mae=0.470 r2=0.654 pcc=0.818 | Vl loss=0.7146 mae=1.076 r2=-1.205 pcc=0.244 | ES 17/100
2026-06-12 12:33:55,675 | INFO |   Ep  22/300 | Tr loss=0.1852 mae=0.470 r2=0.654 pcc=0.818 | Vl loss=0.7146 mae=1.076 r2=-1.205 pcc=0.244 | ES 17/100
  Ep  23/300 | Tr loss=0.2198 mae=0.514 r2=0.571 pcc=0.775 | Vl loss=0.7123 mae=1.081 r2=-1.198 pcc=-0.809 | ES 18/100
2026-06-12 12:34:00,564 | INFO |   Ep  23/300 | Tr loss=0.2198 mae=0.514 r2=0.571 pcc=0.775 | Vl loss=0.7123 mae=1.081 r2=-1.198 pcc=-0.809 | ES 18/100
  Ep  24/300 | Tr loss=0.2398 mae=0.537 r2=0.483 pcc=0.714 | Vl loss=0.7295 mae=1.119 r2=-1.261 pcc=-0.817 | ES 19/100
2026-06-12 12:34:05,364 | INFO |   Ep  24/300 | Tr loss=0.2398 mae=0.537 r2=0.483 pcc=0.714 | Vl loss=0.7295 mae=1.119 r2=-1.261 pcc=-0.817 | ES 19/100
  Ep  25/300 | Tr loss=0.2137 mae=0.485 r2=0.572 pcc=0.762 | Vl loss=0.7195 mae=1.123 r2=-1.213 pcc=-0.826 | ES 20/100
2026-06-12 12:34:10,176 | INFO |   Ep  25/300 | Tr loss=0.2137 mae=0.485 r2=0.572 pcc=0.762 | Vl loss=0.7195 mae=1.123 r2=-1.213 pcc=-0.826 | ES 20/100
  Ep  26/300 | Tr loss=0.2441 mae=0.558 r2=0.496 pcc=0.716 | Vl loss=0.7952 mae=1.191 r2=-1.557 pcc=-0.854 | ES 21/100
2026-06-12 12:34:14,964 | INFO |   Ep  26/300 | Tr loss=0.2441 mae=0.558 r2=0.496 pcc=0.716 | Vl loss=0.7952 mae=1.191 r2=-1.557 pcc=-0.854 | ES 21/100
  Ep  27/300 | Tr loss=0.2158 mae=0.516 r2=0.544 pcc=0.752 | Vl loss=0.7641 mae=1.143 r2=-1.413 pcc=-0.758 | ES 22/100
2026-06-12 12:34:19,745 | INFO |   Ep  27/300 | Tr loss=0.2158 mae=0.516 r2=0.544 pcc=0.752 | Vl loss=0.7641 mae=1.143 r2=-1.413 pcc=-0.758 | ES 22/100
  Ep  28/300 | Tr loss=0.2332 mae=0.542 r2=0.568 pcc=0.757 | Vl loss=0.7134 mae=1.076 r2=-1.193 pcc=-0.347 | ES 23/100
2026-06-12 12:34:24,562 | INFO |   Ep  28/300 | Tr loss=0.2332 mae=0.542 r2=0.568 pcc=0.757 | Vl loss=0.7134 mae=1.076 r2=-1.193 pcc=-0.347 | ES 23/100
  Ep  29/300 | Tr loss=0.2331 mae=0.523 r2=0.544 pcc=0.745 | Vl loss=0.7558 mae=1.116 r2=-1.377 pcc=-0.638 | ES 24/100
2026-06-12 12:34:29,426 | INFO |   Ep  29/300 | Tr loss=0.2331 mae=0.523 r2=0.544 pcc=0.745 | Vl loss=0.7558 mae=1.116 r2=-1.377 pcc=-0.638 | ES 24/100
  Ep  30/300 | Tr loss=0.2006 mae=0.490 r2=0.611 pcc=0.788 | Vl loss=0.7769 mae=1.136 r2=-1.468 pcc=-0.671 | ES 25/100
2026-06-12 12:34:34,254 | INFO |   Ep  30/300 | Tr loss=0.2006 mae=0.490 r2=0.611 pcc=0.788 | Vl loss=0.7769 mae=1.136 r2=-1.468 pcc=-0.671 | ES 25/100
  Ep  31/300 | Tr loss=0.2108 mae=0.503 r2=0.595 pcc=0.775 | Vl loss=0.7746 mae=1.134 r2=-1.458 pcc=-0.657 | ES 26/100
2026-06-12 12:34:39,050 | INFO |   Ep  31/300 | Tr loss=0.2108 mae=0.503 r2=0.595 pcc=0.775 | Vl loss=0.7746 mae=1.134 r2=-1.458 pcc=-0.657 | ES 26/100
  Ep  32/300 | Tr loss=0.2031 mae=0.511 r2=0.619 pcc=0.792 | Vl loss=0.7940 mae=1.153 r2=-1.537 pcc=-0.470 | ES 27/100
2026-06-12 12:34:43,843 | INFO |   Ep  32/300 | Tr loss=0.2031 mae=0.511 r2=0.619 pcc=0.792 | Vl loss=0.7940 mae=1.153 r2=-1.537 pcc=-0.470 | ES 27/100
  Ep  33/300 | Tr loss=0.2152 mae=0.501 r2=0.591 pcc=0.776 | Vl loss=0.8081 mae=1.167 r2=-1.584 pcc=0.000 | ES 28/100
2026-06-12 12:34:48,688 | INFO |   Ep  33/300 | Tr loss=0.2152 mae=0.501 r2=0.591 pcc=0.776 | Vl loss=0.8081 mae=1.167 r2=-1.584 pcc=0.000 | ES 28/100
  Ep  34/300 | Tr loss=0.2406 mae=0.545 r2=0.546 pcc=0.750 | Vl loss=0.8125 mae=1.172 r2=-1.592 pcc=0.269 | ES 29/100
2026-06-12 12:34:53,493 | INFO |   Ep  34/300 | Tr loss=0.2406 mae=0.545 r2=0.546 pcc=0.750 | Vl loss=0.8125 mae=1.172 r2=-1.592 pcc=0.269 | ES 29/100
  Ep  35/300 | Tr loss=0.2217 mae=0.520 r2=0.553 pcc=0.756 | Vl loss=0.7707 mae=1.130 r2=-1.415 pcc=0.278 | ES 30/100
2026-06-12 12:34:58,285 | INFO |   Ep  35/300 | Tr loss=0.2217 mae=0.520 r2=0.553 pcc=0.756 | Vl loss=0.7707 mae=1.130 r2=-1.415 pcc=0.278 | ES 30/100
  Ep  36/300 | Tr loss=0.2026 mae=0.497 r2=0.583 pcc=0.769 | Vl loss=0.8096 mae=1.168 r2=-1.611 pcc=-0.603 | ES 31/100
2026-06-12 12:35:03,127 | INFO |   Ep  36/300 | Tr loss=0.2026 mae=0.497 r2=0.583 pcc=0.769 | Vl loss=0.8096 mae=1.168 r2=-1.611 pcc=-0.603 | ES 31/100
  Ep  37/300 | Tr loss=0.2489 mae=0.551 r2=0.514 pcc=0.737 | Vl loss=0.7506 mae=1.109 r2=-1.346 pcc=-0.382 | ES 32/100
2026-06-12 12:35:07,901 | INFO |   Ep  37/300 | Tr loss=0.2489 mae=0.551 r2=0.514 pcc=0.737 | Vl loss=0.7506 mae=1.109 r2=-1.346 pcc=-0.382 | ES 32/100
  Ep  38/300 | Tr loss=0.2270 mae=0.531 r2=0.542 pcc=0.751 | Vl loss=0.6940 mae=1.061 r2=-1.110 pcc=-0.314 | ES 33/100
2026-06-12 12:35:12,685 | INFO |   Ep  38/300 | Tr loss=0.2270 mae=0.531 r2=0.542 pcc=0.751 | Vl loss=0.6940 mae=1.061 r2=-1.110 pcc=-0.314 | ES 33/100
  Ep  39/300 | Tr loss=0.1966 mae=0.491 r2=0.630 pcc=0.798 | Vl loss=0.6834 mae=1.057 r2=-1.071 pcc=-0.635 | ES 34/100
2026-06-12 12:35:17,471 | INFO |   Ep  39/300 | Tr loss=0.1966 mae=0.491 r2=0.630 pcc=0.798 | Vl loss=0.6834 mae=1.057 r2=-1.071 pcc=-0.635 | ES 34/100
  Ep  40/300 | Tr loss=0.2241 mae=0.526 r2=0.597 pcc=0.774 | Vl loss=0.7101 mae=1.081 r2=-1.188 pcc=-0.778 | ES 35/100
2026-06-12 12:35:22,280 | INFO |   Ep  40/300 | Tr loss=0.2241 mae=0.526 r2=0.597 pcc=0.774 | Vl loss=0.7101 mae=1.081 r2=-1.188 pcc=-0.778 | ES 35/100
  Ep  41/300 | Tr loss=0.2092 mae=0.501 r2=0.567 pcc=0.765 | Vl loss=0.7589 mae=1.130 r2=-1.404 pcc=-0.852 | ES 36/100
2026-06-12 12:35:27,089 | INFO |   Ep  41/300 | Tr loss=0.2092 mae=0.501 r2=0.567 pcc=0.765 | Vl loss=0.7589 mae=1.130 r2=-1.404 pcc=-0.852 | ES 36/100
  Ep  42/300 | Tr loss=0.2296 mae=0.536 r2=0.576 pcc=0.772 | Vl loss=0.7367 mae=1.114 r2=-1.297 pcc=-0.817 | ES 37/100
2026-06-12 12:35:31,896 | INFO |   Ep  42/300 | Tr loss=0.2296 mae=0.536 r2=0.576 pcc=0.772 | Vl loss=0.7367 mae=1.114 r2=-1.297 pcc=-0.817 | ES 37/100
  Ep  43/300 | Tr loss=0.2032 mae=0.490 r2=0.612 pcc=0.784 | Vl loss=0.6921 mae=1.066 r2=-1.105 pcc=-0.720 | ES 38/100
2026-06-12 12:35:36,693 | INFO |   Ep  43/300 | Tr loss=0.2032 mae=0.490 r2=0.612 pcc=0.784 | Vl loss=0.6921 mae=1.066 r2=-1.105 pcc=-0.720 | ES 38/100
  Ep  44/300 | Tr loss=0.2055 mae=0.502 r2=0.584 pcc=0.770 | Vl loss=0.6932 mae=1.069 r2=-1.107 pcc=-0.692 | ES 39/100
2026-06-12 12:35:41,491 | INFO |   Ep  44/300 | Tr loss=0.2055 mae=0.502 r2=0.584 pcc=0.770 | Vl loss=0.6932 mae=1.069 r2=-1.107 pcc=-0.692 | ES 39/100
  Ep  45/300 | Tr loss=0.2292 mae=0.526 r2=0.480 pcc=0.706 | Vl loss=0.7146 mae=1.085 r2=-1.189 pcc=-0.492 | ES 40/100
2026-06-12 12:35:46,284 | INFO |   Ep  45/300 | Tr loss=0.2292 mae=0.526 r2=0.480 pcc=0.706 | Vl loss=0.7146 mae=1.085 r2=-1.189 pcc=-0.492 | ES 40/100
  Ep  46/300 | Tr loss=0.2295 mae=0.520 r2=0.595 pcc=0.773 | Vl loss=0.6618 mae=1.032 r2=-0.981 pcc=0.230 | ES 41/100
2026-06-12 12:35:51,062 | INFO |   Ep  46/300 | Tr loss=0.2295 mae=0.520 r2=0.595 pcc=0.773 | Vl loss=0.6618 mae=1.032 r2=-0.981 pcc=0.230 | ES 41/100
  Ep  47/300 | Tr loss=0.1894 mae=0.483 r2=0.662 pcc=0.817 | Vl loss=0.7059 mae=1.078 r2=-1.167 pcc=-0.782 | ES 42/100
2026-06-12 12:35:55,841 | INFO |   Ep  47/300 | Tr loss=0.1894 mae=0.483 r2=0.662 pcc=0.817 | Vl loss=0.7059 mae=1.078 r2=-1.167 pcc=-0.782 | ES 42/100
  Ep  48/300 | Tr loss=0.2178 mae=0.504 r2=0.589 pcc=0.780 | Vl loss=0.7136 mae=1.083 r2=-1.197 pcc=-0.743 | ES 43/100
2026-06-12 12:36:00,653 | INFO |   Ep  48/300 | Tr loss=0.2178 mae=0.504 r2=0.589 pcc=0.780 | Vl loss=0.7136 mae=1.083 r2=-1.197 pcc=-0.743 | ES 43/100
  Ep  49/300 | Tr loss=0.2080 mae=0.504 r2=0.592 pcc=0.775 | Vl loss=0.7299 mae=1.097 r2=-1.264 pcc=-0.719 | ES 44/100
2026-06-12 12:36:05,455 | INFO |   Ep  49/300 | Tr loss=0.2080 mae=0.504 r2=0.592 pcc=0.775 | Vl loss=0.7299 mae=1.097 r2=-1.264 pcc=-0.719 | ES 44/100
  Ep  50/300 | Tr loss=0.2077 mae=0.501 r2=0.598 pcc=0.775 | Vl loss=0.7357 mae=1.099 r2=-1.290 pcc=-0.679 | ES 45/100
2026-06-12 12:36:10,225 | INFO |   Ep  50/300 | Tr loss=0.2077 mae=0.501 r2=0.598 pcc=0.775 | Vl loss=0.7357 mae=1.099 r2=-1.290 pcc=-0.679 | ES 45/100
  Ep  51/300 | Tr loss=0.1600 mae=0.448 r2=0.700 pcc=0.841 | Vl loss=0.7477 mae=1.111 r2=-1.346 pcc=-0.776 | ES 46/100
2026-06-12 12:36:15,022 | INFO |   Ep  51/300 | Tr loss=0.1600 mae=0.448 r2=0.700 pcc=0.841 | Vl loss=0.7477 mae=1.111 r2=-1.346 pcc=-0.776 | ES 46/100
  Ep  52/300 | Tr loss=0.1957 mae=0.477 r2=0.616 pcc=0.788 | Vl loss=0.7453 mae=1.115 r2=-1.339 pcc=-0.816 | ES 47/100
2026-06-12 12:36:19,807 | INFO |   Ep  52/300 | Tr loss=0.1957 mae=0.477 r2=0.616 pcc=0.788 | Vl loss=0.7453 mae=1.115 r2=-1.339 pcc=-0.816 | ES 47/100
  Ep  53/300 | Tr loss=0.2090 mae=0.500 r2=0.585 pcc=0.770 | Vl loss=0.7425 mae=1.104 r2=-1.326 pcc=-0.762 | ES 48/100
2026-06-12 12:36:24,602 | INFO |   Ep  53/300 | Tr loss=0.2090 mae=0.500 r2=0.585 pcc=0.770 | Vl loss=0.7425 mae=1.104 r2=-1.326 pcc=-0.762 | ES 48/100
  Ep  54/300 | Tr loss=0.1941 mae=0.480 r2=0.629 pcc=0.800 | Vl loss=0.7541 mae=1.113 r2=-1.369 pcc=-0.568 | ES 49/100
2026-06-12 12:36:29,418 | INFO |   Ep  54/300 | Tr loss=0.1941 mae=0.480 r2=0.629 pcc=0.800 | Vl loss=0.7541 mae=1.113 r2=-1.369 pcc=-0.568 | ES 49/100
  Ep  55/300 | Tr loss=0.2061 mae=0.491 r2=0.621 pcc=0.790 | Vl loss=0.7087 mae=1.068 r2=-1.170 pcc=0.285 | ES 50/100
2026-06-12 12:36:34,254 | INFO |   Ep  55/300 | Tr loss=0.2061 mae=0.491 r2=0.621 pcc=0.790 | Vl loss=0.7087 mae=1.068 r2=-1.170 pcc=0.285 | ES 50/100
Epoch 00056: reducing learning rate of group 0 to 5.0000e-05.
  Ep  56/300 | Tr loss=0.1884 mae=0.460 r2=0.629 pcc=0.801 | Vl loss=0.7103 mae=1.073 r2=-1.180 pcc=-0.359 | ES 51/100
2026-06-12 12:36:39,090 | INFO |   Ep  56/300 | Tr loss=0.1884 mae=0.460 r2=0.629 pcc=0.801 | Vl loss=0.7103 mae=1.073 r2=-1.180 pcc=-0.359 | ES 51/100
  Ep  57/300 | Tr loss=0.1983 mae=0.470 r2=0.630 pcc=0.799 | Vl loss=0.7025 mae=1.068 r2=-1.147 pcc=-0.428 | ES 52/100
2026-06-12 12:36:43,893 | INFO |   Ep  57/300 | Tr loss=0.1983 mae=0.470 r2=0.630 pcc=0.799 | Vl loss=0.7025 mae=1.068 r2=-1.147 pcc=-0.428 | ES 52/100
  Ep  58/300 | Tr loss=0.1807 mae=0.457 r2=0.634 pcc=0.805 | Vl loss=0.6911 mae=1.060 r2=-1.098 pcc=-0.415 | ES 53/100
2026-06-12 12:36:48,691 | INFO |   Ep  58/300 | Tr loss=0.1807 mae=0.457 r2=0.634 pcc=0.805 | Vl loss=0.6911 mae=1.060 r2=-1.098 pcc=-0.415 | ES 53/100
  Ep  59/300 | Tr loss=0.2358 mae=0.536 r2=0.533 pcc=0.737 | Vl loss=0.7494 mae=1.115 r2=-1.348 pcc=-0.695 | ES 54/100
2026-06-12 12:36:53,495 | INFO |   Ep  59/300 | Tr loss=0.2358 mae=0.536 r2=0.533 pcc=0.737 | Vl loss=0.7494 mae=1.115 r2=-1.348 pcc=-0.695 | ES 54/100
  Ep  60/300 | Tr loss=0.1765 mae=0.453 r2=0.655 pcc=0.811 | Vl loss=0.7386 mae=1.099 r2=-1.296 pcc=-0.487 | ES 55/100
2026-06-12 12:36:58,292 | INFO |   Ep  60/300 | Tr loss=0.1765 mae=0.453 r2=0.655 pcc=0.811 | Vl loss=0.7386 mae=1.099 r2=-1.296 pcc=-0.487 | ES 55/100
  Ep  61/300 | Tr loss=0.1936 mae=0.476 r2=0.601 pcc=0.781 | Vl loss=0.7342 mae=1.095 r2=-1.274 pcc=-0.272 | ES 56/100
2026-06-12 12:37:03,069 | INFO |   Ep  61/300 | Tr loss=0.1936 mae=0.476 r2=0.601 pcc=0.781 | Vl loss=0.7342 mae=1.095 r2=-1.274 pcc=-0.272 | ES 56/100
  Ep  62/300 | Tr loss=0.2116 mae=0.501 r2=0.599 pcc=0.778 | Vl loss=0.7208 mae=1.082 r2=-1.215 pcc=0.384 | ES 57/100
2026-06-12 12:37:07,862 | INFO |   Ep  62/300 | Tr loss=0.2116 mae=0.501 r2=0.599 pcc=0.778 | Vl loss=0.7208 mae=1.082 r2=-1.215 pcc=0.384 | ES 57/100
  Ep  63/300 | Tr loss=0.2084 mae=0.496 r2=0.588 pcc=0.768 | Vl loss=0.7169 mae=1.079 r2=-1.196 pcc=0.564 | ES 58/100
2026-06-12 12:37:12,804 | INFO |   Ep  63/300 | Tr loss=0.2084 mae=0.496 r2=0.588 pcc=0.768 | Vl loss=0.7169 mae=1.079 r2=-1.196 pcc=0.564 | ES 58/100
  Ep  64/300 | Tr loss=0.1940 mae=0.472 r2=0.587 pcc=0.774 | Vl loss=0.7260 mae=1.088 r2=-1.236 pcc=0.595 | ES 59/100
2026-06-12 12:37:17,609 | INFO |   Ep  64/300 | Tr loss=0.1940 mae=0.472 r2=0.587 pcc=0.774 | Vl loss=0.7260 mae=1.088 r2=-1.236 pcc=0.595 | ES 59/100
  Ep  65/300 | Tr loss=0.2175 mae=0.516 r2=0.569 pcc=0.759 | Vl loss=0.7277 mae=1.089 r2=-1.244 pcc=0.355 | ES 60/100
2026-06-12 12:37:22,403 | INFO |   Ep  65/300 | Tr loss=0.2175 mae=0.516 r2=0.569 pcc=0.759 | Vl loss=0.7277 mae=1.089 r2=-1.244 pcc=0.355 | ES 60/100
  Ep  66/300 | Tr loss=0.1991 mae=0.488 r2=0.601 pcc=0.780 | Vl loss=0.7036 mae=1.065 r2=-1.145 pcc=0.566 | ES 61/100
2026-06-12 12:37:27,199 | INFO |   Ep  66/300 | Tr loss=0.1991 mae=0.488 r2=0.601 pcc=0.780 | Vl loss=0.7036 mae=1.065 r2=-1.145 pcc=0.566 | ES 61/100
  Ep  67/300 | Tr loss=0.2285 mae=0.526 r2=0.500 pcc=0.719 | Vl loss=0.7159 mae=1.077 r2=-1.199 pcc=-0.128 | ES 62/100
2026-06-12 12:37:31,975 | INFO |   Ep  67/300 | Tr loss=0.2285 mae=0.526 r2=0.500 pcc=0.719 | Vl loss=0.7159 mae=1.077 r2=-1.199 pcc=-0.128 | ES 62/100
  Ep  68/300 | Tr loss=0.1951 mae=0.476 r2=0.596 pcc=0.781 | Vl loss=0.6999 mae=1.062 r2=-1.132 pcc=0.405 | ES 63/100
2026-06-12 12:37:36,799 | INFO |   Ep  68/300 | Tr loss=0.1951 mae=0.476 r2=0.596 pcc=0.781 | Vl loss=0.6999 mae=1.062 r2=-1.132 pcc=0.405 | ES 63/100
  Ep  69/300 | Tr loss=0.2274 mae=0.520 r2=0.508 pcc=0.727 | Vl loss=0.7120 mae=1.073 r2=-1.183 pcc=-0.023 | ES 64/100
2026-06-12 12:37:41,656 | INFO |   Ep  69/300 | Tr loss=0.2274 mae=0.520 r2=0.508 pcc=0.727 | Vl loss=0.7120 mae=1.073 r2=-1.183 pcc=-0.023 | ES 64/100
  Ep  70/300 | Tr loss=0.1625 mae=0.433 r2=0.693 pcc=0.833 | Vl loss=0.6689 mae=1.032 r2=-1.006 pcc=0.846 | ES 65/100
2026-06-12 12:37:46,470 | INFO |   Ep  70/300 | Tr loss=0.1625 mae=0.433 r2=0.693 pcc=0.833 | Vl loss=0.6689 mae=1.032 r2=-1.006 pcc=0.846 | ES 65/100
  Ep  71/300 | Tr loss=0.1851 mae=0.461 r2=0.623 pcc=0.790 | Vl loss=0.6688 mae=1.031 r2=-1.007 pcc=0.906 | ES 66/100
2026-06-12 12:37:51,259 | INFO |   Ep  71/300 | Tr loss=0.1851 mae=0.461 r2=0.623 pcc=0.790 | Vl loss=0.6688 mae=1.031 r2=-1.007 pcc=0.906 | ES 66/100
  Ep  72/300 | Tr loss=0.2013 mae=0.482 r2=0.607 pcc=0.782 | Vl loss=0.6757 mae=1.037 r2=-1.035 pcc=0.912 | ES 67/100
2026-06-12 12:37:56,021 | INFO |   Ep  72/300 | Tr loss=0.2013 mae=0.482 r2=0.607 pcc=0.782 | Vl loss=0.6757 mae=1.037 r2=-1.035 pcc=0.912 | ES 67/100
  Ep  73/300 | Tr loss=0.2195 mae=0.510 r2=0.553 pcc=0.751 | Vl loss=0.6882 mae=1.050 r2=-1.081 pcc=0.897 | ES 68/100
2026-06-12 12:38:00,787 | INFO |   Ep  73/300 | Tr loss=0.2195 mae=0.510 r2=0.553 pcc=0.751 | Vl loss=0.6882 mae=1.050 r2=-1.081 pcc=0.897 | ES 68/100
  Ep  74/300 | Tr loss=0.1996 mae=0.477 r2=0.582 pcc=0.767 | Vl loss=0.6918 mae=1.054 r2=-1.098 pcc=0.904 | ES 69/100
2026-06-12 12:38:05,560 | INFO |   Ep  74/300 | Tr loss=0.1996 mae=0.477 r2=0.582 pcc=0.767 | Vl loss=0.6918 mae=1.054 r2=-1.098 pcc=0.904 | ES 69/100
  Ep  75/300 | Tr loss=0.2080 mae=0.488 r2=0.571 pcc=0.764 | Vl loss=0.6939 mae=1.055 r2=-1.108 pcc=0.905 | ES 70/100
2026-06-12 12:38:10,324 | INFO |   Ep  75/300 | Tr loss=0.2080 mae=0.488 r2=0.571 pcc=0.764 | Vl loss=0.6939 mae=1.055 r2=-1.108 pcc=0.905 | ES 70/100
  Ep  76/300 | Tr loss=0.1982 mae=0.491 r2=0.621 pcc=0.791 | Vl loss=0.6947 mae=1.057 r2=-1.110 pcc=0.912 | ES 71/100
2026-06-12 12:38:15,116 | INFO |   Ep  76/300 | Tr loss=0.1982 mae=0.491 r2=0.621 pcc=0.791 | Vl loss=0.6947 mae=1.057 r2=-1.110 pcc=0.912 | ES 71/100
  Ep  77/300 | Tr loss=0.1797 mae=0.443 r2=0.657 pcc=0.813 | Vl loss=0.7075 mae=1.069 r2=-1.167 pcc=0.837 | ES 72/100
2026-06-12 12:38:19,895 | INFO |   Ep  77/300 | Tr loss=0.1797 mae=0.443 r2=0.657 pcc=0.813 | Vl loss=0.7075 mae=1.069 r2=-1.167 pcc=0.837 | ES 72/100
  Ep  78/300 | Tr loss=0.2037 mae=0.487 r2=0.587 pcc=0.777 | Vl loss=0.7143 mae=1.075 r2=-1.198 pcc=-0.327 | ES 73/100
2026-06-12 12:38:24,702 | INFO |   Ep  78/300 | Tr loss=0.2037 mae=0.487 r2=0.587 pcc=0.777 | Vl loss=0.7143 mae=1.075 r2=-1.198 pcc=-0.327 | ES 73/100
  Ep  79/300 | Tr loss=0.1869 mae=0.463 r2=0.613 pcc=0.793 | Vl loss=0.6841 mae=1.049 r2=-1.072 pcc=0.343 | ES 74/100
2026-06-12 12:38:29,486 | INFO |   Ep  79/300 | Tr loss=0.1869 mae=0.463 r2=0.613 pcc=0.793 | Vl loss=0.6841 mae=1.049 r2=-1.072 pcc=0.343 | ES 74/100
  Ep  80/300 | Tr loss=0.1979 mae=0.474 r2=0.602 pcc=0.779 | Vl loss=0.6695 mae=1.031 r2=-1.008 pcc=0.890 | ES 75/100
2026-06-12 12:38:34,388 | INFO |   Ep  80/300 | Tr loss=0.1979 mae=0.474 r2=0.602 pcc=0.779 | Vl loss=0.6695 mae=1.031 r2=-1.008 pcc=0.890 | ES 75/100
  Ep  81/300 | Tr loss=0.2127 mae=0.507 r2=0.633 pcc=0.798 | Vl loss=0.6748 mae=1.036 r2=-1.030 pcc=0.916 | ES 76/100
2026-06-12 12:38:39,207 | INFO |   Ep  81/300 | Tr loss=0.2127 mae=0.507 r2=0.633 pcc=0.798 | Vl loss=0.6748 mae=1.036 r2=-1.030 pcc=0.916 | ES 76/100
  Ep  82/300 | Tr loss=0.2136 mae=0.496 r2=0.583 pcc=0.767 | Vl loss=0.7044 mae=1.066 r2=-1.150 pcc=0.892 | ES 77/100
2026-06-12 12:38:44,014 | INFO |   Ep  82/300 | Tr loss=0.2136 mae=0.496 r2=0.583 pcc=0.767 | Vl loss=0.7044 mae=1.066 r2=-1.150 pcc=0.892 | ES 77/100
  Ep  83/300 | Tr loss=0.1850 mae=0.453 r2=0.630 pcc=0.798 | Vl loss=0.7168 mae=1.079 r2=-1.202 pcc=0.891 | ES 78/100
2026-06-12 12:38:48,820 | INFO |   Ep  83/300 | Tr loss=0.1850 mae=0.453 r2=0.630 pcc=0.798 | Vl loss=0.7168 mae=1.079 r2=-1.202 pcc=0.891 | ES 78/100
  Ep  84/300 | Tr loss=0.1926 mae=0.469 r2=0.620 pcc=0.790 | Vl loss=0.7188 mae=1.082 r2=-1.209 pcc=0.867 | ES 79/100
2026-06-12 12:38:53,632 | INFO |   Ep  84/300 | Tr loss=0.1926 mae=0.469 r2=0.620 pcc=0.790 | Vl loss=0.7188 mae=1.082 r2=-1.209 pcc=0.867 | ES 79/100
  Ep  85/300 | Tr loss=0.2311 mae=0.509 r2=0.541 pcc=0.755 | Vl loss=0.6999 mae=1.063 r2=-1.126 pcc=0.911 | ES 80/100
2026-06-12 12:38:58,437 | INFO |   Ep  85/300 | Tr loss=0.2311 mae=0.509 r2=0.541 pcc=0.755 | Vl loss=0.6999 mae=1.063 r2=-1.126 pcc=0.911 | ES 80/100
  Ep  86/300 | Tr loss=0.2068 mae=0.486 r2=0.577 pcc=0.768 | Vl loss=0.6818 mae=1.045 r2=-1.054 pcc=0.923 | ES 81/100
2026-06-12 12:39:03,239 | INFO |   Ep  86/300 | Tr loss=0.2068 mae=0.486 r2=0.577 pcc=0.768 | Vl loss=0.6818 mae=1.045 r2=-1.054 pcc=0.923 | ES 81/100
  Ep  87/300 | Tr loss=0.1970 mae=0.489 r2=0.616 pcc=0.785 | Vl loss=0.6792 mae=1.041 r2=-1.045 pcc=0.921 | ES 82/100
2026-06-12 12:39:08,034 | INFO |   Ep  87/300 | Tr loss=0.1970 mae=0.489 r2=0.616 pcc=0.785 | Vl loss=0.6792 mae=1.041 r2=-1.045 pcc=0.921 | ES 82/100
  Ep  88/300 | Tr loss=0.2255 mae=0.517 r2=0.561 pcc=0.751 | Vl loss=0.7103 mae=1.073 r2=-1.170 pcc=0.899 | ES 83/100
2026-06-12 12:39:12,828 | INFO |   Ep  88/300 | Tr loss=0.2255 mae=0.517 r2=0.561 pcc=0.751 | Vl loss=0.7103 mae=1.073 r2=-1.170 pcc=0.899 | ES 83/100
  Ep  89/300 | Tr loss=0.2011 mae=0.486 r2=0.609 pcc=0.784 | Vl loss=0.7365 mae=1.099 r2=-1.275 pcc=0.898 | ES 84/100
2026-06-12 12:39:17,623 | INFO |   Ep  89/300 | Tr loss=0.2011 mae=0.486 r2=0.609 pcc=0.784 | Vl loss=0.7365 mae=1.099 r2=-1.275 pcc=0.898 | ES 84/100
  Ep  90/300 | Tr loss=0.1988 mae=0.464 r2=0.608 pcc=0.784 | Vl loss=0.7407 mae=1.102 r2=-1.288 pcc=0.919 | ES 85/100
2026-06-12 12:39:22,451 | INFO |   Ep  90/300 | Tr loss=0.1988 mae=0.464 r2=0.608 pcc=0.784 | Vl loss=0.7407 mae=1.102 r2=-1.288 pcc=0.919 | ES 85/100
  Ep  91/300 | Tr loss=0.1892 mae=0.469 r2=0.605 pcc=0.784 | Vl loss=0.7437 mae=1.106 r2=-1.303 pcc=0.836 | ES 86/100
2026-06-12 12:39:27,239 | INFO |   Ep  91/300 | Tr loss=0.1892 mae=0.469 r2=0.605 pcc=0.784 | Vl loss=0.7437 mae=1.106 r2=-1.303 pcc=0.836 | ES 86/100
  Ep  92/300 | Tr loss=0.1935 mae=0.479 r2=0.592 pcc=0.772 | Vl loss=0.7467 mae=1.109 r2=-1.317 pcc=0.686 | ES 87/100
2026-06-12 12:39:32,018 | INFO |   Ep  92/300 | Tr loss=0.1935 mae=0.479 r2=0.592 pcc=0.772 | Vl loss=0.7467 mae=1.109 r2=-1.317 pcc=0.686 | ES 87/100
  Ep  93/300 | Tr loss=0.1951 mae=0.476 r2=0.624 pcc=0.793 | Vl loss=0.7163 mae=1.079 r2=-1.191 pcc=0.900 | ES 88/100
2026-06-12 12:39:36,805 | INFO |   Ep  93/300 | Tr loss=0.1951 mae=0.476 r2=0.624 pcc=0.793 | Vl loss=0.7163 mae=1.079 r2=-1.191 pcc=0.900 | ES 88/100
  Ep  94/300 | Tr loss=0.1876 mae=0.467 r2=0.618 pcc=0.790 | Vl loss=0.7178 mae=1.080 r2=-1.194 pcc=0.899 | ES 89/100
2026-06-12 12:39:41,579 | INFO |   Ep  94/300 | Tr loss=0.1876 mae=0.467 r2=0.618 pcc=0.790 | Vl loss=0.7178 mae=1.080 r2=-1.194 pcc=0.899 | ES 89/100
  Ep  95/300 | Tr loss=0.1729 mae=0.436 r2=0.648 pcc=0.808 | Vl loss=0.7259 mae=1.089 r2=-1.225 pcc=0.877 | ES 90/100
2026-06-12 12:39:46,366 | INFO |   Ep  95/300 | Tr loss=0.1729 mae=0.436 r2=0.648 pcc=0.808 | Vl loss=0.7259 mae=1.089 r2=-1.225 pcc=0.877 | ES 90/100
  Ep  96/300 | Tr loss=0.1553 mae=0.422 r2=0.700 pcc=0.837 | Vl loss=0.7073 mae=1.070 r2=-1.149 pcc=0.924 | ES 91/100
2026-06-12 12:39:51,139 | INFO |   Ep  96/300 | Tr loss=0.1553 mae=0.422 r2=0.700 pcc=0.837 | Vl loss=0.7073 mae=1.070 r2=-1.149 pcc=0.924 | ES 91/100
  Ep  97/300 | Tr loss=0.1729 mae=0.432 r2=0.670 pcc=0.820 | Vl loss=0.7102 mae=1.073 r2=-1.166 pcc=0.923 | ES 92/100
2026-06-12 12:39:55,945 | INFO |   Ep  97/300 | Tr loss=0.1729 mae=0.432 r2=0.670 pcc=0.820 | Vl loss=0.7102 mae=1.073 r2=-1.166 pcc=0.923 | ES 92/100
  Ep  98/300 | Tr loss=0.2026 mae=0.477 r2=0.622 pcc=0.791 | Vl loss=0.7331 mae=1.096 r2=-1.266 pcc=0.907 | ES 93/100
2026-06-12 12:40:00,740 | INFO |   Ep  98/300 | Tr loss=0.2026 mae=0.477 r2=0.622 pcc=0.791 | Vl loss=0.7331 mae=1.096 r2=-1.266 pcc=0.907 | ES 93/100
  Ep  99/300 | Tr loss=0.2232 mae=0.509 r2=0.552 pcc=0.754 | Vl loss=0.7376 mae=1.100 r2=-1.293 pcc=0.717 | ES 94/100
2026-06-12 12:40:05,544 | INFO |   Ep  99/300 | Tr loss=0.2232 mae=0.509 r2=0.552 pcc=0.754 | Vl loss=0.7376 mae=1.100 r2=-1.293 pcc=0.717 | ES 94/100
  Ep 100/300 | Tr loss=0.1699 mae=0.432 r2=0.678 pcc=0.825 | Vl loss=0.7421 mae=1.104 r2=-1.312 pcc=0.591 | ES 95/100
2026-06-12 12:40:10,336 | INFO |   Ep 100/300 | Tr loss=0.1699 mae=0.432 r2=0.678 pcc=0.825 | Vl loss=0.7421 mae=1.104 r2=-1.312 pcc=0.591 | ES 95/100
  Ep 101/300 | Tr loss=0.1896 mae=0.458 r2=0.608 pcc=0.791 | Vl loss=0.7343 mae=1.095 r2=-1.276 pcc=0.310 | ES 96/100
2026-06-12 12:40:15,134 | INFO |   Ep 101/300 | Tr loss=0.1896 mae=0.458 r2=0.608 pcc=0.791 | Vl loss=0.7343 mae=1.095 r2=-1.276 pcc=0.310 | ES 96/100
  Ep 102/300 | Tr loss=0.2137 mae=0.501 r2=0.575 pcc=0.764 | Vl loss=0.7181 mae=1.079 r2=-1.211 pcc=0.182 | ES 97/100
2026-06-12 12:40:19,937 | INFO |   Ep 102/300 | Tr loss=0.2137 mae=0.501 r2=0.575 pcc=0.764 | Vl loss=0.7181 mae=1.079 r2=-1.211 pcc=0.182 | ES 97/100
  Ep 103/300 | Tr loss=0.2214 mae=0.515 r2=0.559 pcc=0.752 | Vl loss=0.7354 mae=1.096 r2=-1.287 pcc=-0.553 | ES 98/100
2026-06-12 12:40:24,735 | INFO |   Ep 103/300 | Tr loss=0.2214 mae=0.515 r2=0.559 pcc=0.752 | Vl loss=0.7354 mae=1.096 r2=-1.287 pcc=-0.553 | ES 98/100
  Ep 104/300 | Tr loss=0.1924 mae=0.479 r2=0.639 pcc=0.800 | Vl loss=0.7295 mae=1.091 r2=-1.261 pcc=-0.366 | ES 99/100
2026-06-12 12:40:29,499 | INFO |   Ep 104/300 | Tr loss=0.1924 mae=0.479 r2=0.639 pcc=0.800 | Vl loss=0.7295 mae=1.091 r2=-1.261 pcc=-0.366 | ES 99/100
  Ep 105/300 | Tr loss=0.2233 mae=0.509 r2=0.543 pcc=0.751 | Vl loss=0.7163 mae=1.078 r2=-1.205 pcc=-0.238 | ES 100/100
2026-06-12 12:40:34,329 | INFO |   Ep 105/300 | Tr loss=0.2233 mae=0.509 r2=0.543 pcc=0.751 | Vl loss=0.7163 mae=1.078 r2=-1.205 pcc=-0.238 | ES 100/100

  ⏹  Early stopping at epoch 105 (best=5)
2026-06-12 12:40:34,330 | INFO | Early stopping at epoch 105 best=5

✓ Training complete!

  ── Final Test Results (best epoch = 5) ──────────────────
  Loss : 0.6026
  RMSE : 1.1788
  MAE  : 0.9566
  R²   : -1.2563
  PCC  : -0.8509
  ✓ Saved → /mvdlph/masa/GCN_MultiView_MidFusion_Results/run_2026_06_12_12_31_36/plots/loss_curve.png
  ✓ Saved → /mvdlph/masa/GCN_MultiView_MidFusion_Results/run_2026_06_12_12_31_36/plots/rmse_mae.png
  ✓ Saved → /mvdlph/masa/GCN_MultiView_MidFusion_Results/run_2026_06_12_12_31_36/plots/r2_curve.png
  ✓ Saved → /mvdlph/masa/GCN_MultiView_MidFusion_Results/run_2026_06_12_12_31_36/plots/pcc_curve.png
  ✓ Saved → /mvdlph/masa/GCN_MultiView_MidFusion_Results/run_2026_06_12_12_31_36/plots/regression_scatter_test.png
  ✓ Saved → /mvdlph/masa/GCN_MultiView_MidFusion_Results/run_2026_06_12_12_31_36/plots/regression_scatter_train.png
  ✓ Saved → /mvdlph/masa/GCN_MultiView_MidFusion_Results/run_2026_06_12_12_31_36/plots/regression_scatter_val.png
  ✓ Saved → /mvdlph/masa/GCN_MultiView_MidFusion_Results/run_2026_06_12_12_31_36/plots/early_stopping.png
  ✓ History → /mvdlph/masa/GCN_MultiView_MidFusion_Results/run_2026_06_12_12_31_36/logs/training_history.json
  ✓ NPZ files saved
========================================================================
  Exercise         n      MAE     RMSE       R²      PCC
────────────────────────────────────────────────────────────────────────
  E0             152   0.9566   1.1788  -1.2563  -0.8509
────────────────────────────────────────────────────────────────────────
  Overall        152   0.9566   1.1788  -1.2563  -0.8509
========================================================================

  ✓ Per-exercise CSV → /mvdlph/masa/GCN_MultiView_MidFusion_Results/run_2026_06_12_12_31_36/logs/per_exercise_metrics.csv
  ✓ Per-exercise scatter grid → /mvdlph/masa/GCN_MultiView_MidFusion_Results/run_2026_06_12_12_31_36/plots/per_exercise_scatter.png
  ✓ Per-exercise bar chart → /mvdlph/masa/GCN_MultiView_MidFusion_Results/run_2026_06_12_12_31_36/plots/per_exercise_bar.png
  ✓ Per-exercise metrics NPZ saved
=================================================================
  TRAINING SUMMARY — ST-GCN Mid Fusion (3 cameras)
=================================================================
  Cameras          : [0, 1, 2]
  Fusion type      : MID  (feature-level)
  CAM_FEATURE_DIM  : 64  (per camera)
  FUSED_DIM        : 192  (64 × 3)
  Shared backbone  : False
  Best Epoch       : 5  (stopped at 105)
  Best Val MAE     : 0.9759
  Best Val RMSE    : 1.1973
  Best Val R²      : -0.7837
  Best Val PCC     : 0.9159
─────────────────────────────────────────────────────────────────
  Test MAE         : 0.9566
  Test RMSE        : 1.1788
  Test R²          : -1.2563
  Test PCC         : -0.8509
=================================================================
2026-06-12 12:40:41,648 | INFO | Best Epoch=5  stopped_epoch=105
2026-06-12 12:40:41,648 | INFO | Test MAE=0.9566  RMSE=1.1788  R²=-1.2563  PCC=-0.8509
============================================================
  FIT DIAGNOSIS (best weights)
============================================================
  Metric       Train       Val      Test
────────────────────────────────────────────────────────────
  MAE         0.9484    0.9759    0.9566
  RMSE        1.1040    1.1973    1.1788
  R2         -0.0601   -0.7837   -1.2563
  PCC        -0.7415    0.9159   -0.8509
============================================================
  ⚠  UNDERFITTING likely

✓ Summary CSV → /mvdlph/masa/GCN_MultiView_MidFusion_Results/training_summary.csv
