✓ stdout → also writing to /mvdlph/masa/GCN_SingleView_Regression_Results/run_2026_05_01_17_04_06/logs/training_20260501_170406.log
2026-05-01 17:04:06,484 | INFO | ======================================================================
2026-05-01 17:04:06,487 | INFO | ST-GCN Single-View Regression | BZU Physiotherapy Dataset
2026-05-01 17:04:06,487 | INFO | Camera : CNone  |  Split : 70/15/15  |  Epochs : 300  |  Patience : 50
2026-05-01 17:04:06,488 | INFO | Log file : /mvdlph/masa/GCN_SingleView_Regression_Results/run_2026_05_01_17_04_06/logs/training_20260501_170406.log
2026-05-01 17:04:06,488 | INFO | ======================================================================
✓ parse_filename and load_skeleton defined
NPZ files found (all cameras) : 15375

✓ Total samples  (CNone) : 15375
✓ Unique trials              : 61
✓ Quality mean ± std         : 4.126 ± 0.795

✓ Exercise distribution:
0    1752
1    1608
2    1382
3    1596
4    1579
5    1566
6    1570
7    1588
8    1401
9    1333
Name: exercise, dtype: int64
Checking for corrupted files...
  Removing 3 corrupted files from index
    BAD: /mvdlph/Dataset_CVDLPT_Videos_Segments_P0P15_MMPose_human3d_motionbert_H36M_3D_1_2026/E0_P13_T5_C2_seg2_MMPose_human3d_motionbert_3D.npz
    BAD: /mvdlph/Dataset_CVDLPT_Videos_Segments_P0P15_MMPose_human3d_motionbert_H36M_3D_1_2026/E1_P14_T3_C2_seg6_MMPose_human3d_motionbert_3D.npz
    BAD: /mvdlph/Dataset_CVDLPT_Videos_Segments_P0P15_MMPose_human3d_motionbert_H36M_3D_1_2026/E4_P12_T3_C1_seg5_MMPose_human3d_motionbert_3D.npz
  Clean samples remaining: 15372

── Sample rows ──
    exercise person trial_id  segment  quality
0          0     P0       T0        0   4.3667
1          0     P0       T0        1   4.3667
2          0     P0       T0        2   4.3667
3          0     P0       T0        3   4.3667
4          0     P0       T0        4   4.3667
5          0     P0       T0        5   4.3667
6          0     P0       T0        6   4.3667
7          0     P0       T0        7   4.3667
8          0     P0       T0        8   4.3667
9          0     P0       T0        9   4.3667
10         0     P0       T0        0   4.3667
11         0     P0       T0        1   4.3667
12         0     P0       T0        2   4.3667
13         0     P0       T0        3   4.3667
14         0     P0       T0        4   4.3667
0    5147
1    5101
2    5124
Name: camera, dtype: int64

Total samples: 15372
0    5147
1    5101
2    5124
Name: camera, dtype: int64

الكاميرات الموجودة: [0, 1, 2]
camera      0    1    2
exercise               
0         579  588  584
1         532  539  536
2         463  445  474
3         525  545  526
4         522  532  524
5         525  516  525
6         529  529  512
7         529  532  527
8         486  430  485
9         457  445  431
E0: correct=3 trials, erroneous=4 trials
E1: correct=3 trials, erroneous=4 trials
E2: correct=3 trials, erroneous=4 trials
E3: correct=3 trials, erroneous=4 trials
E4: correct=3 trials, erroneous=4 trials
E5: correct=3 trials, erroneous=4 trials
E6: correct=3 trials, erroneous=4 trials
E7: correct=3 trials, erroneous=4 trials
E8: correct=3 trials, erroneous=4 trials
E9: correct=3 trials, erroneous=4 trials
✓ Skeleton visualisation helpers defined
person                                                     P0
exercise                                                    0
trial_id                                                   T0
segment                                                     0
filepath    /mvdlph/Dataset_CVDLPT_Videos_Segments_P0P15_M...
Name: 10, dtype: object
Skeleton shape : (61, 17, 3)
X range : [-0.369, 0.592]
Y range : [0.000, 0.994]
Z range : [-0.193, 0.198]
  ✓ Skeleton plot saved → /mvdlph/masa/GCN_SingleView_Regression_Results/run_2026_05_01_17_04_06/plots/sample_skeleton_3views.png
  ✓ Motion frames saved → /mvdlph/masa/GCN_SingleView_Regression_Results/run_2026_05_01_17_04_06/plots/sample_skeleton_motion.png
Axis ranges across all frames:
X: [-0.369, 0.592] — likely left/right
Y: [0.000, 0.994] — likely ???
Z: [-0.193, 0.198] — likely height

Hip  mean XYZ: [0.         0.32057488 0.        ]
Head mean XYZ: [-0.14265826  0.9668146  -0.18420231]

Difference (head - hip): [-0.14265826  0.6462397  -0.18420231]
✓ BZUDataset defined (regression only)
✓ ST-GCN regression model defined
Device : cuda
GPU    : Tesla V100-PCIE-32GB
✓ centre_and_scale and run_epoch (regression) defined

=======================================================
Samples → train=8461, val=2400, test=4511

Correct vs Erroneous per split:
  Train: correct=5820  erroneous=2641 | mean=4.141 std=0.838
  Val  : correct=1842  erroneous= 558 | mean=4.345 std=0.588
  Test : correct=2295  erroneous=2216 | mean=3.984 std=0.779

✓ Train / Val / Test split ready (person-based)
✓ Plotting helpers (regression) defined
✓ EarlyStopping defined (monitoring MAE)
2026-05-01 17:04:41,784 | INFO | ======================================================================
2026-05-01 17:04:41,784 | INFO | STARTING REGRESSION TRAINING  (with Early Stopping on MAE)
2026-05-01 17:04:41,785 | INFO | ======================================================================
2026-05-01 17:04:41,785 | INFO | train=8461 val=2400 test=4511

════════════════════════════════════════════════════════════════════
  Camera CNone  |  Train: 8461  Val: 2400  Test: 4511
  Patience: 50  |  LR: 0.0003  |  Batch: 48
════════════════════════════════════════════════════════════════════
  Ep   1/300 | Tr loss=0.2429 mae=0.545 r2=0.192 | Vl loss=0.1485 mae=0.433 r2=0.107 | Te loss=0.2781 mae=0.614 r2=0.033 | ES 0/50 ★
2026-05-01 17:05:38,117 | INFO |   Ep   1/300 | Tr loss=0.2429 mae=0.545 r2=0.192 | Vl loss=0.1485 mae=0.433 r2=0.107 | Te loss=0.2781 mae=0.614 r2=0.033 | ES 0/50 ★
    ★ val_mae=0.4325  rmse=0.5557  r2=0.1069
  Ep   2/300 | Tr loss=0.1835 mae=0.479 r2=0.443 | Vl loss=0.1484 mae=0.432 r2=0.107 | Te loss=0.2781 mae=0.614 r2=0.033 | ES 0/50 ★
2026-05-01 17:06:32,567 | INFO |   Ep   2/300 | Tr loss=0.1835 mae=0.479 r2=0.443 | Vl loss=0.1484 mae=0.432 r2=0.107 | Te loss=0.2781 mae=0.614 r2=0.033 | ES 0/50 ★
    ★ val_mae=0.4320  rmse=0.5556  r2=0.1070
  Ep   3/300 | Tr loss=0.1778 mae=0.471 r2=0.464 | Vl loss=0.1228 mae=0.365 r2=0.250 | Te loss=0.2650 mae=0.589 r2=0.077 | ES 0/50 ★
2026-05-01 17:07:27,885 | INFO |   Ep   3/300 | Tr loss=0.1778 mae=0.471 r2=0.464 | Vl loss=0.1228 mae=0.365 r2=0.250 | Te loss=0.2650 mae=0.589 r2=0.077 | ES 0/50 ★
    ★ val_mae=0.3653  rmse=0.5093  r2=0.2498
  Ep   4/300 | Tr loss=0.1671 mae=0.445 r2=0.494 | Vl loss=0.1206 mae=0.352 r2=0.246 | Te loss=0.2803 mae=0.608 r2=0.014 | ES 0/50 ★
2026-05-01 17:08:22,670 | INFO |   Ep   4/300 | Tr loss=0.1671 mae=0.445 r2=0.494 | Vl loss=0.1206 mae=0.352 r2=0.246 | Te loss=0.2803 mae=0.608 r2=0.014 | ES 0/50 ★
    ★ val_mae=0.3515  rmse=0.5105  r2=0.2463
  Ep   5/300 | Tr loss=0.1563 mae=0.424 r2=0.528 | Vl loss=0.0995 mae=0.313 r2=0.388 | Te loss=0.2379 mae=0.559 r2=0.172 | ES 0/50 ★
2026-05-01 17:09:17,274 | INFO |   Ep   5/300 | Tr loss=0.1563 mae=0.424 r2=0.528 | Vl loss=0.0995 mae=0.313 r2=0.388 | Te loss=0.2379 mae=0.559 r2=0.172 | ES 0/50 ★
    ★ val_mae=0.3132  rmse=0.4600  r2=0.3879
  Ep   6/300 | Tr loss=0.1521 mae=0.415 r2=0.543 | Vl loss=0.0985 mae=0.305 r2=0.386 | Te loss=0.2502 mae=0.570 r2=0.126 | ES 0/50 ★
2026-05-01 17:10:12,042 | INFO |   Ep   6/300 | Tr loss=0.1521 mae=0.415 r2=0.543 | Vl loss=0.0985 mae=0.305 r2=0.386 | Te loss=0.2502 mae=0.570 r2=0.126 | ES 0/50 ★
    ★ val_mae=0.3052  rmse=0.4605  r2=0.3865
  Ep   7/300 | Tr loss=0.1500 mae=0.410 r2=0.548 | Vl loss=0.0941 mae=0.304 r2=0.420 | Te loss=0.2398 mae=0.556 r2=0.166 | ES 0/50 ★
2026-05-01 17:11:07,174 | INFO |   Ep   7/300 | Tr loss=0.1500 mae=0.410 r2=0.548 | Vl loss=0.0941 mae=0.304 r2=0.420 | Te loss=0.2398 mae=0.556 r2=0.166 | ES 0/50 ★
    ★ val_mae=0.3038  rmse=0.4477  r2=0.4203
  Ep   8/300 | Tr loss=0.1486 mae=0.408 r2=0.552 | Vl loss=0.0999 mae=0.309 r2=0.379 | Te loss=0.2454 mae=0.566 r2=0.143 | ES 1/50
2026-05-01 17:12:01,730 | INFO |   Ep   8/300 | Tr loss=0.1486 mae=0.408 r2=0.552 | Vl loss=0.0999 mae=0.309 r2=0.379 | Te loss=0.2454 mae=0.566 r2=0.143 | ES 1/50
  Ep   9/300 | Tr loss=0.1463 mae=0.403 r2=0.560 | Vl loss=0.0981 mae=0.312 r2=0.396 | Te loss=0.2343 mae=0.552 r2=0.184 | ES 2/50
2026-05-01 17:12:56,684 | INFO |   Ep   9/300 | Tr loss=0.1463 mae=0.403 r2=0.560 | Vl loss=0.0981 mae=0.312 r2=0.396 | Te loss=0.2343 mae=0.552 r2=0.184 | ES 2/50
  Ep  10/300 | Tr loss=0.1467 mae=0.403 r2=0.557 | Vl loss=0.0959 mae=0.296 r2=0.404 | Te loss=0.2485 mae=0.564 r2=0.133 | ES 0/50 ★
2026-05-01 17:13:51,921 | INFO |   Ep  10/300 | Tr loss=0.1467 mae=0.403 r2=0.557 | Vl loss=0.0959 mae=0.296 r2=0.404 | Te loss=0.2485 mae=0.564 r2=0.133 | ES 0/50 ★
    ★ val_mae=0.2957  rmse=0.4539  r2=0.4041
  Ep  11/300 | Tr loss=0.1435 mae=0.397 r2=0.566 | Vl loss=0.0997 mae=0.303 r2=0.382 | Te loss=0.2546 mae=0.571 r2=0.112 | ES 1/50
2026-05-01 17:14:46,583 | INFO |   Ep  11/300 | Tr loss=0.1435 mae=0.397 r2=0.566 | Vl loss=0.0997 mae=0.303 r2=0.382 | Te loss=0.2546 mae=0.571 r2=0.112 | ES 1/50
  Ep  12/300 | Tr loss=0.1432 mae=0.397 r2=0.566 | Vl loss=0.0992 mae=0.300 r2=0.381 | Te loss=0.2555 mae=0.572 r2=0.107 | ES 2/50
2026-05-01 17:15:41,352 | INFO |   Ep  12/300 | Tr loss=0.1432 mae=0.397 r2=0.566 | Vl loss=0.0992 mae=0.300 r2=0.381 | Te loss=0.2555 mae=0.572 r2=0.107 | ES 2/50
  Ep  13/300 | Tr loss=0.1431 mae=0.394 r2=0.569 | Vl loss=0.1077 mae=0.322 r2=0.335 | Te loss=0.2614 mae=0.582 r2=0.089 | ES 3/50
2026-05-01 17:16:36,475 | INFO |   Ep  13/300 | Tr loss=0.1431 mae=0.394 r2=0.569 | Vl loss=0.1077 mae=0.322 r2=0.335 | Te loss=0.2614 mae=0.582 r2=0.089 | ES 3/50
  Ep  14/300 | Tr loss=0.1423 mae=0.393 r2=0.570 | Vl loss=0.1005 mae=0.298 r2=0.369 | Te loss=0.2579 mae=0.577 r2=0.095 | ES 4/50
2026-05-01 17:17:31,208 | INFO |   Ep  14/300 | Tr loss=0.1423 mae=0.393 r2=0.570 | Vl loss=0.1005 mae=0.298 r2=0.369 | Te loss=0.2579 mae=0.577 r2=0.095 | ES 4/50
  Ep  15/300 | Tr loss=0.1423 mae=0.394 r2=0.570 | Vl loss=0.0996 mae=0.296 r2=0.375 | Te loss=0.2556 mae=0.574 r2=0.105 | ES 5/50
2026-05-01 17:18:26,233 | INFO |   Ep  15/300 | Tr loss=0.1423 mae=0.394 r2=0.570 | Vl loss=0.0996 mae=0.296 r2=0.375 | Te loss=0.2556 mae=0.574 r2=0.105 | ES 5/50
  Ep  16/300 | Tr loss=0.1423 mae=0.392 r2=0.570 | Vl loss=0.0962 mae=0.297 r2=0.403 | Te loss=0.2416 mae=0.558 r2=0.157 | ES 6/50
2026-05-01 17:19:21,659 | INFO |   Ep  16/300 | Tr loss=0.1423 mae=0.392 r2=0.570 | Vl loss=0.0962 mae=0.297 r2=0.403 | Te loss=0.2416 mae=0.558 r2=0.157 | ES 6/50
  Ep  17/300 | Tr loss=0.1422 mae=0.394 r2=0.570 | Vl loss=0.0956 mae=0.300 r2=0.408 | Te loss=0.2457 mae=0.559 r2=0.144 | ES 7/50
2026-05-01 17:20:16,725 | INFO |   Ep  17/300 | Tr loss=0.1422 mae=0.394 r2=0.570 | Vl loss=0.0956 mae=0.300 r2=0.408 | Te loss=0.2457 mae=0.559 r2=0.144 | ES 7/50
  Ep  18/300 | Tr loss=0.1407 mae=0.392 r2=0.575 | Vl loss=0.0970 mae=0.296 r2=0.397 | Te loss=0.2503 mae=0.566 r2=0.127 | ES 8/50
2026-05-01 17:21:11,725 | INFO |   Ep  18/300 | Tr loss=0.1407 mae=0.392 r2=0.575 | Vl loss=0.0970 mae=0.296 r2=0.397 | Te loss=0.2503 mae=0.566 r2=0.127 | ES 8/50
  Ep  19/300 | Tr loss=0.1410 mae=0.392 r2=0.573 | Vl loss=0.0933 mae=0.293 r2=0.425 | Te loss=0.2435 mae=0.557 r2=0.153 | ES 0/50 ★
2026-05-01 17:22:06,498 | INFO |   Ep  19/300 | Tr loss=0.1410 mae=0.392 r2=0.573 | Vl loss=0.0933 mae=0.293 r2=0.425 | Te loss=0.2435 mae=0.557 r2=0.153 | ES 0/50 ★
    ★ val_mae=0.2930  rmse=0.4460  r2=0.4246
  Ep  20/300 | Tr loss=0.1419 mae=0.394 r2=0.572 | Vl loss=0.0976 mae=0.302 r2=0.400 | Te loss=0.2487 mae=0.564 r2=0.136 | ES 1/50
2026-05-01 17:23:01,726 | INFO |   Ep  20/300 | Tr loss=0.1419 mae=0.394 r2=0.572 | Vl loss=0.0976 mae=0.302 r2=0.400 | Te loss=0.2487 mae=0.564 r2=0.136 | ES 1/50
  Ep  21/300 | Tr loss=0.1410 mae=0.392 r2=0.573 | Vl loss=0.0956 mae=0.294 r2=0.406 | Te loss=0.2471 mae=0.562 r2=0.138 | ES 2/50
2026-05-01 17:23:56,694 | INFO |   Ep  21/300 | Tr loss=0.1410 mae=0.392 r2=0.573 | Vl loss=0.0956 mae=0.294 r2=0.406 | Te loss=0.2471 mae=0.562 r2=0.138 | ES 2/50
  Ep  22/300 | Tr loss=0.1409 mae=0.391 r2=0.575 | Vl loss=0.0979 mae=0.300 r2=0.394 | Te loss=0.2510 mae=0.566 r2=0.126 | ES 3/50
2026-05-01 17:24:51,580 | INFO |   Ep  22/300 | Tr loss=0.1409 mae=0.391 r2=0.575 | Vl loss=0.0979 mae=0.300 r2=0.394 | Te loss=0.2510 mae=0.566 r2=0.126 | ES 3/50
  Ep  23/300 | Tr loss=0.1401 mae=0.390 r2=0.576 | Vl loss=0.0947 mae=0.291 r2=0.412 | Te loss=0.2467 mae=0.562 r2=0.140 | ES 0/50 ★
2026-05-01 17:25:46,689 | INFO |   Ep  23/300 | Tr loss=0.1401 mae=0.390 r2=0.576 | Vl loss=0.0947 mae=0.291 r2=0.412 | Te loss=0.2467 mae=0.562 r2=0.140 | ES 0/50 ★
    ★ val_mae=0.2906  rmse=0.4508  r2=0.4123
  Ep  24/300 | Tr loss=0.1406 mae=0.390 r2=0.574 | Vl loss=0.0993 mae=0.300 r2=0.383 | Te loss=0.2551 mae=0.573 r2=0.110 | ES 1/50
2026-05-01 17:26:41,460 | INFO |   Ep  24/300 | Tr loss=0.1406 mae=0.390 r2=0.574 | Vl loss=0.0993 mae=0.300 r2=0.383 | Te loss=0.2551 mae=0.573 r2=0.110 | ES 1/50
  Ep  25/300 | Tr loss=0.1409 mae=0.389 r2=0.576 | Vl loss=0.0946 mae=0.294 r2=0.414 | Te loss=0.2453 mae=0.559 r2=0.145 | ES 2/50
2026-05-01 17:27:36,810 | INFO |   Ep  25/300 | Tr loss=0.1409 mae=0.389 r2=0.576 | Vl loss=0.0946 mae=0.294 r2=0.414 | Te loss=0.2453 mae=0.559 r2=0.145 | ES 2/50
  Ep  26/300 | Tr loss=0.1412 mae=0.391 r2=0.574 | Vl loss=0.0935 mae=0.293 r2=0.423 | Te loss=0.2436 mae=0.557 r2=0.153 | ES 3/50
2026-05-01 17:28:31,791 | INFO |   Ep  26/300 | Tr loss=0.1412 mae=0.391 r2=0.574 | Vl loss=0.0935 mae=0.293 r2=0.423 | Te loss=0.2436 mae=0.557 r2=0.153 | ES 3/50
  Ep  27/300 | Tr loss=0.1399 mae=0.389 r2=0.577 | Vl loss=0.0956 mae=0.295 r2=0.408 | Te loss=0.2463 mae=0.561 r2=0.143 | ES 4/50
2026-05-01 17:29:26,529 | INFO |   Ep  27/300 | Tr loss=0.1399 mae=0.389 r2=0.577 | Vl loss=0.0956 mae=0.295 r2=0.408 | Te loss=0.2463 mae=0.561 r2=0.143 | ES 4/50
  Ep  28/300 | Tr loss=0.1403 mae=0.389 r2=0.576 | Vl loss=0.0947 mae=0.293 r2=0.413 | Te loss=0.2451 mae=0.559 r2=0.145 | ES 5/50
2026-05-01 17:30:22,175 | INFO |   Ep  28/300 | Tr loss=0.1403 mae=0.389 r2=0.576 | Vl loss=0.0947 mae=0.293 r2=0.413 | Te loss=0.2451 mae=0.559 r2=0.145 | ES 5/50
  Ep  29/300 | Tr loss=0.1397 mae=0.388 r2=0.577 | Vl loss=0.0884 mae=0.283 r2=0.459 | Te loss=0.2301 mae=0.541 r2=0.202 | ES 0/50 ★
2026-05-01 17:31:17,509 | INFO |   Ep  29/300 | Tr loss=0.1397 mae=0.388 r2=0.577 | Vl loss=0.0884 mae=0.283 r2=0.459 | Te loss=0.2301 mae=0.541 r2=0.202 | ES 0/50 ★
    ★ val_mae=0.2831  rmse=0.4323  r2=0.4594
  Ep  30/300 | Tr loss=0.1402 mae=0.389 r2=0.577 | Vl loss=0.0957 mae=0.294 r2=0.406 | Te loss=0.2501 mae=0.566 r2=0.128 | ES 1/50
2026-05-01 17:32:12,790 | INFO |   Ep  30/300 | Tr loss=0.1402 mae=0.389 r2=0.577 | Vl loss=0.0957 mae=0.294 r2=0.406 | Te loss=0.2501 mae=0.566 r2=0.128 | ES 1/50
  Ep  31/300 | Tr loss=0.1398 mae=0.389 r2=0.578 | Vl loss=0.0957 mae=0.294 r2=0.406 | Te loss=0.2453 mae=0.561 r2=0.144 | ES 2/50
2026-05-01 17:33:07,704 | INFO |   Ep  31/300 | Tr loss=0.1398 mae=0.389 r2=0.578 | Vl loss=0.0957 mae=0.294 r2=0.406 | Te loss=0.2453 mae=0.561 r2=0.144 | ES 2/50
  Ep  32/300 | Tr loss=0.1394 mae=0.388 r2=0.578 | Vl loss=0.0913 mae=0.288 r2=0.439 | Te loss=0.2384 mae=0.551 r2=0.172 | ES 3/50
2026-05-01 17:34:02,505 | INFO |   Ep  32/300 | Tr loss=0.1394 mae=0.388 r2=0.578 | Vl loss=0.0913 mae=0.288 r2=0.439 | Te loss=0.2384 mae=0.551 r2=0.172 | ES 3/50
  Ep  33/300 | Tr loss=0.1399 mae=0.388 r2=0.578 | Vl loss=0.0930 mae=0.289 r2=0.426 | Te loss=0.2454 mae=0.561 r2=0.146 | ES 4/50
2026-05-01 17:34:57,748 | INFO |   Ep  33/300 | Tr loss=0.1399 mae=0.388 r2=0.578 | Vl loss=0.0930 mae=0.289 r2=0.426 | Te loss=0.2454 mae=0.561 r2=0.146 | ES 4/50
  Ep  34/300 | Tr loss=0.1394 mae=0.388 r2=0.578 | Vl loss=0.0907 mae=0.290 r2=0.444 | Te loss=0.2385 mae=0.550 r2=0.172 | ES 5/50
2026-05-01 17:35:52,584 | INFO |   Ep  34/300 | Tr loss=0.1394 mae=0.388 r2=0.578 | Vl loss=0.0907 mae=0.290 r2=0.444 | Te loss=0.2385 mae=0.550 r2=0.172 | ES 5/50
  Ep  35/300 | Tr loss=0.1401 mae=0.389 r2=0.577 | Vl loss=0.0931 mae=0.292 r2=0.428 | Te loss=0.2433 mae=0.557 r2=0.154 | ES 6/50
2026-05-01 17:36:47,731 | INFO |   Ep  35/300 | Tr loss=0.1401 mae=0.389 r2=0.577 | Vl loss=0.0931 mae=0.292 r2=0.428 | Te loss=0.2433 mae=0.557 r2=0.154 | ES 6/50
  Ep  36/300 | Tr loss=0.1399 mae=0.389 r2=0.578 | Vl loss=0.0954 mae=0.294 r2=0.411 | Te loss=0.2472 mae=0.563 r2=0.140 | ES 7/50
2026-05-01 17:37:43,008 | INFO |   Ep  36/300 | Tr loss=0.1399 mae=0.389 r2=0.578 | Vl loss=0.0954 mae=0.294 r2=0.411 | Te loss=0.2472 mae=0.563 r2=0.140 | ES 7/50
  Ep  37/300 | Tr loss=0.1396 mae=0.388 r2=0.579 | Vl loss=0.0931 mae=0.294 r2=0.428 | Te loss=0.2431 mae=0.556 r2=0.156 | ES 8/50
2026-05-01 17:38:37,737 | INFO |   Ep  37/300 | Tr loss=0.1396 mae=0.388 r2=0.579 | Vl loss=0.0931 mae=0.294 r2=0.428 | Te loss=0.2431 mae=0.556 r2=0.156 | ES 8/50
  Ep  38/300 | Tr loss=0.1395 mae=0.388 r2=0.579 | Vl loss=0.0850 mae=0.281 r2=0.485 | Te loss=0.2230 mae=0.531 r2=0.228 | ES 0/50 ★
2026-05-01 17:39:32,604 | INFO |   Ep  38/300 | Tr loss=0.1395 mae=0.388 r2=0.579 | Vl loss=0.0850 mae=0.281 r2=0.485 | Te loss=0.2230 mae=0.531 r2=0.228 | ES 0/50 ★
    ★ val_mae=0.2809  rmse=0.4220  r2=0.4848
  Ep  39/300 | Tr loss=0.1400 mae=0.387 r2=0.579 | Vl loss=0.0996 mae=0.300 r2=0.378 | Te loss=0.2574 mae=0.575 r2=0.099 | ES 1/50
2026-05-01 17:40:27,374 | INFO |   Ep  39/300 | Tr loss=0.1400 mae=0.387 r2=0.579 | Vl loss=0.0996 mae=0.300 r2=0.378 | Te loss=0.2574 mae=0.575 r2=0.099 | ES 1/50
  Ep  40/300 | Tr loss=0.1381 mae=0.385 r2=0.582 | Vl loss=0.0895 mae=0.285 r2=0.452 | Te loss=0.2343 mae=0.547 r2=0.187 | ES 2/50
2026-05-01 17:41:22,671 | INFO |   Ep  40/300 | Tr loss=0.1381 mae=0.385 r2=0.582 | Vl loss=0.0895 mae=0.285 r2=0.452 | Te loss=0.2343 mae=0.547 r2=0.187 | ES 2/50
  Ep  41/300 | Tr loss=0.1389 mae=0.387 r2=0.579 | Vl loss=0.0882 mae=0.282 r2=0.462 | Te loss=0.2307 mae=0.542 r2=0.199 | ES 3/50
2026-05-01 17:42:17,500 | INFO |   Ep  41/300 | Tr loss=0.1389 mae=0.387 r2=0.579 | Vl loss=0.0882 mae=0.282 r2=0.462 | Te loss=0.2307 mae=0.542 r2=0.199 | ES 3/50
  Ep  42/300 | Tr loss=0.1396 mae=0.388 r2=0.579 | Vl loss=0.0912 mae=0.287 r2=0.439 | Te loss=0.2388 mae=0.552 r2=0.170 | ES 4/50
2026-05-01 17:43:13,010 | INFO |   Ep  42/300 | Tr loss=0.1396 mae=0.388 r2=0.579 | Vl loss=0.0912 mae=0.287 r2=0.439 | Te loss=0.2388 mae=0.552 r2=0.170 | ES 4/50
  Ep  43/300 | Tr loss=0.1388 mae=0.386 r2=0.580 | Vl loss=0.0873 mae=0.287 r2=0.470 | Te loss=0.2282 mae=0.538 r2=0.209 | ES 5/50
2026-05-01 17:44:07,923 | INFO |   Ep  43/300 | Tr loss=0.1388 mae=0.386 r2=0.580 | Vl loss=0.0873 mae=0.287 r2=0.470 | Te loss=0.2282 mae=0.538 r2=0.209 | ES 5/50
  Ep  44/300 | Tr loss=0.1397 mae=0.389 r2=0.578 | Vl loss=0.0934 mae=0.290 r2=0.424 | Te loss=0.2434 mae=0.558 r2=0.151 | ES 6/50
2026-05-01 17:45:02,780 | INFO |   Ep  44/300 | Tr loss=0.1397 mae=0.389 r2=0.578 | Vl loss=0.0934 mae=0.290 r2=0.424 | Te loss=0.2434 mae=0.558 r2=0.151 | ES 6/50
  Ep  45/300 | Tr loss=0.1396 mae=0.388 r2=0.579 | Vl loss=0.0925 mae=0.294 r2=0.437 | Te loss=0.2408 mae=0.555 r2=0.164 | ES 7/50
2026-05-01 17:45:57,734 | INFO |   Ep  45/300 | Tr loss=0.1396 mae=0.388 r2=0.579 | Vl loss=0.0925 mae=0.294 r2=0.437 | Te loss=0.2408 mae=0.555 r2=0.164 | ES 7/50
  Ep  46/300 | Tr loss=0.1387 mae=0.386 r2=0.581 | Vl loss=0.0889 mae=0.289 r2=0.460 | Te loss=0.2335 mae=0.545 r2=0.189 | ES 8/50
2026-05-01 17:46:52,949 | INFO |   Ep  46/300 | Tr loss=0.1387 mae=0.386 r2=0.581 | Vl loss=0.0889 mae=0.289 r2=0.460 | Te loss=0.2335 mae=0.545 r2=0.189 | ES 8/50
  Ep  47/300 | Tr loss=0.1389 mae=0.384 r2=0.581 | Vl loss=0.0946 mae=0.294 r2=0.419 | Te loss=0.2487 mae=0.565 r2=0.133 | ES 9/50
2026-05-01 17:47:48,378 | INFO |   Ep  47/300 | Tr loss=0.1389 mae=0.384 r2=0.581 | Vl loss=0.0946 mae=0.294 r2=0.419 | Te loss=0.2487 mae=0.565 r2=0.133 | ES 9/50
  Ep  48/300 | Tr loss=0.1383 mae=0.386 r2=0.582 | Vl loss=0.0983 mae=0.300 r2=0.391 | Te loss=0.2598 mae=0.577 r2=0.086 | ES 10/50
2026-05-01 17:48:43,370 | INFO |   Ep  48/300 | Tr loss=0.1383 mae=0.386 r2=0.582 | Vl loss=0.0983 mae=0.300 r2=0.391 | Te loss=0.2598 mae=0.577 r2=0.086 | ES 10/50
  Ep  49/300 | Tr loss=0.1375 mae=0.384 r2=0.584 | Vl loss=0.0898 mae=0.286 r2=0.451 | Te loss=0.2335 mae=0.546 r2=0.187 | ES 11/50
2026-05-01 17:49:37,961 | INFO |   Ep  49/300 | Tr loss=0.1375 mae=0.384 r2=0.584 | Vl loss=0.0898 mae=0.286 r2=0.451 | Te loss=0.2335 mae=0.546 r2=0.187 | ES 11/50
  Ep  50/300 | Tr loss=0.1386 mae=0.385 r2=0.583 | Vl loss=0.0898 mae=0.287 r2=0.452 | Te loss=0.2375 mae=0.551 r2=0.174 | ES 12/50
2026-05-01 17:50:32,561 | INFO |   Ep  50/300 | Tr loss=0.1386 mae=0.385 r2=0.583 | Vl loss=0.0898 mae=0.287 r2=0.452 | Te loss=0.2375 mae=0.551 r2=0.174 | ES 12/50
  Ep  51/300 | Tr loss=0.1379 mae=0.385 r2=0.582 | Vl loss=0.0883 mae=0.284 r2=0.462 | Te loss=0.2358 mae=0.548 r2=0.180 | ES 13/50
2026-05-01 17:51:27,259 | INFO |   Ep  51/300 | Tr loss=0.1379 mae=0.385 r2=0.582 | Vl loss=0.0883 mae=0.284 r2=0.462 | Te loss=0.2358 mae=0.548 r2=0.180 | ES 13/50
  Ep  52/300 | Tr loss=0.1380 mae=0.384 r2=0.584 | Vl loss=0.0903 mae=0.287 r2=0.449 | Te loss=0.2412 mae=0.555 r2=0.160 | ES 14/50
2026-05-01 17:52:22,227 | INFO |   Ep  52/300 | Tr loss=0.1380 mae=0.384 r2=0.584 | Vl loss=0.0903 mae=0.287 r2=0.449 | Te loss=0.2412 mae=0.555 r2=0.160 | ES 14/50
  Ep  53/300 | Tr loss=0.1381 mae=0.384 r2=0.581 | Vl loss=0.0912 mae=0.290 r2=0.446 | Te loss=0.2412 mae=0.555 r2=0.160 | ES 15/50
2026-05-01 17:53:17,588 | INFO |   Ep  53/300 | Tr loss=0.1381 mae=0.384 r2=0.581 | Vl loss=0.0912 mae=0.290 r2=0.446 | Te loss=0.2412 mae=0.555 r2=0.160 | ES 15/50
  Ep  54/300 | Tr loss=0.1375 mae=0.383 r2=0.585 | Vl loss=0.0877 mae=0.288 r2=0.469 | Te loss=0.2330 mae=0.543 r2=0.188 | ES 16/50
2026-05-01 17:54:13,018 | INFO |   Ep  54/300 | Tr loss=0.1375 mae=0.383 r2=0.585 | Vl loss=0.0877 mae=0.288 r2=0.469 | Te loss=0.2330 mae=0.543 r2=0.188 | ES 16/50
  Ep  55/300 | Tr loss=0.1382 mae=0.385 r2=0.582 | Vl loss=0.0900 mae=0.289 r2=0.451 | Te loss=0.2387 mae=0.552 r2=0.168 | ES 17/50
2026-05-01 17:55:07,768 | INFO |   Ep  55/300 | Tr loss=0.1382 mae=0.385 r2=0.582 | Vl loss=0.0900 mae=0.289 r2=0.451 | Te loss=0.2387 mae=0.552 r2=0.168 | ES 17/50
  Ep  56/300 | Tr loss=0.1374 mae=0.384 r2=0.584 | Vl loss=0.0899 mae=0.286 r2=0.450 | Te loss=0.2384 mae=0.551 r2=0.170 | ES 18/50
2026-05-01 17:56:03,197 | INFO |   Ep  56/300 | Tr loss=0.1374 mae=0.384 r2=0.584 | Vl loss=0.0899 mae=0.286 r2=0.450 | Te loss=0.2384 mae=0.551 r2=0.170 | ES 18/50
  Ep  57/300 | Tr loss=0.1375 mae=0.383 r2=0.584 | Vl loss=0.0919 mae=0.290 r2=0.439 | Te loss=0.2466 mae=0.562 r2=0.137 | ES 19/50
2026-05-01 17:56:58,216 | INFO |   Ep  57/300 | Tr loss=0.1375 mae=0.383 r2=0.584 | Vl loss=0.0919 mae=0.290 r2=0.439 | Te loss=0.2466 mae=0.562 r2=0.137 | ES 19/50
  Ep  58/300 | Tr loss=0.1374 mae=0.382 r2=0.585 | Vl loss=0.0883 mae=0.285 r2=0.462 | Te loss=0.2347 mae=0.546 r2=0.183 | ES 20/50
2026-05-01 17:57:53,536 | INFO |   Ep  58/300 | Tr loss=0.1374 mae=0.382 r2=0.585 | Vl loss=0.0883 mae=0.285 r2=0.462 | Te loss=0.2347 mae=0.546 r2=0.183 | ES 20/50
  Ep  59/300 | Tr loss=0.1374 mae=0.383 r2=0.586 | Vl loss=0.0910 mae=0.291 r2=0.445 | Te loss=0.2411 mae=0.554 r2=0.159 | ES 21/50
2026-05-01 17:58:48,612 | INFO |   Ep  59/300 | Tr loss=0.1374 mae=0.383 r2=0.586 | Vl loss=0.0910 mae=0.291 r2=0.445 | Te loss=0.2411 mae=0.554 r2=0.159 | ES 21/50
