✓ stdout → also writing to /mvdlph/masa/GCN_SingleView_Regression_Results/run_2026_06_06_20_53_29/logs/training_20260606_205329.log
2026-06-06 20:53:29,443 | INFO | ======================================================================
2026-06-06 20:53:29,443 | INFO | ST-GCN Single-View Regression | BZU Physiotherapy Dataset
2026-06-06 20:53:29,443 | INFO | Camera : CNone  |  Split : 70/15/15  |  Epochs : 300  |  Patience : 100
2026-06-06 20:53:29,443 | INFO | Log file : /mvdlph/masa/GCN_SingleView_Regression_Results/run_2026_06_06_20_53_29/logs/training_20260606_205329.log
2026-06-06 20:53:29,443 | INFO | ======================================================================
✓ parse_filename and load_skeleton defined

[TRAIN] NPZ files found : 9477
  Samples          : 9477
  Unique trials    : 327
  Quality mean±std : 4.127 ± 0.812
  Exercise dist    :
0     961
1     966
2     829
3     979
4     970
5     933
6     954
7     965
8     903
9    1017
  Samples (after camera filter) : 9477

[VALID] NPZ files found : 2790
  Samples          : 2790
  Unique trials    : 100
  Quality mean±std : 4.232 ± 0.741
  Exercise dist    :
0    326
1    316
2    295
3    298
4    322
5    312
6    302
7    304
8    181
9    134
  Samples (after camera filter) : 2790

[TEST] NPZ files found : 3108
  Samples          : 3108
  Unique trials    : 107
  Quality mean±std : 4.031 ± 0.777
  Exercise dist    :
0    465
1    326
2    258
3    319
4    287
5    321
6    314
7    319
8    317
9    182
  Samples (after camera filter) : 3108

Checking for corrupted files...
  [TRAIN] Removing 1 corrupted file(s)
  [TRAIN] Clean samples : 9476
  [VALID] Clean samples : 2790
  [TEST] Removing 2 corrupted file(s)
  [TEST] Clean samples : 3106

Excluding exercises...
  [TRAIN] Excluded E[0, 2, 3, 4, 5, 6, 7, 8, 9] → 8511 rows dropped, 965 remain
  [VALID] Excluded E[0, 2, 3, 4, 5, 6, 7, 8, 9] → 2474 rows dropped, 316 remain
  [TEST] Excluded E[0, 2, 3, 4, 5, 6, 7, 8, 9] → 2780 rows dropped, 326 remain

Applying segment-level camera completeness filter...
  build_single_view_df: 948 samples
  Per-exercise counts:
exercise
1    948
  Per-camera counts:
camera
0    316
1    316
2    316
  build_single_view_df: 303 samples
  Per-exercise counts:
exercise
1    303
  Per-camera counts:
camera
0    101
1    101
2    101
  build_single_view_df: 321 samples
  Per-exercise counts:
exercise
1    321
  Per-camera counts:
camera
0    107
1    107
2    107

  Exercise ID remap : {1: 0}
  Remaining exercises (remapped): [0]

✓ No data-leakage detected across splits

════════════════════════════════════════════════════════════════════
  Split     Samples   Correct   Erroneous   Q mean   Q std   Q min   Q max
  ──────────────────────────────────────────────────────────────────
  Train         948       612         336    3.977   0.883   2.020   5.000
  Val           303       204          99    4.131   0.752   2.850   4.940
  Test          321       204         117    4.192   0.830   2.660   5.000
════════════════════════════════════════════════════════════════════

✓ Pre-split index ready  →  train / val / test DataFrames built
0    524
1    524
2    524
Name: camera, dtype: int64

الكاميرات الموجودة: [0, 1, 2]
camera      0    1    2
exercise               
0         524  524  524
E0: correct=3 trials, erroneous=4 trials

==================================================
  Train
==================================================
            mean     var  count
exercise                       
0         3.9772  0.7805    948

==================================================
  Val
==================================================
            mean     var  count
exercise                       
0         4.1307  0.5661    303

==================================================
  Test
==================================================
            mean     var  count
exercise                       
0         4.1922  0.6885    321

============================================================
  All Splits Combined
============================================================
                  mean     var  count
split exercise                       
Test  0         4.1922  0.6885    321
Train 0         3.9772  0.7805    948
Val   0         4.1307  0.5661    303
Frame length distribution (sample of 500 files):
  min    = 30
  max    = 199
  mean   = 83.6
  median = 82.0
  std    = 24.4

Percentiles:
   25th = 69
   50th = 82
   75th = 96
   90th = 111
   95th = 129
   99th = 155

Value counts (top 10):
    86 frames →   16 files (3.2%)
    76 frames →   16 files (3.2%)
    91 frames →   15 files (3.0%)
    81 frames →   15 files (3.0%)
    75 frames →   13 files (2.6%)
    77 frames →   12 files (2.4%)
    96 frames →   11 files (2.2%)
    88 frames →   11 files (2.2%)
    83 frames →   11 files (2.2%)
    80 frames →   11 files (2.2%)
✓ Skeleton visualisation helpers defined
person                                                     P0
exercise                                                    0
trial_id                                                   T0
segment                                                     3
filepath    /mvdlph/Dataset_CVDLPT_Videos_Segments_P0P15_M...
Name: 10, dtype: object
Skeleton shape : (96, 17, 3)
X range : [-0.369, 0.602]
Y range : [-0.193, 0.198]
Z range : [0.000, 0.994]
  ✓ Skeleton plot saved → /mvdlph/masa/GCN_SingleView_Regression_Results/run_2026_06_06_20_53_29/plots/sample_skeleton_3views.png
  ✓ Motion frames saved → /mvdlph/masa/GCN_SingleView_Regression_Results/run_2026_06_06_20_53_29/plots/sample_skeleton_motion.png
Axis ranges across all frames:
X: [-0.369, 0.602] — likely left/right
Y: [-0.193, 0.198] — likely ???
Z: [0.000, 0.994] — likely height

Hip  mean XYZ: [0.        0.        0.3176026]
Head mean XYZ: [-0.13838921 -0.18409199  0.9643488 ]

Difference (head - hip): [-0.13838921 -0.18409199  0.64674616]

Camera 0:
  Hip  XYZ: [0.    0.    0.324]
  Head XYZ: [-0.144 -0.184  0.967]
  X range: [-0.37, 0.59]
  Z range: [0.00, 0.99]

Camera 1:
  Hip  XYZ: [0.    0.    0.322]
  Head XYZ: [-0.143 -0.184  0.966]
  X range: [-0.37, 0.59]
  Z range: [0.00, 0.99]

Camera 2:
  Hip  XYZ: [0.    0.    0.326]
  Head XYZ: [-0.144 -0.183  0.968]
  X range: [-0.37, 0.59]
  Z range: [0.00, 0.99]
✓ BZUDataset defined (regression only)
Joint distances from Hip (body center):
  Joint  0 (Hip         ) distance=0  
  Joint  1 (R-Hip       ) distance=1  ─
  Joint  2 (R-Knee      ) distance=2  ──
  Joint  3 (R-Ankle     ) distance=3  ───
  Joint  4 (L-Hip       ) distance=1  ─
  Joint  5 (L-Knee      ) distance=2  ──
  Joint  6 (L-Ankle     ) distance=3  ───
  Joint  7 (Spine       ) distance=1  ─
  Joint  8 (Thorax      ) distance=2  ──
  Joint  9 (Neck        ) distance=3  ───
  Joint 10 (Head        ) distance=4  ────
  Joint 11 (L-Shoulder  ) distance=3  ───
  Joint 12 (L-Elbow     ) distance=4  ────
  Joint 13 (L-Wrist     ) distance=5  ─────
  Joint 14 (R-Shoulder  ) distance=3  ───
  Joint 15 (R-Elbow     ) distance=4  ────
  Joint 16 (R-Wrist     ) distance=5  ─────

✓ True ST-GCN sanity check passed — output shape: torch.Size([2])
✓ Total trainable parameters: 3,069,032
✓ STGCN_Regression (True ST-GCN, Yan et al. AAAI 2018) defined
Device : cuda
GPU    : Tesla V100-PCIE-32GB
✓ centre_and_scale and run_epoch (regression) defined
=================================================================
Quality score distribution audit
=================================================================
  ✓ Saved → /mvdlph/masa/GCN_SingleView_Regression_Results/run_2026_06_06_20_53_29/plots/split_quality_distributions.png

Split    Type              n    mean     std    min    25%    50%    75%    max
----------------------------------------------------------------------
Train    Correct (T≤2)    612   4.529   0.374   3.70   4.37   4.56   4.76   5.00
Train    Erroneous (T≥3)    336   2.972   0.619   2.02   2.43   2.92   3.44   4.00

Val      Correct (T≤2)    204   4.600   0.327   4.06   4.40   4.47   4.94   4.94
Val      Erroneous (T≥3)     99   3.164   0.346   2.85   2.88   3.20   3.20   3.72

Test     Correct (T≤2)    204   4.795   0.186   4.38   4.70   4.88   4.90   5.00
Test     Erroneous (T≥3)    117   3.142   0.295   2.66   3.10   3.28   3.28   3.48

=================================================================
Person distribution across splits
=================================================================
  Train : ['P0', 'P10', 'P14', 'P15', 'P2', 'P3', 'P4', 'P5', 'P7']
  Val   : ['P1', 'P11', 'P6']
  Test  : ['P12', 'P8', 'P9']

Per-person quality mean per split:

  Train:
         mean    std  count
person                     
P0      3.947  0.270     90
P10     3.074  0.648    150
P14     3.031  1.117    132
P15     3.636  0.326    135
P2      4.913  0.109     90
P3      4.480  0.043     90
P4      4.500  0.226     81
P5      4.820  0.059     90
P7      4.660  0.103     90

  Val:
         mean    std  count
person                     
P1      4.940  0.000     90
P11     3.420  0.607    123
P6      4.293  0.166     90

  Test:
         mean    std  count
person                     
P12     3.373  0.551    144
P8      4.800  0.082     90
P9      4.920  0.059     87

=================================================================
Exercise balance across splits
=================================================================
    Train  Val  Test  Train%   Val%  Test%
E0    948  303   321   100.0  100.0  100.0
✓ Plotting helpers (regression) defined
✓ EarlyStopping defined (monitoring MAE)
2026-06-06 20:53:59,353 | INFO | ======================================================================
2026-06-06 20:53:59,353 | INFO | STARTING REGRESSION TRAINING  (with Early Stopping on MAE)
2026-06-06 20:53:59,353 | INFO | ======================================================================
2026-06-06 20:53:59,353 | INFO | train=948 val=303 test=321

════════════════════════════════════════════════════════════════════
  Camera CNone  |  Train: 948  Val: 303  Test: 321
  Patience: 100  |  LR: 1e-4  |  Batch: 48
════════════════════════════════════════════════════════════════════
  Ep   1/300 | Tr loss=0.4923 mae=0.860 r2=-0.425 pcc=0.487 | Vl loss=2.0508 mae=2.558 r2=-11.586 pcc=0.600 | ES 0/100 ★
2026-06-06 20:54:05,677 | INFO |   Ep   1/300 | Tr loss=0.4923 mae=0.860 r2=-0.425 pcc=0.487 | Vl loss=2.0508 mae=2.558 r2=-11.586 pcc=0.600 | ES 0/100 ★
    ★ val_mae=2.5582  rmse=2.6650  r2=-11.5864  pcc=0.6003
  Ep   2/300 | Tr loss=0.3178 mae=0.654 r2=0.139 pcc=0.652 | Vl loss=1.6588 mae=2.170 r2=-8.231 pcc=0.750 | ES 0/100 ★
2026-06-06 20:54:10,640 | INFO |   Ep   2/300 | Tr loss=0.3178 mae=0.654 r2=0.139 pcc=0.652 | Vl loss=1.6588 mae=2.170 r2=-8.231 pcc=0.750 | ES 0/100 ★
    ★ val_mae=2.1704  rmse=2.2823  r2=-8.2313  pcc=0.7499
  Ep   3/300 | Tr loss=0.2995 mae=0.636 r2=0.180 pcc=0.635 | Vl loss=1.4466 mae=1.962 r2=-6.588 pcc=0.556 | ES 0/100 ★
2026-06-06 20:54:15,629 | INFO |   Ep   3/300 | Tr loss=0.2995 mae=0.636 r2=0.180 pcc=0.635 | Vl loss=1.4466 mae=1.962 r2=-6.588 pcc=0.556 | ES 0/100 ★
    ★ val_mae=1.9620  rmse=2.0692  r2=-6.5881  pcc=0.5562
  Ep   4/300 | Tr loss=0.2576 mae=0.573 r2=0.330 pcc=0.676 | Vl loss=1.4354 mae=1.949 r2=-6.537 pcc=0.456 | ES 0/100 ★
2026-06-06 20:54:20,762 | INFO |   Ep   4/300 | Tr loss=0.2576 mae=0.573 r2=0.330 pcc=0.676 | Vl loss=1.4354 mae=1.949 r2=-6.537 pcc=0.456 | ES 0/100 ★
    ★ val_mae=1.9490  rmse=2.0622  r2=-6.5368  pcc=0.4561
  Ep   5/300 | Tr loss=0.2418 mae=0.559 r2=0.401 pcc=0.714 | Vl loss=1.4353 mae=1.955 r2=-6.486 pcc=0.575 | ES 1/100
2026-06-06 20:54:25,762 | INFO |   Ep   5/300 | Tr loss=0.2418 mae=0.559 r2=0.401 pcc=0.714 | Vl loss=1.4353 mae=1.955 r2=-6.486 pcc=0.575 | ES 1/100
  Ep   6/300 | Tr loss=0.2236 mae=0.536 r2=0.423 pcc=0.712 | Vl loss=1.3480 mae=1.873 r2=-5.855 pcc=0.622 | ES 0/100 ★
2026-06-06 20:54:30,796 | INFO |   Ep   6/300 | Tr loss=0.2236 mae=0.536 r2=0.423 pcc=0.712 | Vl loss=1.3480 mae=1.873 r2=-5.855 pcc=0.622 | ES 0/100 ★
    ★ val_mae=1.8733  rmse=1.9668  r2=-5.8553  pcc=0.6224
  Ep   7/300 | Tr loss=0.2227 mae=0.527 r2=0.427 pcc=0.706 | Vl loss=1.4018 mae=1.922 r2=-6.252 pcc=0.565 | ES 1/100
2026-06-06 20:54:35,828 | INFO |   Ep   7/300 | Tr loss=0.2227 mae=0.527 r2=0.427 pcc=0.706 | Vl loss=1.4018 mae=1.922 r2=-6.252 pcc=0.565 | ES 1/100
  Ep   8/300 | Tr loss=0.2085 mae=0.507 r2=0.459 pcc=0.717 | Vl loss=1.4704 mae=1.989 r2=-6.751 pcc=0.537 | ES 2/100
2026-06-06 20:54:40,836 | INFO |   Ep   8/300 | Tr loss=0.2085 mae=0.507 r2=0.459 pcc=0.717 | Vl loss=1.4704 mae=1.989 r2=-6.751 pcc=0.537 | ES 2/100
  Ep   9/300 | Tr loss=0.2046 mae=0.502 r2=0.444 pcc=0.707 | Vl loss=1.3984 mae=1.928 r2=-6.165 pcc=0.669 | ES 3/100
2026-06-06 20:54:45,896 | INFO |   Ep   9/300 | Tr loss=0.2046 mae=0.502 r2=0.444 pcc=0.707 | Vl loss=1.3984 mae=1.928 r2=-6.165 pcc=0.669 | ES 3/100
  Ep  10/300 | Tr loss=0.1784 mae=0.468 r2=0.542 pcc=0.754 | Vl loss=1.3094 mae=1.842 r2=-5.561 pcc=0.683 | ES 0/100 ★
2026-06-06 20:54:50,864 | INFO |   Ep  10/300 | Tr loss=0.1784 mae=0.468 r2=0.542 pcc=0.754 | Vl loss=1.3094 mae=1.842 r2=-5.561 pcc=0.683 | ES 0/100 ★
    ★ val_mae=1.8419  rmse=1.9241  r2=-5.5613  pcc=0.6825
  Ep  11/300 | Tr loss=0.1799 mae=0.476 r2=0.541 pcc=0.753 | Vl loss=1.2674 mae=1.803 r2=-5.298 pcc=0.678 | ES 0/100 ★
2026-06-06 20:54:55,833 | INFO |   Ep  11/300 | Tr loss=0.1799 mae=0.476 r2=0.541 pcc=0.753 | Vl loss=1.2674 mae=1.803 r2=-5.298 pcc=0.678 | ES 0/100 ★
    ★ val_mae=1.8026  rmse=1.8852  r2=-5.2984  pcc=0.6777
  Ep  12/300 | Tr loss=0.1943 mae=0.484 r2=0.505 pcc=0.732 | Vl loss=1.2213 mae=1.750 r2=-5.010 pcc=0.670 | ES 0/100 ★
2026-06-06 20:55:00,808 | INFO |   Ep  12/300 | Tr loss=0.1943 mae=0.484 r2=0.505 pcc=0.732 | Vl loss=1.2213 mae=1.750 r2=-5.010 pcc=0.670 | ES 0/100 ★
    ★ val_mae=1.7502  rmse=1.8415  r2=-5.0098  pcc=0.6705
  Ep  13/300 | Tr loss=0.1726 mae=0.458 r2=0.581 pcc=0.774 | Vl loss=1.2158 mae=1.747 r2=-4.960 pcc=0.688 | ES 0/100 ★
2026-06-06 20:55:05,775 | INFO |   Ep  13/300 | Tr loss=0.1726 mae=0.458 r2=0.581 pcc=0.774 | Vl loss=1.2158 mae=1.747 r2=-4.960 pcc=0.688 | ES 0/100 ★
    ★ val_mae=1.7471  rmse=1.8338  r2=-4.9598  pcc=0.6878
  Ep  14/300 | Tr loss=0.1675 mae=0.446 r2=0.586 pcc=0.773 | Vl loss=1.2774 mae=1.799 r2=-5.401 pcc=0.616 | ES 1/100
2026-06-06 20:55:10,715 | INFO |   Ep  14/300 | Tr loss=0.1675 mae=0.446 r2=0.586 pcc=0.773 | Vl loss=1.2774 mae=1.799 r2=-5.401 pcc=0.616 | ES 1/100
  Ep  15/300 | Tr loss=0.1686 mae=0.452 r2=0.563 pcc=0.762 | Vl loss=1.3176 mae=1.837 r2=-5.686 pcc=0.578 | ES 2/100
2026-06-06 20:55:15,670 | INFO |   Ep  15/300 | Tr loss=0.1686 mae=0.452 r2=0.563 pcc=0.762 | Vl loss=1.3176 mae=1.837 r2=-5.686 pcc=0.578 | ES 2/100
  Ep  16/300 | Tr loss=0.1589 mae=0.437 r2=0.597 pcc=0.776 | Vl loss=1.1258 mae=1.660 r2=-4.420 pcc=0.678 | ES 0/100 ★
2026-06-06 20:55:20,690 | INFO |   Ep  16/300 | Tr loss=0.1589 mae=0.437 r2=0.597 pcc=0.776 | Vl loss=1.1258 mae=1.660 r2=-4.420 pcc=0.678 | ES 0/100 ★
    ★ val_mae=1.6600  rmse=1.7488  r2=-4.4202  pcc=0.6782
  Ep  17/300 | Tr loss=0.1647 mae=0.444 r2=0.595 pcc=0.786 | Vl loss=1.3227 mae=1.836 r2=-5.760 pcc=0.467 | ES 1/100
2026-06-06 20:55:25,743 | INFO |   Ep  17/300 | Tr loss=0.1647 mae=0.444 r2=0.595 pcc=0.786 | Vl loss=1.3227 mae=1.836 r2=-5.760 pcc=0.467 | ES 1/100
  Ep  18/300 | Tr loss=0.1757 mae=0.462 r2=0.556 pcc=0.761 | Vl loss=1.1662 mae=1.684 r2=-4.693 pcc=0.612 | ES 2/100
2026-06-06 20:55:30,758 | INFO |   Ep  18/300 | Tr loss=0.1757 mae=0.462 r2=0.556 pcc=0.761 | Vl loss=1.1662 mae=1.684 r2=-4.693 pcc=0.612 | ES 2/100
  Ep  19/300 | Tr loss=0.1713 mae=0.457 r2=0.549 pcc=0.752 | Vl loss=1.1323 mae=1.645 r2=-4.481 pcc=0.619 | ES 0/100 ★
2026-06-06 20:55:35,785 | INFO |   Ep  19/300 | Tr loss=0.1713 mae=0.457 r2=0.549 pcc=0.752 | Vl loss=1.1323 mae=1.645 r2=-4.481 pcc=0.619 | ES 0/100 ★
    ★ val_mae=1.6450  rmse=1.7586  r2=-4.4807  pcc=0.6187
  Ep  20/300 | Tr loss=0.1724 mae=0.456 r2=0.551 pcc=0.750 | Vl loss=0.9504 mae=1.477 r2=-3.390 pcc=0.700 | ES 0/100 ★
2026-06-06 20:55:40,783 | INFO |   Ep  20/300 | Tr loss=0.1724 mae=0.456 r2=0.551 pcc=0.750 | Vl loss=0.9504 mae=1.477 r2=-3.390 pcc=0.700 | ES 0/100 ★
    ★ val_mae=1.4769  rmse=1.5738  r2=-3.3897  pcc=0.7004
  Ep  21/300 | Tr loss=0.1723 mae=0.456 r2=0.568 pcc=0.762 | Vl loss=0.9865 mae=1.506 r2=-3.584 pcc=0.692 | ES 1/100
2026-06-06 20:55:45,795 | INFO |   Ep  21/300 | Tr loss=0.1723 mae=0.456 r2=0.568 pcc=0.762 | Vl loss=0.9865 mae=1.506 r2=-3.584 pcc=0.692 | ES 1/100
  Ep  22/300 | Tr loss=0.1660 mae=0.443 r2=0.552 pcc=0.752 | Vl loss=1.0297 mae=1.535 r2=-3.858 pcc=0.611 | ES 2/100
2026-06-06 20:55:50,737 | INFO |   Ep  22/300 | Tr loss=0.1660 mae=0.443 r2=0.552 pcc=0.752 | Vl loss=1.0297 mae=1.535 r2=-3.858 pcc=0.611 | ES 2/100
  Ep  23/300 | Tr loss=0.1756 mae=0.462 r2=0.536 pcc=0.739 | Vl loss=0.9281 mae=1.448 r2=-3.266 pcc=0.693 | ES 0/100 ★
2026-06-06 20:55:55,818 | INFO |   Ep  23/300 | Tr loss=0.1756 mae=0.462 r2=0.536 pcc=0.739 | Vl loss=0.9281 mae=1.448 r2=-3.266 pcc=0.693 | ES 0/100 ★
    ★ val_mae=1.4481  rmse=1.5516  r2=-3.2665  pcc=0.6926
  Ep  24/300 | Tr loss=0.1571 mae=0.436 r2=0.621 pcc=0.795 | Vl loss=0.9920 mae=1.510 r2=-3.630 pcc=0.672 | ES 1/100
2026-06-06 20:56:00,851 | INFO |   Ep  24/300 | Tr loss=0.1571 mae=0.436 r2=0.621 pcc=0.795 | Vl loss=0.9920 mae=1.510 r2=-3.630 pcc=0.672 | ES 1/100
  Ep  25/300 | Tr loss=0.1589 mae=0.432 r2=0.594 pcc=0.784 | Vl loss=0.9660 mae=1.479 r2=-3.479 pcc=0.672 | ES 2/100
2026-06-06 20:56:05,866 | INFO |   Ep  25/300 | Tr loss=0.1589 mae=0.432 r2=0.594 pcc=0.784 | Vl loss=0.9660 mae=1.479 r2=-3.479 pcc=0.672 | ES 2/100
  Ep  26/300 | Tr loss=0.1730 mae=0.451 r2=0.558 pcc=0.751 | Vl loss=0.9080 mae=1.411 r2=-3.151 pcc=0.647 | ES 0/100 ★
2026-06-06 20:56:10,913 | INFO |   Ep  26/300 | Tr loss=0.1730 mae=0.451 r2=0.558 pcc=0.751 | Vl loss=0.9080 mae=1.411 r2=-3.151 pcc=0.647 | ES 0/100 ★
    ★ val_mae=1.4115  rmse=1.5305  r2=-3.1514  pcc=0.6473
  Ep  27/300 | Tr loss=0.1659 mae=0.445 r2=0.599 pcc=0.778 | Vl loss=0.8673 mae=1.383 r2=-2.934 pcc=0.692 | ES 0/100 ★
2026-06-06 20:56:15,900 | INFO |   Ep  27/300 | Tr loss=0.1659 mae=0.445 r2=0.599 pcc=0.778 | Vl loss=0.8673 mae=1.383 r2=-2.934 pcc=0.692 | ES 0/100 ★
    ★ val_mae=1.3830  rmse=1.4899  r2=-2.9338  pcc=0.6921
  Ep  28/300 | Tr loss=0.1514 mae=0.421 r2=0.610 pcc=0.786 | Vl loss=0.8339 mae=1.337 r2=-2.757 pcc=0.675 | ES 0/100 ★
2026-06-06 20:56:20,985 | INFO |   Ep  28/300 | Tr loss=0.1514 mae=0.421 r2=0.610 pcc=0.786 | Vl loss=0.8339 mae=1.337 r2=-2.757 pcc=0.675 | ES 0/100 ★
    ★ val_mae=1.3374  rmse=1.4561  r2=-2.7575  pcc=0.6750
  Ep  29/300 | Tr loss=0.1571 mae=0.429 r2=0.601 pcc=0.782 | Vl loss=1.0644 mae=1.545 r2=-4.108 pcc=0.354 | ES 1/100
2026-06-06 20:56:26,017 | INFO |   Ep  29/300 | Tr loss=0.1571 mae=0.429 r2=0.601 pcc=0.782 | Vl loss=1.0644 mae=1.545 r2=-4.108 pcc=0.354 | ES 1/100
  Ep  30/300 | Tr loss=0.1537 mae=0.430 r2=0.606 pcc=0.780 | Vl loss=0.7277 mae=1.232 r2=-2.245 pcc=0.667 | ES 0/100 ★
2026-06-06 20:56:31,056 | INFO |   Ep  30/300 | Tr loss=0.1537 mae=0.430 r2=0.606 pcc=0.780 | Vl loss=0.7277 mae=1.232 r2=-2.245 pcc=0.667 | ES 0/100 ★
    ★ val_mae=1.2317  rmse=1.3531  r2=-2.2446  pcc=0.6671
  Ep  31/300 | Tr loss=0.1655 mae=0.448 r2=0.568 pcc=0.764 | Vl loss=0.6659 mae=1.172 r2=-1.933 pcc=0.709 | ES 0/100 ★
2026-06-06 20:56:36,103 | INFO |   Ep  31/300 | Tr loss=0.1655 mae=0.448 r2=0.568 pcc=0.764 | Vl loss=0.6659 mae=1.172 r2=-1.933 pcc=0.709 | ES 0/100 ★
    ★ val_mae=1.1716  rmse=1.2864  r2=-1.9328  pcc=0.7093
  Ep  32/300 | Tr loss=0.1463 mae=0.420 r2=0.618 pcc=0.790 | Vl loss=0.9530 mae=1.454 r2=-3.412 pcc=0.612 | ES 1/100
2026-06-06 20:56:41,097 | INFO |   Ep  32/300 | Tr loss=0.1463 mae=0.420 r2=0.618 pcc=0.790 | Vl loss=0.9530 mae=1.454 r2=-3.412 pcc=0.612 | ES 1/100
  Ep  33/300 | Tr loss=0.1549 mae=0.429 r2=0.622 pcc=0.791 | Vl loss=0.9385 mae=1.437 r2=-3.328 pcc=0.600 | ES 2/100
2026-06-06 20:56:46,189 | INFO |   Ep  33/300 | Tr loss=0.1549 mae=0.429 r2=0.622 pcc=0.791 | Vl loss=0.9385 mae=1.437 r2=-3.328 pcc=0.600 | ES 2/100
  Ep  34/300 | Tr loss=0.1557 mae=0.429 r2=0.602 pcc=0.780 | Vl loss=0.6509 mae=1.172 r2=-1.879 pcc=0.743 | ES 3/100
2026-06-06 20:56:51,208 | INFO |   Ep  34/300 | Tr loss=0.1557 mae=0.429 r2=0.602 pcc=0.780 | Vl loss=0.6509 mae=1.172 r2=-1.879 pcc=0.743 | ES 3/100
  Ep  35/300 | Tr loss=0.1619 mae=0.437 r2=0.579 pcc=0.767 | Vl loss=0.8138 mae=1.325 r2=-2.667 pcc=0.678 | ES 4/100
2026-06-06 20:56:56,178 | INFO |   Ep  35/300 | Tr loss=0.1619 mae=0.437 r2=0.579 pcc=0.767 | Vl loss=0.8138 mae=1.325 r2=-2.667 pcc=0.678 | ES 4/100
  Ep  36/300 | Tr loss=0.1674 mae=0.442 r2=0.589 pcc=0.773 | Vl loss=0.7221 mae=1.231 r2=-2.201 pcc=0.701 | ES 5/100
2026-06-06 20:57:01,130 | INFO |   Ep  36/300 | Tr loss=0.1674 mae=0.442 r2=0.589 pcc=0.773 | Vl loss=0.7221 mae=1.231 r2=-2.201 pcc=0.701 | ES 5/100
  Ep  37/300 | Tr loss=0.1666 mae=0.440 r2=0.578 pcc=0.766 | Vl loss=0.5837 mae=1.083 r2=-1.547 pcc=0.727 | ES 0/100 ★
2026-06-06 20:57:06,202 | INFO |   Ep  37/300 | Tr loss=0.1666 mae=0.440 r2=0.578 pcc=0.766 | Vl loss=0.5837 mae=1.083 r2=-1.547 pcc=0.727 | ES 0/100 ★
    ★ val_mae=1.0831  rmse=1.1988  r2=-1.5469  pcc=0.7275
  Ep  38/300 | Tr loss=0.1585 mae=0.433 r2=0.596 pcc=0.775 | Vl loss=0.8507 mae=1.331 r2=-2.857 pcc=0.562 | ES 1/100
2026-06-06 20:57:11,193 | INFO |   Ep  38/300 | Tr loss=0.1585 mae=0.433 r2=0.596 pcc=0.775 | Vl loss=0.8507 mae=1.331 r2=-2.857 pcc=0.562 | ES 1/100
  Ep  39/300 | Tr loss=0.1643 mae=0.434 r2=0.605 pcc=0.780 | Vl loss=0.4700 mae=0.943 r2=-1.034 pcc=0.737 | ES 0/100 ★
2026-06-06 20:57:16,166 | INFO |   Ep  39/300 | Tr loss=0.1643 mae=0.434 r2=0.605 pcc=0.780 | Vl loss=0.4700 mae=0.943 r2=-1.034 pcc=0.737 | ES 0/100 ★
    ★ val_mae=0.9431  rmse=1.0714  r2=-1.0343  pcc=0.7372
  Ep  40/300 | Tr loss=0.1648 mae=0.438 r2=0.567 pcc=0.760 | Vl loss=0.6641 mae=1.154 r2=-1.913 pcc=0.674 | ES 1/100
2026-06-06 20:57:21,093 | INFO |   Ep  40/300 | Tr loss=0.1648 mae=0.438 r2=0.567 pcc=0.760 | Vl loss=0.6641 mae=1.154 r2=-1.913 pcc=0.674 | ES 1/100
  Ep  41/300 | Tr loss=0.1541 mae=0.423 r2=0.599 pcc=0.776 | Vl loss=0.6638 mae=1.168 r2=-1.927 pcc=0.699 | ES 2/100
2026-06-06 20:57:26,137 | INFO |   Ep  41/300 | Tr loss=0.1541 mae=0.423 r2=0.599 pcc=0.776 | Vl loss=0.6638 mae=1.168 r2=-1.927 pcc=0.699 | ES 2/100
  Ep  42/300 | Tr loss=0.1505 mae=0.421 r2=0.601 pcc=0.778 | Vl loss=0.6212 mae=1.108 r2=-1.722 pcc=0.667 | ES 3/100
2026-06-06 20:57:31,127 | INFO |   Ep  42/300 | Tr loss=0.1505 mae=0.421 r2=0.601 pcc=0.778 | Vl loss=0.6212 mae=1.108 r2=-1.722 pcc=0.667 | ES 3/100
  Ep  43/300 | Tr loss=0.1535 mae=0.428 r2=0.607 pcc=0.783 | Vl loss=0.3772 mae=0.809 r2=-0.645 pcc=0.743 | ES 0/100 ★
2026-06-06 20:57:36,079 | INFO |   Ep  43/300 | Tr loss=0.1535 mae=0.428 r2=0.607 pcc=0.783 | Vl loss=0.3772 mae=0.809 r2=-0.645 pcc=0.743 | ES 0/100 ★
    ★ val_mae=0.8095  rmse=0.9633  r2=-0.6446  pcc=0.7431
  Ep  44/300 | Tr loss=0.1342 mae=0.400 r2=0.662 pcc=0.817 | Vl loss=0.7020 mae=1.193 r2=-2.105 pcc=0.649 | ES 1/100
2026-06-06 20:57:41,018 | INFO |   Ep  44/300 | Tr loss=0.1342 mae=0.400 r2=0.662 pcc=0.817 | Vl loss=0.7020 mae=1.193 r2=-2.105 pcc=0.649 | ES 1/100
  Ep  45/300 | Tr loss=0.1479 mae=0.423 r2=0.638 pcc=0.799 | Vl loss=0.6011 mae=1.097 r2=-1.630 pcc=0.705 | ES 2/100
2026-06-06 20:57:46,074 | INFO |   Ep  45/300 | Tr loss=0.1479 mae=0.423 r2=0.638 pcc=0.799 | Vl loss=0.6011 mae=1.097 r2=-1.630 pcc=0.705 | ES 2/100
  Ep  46/300 | Tr loss=0.1450 mae=0.412 r2=0.617 pcc=0.792 | Vl loss=0.6342 mae=1.118 r2=-1.772 pcc=0.668 | ES 3/100
2026-06-06 20:57:51,167 | INFO |   Ep  46/300 | Tr loss=0.1450 mae=0.412 r2=0.617 pcc=0.792 | Vl loss=0.6342 mae=1.118 r2=-1.772 pcc=0.668 | ES 3/100
  Ep  47/300 | Tr loss=0.1517 mae=0.422 r2=0.604 pcc=0.780 | Vl loss=0.4810 mae=0.957 r2=-1.081 pcc=0.738 | ES 4/100
2026-06-06 20:57:56,126 | INFO |   Ep  47/300 | Tr loss=0.1517 mae=0.422 r2=0.604 pcc=0.780 | Vl loss=0.4810 mae=0.957 r2=-1.081 pcc=0.738 | ES 4/100
  Ep  48/300 | Tr loss=0.1541 mae=0.426 r2=0.590 pcc=0.771 | Vl loss=0.4290 mae=0.877 r2=-0.841 pcc=0.724 | ES 5/100
2026-06-06 20:58:01,116 | INFO |   Ep  48/300 | Tr loss=0.1541 mae=0.426 r2=0.590 pcc=0.771 | Vl loss=0.4290 mae=0.877 r2=-0.841 pcc=0.724 | ES 5/100
  Ep  49/300 | Tr loss=0.1470 mae=0.430 r2=0.636 pcc=0.799 | Vl loss=0.6580 mae=1.145 r2=-1.898 pcc=0.649 | ES 6/100
2026-06-06 20:58:06,066 | INFO |   Ep  49/300 | Tr loss=0.1470 mae=0.430 r2=0.636 pcc=0.799 | Vl loss=0.6580 mae=1.145 r2=-1.898 pcc=0.649 | ES 6/100
  Ep  50/300 | Tr loss=0.1487 mae=0.421 r2=0.609 pcc=0.783 | Vl loss=0.4802 mae=0.950 r2=-1.087 pcc=0.721 | ES 7/100
2026-06-06 20:58:11,150 | INFO |   Ep  50/300 | Tr loss=0.1487 mae=0.421 r2=0.609 pcc=0.783 | Vl loss=0.4802 mae=0.950 r2=-1.087 pcc=0.721 | ES 7/100
  Ep  51/300 | Tr loss=0.1595 mae=0.434 r2=0.622 pcc=0.791 | Vl loss=0.6009 mae=1.103 r2=-1.635 pcc=0.719 | ES 8/100
2026-06-06 20:58:16,098 | INFO |   Ep  51/300 | Tr loss=0.1595 mae=0.434 r2=0.622 pcc=0.791 | Vl loss=0.6009 mae=1.103 r2=-1.635 pcc=0.719 | ES 8/100
  Ep  52/300 | Tr loss=0.1451 mae=0.410 r2=0.635 pcc=0.800 | Vl loss=0.8865 mae=1.353 r2=-3.072 pcc=0.389 | ES 9/100
2026-06-06 20:58:21,088 | INFO |   Ep  52/300 | Tr loss=0.1451 mae=0.410 r2=0.635 pcc=0.800 | Vl loss=0.8865 mae=1.353 r2=-3.072 pcc=0.389 | ES 9/100
  Ep  53/300 | Tr loss=0.1486 mae=0.417 r2=0.596 pcc=0.775 | Vl loss=0.4847 mae=0.955 r2=-1.089 pcc=0.724 | ES 10/100
2026-06-06 20:58:26,122 | INFO |   Ep  53/300 | Tr loss=0.1486 mae=0.417 r2=0.596 pcc=0.775 | Vl loss=0.4847 mae=0.955 r2=-1.089 pcc=0.724 | ES 10/100
  Ep  54/300 | Tr loss=0.1537 mae=0.424 r2=0.605 pcc=0.779 | Vl loss=0.5687 mae=1.046 r2=-1.464 pcc=0.688 | ES 11/100
2026-06-06 20:58:31,127 | INFO |   Ep  54/300 | Tr loss=0.1537 mae=0.424 r2=0.605 pcc=0.779 | Vl loss=0.5687 mae=1.046 r2=-1.464 pcc=0.688 | ES 11/100
  Ep  55/300 | Tr loss=0.1564 mae=0.424 r2=0.615 pcc=0.785 | Vl loss=0.3390 mae=0.750 r2=-0.480 pcc=0.746 | ES 0/100 ★
2026-06-06 20:58:36,184 | INFO |   Ep  55/300 | Tr loss=0.1564 mae=0.424 r2=0.615 pcc=0.785 | Vl loss=0.3390 mae=0.750 r2=-0.480 pcc=0.746 | ES 0/100 ★
    ★ val_mae=0.7499  rmse=0.9137  r2=-0.4797  pcc=0.7458
  Ep  56/300 | Tr loss=0.1437 mae=0.412 r2=0.643 pcc=0.808 | Vl loss=0.4471 mae=0.887 r2=-0.918 pcc=0.664 | ES 1/100
2026-06-06 20:58:41,183 | INFO |   Ep  56/300 | Tr loss=0.1437 mae=0.412 r2=0.643 pcc=0.808 | Vl loss=0.4471 mae=0.887 r2=-0.918 pcc=0.664 | ES 1/100
  Ep  57/300 | Tr loss=0.1378 mae=0.400 r2=0.650 pcc=0.808 | Vl loss=0.7494 mae=1.214 r2=-2.341 pcc=0.497 | ES 2/100
2026-06-06 20:58:46,222 | INFO |   Ep  57/300 | Tr loss=0.1378 mae=0.400 r2=0.650 pcc=0.808 | Vl loss=0.7494 mae=1.214 r2=-2.341 pcc=0.497 | ES 2/100
  Ep  58/300 | Tr loss=0.1428 mae=0.407 r2=0.649 pcc=0.808 | Vl loss=0.7045 mae=1.182 r2=-2.122 pcc=0.589 | ES 3/100
2026-06-06 20:58:51,223 | INFO |   Ep  58/300 | Tr loss=0.1428 mae=0.407 r2=0.649 pcc=0.808 | Vl loss=0.7045 mae=1.182 r2=-2.122 pcc=0.589 | ES 3/100
  Ep  59/300 | Tr loss=0.1441 mae=0.415 r2=0.632 pcc=0.799 | Vl loss=0.6191 mae=1.086 r2=-1.702 pcc=0.601 | ES 4/100
2026-06-06 20:58:56,222 | INFO |   Ep  59/300 | Tr loss=0.1441 mae=0.415 r2=0.632 pcc=0.799 | Vl loss=0.6191 mae=1.086 r2=-1.702 pcc=0.601 | ES 4/100
  Ep  60/300 | Tr loss=0.1519 mae=0.420 r2=0.616 pcc=0.787 | Vl loss=0.7847 mae=1.271 r2=-2.523 pcc=0.593 | ES 5/100
2026-06-06 20:59:01,268 | INFO |   Ep  60/300 | Tr loss=0.1519 mae=0.420 r2=0.616 pcc=0.787 | Vl loss=0.7847 mae=1.271 r2=-2.523 pcc=0.593 | ES 5/100
  Ep  61/300 | Tr loss=0.1507 mae=0.424 r2=0.628 pcc=0.794 | Vl loss=1.0380 mae=1.482 r2=-4.002 pcc=-0.077 | ES 6/100
2026-06-06 20:59:06,249 | INFO |   Ep  61/300 | Tr loss=0.1507 mae=0.424 r2=0.628 pcc=0.794 | Vl loss=1.0380 mae=1.482 r2=-4.002 pcc=-0.077 | ES 6/100
  Ep  62/300 | Tr loss=0.1485 mae=0.420 r2=0.615 pcc=0.788 | Vl loss=0.8048 mae=1.291 r2=-2.627 pcc=0.577 | ES 7/100
2026-06-06 20:59:11,203 | INFO |   Ep  62/300 | Tr loss=0.1485 mae=0.420 r2=0.615 pcc=0.788 | Vl loss=0.8048 mae=1.291 r2=-2.627 pcc=0.577 | ES 7/100
  Ep  63/300 | Tr loss=0.1351 mae=0.396 r2=0.671 pcc=0.820 | Vl loss=0.6269 mae=1.100 r2=-1.760 pcc=0.606 | ES 8/100
2026-06-06 20:59:16,179 | INFO |   Ep  63/300 | Tr loss=0.1351 mae=0.396 r2=0.671 pcc=0.820 | Vl loss=0.6269 mae=1.100 r2=-1.760 pcc=0.606 | ES 8/100
  Ep  64/300 | Tr loss=0.1546 mae=0.425 r2=0.613 pcc=0.787 | Vl loss=0.4654 mae=0.913 r2=-0.998 pcc=0.679 | ES 9/100
2026-06-06 20:59:21,146 | INFO |   Ep  64/300 | Tr loss=0.1546 mae=0.425 r2=0.613 pcc=0.787 | Vl loss=0.4654 mae=0.913 r2=-0.998 pcc=0.679 | ES 9/100
  Ep  65/300 | Tr loss=0.1528 mae=0.421 r2=0.613 pcc=0.785 | Vl loss=0.4564 mae=0.916 r2=-0.977 pcc=0.721 | ES 10/100
2026-06-06 20:59:26,105 | INFO |   Ep  65/300 | Tr loss=0.1528 mae=0.421 r2=0.613 pcc=0.785 | Vl loss=0.4564 mae=0.916 r2=-0.977 pcc=0.721 | ES 10/100
  Ep  66/300 | Tr loss=0.1488 mae=0.415 r2=0.640 pcc=0.801 | Vl loss=0.5014 mae=0.952 r2=-1.150 pcc=0.615 | ES 11/100
2026-06-06 20:59:31,079 | INFO |   Ep  66/300 | Tr loss=0.1488 mae=0.415 r2=0.640 pcc=0.801 | Vl loss=0.5014 mae=0.952 r2=-1.150 pcc=0.615 | ES 11/100
  Ep  67/300 | Tr loss=0.1501 mae=0.421 r2=0.612 pcc=0.785 | Vl loss=0.5136 mae=0.967 r2=-1.217 pcc=0.626 | ES 12/100
2026-06-06 20:59:36,011 | INFO |   Ep  67/300 | Tr loss=0.1501 mae=0.421 r2=0.612 pcc=0.785 | Vl loss=0.5136 mae=0.967 r2=-1.217 pcc=0.626 | ES 12/100
  Ep  68/300 | Tr loss=0.1388 mae=0.410 r2=0.649 pcc=0.808 | Vl loss=0.4686 mae=0.916 r2=-1.021 pcc=0.673 | ES 13/100
2026-06-06 20:59:40,967 | INFO |   Ep  68/300 | Tr loss=0.1388 mae=0.410 r2=0.649 pcc=0.808 | Vl loss=0.4686 mae=0.916 r2=-1.021 pcc=0.673 | ES 13/100
  Ep  69/300 | Tr loss=0.1507 mae=0.419 r2=0.633 pcc=0.797 | Vl loss=0.6413 mae=1.109 r2=-1.819 pcc=0.574 | ES 14/100
2026-06-06 20:59:45,901 | INFO |   Ep  69/300 | Tr loss=0.1507 mae=0.419 r2=0.633 pcc=0.797 | Vl loss=0.6413 mae=1.109 r2=-1.819 pcc=0.574 | ES 14/100
  Ep  70/300 | Tr loss=0.1525 mae=0.422 r2=0.608 pcc=0.785 | Vl loss=0.4800 mae=0.934 r2=-1.066 pcc=0.690 | ES 15/100
2026-06-06 20:59:50,857 | INFO |   Ep  70/300 | Tr loss=0.1525 mae=0.422 r2=0.608 pcc=0.785 | Vl loss=0.4800 mae=0.934 r2=-1.066 pcc=0.690 | ES 15/100
  Ep  71/300 | Tr loss=0.1428 mae=0.407 r2=0.637 pcc=0.799 | Vl loss=0.4941 mae=0.946 r2=-1.128 pcc=0.658 | ES 16/100
2026-06-06 20:59:55,796 | INFO |   Ep  71/300 | Tr loss=0.1428 mae=0.407 r2=0.637 pcc=0.799 | Vl loss=0.4941 mae=0.946 r2=-1.128 pcc=0.658 | ES 16/100
  Ep  72/300 | Tr loss=0.1482 mae=0.420 r2=0.607 pcc=0.781 | Vl loss=0.6194 mae=1.088 r2=-1.701 pcc=0.623 | ES 17/100
2026-06-06 21:00:00,742 | INFO |   Ep  72/300 | Tr loss=0.1482 mae=0.420 r2=0.607 pcc=0.781 | Vl loss=0.6194 mae=1.088 r2=-1.701 pcc=0.623 | ES 17/100
  Ep  73/300 | Tr loss=0.1450 mae=0.421 r2=0.638 pcc=0.800 | Vl loss=0.6559 mae=1.121 r2=-1.876 pcc=0.573 | ES 18/100
2026-06-06 21:00:05,696 | INFO |   Ep  73/300 | Tr loss=0.1450 mae=0.421 r2=0.638 pcc=0.800 | Vl loss=0.6559 mae=1.121 r2=-1.876 pcc=0.573 | ES 18/100
  Ep  74/300 | Tr loss=0.1492 mae=0.417 r2=0.639 pcc=0.800 | Vl loss=0.5306 mae=0.997 r2=-1.304 pcc=0.677 | ES 19/100
2026-06-06 21:00:10,649 | INFO |   Ep  74/300 | Tr loss=0.1492 mae=0.417 r2=0.639 pcc=0.800 | Vl loss=0.5306 mae=0.997 r2=-1.304 pcc=0.677 | ES 19/100
  Ep  75/300 | Tr loss=0.1343 mae=0.387 r2=0.641 pcc=0.803 | Vl loss=0.9150 mae=1.365 r2=-3.255 pcc=0.106 | ES 20/100
2026-06-06 21:00:15,593 | INFO |   Ep  75/300 | Tr loss=0.1343 mae=0.387 r2=0.641 pcc=0.803 | Vl loss=0.9150 mae=1.365 r2=-3.255 pcc=0.106 | ES 20/100
  Ep  76/300 | Tr loss=0.1622 mae=0.435 r2=0.600 pcc=0.775 | Vl loss=0.7142 mae=1.174 r2=-2.193 pcc=0.424 | ES 21/100
2026-06-06 21:00:20,534 | INFO |   Ep  76/300 | Tr loss=0.1622 mae=0.435 r2=0.600 pcc=0.775 | Vl loss=0.7142 mae=1.174 r2=-2.193 pcc=0.424 | ES 21/100
  Ep  77/300 | Tr loss=0.1414 mae=0.399 r2=0.617 pcc=0.791 | Vl loss=0.2864 mae=0.659 r2=-0.233 pcc=0.728 | ES 0/100 ★
2026-06-06 21:00:25,475 | INFO |   Ep  77/300 | Tr loss=0.1414 mae=0.399 r2=0.617 pcc=0.791 | Vl loss=0.2864 mae=0.659 r2=-0.233 pcc=0.728 | ES 0/100 ★
    ★ val_mae=0.6593  rmse=0.8342  r2=-0.2334  pcc=0.7284
  Ep  78/300 | Tr loss=0.1469 mae=0.409 r2=0.626 pcc=0.792 | Vl loss=0.4725 mae=0.911 r2=-1.019 pcc=0.598 | ES 1/100
2026-06-06 21:00:30,424 | INFO |   Ep  78/300 | Tr loss=0.1469 mae=0.409 r2=0.626 pcc=0.792 | Vl loss=0.4725 mae=0.911 r2=-1.019 pcc=0.598 | ES 1/100
  Ep  79/300 | Tr loss=0.1320 mae=0.391 r2=0.664 pcc=0.817 | Vl loss=0.6933 mae=1.153 r2=-2.082 pcc=0.461 | ES 2/100
2026-06-06 21:00:35,368 | INFO |   Ep  79/300 | Tr loss=0.1320 mae=0.391 r2=0.664 pcc=0.817 | Vl loss=0.6933 mae=1.153 r2=-2.082 pcc=0.461 | ES 2/100
  Ep  80/300 | Tr loss=0.1377 mae=0.401 r2=0.646 pcc=0.806 | Vl loss=0.6157 mae=1.074 r2=-1.699 pcc=0.486 | ES 3/100
2026-06-06 21:00:40,313 | INFO |   Ep  80/300 | Tr loss=0.1377 mae=0.401 r2=0.646 pcc=0.806 | Vl loss=0.6157 mae=1.074 r2=-1.699 pcc=0.486 | ES 3/100
  Ep  81/300 | Tr loss=0.1570 mae=0.432 r2=0.616 pcc=0.786 | Vl loss=0.6271 mae=1.089 r2=-1.755 pcc=0.541 | ES 4/100
2026-06-06 21:00:45,345 | INFO |   Ep  81/300 | Tr loss=0.1570 mae=0.432 r2=0.616 pcc=0.786 | Vl loss=0.6271 mae=1.089 r2=-1.755 pcc=0.541 | ES 4/100
  Ep  82/300 | Tr loss=0.1421 mae=0.404 r2=0.640 pcc=0.801 | Vl loss=0.3895 mae=0.808 r2=-0.666 pcc=0.684 | ES 5/100
2026-06-06 21:00:50,290 | INFO |   Ep  82/300 | Tr loss=0.1421 mae=0.404 r2=0.640 pcc=0.801 | Vl loss=0.3895 mae=0.808 r2=-0.666 pcc=0.684 | ES 5/100
  Ep  83/300 | Tr loss=0.1301 mae=0.386 r2=0.662 pcc=0.815 | Vl loss=0.3235 mae=0.718 r2=-0.382 pcc=0.727 | ES 6/100
2026-06-06 21:00:55,216 | INFO |   Ep  83/300 | Tr loss=0.1301 mae=0.386 r2=0.662 pcc=0.815 | Vl loss=0.3235 mae=0.718 r2=-0.382 pcc=0.727 | ES 6/100
  Ep  84/300 | Tr loss=0.1380 mae=0.402 r2=0.646 pcc=0.805 | Vl loss=0.5073 mae=0.954 r2=-1.177 pcc=0.595 | ES 7/100
2026-06-06 21:01:00,158 | INFO |   Ep  84/300 | Tr loss=0.1380 mae=0.402 r2=0.646 pcc=0.805 | Vl loss=0.5073 mae=0.954 r2=-1.177 pcc=0.595 | ES 7/100
  Ep  85/300 | Tr loss=0.1404 mae=0.401 r2=0.636 pcc=0.798 | Vl loss=0.5950 mae=1.050 r2=-1.593 pcc=0.511 | ES 8/100
2026-06-06 21:01:05,137 | INFO |   Ep  85/300 | Tr loss=0.1404 mae=0.401 r2=0.636 pcc=0.798 | Vl loss=0.5950 mae=1.050 r2=-1.593 pcc=0.511 | ES 8/100
  Ep  86/300 | Tr loss=0.1348 mae=0.394 r2=0.656 pcc=0.811 | Vl loss=0.5647 mae=1.018 r2=-1.450 pcc=0.565 | ES 9/100
2026-06-06 21:01:10,080 | INFO |   Ep  86/300 | Tr loss=0.1348 mae=0.394 r2=0.656 pcc=0.811 | Vl loss=0.5647 mae=1.018 r2=-1.450 pcc=0.565 | ES 9/100
  Ep  87/300 | Tr loss=0.1409 mae=0.404 r2=0.646 pcc=0.804 | Vl loss=0.7426 mae=1.199 r2=-2.353 pcc=0.334 | ES 10/100
2026-06-06 21:01:15,059 | INFO |   Ep  87/300 | Tr loss=0.1409 mae=0.404 r2=0.646 pcc=0.804 | Vl loss=0.7426 mae=1.199 r2=-2.353 pcc=0.334 | ES 10/100
  Ep  88/300 | Tr loss=0.1422 mae=0.408 r2=0.627 pcc=0.794 | Vl loss=0.5267 mae=0.976 r2=-1.284 pcc=0.578 | ES 11/100
2026-06-06 21:01:19,993 | INFO |   Ep  88/300 | Tr loss=0.1422 mae=0.408 r2=0.627 pcc=0.794 | Vl loss=0.5267 mae=0.976 r2=-1.284 pcc=0.578 | ES 11/100
  Ep  89/300 | Tr loss=0.1382 mae=0.406 r2=0.658 pcc=0.813 | Vl loss=0.4962 mae=0.940 r2=-1.134 pcc=0.625 | ES 12/100
2026-06-06 21:01:24,954 | INFO |   Ep  89/300 | Tr loss=0.1382 mae=0.406 r2=0.658 pcc=0.813 | Vl loss=0.4962 mae=0.940 r2=-1.134 pcc=0.625 | ES 12/100
  Ep  90/300 | Tr loss=0.1487 mae=0.413 r2=0.624 pcc=0.790 | Vl loss=0.3980 mae=0.816 r2=-0.693 pcc=0.657 | ES 13/100
2026-06-06 21:01:29,972 | INFO |   Ep  90/300 | Tr loss=0.1487 mae=0.413 r2=0.624 pcc=0.790 | Vl loss=0.3980 mae=0.816 r2=-0.693 pcc=0.657 | ES 13/100
  Ep  91/300 | Tr loss=0.1600 mae=0.436 r2=0.595 pcc=0.774 | Vl loss=0.7119 mae=1.167 r2=-2.186 pcc=0.386 | ES 14/100
2026-06-06 21:01:34,960 | INFO |   Ep  91/300 | Tr loss=0.1600 mae=0.436 r2=0.595 pcc=0.774 | Vl loss=0.7119 mae=1.167 r2=-2.186 pcc=0.386 | ES 14/100
  Ep  92/300 | Tr loss=0.1411 mae=0.402 r2=0.646 pcc=0.805 | Vl loss=0.4848 mae=0.927 r2=-1.092 pcc=0.637 | ES 15/100
2026-06-06 21:01:39,949 | INFO |   Ep  92/300 | Tr loss=0.1411 mae=0.402 r2=0.646 pcc=0.805 | Vl loss=0.4848 mae=0.927 r2=-1.092 pcc=0.637 | ES 15/100
  Ep  93/300 | Tr loss=0.1354 mae=0.397 r2=0.654 pcc=0.810 | Vl loss=0.5652 mae=1.015 r2=-1.461 pcc=0.514 | ES 16/100
2026-06-06 21:01:44,913 | INFO |   Ep  93/300 | Tr loss=0.1354 mae=0.397 r2=0.654 pcc=0.810 | Vl loss=0.5652 mae=1.015 r2=-1.461 pcc=0.514 | ES 16/100
  Ep  94/300 | Tr loss=0.1395 mae=0.399 r2=0.645 pcc=0.804 | Vl loss=0.7719 mae=1.229 r2=-2.475 pcc=0.387 | ES 17/100
2026-06-06 21:01:49,888 | INFO |   Ep  94/300 | Tr loss=0.1395 mae=0.399 r2=0.645 pcc=0.804 | Vl loss=0.7719 mae=1.229 r2=-2.475 pcc=0.387 | ES 17/100
  Ep  95/300 | Tr loss=0.1345 mae=0.393 r2=0.687 pcc=0.829 | Vl loss=0.7833 mae=1.241 r2=-2.558 pcc=0.387 | ES 18/100
2026-06-06 21:01:54,853 | INFO |   Ep  95/300 | Tr loss=0.1345 mae=0.393 r2=0.687 pcc=0.829 | Vl loss=0.7833 mae=1.241 r2=-2.558 pcc=0.387 | ES 18/100
  Ep  96/300 | Tr loss=0.1461 mae=0.416 r2=0.642 pcc=0.803 | Vl loss=0.8646 mae=1.312 r2=-2.980 pcc=0.013 | ES 19/100
2026-06-06 21:01:59,785 | INFO |   Ep  96/300 | Tr loss=0.1461 mae=0.416 r2=0.642 pcc=0.803 | Vl loss=0.8646 mae=1.312 r2=-2.980 pcc=0.013 | ES 19/100
  Ep  97/300 | Tr loss=0.1395 mae=0.401 r2=0.647 pcc=0.807 | Vl loss=0.5865 mae=1.040 r2=-1.552 pcc=0.566 | ES 20/100
2026-06-06 21:02:04,765 | INFO |   Ep  97/300 | Tr loss=0.1395 mae=0.401 r2=0.647 pcc=0.807 | Vl loss=0.5865 mae=1.040 r2=-1.552 pcc=0.566 | ES 20/100
  Ep  98/300 | Tr loss=0.1396 mae=0.405 r2=0.641 pcc=0.802 | Vl loss=0.6870 mae=1.143 r2=-2.048 pcc=0.344 | ES 21/100
2026-06-06 21:02:09,707 | INFO |   Ep  98/300 | Tr loss=0.1396 mae=0.405 r2=0.641 pcc=0.802 | Vl loss=0.6870 mae=1.143 r2=-2.048 pcc=0.344 | ES 21/100
  Ep  99/300 | Tr loss=0.1375 mae=0.404 r2=0.653 pcc=0.808 | Vl loss=0.6698 mae=1.128 r2=-1.977 pcc=0.387 | ES 22/100
2026-06-06 21:02:14,664 | INFO |   Ep  99/300 | Tr loss=0.1375 mae=0.404 r2=0.653 pcc=0.808 | Vl loss=0.6698 mae=1.128 r2=-1.977 pcc=0.387 | ES 22/100
  Ep 100/300 | Tr loss=0.1451 mae=0.404 r2=0.640 pcc=0.801 | Vl loss=0.3883 mae=0.804 r2=-0.640 pcc=0.678 | ES 23/100
2026-06-06 21:02:19,623 | INFO |   Ep 100/300 | Tr loss=0.1451 mae=0.404 r2=0.640 pcc=0.801 | Vl loss=0.3883 mae=0.804 r2=-0.640 pcc=0.678 | ES 23/100
  Ep 101/300 | Tr loss=0.1360 mae=0.399 r2=0.657 pcc=0.811 | Vl loss=0.4975 mae=0.943 r2=-1.133 pcc=0.589 | ES 24/100
2026-06-06 21:02:24,586 | INFO |   Ep 101/300 | Tr loss=0.1360 mae=0.399 r2=0.657 pcc=0.811 | Vl loss=0.4975 mae=0.943 r2=-1.133 pcc=0.589 | ES 24/100
  Ep 102/300 | Tr loss=0.1395 mae=0.403 r2=0.652 pcc=0.809 | Vl loss=0.8199 mae=1.275 r2=-2.758 pcc=0.184 | ES 25/100
2026-06-06 21:02:29,543 | INFO |   Ep 102/300 | Tr loss=0.1395 mae=0.403 r2=0.652 pcc=0.809 | Vl loss=0.8199 mae=1.275 r2=-2.758 pcc=0.184 | ES 25/100
  Ep 103/300 | Tr loss=0.1408 mae=0.406 r2=0.667 pcc=0.817 | Vl loss=0.4285 mae=0.858 r2=-0.836 pcc=0.675 | ES 26/100
2026-06-06 21:02:34,500 | INFO |   Ep 103/300 | Tr loss=0.1408 mae=0.406 r2=0.667 pcc=0.817 | Vl loss=0.4285 mae=0.858 r2=-0.836 pcc=0.675 | ES 26/100
  Ep 104/300 | Tr loss=0.1296 mae=0.386 r2=0.691 pcc=0.832 | Vl loss=0.8630 mae=1.310 r2=-2.977 pcc=0.078 | ES 27/100
2026-06-06 21:02:39,493 | INFO |   Ep 104/300 | Tr loss=0.1296 mae=0.386 r2=0.691 pcc=0.832 | Vl loss=0.8630 mae=1.310 r2=-2.977 pcc=0.078 | ES 27/100
  Ep 105/300 | Tr loss=0.1588 mae=0.426 r2=0.599 pcc=0.776 | Vl loss=0.8467 mae=1.293 r2=-2.886 pcc=0.049 | ES 28/100
2026-06-06 21:02:44,429 | INFO |   Ep 105/300 | Tr loss=0.1588 mae=0.426 r2=0.599 pcc=0.776 | Vl loss=0.8467 mae=1.293 r2=-2.886 pcc=0.049 | ES 28/100
  Ep 106/300 | Tr loss=0.1453 mae=0.411 r2=0.630 pcc=0.795 | Vl loss=0.7766 mae=1.230 r2=-2.521 pcc=0.231 | ES 29/100
2026-06-06 21:02:49,412 | INFO |   Ep 106/300 | Tr loss=0.1453 mae=0.411 r2=0.630 pcc=0.795 | Vl loss=0.7766 mae=1.230 r2=-2.521 pcc=0.231 | ES 29/100
  Ep 107/300 | Tr loss=0.1356 mae=0.394 r2=0.654 pcc=0.810 | Vl loss=0.6737 mae=1.125 r2=-1.997 pcc=0.399 | ES 30/100
2026-06-06 21:02:54,367 | INFO |   Ep 107/300 | Tr loss=0.1356 mae=0.394 r2=0.654 pcc=0.810 | Vl loss=0.6737 mae=1.125 r2=-1.997 pcc=0.399 | ES 30/100
  Ep 108/300 | Tr loss=0.1385 mae=0.403 r2=0.646 pcc=0.805 | Vl loss=0.5986 mae=1.054 r2=-1.625 pcc=0.564 | ES 31/100
2026-06-06 21:02:59,298 | INFO |   Ep 108/300 | Tr loss=0.1385 mae=0.403 r2=0.646 pcc=0.805 | Vl loss=0.5986 mae=1.054 r2=-1.625 pcc=0.564 | ES 31/100
  Ep 109/300 | Tr loss=0.1418 mae=0.401 r2=0.641 pcc=0.802 | Vl loss=0.8782 mae=1.319 r2=-3.079 pcc=-0.054 | ES 32/100
2026-06-06 21:03:04,238 | INFO |   Ep 109/300 | Tr loss=0.1418 mae=0.401 r2=0.641 pcc=0.802 | Vl loss=0.8782 mae=1.319 r2=-3.079 pcc=-0.054 | ES 32/100
  Ep 110/300 | Tr loss=0.1403 mae=0.404 r2=0.652 pcc=0.809 | Vl loss=0.8643 mae=1.314 r2=-3.011 pcc=0.038 | ES 33/100
2026-06-06 21:03:09,179 | INFO |   Ep 110/300 | Tr loss=0.1403 mae=0.404 r2=0.652 pcc=0.809 | Vl loss=0.8643 mae=1.314 r2=-3.011 pcc=0.038 | ES 33/100
  Ep 111/300 | Tr loss=0.1468 mae=0.421 r2=0.609 pcc=0.782 | Vl loss=0.6177 mae=1.075 r2=-1.708 pcc=0.500 | ES 34/100
2026-06-06 21:03:14,135 | INFO |   Ep 111/300 | Tr loss=0.1468 mae=0.421 r2=0.609 pcc=0.782 | Vl loss=0.6177 mae=1.075 r2=-1.708 pcc=0.500 | ES 34/100
  Ep 112/300 | Tr loss=0.1301 mae=0.389 r2=0.656 pcc=0.810 | Vl loss=0.9501 mae=1.390 r2=-3.497 pcc=-0.221 | ES 35/100
2026-06-06 21:03:19,084 | INFO |   Ep 112/300 | Tr loss=0.1301 mae=0.389 r2=0.656 pcc=0.810 | Vl loss=0.9501 mae=1.390 r2=-3.497 pcc=-0.221 | ES 35/100
  Ep 113/300 | Tr loss=0.1353 mae=0.394 r2=0.662 pcc=0.815 | Vl loss=0.7500 mae=1.205 r2=-2.402 pcc=0.286 | ES 36/100
2026-06-06 21:03:24,032 | INFO |   Ep 113/300 | Tr loss=0.1353 mae=0.394 r2=0.662 pcc=0.815 | Vl loss=0.7500 mae=1.205 r2=-2.402 pcc=0.286 | ES 36/100
  Ep 114/300 | Tr loss=0.1417 mae=0.407 r2=0.646 pcc=0.805 | Vl loss=0.7443 mae=1.198 r2=-2.367 pcc=0.313 | ES 37/100
2026-06-06 21:03:29,084 | INFO |   Ep 114/300 | Tr loss=0.1417 mae=0.407 r2=0.646 pcc=0.805 | Vl loss=0.7443 mae=1.198 r2=-2.367 pcc=0.313 | ES 37/100
  Ep 115/300 | Tr loss=0.1267 mae=0.387 r2=0.675 pcc=0.822 | Vl loss=0.7184 mae=1.175 r2=-2.253 pcc=0.324 | ES 38/100
2026-06-06 21:03:34,035 | INFO |   Ep 115/300 | Tr loss=0.1267 mae=0.387 r2=0.675 pcc=0.822 | Vl loss=0.7184 mae=1.175 r2=-2.253 pcc=0.324 | ES 38/100
  Ep 116/300 | Tr loss=0.1310 mae=0.386 r2=0.667 pcc=0.819 | Vl loss=0.7748 mae=1.225 r2=-2.538 pcc=0.184 | ES 39/100
2026-06-06 21:03:39,011 | INFO |   Ep 116/300 | Tr loss=0.1310 mae=0.386 r2=0.667 pcc=0.819 | Vl loss=0.7748 mae=1.225 r2=-2.538 pcc=0.184 | ES 39/100
  Ep 117/300 | Tr loss=0.1472 mae=0.406 r2=0.646 pcc=0.805 | Vl loss=0.7736 mae=1.226 r2=-2.538 pcc=0.147 | ES 40/100
2026-06-06 21:03:44,022 | INFO |   Ep 117/300 | Tr loss=0.1472 mae=0.406 r2=0.646 pcc=0.805 | Vl loss=0.7736 mae=1.226 r2=-2.538 pcc=0.147 | ES 40/100
  Ep 118/300 | Tr loss=0.1300 mae=0.384 r2=0.672 pcc=0.820 | Vl loss=0.5165 mae=0.953 r2=-1.244 pcc=0.506 | ES 41/100
2026-06-06 21:03:49,006 | INFO |   Ep 118/300 | Tr loss=0.1300 mae=0.384 r2=0.672 pcc=0.820 | Vl loss=0.5165 mae=0.953 r2=-1.244 pcc=0.506 | ES 41/100
  Ep 119/300 | Tr loss=0.1436 mae=0.402 r2=0.621 pcc=0.792 | Vl loss=0.5886 mae=1.034 r2=-1.587 pcc=0.467 | ES 42/100
2026-06-06 21:03:53,986 | INFO |   Ep 119/300 | Tr loss=0.1436 mae=0.402 r2=0.621 pcc=0.792 | Vl loss=0.5886 mae=1.034 r2=-1.587 pcc=0.467 | ES 42/100
  Ep 120/300 | Tr loss=0.1351 mae=0.398 r2=0.663 pcc=0.815 | Vl loss=0.4763 mae=0.910 r2=-1.038 pcc=0.587 | ES 43/100
2026-06-06 21:03:58,950 | INFO |   Ep 120/300 | Tr loss=0.1351 mae=0.398 r2=0.663 pcc=0.815 | Vl loss=0.4763 mae=0.910 r2=-1.038 pcc=0.587 | ES 43/100
  Ep 121/300 | Tr loss=0.1348 mae=0.394 r2=0.667 pcc=0.817 | Vl loss=0.4086 mae=0.825 r2=-0.741 pcc=0.645 | ES 44/100
2026-06-06 21:04:03,923 | INFO |   Ep 121/300 | Tr loss=0.1348 mae=0.394 r2=0.667 pcc=0.817 | Vl loss=0.4086 mae=0.825 r2=-0.741 pcc=0.645 | ES 44/100
  Ep 122/300 | Tr loss=0.1443 mae=0.404 r2=0.633 pcc=0.796 | Vl loss=0.8272 mae=1.272 r2=-2.844 pcc=0.131 | ES 45/100
2026-06-06 21:04:08,872 | INFO |   Ep 122/300 | Tr loss=0.1443 mae=0.404 r2=0.633 pcc=0.796 | Vl loss=0.8272 mae=1.272 r2=-2.844 pcc=0.131 | ES 45/100
  Ep 123/300 | Tr loss=0.1280 mae=0.380 r2=0.671 pcc=0.820 | Vl loss=0.7694 mae=1.215 r2=-2.544 pcc=0.116 | ES 46/100
2026-06-06 21:04:13,803 | INFO |   Ep 123/300 | Tr loss=0.1280 mae=0.380 r2=0.671 pcc=0.820 | Vl loss=0.7694 mae=1.215 r2=-2.544 pcc=0.116 | ES 46/100
  Ep 124/300 | Tr loss=0.1242 mae=0.381 r2=0.684 pcc=0.828 | Vl loss=0.8572 mae=1.303 r2=-3.006 pcc=0.023 | ES 47/100
2026-06-06 21:04:18,782 | INFO |   Ep 124/300 | Tr loss=0.1242 mae=0.381 r2=0.684 pcc=0.828 | Vl loss=0.8572 mae=1.303 r2=-3.006 pcc=0.023 | ES 47/100
  Ep 125/300 | Tr loss=0.1423 mae=0.401 r2=0.633 pcc=0.796 | Vl loss=0.7950 mae=1.241 r2=-2.683 pcc=0.178 | ES 48/100
2026-06-06 21:04:23,741 | INFO |   Ep 125/300 | Tr loss=0.1423 mae=0.401 r2=0.633 pcc=0.796 | Vl loss=0.7950 mae=1.241 r2=-2.683 pcc=0.178 | ES 48/100
  Ep 126/300 | Tr loss=0.1252 mae=0.385 r2=0.685 pcc=0.828 | Vl loss=1.0571 mae=1.491 r2=-4.179 pcc=-0.344 | ES 49/100
2026-06-06 21:04:28,678 | INFO |   Ep 126/300 | Tr loss=0.1252 mae=0.385 r2=0.685 pcc=0.828 | Vl loss=1.0571 mae=1.491 r2=-4.179 pcc=-0.344 | ES 49/100
  Ep 127/300 | Tr loss=0.1355 mae=0.401 r2=0.659 pcc=0.813 | Vl loss=0.7034 mae=1.150 r2=-2.185 pcc=0.345 | ES 50/100
2026-06-06 21:04:33,620 | INFO |   Ep 127/300 | Tr loss=0.1355 mae=0.401 r2=0.659 pcc=0.813 | Vl loss=0.7034 mae=1.150 r2=-2.185 pcc=0.345 | ES 50/100
Epoch 00128: reducing learning rate of group 0 to 5.0000e-05.
  Ep 128/300 | Tr loss=0.1356 mae=0.402 r2=0.628 pcc=0.795 | Vl loss=0.7378 mae=1.185 r2=-2.326 pcc=0.268 | ES 51/100
2026-06-06 21:04:38,579 | INFO |   Ep 128/300 | Tr loss=0.1356 mae=0.402 r2=0.628 pcc=0.795 | Vl loss=0.7378 mae=1.185 r2=-2.326 pcc=0.268 | ES 51/100
  Ep 129/300 | Tr loss=0.1420 mae=0.411 r2=0.640 pcc=0.800 | Vl loss=0.7793 mae=1.227 r2=-2.567 pcc=0.139 | ES 52/100
2026-06-06 21:04:43,520 | INFO |   Ep 129/300 | Tr loss=0.1420 mae=0.411 r2=0.640 pcc=0.800 | Vl loss=0.7793 mae=1.227 r2=-2.567 pcc=0.139 | ES 52/100
  Ep 130/300 | Tr loss=0.1380 mae=0.394 r2=0.643 pcc=0.802 | Vl loss=0.6151 mae=1.058 r2=-1.723 pcc=0.372 | ES 53/100
2026-06-06 21:04:48,447 | INFO |   Ep 130/300 | Tr loss=0.1380 mae=0.394 r2=0.643 pcc=0.802 | Vl loss=0.6151 mae=1.058 r2=-1.723 pcc=0.372 | ES 53/100
  Ep 131/300 | Tr loss=0.1402 mae=0.404 r2=0.634 pcc=0.798 | Vl loss=0.5986 mae=1.042 r2=-1.634 pcc=0.391 | ES 54/100
2026-06-06 21:04:53,369 | INFO |   Ep 131/300 | Tr loss=0.1402 mae=0.404 r2=0.634 pcc=0.798 | Vl loss=0.5986 mae=1.042 r2=-1.634 pcc=0.391 | ES 54/100
  Ep 132/300 | Tr loss=0.1283 mae=0.381 r2=0.689 pcc=0.830 | Vl loss=0.7992 mae=1.246 r2=-2.677 pcc=0.153 | ES 55/100
2026-06-06 21:04:58,288 | INFO |   Ep 132/300 | Tr loss=0.1283 mae=0.381 r2=0.689 pcc=0.830 | Vl loss=0.7992 mae=1.246 r2=-2.677 pcc=0.153 | ES 55/100
  Ep 133/300 | Tr loss=0.1286 mae=0.383 r2=0.669 pcc=0.819 | Vl loss=0.7706 mae=1.215 r2=-2.517 pcc=0.193 | ES 56/100
2026-06-06 21:05:03,208 | INFO |   Ep 133/300 | Tr loss=0.1286 mae=0.383 r2=0.669 pcc=0.819 | Vl loss=0.7706 mae=1.215 r2=-2.517 pcc=0.193 | ES 56/100
  Ep 134/300 | Tr loss=0.1499 mae=0.412 r2=0.623 pcc=0.791 | Vl loss=0.6232 mae=1.068 r2=-1.758 pcc=0.397 | ES 57/100
2026-06-06 21:05:08,147 | INFO |   Ep 134/300 | Tr loss=0.1499 mae=0.412 r2=0.623 pcc=0.791 | Vl loss=0.6232 mae=1.068 r2=-1.758 pcc=0.397 | ES 57/100
  Ep 135/300 | Tr loss=0.1368 mae=0.392 r2=0.659 pcc=0.812 | Vl loss=0.6537 mae=1.099 r2=-1.909 pcc=0.312 | ES 58/100
2026-06-06 21:05:13,091 | INFO |   Ep 135/300 | Tr loss=0.1368 mae=0.392 r2=0.659 pcc=0.812 | Vl loss=0.6537 mae=1.099 r2=-1.909 pcc=0.312 | ES 58/100
  Ep 136/300 | Tr loss=0.1341 mae=0.399 r2=0.662 pcc=0.814 | Vl loss=0.5315 mae=0.973 r2=-1.307 pcc=0.502 | ES 59/100
2026-06-06 21:05:18,110 | INFO |   Ep 136/300 | Tr loss=0.1341 mae=0.399 r2=0.662 pcc=0.814 | Vl loss=0.5315 mae=0.973 r2=-1.307 pcc=0.502 | ES 59/100
  Ep 137/300 | Tr loss=0.1316 mae=0.389 r2=0.654 pcc=0.810 | Vl loss=0.7027 mae=1.145 r2=-2.156 pcc=0.267 | ES 60/100
2026-06-06 21:05:23,033 | INFO |   Ep 137/300 | Tr loss=0.1316 mae=0.389 r2=0.654 pcc=0.810 | Vl loss=0.7027 mae=1.145 r2=-2.156 pcc=0.267 | ES 60/100
  Ep 138/300 | Tr loss=0.1372 mae=0.398 r2=0.642 pcc=0.802 | Vl loss=0.7913 mae=1.238 r2=-2.621 pcc=0.143 | ES 61/100
2026-06-06 21:05:27,993 | INFO |   Ep 138/300 | Tr loss=0.1372 mae=0.398 r2=0.642 pcc=0.802 | Vl loss=0.7913 mae=1.238 r2=-2.621 pcc=0.143 | ES 61/100
  Ep 139/300 | Tr loss=0.1441 mae=0.416 r2=0.621 pcc=0.790 | Vl loss=0.7390 mae=1.187 r2=-2.336 pcc=0.210 | ES 62/100
2026-06-06 21:05:32,939 | INFO |   Ep 139/300 | Tr loss=0.1441 mae=0.416 r2=0.621 pcc=0.790 | Vl loss=0.7390 mae=1.187 r2=-2.336 pcc=0.210 | ES 62/100
  Ep 140/300 | Tr loss=0.1431 mae=0.406 r2=0.635 pcc=0.797 | Vl loss=0.5135 mae=0.957 r2=-1.211 pcc=0.538 | ES 63/100
2026-06-06 21:05:37,886 | INFO |   Ep 140/300 | Tr loss=0.1431 mae=0.406 r2=0.635 pcc=0.797 | Vl loss=0.5135 mae=0.957 r2=-1.211 pcc=0.538 | ES 63/100
  Ep 141/300 | Tr loss=0.1372 mae=0.394 r2=0.647 pcc=0.805 | Vl loss=0.4331 mae=0.864 r2=-0.837 pcc=0.632 | ES 64/100
2026-06-06 21:05:42,870 | INFO |   Ep 141/300 | Tr loss=0.1372 mae=0.394 r2=0.647 pcc=0.805 | Vl loss=0.4331 mae=0.864 r2=-0.837 pcc=0.632 | ES 64/100
  Ep 142/300 | Tr loss=0.1503 mae=0.424 r2=0.635 pcc=0.798 | Vl loss=0.6839 mae=1.132 r2=-2.064 pcc=0.314 | ES 65/100
2026-06-06 21:05:47,835 | INFO |   Ep 142/300 | Tr loss=0.1503 mae=0.424 r2=0.635 pcc=0.798 | Vl loss=0.6839 mae=1.132 r2=-2.064 pcc=0.314 | ES 65/100
  Ep 143/300 | Tr loss=0.1378 mae=0.394 r2=0.646 pcc=0.805 | Vl loss=0.7852 mae=1.232 r2=-2.596 pcc=0.112 | ES 66/100
2026-06-06 21:05:52,834 | INFO |   Ep 143/300 | Tr loss=0.1378 mae=0.394 r2=0.646 pcc=0.805 | Vl loss=0.7852 mae=1.232 r2=-2.596 pcc=0.112 | ES 66/100
  Ep 144/300 | Tr loss=0.1351 mae=0.389 r2=0.635 pcc=0.799 | Vl loss=0.7359 mae=1.186 r2=-2.335 pcc=0.182 | ES 67/100
2026-06-06 21:05:57,758 | INFO |   Ep 144/300 | Tr loss=0.1351 mae=0.389 r2=0.635 pcc=0.799 | Vl loss=0.7359 mae=1.186 r2=-2.335 pcc=0.182 | ES 67/100
  Ep 145/300 | Tr loss=0.1370 mae=0.404 r2=0.651 pcc=0.807 | Vl loss=0.7654 mae=1.215 r2=-2.503 pcc=0.177 | ES 68/100
2026-06-06 21:06:02,741 | INFO |   Ep 145/300 | Tr loss=0.1370 mae=0.404 r2=0.651 pcc=0.807 | Vl loss=0.7654 mae=1.215 r2=-2.503 pcc=0.177 | ES 68/100
  Ep 146/300 | Tr loss=0.1462 mae=0.409 r2=0.638 pcc=0.800 | Vl loss=0.6522 mae=1.101 r2=-1.904 pcc=0.313 | ES 69/100
2026-06-06 21:06:07,699 | INFO |   Ep 146/300 | Tr loss=0.1462 mae=0.409 r2=0.638 pcc=0.800 | Vl loss=0.6522 mae=1.101 r2=-1.904 pcc=0.313 | ES 69/100
  Ep 147/300 | Tr loss=0.1344 mae=0.385 r2=0.651 pcc=0.807 | Vl loss=0.6082 mae=1.056 r2=-1.681 pcc=0.381 | ES 70/100
2026-06-06 21:06:12,651 | INFO |   Ep 147/300 | Tr loss=0.1344 mae=0.385 r2=0.651 pcc=0.807 | Vl loss=0.6082 mae=1.056 r2=-1.681 pcc=0.381 | ES 70/100
  Ep 148/300 | Tr loss=0.1378 mae=0.400 r2=0.657 pcc=0.811 | Vl loss=0.7675 mae=1.216 r2=-2.507 pcc=0.165 | ES 71/100
2026-06-06 21:06:17,613 | INFO |   Ep 148/300 | Tr loss=0.1378 mae=0.400 r2=0.657 pcc=0.811 | Vl loss=0.7675 mae=1.216 r2=-2.507 pcc=0.165 | ES 71/100
  Ep 149/300 | Tr loss=0.1396 mae=0.404 r2=0.651 pcc=0.808 | Vl loss=0.4798 mae=0.919 r2=-1.054 pcc=0.562 | ES 72/100
2026-06-06 21:06:22,555 | INFO |   Ep 149/300 | Tr loss=0.1396 mae=0.404 r2=0.651 pcc=0.808 | Vl loss=0.4798 mae=0.919 r2=-1.054 pcc=0.562 | ES 72/100
  Ep 150/300 | Tr loss=0.1482 mae=0.416 r2=0.630 pcc=0.796 | Vl loss=0.6759 mae=1.123 r2=-2.040 pcc=0.293 | ES 73/100
2026-06-06 21:06:27,504 | INFO |   Ep 150/300 | Tr loss=0.1482 mae=0.416 r2=0.630 pcc=0.796 | Vl loss=0.6759 mae=1.123 r2=-2.040 pcc=0.293 | ES 73/100
  Ep 151/300 | Tr loss=0.1483 mae=0.413 r2=0.616 pcc=0.786 | Vl loss=0.7470 mae=1.193 r2=-2.404 pcc=0.141 | ES 74/100
2026-06-06 21:06:32,486 | INFO |   Ep 151/300 | Tr loss=0.1483 mae=0.413 r2=0.616 pcc=0.786 | Vl loss=0.7470 mae=1.193 r2=-2.404 pcc=0.141 | ES 74/100
  Ep 152/300 | Tr loss=0.1325 mae=0.395 r2=0.673 pcc=0.820 | Vl loss=0.7387 mae=1.188 r2=-2.371 pcc=0.179 | ES 75/100
2026-06-06 21:06:37,434 | INFO |   Ep 152/300 | Tr loss=0.1325 mae=0.395 r2=0.673 pcc=0.820 | Vl loss=0.7387 mae=1.188 r2=-2.371 pcc=0.179 | ES 75/100
  Ep 153/300 | Tr loss=0.1415 mae=0.404 r2=0.644 pcc=0.804 | Vl loss=0.6068 mae=1.056 r2=-1.678 pcc=0.429 | ES 76/100
2026-06-06 21:06:42,400 | INFO |   Ep 153/300 | Tr loss=0.1415 mae=0.404 r2=0.644 pcc=0.804 | Vl loss=0.6068 mae=1.056 r2=-1.678 pcc=0.429 | ES 76/100
  Ep 154/300 | Tr loss=0.1547 mae=0.419 r2=0.625 pcc=0.792 | Vl loss=0.7020 mae=1.146 r2=-2.176 pcc=0.244 | ES 77/100
2026-06-06 21:06:47,346 | INFO |   Ep 154/300 | Tr loss=0.1547 mae=0.419 r2=0.625 pcc=0.792 | Vl loss=0.7020 mae=1.146 r2=-2.176 pcc=0.244 | ES 77/100
  Ep 155/300 | Tr loss=0.1366 mae=0.397 r2=0.651 pcc=0.808 | Vl loss=0.7263 mae=1.172 r2=-2.294 pcc=0.197 | ES 78/100
2026-06-06 21:06:52,305 | INFO |   Ep 155/300 | Tr loss=0.1366 mae=0.397 r2=0.651 pcc=0.808 | Vl loss=0.7263 mae=1.172 r2=-2.294 pcc=0.197 | ES 78/100
  Ep 156/300 | Tr loss=0.1296 mae=0.390 r2=0.669 pcc=0.819 | Vl loss=0.7355 mae=1.183 r2=-2.331 pcc=0.200 | ES 79/100
2026-06-06 21:06:57,265 | INFO |   Ep 156/300 | Tr loss=0.1296 mae=0.390 r2=0.669 pcc=0.819 | Vl loss=0.7355 mae=1.183 r2=-2.331 pcc=0.200 | ES 79/100
  Ep 157/300 | Tr loss=0.1511 mae=0.424 r2=0.608 pcc=0.781 | Vl loss=0.5809 mae=1.027 r2=-1.537 pcc=0.415 | ES 80/100
2026-06-06 21:07:02,217 | INFO |   Ep 157/300 | Tr loss=0.1511 mae=0.424 r2=0.608 pcc=0.781 | Vl loss=0.5809 mae=1.027 r2=-1.537 pcc=0.415 | ES 80/100
  Ep 158/300 | Tr loss=0.1427 mae=0.408 r2=0.634 pcc=0.797 | Vl loss=0.4623 mae=0.894 r2=-0.972 pcc=0.567 | ES 81/100
2026-06-06 21:07:07,159 | INFO |   Ep 158/300 | Tr loss=0.1427 mae=0.408 r2=0.634 pcc=0.797 | Vl loss=0.4623 mae=0.894 r2=-0.972 pcc=0.567 | ES 81/100
  Ep 159/300 | Tr loss=0.1226 mae=0.376 r2=0.692 pcc=0.832 | Vl loss=0.5987 mae=1.041 r2=-1.634 pcc=0.381 | ES 82/100
2026-06-06 21:07:12,084 | INFO |   Ep 159/300 | Tr loss=0.1226 mae=0.376 r2=0.692 pcc=0.832 | Vl loss=0.5987 mae=1.041 r2=-1.634 pcc=0.381 | ES 82/100
  Ep 160/300 | Tr loss=0.1368 mae=0.391 r2=0.650 pcc=0.808 | Vl loss=0.6836 mae=1.132 r2=-2.052 pcc=0.266 | ES 83/100
2026-06-06 21:07:17,007 | INFO |   Ep 160/300 | Tr loss=0.1368 mae=0.391 r2=0.650 pcc=0.808 | Vl loss=0.6836 mae=1.132 r2=-2.052 pcc=0.266 | ES 83/100
  Ep 161/300 | Tr loss=0.1370 mae=0.398 r2=0.655 pcc=0.810 | Vl loss=0.7789 mae=1.222 r2=-2.533 pcc=0.109 | ES 84/100
2026-06-06 21:07:22,011 | INFO |   Ep 161/300 | Tr loss=0.1370 mae=0.398 r2=0.655 pcc=0.810 | Vl loss=0.7789 mae=1.222 r2=-2.533 pcc=0.109 | ES 84/100
  Ep 162/300 | Tr loss=0.1381 mae=0.404 r2=0.654 pcc=0.808 | Vl loss=0.7271 mae=1.173 r2=-2.269 pcc=0.244 | ES 85/100
2026-06-06 21:07:26,999 | INFO |   Ep 162/300 | Tr loss=0.1381 mae=0.404 r2=0.654 pcc=0.808 | Vl loss=0.7271 mae=1.173 r2=-2.269 pcc=0.244 | ES 85/100
  Ep 163/300 | Tr loss=0.1319 mae=0.397 r2=0.665 pcc=0.816 | Vl loss=0.6429 mae=1.091 r2=-1.847 pcc=0.348 | ES 86/100
2026-06-06 21:07:31,927 | INFO |   Ep 163/300 | Tr loss=0.1319 mae=0.397 r2=0.665 pcc=0.816 | Vl loss=0.6429 mae=1.091 r2=-1.847 pcc=0.348 | ES 86/100
  Ep 164/300 | Tr loss=0.1454 mae=0.407 r2=0.626 pcc=0.792 | Vl loss=0.6719 mae=1.115 r2=-1.989 pcc=0.336 | ES 87/100
2026-06-06 21:07:36,915 | INFO |   Ep 164/300 | Tr loss=0.1454 mae=0.407 r2=0.626 pcc=0.792 | Vl loss=0.6719 mae=1.115 r2=-1.989 pcc=0.336 | ES 87/100
  Ep 165/300 | Tr loss=0.1428 mae=0.401 r2=0.640 pcc=0.801 | Vl loss=0.7900 mae=1.236 r2=-2.614 pcc=0.054 | ES 88/100
2026-06-06 21:07:41,889 | INFO |   Ep 165/300 | Tr loss=0.1428 mae=0.401 r2=0.640 pcc=0.801 | Vl loss=0.7900 mae=1.236 r2=-2.614 pcc=0.054 | ES 88/100
  Ep 166/300 | Tr loss=0.1310 mae=0.394 r2=0.662 pcc=0.815 | Vl loss=0.9162 mae=1.356 r2=-3.326 pcc=-0.209 | ES 89/100
2026-06-06 21:07:46,835 | INFO |   Ep 166/300 | Tr loss=0.1310 mae=0.394 r2=0.662 pcc=0.815 | Vl loss=0.9162 mae=1.356 r2=-3.326 pcc=-0.209 | ES 89/100
  Ep 167/300 | Tr loss=0.1394 mae=0.403 r2=0.658 pcc=0.812 | Vl loss=0.5704 mae=1.014 r2=-1.501 pcc=0.439 | ES 90/100
2026-06-06 21:07:51,803 | INFO |   Ep 167/300 | Tr loss=0.1394 mae=0.403 r2=0.658 pcc=0.812 | Vl loss=0.5704 mae=1.014 r2=-1.501 pcc=0.439 | ES 90/100
  Ep 168/300 | Tr loss=0.1401 mae=0.396 r2=0.657 pcc=0.810 | Vl loss=0.5890 mae=1.028 r2=-1.597 pcc=0.401 | ES 91/100
2026-06-06 21:07:56,774 | INFO |   Ep 168/300 | Tr loss=0.1401 mae=0.396 r2=0.657 pcc=0.810 | Vl loss=0.5890 mae=1.028 r2=-1.597 pcc=0.401 | ES 91/100
  Ep 169/300 | Tr loss=0.1359 mae=0.395 r2=0.651 pcc=0.808 | Vl loss=0.6986 mae=1.144 r2=-2.145 pcc=0.224 | ES 92/100
2026-06-06 21:08:01,762 | INFO |   Ep 169/300 | Tr loss=0.1359 mae=0.395 r2=0.651 pcc=0.808 | Vl loss=0.6986 mae=1.144 r2=-2.145 pcc=0.224 | ES 92/100
  Ep 170/300 | Tr loss=0.1383 mae=0.410 r2=0.665 pcc=0.816 | Vl loss=0.6632 mae=1.106 r2=-1.975 pcc=0.260 | ES 93/100
2026-06-06 21:08:06,700 | INFO |   Ep 170/300 | Tr loss=0.1383 mae=0.410 r2=0.665 pcc=0.816 | Vl loss=0.6632 mae=1.106 r2=-1.975 pcc=0.260 | ES 93/100
  Ep 171/300 | Tr loss=0.1306 mae=0.385 r2=0.644 pcc=0.804 | Vl loss=0.5211 mae=0.959 r2=-1.251 pcc=0.524 | ES 94/100
2026-06-06 21:08:11,632 | INFO |   Ep 171/300 | Tr loss=0.1306 mae=0.385 r2=0.644 pcc=0.804 | Vl loss=0.5211 mae=0.959 r2=-1.251 pcc=0.524 | ES 94/100
  Ep 172/300 | Tr loss=0.1345 mae=0.394 r2=0.668 pcc=0.818 | Vl loss=0.6948 mae=1.136 r2=-2.148 pcc=0.221 | ES 95/100
2026-06-06 21:08:16,584 | INFO |   Ep 172/300 | Tr loss=0.1345 mae=0.394 r2=0.668 pcc=0.818 | Vl loss=0.6948 mae=1.136 r2=-2.148 pcc=0.221 | ES 95/100
  Ep 173/300 | Tr loss=0.1449 mae=0.407 r2=0.644 pcc=0.805 | Vl loss=0.6332 mae=1.078 r2=-1.811 pcc=0.310 | ES 96/100
2026-06-06 21:08:21,518 | INFO |   Ep 173/300 | Tr loss=0.1449 mae=0.407 r2=0.644 pcc=0.805 | Vl loss=0.6332 mae=1.078 r2=-1.811 pcc=0.310 | ES 96/100
  Ep 174/300 | Tr loss=0.1277 mae=0.387 r2=0.666 pcc=0.817 | Vl loss=0.4468 mae=0.871 r2=-0.896 pcc=0.553 | ES 97/100
2026-06-06 21:08:26,440 | INFO |   Ep 174/300 | Tr loss=0.1277 mae=0.387 r2=0.666 pcc=0.817 | Vl loss=0.4468 mae=0.871 r2=-0.896 pcc=0.553 | ES 97/100
  Ep 175/300 | Tr loss=0.1467 mae=0.406 r2=0.639 pcc=0.800 | Vl loss=0.6906 mae=1.127 r2=-2.117 pcc=0.215 | ES 98/100
2026-06-06 21:08:31,394 | INFO |   Ep 175/300 | Tr loss=0.1467 mae=0.406 r2=0.639 pcc=0.800 | Vl loss=0.6906 mae=1.127 r2=-2.117 pcc=0.215 | ES 98/100
  Ep 176/300 | Tr loss=0.1308 mae=0.393 r2=0.696 pcc=0.835 | Vl loss=0.5922 mae=1.032 r2=-1.619 pcc=0.398 | ES 99/100
2026-06-06 21:08:36,333 | INFO |   Ep 176/300 | Tr loss=0.1308 mae=0.393 r2=0.696 pcc=0.835 | Vl loss=0.5922 mae=1.032 r2=-1.619 pcc=0.398 | ES 99/100
  Ep 177/300 | Tr loss=0.1359 mae=0.391 r2=0.651 pcc=0.809 | Vl loss=0.5625 mae=1.001 r2=-1.463 pcc=0.436 | ES 100/100
2026-06-06 21:08:41,284 | INFO |   Ep 177/300 | Tr loss=0.1359 mae=0.391 r2=0.651 pcc=0.809 | Vl loss=0.5625 mae=1.001 r2=-1.463 pcc=0.436 | ES 100/100

  ⏹  Early stopping at epoch 177 (best=77)
2026-06-06 21:08:41,284 | INFO | Early stopping at epoch 177 best=77

✓ Training complete!

  ── Final Test Results (best epoch = 77) ──────────────────
  Loss : 0.3144
  RMSE : 0.8443
  MAE  : 0.7206
  R²   : -0.0386
  ✓ Saved → /mvdlph/masa/GCN_SingleView_Regression_Results/run_2026_06_06_20_53_29/plots/loss_curve.png
  ✓ Saved → /mvdlph/masa/GCN_SingleView_Regression_Results/run_2026_06_06_20_53_29/plots/rmse_mae.png
  ✓ Saved → /mvdlph/masa/GCN_SingleView_Regression_Results/run_2026_06_06_20_53_29/plots/r2_curve.png
  ✓ Saved → /mvdlph/masa/GCN_SingleView_Regression_Results/run_2026_06_06_20_53_29/plots/pcc_curve.png
  ✓ Saved → /mvdlph/masa/GCN_SingleView_Regression_Results/run_2026_06_06_20_53_29/plots/regression_scatter_test.png
  ✓ Saved → /mvdlph/masa/GCN_SingleView_Regression_Results/run_2026_06_06_20_53_29/plots/early_stopping.png
  ✓ History → /mvdlph/masa/GCN_SingleView_Regression_Results/run_2026_06_06_20_53_29/logs/training_history.json
============================================================
DIAGNOSTIC 1: Per-exercise skeleton variance (C0)
============================================================
  Exercise      X-var      Y-var      Z-var  Z/X ratio
-------------------------------------------------------
        E0     0.0474     0.0094     0.0694      1.463

============================================================
DIAGNOSTIC 2: Quality score distribution per split
============================================================
 Train: mean=3.977 std=0.883 min=2.02 max=5.00 | correct=612 erroneous=336
   Val: mean=4.131 std=0.752 min=2.85 max=4.94 | correct=204 erroneous=99
  Test: mean=4.192 std=0.830 min=2.66 max=5.00 | correct=204 erroneous=117
  ✓ History NPZ → /mvdlph/masa/GCN_SingleView_Regression_Results/run_2026_06_06_20_53_29/logs/training_history.npz
  ✓ Test predictions NPZ → /mvdlph/masa/GCN_SingleView_Regression_Results/run_2026_06_06_20_53_29/logs/test_predictions.npz
========================================================================
  Exercise         n      MAE     RMSE       R²      PCC
────────────────────────────────────────────────────────────────────────
  E0             321   0.7206   0.8443  -0.0386   0.8432
────────────────────────────────────────────────────────────────────────
  Overall        321   0.7206   0.8443  -0.0386   0.8432
========================================================================

  ✓ Per-exercise CSV → /mvdlph/masa/GCN_SingleView_Regression_Results/run_2026_06_06_20_53_29/logs/per_exercise_metrics.csv
  ✓ Per-exercise scatter grid → /mvdlph/masa/GCN_SingleView_Regression_Results/run_2026_06_06_20_53_29/plots/per_exercise_scatter.png
  ✓ Per-exercise bar chart → /mvdlph/masa/GCN_SingleView_Regression_Results/run_2026_06_06_20_53_29/plots/per_exercise_bar.png
  ✓ Per-exercise metrics NPZ → /mvdlph/masa/GCN_SingleView_Regression_Results/run_2026_06_06_20_53_29/logs/per_exercise_metrics.npz

========================================================================
  Split         n      MAE     RMSE       R²      PCC
────────────────────────────────────────────────────────────────────────
  Train       948   0.5693   0.7359   0.3055   0.7698
  ✓ Saved → /mvdlph/masa/GCN_SingleView_Regression_Results/run_2026_06_06_20_53_29/plots/regression_scatter_train.png
  Val         303   0.6593   0.8342  -0.2334   0.7284
  ✓ Saved → /mvdlph/masa/GCN_SingleView_Regression_Results/run_2026_06_06_20_53_29/plots/regression_scatter_val.png
  Test        321   0.7206   0.8443  -0.0386   0.8432
  ✓ Saved → /mvdlph/masa/GCN_SingleView_Regression_Results/run_2026_06_06_20_53_29/plots/regression_scatter_test.png
========================================================================

========================================================================
Per-exercise breakdown across splits
========================================================================
  Split    Exercise         n      MAE     RMSE       R²      PCC
────────────────────────────────────────────────────────────────────────
  Train    E0             948   0.5693   0.7359   0.3055   0.7698
────────────────────────────────────────────────────────────────────────
  Val      E0             303   0.6593   0.8342  -0.2334   0.7284
────────────────────────────────────────────────────────────────────────
  Test     E0             321   0.7206   0.8443  -0.0386   0.8432
────────────────────────────────────────────────────────────────────────

✓ All-splits metrics → /mvdlph/masa/GCN_SingleView_Regression_Results/run_2026_06_06_20_53_29/logs/all_splits_metrics.csv

==================================================
  Overfitting check  (Train → Val gap)
==================================================
  MAE  gap : +0.0900  (Train=0.5693  Val=0.6593)
  RMSE gap : +0.0984  (Train=0.7359  Val=0.8342)
  R²   gap : -0.5389  (Train=0.3055  Val=-0.2334)
  PCC  gap : -0.0414  (Train=0.7698  Val=0.7284)
==================================================
============================================================
  TRAINING SUMMARY — ST-GCN Regression (Single View)
============================================================
  Best Epoch       : 77  (stopped at 177)
  Best Val MAE     : 0.6593
  Best Val RMSE    : 0.8342
  Best Val R²      : -0.2334
  Best Val PCC     : 0.7284
────────────────────────────────────────────────────────────
  Test MAE         : 0.7206
  Test RMSE        : 0.8443
  Test R²          : -0.0386
  Test PCC         : 0.8432
============================================================
2026-06-06 21:08:49,146 | INFO | Best Epoch=77  stopped_epoch=177
2026-06-06 21:08:49,146 | INFO | Test MAE=0.7206
2026-06-06 21:08:49,147 | INFO | Test RMSE=0.8443
2026-06-06 21:08:49,147 | INFO | Test R²=-0.0386
2026-06-06 21:08:49,147 | INFO | Test PCC=0.8432

✓ Summary CSV (overall + per-exercise) → /mvdlph/masa/GCN_SingleView_Regression_Results/training_summary.csv
