✓ stdout → also writing to /mvdlph/masa/GCN_SingleView_Regression_Results/run_2026_05_24_10_19_52/logs/training_20260524_101952.log
2026-05-24 10:19:52,819 | INFO | ======================================================================
2026-05-24 10:19:52,819 | INFO | ST-GCN Single-View Regression | BZU Physiotherapy Dataset
2026-05-24 10:19:52,820 | INFO | Camera : C0  |  Split : 70/15/15  |  Epochs : 300  |  Patience : 100
2026-05-24 10:19:52,820 | INFO | Log file : /mvdlph/masa/GCN_SingleView_Regression_Results/run_2026_05_24_10_19_52/logs/training_20260524_101952.log
2026-05-24 10:19:52,821 | INFO | ======================================================================
✓ parse_filename and load_skeleton defined

[TRAIN] NPZ files found : 9477
  Samples          : 9477
  Unique trials    : 327
  Quality mean±std : 4.127 ± 0.812
  Exercise dist    :
0     961
1     966
2     829
3     979
4     970
5     933
6     954
7     965
8     903
9    1017
  Samples (after camera filter) : 9477

[VALID] NPZ files found : 2790
  Samples          : 2790
  Unique trials    : 100
  Quality mean±std : 4.232 ± 0.741
  Exercise dist    :
0    326
1    316
2    295
3    298
4    322
5    312
6    302
7    304
8    181
9    134
  Samples (after camera filter) : 2790

[TEST] NPZ files found : 3108
  Samples          : 3108
  Unique trials    : 107
  Quality mean±std : 4.031 ± 0.777
  Exercise dist    :
0    465
1    326
2    258
3    319
4    287
5    321
6    314
7    319
8    317
9    182
  Samples (after camera filter) : 3108
  [TRAIN] ⚠️  Skipped 246 files from 13 groups with incomplete camera coverage
  [TRAIN] Filtered to camera C0: 3044 samples
  [VALID] ⚠️  Skipped 133 files from 8 groups with incomplete camera coverage
       – E0_P1_T2  cameras=[0, 2]
       – E0_P1_T3  cameras=[1]
       – E3_P1_T2  cameras=[1]
       – E6_P6_T1  cameras=[0, 1]
       – E9_P1_T2  cameras=[0]
       – E9_P6_T0  cameras=[0, 2]
       – E9_P6_T1  cameras=[0, 2]
       – E9_P6_T2  cameras=[0, 2]
  [VALID] Filtered to camera C0: 880 samples
  [TEST] ✓ All groups have complete 3-camera coverage
  [TEST] Filtered to camera C0: 1033 samples

Checking for corrupted files...
  [TRAIN] Clean samples : 3044
  [VALID] Clean samples : 880
  [TEST] Clean samples : 1033

✓ Filtered to E0 only:
  Train : 318  Val : 95  Test : 156

✓ No data-leakage detected across splits

════════════════════════════════════════════════════════════════════
  Split     Samples   Correct   Erroneous   Q mean   Q std   Q min   Q max
  ──────────────────────────────────────────────────────────────────
  Train         318       206         112    3.765   0.985   1.340   4.740
  Val            95        59          36    3.561   0.901   2.280   4.680
  Test          156        78          78    3.645   0.784   2.300   4.750
════════════════════════════════════════════════════════════════════

✓ Pre-split index ready  →  train / val / test DataFrames built
0    569
Name: camera, dtype: int64

الكاميرات الموجودة: [0]
camera      0
exercise     
0         569
E0: correct=3 trials, erroneous=4 trials

==================================================
  Train
==================================================
            mean     var  count
exercise                       
0         3.7651  0.9697    318

==================================================
  Val
==================================================
            mean     var  count
exercise                       
0         3.5606  0.8122     95

==================================================
  Test
==================================================
           mean     var  count
exercise                      
0         3.645  0.6149    156

============================================================
  All Splits Combined
============================================================
                  mean     var  count
split exercise                       
Test  0         3.6450  0.6149    156
Train 0         3.7651  0.9697    318
Val   0         3.5606  0.8122     95
Frame length distribution (sample of 500 files):
  min    = 29
  max    = 154
  mean   = 66.9
  median = 63.0
  std    = 19.1

Percentiles:
   25th = 53
   50th = 63
   75th = 78
   90th = 91
   95th = 100
   99th = 121

Value counts (top 10):
    51 frames →   20 files (4.0%)
    54 frames →   19 files (3.8%)
    61 frames →   17 files (3.4%)
    78 frames →   15 files (3.0%)
    50 frames →   15 files (3.0%)
    75 frames →   14 files (2.8%)
    68 frames →   13 files (2.6%)
    59 frames →   13 files (2.6%)
    53 frames →   13 files (2.6%)
    52 frames →   13 files (2.6%)
✓ Skeleton visualisation helpers defined
person                                                     P0
exercise                                                    0
trial_id                                                   T1
segment                                                     0
filepath    /mvdlph/Dataset_CVDLPT_Videos_Segments_P0P15_M...
Name: 10, dtype: object
Skeleton shape : (81, 17, 3)
X range : [-0.369, 0.592]
Y range : [-0.193, 0.198]
Z range : [0.000, 0.994]
  ✓ Skeleton plot saved → /mvdlph/masa/GCN_SingleView_Regression_Results/run_2026_05_24_10_19_52/plots/sample_skeleton_3views.png
  ✓ Motion frames saved → /mvdlph/masa/GCN_SingleView_Regression_Results/run_2026_05_24_10_19_52/plots/sample_skeleton_motion.png
Axis ranges across all frames:
X: [-0.369, 0.592] — likely left/right
Y: [-0.193, 0.198] — likely ???
Z: [0.000, 0.994] — likely height

Hip  mean XYZ: [0.         0.         0.32353598]
Head mean XYZ: [-0.14399661 -0.18363096  0.9671082 ]

Difference (head - hip): [-0.14399661 -0.18363096  0.6435722 ]

Camera 0:
  Hip  XYZ: [0.    0.    0.324]
  Head XYZ: [-0.144 -0.183  0.968]
  X range: [-0.37, 0.59]
  Z range: [0.00, 0.99]

Camera 1: no file found

Camera 2: no file found
✓ BZUDataset defined (regression only)
Joint distances from Hip (body center):
  Joint  0 (Hip         ) distance=0  
  Joint  1 (R-Hip       ) distance=1  ─
  Joint  2 (R-Knee      ) distance=2  ──
  Joint  3 (R-Ankle     ) distance=3  ───
  Joint  4 (L-Hip       ) distance=1  ─
  Joint  5 (L-Knee      ) distance=2  ──
  Joint  6 (L-Ankle     ) distance=3  ───
  Joint  7 (Spine       ) distance=1  ─
  Joint  8 (Thorax      ) distance=2  ──
  Joint  9 (Neck        ) distance=3  ───
  Joint 10 (Head        ) distance=4  ────
  Joint 11 (L-Shoulder  ) distance=3  ───
  Joint 12 (L-Elbow     ) distance=4  ────
  Joint 13 (L-Wrist     ) distance=5  ─────
  Joint 14 (R-Shoulder  ) distance=3  ───
  Joint 15 (R-Elbow     ) distance=4  ────
  Joint 16 (R-Wrist     ) distance=5  ─────

✓ True ST-GCN sanity check passed — output shape: torch.Size([2])
✓ Total trainable parameters: 511,135
✓ STGCN_Regression (True ST-GCN, Yan et al. AAAI 2018) defined
Device : cuda
GPU    : Tesla V100-PCIE-32GB
✓ centre_and_scale and run_epoch (regression) defined
=================================================================
Quality score distribution audit
=================================================================
  ✓ Saved → /mvdlph/masa/GCN_SingleView_Regression_Results/run_2026_05_24_10_19_52/plots/split_quality_distributions.png

Split    Type              n    mean     std    min    25%    50%    75%    max
----------------------------------------------------------------------
Train    Correct (T≤2)    206   4.396   0.254   3.78   4.26   4.42   4.58   4.74
Train    Erroneous (T≥3)    112   2.604   0.742   1.34   2.08   2.52   3.05   3.88

Val      Correct (T≤2)     59   4.211   0.403   3.56   3.82   4.28   4.64   4.68
Val      Erroneous (T≥3)     36   2.495   0.176   2.28   2.35   2.49   2.63   2.72

Test     Correct (T≤2)     78   4.323   0.401   3.58   4.10   4.58   4.70   4.75
Test     Erroneous (T≥3)     78   2.967   0.382   2.30   2.80   3.18   3.34   3.44

=================================================================
Person distribution across splits
=================================================================
  Train : ['P0', 'P10', 'P14', 'P15', 'P2', 'P3', 'P4', 'P5', 'P7']
  Val   : ['P1', 'P11', 'P6']
  Test  : ['P12', 'P13', 'P8', 'P9']

Per-person quality mean per split:

  Train:
         mean    std  count
person                     
P0      4.262  0.086     30
P10     2.408  0.865     49
P14     3.184  0.961     45
P15     3.142  0.652     46
P2      4.733  0.010     30
P3      4.413  0.025     30
P4      4.473  0.078     30
P5      4.247  0.038     30
P7      4.559  0.066     28

  Val:
         mean    std  count
person                     
P1      4.660  0.021     20
P11     2.708  0.459     45
P6      4.107  0.208     30

  Test:
         mean    std  count
person                     
P12     2.930  0.507     47
P13     3.290  0.347     49
P8      4.653  0.053     30
P9      4.337  0.298     30

=================================================================
Exercise balance across splits
=================================================================
    Train  Val  Test  Train%   Val%  Test%
E0    318   95   156   100.0  100.0  100.0
✓ Plotting helpers (regression) defined
✓ EarlyStopping defined (monitoring MAE)
2026-05-24 10:20:15,425 | INFO | ======================================================================
2026-05-24 10:20:15,426 | INFO | STARTING REGRESSION TRAINING  (with Early Stopping on MAE)
2026-05-24 10:20:15,427 | INFO | ======================================================================
2026-05-24 10:20:15,427 | INFO | train=318 val=95 test=156

════════════════════════════════════════════════════════════════════
  Camera C0  |  Train: 318  Val: 95  Test: 156
  Patience: 100  |  LR: 1e-4  |  Batch: 48
════════════════════════════════════════════════════════════════════
  Ep   1/300 | Tr loss=0.8968 mae=1.329 r2=-1.353 pcc=0.188 | Vl loss=1.2015 mae=1.667 r2=-3.348 pcc=0.906 | ES 0/100 ★
2026-05-24 10:20:17,678 | INFO |   Ep   1/300 | Tr loss=0.8968 mae=1.329 r2=-1.353 pcc=0.188 | Vl loss=1.2015 mae=1.667 r2=-3.348 pcc=0.906 | ES 0/100 ★
    ★ val_mae=1.6671  rmse=1.8692  r2=-3.3478  pcc=0.9062
  Ep   2/300 | Tr loss=0.7412 mae=1.145 r2=-0.800 pcc=0.386 | Vl loss=1.9229 mae=2.415 r2=-7.256 pcc=0.509 | ES 1/100
2026-05-24 10:20:18,884 | INFO |   Ep   2/300 | Tr loss=0.7412 mae=1.145 r2=-0.800 pcc=0.386 | Vl loss=1.9229 mae=2.415 r2=-7.256 pcc=0.509 | ES 1/100
  Ep   3/300 | Tr loss=0.7185 mae=1.143 r2=-0.659 pcc=0.441 | Vl loss=1.9870 mae=2.479 r2=-7.636 pcc=0.896 | ES 2/100
2026-05-24 10:20:19,987 | INFO |   Ep   3/300 | Tr loss=0.7185 mae=1.143 r2=-0.659 pcc=0.441 | Vl loss=1.9870 mae=2.479 r2=-7.636 pcc=0.896 | ES 2/100
  Ep   4/300 | Tr loss=0.6681 mae=1.079 r2=-0.576 pcc=0.535 | Vl loss=2.0209 mae=2.513 r2=-7.854 pcc=0.868 | ES 3/100
2026-05-24 10:20:21,202 | INFO |   Ep   4/300 | Tr loss=0.6681 mae=1.079 r2=-0.576 pcc=0.535 | Vl loss=2.0209 mae=2.513 r2=-7.854 pcc=0.868 | ES 3/100
  Ep   5/300 | Tr loss=0.6939 mae=1.108 r2=-0.769 pcc=0.563 | Vl loss=2.0280 mae=2.520 r2=-7.905 pcc=-0.899 | ES 4/100
2026-05-24 10:20:22,366 | INFO |   Ep   5/300 | Tr loss=0.6939 mae=1.108 r2=-0.769 pcc=0.563 | Vl loss=2.0280 mae=2.520 r2=-7.905 pcc=-0.899 | ES 4/100
  Ep   6/300 | Tr loss=0.6383 mae=1.055 r2=-0.642 pcc=0.579 | Vl loss=2.0199 mae=2.512 r2=-7.860 pcc=-0.907 | ES 5/100
2026-05-24 10:20:23,502 | INFO |   Ep   6/300 | Tr loss=0.6383 mae=1.055 r2=-0.642 pcc=0.579 | Vl loss=2.0199 mae=2.512 r2=-7.860 pcc=-0.907 | ES 5/100
  Ep   7/300 | Tr loss=0.6682 mae=1.098 r2=-0.681 pcc=0.499 | Vl loss=1.9922 mae=2.484 r2=-7.698 pcc=-0.909 | ES 6/100
2026-05-24 10:20:24,626 | INFO |   Ep   7/300 | Tr loss=0.6682 mae=1.098 r2=-0.681 pcc=0.499 | Vl loss=1.9922 mae=2.484 r2=-7.698 pcc=-0.909 | ES 6/100
  Ep   8/300 | Tr loss=0.5659 mae=0.970 r2=-0.309 pcc=0.588 | Vl loss=1.9268 mae=2.419 r2=-7.314 pcc=-0.905 | ES 7/100
2026-05-24 10:20:25,719 | INFO |   Ep   8/300 | Tr loss=0.5659 mae=0.970 r2=-0.309 pcc=0.588 | Vl loss=1.9268 mae=2.419 r2=-7.314 pcc=-0.905 | ES 7/100
  Ep   9/300 | Tr loss=0.5956 mae=1.002 r2=-0.387 pcc=0.536 | Vl loss=1.8541 mae=2.346 r2=-6.902 pcc=-0.911 | ES 8/100
2026-05-24 10:20:26,834 | INFO |   Ep   9/300 | Tr loss=0.5956 mae=1.002 r2=-0.387 pcc=0.536 | Vl loss=1.8541 mae=2.346 r2=-6.902 pcc=-0.911 | ES 8/100
  Ep  10/300 | Tr loss=0.6428 mae=1.050 r2=-0.534 pcc=0.503 | Vl loss=1.7741 mae=2.266 r2=-6.465 pcc=-0.909 | ES 9/100
2026-05-24 10:20:27,971 | INFO |   Ep  10/300 | Tr loss=0.6428 mae=1.050 r2=-0.534 pcc=0.503 | Vl loss=1.7741 mae=2.266 r2=-6.465 pcc=-0.909 | ES 9/100
  Ep  11/300 | Tr loss=0.5977 mae=0.993 r2=-0.482 pcc=0.516 | Vl loss=1.6968 mae=2.188 r2=-6.034 pcc=-0.898 | ES 10/100
2026-05-24 10:20:29,094 | INFO |   Ep  11/300 | Tr loss=0.5977 mae=0.993 r2=-0.482 pcc=0.516 | Vl loss=1.6968 mae=2.188 r2=-6.034 pcc=-0.898 | ES 10/100
  Ep  12/300 | Tr loss=0.5393 mae=0.930 r2=-0.169 pcc=0.584 | Vl loss=1.5909 mae=2.078 r2=-5.483 pcc=-0.897 | ES 11/100
2026-05-24 10:20:30,210 | INFO |   Ep  12/300 | Tr loss=0.5393 mae=0.930 r2=-0.169 pcc=0.584 | Vl loss=1.5909 mae=2.078 r2=-5.483 pcc=-0.897 | ES 11/100
  Ep  13/300 | Tr loss=0.5373 mae=0.921 r2=-0.157 pcc=0.574 | Vl loss=1.4622 mae=1.942 r2=-4.787 pcc=-0.815 | ES 12/100
2026-05-24 10:20:31,311 | INFO |   Ep  13/300 | Tr loss=0.5373 mae=0.921 r2=-0.157 pcc=0.574 | Vl loss=1.4622 mae=1.942 r2=-4.787 pcc=-0.815 | ES 12/100
  Ep  14/300 | Tr loss=0.5384 mae=0.913 r2=-0.156 pcc=0.578 | Vl loss=1.4000 mae=1.873 r2=-4.489 pcc=-0.830 | ES 13/100
2026-05-24 10:20:32,413 | INFO |   Ep  14/300 | Tr loss=0.5384 mae=0.913 r2=-0.156 pcc=0.578 | Vl loss=1.4000 mae=1.873 r2=-4.489 pcc=-0.830 | ES 13/100
  Ep  15/300 | Tr loss=0.5743 mae=0.965 r2=-0.350 pcc=0.533 | Vl loss=1.3098 mae=1.767 r2=-4.056 pcc=-0.840 | ES 14/100
2026-05-24 10:20:33,507 | INFO |   Ep  15/300 | Tr loss=0.5743 mae=0.965 r2=-0.350 pcc=0.533 | Vl loss=1.3098 mae=1.767 r2=-4.056 pcc=-0.840 | ES 14/100
  Ep  16/300 | Tr loss=0.5337 mae=0.933 r2=-0.203 pcc=0.553 | Vl loss=1.2393 mae=1.670 r2=-3.755 pcc=-0.887 | ES 15/100
2026-05-24 10:20:34,634 | INFO |   Ep  16/300 | Tr loss=0.5337 mae=0.933 r2=-0.203 pcc=0.553 | Vl loss=1.2393 mae=1.670 r2=-3.755 pcc=-0.887 | ES 15/100
  Ep  17/300 | Tr loss=0.5253 mae=0.912 r2=-0.163 pcc=0.545 | Vl loss=1.1561 mae=1.550 r2=-3.365 pcc=-0.903 | ES 0/100 ★
2026-05-24 10:20:35,747 | INFO |   Ep  17/300 | Tr loss=0.5253 mae=0.912 r2=-0.163 pcc=0.545 | Vl loss=1.1561 mae=1.550 r2=-3.365 pcc=-0.903 | ES 0/100 ★
    ★ val_mae=1.5497  rmse=1.8730  r2=-3.3653  pcc=-0.9031
  Ep  18/300 | Tr loss=0.5169 mae=0.893 r2=-0.136 pcc=0.560 | Vl loss=1.1086 mae=1.486 r2=-3.147 pcc=-0.918 | ES 0/100 ★
2026-05-24 10:20:36,909 | INFO |   Ep  18/300 | Tr loss=0.5169 mae=0.893 r2=-0.136 pcc=0.560 | Vl loss=1.1086 mae=1.486 r2=-3.147 pcc=-0.918 | ES 0/100 ★
    ★ val_mae=1.4855  rmse=1.8257  r2=-3.1475  pcc=-0.9182
  Ep  19/300 | Tr loss=0.6105 mae=1.005 r2=-0.540 pcc=0.460 | Vl loss=0.9876 mae=1.361 r2=-2.510 pcc=-0.906 | ES 0/100 ★
2026-05-24 10:20:38,106 | INFO |   Ep  19/300 | Tr loss=0.6105 mae=1.005 r2=-0.540 pcc=0.460 | Vl loss=0.9876 mae=1.361 r2=-2.510 pcc=-0.906 | ES 0/100 ★
    ★ val_mae=1.3606  rmse=1.6795  r2=-2.5100  pcc=-0.9065
  Ep  20/300 | Tr loss=0.4849 mae=0.852 r2=-0.099 pcc=0.590 | Vl loss=0.9635 mae=1.336 r2=-2.387 pcc=-0.907 | ES 0/100 ★
2026-05-24 10:20:39,241 | INFO |   Ep  20/300 | Tr loss=0.4849 mae=0.852 r2=-0.099 pcc=0.590 | Vl loss=0.9635 mae=1.336 r2=-2.387 pcc=-0.907 | ES 0/100 ★
    ★ val_mae=1.3363  rmse=1.6497  r2=-2.3866  pcc=-0.9074
  Ep  21/300 | Tr loss=0.5377 mae=0.933 r2=-0.228 pcc=0.509 | Vl loss=0.8425 mae=1.217 r2=-1.805 pcc=-0.794 | ES 0/100 ★
2026-05-24 10:20:40,448 | INFO |   Ep  21/300 | Tr loss=0.5377 mae=0.933 r2=-0.228 pcc=0.509 | Vl loss=0.8425 mae=1.217 r2=-1.805 pcc=-0.794 | ES 0/100 ★
    ★ val_mae=1.2167  rmse=1.5015  r2=-1.8053  pcc=-0.7936
  Ep  22/300 | Tr loss=0.4462 mae=0.821 r2=0.059 pcc=0.640 | Vl loss=0.9118 mae=1.283 r2=-2.135 pcc=-0.904 | ES 1/100
2026-05-24 10:20:41,622 | INFO |   Ep  22/300 | Tr loss=0.4462 mae=0.821 r2=0.059 pcc=0.640 | Vl loss=0.9118 mae=1.283 r2=-2.135 pcc=-0.904 | ES 1/100
  Ep  23/300 | Tr loss=0.5358 mae=0.926 r2=-0.199 pcc=0.519 | Vl loss=0.9246 mae=1.296 r2=-2.206 pcc=-0.908 | ES 2/100
2026-05-24 10:20:42,758 | INFO |   Ep  23/300 | Tr loss=0.5358 mae=0.926 r2=-0.199 pcc=0.519 | Vl loss=0.9246 mae=1.296 r2=-2.206 pcc=-0.908 | ES 2/100
  Ep  24/300 | Tr loss=0.4406 mae=0.824 r2=0.067 pcc=0.594 | Vl loss=0.8420 mae=1.245 r2=-1.768 pcc=-0.901 | ES 3/100
2026-05-24 10:20:43,855 | INFO |   Ep  24/300 | Tr loss=0.4406 mae=0.824 r2=0.067 pcc=0.594 | Vl loss=0.8420 mae=1.245 r2=-1.768 pcc=-0.901 | ES 3/100
  Ep  25/300 | Tr loss=0.3897 mae=0.759 r2=0.165 pcc=0.669 | Vl loss=0.7910 mae=1.199 r2=-1.519 pcc=-0.890 | ES 0/100 ★
2026-05-24 10:20:45,038 | INFO |   Ep  25/300 | Tr loss=0.3897 mae=0.759 r2=0.165 pcc=0.669 | Vl loss=0.7910 mae=1.199 r2=-1.519 pcc=-0.890 | ES 0/100 ★
    ★ val_mae=1.1986  rmse=1.4228  r2=-1.5190  pcc=-0.8903
  Ep  26/300 | Tr loss=0.4105 mae=0.776 r2=0.076 pcc=0.625 | Vl loss=0.7857 mae=1.201 r2=-1.486 pcc=-0.888 | ES 1/100
2026-05-24 10:20:46,259 | INFO |   Ep  26/300 | Tr loss=0.4105 mae=0.776 r2=0.076 pcc=0.625 | Vl loss=0.7857 mae=1.201 r2=-1.486 pcc=-0.888 | ES 1/100
  Ep  27/300 | Tr loss=0.4468 mae=0.810 r2=0.087 pcc=0.595 | Vl loss=0.7029 mae=1.122 r2=-1.142 pcc=-0.863 | ES 0/100 ★
2026-05-24 10:20:47,391 | INFO |   Ep  27/300 | Tr loss=0.4468 mae=0.810 r2=0.087 pcc=0.595 | Vl loss=0.7029 mae=1.122 r2=-1.142 pcc=-0.863 | ES 0/100 ★
    ★ val_mae=1.1220  rmse=1.3121  r2=-1.1423  pcc=-0.8634
  Ep  28/300 | Tr loss=0.4057 mae=0.785 r2=0.071 pcc=0.621 | Vl loss=0.6791 mae=1.078 r2=-1.047 pcc=-0.816 | ES 0/100 ★
2026-05-24 10:20:48,503 | INFO |   Ep  28/300 | Tr loss=0.4057 mae=0.785 r2=0.071 pcc=0.621 | Vl loss=0.6791 mae=1.078 r2=-1.047 pcc=-0.816 | ES 0/100 ★
    ★ val_mae=1.0782  rmse=1.2826  r2=-1.0472  pcc=-0.8159
  Ep  29/300 | Tr loss=0.4143 mae=0.788 r2=0.091 pcc=0.601 | Vl loss=0.6448 mae=1.016 r2=-0.930 pcc=0.089 | ES 0/100 ★
2026-05-24 10:20:49,672 | INFO |   Ep  29/300 | Tr loss=0.4143 mae=0.788 r2=0.091 pcc=0.601 | Vl loss=0.6448 mae=1.016 r2=-0.930 pcc=0.089 | ES 0/100 ★
    ★ val_mae=1.0159  rmse=1.2453  r2=-0.9296  pcc=0.0893
  Ep  30/300 | Tr loss=0.3781 mae=0.745 r2=0.154 pcc=0.639 | Vl loss=0.6395 mae=1.008 r2=-0.913 pcc=0.626 | ES 0/100 ★
2026-05-24 10:20:50,825 | INFO |   Ep  30/300 | Tr loss=0.3781 mae=0.745 r2=0.154 pcc=0.639 | Vl loss=0.6395 mae=1.008 r2=-0.913 pcc=0.626 | ES 0/100 ★
    ★ val_mae=1.0084  rmse=1.2398  r2=-0.9126  pcc=0.6257
  Ep  31/300 | Tr loss=0.3765 mae=0.740 r2=0.240 pcc=0.657 | Vl loss=0.6626 mae=1.030 r2=-0.982 pcc=0.755 | ES 1/100
2026-05-24 10:20:51,955 | INFO |   Ep  31/300 | Tr loss=0.3765 mae=0.740 r2=0.240 pcc=0.657 | Vl loss=0.6626 mae=1.030 r2=-0.982 pcc=0.755 | ES 1/100
  Ep  32/300 | Tr loss=0.3741 mae=0.733 r2=0.269 pcc=0.662 | Vl loss=0.6351 mae=1.006 r2=-0.869 pcc=0.800 | ES 0/100 ★
2026-05-24 10:20:53,077 | INFO |   Ep  32/300 | Tr loss=0.3741 mae=0.733 r2=0.269 pcc=0.662 | Vl loss=0.6351 mae=1.006 r2=-0.869 pcc=0.800 | ES 0/100 ★
    ★ val_mae=1.0057  rmse=1.2255  r2=-0.8688  pcc=0.7997
  Ep  33/300 | Tr loss=0.3180 mae=0.681 r2=0.365 pcc=0.713 | Vl loss=0.6609 mae=1.027 r2=-0.969 pcc=0.790 | ES 1/100
2026-05-24 10:20:54,163 | INFO |   Ep  33/300 | Tr loss=0.3180 mae=0.681 r2=0.365 pcc=0.713 | Vl loss=0.6609 mae=1.027 r2=-0.969 pcc=0.790 | ES 1/100
  Ep  34/300 | Tr loss=0.3722 mae=0.739 r2=0.225 pcc=0.656 | Vl loss=0.6109 mae=0.979 r2=-0.783 pcc=0.797 | ES 0/100 ★
2026-05-24 10:20:55,256 | INFO |   Ep  34/300 | Tr loss=0.3722 mae=0.739 r2=0.225 pcc=0.656 | Vl loss=0.6109 mae=0.979 r2=-0.783 pcc=0.797 | ES 0/100 ★
    ★ val_mae=0.9788  rmse=1.1970  r2=-0.7829  pcc=0.7972
  Ep  35/300 | Tr loss=0.3923 mae=0.771 r2=0.220 pcc=0.639 | Vl loss=0.5574 mae=0.924 r2=-0.594 pcc=0.792 | ES 0/100 ★
2026-05-24 10:20:56,363 | INFO |   Ep  35/300 | Tr loss=0.3923 mae=0.771 r2=0.220 pcc=0.639 | Vl loss=0.5574 mae=0.924 r2=-0.594 pcc=0.792 | ES 0/100 ★
    ★ val_mae=0.9245  rmse=1.1319  r2=-0.5942  pcc=0.7923
  Ep  36/300 | Tr loss=0.3765 mae=0.757 r2=0.235 pcc=0.631 | Vl loss=0.5036 mae=0.869 r2=-0.406 pcc=0.810 | ES 0/100 ★
2026-05-24 10:20:57,492 | INFO |   Ep  36/300 | Tr loss=0.3765 mae=0.757 r2=0.235 pcc=0.631 | Vl loss=0.5036 mae=0.869 r2=-0.406 pcc=0.810 | ES 0/100 ★
    ★ val_mae=0.8685  rmse=1.0631  r2=-0.4064  pcc=0.8104
  Ep  37/300 | Tr loss=0.3304 mae=0.687 r2=0.311 pcc=0.690 | Vl loss=0.5126 mae=0.878 r2=-0.439 pcc=0.798 | ES 1/100
2026-05-24 10:20:58,588 | INFO |   Ep  37/300 | Tr loss=0.3304 mae=0.687 r2=0.311 pcc=0.690 | Vl loss=0.5126 mae=0.878 r2=-0.439 pcc=0.798 | ES 1/100
  Ep  38/300 | Tr loss=0.3347 mae=0.704 r2=0.350 pcc=0.697 | Vl loss=0.4204 mae=0.779 r2=-0.137 pcc=0.824 | ES 0/100 ★
2026-05-24 10:20:59,717 | INFO |   Ep  38/300 | Tr loss=0.3347 mae=0.704 r2=0.350 pcc=0.697 | Vl loss=0.4204 mae=0.779 r2=-0.137 pcc=0.824 | ES 0/100 ★
    ★ val_mae=0.7795  rmse=0.9558  r2=-0.1368  pcc=0.8239
  Ep  39/300 | Tr loss=0.3854 mae=0.756 r2=0.208 pcc=0.638 | Vl loss=0.4450 mae=0.805 r2=-0.215 pcc=0.826 | ES 1/100
2026-05-24 10:21:00,851 | INFO |   Ep  39/300 | Tr loss=0.3854 mae=0.756 r2=0.208 pcc=0.638 | Vl loss=0.4450 mae=0.805 r2=-0.215 pcc=0.826 | ES 1/100
  Ep  40/300 | Tr loss=0.2962 mae=0.652 r2=0.417 pcc=0.717 | Vl loss=0.4638 mae=0.827 r2=-0.271 pcc=0.826 | ES 2/100
2026-05-24 10:21:02,031 | INFO |   Ep  40/300 | Tr loss=0.2962 mae=0.652 r2=0.417 pcc=0.717 | Vl loss=0.4638 mae=0.827 r2=-0.271 pcc=0.826 | ES 2/100
  Ep  41/300 | Tr loss=0.3344 mae=0.694 r2=0.335 pcc=0.684 | Vl loss=0.3802 mae=0.733 r2=-0.008 pcc=0.848 | ES 0/100 ★
2026-05-24 10:21:03,132 | INFO |   Ep  41/300 | Tr loss=0.3344 mae=0.694 r2=0.335 pcc=0.684 | Vl loss=0.3802 mae=0.733 r2=-0.008 pcc=0.848 | ES 0/100 ★
    ★ val_mae=0.7330  rmse=0.9003  r2=-0.0085  pcc=0.8484
  Ep  42/300 | Tr loss=0.3282 mae=0.667 r2=0.363 pcc=0.707 | Vl loss=0.4742 mae=0.832 r2=-0.302 pcc=0.849 | ES 1/100
2026-05-24 10:21:04,263 | INFO |   Ep  42/300 | Tr loss=0.3282 mae=0.667 r2=0.363 pcc=0.707 | Vl loss=0.4742 mae=0.832 r2=-0.302 pcc=0.849 | ES 1/100
  Ep  43/300 | Tr loss=0.2983 mae=0.651 r2=0.392 pcc=0.703 | Vl loss=0.4705 mae=0.827 r2=-0.293 pcc=0.838 | ES 2/100
2026-05-24 10:21:05,362 | INFO |   Ep  43/300 | Tr loss=0.2983 mae=0.651 r2=0.392 pcc=0.703 | Vl loss=0.4705 mae=0.827 r2=-0.293 pcc=0.838 | ES 2/100
  Ep  44/300 | Tr loss=0.3456 mae=0.696 r2=0.334 pcc=0.665 | Vl loss=0.3824 mae=0.731 r2=-0.021 pcc=0.839 | ES 0/100 ★
2026-05-24 10:21:06,498 | INFO |   Ep  44/300 | Tr loss=0.3456 mae=0.696 r2=0.334 pcc=0.665 | Vl loss=0.3824 mae=0.731 r2=-0.021 pcc=0.839 | ES 0/100 ★
    ★ val_mae=0.7308  rmse=0.9057  r2=-0.0207  pcc=0.8395
  Ep  45/300 | Tr loss=0.2890 mae=0.653 r2=0.455 pcc=0.729 | Vl loss=0.3896 mae=0.739 r2=-0.041 pcc=0.844 | ES 1/100
2026-05-24 10:21:07,612 | INFO |   Ep  45/300 | Tr loss=0.2890 mae=0.653 r2=0.455 pcc=0.729 | Vl loss=0.3896 mae=0.739 r2=-0.041 pcc=0.844 | ES 1/100
  Ep  46/300 | Tr loss=0.3215 mae=0.669 r2=0.391 pcc=0.704 | Vl loss=0.4272 mae=0.779 r2=-0.165 pcc=0.823 | ES 2/100
2026-05-24 10:21:08,755 | INFO |   Ep  46/300 | Tr loss=0.3215 mae=0.669 r2=0.391 pcc=0.704 | Vl loss=0.4272 mae=0.779 r2=-0.165 pcc=0.823 | ES 2/100
  Ep  47/300 | Tr loss=0.3112 mae=0.650 r2=0.406 pcc=0.708 | Vl loss=0.4019 mae=0.756 r2=-0.085 pcc=0.826 | ES 3/100
2026-05-24 10:21:09,866 | INFO |   Ep  47/300 | Tr loss=0.3112 mae=0.650 r2=0.406 pcc=0.708 | Vl loss=0.4019 mae=0.756 r2=-0.085 pcc=0.826 | ES 3/100
  Ep  48/300 | Tr loss=0.2951 mae=0.635 r2=0.366 pcc=0.683 | Vl loss=0.3085 mae=0.645 r2=0.199 pcc=0.844 | ES 0/100 ★
2026-05-24 10:21:10,975 | INFO |   Ep  48/300 | Tr loss=0.2951 mae=0.635 r2=0.366 pcc=0.683 | Vl loss=0.3085 mae=0.645 r2=0.199 pcc=0.844 | ES 0/100 ★
    ★ val_mae=0.6446  rmse=0.8024  r2=0.1989  pcc=0.8444
  Ep  49/300 | Tr loss=0.3369 mae=0.705 r2=0.316 pcc=0.642 | Vl loss=0.1693 mae=0.453 r2=0.578 pcc=0.860 | ES 0/100 ★
2026-05-24 10:21:12,071 | INFO |   Ep  49/300 | Tr loss=0.3369 mae=0.705 r2=0.316 pcc=0.642 | Vl loss=0.1693 mae=0.453 r2=0.578 pcc=0.860 | ES 0/100 ★
    ★ val_mae=0.4529  rmse=0.5820  r2=0.5785  pcc=0.8598
  Ep  50/300 | Tr loss=0.3235 mae=0.674 r2=0.423 pcc=0.699 | Vl loss=0.2199 mae=0.513 r2=0.446 pcc=0.837 | ES 1/100
2026-05-24 10:21:13,156 | INFO |   Ep  50/300 | Tr loss=0.3235 mae=0.674 r2=0.423 pcc=0.699 | Vl loss=0.2199 mae=0.513 r2=0.446 pcc=0.837 | ES 1/100
  Ep  51/300 | Tr loss=0.3060 mae=0.681 r2=0.379 pcc=0.692 | Vl loss=0.2631 mae=0.573 r2=0.322 pcc=0.815 | ES 2/100
2026-05-24 10:21:14,230 | INFO |   Ep  51/300 | Tr loss=0.3060 mae=0.681 r2=0.379 pcc=0.692 | Vl loss=0.2631 mae=0.573 r2=0.322 pcc=0.815 | ES 2/100
  Ep  52/300 | Tr loss=0.2707 mae=0.614 r2=0.475 pcc=0.726 | Vl loss=0.2654 mae=0.577 r2=0.315 pcc=0.805 | ES 3/100
2026-05-24 10:21:15,303 | INFO |   Ep  52/300 | Tr loss=0.2707 mae=0.614 r2=0.475 pcc=0.726 | Vl loss=0.2654 mae=0.577 r2=0.315 pcc=0.805 | ES 3/100
  Ep  53/300 | Tr loss=0.2840 mae=0.632 r2=0.393 pcc=0.692 | Vl loss=0.2243 mae=0.516 r2=0.432 pcc=0.823 | ES 4/100
2026-05-24 10:21:16,376 | INFO |   Ep  53/300 | Tr loss=0.2840 mae=0.632 r2=0.393 pcc=0.692 | Vl loss=0.2243 mae=0.516 r2=0.432 pcc=0.823 | ES 4/100
  Ep  54/300 | Tr loss=0.2991 mae=0.643 r2=0.395 pcc=0.698 | Vl loss=0.2324 mae=0.523 r2=0.410 pcc=0.825 | ES 5/100
2026-05-24 10:21:17,450 | INFO |   Ep  54/300 | Tr loss=0.2991 mae=0.643 r2=0.395 pcc=0.698 | Vl loss=0.2324 mae=0.523 r2=0.410 pcc=0.825 | ES 5/100
  Ep  55/300 | Tr loss=0.2781 mae=0.624 r2=0.426 pcc=0.721 | Vl loss=0.3242 mae=0.651 r2=0.138 pcc=0.800 | ES 6/100
2026-05-24 10:21:18,532 | INFO |   Ep  55/300 | Tr loss=0.2781 mae=0.624 r2=0.426 pcc=0.721 | Vl loss=0.3242 mae=0.651 r2=0.138 pcc=0.800 | ES 6/100
  Ep  56/300 | Tr loss=0.2711 mae=0.616 r2=0.449 pcc=0.724 | Vl loss=0.2939 mae=0.611 r2=0.229 pcc=0.803 | ES 7/100
2026-05-24 10:21:19,613 | INFO |   Ep  56/300 | Tr loss=0.2711 mae=0.616 r2=0.449 pcc=0.724 | Vl loss=0.2939 mae=0.611 r2=0.229 pcc=0.803 | ES 7/100
  Ep  57/300 | Tr loss=0.2891 mae=0.645 r2=0.400 pcc=0.688 | Vl loss=0.1647 mae=0.439 r2=0.590 pcc=0.843 | ES 0/100 ★
2026-05-24 10:21:20,701 | INFO |   Ep  57/300 | Tr loss=0.2891 mae=0.645 r2=0.400 pcc=0.688 | Vl loss=0.1647 mae=0.439 r2=0.590 pcc=0.843 | ES 0/100 ★
    ★ val_mae=0.4394  rmse=0.5740  r2=0.5900  pcc=0.8433
  Ep  58/300 | Tr loss=0.2974 mae=0.663 r2=0.389 pcc=0.693 | Vl loss=0.2269 mae=0.518 r2=0.423 pcc=0.810 | ES 1/100
2026-05-24 10:21:21,776 | INFO |   Ep  58/300 | Tr loss=0.2974 mae=0.663 r2=0.389 pcc=0.693 | Vl loss=0.2269 mae=0.518 r2=0.423 pcc=0.810 | ES 1/100
  Ep  59/300 | Tr loss=0.3257 mae=0.681 r2=0.397 pcc=0.687 | Vl loss=0.2891 mae=0.606 r2=0.240 pcc=0.789 | ES 2/100
2026-05-24 10:21:22,855 | INFO |   Ep  59/300 | Tr loss=0.3257 mae=0.681 r2=0.397 pcc=0.687 | Vl loss=0.2891 mae=0.606 r2=0.240 pcc=0.789 | ES 2/100
  Ep  60/300 | Tr loss=0.2705 mae=0.620 r2=0.493 pcc=0.737 | Vl loss=0.2348 mae=0.529 r2=0.402 pcc=0.822 | ES 3/100
2026-05-24 10:21:23,963 | INFO |   Ep  60/300 | Tr loss=0.2705 mae=0.620 r2=0.493 pcc=0.737 | Vl loss=0.2348 mae=0.529 r2=0.402 pcc=0.822 | ES 3/100
  Ep  61/300 | Tr loss=0.2689 mae=0.612 r2=0.470 pcc=0.726 | Vl loss=0.2857 mae=0.598 r2=0.253 pcc=0.804 | ES 4/100
2026-05-24 10:21:25,057 | INFO |   Ep  61/300 | Tr loss=0.2689 mae=0.612 r2=0.470 pcc=0.726 | Vl loss=0.2857 mae=0.598 r2=0.253 pcc=0.804 | ES 4/100
  Ep  62/300 | Tr loss=0.2972 mae=0.642 r2=0.466 pcc=0.724 | Vl loss=0.3204 mae=0.650 r2=0.147 pcc=0.786 | ES 5/100
2026-05-24 10:21:26,144 | INFO |   Ep  62/300 | Tr loss=0.2972 mae=0.642 r2=0.466 pcc=0.724 | Vl loss=0.3204 mae=0.650 r2=0.147 pcc=0.786 | ES 5/100
  Ep  63/300 | Tr loss=0.2914 mae=0.640 r2=0.425 pcc=0.714 | Vl loss=0.3703 mae=0.719 r2=-0.006 pcc=0.758 | ES 6/100
2026-05-24 10:21:27,243 | INFO |   Ep  63/300 | Tr loss=0.2914 mae=0.640 r2=0.425 pcc=0.714 | Vl loss=0.3703 mae=0.719 r2=-0.006 pcc=0.758 | ES 6/100
  Ep  64/300 | Tr loss=0.2676 mae=0.612 r2=0.487 pcc=0.740 | Vl loss=0.3795 mae=0.729 r2=-0.037 pcc=0.732 | ES 7/100
2026-05-24 10:21:28,342 | INFO |   Ep  64/300 | Tr loss=0.2676 mae=0.612 r2=0.487 pcc=0.740 | Vl loss=0.3795 mae=0.729 r2=-0.037 pcc=0.732 | ES 7/100
  Ep  65/300 | Tr loss=0.2633 mae=0.591 r2=0.459 pcc=0.717 | Vl loss=0.2329 mae=0.529 r2=0.406 pcc=0.801 | ES 8/100
2026-05-24 10:21:29,445 | INFO |   Ep  65/300 | Tr loss=0.2633 mae=0.591 r2=0.459 pcc=0.717 | Vl loss=0.2329 mae=0.529 r2=0.406 pcc=0.801 | ES 8/100
  Ep  66/300 | Tr loss=0.2475 mae=0.587 r2=0.501 pcc=0.738 | Vl loss=0.2704 mae=0.583 r2=0.297 pcc=0.787 | ES 9/100
2026-05-24 10:21:30,544 | INFO |   Ep  66/300 | Tr loss=0.2475 mae=0.587 r2=0.501 pcc=0.738 | Vl loss=0.2704 mae=0.583 r2=0.297 pcc=0.787 | ES 9/100
  Ep  67/300 | Tr loss=0.2557 mae=0.597 r2=0.509 pcc=0.749 | Vl loss=0.3744 mae=0.727 r2=-0.018 pcc=0.758 | ES 10/100
2026-05-24 10:21:31,626 | INFO |   Ep  67/300 | Tr loss=0.2557 mae=0.597 r2=0.509 pcc=0.749 | Vl loss=0.3744 mae=0.727 r2=-0.018 pcc=0.758 | ES 10/100
  Ep  68/300 | Tr loss=0.2525 mae=0.595 r2=0.496 pcc=0.743 | Vl loss=0.4204 mae=0.781 r2=-0.161 pcc=0.746 | ES 11/100
2026-05-24 10:21:32,719 | INFO |   Ep  68/300 | Tr loss=0.2525 mae=0.595 r2=0.496 pcc=0.743 | Vl loss=0.4204 mae=0.781 r2=-0.161 pcc=0.746 | ES 11/100
  Ep  69/300 | Tr loss=0.2623 mae=0.600 r2=0.481 pcc=0.733 | Vl loss=0.3749 mae=0.728 r2=-0.013 pcc=0.771 | ES 12/100
2026-05-24 10:21:33,800 | INFO |   Ep  69/300 | Tr loss=0.2623 mae=0.600 r2=0.481 pcc=0.733 | Vl loss=0.3749 mae=0.728 r2=-0.013 pcc=0.771 | ES 12/100
  Ep  70/300 | Tr loss=0.3086 mae=0.667 r2=0.439 pcc=0.694 | Vl loss=0.2127 mae=0.507 r2=0.465 pcc=0.826 | ES 13/100
2026-05-24 10:21:34,887 | INFO |   Ep  70/300 | Tr loss=0.3086 mae=0.667 r2=0.439 pcc=0.694 | Vl loss=0.2127 mae=0.507 r2=0.465 pcc=0.826 | ES 13/100
  Ep  71/300 | Tr loss=0.2834 mae=0.624 r2=0.458 pcc=0.709 | Vl loss=0.2016 mae=0.492 r2=0.495 pcc=0.832 | ES 14/100
2026-05-24 10:21:35,983 | INFO |   Ep  71/300 | Tr loss=0.2834 mae=0.624 r2=0.458 pcc=0.709 | Vl loss=0.2016 mae=0.492 r2=0.495 pcc=0.832 | ES 14/100
  Ep  72/300 | Tr loss=0.2583 mae=0.601 r2=0.485 pcc=0.742 | Vl loss=0.2551 mae=0.561 r2=0.343 pcc=0.804 | ES 15/100
2026-05-24 10:21:37,068 | INFO |   Ep  72/300 | Tr loss=0.2583 mae=0.601 r2=0.485 pcc=0.742 | Vl loss=0.2551 mae=0.561 r2=0.343 pcc=0.804 | ES 15/100
  Ep  73/300 | Tr loss=0.2378 mae=0.573 r2=0.549 pcc=0.775 | Vl loss=0.4093 mae=0.773 r2=-0.128 pcc=0.696 | ES 16/100
2026-05-24 10:21:38,183 | INFO |   Ep  73/300 | Tr loss=0.2378 mae=0.573 r2=0.549 pcc=0.775 | Vl loss=0.4093 mae=0.773 r2=-0.128 pcc=0.696 | ES 16/100
  Ep  74/300 | Tr loss=0.2806 mae=0.641 r2=0.425 pcc=0.691 | Vl loss=0.3013 mae=0.647 r2=0.205 pcc=0.754 | ES 17/100
2026-05-24 10:21:39,287 | INFO |   Ep  74/300 | Tr loss=0.2806 mae=0.641 r2=0.425 pcc=0.691 | Vl loss=0.3013 mae=0.647 r2=0.205 pcc=0.754 | ES 17/100
  Ep  75/300 | Tr loss=0.2649 mae=0.607 r2=0.482 pcc=0.731 | Vl loss=0.2793 mae=0.607 r2=0.269 pcc=0.766 | ES 18/100
2026-05-24 10:21:40,382 | INFO |   Ep  75/300 | Tr loss=0.2649 mae=0.607 r2=0.482 pcc=0.731 | Vl loss=0.2793 mae=0.607 r2=0.269 pcc=0.766 | ES 18/100
  Ep  76/300 | Tr loss=0.2856 mae=0.637 r2=0.413 pcc=0.693 | Vl loss=0.1759 mae=0.458 r2=0.562 pcc=0.832 | ES 19/100
2026-05-24 10:21:41,459 | INFO |   Ep  76/300 | Tr loss=0.2856 mae=0.637 r2=0.413 pcc=0.693 | Vl loss=0.1759 mae=0.458 r2=0.562 pcc=0.832 | ES 19/100
  Ep  77/300 | Tr loss=0.2582 mae=0.589 r2=0.517 pcc=0.747 | Vl loss=0.2813 mae=0.598 r2=0.266 pcc=0.801 | ES 20/100
2026-05-24 10:21:42,540 | INFO |   Ep  77/300 | Tr loss=0.2582 mae=0.589 r2=0.517 pcc=0.747 | Vl loss=0.2813 mae=0.598 r2=0.266 pcc=0.801 | ES 20/100
Epoch 00078: reducing learning rate of group 0 to 2.5000e-05.
  Ep  78/300 | Tr loss=0.3062 mae=0.649 r2=0.413 pcc=0.681 | Vl loss=0.2047 mae=0.495 r2=0.486 pcc=0.829 | ES 21/100
2026-05-24 10:21:43,640 | INFO |   Ep  78/300 | Tr loss=0.3062 mae=0.649 r2=0.413 pcc=0.681 | Vl loss=0.2047 mae=0.495 r2=0.486 pcc=0.829 | ES 21/100
  Ep  79/300 | Tr loss=0.2683 mae=0.610 r2=0.486 pcc=0.728 | Vl loss=0.1847 mae=0.471 r2=0.539 pcc=0.837 | ES 22/100
2026-05-24 10:21:44,707 | INFO |   Ep  79/300 | Tr loss=0.2683 mae=0.610 r2=0.486 pcc=0.728 | Vl loss=0.1847 mae=0.471 r2=0.539 pcc=0.837 | ES 22/100
  Ep  80/300 | Tr loss=0.2308 mae=0.556 r2=0.557 pcc=0.766 | Vl loss=0.2621 mae=0.565 r2=0.323 pcc=0.811 | ES 23/100
2026-05-24 10:21:45,778 | INFO |   Ep  80/300 | Tr loss=0.2308 mae=0.556 r2=0.557 pcc=0.766 | Vl loss=0.2621 mae=0.565 r2=0.323 pcc=0.811 | ES 23/100
  Ep  81/300 | Tr loss=0.2386 mae=0.563 r2=0.573 pcc=0.775 | Vl loss=0.3504 mae=0.691 r2=0.059 pcc=0.789 | ES 24/100
2026-05-24 10:21:46,865 | INFO |   Ep  81/300 | Tr loss=0.2386 mae=0.563 r2=0.573 pcc=0.775 | Vl loss=0.3504 mae=0.691 r2=0.059 pcc=0.789 | ES 24/100
  Ep  82/300 | Tr loss=0.2380 mae=0.572 r2=0.599 pcc=0.791 | Vl loss=0.4514 mae=0.812 r2=-0.253 pcc=0.776 | ES 25/100
2026-05-24 10:21:47,985 | INFO |   Ep  82/300 | Tr loss=0.2380 mae=0.572 r2=0.599 pcc=0.791 | Vl loss=0.4514 mae=0.812 r2=-0.253 pcc=0.776 | ES 25/100
  Ep  83/300 | Tr loss=0.2563 mae=0.591 r2=0.482 pcc=0.743 | Vl loss=0.3926 mae=0.742 r2=-0.067 pcc=0.797 | ES 26/100
2026-05-24 10:21:49,057 | INFO |   Ep  83/300 | Tr loss=0.2563 mae=0.591 r2=0.482 pcc=0.743 | Vl loss=0.3926 mae=0.742 r2=-0.067 pcc=0.797 | ES 26/100
  Ep  84/300 | Tr loss=0.2521 mae=0.587 r2=0.538 pcc=0.764 | Vl loss=0.4068 mae=0.761 r2=-0.108 pcc=0.800 | ES 27/100
2026-05-24 10:21:50,189 | INFO |   Ep  84/300 | Tr loss=0.2521 mae=0.587 r2=0.538 pcc=0.764 | Vl loss=0.4068 mae=0.761 r2=-0.108 pcc=0.800 | ES 27/100
  Ep  85/300 | Tr loss=0.2724 mae=0.619 r2=0.496 pcc=0.734 | Vl loss=0.3333 mae=0.671 r2=0.117 pcc=0.814 | ES 28/100
2026-05-24 10:21:51,311 | INFO |   Ep  85/300 | Tr loss=0.2724 mae=0.619 r2=0.496 pcc=0.734 | Vl loss=0.3333 mae=0.671 r2=0.117 pcc=0.814 | ES 28/100
  Ep  86/300 | Tr loss=0.2460 mae=0.576 r2=0.520 pcc=0.753 | Vl loss=0.3678 mae=0.718 r2=0.014 pcc=0.807 | ES 29/100
2026-05-24 10:21:52,424 | INFO |   Ep  86/300 | Tr loss=0.2460 mae=0.576 r2=0.520 pcc=0.753 | Vl loss=0.3678 mae=0.718 r2=0.014 pcc=0.807 | ES 29/100
  Ep  87/300 | Tr loss=0.2532 mae=0.579 r2=0.531 pcc=0.749 | Vl loss=0.4159 mae=0.777 r2=-0.130 pcc=0.800 | ES 30/100
2026-05-24 10:21:53,567 | INFO |   Ep  87/300 | Tr loss=0.2532 mae=0.579 r2=0.531 pcc=0.749 | Vl loss=0.4159 mae=0.777 r2=-0.130 pcc=0.800 | ES 30/100
  Ep  88/300 | Tr loss=0.2496 mae=0.588 r2=0.547 pcc=0.751 | Vl loss=0.3202 mae=0.661 r2=0.157 pcc=0.808 | ES 31/100
2026-05-24 10:21:54,653 | INFO |   Ep  88/300 | Tr loss=0.2496 mae=0.588 r2=0.547 pcc=0.751 | Vl loss=0.3202 mae=0.661 r2=0.157 pcc=0.808 | ES 31/100
  Ep  89/300 | Tr loss=0.2484 mae=0.582 r2=0.573 pcc=0.769 | Vl loss=0.3482 mae=0.696 r2=0.074 pcc=0.803 | ES 32/100
2026-05-24 10:21:55,733 | INFO |   Ep  89/300 | Tr loss=0.2484 mae=0.582 r2=0.573 pcc=0.769 | Vl loss=0.3482 mae=0.696 r2=0.074 pcc=0.803 | ES 32/100
  Ep  90/300 | Tr loss=0.2765 mae=0.619 r2=0.545 pcc=0.757 | Vl loss=0.3699 mae=0.721 r2=0.007 pcc=0.806 | ES 33/100
2026-05-24 10:21:56,805 | INFO |   Ep  90/300 | Tr loss=0.2765 mae=0.619 r2=0.545 pcc=0.757 | Vl loss=0.3699 mae=0.721 r2=0.007 pcc=0.806 | ES 33/100
  Ep  91/300 | Tr loss=0.2855 mae=0.634 r2=0.434 pcc=0.706 | Vl loss=0.2382 mae=0.530 r2=0.394 pcc=0.839 | ES 34/100
2026-05-24 10:21:57,901 | INFO |   Ep  91/300 | Tr loss=0.2855 mae=0.634 r2=0.434 pcc=0.706 | Vl loss=0.2382 mae=0.530 r2=0.394 pcc=0.839 | ES 34/100
  Ep  92/300 | Tr loss=0.2720 mae=0.623 r2=0.433 pcc=0.713 | Vl loss=0.2600 mae=0.560 r2=0.332 pcc=0.839 | ES 35/100
2026-05-24 10:21:59,083 | INFO |   Ep  92/300 | Tr loss=0.2720 mae=0.623 r2=0.433 pcc=0.713 | Vl loss=0.2600 mae=0.560 r2=0.332 pcc=0.839 | ES 35/100
  Ep  93/300 | Tr loss=0.2611 mae=0.607 r2=0.441 pcc=0.705 | Vl loss=0.1784 mae=0.459 r2=0.550 pcc=0.861 | ES 36/100
2026-05-24 10:22:00,209 | INFO |   Ep  93/300 | Tr loss=0.2611 mae=0.607 r2=0.441 pcc=0.705 | Vl loss=0.1784 mae=0.459 r2=0.550 pcc=0.861 | ES 36/100
  Ep  94/300 | Tr loss=0.2513 mae=0.599 r2=0.539 pcc=0.756 | Vl loss=0.1771 mae=0.454 r2=0.555 pcc=0.858 | ES 37/100
2026-05-24 10:22:01,342 | INFO |   Ep  94/300 | Tr loss=0.2513 mae=0.599 r2=0.539 pcc=0.756 | Vl loss=0.1771 mae=0.454 r2=0.555 pcc=0.858 | ES 37/100
  Ep  95/300 | Tr loss=0.2792 mae=0.625 r2=0.483 pcc=0.726 | Vl loss=0.2347 mae=0.525 r2=0.405 pcc=0.842 | ES 38/100
2026-05-24 10:22:02,453 | INFO |   Ep  95/300 | Tr loss=0.2792 mae=0.625 r2=0.483 pcc=0.726 | Vl loss=0.2347 mae=0.525 r2=0.405 pcc=0.842 | ES 38/100
  Ep  96/300 | Tr loss=0.3055 mae=0.649 r2=0.452 pcc=0.706 | Vl loss=0.2703 mae=0.574 r2=0.305 pcc=0.835 | ES 39/100
2026-05-24 10:22:03,577 | INFO |   Ep  96/300 | Tr loss=0.3055 mae=0.649 r2=0.452 pcc=0.706 | Vl loss=0.2703 mae=0.574 r2=0.305 pcc=0.835 | ES 39/100
  Ep  97/300 | Tr loss=0.2217 mae=0.555 r2=0.551 pcc=0.765 | Vl loss=0.2334 mae=0.523 r2=0.408 pcc=0.839 | ES 40/100
2026-05-24 10:22:04,656 | INFO |   Ep  97/300 | Tr loss=0.2217 mae=0.555 r2=0.551 pcc=0.765 | Vl loss=0.2334 mae=0.523 r2=0.408 pcc=0.839 | ES 40/100
  Ep  98/300 | Tr loss=0.2771 mae=0.620 r2=0.437 pcc=0.696 | Vl loss=0.2046 mae=0.492 r2=0.487 pcc=0.844 | ES 41/100
2026-05-24 10:22:05,754 | INFO |   Ep  98/300 | Tr loss=0.2771 mae=0.620 r2=0.437 pcc=0.696 | Vl loss=0.2046 mae=0.492 r2=0.487 pcc=0.844 | ES 41/100
Epoch 00099: reducing learning rate of group 0 to 1.2500e-05.
  Ep  99/300 | Tr loss=0.2770 mae=0.618 r2=0.470 pcc=0.719 | Vl loss=0.2451 mae=0.542 r2=0.375 pcc=0.830 | ES 42/100
2026-05-24 10:22:06,829 | INFO |   Ep  99/300 | Tr loss=0.2770 mae=0.618 r2=0.470 pcc=0.719 | Vl loss=0.2451 mae=0.542 r2=0.375 pcc=0.830 | ES 42/100
  Ep 100/300 | Tr loss=0.2659 mae=0.617 r2=0.508 pcc=0.739 | Vl loss=0.2270 mae=0.520 r2=0.426 pcc=0.835 | ES 43/100
2026-05-24 10:22:07,927 | INFO |   Ep 100/300 | Tr loss=0.2659 mae=0.617 r2=0.508 pcc=0.739 | Vl loss=0.2270 mae=0.520 r2=0.426 pcc=0.835 | ES 43/100
  Ep 101/300 | Tr loss=0.2660 mae=0.613 r2=0.502 pcc=0.736 | Vl loss=0.2263 mae=0.519 r2=0.428 pcc=0.835 | ES 44/100
2026-05-24 10:22:09,000 | INFO |   Ep 101/300 | Tr loss=0.2660 mae=0.613 r2=0.502 pcc=0.736 | Vl loss=0.2263 mae=0.519 r2=0.428 pcc=0.835 | ES 44/100
  Ep 102/300 | Tr loss=0.2422 mae=0.576 r2=0.531 pcc=0.756 | Vl loss=0.2091 mae=0.499 r2=0.475 pcc=0.840 | ES 45/100
2026-05-24 10:22:10,081 | INFO |   Ep 102/300 | Tr loss=0.2422 mae=0.576 r2=0.531 pcc=0.756 | Vl loss=0.2091 mae=0.499 r2=0.475 pcc=0.840 | ES 45/100
  Ep 103/300 | Tr loss=0.2750 mae=0.612 r2=0.484 pcc=0.720 | Vl loss=0.2203 mae=0.512 r2=0.444 pcc=0.835 | ES 46/100
2026-05-24 10:22:11,185 | INFO |   Ep 103/300 | Tr loss=0.2750 mae=0.612 r2=0.484 pcc=0.720 | Vl loss=0.2203 mae=0.512 r2=0.444 pcc=0.835 | ES 46/100
  Ep 104/300 | Tr loss=0.2486 mae=0.586 r2=0.553 pcc=0.769 | Vl loss=0.2765 mae=0.588 r2=0.284 pcc=0.819 | ES 47/100
2026-05-24 10:22:12,260 | INFO |   Ep 104/300 | Tr loss=0.2486 mae=0.586 r2=0.553 pcc=0.769 | Vl loss=0.2765 mae=0.588 r2=0.284 pcc=0.819 | ES 47/100
  Ep 105/300 | Tr loss=0.2437 mae=0.568 r2=0.522 pcc=0.749 | Vl loss=0.2477 mae=0.544 r2=0.368 pcc=0.830 | ES 48/100
2026-05-24 10:22:13,356 | INFO |   Ep 105/300 | Tr loss=0.2437 mae=0.568 r2=0.522 pcc=0.749 | Vl loss=0.2477 mae=0.544 r2=0.368 pcc=0.830 | ES 48/100
  Ep 106/300 | Tr loss=0.2818 mae=0.628 r2=0.472 pcc=0.717 | Vl loss=0.2250 mae=0.516 r2=0.432 pcc=0.840 | ES 49/100
2026-05-24 10:22:14,430 | INFO |   Ep 106/300 | Tr loss=0.2818 mae=0.628 r2=0.472 pcc=0.717 | Vl loss=0.2250 mae=0.516 r2=0.432 pcc=0.840 | ES 49/100
  Ep 107/300 | Tr loss=0.2381 mae=0.568 r2=0.543 pcc=0.761 | Vl loss=0.3735 mae=0.719 r2=-0.007 pcc=0.805 | ES 50/100
2026-05-24 10:22:15,504 | INFO |   Ep 107/300 | Tr loss=0.2381 mae=0.568 r2=0.543 pcc=0.761 | Vl loss=0.3735 mae=0.719 r2=-0.007 pcc=0.805 | ES 50/100
  Ep 108/300 | Tr loss=0.2598 mae=0.589 r2=0.459 pcc=0.716 | Vl loss=0.2990 mae=0.620 r2=0.218 pcc=0.820 | ES 51/100
2026-05-24 10:22:16,621 | INFO |   Ep 108/300 | Tr loss=0.2598 mae=0.589 r2=0.459 pcc=0.716 | Vl loss=0.2990 mae=0.620 r2=0.218 pcc=0.820 | ES 51/100
  Ep 109/300 | Tr loss=0.2827 mae=0.627 r2=0.474 pcc=0.725 | Vl loss=0.3149 mae=0.643 r2=0.170 pcc=0.812 | ES 52/100
2026-05-24 10:22:17,701 | INFO |   Ep 109/300 | Tr loss=0.2827 mae=0.627 r2=0.474 pcc=0.725 | Vl loss=0.3149 mae=0.643 r2=0.170 pcc=0.812 | ES 52/100
  Ep 110/300 | Tr loss=0.3112 mae=0.675 r2=0.398 pcc=0.673 | Vl loss=0.2396 mae=0.537 r2=0.391 pcc=0.833 | ES 53/100
2026-05-24 10:22:18,776 | INFO |   Ep 110/300 | Tr loss=0.3112 mae=0.675 r2=0.398 pcc=0.673 | Vl loss=0.2396 mae=0.537 r2=0.391 pcc=0.833 | ES 53/100
  Ep 111/300 | Tr loss=0.2503 mae=0.581 r2=0.550 pcc=0.768 | Vl loss=0.3058 mae=0.634 r2=0.198 pcc=0.812 | ES 54/100
2026-05-24 10:22:19,855 | INFO |   Ep 111/300 | Tr loss=0.2503 mae=0.581 r2=0.550 pcc=0.768 | Vl loss=0.3058 mae=0.634 r2=0.198 pcc=0.812 | ES 54/100
  Ep 112/300 | Tr loss=0.2721 mae=0.607 r2=0.460 pcc=0.714 | Vl loss=0.3219 mae=0.656 r2=0.149 pcc=0.809 | ES 55/100
2026-05-24 10:22:20,931 | INFO |   Ep 112/300 | Tr loss=0.2721 mae=0.607 r2=0.460 pcc=0.714 | Vl loss=0.3219 mae=0.656 r2=0.149 pcc=0.809 | ES 55/100
  Ep 113/300 | Tr loss=0.2974 mae=0.646 r2=0.388 pcc=0.677 | Vl loss=0.2699 mae=0.583 r2=0.305 pcc=0.827 | ES 56/100
2026-05-24 10:22:22,007 | INFO |   Ep 113/300 | Tr loss=0.2974 mae=0.646 r2=0.388 pcc=0.677 | Vl loss=0.2699 mae=0.583 r2=0.305 pcc=0.827 | ES 56/100
  Ep 114/300 | Tr loss=0.2472 mae=0.589 r2=0.514 pcc=0.734 | Vl loss=0.2669 mae=0.579 r2=0.314 pcc=0.829 | ES 57/100
2026-05-24 10:22:23,096 | INFO |   Ep 114/300 | Tr loss=0.2472 mae=0.589 r2=0.514 pcc=0.734 | Vl loss=0.2669 mae=0.579 r2=0.314 pcc=0.829 | ES 57/100
  Ep 115/300 | Tr loss=0.2424 mae=0.580 r2=0.555 pcc=0.763 | Vl loss=0.2993 mae=0.625 r2=0.219 pcc=0.821 | ES 58/100
2026-05-24 10:22:24,198 | INFO |   Ep 115/300 | Tr loss=0.2424 mae=0.580 r2=0.555 pcc=0.763 | Vl loss=0.2993 mae=0.625 r2=0.219 pcc=0.821 | ES 58/100
  Ep 116/300 | Tr loss=0.2704 mae=0.606 r2=0.513 pcc=0.741 | Vl loss=0.2403 mae=0.536 r2=0.390 pcc=0.842 | ES 59/100
2026-05-24 10:22:25,287 | INFO |   Ep 116/300 | Tr loss=0.2704 mae=0.606 r2=0.513 pcc=0.741 | Vl loss=0.2403 mae=0.536 r2=0.390 pcc=0.842 | ES 59/100
  Ep 117/300 | Tr loss=0.2429 mae=0.591 r2=0.520 pcc=0.748 | Vl loss=0.2430 mae=0.538 r2=0.383 pcc=0.844 | ES 60/100
2026-05-24 10:22:26,386 | INFO |   Ep 117/300 | Tr loss=0.2429 mae=0.591 r2=0.520 pcc=0.748 | Vl loss=0.2430 mae=0.538 r2=0.383 pcc=0.844 | ES 60/100
  Ep 118/300 | Tr loss=0.2587 mae=0.592 r2=0.566 pcc=0.771 | Vl loss=0.2436 mae=0.539 r2=0.381 pcc=0.845 | ES 61/100
2026-05-24 10:22:27,503 | INFO |   Ep 118/300 | Tr loss=0.2587 mae=0.592 r2=0.566 pcc=0.771 | Vl loss=0.2436 mae=0.539 r2=0.381 pcc=0.845 | ES 61/100
  Ep 119/300 | Tr loss=0.2457 mae=0.583 r2=0.535 pcc=0.755 | Vl loss=0.3513 mae=0.690 r2=0.066 pcc=0.824 | ES 62/100
2026-05-24 10:22:28,584 | INFO |   Ep 119/300 | Tr loss=0.2457 mae=0.583 r2=0.535 pcc=0.755 | Vl loss=0.3513 mae=0.690 r2=0.066 pcc=0.824 | ES 62/100
Epoch 00120: reducing learning rate of group 0 to 6.2500e-06.
  Ep 120/300 | Tr loss=0.2571 mae=0.584 r2=0.520 pcc=0.742 | Vl loss=0.3656 mae=0.708 r2=0.022 pcc=0.822 | ES 63/100
2026-05-24 10:22:29,668 | INFO |   Ep 120/300 | Tr loss=0.2571 mae=0.584 r2=0.520 pcc=0.742 | Vl loss=0.3656 mae=0.708 r2=0.022 pcc=0.822 | ES 63/100
  Ep 121/300 | Tr loss=0.2489 mae=0.562 r2=0.514 pcc=0.736 | Vl loss=0.2415 mae=0.536 r2=0.386 pcc=0.845 | ES 64/100
2026-05-24 10:22:30,747 | INFO |   Ep 121/300 | Tr loss=0.2489 mae=0.562 r2=0.514 pcc=0.736 | Vl loss=0.2415 mae=0.536 r2=0.386 pcc=0.845 | ES 64/100
  Ep 122/300 | Tr loss=0.2996 mae=0.652 r2=0.473 pcc=0.712 | Vl loss=0.3127 mae=0.637 r2=0.180 pcc=0.828 | ES 65/100
2026-05-24 10:22:31,827 | INFO |   Ep 122/300 | Tr loss=0.2996 mae=0.652 r2=0.473 pcc=0.712 | Vl loss=0.3127 mae=0.637 r2=0.180 pcc=0.828 | ES 65/100
  Ep 123/300 | Tr loss=0.2480 mae=0.584 r2=0.498 pcc=0.739 | Vl loss=0.3719 mae=0.715 r2=0.001 pcc=0.816 | ES 66/100
2026-05-24 10:22:32,904 | INFO |   Ep 123/300 | Tr loss=0.2480 mae=0.584 r2=0.498 pcc=0.739 | Vl loss=0.3719 mae=0.715 r2=0.001 pcc=0.816 | ES 66/100
  Ep 124/300 | Tr loss=0.2213 mae=0.547 r2=0.572 pcc=0.774 | Vl loss=0.3795 mae=0.725 r2=-0.022 pcc=0.815 | ES 67/100
2026-05-24 10:22:33,984 | INFO |   Ep 124/300 | Tr loss=0.2213 mae=0.547 r2=0.572 pcc=0.774 | Vl loss=0.3795 mae=0.725 r2=-0.022 pcc=0.815 | ES 67/100
  Ep 125/300 | Tr loss=0.2612 mae=0.593 r2=0.494 pcc=0.728 | Vl loss=0.3285 mae=0.659 r2=0.133 pcc=0.823 | ES 68/100
2026-05-24 10:22:35,066 | INFO |   Ep 125/300 | Tr loss=0.2612 mae=0.593 r2=0.494 pcc=0.728 | Vl loss=0.3285 mae=0.659 r2=0.133 pcc=0.823 | ES 68/100
  Ep 126/300 | Tr loss=0.2441 mae=0.574 r2=0.533 pcc=0.744 | Vl loss=0.2576 mae=0.558 r2=0.341 pcc=0.839 | ES 69/100
2026-05-24 10:22:36,139 | INFO |   Ep 126/300 | Tr loss=0.2441 mae=0.574 r2=0.533 pcc=0.744 | Vl loss=0.2576 mae=0.558 r2=0.341 pcc=0.839 | ES 69/100
  Ep 127/300 | Tr loss=0.2220 mae=0.535 r2=0.587 pcc=0.780 | Vl loss=0.2875 mae=0.602 r2=0.255 pcc=0.832 | ES 70/100
2026-05-24 10:22:37,238 | INFO |   Ep 127/300 | Tr loss=0.2220 mae=0.535 r2=0.587 pcc=0.780 | Vl loss=0.2875 mae=0.602 r2=0.255 pcc=0.832 | ES 70/100
  Ep 128/300 | Tr loss=0.2593 mae=0.592 r2=0.475 pcc=0.722 | Vl loss=0.3144 mae=0.640 r2=0.175 pcc=0.826 | ES 71/100
2026-05-24 10:22:38,337 | INFO |   Ep 128/300 | Tr loss=0.2593 mae=0.592 r2=0.475 pcc=0.722 | Vl loss=0.3144 mae=0.640 r2=0.175 pcc=0.826 | ES 71/100
  Ep 129/300 | Tr loss=0.2656 mae=0.595 r2=0.488 pcc=0.718 | Vl loss=0.2795 mae=0.589 r2=0.278 pcc=0.833 | ES 72/100
2026-05-24 10:22:39,434 | INFO |   Ep 129/300 | Tr loss=0.2656 mae=0.595 r2=0.488 pcc=0.718 | Vl loss=0.2795 mae=0.589 r2=0.278 pcc=0.833 | ES 72/100
  Ep 130/300 | Tr loss=0.2483 mae=0.577 r2=0.547 pcc=0.754 | Vl loss=0.2433 mae=0.538 r2=0.382 pcc=0.843 | ES 73/100
2026-05-24 10:22:40,513 | INFO |   Ep 130/300 | Tr loss=0.2483 mae=0.577 r2=0.547 pcc=0.754 | Vl loss=0.2433 mae=0.538 r2=0.382 pcc=0.843 | ES 73/100
  Ep 131/300 | Tr loss=0.2324 mae=0.561 r2=0.537 pcc=0.753 | Vl loss=0.2172 mae=0.506 r2=0.453 pcc=0.851 | ES 74/100
2026-05-24 10:22:41,622 | INFO |   Ep 131/300 | Tr loss=0.2324 mae=0.561 r2=0.537 pcc=0.753 | Vl loss=0.2172 mae=0.506 r2=0.453 pcc=0.851 | ES 74/100
  Ep 132/300 | Tr loss=0.2652 mae=0.599 r2=0.513 pcc=0.739 | Vl loss=0.1996 mae=0.485 r2=0.499 pcc=0.855 | ES 75/100
2026-05-24 10:22:42,741 | INFO |   Ep 132/300 | Tr loss=0.2652 mae=0.599 r2=0.513 pcc=0.739 | Vl loss=0.1996 mae=0.485 r2=0.499 pcc=0.855 | ES 75/100
  Ep 133/300 | Tr loss=0.2504 mae=0.594 r2=0.541 pcc=0.749 | Vl loss=0.2679 mae=0.573 r2=0.313 pcc=0.839 | ES 76/100
2026-05-24 10:22:43,846 | INFO |   Ep 133/300 | Tr loss=0.2504 mae=0.594 r2=0.541 pcc=0.749 | Vl loss=0.2679 mae=0.573 r2=0.313 pcc=0.839 | ES 76/100
  Ep 134/300 | Tr loss=0.2576 mae=0.585 r2=0.447 pcc=0.708 | Vl loss=0.1964 mae=0.481 r2=0.507 pcc=0.856 | ES 77/100
2026-05-24 10:22:44,940 | INFO |   Ep 134/300 | Tr loss=0.2576 mae=0.585 r2=0.447 pcc=0.708 | Vl loss=0.1964 mae=0.481 r2=0.507 pcc=0.856 | ES 77/100
  Ep 135/300 | Tr loss=0.2630 mae=0.603 r2=0.491 pcc=0.726 | Vl loss=0.2020 mae=0.488 r2=0.492 pcc=0.856 | ES 78/100
2026-05-24 10:22:46,027 | INFO |   Ep 135/300 | Tr loss=0.2630 mae=0.603 r2=0.491 pcc=0.726 | Vl loss=0.2020 mae=0.488 r2=0.492 pcc=0.856 | ES 78/100
  Ep 136/300 | Tr loss=0.2469 mae=0.588 r2=0.486 pcc=0.719 | Vl loss=0.2255 mae=0.516 r2=0.431 pcc=0.851 | ES 79/100
2026-05-24 10:22:47,117 | INFO |   Ep 136/300 | Tr loss=0.2469 mae=0.588 r2=0.486 pcc=0.719 | Vl loss=0.2255 mae=0.516 r2=0.431 pcc=0.851 | ES 79/100
  Ep 137/300 | Tr loss=0.2580 mae=0.589 r2=0.512 pcc=0.733 | Vl loss=0.2602 mae=0.565 r2=0.335 pcc=0.842 | ES 80/100
2026-05-24 10:22:48,202 | INFO |   Ep 137/300 | Tr loss=0.2580 mae=0.589 r2=0.512 pcc=0.733 | Vl loss=0.2602 mae=0.565 r2=0.335 pcc=0.842 | ES 80/100
  Ep 138/300 | Tr loss=0.2195 mae=0.543 r2=0.562 pcc=0.768 | Vl loss=0.3188 mae=0.651 r2=0.164 pcc=0.828 | ES 81/100
2026-05-24 10:22:49,276 | INFO |   Ep 138/300 | Tr loss=0.2195 mae=0.543 r2=0.562 pcc=0.768 | Vl loss=0.3188 mae=0.651 r2=0.164 pcc=0.828 | ES 81/100
  Ep 139/300 | Tr loss=0.2608 mae=0.597 r2=0.478 pcc=0.715 | Vl loss=0.2855 mae=0.605 r2=0.262 pcc=0.833 | ES 82/100
2026-05-24 10:22:50,372 | INFO |   Ep 139/300 | Tr loss=0.2608 mae=0.597 r2=0.478 pcc=0.715 | Vl loss=0.2855 mae=0.605 r2=0.262 pcc=0.833 | ES 82/100
  Ep 140/300 | Tr loss=0.2442 mae=0.582 r2=0.533 pcc=0.744 | Vl loss=0.2263 mae=0.520 r2=0.429 pcc=0.846 | ES 83/100
2026-05-24 10:22:51,494 | INFO |   Ep 140/300 | Tr loss=0.2442 mae=0.582 r2=0.533 pcc=0.744 | Vl loss=0.2263 mae=0.520 r2=0.429 pcc=0.846 | ES 83/100
Epoch 00141: reducing learning rate of group 0 to 3.1250e-06.
  Ep 141/300 | Tr loss=0.2565 mae=0.581 r2=0.524 pcc=0.738 | Vl loss=0.2528 mae=0.557 r2=0.356 pcc=0.840 | ES 84/100
2026-05-24 10:22:52,615 | INFO |   Ep 141/300 | Tr loss=0.2565 mae=0.581 r2=0.524 pcc=0.738 | Vl loss=0.2528 mae=0.557 r2=0.356 pcc=0.840 | ES 84/100
  Ep 142/300 | Tr loss=0.2661 mae=0.600 r2=0.521 pcc=0.735 | Vl loss=0.2756 mae=0.592 r2=0.291 pcc=0.834 | ES 85/100
2026-05-24 10:22:53,730 | INFO |   Ep 142/300 | Tr loss=0.2661 mae=0.600 r2=0.521 pcc=0.735 | Vl loss=0.2756 mae=0.592 r2=0.291 pcc=0.834 | ES 85/100
  Ep 143/300 | Tr loss=0.2463 mae=0.576 r2=0.522 pcc=0.741 | Vl loss=0.2136 mae=0.506 r2=0.463 pcc=0.848 | ES 86/100
2026-05-24 10:22:54,808 | INFO |   Ep 143/300 | Tr loss=0.2463 mae=0.576 r2=0.522 pcc=0.741 | Vl loss=0.2136 mae=0.506 r2=0.463 pcc=0.848 | ES 86/100
  Ep 144/300 | Tr loss=0.2437 mae=0.572 r2=0.571 pcc=0.773 | Vl loss=0.3031 mae=0.630 r2=0.210 pcc=0.827 | ES 87/100
2026-05-24 10:22:55,913 | INFO |   Ep 144/300 | Tr loss=0.2437 mae=0.572 r2=0.571 pcc=0.773 | Vl loss=0.3031 mae=0.630 r2=0.210 pcc=0.827 | ES 87/100
  Ep 145/300 | Tr loss=0.2434 mae=0.569 r2=0.532 pcc=0.754 | Vl loss=0.2416 mae=0.539 r2=0.387 pcc=0.843 | ES 88/100
2026-05-24 10:22:57,049 | INFO |   Ep 145/300 | Tr loss=0.2434 mae=0.569 r2=0.532 pcc=0.754 | Vl loss=0.2416 mae=0.539 r2=0.387 pcc=0.843 | ES 88/100
  Ep 146/300 | Tr loss=0.2524 mae=0.593 r2=0.478 pcc=0.711 | Vl loss=0.1417 mae=0.407 r2=0.644 pcc=0.868 | ES 0/100 ★
2026-05-24 10:22:58,187 | INFO |   Ep 146/300 | Tr loss=0.2524 mae=0.593 r2=0.478 pcc=0.711 | Vl loss=0.1417 mae=0.407 r2=0.644 pcc=0.868 | ES 0/100 ★
    ★ val_mae=0.4067  rmse=0.5350  r2=0.6439  pcc=0.8685
  Ep 147/300 | Tr loss=0.3125 mae=0.648 r2=0.454 pcc=0.688 | Vl loss=0.1743 mae=0.457 r2=0.563 pcc=0.860 | ES 1/100
2026-05-24 10:22:59,354 | INFO |   Ep 147/300 | Tr loss=0.3125 mae=0.648 r2=0.454 pcc=0.688 | Vl loss=0.1743 mae=0.457 r2=0.563 pcc=0.860 | ES 1/100
  Ep 148/300 | Tr loss=0.2822 mae=0.617 r2=0.480 pcc=0.710 | Vl loss=0.1673 mae=0.447 r2=0.581 pcc=0.862 | ES 2/100
2026-05-24 10:23:00,462 | INFO |   Ep 148/300 | Tr loss=0.2822 mae=0.617 r2=0.480 pcc=0.710 | Vl loss=0.1673 mae=0.447 r2=0.581 pcc=0.862 | ES 2/100
  Ep 149/300 | Tr loss=0.2464 mae=0.574 r2=0.496 pcc=0.726 | Vl loss=0.1349 mae=0.394 r2=0.661 pcc=0.871 | ES 0/100 ★
2026-05-24 10:23:01,591 | INFO |   Ep 149/300 | Tr loss=0.2464 mae=0.574 r2=0.496 pcc=0.726 | Vl loss=0.1349 mae=0.394 r2=0.661 pcc=0.871 | ES 0/100 ★
    ★ val_mae=0.3944  rmse=0.5221  r2=0.6608  pcc=0.8708
  Ep 150/300 | Tr loss=0.2661 mae=0.598 r2=0.475 pcc=0.715 | Vl loss=0.1819 mae=0.467 r2=0.545 pcc=0.858 | ES 1/100
2026-05-24 10:23:02,696 | INFO |   Ep 150/300 | Tr loss=0.2661 mae=0.598 r2=0.475 pcc=0.715 | Vl loss=0.1819 mae=0.467 r2=0.545 pcc=0.858 | ES 1/100
  Ep 151/300 | Tr loss=0.2170 mae=0.537 r2=0.622 pcc=0.801 | Vl loss=0.3393 mae=0.679 r2=0.103 pcc=0.825 | ES 2/100
2026-05-24 10:23:03,813 | INFO |   Ep 151/300 | Tr loss=0.2170 mae=0.537 r2=0.622 pcc=0.801 | Vl loss=0.3393 mae=0.679 r2=0.103 pcc=0.825 | ES 2/100
  Ep 152/300 | Tr loss=0.2444 mae=0.581 r2=0.544 pcc=0.757 | Vl loss=0.3466 mae=0.689 r2=0.082 pcc=0.824 | ES 3/100
2026-05-24 10:23:04,893 | INFO |   Ep 152/300 | Tr loss=0.2444 mae=0.581 r2=0.544 pcc=0.757 | Vl loss=0.3466 mae=0.689 r2=0.082 pcc=0.824 | ES 3/100
  Ep 153/300 | Tr loss=0.3014 mae=0.662 r2=0.432 pcc=0.688 | Vl loss=0.2558 mae=0.561 r2=0.348 pcc=0.843 | ES 4/100
2026-05-24 10:23:05,986 | INFO |   Ep 153/300 | Tr loss=0.3014 mae=0.662 r2=0.432 pcc=0.688 | Vl loss=0.2558 mae=0.561 r2=0.348 pcc=0.843 | ES 4/100
  Ep 154/300 | Tr loss=0.2717 mae=0.611 r2=0.477 pcc=0.713 | Vl loss=0.2279 mae=0.521 r2=0.425 pcc=0.849 | ES 5/100
2026-05-24 10:23:07,167 | INFO |   Ep 154/300 | Tr loss=0.2717 mae=0.611 r2=0.477 pcc=0.713 | Vl loss=0.2279 mae=0.521 r2=0.425 pcc=0.849 | ES 5/100
  Ep 155/300 | Tr loss=0.2760 mae=0.604 r2=0.428 pcc=0.675 | Vl loss=0.1160 mae=0.364 r2=0.707 pcc=0.880 | ES 0/100 ★
2026-05-24 10:23:08,293 | INFO |   Ep 155/300 | Tr loss=0.2760 mae=0.604 r2=0.428 pcc=0.675 | Vl loss=0.1160 mae=0.364 r2=0.707 pcc=0.880 | ES 0/100 ★
    ★ val_mae=0.3643  rmse=0.4853  r2=0.7069  pcc=0.8798
  Ep 156/300 | Tr loss=0.2350 mae=0.562 r2=0.532 pcc=0.750 | Vl loss=0.1688 mae=0.449 r2=0.577 pcc=0.862 | ES 1/100
2026-05-24 10:23:09,430 | INFO |   Ep 156/300 | Tr loss=0.2350 mae=0.562 r2=0.532 pcc=0.750 | Vl loss=0.1688 mae=0.449 r2=0.577 pcc=0.862 | ES 1/100
  Ep 157/300 | Tr loss=0.2553 mae=0.598 r2=0.468 pcc=0.702 | Vl loss=0.1262 mae=0.374 r2=0.681 pcc=0.875 | ES 2/100
2026-05-24 10:23:10,560 | INFO |   Ep 157/300 | Tr loss=0.2553 mae=0.598 r2=0.468 pcc=0.702 | Vl loss=0.1262 mae=0.374 r2=0.681 pcc=0.875 | ES 2/100
  Ep 158/300 | Tr loss=0.2516 mae=0.594 r2=0.534 pcc=0.754 | Vl loss=0.2475 mae=0.547 r2=0.371 pcc=0.845 | ES 3/100
2026-05-24 10:23:11,742 | INFO |   Ep 158/300 | Tr loss=0.2516 mae=0.594 r2=0.534 pcc=0.754 | Vl loss=0.2475 mae=0.547 r2=0.371 pcc=0.845 | ES 3/100
  Ep 159/300 | Tr loss=0.2411 mae=0.565 r2=0.507 pcc=0.732 | Vl loss=0.1829 mae=0.467 r2=0.542 pcc=0.859 | ES 4/100
2026-05-24 10:23:12,913 | INFO |   Ep 159/300 | Tr loss=0.2411 mae=0.565 r2=0.507 pcc=0.732 | Vl loss=0.1829 mae=0.467 r2=0.542 pcc=0.859 | ES 4/100
  Ep 160/300 | Tr loss=0.2548 mae=0.596 r2=0.455 pcc=0.707 | Vl loss=0.1521 mae=0.424 r2=0.618 pcc=0.867 | ES 5/100
2026-05-24 10:23:14,064 | INFO |   Ep 160/300 | Tr loss=0.2548 mae=0.596 r2=0.455 pcc=0.707 | Vl loss=0.1521 mae=0.424 r2=0.618 pcc=0.867 | ES 5/100
  Ep 161/300 | Tr loss=0.2481 mae=0.579 r2=0.473 pcc=0.716 | Vl loss=0.1333 mae=0.389 r2=0.664 pcc=0.873 | ES 6/100
2026-05-24 10:23:15,227 | INFO |   Ep 161/300 | Tr loss=0.2481 mae=0.579 r2=0.473 pcc=0.716 | Vl loss=0.1333 mae=0.389 r2=0.664 pcc=0.873 | ES 6/100
  Ep 162/300 | Tr loss=0.2635 mae=0.602 r2=0.492 pcc=0.721 | Vl loss=0.1287 mae=0.381 r2=0.675 pcc=0.874 | ES 7/100
2026-05-24 10:23:16,377 | INFO |   Ep 162/300 | Tr loss=0.2635 mae=0.602 r2=0.492 pcc=0.721 | Vl loss=0.1287 mae=0.381 r2=0.675 pcc=0.874 | ES 7/100
  Ep 163/300 | Tr loss=0.2556 mae=0.596 r2=0.516 pcc=0.743 | Vl loss=0.1693 mae=0.450 r2=0.576 pcc=0.862 | ES 8/100
2026-05-24 10:23:17,483 | INFO |   Ep 163/300 | Tr loss=0.2556 mae=0.596 r2=0.516 pcc=0.743 | Vl loss=0.1693 mae=0.450 r2=0.576 pcc=0.862 | ES 8/100
  Ep 164/300 | Tr loss=0.2628 mae=0.590 r2=0.535 pcc=0.750 | Vl loss=0.2141 mae=0.506 r2=0.462 pcc=0.851 | ES 9/100
2026-05-24 10:23:18,573 | INFO |   Ep 164/300 | Tr loss=0.2628 mae=0.590 r2=0.535 pcc=0.750 | Vl loss=0.2141 mae=0.506 r2=0.462 pcc=0.851 | ES 9/100
  Ep 165/300 | Tr loss=0.2390 mae=0.573 r2=0.539 pcc=0.757 | Vl loss=0.2792 mae=0.596 r2=0.281 pcc=0.838 | ES 10/100
2026-05-24 10:23:19,662 | INFO |   Ep 165/300 | Tr loss=0.2390 mae=0.573 r2=0.539 pcc=0.757 | Vl loss=0.2792 mae=0.596 r2=0.281 pcc=0.838 | ES 10/100
  Ep 166/300 | Tr loss=0.2674 mae=0.594 r2=0.515 pcc=0.737 | Vl loss=0.2806 mae=0.597 r2=0.277 pcc=0.838 | ES 11/100
2026-05-24 10:23:20,738 | INFO |   Ep 166/300 | Tr loss=0.2674 mae=0.594 r2=0.515 pcc=0.737 | Vl loss=0.2806 mae=0.597 r2=0.277 pcc=0.838 | ES 11/100
  Ep 167/300 | Tr loss=0.2516 mae=0.580 r2=0.548 pcc=0.756 | Vl loss=0.2625 mae=0.569 r2=0.329 pcc=0.842 | ES 12/100
2026-05-24 10:23:21,819 | INFO |   Ep 167/300 | Tr loss=0.2516 mae=0.580 r2=0.548 pcc=0.756 | Vl loss=0.2625 mae=0.569 r2=0.329 pcc=0.842 | ES 12/100
  Ep 168/300 | Tr loss=0.2516 mae=0.583 r2=0.499 pcc=0.727 | Vl loss=0.2103 mae=0.500 r2=0.471 pcc=0.853 | ES 13/100
2026-05-24 10:23:22,920 | INFO |   Ep 168/300 | Tr loss=0.2516 mae=0.583 r2=0.499 pcc=0.727 | Vl loss=0.2103 mae=0.500 r2=0.471 pcc=0.853 | ES 13/100
  Ep 169/300 | Tr loss=0.2774 mae=0.620 r2=0.457 pcc=0.704 | Vl loss=0.1931 mae=0.478 r2=0.515 pcc=0.857 | ES 14/100
2026-05-24 10:23:24,031 | INFO |   Ep 169/300 | Tr loss=0.2774 mae=0.620 r2=0.457 pcc=0.704 | Vl loss=0.1931 mae=0.478 r2=0.515 pcc=0.857 | ES 14/100
  Ep 170/300 | Tr loss=0.2504 mae=0.580 r2=0.493 pcc=0.719 | Vl loss=0.1540 mae=0.424 r2=0.612 pcc=0.867 | ES 15/100
2026-05-24 10:23:25,112 | INFO |   Ep 170/300 | Tr loss=0.2504 mae=0.580 r2=0.493 pcc=0.719 | Vl loss=0.1540 mae=0.424 r2=0.612 pcc=0.867 | ES 15/100
  Ep 171/300 | Tr loss=0.2603 mae=0.577 r2=0.522 pcc=0.744 | Vl loss=0.2112 mae=0.501 r2=0.469 pcc=0.853 | ES 16/100
2026-05-24 10:23:26,223 | INFO |   Ep 171/300 | Tr loss=0.2603 mae=0.577 r2=0.522 pcc=0.744 | Vl loss=0.2112 mae=0.501 r2=0.469 pcc=0.853 | ES 16/100
  Ep 172/300 | Tr loss=0.2247 mae=0.532 r2=0.572 pcc=0.769 | Vl loss=0.2926 mae=0.613 r2=0.242 pcc=0.836 | ES 17/100
2026-05-24 10:23:27,335 | INFO |   Ep 172/300 | Tr loss=0.2247 mae=0.532 r2=0.572 pcc=0.769 | Vl loss=0.2926 mae=0.613 r2=0.242 pcc=0.836 | ES 17/100
  Ep 173/300 | Tr loss=0.2125 mae=0.538 r2=0.556 pcc=0.775 | Vl loss=0.2070 mae=0.496 r2=0.480 pcc=0.854 | ES 18/100
2026-05-24 10:23:28,477 | INFO |   Ep 173/300 | Tr loss=0.2125 mae=0.538 r2=0.556 pcc=0.775 | Vl loss=0.2070 mae=0.496 r2=0.480 pcc=0.854 | ES 18/100
  Ep 174/300 | Tr loss=0.2762 mae=0.625 r2=0.489 pcc=0.726 | Vl loss=0.2228 mae=0.515 r2=0.438 pcc=0.851 | ES 19/100
2026-05-24 10:23:29,609 | INFO |   Ep 174/300 | Tr loss=0.2762 mae=0.625 r2=0.489 pcc=0.726 | Vl loss=0.2228 mae=0.515 r2=0.438 pcc=0.851 | ES 19/100
  Ep 175/300 | Tr loss=0.2563 mae=0.585 r2=0.523 pcc=0.743 | Vl loss=0.1823 mae=0.466 r2=0.543 pcc=0.859 | ES 20/100
2026-05-24 10:23:30,693 | INFO |   Ep 175/300 | Tr loss=0.2563 mae=0.585 r2=0.523 pcc=0.743 | Vl loss=0.1823 mae=0.466 r2=0.543 pcc=0.859 | ES 20/100
Epoch 00176: reducing learning rate of group 0 to 1.5625e-06.
  Ep 176/300 | Tr loss=0.2425 mae=0.561 r2=0.564 pcc=0.764 | Vl loss=0.2088 mae=0.498 r2=0.475 pcc=0.854 | ES 21/100
2026-05-24 10:23:31,774 | INFO |   Ep 176/300 | Tr loss=0.2425 mae=0.561 r2=0.564 pcc=0.764 | Vl loss=0.2088 mae=0.498 r2=0.475 pcc=0.854 | ES 21/100
  Ep 177/300 | Tr loss=0.2923 mae=0.633 r2=0.472 pcc=0.708 | Vl loss=0.2143 mae=0.504 r2=0.461 pcc=0.853 | ES 22/100
2026-05-24 10:23:32,862 | INFO |   Ep 177/300 | Tr loss=0.2923 mae=0.633 r2=0.472 pcc=0.708 | Vl loss=0.2143 mae=0.504 r2=0.461 pcc=0.853 | ES 22/100
  Ep 178/300 | Tr loss=0.2908 mae=0.640 r2=0.464 pcc=0.704 | Vl loss=0.2234 mae=0.515 r2=0.436 pcc=0.851 | ES 23/100
2026-05-24 10:23:33,950 | INFO |   Ep 178/300 | Tr loss=0.2908 mae=0.640 r2=0.464 pcc=0.704 | Vl loss=0.2234 mae=0.515 r2=0.436 pcc=0.851 | ES 23/100
  Ep 179/300 | Tr loss=0.2462 mae=0.572 r2=0.556 pcc=0.763 | Vl loss=0.3272 mae=0.661 r2=0.141 pcc=0.833 | ES 24/100
2026-05-24 10:23:35,029 | INFO |   Ep 179/300 | Tr loss=0.2462 mae=0.572 r2=0.556 pcc=0.763 | Vl loss=0.3272 mae=0.661 r2=0.141 pcc=0.833 | ES 24/100
  Ep 180/300 | Tr loss=0.2492 mae=0.578 r2=0.510 pcc=0.740 | Vl loss=0.2859 mae=0.604 r2=0.262 pcc=0.839 | ES 25/100
2026-05-24 10:23:36,133 | INFO |   Ep 180/300 | Tr loss=0.2492 mae=0.578 r2=0.510 pcc=0.740 | Vl loss=0.2859 mae=0.604 r2=0.262 pcc=0.839 | ES 25/100
  Ep 181/300 | Tr loss=0.2403 mae=0.566 r2=0.530 pcc=0.749 | Vl loss=0.2368 mae=0.531 r2=0.401 pcc=0.849 | ES 26/100
2026-05-24 10:23:37,216 | INFO |   Ep 181/300 | Tr loss=0.2403 mae=0.566 r2=0.530 pcc=0.749 | Vl loss=0.2368 mae=0.531 r2=0.401 pcc=0.849 | ES 26/100
  Ep 182/300 | Tr loss=0.2660 mae=0.597 r2=0.455 pcc=0.703 | Vl loss=0.1938 mae=0.480 r2=0.514 pcc=0.857 | ES 27/100
2026-05-24 10:23:38,311 | INFO |   Ep 182/300 | Tr loss=0.2660 mae=0.597 r2=0.455 pcc=0.703 | Vl loss=0.1938 mae=0.480 r2=0.514 pcc=0.857 | ES 27/100
  Ep 183/300 | Tr loss=0.2570 mae=0.593 r2=0.486 pcc=0.720 | Vl loss=0.2113 mae=0.501 r2=0.469 pcc=0.854 | ES 28/100
2026-05-24 10:23:39,419 | INFO |   Ep 183/300 | Tr loss=0.2570 mae=0.593 r2=0.486 pcc=0.720 | Vl loss=0.2113 mae=0.501 r2=0.469 pcc=0.854 | ES 28/100
  Ep 184/300 | Tr loss=0.2878 mae=0.631 r2=0.480 pcc=0.715 | Vl loss=0.2430 mae=0.540 r2=0.384 pcc=0.847 | ES 29/100
2026-05-24 10:23:40,512 | INFO |   Ep 184/300 | Tr loss=0.2878 mae=0.631 r2=0.480 pcc=0.715 | Vl loss=0.2430 mae=0.540 r2=0.384 pcc=0.847 | ES 29/100
  Ep 185/300 | Tr loss=0.2513 mae=0.591 r2=0.503 pcc=0.732 | Vl loss=0.2042 mae=0.492 r2=0.487 pcc=0.855 | ES 30/100
2026-05-24 10:23:41,675 | INFO |   Ep 185/300 | Tr loss=0.2513 mae=0.591 r2=0.503 pcc=0.732 | Vl loss=0.2042 mae=0.492 r2=0.487 pcc=0.855 | ES 30/100
  Ep 186/300 | Tr loss=0.2416 mae=0.563 r2=0.545 pcc=0.755 | Vl loss=0.2660 mae=0.573 r2=0.319 pcc=0.843 | ES 31/100
2026-05-24 10:23:42,784 | INFO |   Ep 186/300 | Tr loss=0.2416 mae=0.563 r2=0.545 pcc=0.755 | Vl loss=0.2660 mae=0.573 r2=0.319 pcc=0.843 | ES 31/100
  Ep 187/300 | Tr loss=0.2564 mae=0.596 r2=0.523 pcc=0.744 | Vl loss=0.3011 mae=0.625 r2=0.218 pcc=0.836 | ES 32/100
2026-05-24 10:23:43,911 | INFO |   Ep 187/300 | Tr loss=0.2564 mae=0.596 r2=0.523 pcc=0.744 | Vl loss=0.3011 mae=0.625 r2=0.218 pcc=0.836 | ES 32/100
  Ep 188/300 | Tr loss=0.2715 mae=0.610 r2=0.486 pcc=0.718 | Vl loss=0.2517 mae=0.552 r2=0.359 pcc=0.845 | ES 33/100
2026-05-24 10:23:45,011 | INFO |   Ep 188/300 | Tr loss=0.2715 mae=0.610 r2=0.486 pcc=0.718 | Vl loss=0.2517 mae=0.552 r2=0.359 pcc=0.845 | ES 33/100
  Ep 189/300 | Tr loss=0.2513 mae=0.575 r2=0.535 pcc=0.757 | Vl loss=0.3191 mae=0.651 r2=0.164 pcc=0.832 | ES 34/100
2026-05-24 10:23:46,116 | INFO |   Ep 189/300 | Tr loss=0.2513 mae=0.575 r2=0.535 pcc=0.757 | Vl loss=0.3191 mae=0.651 r2=0.164 pcc=0.832 | ES 34/100
  Ep 190/300 | Tr loss=0.2644 mae=0.599 r2=0.504 pcc=0.735 | Vl loss=0.2782 mae=0.592 r2=0.284 pcc=0.839 | ES 35/100
2026-05-24 10:23:47,205 | INFO |   Ep 190/300 | Tr loss=0.2644 mae=0.599 r2=0.504 pcc=0.735 | Vl loss=0.2782 mae=0.592 r2=0.284 pcc=0.839 | ES 35/100
  Ep 191/300 | Tr loss=0.2356 mae=0.562 r2=0.537 pcc=0.754 | Vl loss=0.2278 mae=0.520 r2=0.425 pcc=0.849 | ES 36/100
2026-05-24 10:23:48,332 | INFO |   Ep 191/300 | Tr loss=0.2356 mae=0.562 r2=0.537 pcc=0.754 | Vl loss=0.2278 mae=0.520 r2=0.425 pcc=0.849 | ES 36/100
  Ep 192/300 | Tr loss=0.2666 mae=0.609 r2=0.498 pcc=0.722 | Vl loss=0.1999 mae=0.487 r2=0.498 pcc=0.855 | ES 37/100
2026-05-24 10:23:49,574 | INFO |   Ep 192/300 | Tr loss=0.2666 mae=0.609 r2=0.498 pcc=0.722 | Vl loss=0.1999 mae=0.487 r2=0.498 pcc=0.855 | ES 37/100
  Ep 193/300 | Tr loss=0.2534 mae=0.585 r2=0.527 pcc=0.748 | Vl loss=0.1898 mae=0.475 r2=0.524 pcc=0.857 | ES 38/100
2026-05-24 10:23:50,662 | INFO |   Ep 193/300 | Tr loss=0.2534 mae=0.585 r2=0.527 pcc=0.748 | Vl loss=0.1898 mae=0.475 r2=0.524 pcc=0.857 | ES 38/100
  Ep 194/300 | Tr loss=0.2626 mae=0.597 r2=0.500 pcc=0.733 | Vl loss=0.2008 mae=0.489 r2=0.496 pcc=0.854 | ES 39/100
2026-05-24 10:23:51,799 | INFO |   Ep 194/300 | Tr loss=0.2626 mae=0.597 r2=0.500 pcc=0.733 | Vl loss=0.2008 mae=0.489 r2=0.496 pcc=0.854 | ES 39/100
  Ep 195/300 | Tr loss=0.2687 mae=0.612 r2=0.506 pcc=0.723 | Vl loss=0.1376 mae=0.396 r2=0.653 pcc=0.871 | ES 40/100
2026-05-24 10:23:52,944 | INFO |   Ep 195/300 | Tr loss=0.2687 mae=0.612 r2=0.506 pcc=0.723 | Vl loss=0.1376 mae=0.396 r2=0.653 pcc=0.871 | ES 40/100
  Ep 196/300 | Tr loss=0.2696 mae=0.612 r2=0.488 pcc=0.720 | Vl loss=0.1414 mae=0.402 r2=0.643 pcc=0.871 | ES 41/100
2026-05-24 10:23:54,093 | INFO |   Ep 196/300 | Tr loss=0.2696 mae=0.612 r2=0.488 pcc=0.720 | Vl loss=0.1414 mae=0.402 r2=0.643 pcc=0.871 | ES 41/100
Epoch 00197: reducing learning rate of group 0 to 1.0000e-06.
  Ep 197/300 | Tr loss=0.2523 mae=0.577 r2=0.523 pcc=0.740 | Vl loss=0.1546 mae=0.426 r2=0.610 pcc=0.867 | ES 42/100
2026-05-24 10:23:55,225 | INFO |   Ep 197/300 | Tr loss=0.2523 mae=0.577 r2=0.523 pcc=0.740 | Vl loss=0.1546 mae=0.426 r2=0.610 pcc=0.867 | ES 42/100
  Ep 198/300 | Tr loss=0.2778 mae=0.620 r2=0.456 pcc=0.696 | Vl loss=0.1644 mae=0.441 r2=0.586 pcc=0.864 | ES 43/100
2026-05-24 10:23:56,352 | INFO |   Ep 198/300 | Tr loss=0.2778 mae=0.620 r2=0.456 pcc=0.696 | Vl loss=0.1644 mae=0.441 r2=0.586 pcc=0.864 | ES 43/100
  Ep 199/300 | Tr loss=0.2237 mae=0.540 r2=0.548 pcc=0.757 | Vl loss=0.1404 mae=0.399 r2=0.645 pcc=0.871 | ES 44/100
2026-05-24 10:23:57,497 | INFO |   Ep 199/300 | Tr loss=0.2237 mae=0.540 r2=0.548 pcc=0.757 | Vl loss=0.1404 mae=0.399 r2=0.645 pcc=0.871 | ES 44/100
  Ep 200/300 | Tr loss=0.2348 mae=0.561 r2=0.561 pcc=0.763 | Vl loss=0.1684 mae=0.446 r2=0.577 pcc=0.863 | ES 45/100
2026-05-24 10:23:58,635 | INFO |   Ep 200/300 | Tr loss=0.2348 mae=0.561 r2=0.561 pcc=0.763 | Vl loss=0.1684 mae=0.446 r2=0.577 pcc=0.863 | ES 45/100
  Ep 201/300 | Tr loss=0.2566 mae=0.592 r2=0.513 pcc=0.740 | Vl loss=0.2392 mae=0.533 r2=0.394 pcc=0.847 | ES 46/100
2026-05-24 10:23:59,772 | INFO |   Ep 201/300 | Tr loss=0.2566 mae=0.592 r2=0.513 pcc=0.740 | Vl loss=0.2392 mae=0.533 r2=0.394 pcc=0.847 | ES 46/100
  Ep 202/300 | Tr loss=0.2508 mae=0.597 r2=0.505 pcc=0.730 | Vl loss=0.2510 mae=0.550 r2=0.361 pcc=0.844 | ES 47/100
2026-05-24 10:24:00,877 | INFO |   Ep 202/300 | Tr loss=0.2508 mae=0.597 r2=0.505 pcc=0.730 | Vl loss=0.2510 mae=0.550 r2=0.361 pcc=0.844 | ES 47/100
  Ep 203/300 | Tr loss=0.2520 mae=0.576 r2=0.540 pcc=0.750 | Vl loss=0.3414 mae=0.681 r2=0.098 pcc=0.828 | ES 48/100
2026-05-24 10:24:01,983 | INFO |   Ep 203/300 | Tr loss=0.2520 mae=0.576 r2=0.540 pcc=0.750 | Vl loss=0.3414 mae=0.681 r2=0.098 pcc=0.828 | ES 48/100
  Ep 204/300 | Tr loss=0.2423 mae=0.573 r2=0.523 pcc=0.745 | Vl loss=0.1931 mae=0.479 r2=0.515 pcc=0.856 | ES 49/100
2026-05-24 10:24:03,100 | INFO |   Ep 204/300 | Tr loss=0.2423 mae=0.573 r2=0.523 pcc=0.745 | Vl loss=0.1931 mae=0.479 r2=0.515 pcc=0.856 | ES 49/100
  Ep 205/300 | Tr loss=0.2490 mae=0.572 r2=0.550 pcc=0.758 | Vl loss=0.1921 mae=0.478 r2=0.518 pcc=0.856 | ES 50/100
2026-05-24 10:24:04,187 | INFO |   Ep 205/300 | Tr loss=0.2490 mae=0.572 r2=0.550 pcc=0.758 | Vl loss=0.1921 mae=0.478 r2=0.518 pcc=0.856 | ES 50/100
  Ep 206/300 | Tr loss=0.2761 mae=0.621 r2=0.458 pcc=0.703 | Vl loss=0.1869 mae=0.472 r2=0.531 pcc=0.858 | ES 51/100
2026-05-24 10:24:05,314 | INFO |   Ep 206/300 | Tr loss=0.2761 mae=0.621 r2=0.458 pcc=0.703 | Vl loss=0.1869 mae=0.472 r2=0.531 pcc=0.858 | ES 51/100
  Ep 207/300 | Tr loss=0.2661 mae=0.598 r2=0.520 pcc=0.738 | Vl loss=0.2920 mae=0.614 r2=0.244 pcc=0.836 | ES 52/100
2026-05-24 10:24:06,451 | INFO |   Ep 207/300 | Tr loss=0.2661 mae=0.598 r2=0.520 pcc=0.738 | Vl loss=0.2920 mae=0.614 r2=0.244 pcc=0.836 | ES 52/100
  Ep 208/300 | Tr loss=0.2557 mae=0.598 r2=0.532 pcc=0.744 | Vl loss=0.2163 mae=0.508 r2=0.456 pcc=0.851 | ES 53/100
2026-05-24 10:24:07,554 | INFO |   Ep 208/300 | Tr loss=0.2557 mae=0.598 r2=0.532 pcc=0.744 | Vl loss=0.2163 mae=0.508 r2=0.456 pcc=0.851 | ES 53/100
  Ep 209/300 | Tr loss=0.2451 mae=0.575 r2=0.510 pcc=0.741 | Vl loss=0.2439 mae=0.542 r2=0.381 pcc=0.845 | ES 54/100
2026-05-24 10:24:08,649 | INFO |   Ep 209/300 | Tr loss=0.2451 mae=0.575 r2=0.510 pcc=0.741 | Vl loss=0.2439 mae=0.542 r2=0.381 pcc=0.845 | ES 54/100
  Ep 210/300 | Tr loss=0.2460 mae=0.577 r2=0.543 pcc=0.752 | Vl loss=0.2293 mae=0.523 r2=0.421 pcc=0.848 | ES 55/100
2026-05-24 10:24:09,734 | INFO |   Ep 210/300 | Tr loss=0.2460 mae=0.577 r2=0.543 pcc=0.752 | Vl loss=0.2293 mae=0.523 r2=0.421 pcc=0.848 | ES 55/100
  Ep 211/300 | Tr loss=0.2397 mae=0.574 r2=0.493 pcc=0.724 | Vl loss=0.1268 mae=0.375 r2=0.680 pcc=0.876 | ES 56/100
2026-05-24 10:24:10,816 | INFO |   Ep 211/300 | Tr loss=0.2397 mae=0.574 r2=0.493 pcc=0.724 | Vl loss=0.1268 mae=0.375 r2=0.680 pcc=0.876 | ES 56/100
  Ep 212/300 | Tr loss=0.2605 mae=0.591 r2=0.495 pcc=0.725 | Vl loss=0.1728 mae=0.454 r2=0.566 pcc=0.861 | ES 57/100
2026-05-24 10:24:11,910 | INFO |   Ep 212/300 | Tr loss=0.2605 mae=0.591 r2=0.495 pcc=0.725 | Vl loss=0.1728 mae=0.454 r2=0.566 pcc=0.861 | ES 57/100
  Ep 213/300 | Tr loss=0.2618 mae=0.588 r2=0.511 pcc=0.734 | Vl loss=0.2551 mae=0.557 r2=0.349 pcc=0.842 | ES 58/100
2026-05-24 10:24:13,025 | INFO |   Ep 213/300 | Tr loss=0.2618 mae=0.588 r2=0.511 pcc=0.734 | Vl loss=0.2551 mae=0.557 r2=0.349 pcc=0.842 | ES 58/100
  Ep 214/300 | Tr loss=0.2401 mae=0.572 r2=0.534 pcc=0.746 | Vl loss=0.2053 mae=0.495 r2=0.485 pcc=0.854 | ES 59/100
2026-05-24 10:24:14,129 | INFO |   Ep 214/300 | Tr loss=0.2401 mae=0.572 r2=0.534 pcc=0.746 | Vl loss=0.2053 mae=0.495 r2=0.485 pcc=0.854 | ES 59/100
  Ep 215/300 | Tr loss=0.2553 mae=0.596 r2=0.523 pcc=0.739 | Vl loss=0.2348 mae=0.530 r2=0.406 pcc=0.848 | ES 60/100
2026-05-24 10:24:15,221 | INFO |   Ep 215/300 | Tr loss=0.2553 mae=0.596 r2=0.523 pcc=0.739 | Vl loss=0.2348 mae=0.530 r2=0.406 pcc=0.848 | ES 60/100
  Ep 216/300 | Tr loss=0.2756 mae=0.624 r2=0.552 pcc=0.752 | Vl loss=0.3176 mae=0.651 r2=0.168 pcc=0.830 | ES 61/100
2026-05-24 10:24:16,314 | INFO |   Ep 216/300 | Tr loss=0.2756 mae=0.624 r2=0.552 pcc=0.752 | Vl loss=0.3176 mae=0.651 r2=0.168 pcc=0.830 | ES 61/100
  Ep 217/300 | Tr loss=0.2444 mae=0.554 r2=0.556 pcc=0.762 | Vl loss=0.2489 mae=0.550 r2=0.367 pcc=0.843 | ES 62/100
2026-05-24 10:24:17,406 | INFO |   Ep 217/300 | Tr loss=0.2444 mae=0.554 r2=0.556 pcc=0.762 | Vl loss=0.2489 mae=0.550 r2=0.367 pcc=0.843 | ES 62/100
  Ep 218/300 | Tr loss=0.2251 mae=0.546 r2=0.573 pcc=0.772 | Vl loss=0.2435 mae=0.543 r2=0.382 pcc=0.845 | ES 63/100
2026-05-24 10:24:18,562 | INFO |   Ep 218/300 | Tr loss=0.2251 mae=0.546 r2=0.573 pcc=0.772 | Vl loss=0.2435 mae=0.543 r2=0.382 pcc=0.845 | ES 63/100
  Ep 219/300 | Tr loss=0.2585 mae=0.592 r2=0.540 pcc=0.747 | Vl loss=0.2265 mae=0.520 r2=0.429 pcc=0.848 | ES 64/100
2026-05-24 10:24:19,663 | INFO |   Ep 219/300 | Tr loss=0.2585 mae=0.592 r2=0.540 pcc=0.747 | Vl loss=0.2265 mae=0.520 r2=0.429 pcc=0.848 | ES 64/100
  Ep 220/300 | Tr loss=0.2510 mae=0.574 r2=0.493 pcc=0.723 | Vl loss=0.1394 mae=0.400 r2=0.649 pcc=0.870 | ES 65/100
2026-05-24 10:24:20,820 | INFO |   Ep 220/300 | Tr loss=0.2510 mae=0.574 r2=0.493 pcc=0.723 | Vl loss=0.1394 mae=0.400 r2=0.649 pcc=0.870 | ES 65/100
  Ep 221/300 | Tr loss=0.2365 mae=0.570 r2=0.532 pcc=0.749 | Vl loss=0.2141 mae=0.506 r2=0.462 pcc=0.851 | ES 66/100
2026-05-24 10:24:21,944 | INFO |   Ep 221/300 | Tr loss=0.2365 mae=0.570 r2=0.532 pcc=0.749 | Vl loss=0.2141 mae=0.506 r2=0.462 pcc=0.851 | ES 66/100
  Ep 222/300 | Tr loss=0.2737 mae=0.605 r2=0.474 pcc=0.714 | Vl loss=0.2141 mae=0.506 r2=0.462 pcc=0.851 | ES 67/100
2026-05-24 10:24:23,071 | INFO |   Ep 222/300 | Tr loss=0.2737 mae=0.605 r2=0.474 pcc=0.714 | Vl loss=0.2141 mae=0.506 r2=0.462 pcc=0.851 | ES 67/100
  Ep 223/300 | Tr loss=0.2385 mae=0.567 r2=0.531 pcc=0.744 | Vl loss=0.2288 mae=0.523 r2=0.422 pcc=0.847 | ES 68/100
2026-05-24 10:24:24,162 | INFO |   Ep 223/300 | Tr loss=0.2385 mae=0.567 r2=0.531 pcc=0.744 | Vl loss=0.2288 mae=0.523 r2=0.422 pcc=0.847 | ES 68/100
  Ep 224/300 | Tr loss=0.2884 mae=0.640 r2=0.456 pcc=0.699 | Vl loss=0.1955 mae=0.483 r2=0.510 pcc=0.855 | ES 69/100
2026-05-24 10:24:25,271 | INFO |   Ep 224/300 | Tr loss=0.2884 mae=0.640 r2=0.456 pcc=0.699 | Vl loss=0.1955 mae=0.483 r2=0.510 pcc=0.855 | ES 69/100
  Ep 225/300 | Tr loss=0.2641 mae=0.590 r2=0.522 pcc=0.741 | Vl loss=0.2677 mae=0.579 r2=0.314 pcc=0.840 | ES 70/100
2026-05-24 10:24:26,383 | INFO |   Ep 225/300 | Tr loss=0.2641 mae=0.590 r2=0.522 pcc=0.741 | Vl loss=0.2677 mae=0.579 r2=0.314 pcc=0.840 | ES 70/100
  Ep 226/300 | Tr loss=0.2376 mae=0.566 r2=0.575 pcc=0.774 | Vl loss=0.3300 mae=0.667 r2=0.132 pcc=0.830 | ES 71/100
2026-05-24 10:24:27,518 | INFO |   Ep 226/300 | Tr loss=0.2376 mae=0.566 r2=0.575 pcc=0.774 | Vl loss=0.3300 mae=0.667 r2=0.132 pcc=0.830 | ES 71/100
  Ep 227/300 | Tr loss=0.2482 mae=0.582 r2=0.549 pcc=0.756 | Vl loss=0.2907 mae=0.613 r2=0.248 pcc=0.836 | ES 72/100
2026-05-24 10:24:28,695 | INFO |   Ep 227/300 | Tr loss=0.2482 mae=0.582 r2=0.549 pcc=0.756 | Vl loss=0.2907 mae=0.613 r2=0.248 pcc=0.836 | ES 72/100
  Ep 228/300 | Tr loss=0.2457 mae=0.584 r2=0.540 pcc=0.757 | Vl loss=0.2637 mae=0.571 r2=0.325 pcc=0.840 | ES 73/100
2026-05-24 10:24:29,820 | INFO |   Ep 228/300 | Tr loss=0.2457 mae=0.584 r2=0.540 pcc=0.757 | Vl loss=0.2637 mae=0.571 r2=0.325 pcc=0.840 | ES 73/100
  Ep 229/300 | Tr loss=0.2817 mae=0.627 r2=0.485 pcc=0.716 | Vl loss=0.1738 mae=0.456 r2=0.564 pcc=0.861 | ES 74/100
2026-05-24 10:24:30,902 | INFO |   Ep 229/300 | Tr loss=0.2817 mae=0.627 r2=0.485 pcc=0.716 | Vl loss=0.1738 mae=0.456 r2=0.564 pcc=0.861 | ES 74/100
  Ep 230/300 | Tr loss=0.2456 mae=0.572 r2=0.513 pcc=0.740 | Vl loss=0.2901 mae=0.611 r2=0.249 pcc=0.835 | ES 75/100
2026-05-24 10:24:31,994 | INFO |   Ep 230/300 | Tr loss=0.2456 mae=0.572 r2=0.513 pcc=0.740 | Vl loss=0.2901 mae=0.611 r2=0.249 pcc=0.835 | ES 75/100
  Ep 231/300 | Tr loss=0.2485 mae=0.582 r2=0.523 pcc=0.742 | Vl loss=0.2943 mae=0.617 r2=0.237 pcc=0.834 | ES 76/100
2026-05-24 10:24:33,090 | INFO |   Ep 231/300 | Tr loss=0.2485 mae=0.582 r2=0.523 pcc=0.742 | Vl loss=0.2943 mae=0.617 r2=0.237 pcc=0.834 | ES 76/100
  Ep 232/300 | Tr loss=0.2585 mae=0.589 r2=0.492 pcc=0.725 | Vl loss=0.2688 mae=0.580 r2=0.311 pcc=0.839 | ES 77/100
2026-05-24 10:24:34,200 | INFO |   Ep 232/300 | Tr loss=0.2585 mae=0.589 r2=0.492 pcc=0.725 | Vl loss=0.2688 mae=0.580 r2=0.311 pcc=0.839 | ES 77/100
  Ep 233/300 | Tr loss=0.2828 mae=0.621 r2=0.485 pcc=0.720 | Vl loss=0.2921 mae=0.615 r2=0.243 pcc=0.834 | ES 78/100
2026-05-24 10:24:35,290 | INFO |   Ep 233/300 | Tr loss=0.2828 mae=0.621 r2=0.485 pcc=0.720 | Vl loss=0.2921 mae=0.615 r2=0.243 pcc=0.834 | ES 78/100
  Ep 234/300 | Tr loss=0.2411 mae=0.559 r2=0.565 pcc=0.767 | Vl loss=0.3227 mae=0.658 r2=0.153 pcc=0.829 | ES 79/100
2026-05-24 10:24:36,371 | INFO |   Ep 234/300 | Tr loss=0.2411 mae=0.559 r2=0.565 pcc=0.767 | Vl loss=0.3227 mae=0.658 r2=0.153 pcc=0.829 | ES 79/100
  Ep 235/300 | Tr loss=0.2431 mae=0.563 r2=0.548 pcc=0.755 | Vl loss=0.2653 mae=0.574 r2=0.321 pcc=0.839 | ES 80/100
2026-05-24 10:24:37,451 | INFO |   Ep 235/300 | Tr loss=0.2431 mae=0.563 r2=0.548 pcc=0.755 | Vl loss=0.2653 mae=0.574 r2=0.321 pcc=0.839 | ES 80/100
  Ep 236/300 | Tr loss=0.2570 mae=0.601 r2=0.534 pcc=0.755 | Vl loss=0.2453 mae=0.545 r2=0.377 pcc=0.844 | ES 81/100
2026-05-24 10:24:38,542 | INFO |   Ep 236/300 | Tr loss=0.2570 mae=0.601 r2=0.534 pcc=0.755 | Vl loss=0.2453 mae=0.545 r2=0.377 pcc=0.844 | ES 81/100
  Ep 237/300 | Tr loss=0.2585 mae=0.596 r2=0.473 pcc=0.717 | Vl loss=0.1926 mae=0.479 r2=0.517 pcc=0.856 | ES 82/100
2026-05-24 10:24:39,619 | INFO |   Ep 237/300 | Tr loss=0.2585 mae=0.596 r2=0.473 pcc=0.717 | Vl loss=0.1926 mae=0.479 r2=0.517 pcc=0.856 | ES 82/100
  Ep 238/300 | Tr loss=0.2567 mae=0.582 r2=0.480 pcc=0.715 | Vl loss=0.1293 mae=0.381 r2=0.674 pcc=0.874 | ES 83/100
2026-05-24 10:24:40,719 | INFO |   Ep 238/300 | Tr loss=0.2567 mae=0.582 r2=0.480 pcc=0.715 | Vl loss=0.1293 mae=0.381 r2=0.674 pcc=0.874 | ES 83/100
  Ep 239/300 | Tr loss=0.2718 mae=0.604 r2=0.444 pcc=0.693 | Vl loss=0.1467 mae=0.414 r2=0.631 pcc=0.869 | ES 84/100
2026-05-24 10:24:41,815 | INFO |   Ep 239/300 | Tr loss=0.2718 mae=0.604 r2=0.444 pcc=0.693 | Vl loss=0.1467 mae=0.414 r2=0.631 pcc=0.869 | ES 84/100
  Ep 240/300 | Tr loss=0.2405 mae=0.564 r2=0.556 pcc=0.764 | Vl loss=0.2412 mae=0.539 r2=0.389 pcc=0.845 | ES 85/100
2026-05-24 10:24:42,928 | INFO |   Ep 240/300 | Tr loss=0.2405 mae=0.564 r2=0.556 pcc=0.764 | Vl loss=0.2412 mae=0.539 r2=0.389 pcc=0.845 | ES 85/100
  Ep 241/300 | Tr loss=0.2416 mae=0.552 r2=0.573 pcc=0.770 | Vl loss=0.2910 mae=0.613 r2=0.246 pcc=0.835 | ES 86/100
2026-05-24 10:24:44,004 | INFO |   Ep 241/300 | Tr loss=0.2416 mae=0.552 r2=0.573 pcc=0.770 | Vl loss=0.2910 mae=0.613 r2=0.246 pcc=0.835 | ES 86/100
  Ep 242/300 | Tr loss=0.2681 mae=0.609 r2=0.515 pcc=0.731 | Vl loss=0.3099 mae=0.640 r2=0.191 pcc=0.830 | ES 87/100
2026-05-24 10:24:45,121 | INFO |   Ep 242/300 | Tr loss=0.2681 mae=0.609 r2=0.515 pcc=0.731 | Vl loss=0.3099 mae=0.640 r2=0.191 pcc=0.830 | ES 87/100
  Ep 243/300 | Tr loss=0.2395 mae=0.564 r2=0.576 pcc=0.772 | Vl loss=0.3019 mae=0.628 r2=0.214 pcc=0.832 | ES 88/100
2026-05-24 10:24:46,248 | INFO |   Ep 243/300 | Tr loss=0.2395 mae=0.564 r2=0.576 pcc=0.772 | Vl loss=0.3019 mae=0.628 r2=0.214 pcc=0.832 | ES 88/100
  Ep 244/300 | Tr loss=0.2560 mae=0.598 r2=0.534 pcc=0.757 | Vl loss=0.2296 mae=0.523 r2=0.420 pcc=0.847 | ES 89/100
2026-05-24 10:24:47,331 | INFO |   Ep 244/300 | Tr loss=0.2560 mae=0.598 r2=0.534 pcc=0.757 | Vl loss=0.2296 mae=0.523 r2=0.420 pcc=0.847 | ES 89/100
  Ep 245/300 | Tr loss=0.2575 mae=0.592 r2=0.500 pcc=0.731 | Vl loss=0.2254 mae=0.519 r2=0.432 pcc=0.848 | ES 90/100
2026-05-24 10:24:48,412 | INFO |   Ep 245/300 | Tr loss=0.2575 mae=0.592 r2=0.500 pcc=0.731 | Vl loss=0.2254 mae=0.519 r2=0.432 pcc=0.848 | ES 90/100
  Ep 246/300 | Tr loss=0.2578 mae=0.588 r2=0.432 pcc=0.688 | Vl loss=0.1451 mae=0.412 r2=0.635 pcc=0.868 | ES 91/100
2026-05-24 10:24:49,501 | INFO |   Ep 246/300 | Tr loss=0.2578 mae=0.588 r2=0.432 pcc=0.688 | Vl loss=0.1451 mae=0.412 r2=0.635 pcc=0.868 | ES 91/100
  Ep 247/300 | Tr loss=0.2569 mae=0.591 r2=0.516 pcc=0.743 | Vl loss=0.1774 mae=0.461 r2=0.556 pcc=0.859 | ES 92/100
2026-05-24 10:24:50,606 | INFO |   Ep 247/300 | Tr loss=0.2569 mae=0.591 r2=0.516 pcc=0.743 | Vl loss=0.1774 mae=0.461 r2=0.556 pcc=0.859 | ES 92/100
  Ep 248/300 | Tr loss=0.2440 mae=0.574 r2=0.560 pcc=0.765 | Vl loss=0.2396 mae=0.536 r2=0.393 pcc=0.845 | ES 93/100
2026-05-24 10:24:51,722 | INFO |   Ep 248/300 | Tr loss=0.2440 mae=0.574 r2=0.560 pcc=0.765 | Vl loss=0.2396 mae=0.536 r2=0.393 pcc=0.845 | ES 93/100
  Ep 249/300 | Tr loss=0.2612 mae=0.590 r2=0.511 pcc=0.735 | Vl loss=0.2741 mae=0.587 r2=0.295 pcc=0.838 | ES 94/100
2026-05-24 10:24:52,856 | INFO |   Ep 249/300 | Tr loss=0.2612 mae=0.590 r2=0.511 pcc=0.735 | Vl loss=0.2741 mae=0.587 r2=0.295 pcc=0.838 | ES 94/100
  Ep 250/300 | Tr loss=0.2213 mae=0.540 r2=0.528 pcc=0.748 | Vl loss=0.1867 mae=0.472 r2=0.532 pcc=0.857 | ES 95/100
2026-05-24 10:24:53,935 | INFO |   Ep 250/300 | Tr loss=0.2213 mae=0.540 r2=0.528 pcc=0.748 | Vl loss=0.1867 mae=0.472 r2=0.532 pcc=0.857 | ES 95/100
  Ep 251/300 | Tr loss=0.2576 mae=0.582 r2=0.511 pcc=0.734 | Vl loss=0.2119 mae=0.502 r2=0.467 pcc=0.851 | ES 96/100
2026-05-24 10:24:55,049 | INFO |   Ep 251/300 | Tr loss=0.2576 mae=0.582 r2=0.511 pcc=0.734 | Vl loss=0.2119 mae=0.502 r2=0.467 pcc=0.851 | ES 96/100
  Ep 252/300 | Tr loss=0.2677 mae=0.606 r2=0.478 pcc=0.723 | Vl loss=0.2449 mae=0.543 r2=0.378 pcc=0.845 | ES 97/100
2026-05-24 10:24:56,125 | INFO |   Ep 252/300 | Tr loss=0.2677 mae=0.606 r2=0.478 pcc=0.723 | Vl loss=0.2449 mae=0.543 r2=0.378 pcc=0.845 | ES 97/100
  Ep 253/300 | Tr loss=0.2398 mae=0.558 r2=0.543 pcc=0.751 | Vl loss=0.2152 mae=0.506 r2=0.459 pcc=0.852 | ES 98/100
2026-05-24 10:24:57,226 | INFO |   Ep 253/300 | Tr loss=0.2398 mae=0.558 r2=0.543 pcc=0.751 | Vl loss=0.2152 mae=0.506 r2=0.459 pcc=0.852 | ES 98/100
  Ep 254/300 | Tr loss=0.2285 mae=0.564 r2=0.568 pcc=0.777 | Vl loss=0.2079 mae=0.498 r2=0.478 pcc=0.853 | ES 99/100
2026-05-24 10:24:58,377 | INFO |   Ep 254/300 | Tr loss=0.2285 mae=0.564 r2=0.568 pcc=0.777 | Vl loss=0.2079 mae=0.498 r2=0.478 pcc=0.853 | ES 99/100
  Ep 255/300 | Tr loss=0.2555 mae=0.586 r2=0.514 pcc=0.737 | Vl loss=0.2687 mae=0.579 r2=0.311 pcc=0.839 | ES 100/100
2026-05-24 10:24:59,472 | INFO |   Ep 255/300 | Tr loss=0.2555 mae=0.586 r2=0.514 pcc=0.737 | Vl loss=0.2687 mae=0.579 r2=0.311 pcc=0.839 | ES 100/100

  ⏹  Early stopping at epoch 255 (best=155)
2026-05-24 10:24:59,473 | INFO | Early stopping at epoch 255 best=155

✓ Training complete!

  ── Final Test Results (best epoch = 155) ──────────────────
  Loss : 0.1968
  RMSE : 0.6853
  MAE  : 0.5543
  R²   : 0.2314
  ✓ Saved → /mvdlph/masa/GCN_SingleView_Regression_Results/run_2026_05_24_10_19_52/plots/loss_curve.png
  ✓ Saved → /mvdlph/masa/GCN_SingleView_Regression_Results/run_2026_05_24_10_19_52/plots/rmse_mae.png
  ✓ Saved → /mvdlph/masa/GCN_SingleView_Regression_Results/run_2026_05_24_10_19_52/plots/r2_curve.png
  ✓ Saved → /mvdlph/masa/GCN_SingleView_Regression_Results/run_2026_05_24_10_19_52/plots/pcc_curve.png
  ✓ Saved → /mvdlph/masa/GCN_SingleView_Regression_Results/run_2026_05_24_10_19_52/plots/regression_scatter_test.png
  ✓ Saved → /mvdlph/masa/GCN_SingleView_Regression_Results/run_2026_05_24_10_19_52/plots/early_stopping.png
  ✓ History → /mvdlph/masa/GCN_SingleView_Regression_Results/run_2026_05_24_10_19_52/logs/training_history.json
============================================================
DIAGNOSTIC 1: Per-exercise skeleton variance (C0)
============================================================
  Exercise      X-var      Y-var      Z-var  Z/X ratio
-------------------------------------------------------
        E0     0.0457     0.0104     0.0719      1.575

============================================================
DIAGNOSTIC 2: Quality score distribution per split
============================================================
 Train: mean=3.765 std=0.985 min=1.34 max=4.74 | correct=206 erroneous=112
   Val: mean=3.561 std=0.901 min=2.28 max=4.68 | correct=59 erroneous=36
  Test: mean=3.645 std=0.784 min=2.30 max=4.75 | correct=78 erroneous=78
  ✓ History NPZ → /mvdlph/masa/GCN_SingleView_Regression_Results/run_2026_05_24_10_19_52/logs/training_history.npz
  ✓ Test predictions NPZ → /mvdlph/masa/GCN_SingleView_Regression_Results/run_2026_05_24_10_19_52/logs/test_predictions.npz
========================================================================
  Exercise         n      MAE     RMSE       R²      PCC
────────────────────────────────────────────────────────────────────────
  E0             156   0.5543   0.6853   0.2314   0.8628
────────────────────────────────────────────────────────────────────────
  Overall        156   0.5543   0.6853   0.2314   0.8628
========================================================================

  ✓ Per-exercise CSV → /mvdlph/masa/GCN_SingleView_Regression_Results/run_2026_05_24_10_19_52/logs/per_exercise_metrics.csv
  ✓ Per-exercise scatter grid → /mvdlph/masa/GCN_SingleView_Regression_Results/run_2026_05_24_10_19_52/plots/per_exercise_scatter.png
  ✓ Per-exercise bar chart → /mvdlph/masa/GCN_SingleView_Regression_Results/run_2026_05_24_10_19_52/plots/per_exercise_bar.png
  ✓ Per-exercise metrics NPZ → /mvdlph/masa/GCN_SingleView_Regression_Results/run_2026_05_24_10_19_52/logs/per_exercise_metrics.npz
============================================================
  TRAINING SUMMARY — ST-GCN Regression (Single View)
============================================================
  Best Epoch       : 155  (stopped at 255)
  Best Val MAE     : 0.3643
  Best Val RMSE    : 0.4853
  Best Val R²      : 0.7069
  Best Val PCC     : 0.8798
────────────────────────────────────────────────────────────
  Test MAE         : 0.5543
  Test RMSE        : 0.6853
  Test R²          : 0.2314
  Test PCC         : 0.8628
============================================================
2026-05-24 10:25:02,351 | INFO | Best Epoch=155  stopped_epoch=255
2026-05-24 10:25:02,352 | INFO | Test MAE=0.5543
2026-05-24 10:25:02,352 | INFO | Test RMSE=0.6853
2026-05-24 10:25:02,353 | INFO | Test R²=0.2314
2026-05-24 10:25:02,354 | INFO | Test PCC=0.8628

✓ Summary CSV (overall + per-exercise) → /mvdlph/masa/GCN_SingleView_Regression_Results/training_summary.csv
