✓ stdout → also writing to /mvdlph/masa/GCN_SingleView_Regression_Results/run_2026_05_01_22_24_49/logs/training_20260501_222449.log
2026-05-01 22:24:49,607 | INFO | ======================================================================
2026-05-01 22:24:49,607 | INFO | ST-GCN Single-View Regression | BZU Physiotherapy Dataset
2026-05-01 22:24:49,608 | INFO | Camera : CNone  |  Split : 70/15/15  |  Epochs : 300  |  Patience : 50
2026-05-01 22:24:49,608 | INFO | Log file : /mvdlph/masa/GCN_SingleView_Regression_Results/run_2026_05_01_22_24_49/logs/training_20260501_222449.log
2026-05-01 22:24:49,608 | INFO | ======================================================================
✓ parse_filename and load_skeleton defined
NPZ files found (all cameras) : 15375

✓ Total samples  (CNone) : 15375
✓ Unique trials              : 61
✓ Quality mean ± std         : 4.126 ± 0.795

✓ Exercise distribution:
0    1752
1    1608
2    1382
3    1596
4    1579
5    1566
6    1570
7    1588
8    1401
9    1333
Name: exercise, dtype: int64
Checking for corrupted files...
  Removing 3 corrupted files from index
    BAD: /mvdlph/Dataset_CVDLPT_Videos_Segments_P0P15_MMPose_human3d_motionbert_H36M_3D_1_2026/E0_P13_T5_C2_seg2_MMPose_human3d_motionbert_3D.npz
    BAD: /mvdlph/Dataset_CVDLPT_Videos_Segments_P0P15_MMPose_human3d_motionbert_H36M_3D_1_2026/E1_P14_T3_C2_seg6_MMPose_human3d_motionbert_3D.npz
    BAD: /mvdlph/Dataset_CVDLPT_Videos_Segments_P0P15_MMPose_human3d_motionbert_H36M_3D_1_2026/E4_P12_T3_C1_seg5_MMPose_human3d_motionbert_3D.npz
  Clean samples remaining: 15372

── Sample rows ──
    exercise person trial_id  segment  quality
0          0     P0       T0        0   4.3667
1          0     P0       T0        1   4.3667
2          0     P0       T0        2   4.3667
3          0     P0       T0        3   4.3667
4          0     P0       T0        4   4.3667
5          0     P0       T0        5   4.3667
6          0     P0       T0        6   4.3667
7          0     P0       T0        7   4.3667
8          0     P0       T0        8   4.3667
9          0     P0       T0        9   4.3667
10         0     P0       T0        0   4.3667
11         0     P0       T0        1   4.3667
12         0     P0       T0        2   4.3667
13         0     P0       T0        3   4.3667
14         0     P0       T0        4   4.3667
0    5147
1    5101
2    5124
Name: camera, dtype: int64

Total samples: 15372
0    5147
1    5101
2    5124
Name: camera, dtype: int64

الكاميرات الموجودة: [0, 1, 2]
camera      0    1    2
exercise               
0         579  588  584
1         532  539  536
2         463  445  474
3         525  545  526
4         522  532  524
5         525  516  525
6         529  529  512
7         529  532  527
8         486  430  485
9         457  445  431
E0: correct=3 trials, erroneous=4 trials
E1: correct=3 trials, erroneous=4 trials
E2: correct=3 trials, erroneous=4 trials
E3: correct=3 trials, erroneous=4 trials
E4: correct=3 trials, erroneous=4 trials
E5: correct=3 trials, erroneous=4 trials
E6: correct=3 trials, erroneous=4 trials
E7: correct=3 trials, erroneous=4 trials
E8: correct=3 trials, erroneous=4 trials
E9: correct=3 trials, erroneous=4 trials
✓ Skeleton visualisation helpers defined
person                                                     P0
exercise                                                    0
trial_id                                                   T0
segment                                                     0
filepath    /mvdlph/Dataset_CVDLPT_Videos_Segments_P0P15_M...
Name: 10, dtype: object
Skeleton shape : (61, 17, 3)
X range : [-0.369, 0.592]
Y range : [0.000, 0.994]
Z range : [-0.193, 0.198]
  ✓ Skeleton plot saved → /mvdlph/masa/GCN_SingleView_Regression_Results/run_2026_05_01_22_24_49/plots/sample_skeleton_3views.png
  ✓ Motion frames saved → /mvdlph/masa/GCN_SingleView_Regression_Results/run_2026_05_01_22_24_49/plots/sample_skeleton_motion.png
Axis ranges across all frames:
X: [-0.369, 0.592] — likely left/right
Y: [0.000, 0.994] — likely ???
Z: [-0.193, 0.198] — likely height

Hip  mean XYZ: [0.         0.32057488 0.        ]
Head mean XYZ: [-0.14265826  0.9668146  -0.18420231]

Difference (head - hip): [-0.14265826  0.6462397  -0.18420231]

Camera 0:
  Hip  XYZ: [0.    0.324 0.   ]
  Head XYZ: [-0.144  0.968 -0.183]
  X range: [-0.37, 0.59]
  Z range: [-0.19, 0.20]

Camera 1:
  Hip  XYZ: [0.    0.321 0.   ]
  Head XYZ: [-0.143  0.967 -0.184]
  X range: [-0.37, 0.59]
  Z range: [-0.19, 0.20]

Camera 2:
  Hip  XYZ: [0.    0.316 0.   ]
  Head XYZ: [-0.142  0.966 -0.185]
  X range: [-0.37, 0.59]
  Z range: [-0.19, 0.20]
✓ BZUDataset defined (regression only)
✓ ST-GCN regression model defined
Device : cuda
GPU    : Tesla V100-PCIE-32GB
✓ centre_and_scale and run_epoch (regression) defined

=======================================================
Samples → train=9865, val=2400, test=3107

Correct vs Erroneous per split:
  Train: correct=6091  erroneous=3774 | mean=4.064 std=0.836
  Val  : correct=1842  erroneous= 558 | mean=4.345 std=0.588
  Test : correct=2024  erroneous=1083 | mean=4.156 std=0.768

✓ Train / Val / Test split ready (person-based)
✓ Plotting helpers (regression) defined
✓ EarlyStopping defined (monitoring MAE)
2026-05-01 22:25:25,744 | INFO | ======================================================================
2026-05-01 22:25:25,744 | INFO | STARTING REGRESSION TRAINING  (with Early Stopping on MAE)
2026-05-01 22:25:25,744 | INFO | ======================================================================
2026-05-01 22:25:25,745 | INFO | train=9865 val=2400 test=3107

════════════════════════════════════════════════════════════════════
  Camera CNone  |  Train: 9865  Val: 2400  Test: 3107
  Patience: 50  |  LR: 0.0003  |  Batch: 48
════════════════════════════════════════════════════════════════════
  Ep   1/300 | Tr loss=0.4287 mae=0.759 r2=-0.702 | Vl loss=0.1541 mae=0.449 r2=0.088 | Te loss=0.2549 mae=0.575 r2=0.067 | ES 0/50 ★
2026-05-01 22:26:25,519 | INFO |   Ep   1/300 | Tr loss=0.4287 mae=0.759 r2=-0.702 | Vl loss=0.1541 mae=0.449 r2=0.088 | Te loss=0.2549 mae=0.575 r2=0.067 | ES 0/50 ★
    ★ val_mae=0.4493  rmse=0.5614  r2=0.0885
  Ep   2/300 | Tr loss=0.2101 mae=0.515 r2=0.349 | Vl loss=0.1430 mae=0.446 r2=0.168 | Te loss=0.2434 mae=0.556 r2=0.106 | ES 0/50 ★
2026-05-01 22:27:23,693 | INFO |   Ep   2/300 | Tr loss=0.2101 mae=0.515 r2=0.349 | Vl loss=0.1430 mae=0.446 r2=0.168 | Te loss=0.2434 mae=0.556 r2=0.106 | ES 0/50 ★
    ★ val_mae=0.4455  rmse=0.5364  r2=0.1676
  Ep   3/300 | Tr loss=0.1918 mae=0.487 r2=0.414 | Vl loss=0.1264 mae=0.408 r2=0.265 | Te loss=0.2371 mae=0.548 r2=0.133 | ES 0/50 ★
2026-05-01 22:28:22,101 | INFO |   Ep   3/300 | Tr loss=0.1918 mae=0.487 r2=0.414 | Vl loss=0.1264 mae=0.408 r2=0.265 | Te loss=0.2371 mae=0.548 r2=0.133 | ES 0/50 ★
    ★ val_mae=0.4077  rmse=0.5040  r2=0.2651
  Ep   4/300 | Tr loss=0.1743 mae=0.459 r2=0.476 | Vl loss=0.1239 mae=0.402 r2=0.278 | Te loss=0.2442 mae=0.555 r2=0.108 | ES 0/50 ★
2026-05-01 22:29:20,256 | INFO |   Ep   4/300 | Tr loss=0.1743 mae=0.459 r2=0.476 | Vl loss=0.1239 mae=0.402 r2=0.278 | Te loss=0.2442 mae=0.555 r2=0.108 | ES 0/50 ★
    ★ val_mae=0.4022  rmse=0.4995  r2=0.2783
  Ep   5/300 | Tr loss=0.1630 mae=0.435 r2=0.508 | Vl loss=0.0701 mae=0.243 r2=0.590 | Te loss=0.1965 mae=0.469 r2=0.284 | ES 0/50 ★
2026-05-01 22:30:18,786 | INFO |   Ep   5/300 | Tr loss=0.1630 mae=0.435 r2=0.508 | Vl loss=0.0701 mae=0.243 r2=0.590 | Te loss=0.1965 mae=0.469 r2=0.284 | ES 0/50 ★
    ★ val_mae=0.2426  rmse=0.3764  r2=0.5901
  Ep   6/300 | Tr loss=0.1509 mae=0.413 r2=0.547 | Vl loss=0.0889 mae=0.305 r2=0.479 | Te loss=0.2075 mae=0.486 r2=0.244 | ES 1/50
2026-05-01 22:31:17,039 | INFO |   Ep   6/300 | Tr loss=0.1509 mae=0.413 r2=0.547 | Vl loss=0.0889 mae=0.305 r2=0.479 | Te loss=0.2075 mae=0.486 r2=0.244 | ES 1/50
  Ep   7/300 | Tr loss=0.1427 mae=0.399 r2=0.574 | Vl loss=0.0806 mae=0.260 r2=0.522 | Te loss=0.2003 mae=0.469 r2=0.265 | ES 2/50
2026-05-01 22:32:14,780 | INFO |   Ep   7/300 | Tr loss=0.1427 mae=0.399 r2=0.574 | Vl loss=0.0806 mae=0.260 r2=0.522 | Te loss=0.2003 mae=0.469 r2=0.265 | ES 2/50
  Ep   8/300 | Tr loss=0.1365 mae=0.387 r2=0.593 | Vl loss=0.0785 mae=0.254 r2=0.532 | Te loss=0.1973 mae=0.467 r2=0.277 | ES 3/50
2026-05-01 22:33:13,049 | INFO |   Ep   8/300 | Tr loss=0.1365 mae=0.387 r2=0.593 | Vl loss=0.0785 mae=0.254 r2=0.532 | Te loss=0.1973 mae=0.467 r2=0.277 | ES 3/50
  Ep   9/300 | Tr loss=0.1304 mae=0.377 r2=0.614 | Vl loss=0.0861 mae=0.277 r2=0.489 | Te loss=0.2080 mae=0.483 r2=0.231 | ES 4/50
2026-05-01 22:34:11,945 | INFO |   Ep   9/300 | Tr loss=0.1304 mae=0.377 r2=0.614 | Vl loss=0.0861 mae=0.277 r2=0.489 | Te loss=0.2080 mae=0.483 r2=0.231 | ES 4/50
  Ep  10/300 | Tr loss=0.1291 mae=0.377 r2=0.618 | Vl loss=0.0780 mae=0.273 r2=0.537 | Te loss=0.1891 mae=0.468 r2=0.305 | ES 5/50
2026-05-01 22:35:10,593 | INFO |   Ep  10/300 | Tr loss=0.1291 mae=0.377 r2=0.618 | Vl loss=0.0780 mae=0.273 r2=0.537 | Te loss=0.1891 mae=0.468 r2=0.305 | ES 5/50
  Ep  11/300 | Tr loss=0.1289 mae=0.374 r2=0.619 | Vl loss=0.0735 mae=0.257 r2=0.568 | Te loss=0.1784 mae=0.447 r2=0.343 | ES 6/50
2026-05-01 22:36:08,903 | INFO |   Ep  11/300 | Tr loss=0.1289 mae=0.374 r2=0.619 | Vl loss=0.0735 mae=0.257 r2=0.568 | Te loss=0.1784 mae=0.447 r2=0.343 | ES 6/50
  Ep  12/300 | Tr loss=0.1276 mae=0.371 r2=0.622 | Vl loss=0.0794 mae=0.287 r2=0.531 | Te loss=0.1816 mae=0.457 r2=0.336 | ES 7/50
2026-05-01 22:37:07,439 | INFO |   Ep  12/300 | Tr loss=0.1276 mae=0.371 r2=0.622 | Vl loss=0.0794 mae=0.287 r2=0.531 | Te loss=0.1816 mae=0.457 r2=0.336 | ES 7/50
  Ep  13/300 | Tr loss=0.1250 mae=0.366 r2=0.631 | Vl loss=0.0762 mae=0.273 r2=0.550 | Te loss=0.1840 mae=0.456 r2=0.324 | ES 8/50
2026-05-01 22:38:06,210 | INFO |   Ep  13/300 | Tr loss=0.1250 mae=0.366 r2=0.631 | Vl loss=0.0762 mae=0.273 r2=0.550 | Te loss=0.1840 mae=0.456 r2=0.324 | ES 8/50
  Ep  14/300 | Tr loss=0.1230 mae=0.364 r2=0.636 | Vl loss=0.0758 mae=0.278 r2=0.558 | Te loss=0.1807 mae=0.449 r2=0.331 | ES 9/50
2026-05-01 22:39:04,441 | INFO |   Ep  14/300 | Tr loss=0.1230 mae=0.364 r2=0.636 | Vl loss=0.0758 mae=0.278 r2=0.558 | Te loss=0.1807 mae=0.449 r2=0.331 | ES 9/50
  Ep  15/300 | Tr loss=0.1244 mae=0.364 r2=0.633 | Vl loss=0.0714 mae=0.248 r2=0.582 | Te loss=0.1858 mae=0.456 r2=0.305 | ES 10/50
2026-05-01 22:40:02,842 | INFO |   Ep  15/300 | Tr loss=0.1244 mae=0.364 r2=0.633 | Vl loss=0.0714 mae=0.248 r2=0.582 | Te loss=0.1858 mae=0.456 r2=0.305 | ES 10/50
  Ep  16/300 | Tr loss=0.1214 mae=0.361 r2=0.641 | Vl loss=0.0760 mae=0.267 r2=0.553 | Te loss=0.1851 mae=0.455 r2=0.314 | ES 11/50
2026-05-01 22:41:01,409 | INFO |   Ep  16/300 | Tr loss=0.1214 mae=0.361 r2=0.641 | Vl loss=0.0760 mae=0.267 r2=0.553 | Te loss=0.1851 mae=0.455 r2=0.314 | ES 11/50
  Ep  17/300 | Tr loss=0.1214 mae=0.362 r2=0.642 | Vl loss=0.0707 mae=0.246 r2=0.587 | Te loss=0.1775 mae=0.439 r2=0.339 | ES 12/50
2026-05-01 22:42:00,449 | INFO |   Ep  17/300 | Tr loss=0.1214 mae=0.362 r2=0.642 | Vl loss=0.0707 mae=0.246 r2=0.587 | Te loss=0.1775 mae=0.439 r2=0.339 | ES 12/50
  Ep  18/300 | Tr loss=0.1197 mae=0.357 r2=0.647 | Vl loss=0.0740 mae=0.264 r2=0.568 | Te loss=0.1780 mae=0.441 r2=0.337 | ES 13/50
2026-05-01 22:42:58,671 | INFO |   Ep  18/300 | Tr loss=0.1197 mae=0.357 r2=0.647 | Vl loss=0.0740 mae=0.264 r2=0.568 | Te loss=0.1780 mae=0.441 r2=0.337 | ES 13/50
  Ep  19/300 | Tr loss=0.1201 mae=0.358 r2=0.646 | Vl loss=0.0698 mae=0.243 r2=0.593 | Te loss=0.1783 mae=0.437 r2=0.343 | ES 14/50
2026-05-01 22:43:56,910 | INFO |   Ep  19/300 | Tr loss=0.1201 mae=0.358 r2=0.646 | Vl loss=0.0698 mae=0.243 r2=0.593 | Te loss=0.1783 mae=0.437 r2=0.343 | ES 14/50
  Ep  20/300 | Tr loss=0.1195 mae=0.357 r2=0.647 | Vl loss=0.0771 mae=0.253 r2=0.546 | Te loss=0.1943 mae=0.463 r2=0.275 | ES 15/50
2026-05-01 22:44:55,687 | INFO |   Ep  20/300 | Tr loss=0.1195 mae=0.357 r2=0.647 | Vl loss=0.0771 mae=0.253 r2=0.546 | Te loss=0.1943 mae=0.463 r2=0.275 | ES 15/50
  Ep  21/300 | Tr loss=0.1187 mae=0.355 r2=0.649 | Vl loss=0.0774 mae=0.256 r2=0.546 | Te loss=0.1982 mae=0.468 r2=0.264 | ES 16/50
2026-05-01 22:45:54,506 | INFO |   Ep  21/300 | Tr loss=0.1187 mae=0.355 r2=0.649 | Vl loss=0.0774 mae=0.256 r2=0.546 | Te loss=0.1982 mae=0.468 r2=0.264 | ES 16/50
  Ep  22/300 | Tr loss=0.1175 mae=0.352 r2=0.653 | Vl loss=0.0745 mae=0.268 r2=0.564 | Te loss=0.1849 mae=0.453 r2=0.315 | ES 17/50
2026-05-01 22:46:52,772 | INFO |   Ep  22/300 | Tr loss=0.1175 mae=0.352 r2=0.653 | Vl loss=0.0745 mae=0.268 r2=0.564 | Te loss=0.1849 mae=0.453 r2=0.315 | ES 17/50
  Ep  23/300 | Tr loss=0.1167 mae=0.351 r2=0.656 | Vl loss=0.0693 mae=0.240 r2=0.594 | Te loss=0.1833 mae=0.447 r2=0.316 | ES 0/50 ★
2026-05-01 22:47:51,291 | INFO |   Ep  23/300 | Tr loss=0.1167 mae=0.351 r2=0.656 | Vl loss=0.0693 mae=0.240 r2=0.594 | Te loss=0.1833 mae=0.447 r2=0.316 | ES 0/50 ★
    ★ val_mae=0.2405  rmse=0.3745  r2=0.5943
  Ep  24/300 | Tr loss=0.1176 mae=0.354 r2=0.653 | Vl loss=0.0732 mae=0.249 r2=0.570 | Te loss=0.1874 mae=0.451 r2=0.302 | ES 1/50
2026-05-01 22:48:50,502 | INFO |   Ep  24/300 | Tr loss=0.1176 mae=0.354 r2=0.653 | Vl loss=0.0732 mae=0.249 r2=0.570 | Te loss=0.1874 mae=0.451 r2=0.302 | ES 1/50
  Ep  25/300 | Tr loss=0.1154 mae=0.348 r2=0.659 | Vl loss=0.0780 mae=0.274 r2=0.542 | Te loss=0.1945 mae=0.468 r2=0.271 | ES 2/50
2026-05-01 22:49:48,943 | INFO |   Ep  25/300 | Tr loss=0.1154 mae=0.348 r2=0.659 | Vl loss=0.0780 mae=0.274 r2=0.542 | Te loss=0.1945 mae=0.468 r2=0.271 | ES 2/50
  Ep  26/300 | Tr loss=0.1151 mae=0.349 r2=0.660 | Vl loss=0.0740 mae=0.248 r2=0.567 | Te loss=0.1863 mae=0.450 r2=0.307 | ES 3/50
2026-05-01 22:50:47,531 | INFO |   Ep  26/300 | Tr loss=0.1151 mae=0.349 r2=0.660 | Vl loss=0.0740 mae=0.248 r2=0.567 | Te loss=0.1863 mae=0.450 r2=0.307 | ES 3/50
  Ep  27/300 | Tr loss=0.1161 mae=0.350 r2=0.657 | Vl loss=0.0759 mae=0.254 r2=0.553 | Te loss=0.1932 mae=0.459 r2=0.264 | ES 4/50
2026-05-01 22:51:45,969 | INFO |   Ep  27/300 | Tr loss=0.1161 mae=0.350 r2=0.657 | Vl loss=0.0759 mae=0.254 r2=0.553 | Te loss=0.1932 mae=0.459 r2=0.264 | ES 4/50
  Ep  28/300 | Tr loss=0.1126 mae=0.343 r2=0.667 | Vl loss=0.0717 mae=0.246 r2=0.581 | Te loss=0.1833 mae=0.446 r2=0.314 | ES 5/50
2026-05-01 22:52:44,490 | INFO |   Ep  28/300 | Tr loss=0.1126 mae=0.343 r2=0.667 | Vl loss=0.0717 mae=0.246 r2=0.581 | Te loss=0.1833 mae=0.446 r2=0.314 | ES 5/50
  Ep  29/300 | Tr loss=0.1136 mae=0.345 r2=0.665 | Vl loss=0.0775 mae=0.265 r2=0.545 | Te loss=0.1899 mae=0.453 r2=0.281 | ES 6/50
2026-05-01 22:53:43,139 | INFO |   Ep  29/300 | Tr loss=0.1136 mae=0.345 r2=0.665 | Vl loss=0.0775 mae=0.265 r2=0.545 | Te loss=0.1899 mae=0.453 r2=0.281 | ES 6/50
  Ep  30/300 | Tr loss=0.1140 mae=0.346 r2=0.664 | Vl loss=0.0725 mae=0.251 r2=0.576 | Te loss=0.1843 mae=0.443 r2=0.307 | ES 7/50
2026-05-01 22:54:41,182 | INFO |   Ep  30/300 | Tr loss=0.1140 mae=0.346 r2=0.664 | Vl loss=0.0725 mae=0.251 r2=0.576 | Te loss=0.1843 mae=0.443 r2=0.307 | ES 7/50
  Ep  31/300 | Tr loss=0.1126 mae=0.343 r2=0.667 | Vl loss=0.0800 mae=0.258 r2=0.529 | Te loss=0.2021 mae=0.470 r2=0.248 | ES 8/50
2026-05-01 22:55:39,291 | INFO |   Ep  31/300 | Tr loss=0.1126 mae=0.343 r2=0.667 | Vl loss=0.0800 mae=0.258 r2=0.529 | Te loss=0.2021 mae=0.470 r2=0.248 | ES 8/50
  Ep  32/300 | Tr loss=0.1139 mae=0.346 r2=0.663 | Vl loss=0.0802 mae=0.276 r2=0.527 | Te loss=0.1966 mae=0.466 r2=0.252 | ES 9/50
2026-05-01 22:56:37,479 | INFO |   Ep  32/300 | Tr loss=0.1139 mae=0.346 r2=0.663 | Vl loss=0.0802 mae=0.276 r2=0.527 | Te loss=0.1966 mae=0.466 r2=0.252 | ES 9/50
  Ep  33/300 | Tr loss=0.1124 mae=0.344 r2=0.668 | Vl loss=0.0705 mae=0.242 r2=0.587 | Te loss=0.1804 mae=0.442 r2=0.326 | ES 10/50
2026-05-01 22:57:35,262 | INFO |   Ep  33/300 | Tr loss=0.1124 mae=0.344 r2=0.668 | Vl loss=0.0705 mae=0.242 r2=0.587 | Te loss=0.1804 mae=0.442 r2=0.326 | ES 10/50
  Ep  34/300 | Tr loss=0.1125 mae=0.343 r2=0.669 | Vl loss=0.0775 mae=0.253 r2=0.544 | Te loss=0.1979 mae=0.463 r2=0.260 | ES 11/50
2026-05-01 22:58:33,053 | INFO |   Ep  34/300 | Tr loss=0.1125 mae=0.343 r2=0.669 | Vl loss=0.0775 mae=0.253 r2=0.544 | Te loss=0.1979 mae=0.463 r2=0.260 | ES 11/50
  Ep  35/300 | Tr loss=0.1136 mae=0.344 r2=0.665 | Vl loss=0.0709 mae=0.239 r2=0.585 | Te loss=0.1816 mae=0.441 r2=0.318 | ES 0/50 ★
2026-05-01 22:59:31,418 | INFO |   Ep  35/300 | Tr loss=0.1136 mae=0.344 r2=0.665 | Vl loss=0.0709 mae=0.239 r2=0.585 | Te loss=0.1816 mae=0.441 r2=0.318 | ES 0/50 ★
    ★ val_mae=0.2387  rmse=0.3789  r2=0.5846
  Ep  36/300 | Tr loss=0.1123 mae=0.342 r2=0.668 | Vl loss=0.0751 mae=0.252 r2=0.558 | Te loss=0.1935 mae=0.457 r2=0.261 | ES 1/50
2026-05-01 23:00:30,344 | INFO |   Ep  36/300 | Tr loss=0.1123 mae=0.342 r2=0.668 | Vl loss=0.0751 mae=0.252 r2=0.558 | Te loss=0.1935 mae=0.457 r2=0.261 | ES 1/50
  Ep  37/300 | Tr loss=0.1118 mae=0.340 r2=0.670 | Vl loss=0.0724 mae=0.255 r2=0.575 | Te loss=0.1744 mae=0.435 r2=0.342 | ES 2/50
2026-05-01 23:01:29,112 | INFO |   Ep  37/300 | Tr loss=0.1118 mae=0.340 r2=0.670 | Vl loss=0.0724 mae=0.255 r2=0.575 | Te loss=0.1744 mae=0.435 r2=0.342 | ES 2/50
  Ep  38/300 | Tr loss=0.1115 mae=0.342 r2=0.671 | Vl loss=0.0745 mae=0.256 r2=0.562 | Te loss=0.1874 mae=0.452 r2=0.289 | ES 3/50
2026-05-01 23:02:27,110 | INFO |   Ep  38/300 | Tr loss=0.1115 mae=0.342 r2=0.671 | Vl loss=0.0745 mae=0.256 r2=0.562 | Te loss=0.1874 mae=0.452 r2=0.289 | ES 3/50
  Ep  39/300 | Tr loss=0.1120 mae=0.342 r2=0.668 | Vl loss=0.0718 mae=0.247 r2=0.579 | Te loss=0.1827 mae=0.444 r2=0.312 | ES 4/50
2026-05-01 23:03:25,282 | INFO |   Ep  39/300 | Tr loss=0.1120 mae=0.342 r2=0.668 | Vl loss=0.0718 mae=0.247 r2=0.579 | Te loss=0.1827 mae=0.444 r2=0.312 | ES 4/50
  Ep  40/300 | Tr loss=0.1107 mae=0.338 r2=0.673 | Vl loss=0.0704 mae=0.240 r2=0.587 | Te loss=0.1853 mae=0.445 r2=0.305 | ES 5/50
2026-05-01 23:04:23,873 | INFO |   Ep  40/300 | Tr loss=0.1107 mae=0.338 r2=0.673 | Vl loss=0.0704 mae=0.240 r2=0.587 | Te loss=0.1853 mae=0.445 r2=0.305 | ES 5/50
  Ep  41/300 | Tr loss=0.1111 mae=0.340 r2=0.673 | Vl loss=0.0713 mae=0.252 r2=0.582 | Te loss=0.1823 mae=0.441 r2=0.313 | ES 6/50
2026-05-01 23:05:21,517 | INFO |   Ep  41/300 | Tr loss=0.1111 mae=0.340 r2=0.673 | Vl loss=0.0713 mae=0.252 r2=0.582 | Te loss=0.1823 mae=0.441 r2=0.313 | ES 6/50
  Ep  42/300 | Tr loss=0.1110 mae=0.339 r2=0.672 | Vl loss=0.0715 mae=0.249 r2=0.580 | Te loss=0.1823 mae=0.445 r2=0.315 | ES 7/50
2026-05-01 23:06:19,742 | INFO |   Ep  42/300 | Tr loss=0.1110 mae=0.339 r2=0.672 | Vl loss=0.0715 mae=0.249 r2=0.580 | Te loss=0.1823 mae=0.445 r2=0.315 | ES 7/50
  Ep  43/300 | Tr loss=0.1099 mae=0.338 r2=0.675 | Vl loss=0.0709 mae=0.240 r2=0.583 | Te loss=0.1805 mae=0.437 r2=0.320 | ES 8/50
2026-05-01 23:07:18,125 | INFO |   Ep  43/300 | Tr loss=0.1099 mae=0.338 r2=0.675 | Vl loss=0.0709 mae=0.240 r2=0.583 | Te loss=0.1805 mae=0.437 r2=0.320 | ES 8/50
  Ep  44/300 | Tr loss=0.1093 mae=0.338 r2=0.677 | Vl loss=0.0741 mae=0.256 r2=0.564 | Te loss=0.1899 mae=0.452 r2=0.275 | ES 9/50
2026-05-01 23:08:16,769 | INFO |   Ep  44/300 | Tr loss=0.1093 mae=0.338 r2=0.677 | Vl loss=0.0741 mae=0.256 r2=0.564 | Te loss=0.1899 mae=0.452 r2=0.275 | ES 9/50
  Ep  45/300 | Tr loss=0.1091 mae=0.337 r2=0.677 | Vl loss=0.0735 mae=0.267 r2=0.567 | Te loss=0.1753 mae=0.436 r2=0.337 | ES 10/50
2026-05-01 23:09:15,197 | INFO |   Ep  45/300 | Tr loss=0.1091 mae=0.337 r2=0.677 | Vl loss=0.0735 mae=0.267 r2=0.567 | Te loss=0.1753 mae=0.436 r2=0.337 | ES 10/50
  Ep  46/300 | Tr loss=0.1082 mae=0.335 r2=0.681 | Vl loss=0.0705 mae=0.245 r2=0.586 | Te loss=0.1772 mae=0.434 r2=0.332 | ES 11/50
2026-05-01 23:10:13,642 | INFO |   Ep  46/300 | Tr loss=0.1082 mae=0.335 r2=0.681 | Vl loss=0.0705 mae=0.245 r2=0.586 | Te loss=0.1772 mae=0.434 r2=0.332 | ES 11/50
  Ep  47/300 | Tr loss=0.1094 mae=0.338 r2=0.676 | Vl loss=0.0709 mae=0.247 r2=0.585 | Te loss=0.1748 mae=0.431 r2=0.341 | ES 12/50
2026-05-01 23:11:12,469 | INFO |   Ep  47/300 | Tr loss=0.1094 mae=0.338 r2=0.676 | Vl loss=0.0709 mae=0.247 r2=0.585 | Te loss=0.1748 mae=0.431 r2=0.341 | ES 12/50
  Ep  48/300 | Tr loss=0.1094 mae=0.336 r2=0.677 | Vl loss=0.0716 mae=0.248 r2=0.577 | Te loss=0.1726 mae=0.427 r2=0.351 | ES 13/50
2026-05-01 23:12:11,467 | INFO |   Ep  48/300 | Tr loss=0.1094 mae=0.336 r2=0.677 | Vl loss=0.0716 mae=0.248 r2=0.577 | Te loss=0.1726 mae=0.427 r2=0.351 | ES 13/50
  Ep  49/300 | Tr loss=0.1087 mae=0.335 r2=0.679 | Vl loss=0.0740 mae=0.251 r2=0.565 | Te loss=0.1934 mae=0.457 r2=0.269 | ES 14/50
2026-05-01 23:13:09,638 | INFO |   Ep  49/300 | Tr loss=0.1087 mae=0.335 r2=0.679 | Vl loss=0.0740 mae=0.251 r2=0.565 | Te loss=0.1934 mae=0.457 r2=0.269 | ES 14/50
  Ep  50/300 | Tr loss=0.1089 mae=0.336 r2=0.678 | Vl loss=0.0721 mae=0.261 r2=0.578 | Te loss=0.1754 mae=0.433 r2=0.340 | ES 15/50
2026-05-01 23:14:08,424 | INFO |   Ep  50/300 | Tr loss=0.1089 mae=0.336 r2=0.678 | Vl loss=0.0721 mae=0.261 r2=0.578 | Te loss=0.1754 mae=0.433 r2=0.340 | ES 15/50
  Ep  51/300 | Tr loss=0.1084 mae=0.336 r2=0.679 | Vl loss=0.0714 mae=0.246 r2=0.581 | Te loss=0.1819 mae=0.440 r2=0.312 | ES 16/50
2026-05-01 23:15:07,123 | INFO |   Ep  51/300 | Tr loss=0.1084 mae=0.336 r2=0.679 | Vl loss=0.0714 mae=0.246 r2=0.581 | Te loss=0.1819 mae=0.440 r2=0.312 | ES 16/50
  Ep  52/300 | Tr loss=0.1080 mae=0.334 r2=0.680 | Vl loss=0.0714 mae=0.258 r2=0.581 | Te loss=0.1763 mae=0.437 r2=0.337 | ES 17/50
2026-05-01 23:16:05,786 | INFO |   Ep  52/300 | Tr loss=0.1080 mae=0.334 r2=0.680 | Vl loss=0.0714 mae=0.258 r2=0.581 | Te loss=0.1763 mae=0.437 r2=0.337 | ES 17/50
  Ep  53/300 | Tr loss=0.1073 mae=0.333 r2=0.682 | Vl loss=0.0713 mae=0.245 r2=0.580 | Te loss=0.1796 mae=0.437 r2=0.319 | ES 18/50
2026-05-01 23:17:03,788 | INFO |   Ep  53/300 | Tr loss=0.1073 mae=0.333 r2=0.682 | Vl loss=0.0713 mae=0.245 r2=0.580 | Te loss=0.1796 mae=0.437 r2=0.319 | ES 18/50
  Ep  54/300 | Tr loss=0.1085 mae=0.335 r2=0.679 | Vl loss=0.0721 mae=0.248 r2=0.574 | Te loss=0.1811 mae=0.443 r2=0.319 | ES 19/50
2026-05-01 23:18:02,014 | INFO |   Ep  54/300 | Tr loss=0.1085 mae=0.335 r2=0.679 | Vl loss=0.0721 mae=0.248 r2=0.574 | Te loss=0.1811 mae=0.443 r2=0.319 | ES 19/50
  Ep  55/300 | Tr loss=0.1077 mae=0.334 r2=0.682 | Vl loss=0.0725 mae=0.245 r2=0.573 | Te loss=0.1870 mae=0.445 r2=0.299 | ES 20/50
2026-05-01 23:19:00,330 | INFO |   Ep  55/300 | Tr loss=0.1077 mae=0.334 r2=0.682 | Vl loss=0.0725 mae=0.245 r2=0.573 | Te loss=0.1870 mae=0.445 r2=0.299 | ES 20/50
  Ep  56/300 | Tr loss=0.1064 mae=0.332 r2=0.685 | Vl loss=0.0714 mae=0.244 r2=0.582 | Te loss=0.1853 mae=0.441 r2=0.300 | ES 21/50
2026-05-01 23:19:59,248 | INFO |   Ep  56/300 | Tr loss=0.1064 mae=0.332 r2=0.685 | Vl loss=0.0714 mae=0.244 r2=0.582 | Te loss=0.1853 mae=0.441 r2=0.300 | ES 21/50
  Ep  57/300 | Tr loss=0.1070 mae=0.332 r2=0.683 | Vl loss=0.0721 mae=0.249 r2=0.577 | Te loss=0.1873 mae=0.445 r2=0.296 | ES 22/50
2026-05-01 23:20:57,357 | INFO |   Ep  57/300 | Tr loss=0.1070 mae=0.332 r2=0.683 | Vl loss=0.0721 mae=0.249 r2=0.577 | Te loss=0.1873 mae=0.445 r2=0.296 | ES 22/50
  Ep  58/300 | Tr loss=0.1075 mae=0.333 r2=0.682 | Vl loss=0.0710 mae=0.241 r2=0.584 | Te loss=0.1892 mae=0.448 r2=0.290 | ES 23/50
2026-05-01 23:21:56,018 | INFO |   Ep  58/300 | Tr loss=0.1075 mae=0.333 r2=0.682 | Vl loss=0.0710 mae=0.241 r2=0.584 | Te loss=0.1892 mae=0.448 r2=0.290 | ES 23/50
  Ep  59/300 | Tr loss=0.1063 mae=0.331 r2=0.685 | Vl loss=0.0718 mae=0.245 r2=0.577 | Te loss=0.1811 mae=0.438 r2=0.312 | ES 24/50
2026-05-01 23:22:54,704 | INFO |   Ep  59/300 | Tr loss=0.1063 mae=0.331 r2=0.685 | Vl loss=0.0718 mae=0.245 r2=0.577 | Te loss=0.1811 mae=0.438 r2=0.312 | ES 24/50
  Ep  60/300 | Tr loss=0.1064 mae=0.332 r2=0.685 | Vl loss=0.0712 mae=0.252 r2=0.582 | Te loss=0.1876 mae=0.452 r2=0.294 | ES 25/50
2026-05-01 23:23:53,412 | INFO |   Ep  60/300 | Tr loss=0.1064 mae=0.332 r2=0.685 | Vl loss=0.0712 mae=0.252 r2=0.582 | Te loss=0.1876 mae=0.452 r2=0.294 | ES 25/50
  Ep  61/300 | Tr loss=0.1063 mae=0.332 r2=0.685 | Vl loss=0.0696 mae=0.245 r2=0.594 | Te loss=0.1755 mae=0.428 r2=0.342 | ES 26/50
2026-05-01 23:24:52,096 | INFO |   Ep  61/300 | Tr loss=0.1063 mae=0.332 r2=0.685 | Vl loss=0.0696 mae=0.245 r2=0.594 | Te loss=0.1755 mae=0.428 r2=0.342 | ES 26/50
  Ep  62/300 | Tr loss=0.1070 mae=0.333 r2=0.683 | Vl loss=0.0699 mae=0.246 r2=0.591 | Te loss=0.1829 mae=0.439 r2=0.314 | ES 27/50
2026-05-01 23:25:50,606 | INFO |   Ep  62/300 | Tr loss=0.1070 mae=0.333 r2=0.683 | Vl loss=0.0699 mae=0.246 r2=0.591 | Te loss=0.1829 mae=0.439 r2=0.314 | ES 27/50
  Ep  63/300 | Tr loss=0.1063 mae=0.329 r2=0.685 | Vl loss=0.0706 mae=0.248 r2=0.583 | Te loss=0.1834 mae=0.443 r2=0.301 | ES 28/50
2026-05-01 23:26:49,824 | INFO |   Ep  63/300 | Tr loss=0.1063 mae=0.329 r2=0.685 | Vl loss=0.0706 mae=0.248 r2=0.583 | Te loss=0.1834 mae=0.443 r2=0.301 | ES 28/50
  Ep  64/300 | Tr loss=0.1053 mae=0.329 r2=0.688 | Vl loss=0.0701 mae=0.243 r2=0.589 | Te loss=0.1786 mae=0.436 r2=0.327 | ES 29/50
2026-05-01 23:27:48,252 | INFO |   Ep  64/300 | Tr loss=0.1053 mae=0.329 r2=0.688 | Vl loss=0.0701 mae=0.243 r2=0.589 | Te loss=0.1786 mae=0.436 r2=0.327 | ES 29/50
  Ep  65/300 | Tr loss=0.1059 mae=0.330 r2=0.687 | Vl loss=0.0727 mae=0.248 r2=0.571 | Te loss=0.1779 mae=0.433 r2=0.329 | ES 30/50
2026-05-01 23:28:46,403 | INFO |   Ep  65/300 | Tr loss=0.1059 mae=0.330 r2=0.687 | Vl loss=0.0727 mae=0.248 r2=0.571 | Te loss=0.1779 mae=0.433 r2=0.329 | ES 30/50
  Ep  66/300 | Tr loss=0.1062 mae=0.331 r2=0.685 | Vl loss=0.0705 mae=0.242 r2=0.587 | Te loss=0.1795 mae=0.435 r2=0.328 | ES 31/50
2026-05-01 23:29:45,089 | INFO |   Ep  66/300 | Tr loss=0.1062 mae=0.331 r2=0.685 | Vl loss=0.0705 mae=0.242 r2=0.587 | Te loss=0.1795 mae=0.435 r2=0.328 | ES 31/50
  Ep  67/300 | Tr loss=0.1058 mae=0.330 r2=0.687 | Vl loss=0.0714 mae=0.245 r2=0.581 | Te loss=0.1823 mae=0.437 r2=0.313 | ES 32/50
2026-05-01 23:30:43,238 | INFO |   Ep  67/300 | Tr loss=0.1058 mae=0.330 r2=0.687 | Vl loss=0.0714 mae=0.245 r2=0.581 | Te loss=0.1823 mae=0.437 r2=0.313 | ES 32/50
  Ep  68/300 | Tr loss=0.1061 mae=0.330 r2=0.685 | Vl loss=0.0725 mae=0.262 r2=0.576 | Te loss=0.1793 mae=0.435 r2=0.327 | ES 33/50
2026-05-01 23:31:41,887 | INFO |   Ep  68/300 | Tr loss=0.1061 mae=0.330 r2=0.685 | Vl loss=0.0725 mae=0.262 r2=0.576 | Te loss=0.1793 mae=0.435 r2=0.327 | ES 33/50
  Ep  69/300 | Tr loss=0.1055 mae=0.330 r2=0.687 | Vl loss=0.0725 mae=0.248 r2=0.574 | Te loss=0.1848 mae=0.441 r2=0.304 | ES 34/50
2026-05-01 23:32:40,432 | INFO |   Ep  69/300 | Tr loss=0.1055 mae=0.330 r2=0.687 | Vl loss=0.0725 mae=0.248 r2=0.574 | Te loss=0.1848 mae=0.441 r2=0.304 | ES 34/50
  Ep  70/300 | Tr loss=0.1049 mae=0.329 r2=0.689 | Vl loss=0.0710 mae=0.247 r2=0.582 | Te loss=0.1794 mae=0.436 r2=0.320 | ES 35/50
2026-05-01 23:33:38,862 | INFO |   Ep  70/300 | Tr loss=0.1049 mae=0.329 r2=0.689 | Vl loss=0.0710 mae=0.247 r2=0.582 | Te loss=0.1794 mae=0.436 r2=0.320 | ES 35/50
  Ep  71/300 | Tr loss=0.1041 mae=0.328 r2=0.691 | Vl loss=0.0728 mae=0.257 r2=0.574 | Te loss=0.1776 mae=0.433 r2=0.332 | ES 36/50
2026-05-01 23:34:37,179 | INFO |   Ep  71/300 | Tr loss=0.1041 mae=0.328 r2=0.691 | Vl loss=0.0728 mae=0.257 r2=0.574 | Te loss=0.1776 mae=0.433 r2=0.332 | ES 36/50
  Ep  72/300 | Tr loss=0.1059 mae=0.329 r2=0.687 | Vl loss=0.0728 mae=0.265 r2=0.572 | Te loss=0.1801 mae=0.441 r2=0.321 | ES 37/50
2026-05-01 23:35:35,592 | INFO |   Ep  72/300 | Tr loss=0.1059 mae=0.329 r2=0.687 | Vl loss=0.0728 mae=0.265 r2=0.572 | Te loss=0.1801 mae=0.441 r2=0.321 | ES 37/50
  Ep  73/300 | Tr loss=0.1042 mae=0.327 r2=0.691 | Vl loss=0.0710 mae=0.243 r2=0.582 | Te loss=0.1851 mae=0.442 r2=0.301 | ES 38/50
2026-05-01 23:36:33,975 | INFO |   Ep  73/300 | Tr loss=0.1042 mae=0.327 r2=0.691 | Vl loss=0.0710 mae=0.243 r2=0.582 | Te loss=0.1851 mae=0.442 r2=0.301 | ES 38/50
  Ep  74/300 | Tr loss=0.1057 mae=0.330 r2=0.687 | Vl loss=0.0716 mae=0.241 r2=0.580 | Te loss=0.1857 mae=0.440 r2=0.302 | ES 39/50
2026-05-01 23:37:32,289 | INFO |   Ep  74/300 | Tr loss=0.1057 mae=0.330 r2=0.687 | Vl loss=0.0716 mae=0.241 r2=0.580 | Te loss=0.1857 mae=0.440 r2=0.302 | ES 39/50
  Ep  75/300 | Tr loss=0.1048 mae=0.328 r2=0.689 | Vl loss=0.0710 mae=0.243 r2=0.585 | Te loss=0.1861 mae=0.440 r2=0.305 | ES 40/50
2026-05-01 23:38:30,917 | INFO |   Ep  75/300 | Tr loss=0.1048 mae=0.328 r2=0.689 | Vl loss=0.0710 mae=0.243 r2=0.585 | Te loss=0.1861 mae=0.440 r2=0.305 | ES 40/50
  Ep  76/300 | Tr loss=0.1056 mae=0.330 r2=0.687 | Vl loss=0.0717 mae=0.247 r2=0.578 | Te loss=0.1888 mae=0.447 r2=0.288 | ES 41/50
2026-05-01 23:39:29,845 | INFO |   Ep  76/300 | Tr loss=0.1056 mae=0.330 r2=0.687 | Vl loss=0.0717 mae=0.247 r2=0.578 | Te loss=0.1888 mae=0.447 r2=0.288 | ES 41/50
  Ep  77/300 | Tr loss=0.1049 mae=0.327 r2=0.689 | Vl loss=0.0711 mae=0.244 r2=0.584 | Te loss=0.1796 mae=0.434 r2=0.324 | ES 42/50
2026-05-01 23:40:28,078 | INFO |   Ep  77/300 | Tr loss=0.1049 mae=0.327 r2=0.689 | Vl loss=0.0711 mae=0.244 r2=0.584 | Te loss=0.1796 mae=0.434 r2=0.324 | ES 42/50
  Ep  78/300 | Tr loss=0.1043 mae=0.326 r2=0.691 | Vl loss=0.0694 mae=0.243 r2=0.593 | Te loss=0.1829 mae=0.442 r2=0.315 | ES 43/50
2026-05-01 23:41:26,598 | INFO |   Ep  78/300 | Tr loss=0.1043 mae=0.326 r2=0.691 | Vl loss=0.0694 mae=0.243 r2=0.593 | Te loss=0.1829 mae=0.442 r2=0.315 | ES 43/50
  Ep  79/300 | Tr loss=0.1038 mae=0.326 r2=0.691 | Vl loss=0.0739 mae=0.249 r2=0.565 | Te loss=0.1840 mae=0.439 r2=0.305 | ES 44/50
2026-05-01 23:42:25,010 | INFO |   Ep  79/300 | Tr loss=0.1038 mae=0.326 r2=0.691 | Vl loss=0.0739 mae=0.249 r2=0.565 | Te loss=0.1840 mae=0.439 r2=0.305 | ES 44/50
  Ep  80/300 | Tr loss=0.1042 mae=0.325 r2=0.691 | Vl loss=0.0703 mae=0.251 r2=0.589 | Te loss=0.1840 mae=0.443 r2=0.313 | ES 45/50
2026-05-01 23:43:23,596 | INFO |   Ep  80/300 | Tr loss=0.1042 mae=0.325 r2=0.691 | Vl loss=0.0703 mae=0.251 r2=0.589 | Te loss=0.1840 mae=0.443 r2=0.313 | ES 45/50
  Ep  81/300 | Tr loss=0.1046 mae=0.327 r2=0.691 | Vl loss=0.0713 mae=0.241 r2=0.580 | Te loss=0.1810 mae=0.436 r2=0.318 | ES 46/50
2026-05-01 23:44:21,766 | INFO |   Ep  81/300 | Tr loss=0.1046 mae=0.327 r2=0.691 | Vl loss=0.0713 mae=0.241 r2=0.580 | Te loss=0.1810 mae=0.436 r2=0.318 | ES 46/50
  Ep  82/300 | Tr loss=0.1029 mae=0.325 r2=0.695 | Vl loss=0.0709 mae=0.246 r2=0.583 | Te loss=0.1827 mae=0.439 r2=0.312 | ES 47/50
2026-05-01 23:45:20,433 | INFO |   Ep  82/300 | Tr loss=0.1029 mae=0.325 r2=0.695 | Vl loss=0.0709 mae=0.246 r2=0.583 | Te loss=0.1827 mae=0.439 r2=0.312 | ES 47/50
  Ep  83/300 | Tr loss=0.1040 mae=0.326 r2=0.692 | Vl loss=0.0698 mae=0.246 r2=0.591 | Te loss=0.1802 mae=0.434 r2=0.324 | ES 48/50
2026-05-01 23:46:18,613 | INFO |   Ep  83/300 | Tr loss=0.1040 mae=0.326 r2=0.692 | Vl loss=0.0698 mae=0.246 r2=0.591 | Te loss=0.1802 mae=0.434 r2=0.324 | ES 48/50
  Ep  84/300 | Tr loss=0.1042 mae=0.327 r2=0.692 | Vl loss=0.0712 mae=0.240 r2=0.581 | Te loss=0.1847 mae=0.441 r2=0.305 | ES 49/50
2026-05-01 23:47:16,843 | INFO |   Ep  84/300 | Tr loss=0.1042 mae=0.327 r2=0.692 | Vl loss=0.0712 mae=0.240 r2=0.581 | Te loss=0.1847 mae=0.441 r2=0.305 | ES 49/50
  Ep  85/300 | Tr loss=0.1046 mae=0.327 r2=0.689 | Vl loss=0.0701 mae=0.242 r2=0.588 | Te loss=0.1814 mae=0.436 r2=0.318 | ES 50/50
2026-05-01 23:48:15,264 | INFO |   Ep  85/300 | Tr loss=0.1046 mae=0.327 r2=0.689 | Vl loss=0.0701 mae=0.242 r2=0.588 | Te loss=0.1814 mae=0.436 r2=0.318 | ES 50/50

  ⏹  Early stopping at epoch 85 (best=35)
2026-05-01 23:48:15,270 | INFO | Early stopping at epoch 85 best=35

✓ Training complete!

  ── Final Test Results (best epoch = 35) ──────────────────
  Loss : 0.1816
  RMSE : 0.6337
  MAE  : 0.4409
  R²   : 0.3181
  ✓ Saved → /mvdlph/masa/GCN_SingleView_Regression_Results/run_2026_05_01_22_24_49/plots/loss_curve.png
  ✓ Saved → /mvdlph/masa/GCN_SingleView_Regression_Results/run_2026_05_01_22_24_49/plots/rmse_mae.png
  ✓ Saved → /mvdlph/masa/GCN_SingleView_Regression_Results/run_2026_05_01_22_24_49/plots/r2_curve.png
  ✓ Saved → /mvdlph/masa/GCN_SingleView_Regression_Results/run_2026_05_01_22_24_49/plots/regression_scatter_test.png
  ✓ Saved → /mvdlph/masa/GCN_SingleView_Regression_Results/run_2026_05_01_22_24_49/plots/early_stopping.png
  ✓ History → /mvdlph/masa/GCN_SingleView_Regression_Results/run_2026_05_01_22_24_49/logs/training_history.json
============================================================
DIAGNOSTIC 1: Per-exercise skeleton variance (C0)
============================================================
  Exercise      X-var      Y-var      Z-var  Z/X ratio
-------------------------------------------------------
        E0     0.0459     0.0678     0.0083      0.181
        E1     0.0503     0.0691     0.0089      0.178
        E2     0.0418     0.0730     0.0097      0.232
        E3     0.0478     0.0716     0.0102      0.213
        E4     0.0504     0.0719     0.0100      0.199
        E5     0.0437     0.0658     0.0087      0.199
        E6     0.0494     0.0712     0.0096      0.194
        E7     0.0497     0.0706     0.0095      0.192
        E8     0.0443     0.0672     0.0091      0.206
        E9     0.0512     0.0717     0.0097      0.190

============================================================
DIAGNOSTIC 2: Quality score distribution per split
============================================================
 Train: mean=4.064 std=0.836 min=1.34 max=5.00 | correct=6091 erroneous=3774
   Val: mean=4.345 std=0.588 min=2.42 max=5.00 | correct=1842 erroneous=558
  Test: mean=4.156 std=0.768 min=1.80 max=5.00 | correct=2024 erroneous=1083
============================================================
  TRAINING SUMMARY — ST-GCN Regression (Single View)
============================================================
  Best Epoch       : 35  (stopped at 85)
  Best Val MAE     : 0.2387
  Best Val RMSE    : 0.3789
  Best Val R²      : 0.5846
────────────────────────────────────────────────────────────
  Test MAE         : 0.4409
  Test RMSE        : 0.6337
  Test R²          : 0.3181
============================================================
2026-05-01 23:48:34,020 | INFO | Best Epoch=35  stopped_epoch=85
2026-05-01 23:48:34,021 | INFO | Test MAE=0.4409
2026-05-01 23:48:34,021 | INFO | Test RMSE=0.6337
2026-05-01 23:48:34,021 | INFO | Test R²=0.3181

✓ Summary CSV saved → /mvdlph/masa/GCN_SingleView_Regression_Results/training_summary.csv
2026-05-01 23:48:34,026 | INFO | ✓ All done!
