✓ stdout → also writing to /mvdlph/masa/GCN_MultiView_EarlyFusion_Results/run_2026_05_12_18_39_46/logs/training_20260512_183946.log
2026-05-12 18:39:46,441 | INFO | ======================================================================
2026-05-12 18:39:46,442 | INFO | ST-GCN Multi-View Early Fusion | Cameras=[0, 1, 2] | FusedJoints=51
2026-05-12 18:39:46,442 | INFO | Epochs=300 | Patience=80 | Batch=32
2026-05-12 18:39:46,442 | INFO | ======================================================================
✓ parse_filename and load_skeleton defined

[TRAIN] NPZ files found : 9477
  Unique segments      : 3286
  Unique trial keys    : 327
  Quality mean±std     : 4.138 ± 0.808
  Views available dist :
1      98
2     185
3    3003

[VALID] NPZ files found : 2790
  Unique segments      : 992
  Unique trial keys    : 100
  Quality mean±std     : 4.246 ± 0.732
  Views available dist :
1     60
2     66
3    866

[TEST] NPZ files found : 3108
  Unique segments      : 1046
  Unique trial keys    : 107
  Quality mean±std     : 4.032 ± 0.776
  Views available dist :
1       8
2      14
3    1024

Checking for corrupted files...
  [TRAIN] Clean samples : 3286
  [VALID] Clean samples : 992
  [TEST] Clean samples : 1046

✓ No data-leakage detected across splits

════════════════════════════════════════════════════════════════════════
  Split      Segs   Correct   Erroneous   Q mean   Q std   Q min   Q max
  ──────────────────────────────────────────────────────────────────────
  Train      3286      2113        1173    4.138   0.808   1.340   5.000
  Val         992       683         309    4.246   0.732   2.280   5.000
  Test       1046       679         367    4.032   0.776   2.140   5.000
════════════════════════════════════════════════════════════════════════

✓ Multi-view index ready  →  train / val / test DataFrames built

============================================================
Camera availability per split:
============================================================

  Train:
    Camera 0: 3174/3286 segments (96.6%)
    Camera 1: 3132/3286 segments (95.3%)
    Camera 2: 3171/3286 segments (96.5%)

  Val:
    Camera 0: 940/992 segments (94.8%)
    Camera 1: 925/992 segments (93.2%)
    Camera 2: 925/992 segments (93.2%)

  Test:
    Camera 0: 1033/1046 segments (98.8%)
    Camera 1: 1045/1046 segments (99.9%)
    Camera 2: 1030/1046 segments (98.5%)

============================================================
View completeness per split:
============================================================
  Train: {1: 98, 2: 185, 3: 3003}
  Val: {1: 60, 2: 66, 3: 866}
  Test: {1: 8, 2: 14, 3: 1024}
✓ Skeleton visualisation helpers defined
person      P0
exercise     0
trial_id    T1
segment      0
Name: 10, dtype: object
Skeleton shape : (81, 17, 3)
  ✓ Skeleton plot saved → /mvdlph/masa/GCN_MultiView_EarlyFusion_Results/run_2026_05_12_18_39_46/plots/sample_skeleton_3views.png
✓ BZUMultiViewDataset defined (early fusion, cameras=[0, 1, 2])
  Sample shape: torch.Size([100, 51, 6])  (expected T=100, V*J=51, C=6)
✓ Dataset shape check passed
✓ GCN_MultiView_Regression sanity check passed — output shape: torch.Size([2])
✓ Total trainable parameters: 743,437
✓ Multi-view adjacency: intra-view edges=49, cross-view edges per block=17
Device : cuda
GPU    : Tesla V100-PCIE-32GB
✓ run_epoch (multi-view, no centre_and_scale needed) defined
=================================================================
Quality score distribution audit
=================================================================
  ✓ Saved → /mvdlph/masa/GCN_MultiView_EarlyFusion_Results/run_2026_05_12_18_39_46/plots/split_quality_distributions.png
✓ Plotting helpers defined
✓ EarlyStopping defined (monitoring MAE)
2026-05-12 18:40:00,466 | INFO | ======================================================================
2026-05-12 18:40:00,466 | INFO | STARTING MULTI-VIEW EARLY FUSION TRAINING
2026-05-12 18:40:00,467 | INFO | Cameras=[0, 1, 2]  FusedJoints=51  CrossViewEdges=True
2026-05-12 18:40:00,467 | INFO | train=3286 val=992 test=1046
2026-05-12 18:40:00,467 | INFO | ======================================================================

════════════════════════════════════════════════════════════════════════
  Multi-View Early Fusion  |  Cameras: [0, 1, 2]  |  Fused joints: 51
  Train: 3286  Val: 992  Test: 1046
  Patience: 80  |  LR: 0.0001  |  Batch: 32
════════════════════════════════════════════════════════════════════════
  Ep   1/300 | Tr loss=0.8875 mae=0.664 r2=-0.361 pcc=0.413 | Vl loss=0.4173 mae=0.487 r2=0.220 pcc=0.773 | ES 0/80 ★
2026-05-12 18:40:24,670 | INFO |   Ep   1/300 | Tr loss=0.8875 mae=0.664 r2=-0.361 pcc=0.413 | Vl loss=0.4173 mae=0.487 r2=0.220 pcc=0.773 | ES 0/80 ★
    ★ val_mae=0.4866  rmse=0.6460  r2=0.2200  pcc=0.7727
  Ep   2/300 | Tr loss=0.6468 mae=0.572 r2=0.008 pcc=0.574 | Vl loss=0.3513 mae=0.437 r2=0.343 pcc=0.776 | ES 0/80 ★
2026-05-12 18:40:48,484 | INFO |   Ep   2/300 | Tr loss=0.6468 mae=0.572 r2=0.008 pcc=0.574 | Vl loss=0.3513 mae=0.437 r2=0.343 pcc=0.776 | ES 0/80 ★
    ★ val_mae=0.4373  rmse=0.5927  r2=0.3434  pcc=0.7755
  Ep   3/300 | Tr loss=0.6093 mae=0.548 r2=0.067 pcc=0.576 | Vl loss=0.2127 mae=0.358 r2=0.602 pcc=0.839 | ES 0/80 ★
2026-05-12 18:41:12,448 | INFO |   Ep   3/300 | Tr loss=0.6093 mae=0.548 r2=0.067 pcc=0.576 | Vl loss=0.2127 mae=0.358 r2=0.602 pcc=0.839 | ES 0/80 ★
    ★ val_mae=0.3581  rmse=0.4612  r2=0.6025  pcc=0.8392
  Ep   4/300 | Tr loss=0.4865 mae=0.498 r2=0.254 pcc=0.640 | Vl loss=0.2080 mae=0.313 r2=0.611 pcc=0.822 | ES 0/80 ★
2026-05-12 18:41:36,878 | INFO |   Ep   4/300 | Tr loss=0.4865 mae=0.498 r2=0.254 pcc=0.640 | Vl loss=0.2080 mae=0.313 r2=0.611 pcc=0.822 | ES 0/80 ★
    ★ val_mae=0.3133  rmse=0.4561  r2=0.6112  pcc=0.8220
  Ep   5/300 | Tr loss=0.4638 mae=0.490 r2=0.288 pcc=0.647 | Vl loss=0.1942 mae=0.325 r2=0.637 pcc=0.833 | ES 1/80
2026-05-12 18:42:00,647 | INFO |   Ep   5/300 | Tr loss=0.4638 mae=0.490 r2=0.288 pcc=0.647 | Vl loss=0.1942 mae=0.325 r2=0.637 pcc=0.833 | ES 1/80
  Ep   6/300 | Tr loss=0.4303 mae=0.463 r2=0.341 pcc=0.662 | Vl loss=0.1702 mae=0.291 r2=0.682 pcc=0.830 | ES 0/80 ★
2026-05-12 18:42:23,946 | INFO |   Ep   6/300 | Tr loss=0.4303 mae=0.463 r2=0.341 pcc=0.662 | Vl loss=0.1702 mae=0.291 r2=0.682 pcc=0.830 | ES 0/80 ★
    ★ val_mae=0.2909  rmse=0.4126  r2=0.6818  pcc=0.8304
  Ep   7/300 | Tr loss=0.4039 mae=0.450 r2=0.381 pcc=0.673 | Vl loss=0.1740 mae=0.287 r2=0.675 pcc=0.831 | ES 0/80 ★
2026-05-12 18:42:47,855 | INFO |   Ep   7/300 | Tr loss=0.4039 mae=0.450 r2=0.381 pcc=0.673 | Vl loss=0.1740 mae=0.287 r2=0.675 pcc=0.831 | ES 0/80 ★
    ★ val_mae=0.2871  rmse=0.4172  r2=0.6748  pcc=0.8310
  Ep   8/300 | Tr loss=0.3781 mae=0.438 r2=0.420 pcc=0.690 | Vl loss=0.1762 mae=0.286 r2=0.671 pcc=0.824 | ES 0/80 ★
2026-05-12 18:43:11,426 | INFO |   Ep   8/300 | Tr loss=0.3781 mae=0.438 r2=0.420 pcc=0.690 | Vl loss=0.1762 mae=0.286 r2=0.671 pcc=0.824 | ES 0/80 ★
    ★ val_mae=0.2863  rmse=0.4197  r2=0.6707  pcc=0.8237
  Ep   9/300 | Tr loss=0.3698 mae=0.427 r2=0.433 pcc=0.688 | Vl loss=0.1707 mae=0.283 r2=0.681 pcc=0.827 | ES 0/80 ★
2026-05-12 18:43:35,103 | INFO |   Ep   9/300 | Tr loss=0.3698 mae=0.427 r2=0.433 pcc=0.688 | Vl loss=0.1707 mae=0.283 r2=0.681 pcc=0.827 | ES 0/80 ★
    ★ val_mae=0.2834  rmse=0.4132  r2=0.6809  pcc=0.8272
  Ep  10/300 | Tr loss=0.3489 mae=0.420 r2=0.466 pcc=0.705 | Vl loss=0.1871 mae=0.301 r2=0.650 pcc=0.825 | ES 1/80
2026-05-12 18:43:58,572 | INFO |   Ep  10/300 | Tr loss=0.3489 mae=0.420 r2=0.466 pcc=0.705 | Vl loss=0.1871 mae=0.301 r2=0.650 pcc=0.825 | ES 1/80
  Ep  11/300 | Tr loss=0.3401 mae=0.405 r2=0.480 pcc=0.709 | Vl loss=0.2080 mae=0.337 r2=0.611 pcc=0.816 | ES 2/80
2026-05-12 18:44:22,139 | INFO |   Ep  11/300 | Tr loss=0.3401 mae=0.405 r2=0.480 pcc=0.709 | Vl loss=0.2080 mae=0.337 r2=0.611 pcc=0.816 | ES 2/80
  Ep  12/300 | Tr loss=0.3379 mae=0.407 r2=0.481 pcc=0.709 | Vl loss=0.1953 mae=0.324 r2=0.635 pcc=0.822 | ES 3/80
2026-05-12 18:44:45,751 | INFO |   Ep  12/300 | Tr loss=0.3379 mae=0.407 r2=0.481 pcc=0.709 | Vl loss=0.1953 mae=0.324 r2=0.635 pcc=0.822 | ES 3/80
  Ep  13/300 | Tr loss=0.3348 mae=0.402 r2=0.488 pcc=0.710 | Vl loss=0.1819 mae=0.307 r2=0.660 pcc=0.828 | ES 4/80
2026-05-12 18:45:09,115 | INFO |   Ep  13/300 | Tr loss=0.3348 mae=0.402 r2=0.488 pcc=0.710 | Vl loss=0.1819 mae=0.307 r2=0.660 pcc=0.828 | ES 4/80
  Ep  14/300 | Tr loss=0.3162 mae=0.389 r2=0.516 pcc=0.727 | Vl loss=0.1821 mae=0.312 r2=0.660 pcc=0.831 | ES 5/80
2026-05-12 18:45:32,415 | INFO |   Ep  14/300 | Tr loss=0.3162 mae=0.389 r2=0.516 pcc=0.727 | Vl loss=0.1821 mae=0.312 r2=0.660 pcc=0.831 | ES 5/80
  Ep  15/300 | Tr loss=0.3223 mae=0.391 r2=0.508 pcc=0.721 | Vl loss=0.2017 mae=0.338 r2=0.623 pcc=0.819 | ES 6/80
2026-05-12 18:45:55,828 | INFO |   Ep  15/300 | Tr loss=0.3223 mae=0.391 r2=0.508 pcc=0.721 | Vl loss=0.2017 mae=0.338 r2=0.623 pcc=0.819 | ES 6/80
  Ep  16/300 | Tr loss=0.3173 mae=0.390 r2=0.513 pcc=0.723 | Vl loss=0.1926 mae=0.319 r2=0.640 pcc=0.825 | ES 7/80
2026-05-12 18:46:19,535 | INFO |   Ep  16/300 | Tr loss=0.3173 mae=0.390 r2=0.513 pcc=0.723 | Vl loss=0.1926 mae=0.319 r2=0.640 pcc=0.825 | ES 7/80
  Ep  17/300 | Tr loss=0.3149 mae=0.390 r2=0.517 pcc=0.726 | Vl loss=0.2114 mae=0.339 r2=0.605 pcc=0.816 | ES 8/80
2026-05-12 18:46:42,892 | INFO |   Ep  17/300 | Tr loss=0.3149 mae=0.390 r2=0.517 pcc=0.726 | Vl loss=0.2114 mae=0.339 r2=0.605 pcc=0.816 | ES 8/80
  Ep  18/300 | Tr loss=0.3048 mae=0.380 r2=0.533 pcc=0.735 | Vl loss=0.2018 mae=0.340 r2=0.623 pcc=0.821 | ES 9/80
2026-05-12 18:47:06,476 | INFO |   Ep  18/300 | Tr loss=0.3048 mae=0.380 r2=0.533 pcc=0.735 | Vl loss=0.2018 mae=0.340 r2=0.623 pcc=0.821 | ES 9/80
  Ep  19/300 | Tr loss=0.3026 mae=0.379 r2=0.536 pcc=0.737 | Vl loss=0.1756 mae=0.307 r2=0.672 pcc=0.832 | ES 10/80
2026-05-12 18:47:30,281 | INFO |   Ep  19/300 | Tr loss=0.3026 mae=0.379 r2=0.536 pcc=0.737 | Vl loss=0.1756 mae=0.307 r2=0.672 pcc=0.832 | ES 10/80
  Ep  20/300 | Tr loss=0.3068 mae=0.376 r2=0.531 pcc=0.734 | Vl loss=0.1988 mae=0.337 r2=0.628 pcc=0.828 | ES 11/80
2026-05-12 18:47:53,962 | INFO |   Ep  20/300 | Tr loss=0.3068 mae=0.376 r2=0.531 pcc=0.734 | Vl loss=0.1988 mae=0.337 r2=0.628 pcc=0.828 | ES 11/80
  Ep  21/300 | Tr loss=0.3011 mae=0.376 r2=0.538 pcc=0.738 | Vl loss=0.1983 mae=0.331 r2=0.629 pcc=0.824 | ES 12/80
2026-05-12 18:48:17,606 | INFO |   Ep  21/300 | Tr loss=0.3011 mae=0.376 r2=0.538 pcc=0.738 | Vl loss=0.1983 mae=0.331 r2=0.629 pcc=0.824 | ES 12/80
  Ep  22/300 | Tr loss=0.2923 mae=0.369 r2=0.551 pcc=0.746 | Vl loss=0.1763 mae=0.315 r2=0.670 pcc=0.836 | ES 13/80
2026-05-12 18:48:41,013 | INFO |   Ep  22/300 | Tr loss=0.2923 mae=0.369 r2=0.551 pcc=0.746 | Vl loss=0.1763 mae=0.315 r2=0.670 pcc=0.836 | ES 13/80
  Ep  23/300 | Tr loss=0.2939 mae=0.369 r2=0.550 pcc=0.744 | Vl loss=0.1791 mae=0.320 r2=0.665 pcc=0.838 | ES 14/80
2026-05-12 18:49:04,601 | INFO |   Ep  23/300 | Tr loss=0.2939 mae=0.369 r2=0.550 pcc=0.744 | Vl loss=0.1791 mae=0.320 r2=0.665 pcc=0.838 | ES 14/80
  Ep  24/300 | Tr loss=0.2932 mae=0.368 r2=0.551 pcc=0.746 | Vl loss=0.2125 mae=0.356 r2=0.603 pcc=0.822 | ES 15/80
2026-05-12 18:49:28,033 | INFO |   Ep  24/300 | Tr loss=0.2932 mae=0.368 r2=0.551 pcc=0.746 | Vl loss=0.2125 mae=0.356 r2=0.603 pcc=0.822 | ES 15/80
  Ep  25/300 | Tr loss=0.2915 mae=0.370 r2=0.554 pcc=0.747 | Vl loss=0.1974 mae=0.340 r2=0.631 pcc=0.826 | ES 16/80
2026-05-12 18:49:51,615 | INFO |   Ep  25/300 | Tr loss=0.2915 mae=0.370 r2=0.554 pcc=0.747 | Vl loss=0.1974 mae=0.340 r2=0.631 pcc=0.826 | ES 16/80
  Ep  26/300 | Tr loss=0.2861 mae=0.367 r2=0.562 pcc=0.753 | Vl loss=0.1856 mae=0.333 r2=0.653 pcc=0.832 | ES 17/80
2026-05-12 18:50:15,010 | INFO |   Ep  26/300 | Tr loss=0.2861 mae=0.367 r2=0.562 pcc=0.753 | Vl loss=0.1856 mae=0.333 r2=0.653 pcc=0.832 | ES 17/80
  Ep  27/300 | Tr loss=0.2872 mae=0.368 r2=0.560 pcc=0.752 | Vl loss=0.1874 mae=0.332 r2=0.650 pcc=0.835 | ES 18/80
2026-05-12 18:50:38,605 | INFO |   Ep  27/300 | Tr loss=0.2872 mae=0.368 r2=0.560 pcc=0.752 | Vl loss=0.1874 mae=0.332 r2=0.650 pcc=0.835 | ES 18/80
  Ep  28/300 | Tr loss=0.2878 mae=0.365 r2=0.560 pcc=0.750 | Vl loss=0.1764 mae=0.312 r2=0.670 pcc=0.836 | ES 19/80
2026-05-12 18:51:02,036 | INFO |   Ep  28/300 | Tr loss=0.2878 mae=0.365 r2=0.560 pcc=0.750 | Vl loss=0.1764 mae=0.312 r2=0.670 pcc=0.836 | ES 19/80
  Ep  29/300 | Tr loss=0.2820 mae=0.361 r2=0.568 pcc=0.756 | Vl loss=0.1915 mae=0.340 r2=0.642 pcc=0.833 | ES 20/80
2026-05-12 18:51:25,604 | INFO |   Ep  29/300 | Tr loss=0.2820 mae=0.361 r2=0.568 pcc=0.756 | Vl loss=0.1915 mae=0.340 r2=0.642 pcc=0.833 | ES 20/80
  Ep  30/300 | Tr loss=0.2865 mae=0.364 r2=0.561 pcc=0.751 | Vl loss=0.1832 mae=0.325 r2=0.658 pcc=0.832 | ES 21/80
2026-05-12 18:51:49,387 | INFO |   Ep  30/300 | Tr loss=0.2865 mae=0.364 r2=0.561 pcc=0.751 | Vl loss=0.1832 mae=0.325 r2=0.658 pcc=0.832 | ES 21/80
  Ep  31/300 | Tr loss=0.2821 mae=0.356 r2=0.570 pcc=0.757 | Vl loss=0.1952 mae=0.340 r2=0.635 pcc=0.836 | ES 22/80
2026-05-12 18:52:12,760 | INFO |   Ep  31/300 | Tr loss=0.2821 mae=0.356 r2=0.570 pcc=0.757 | Vl loss=0.1952 mae=0.340 r2=0.635 pcc=0.836 | ES 22/80
  Ep  32/300 | Tr loss=0.2769 mae=0.355 r2=0.576 pcc=0.760 | Vl loss=0.1887 mae=0.325 r2=0.647 pcc=0.833 | ES 23/80
2026-05-12 18:52:36,290 | INFO |   Ep  32/300 | Tr loss=0.2769 mae=0.355 r2=0.576 pcc=0.760 | Vl loss=0.1887 mae=0.325 r2=0.647 pcc=0.833 | ES 23/80
  Ep  33/300 | Tr loss=0.2845 mae=0.361 r2=0.565 pcc=0.754 | Vl loss=0.2020 mae=0.345 r2=0.622 pcc=0.831 | ES 24/80
2026-05-12 18:52:59,789 | INFO |   Ep  33/300 | Tr loss=0.2845 mae=0.361 r2=0.565 pcc=0.754 | Vl loss=0.2020 mae=0.345 r2=0.622 pcc=0.831 | ES 24/80
  Ep  34/300 | Tr loss=0.2710 mae=0.350 r2=0.585 pcc=0.766 | Vl loss=0.1769 mae=0.317 r2=0.669 pcc=0.840 | ES 25/80
2026-05-12 18:53:23,174 | INFO |   Ep  34/300 | Tr loss=0.2710 mae=0.350 r2=0.585 pcc=0.766 | Vl loss=0.1769 mae=0.317 r2=0.669 pcc=0.840 | ES 25/80
  Ep  35/300 | Tr loss=0.2845 mae=0.359 r2=0.564 pcc=0.753 | Vl loss=0.1872 mae=0.332 r2=0.650 pcc=0.841 | ES 26/80
2026-05-12 18:53:46,418 | INFO |   Ep  35/300 | Tr loss=0.2845 mae=0.359 r2=0.564 pcc=0.753 | Vl loss=0.1872 mae=0.332 r2=0.650 pcc=0.841 | ES 26/80
  Ep  36/300 | Tr loss=0.2745 mae=0.354 r2=0.580 pcc=0.763 | Vl loss=0.1931 mae=0.338 r2=0.639 pcc=0.835 | ES 27/80
2026-05-12 18:54:09,727 | INFO |   Ep  36/300 | Tr loss=0.2745 mae=0.354 r2=0.580 pcc=0.763 | Vl loss=0.1931 mae=0.338 r2=0.639 pcc=0.835 | ES 27/80
  Ep  37/300 | Tr loss=0.2695 mae=0.349 r2=0.587 pcc=0.767 | Vl loss=0.1841 mae=0.328 r2=0.656 pcc=0.840 | ES 28/80
2026-05-12 18:54:33,090 | INFO |   Ep  37/300 | Tr loss=0.2695 mae=0.349 r2=0.587 pcc=0.767 | Vl loss=0.1841 mae=0.328 r2=0.656 pcc=0.840 | ES 28/80
  Ep  38/300 | Tr loss=0.2747 mae=0.353 r2=0.581 pcc=0.764 | Vl loss=0.1796 mae=0.317 r2=0.664 pcc=0.842 | ES 29/80
2026-05-12 18:54:56,446 | INFO |   Ep  38/300 | Tr loss=0.2747 mae=0.353 r2=0.581 pcc=0.764 | Vl loss=0.1796 mae=0.317 r2=0.664 pcc=0.842 | ES 29/80
  Ep  39/300 | Tr loss=0.2714 mae=0.350 r2=0.585 pcc=0.766 | Vl loss=0.1733 mae=0.314 r2=0.676 pcc=0.846 | ES 30/80
2026-05-12 18:55:19,867 | INFO |   Ep  39/300 | Tr loss=0.2714 mae=0.350 r2=0.585 pcc=0.766 | Vl loss=0.1733 mae=0.314 r2=0.676 pcc=0.846 | ES 30/80
Epoch 00040: reducing learning rate of group 0 to 5.0000e-05.
  Ep  40/300 | Tr loss=0.2730 mae=0.350 r2=0.582 pcc=0.764 | Vl loss=0.1724 mae=0.310 r2=0.678 pcc=0.848 | ES 31/80
2026-05-12 18:55:43,323 | INFO |   Ep  40/300 | Tr loss=0.2730 mae=0.350 r2=0.582 pcc=0.764 | Vl loss=0.1724 mae=0.310 r2=0.678 pcc=0.848 | ES 31/80
  Ep  41/300 | Tr loss=0.2654 mae=0.348 r2=0.593 pcc=0.772 | Vl loss=0.1774 mae=0.320 r2=0.668 pcc=0.843 | ES 32/80
2026-05-12 18:56:06,610 | INFO |   Ep  41/300 | Tr loss=0.2654 mae=0.348 r2=0.593 pcc=0.772 | Vl loss=0.1774 mae=0.320 r2=0.668 pcc=0.843 | ES 32/80
  Ep  42/300 | Tr loss=0.2647 mae=0.346 r2=0.594 pcc=0.772 | Vl loss=0.1802 mae=0.323 r2=0.663 pcc=0.846 | ES 33/80
2026-05-12 18:56:29,780 | INFO |   Ep  42/300 | Tr loss=0.2647 mae=0.346 r2=0.594 pcc=0.772 | Vl loss=0.1802 mae=0.323 r2=0.663 pcc=0.846 | ES 33/80
  Ep  43/300 | Tr loss=0.2646 mae=0.346 r2=0.596 pcc=0.773 | Vl loss=0.1726 mae=0.317 r2=0.678 pcc=0.845 | ES 34/80
2026-05-12 18:56:53,059 | INFO |   Ep  43/300 | Tr loss=0.2646 mae=0.346 r2=0.596 pcc=0.773 | Vl loss=0.1726 mae=0.317 r2=0.678 pcc=0.845 | ES 34/80
  Ep  44/300 | Tr loss=0.2582 mae=0.340 r2=0.604 pcc=0.778 | Vl loss=0.1784 mae=0.318 r2=0.667 pcc=0.848 | ES 35/80
2026-05-12 18:57:16,460 | INFO |   Ep  44/300 | Tr loss=0.2582 mae=0.340 r2=0.604 pcc=0.778 | Vl loss=0.1784 mae=0.318 r2=0.667 pcc=0.848 | ES 35/80
  Ep  45/300 | Tr loss=0.2578 mae=0.340 r2=0.605 pcc=0.778 | Vl loss=0.1727 mae=0.313 r2=0.677 pcc=0.845 | ES 36/80
2026-05-12 18:57:39,900 | INFO |   Ep  45/300 | Tr loss=0.2578 mae=0.340 r2=0.605 pcc=0.778 | Vl loss=0.1727 mae=0.313 r2=0.677 pcc=0.845 | ES 36/80
  Ep  46/300 | Tr loss=0.2660 mae=0.344 r2=0.593 pcc=0.771 | Vl loss=0.1867 mae=0.323 r2=0.651 pcc=0.843 | ES 37/80
2026-05-12 18:58:03,253 | INFO |   Ep  46/300 | Tr loss=0.2660 mae=0.344 r2=0.593 pcc=0.771 | Vl loss=0.1867 mae=0.323 r2=0.651 pcc=0.843 | ES 37/80
  Ep  47/300 | Tr loss=0.2627 mae=0.345 r2=0.597 pcc=0.774 | Vl loss=0.1818 mae=0.317 r2=0.660 pcc=0.847 | ES 38/80
2026-05-12 18:58:26,674 | INFO |   Ep  47/300 | Tr loss=0.2627 mae=0.345 r2=0.597 pcc=0.774 | Vl loss=0.1818 mae=0.317 r2=0.660 pcc=0.847 | ES 38/80
  Ep  48/300 | Tr loss=0.2682 mae=0.347 r2=0.588 pcc=0.768 | Vl loss=0.1937 mae=0.326 r2=0.638 pcc=0.843 | ES 39/80
2026-05-12 18:58:50,115 | INFO |   Ep  48/300 | Tr loss=0.2682 mae=0.347 r2=0.588 pcc=0.768 | Vl loss=0.1937 mae=0.326 r2=0.638 pcc=0.843 | ES 39/80
  Ep  49/300 | Tr loss=0.2562 mae=0.337 r2=0.608 pcc=0.780 | Vl loss=0.1793 mae=0.314 r2=0.665 pcc=0.844 | ES 40/80
2026-05-12 18:59:13,496 | INFO |   Ep  49/300 | Tr loss=0.2562 mae=0.337 r2=0.608 pcc=0.780 | Vl loss=0.1793 mae=0.314 r2=0.665 pcc=0.844 | ES 40/80
  Ep  50/300 | Tr loss=0.2628 mae=0.344 r2=0.597 pcc=0.773 | Vl loss=0.1837 mae=0.316 r2=0.657 pcc=0.843 | ES 41/80
2026-05-12 18:59:36,896 | INFO |   Ep  50/300 | Tr loss=0.2628 mae=0.344 r2=0.597 pcc=0.773 | Vl loss=0.1837 mae=0.316 r2=0.657 pcc=0.843 | ES 41/80
  Ep  51/300 | Tr loss=0.2571 mae=0.339 r2=0.606 pcc=0.779 | Vl loss=0.1776 mae=0.311 r2=0.668 pcc=0.843 | ES 42/80
2026-05-12 19:00:00,186 | INFO |   Ep  51/300 | Tr loss=0.2571 mae=0.339 r2=0.606 pcc=0.779 | Vl loss=0.1776 mae=0.311 r2=0.668 pcc=0.843 | ES 42/80
  Ep  52/300 | Tr loss=0.2618 mae=0.344 r2=0.599 pcc=0.775 | Vl loss=0.1897 mae=0.326 r2=0.645 pcc=0.841 | ES 43/80
2026-05-12 19:00:23,396 | INFO |   Ep  52/300 | Tr loss=0.2618 mae=0.344 r2=0.599 pcc=0.775 | Vl loss=0.1897 mae=0.326 r2=0.645 pcc=0.841 | ES 43/80
  Ep  53/300 | Tr loss=0.2584 mae=0.339 r2=0.605 pcc=0.778 | Vl loss=0.1822 mae=0.316 r2=0.659 pcc=0.842 | ES 44/80
2026-05-12 19:00:46,660 | INFO |   Ep  53/300 | Tr loss=0.2584 mae=0.339 r2=0.605 pcc=0.778 | Vl loss=0.1822 mae=0.316 r2=0.659 pcc=0.842 | ES 44/80
  Ep  54/300 | Tr loss=0.2564 mae=0.338 r2=0.607 pcc=0.781 | Vl loss=0.1803 mae=0.315 r2=0.663 pcc=0.843 | ES 45/80
2026-05-12 19:01:09,893 | INFO |   Ep  54/300 | Tr loss=0.2564 mae=0.338 r2=0.607 pcc=0.781 | Vl loss=0.1803 mae=0.315 r2=0.663 pcc=0.843 | ES 45/80
  Ep  55/300 | Tr loss=0.2601 mae=0.341 r2=0.603 pcc=0.778 | Vl loss=0.1833 mae=0.316 r2=0.657 pcc=0.844 | ES 46/80
2026-05-12 19:01:33,104 | INFO |   Ep  55/300 | Tr loss=0.2601 mae=0.341 r2=0.603 pcc=0.778 | Vl loss=0.1833 mae=0.316 r2=0.657 pcc=0.844 | ES 46/80
  Ep  56/300 | Tr loss=0.2533 mae=0.336 r2=0.612 pcc=0.783 | Vl loss=0.1852 mae=0.318 r2=0.654 pcc=0.844 | ES 47/80
2026-05-12 19:01:56,404 | INFO |   Ep  56/300 | Tr loss=0.2533 mae=0.336 r2=0.612 pcc=0.783 | Vl loss=0.1852 mae=0.318 r2=0.654 pcc=0.844 | ES 47/80
  Ep  57/300 | Tr loss=0.2577 mae=0.337 r2=0.607 pcc=0.780 | Vl loss=0.1801 mae=0.306 r2=0.663 pcc=0.845 | ES 48/80
2026-05-12 19:02:19,758 | INFO |   Ep  57/300 | Tr loss=0.2577 mae=0.337 r2=0.607 pcc=0.780 | Vl loss=0.1801 mae=0.306 r2=0.663 pcc=0.845 | ES 48/80
  Ep  58/300 | Tr loss=0.2576 mae=0.341 r2=0.605 pcc=0.779 | Vl loss=0.1808 mae=0.306 r2=0.662 pcc=0.845 | ES 49/80
2026-05-12 19:02:43,074 | INFO |   Ep  58/300 | Tr loss=0.2576 mae=0.341 r2=0.605 pcc=0.779 | Vl loss=0.1808 mae=0.306 r2=0.662 pcc=0.845 | ES 49/80
  Ep  59/300 | Tr loss=0.2546 mae=0.335 r2=0.610 pcc=0.782 | Vl loss=0.1849 mae=0.317 r2=0.654 pcc=0.843 | ES 50/80
2026-05-12 19:03:06,368 | INFO |   Ep  59/300 | Tr loss=0.2546 mae=0.335 r2=0.610 pcc=0.782 | Vl loss=0.1849 mae=0.317 r2=0.654 pcc=0.843 | ES 50/80
  Ep  60/300 | Tr loss=0.2534 mae=0.334 r2=0.612 pcc=0.783 | Vl loss=0.1910 mae=0.318 r2=0.643 pcc=0.842 | ES 51/80
2026-05-12 19:03:29,575 | INFO |   Ep  60/300 | Tr loss=0.2534 mae=0.334 r2=0.612 pcc=0.783 | Vl loss=0.1910 mae=0.318 r2=0.643 pcc=0.842 | ES 51/80
  Ep  61/300 | Tr loss=0.2555 mae=0.337 r2=0.609 pcc=0.781 | Vl loss=0.1863 mae=0.315 r2=0.652 pcc=0.843 | ES 52/80
2026-05-12 19:03:52,899 | INFO |   Ep  61/300 | Tr loss=0.2555 mae=0.337 r2=0.609 pcc=0.781 | Vl loss=0.1863 mae=0.315 r2=0.652 pcc=0.843 | ES 52/80
  Ep  62/300 | Tr loss=0.2551 mae=0.337 r2=0.609 pcc=0.781 | Vl loss=0.1853 mae=0.311 r2=0.654 pcc=0.843 | ES 53/80
2026-05-12 19:04:16,105 | INFO |   Ep  62/300 | Tr loss=0.2551 mae=0.337 r2=0.609 pcc=0.781 | Vl loss=0.1853 mae=0.311 r2=0.654 pcc=0.843 | ES 53/80
  Ep  63/300 | Tr loss=0.2582 mae=0.336 r2=0.606 pcc=0.779 | Vl loss=0.1823 mae=0.305 r2=0.659 pcc=0.843 | ES 54/80
2026-05-12 19:04:39,497 | INFO |   Ep  63/300 | Tr loss=0.2582 mae=0.336 r2=0.606 pcc=0.779 | Vl loss=0.1823 mae=0.305 r2=0.659 pcc=0.843 | ES 54/80
  Ep  64/300 | Tr loss=0.2522 mae=0.332 r2=0.614 pcc=0.784 | Vl loss=0.2046 mae=0.330 r2=0.618 pcc=0.834 | ES 55/80
2026-05-12 19:05:02,760 | INFO |   Ep  64/300 | Tr loss=0.2522 mae=0.332 r2=0.614 pcc=0.784 | Vl loss=0.2046 mae=0.330 r2=0.618 pcc=0.834 | ES 55/80
  Ep  65/300 | Tr loss=0.2503 mae=0.336 r2=0.616 pcc=0.785 | Vl loss=0.1860 mae=0.312 r2=0.652 pcc=0.843 | ES 56/80
2026-05-12 19:05:26,094 | INFO |   Ep  65/300 | Tr loss=0.2503 mae=0.336 r2=0.616 pcc=0.785 | Vl loss=0.1860 mae=0.312 r2=0.652 pcc=0.843 | ES 56/80
  Ep  66/300 | Tr loss=0.2514 mae=0.332 r2=0.615 pcc=0.785 | Vl loss=0.1855 mae=0.315 r2=0.653 pcc=0.843 | ES 57/80
2026-05-12 19:05:49,520 | INFO |   Ep  66/300 | Tr loss=0.2514 mae=0.332 r2=0.615 pcc=0.785 | Vl loss=0.1855 mae=0.315 r2=0.653 pcc=0.843 | ES 57/80
  Ep  67/300 | Tr loss=0.2541 mae=0.336 r2=0.611 pcc=0.782 | Vl loss=0.1794 mae=0.299 r2=0.665 pcc=0.843 | ES 58/80
2026-05-12 19:06:12,797 | INFO |   Ep  67/300 | Tr loss=0.2541 mae=0.336 r2=0.611 pcc=0.782 | Vl loss=0.1794 mae=0.299 r2=0.665 pcc=0.843 | ES 58/80
  Ep  68/300 | Tr loss=0.2541 mae=0.334 r2=0.611 pcc=0.783 | Vl loss=0.1804 mae=0.308 r2=0.663 pcc=0.843 | ES 59/80
2026-05-12 19:06:36,061 | INFO |   Ep  68/300 | Tr loss=0.2541 mae=0.334 r2=0.611 pcc=0.783 | Vl loss=0.1804 mae=0.308 r2=0.663 pcc=0.843 | ES 59/80
  Ep  69/300 | Tr loss=0.2467 mae=0.331 r2=0.622 pcc=0.789 | Vl loss=0.1819 mae=0.309 r2=0.660 pcc=0.842 | ES 60/80
2026-05-12 19:06:59,397 | INFO |   Ep  69/300 | Tr loss=0.2467 mae=0.331 r2=0.622 pcc=0.789 | Vl loss=0.1819 mae=0.309 r2=0.660 pcc=0.842 | ES 60/80
  Ep  70/300 | Tr loss=0.2475 mae=0.331 r2=0.621 pcc=0.789 | Vl loss=0.1811 mae=0.304 r2=0.662 pcc=0.843 | ES 61/80
2026-05-12 19:07:22,696 | INFO |   Ep  70/300 | Tr loss=0.2475 mae=0.331 r2=0.621 pcc=0.789 | Vl loss=0.1811 mae=0.304 r2=0.662 pcc=0.843 | ES 61/80
Epoch 00071: reducing learning rate of group 0 to 2.5000e-05.
  Ep  71/300 | Tr loss=0.2466 mae=0.329 r2=0.622 pcc=0.789 | Vl loss=0.1912 mae=0.313 r2=0.643 pcc=0.834 | ES 62/80
2026-05-12 19:07:46,026 | INFO |   Ep  71/300 | Tr loss=0.2466 mae=0.329 r2=0.622 pcc=0.789 | Vl loss=0.1912 mae=0.313 r2=0.643 pcc=0.834 | ES 62/80
  Ep  72/300 | Tr loss=0.2453 mae=0.328 r2=0.624 pcc=0.790 | Vl loss=0.1851 mae=0.299 r2=0.654 pcc=0.843 | ES 63/80
2026-05-12 19:08:09,344 | INFO |   Ep  72/300 | Tr loss=0.2453 mae=0.328 r2=0.624 pcc=0.790 | Vl loss=0.1851 mae=0.299 r2=0.654 pcc=0.843 | ES 63/80
  Ep  73/300 | Tr loss=0.2555 mae=0.336 r2=0.609 pcc=0.781 | Vl loss=0.1833 mae=0.302 r2=0.657 pcc=0.844 | ES 64/80
2026-05-12 19:08:32,600 | INFO |   Ep  73/300 | Tr loss=0.2555 mae=0.336 r2=0.609 pcc=0.781 | Vl loss=0.1833 mae=0.302 r2=0.657 pcc=0.844 | ES 64/80
  Ep  74/300 | Tr loss=0.2530 mae=0.334 r2=0.613 pcc=0.783 | Vl loss=0.1858 mae=0.302 r2=0.653 pcc=0.844 | ES 65/80
2026-05-12 19:08:55,839 | INFO |   Ep  74/300 | Tr loss=0.2530 mae=0.334 r2=0.613 pcc=0.783 | Vl loss=0.1858 mae=0.302 r2=0.653 pcc=0.844 | ES 65/80
  Ep  75/300 | Tr loss=0.2471 mae=0.329 r2=0.622 pcc=0.789 | Vl loss=0.1809 mae=0.296 r2=0.662 pcc=0.845 | ES 66/80
2026-05-12 19:09:19,035 | INFO |   Ep  75/300 | Tr loss=0.2471 mae=0.329 r2=0.622 pcc=0.789 | Vl loss=0.1809 mae=0.296 r2=0.662 pcc=0.845 | ES 66/80
  Ep  76/300 | Tr loss=0.2448 mae=0.329 r2=0.625 pcc=0.792 | Vl loss=0.1812 mae=0.301 r2=0.661 pcc=0.844 | ES 67/80
2026-05-12 19:09:42,310 | INFO |   Ep  76/300 | Tr loss=0.2448 mae=0.329 r2=0.625 pcc=0.792 | Vl loss=0.1812 mae=0.301 r2=0.661 pcc=0.844 | ES 67/80
  Ep  77/300 | Tr loss=0.2501 mae=0.331 r2=0.618 pcc=0.787 | Vl loss=0.1880 mae=0.305 r2=0.649 pcc=0.842 | ES 68/80
2026-05-12 19:10:05,585 | INFO |   Ep  77/300 | Tr loss=0.2501 mae=0.331 r2=0.618 pcc=0.787 | Vl loss=0.1880 mae=0.305 r2=0.649 pcc=0.842 | ES 68/80
  Ep  78/300 | Tr loss=0.2497 mae=0.331 r2=0.618 pcc=0.787 | Vl loss=0.1925 mae=0.305 r2=0.640 pcc=0.842 | ES 69/80
2026-05-12 19:10:28,876 | INFO |   Ep  78/300 | Tr loss=0.2497 mae=0.331 r2=0.618 pcc=0.787 | Vl loss=0.1925 mae=0.305 r2=0.640 pcc=0.842 | ES 69/80
  Ep  79/300 | Tr loss=0.2473 mae=0.329 r2=0.621 pcc=0.789 | Vl loss=0.1999 mae=0.309 r2=0.626 pcc=0.840 | ES 70/80
2026-05-12 19:10:52,229 | INFO |   Ep  79/300 | Tr loss=0.2473 mae=0.329 r2=0.621 pcc=0.789 | Vl loss=0.1999 mae=0.309 r2=0.626 pcc=0.840 | ES 70/80
  Ep  80/300 | Tr loss=0.2444 mae=0.328 r2=0.625 pcc=0.792 | Vl loss=0.1941 mae=0.311 r2=0.637 pcc=0.842 | ES 71/80
2026-05-12 19:11:15,409 | INFO |   Ep  80/300 | Tr loss=0.2444 mae=0.328 r2=0.625 pcc=0.792 | Vl loss=0.1941 mae=0.311 r2=0.637 pcc=0.842 | ES 71/80
  Ep  81/300 | Tr loss=0.2400 mae=0.324 r2=0.632 pcc=0.796 | Vl loss=0.1903 mae=0.302 r2=0.644 pcc=0.841 | ES 72/80
2026-05-12 19:11:38,744 | INFO |   Ep  81/300 | Tr loss=0.2400 mae=0.324 r2=0.632 pcc=0.796 | Vl loss=0.1903 mae=0.302 r2=0.644 pcc=0.841 | ES 72/80
  Ep  82/300 | Tr loss=0.2469 mae=0.329 r2=0.622 pcc=0.789 | Vl loss=0.1917 mae=0.307 r2=0.642 pcc=0.841 | ES 73/80
2026-05-12 19:12:01,978 | INFO |   Ep  82/300 | Tr loss=0.2469 mae=0.329 r2=0.622 pcc=0.789 | Vl loss=0.1917 mae=0.307 r2=0.642 pcc=0.841 | ES 73/80
  Ep  83/300 | Tr loss=0.2494 mae=0.332 r2=0.618 pcc=0.787 | Vl loss=0.1987 mae=0.316 r2=0.629 pcc=0.839 | ES 74/80
2026-05-12 19:12:25,509 | INFO |   Ep  83/300 | Tr loss=0.2494 mae=0.332 r2=0.618 pcc=0.787 | Vl loss=0.1987 mae=0.316 r2=0.629 pcc=0.839 | ES 74/80
  Ep  84/300 | Tr loss=0.2501 mae=0.330 r2=0.617 pcc=0.786 | Vl loss=0.1950 mae=0.313 r2=0.635 pcc=0.840 | ES 75/80
2026-05-12 19:12:48,904 | INFO |   Ep  84/300 | Tr loss=0.2501 mae=0.330 r2=0.617 pcc=0.786 | Vl loss=0.1950 mae=0.313 r2=0.635 pcc=0.840 | ES 75/80
  Ep  85/300 | Tr loss=0.2449 mae=0.332 r2=0.625 pcc=0.791 | Vl loss=0.1947 mae=0.311 r2=0.636 pcc=0.840 | ES 76/80
2026-05-12 19:13:12,233 | INFO |   Ep  85/300 | Tr loss=0.2449 mae=0.332 r2=0.625 pcc=0.791 | Vl loss=0.1947 mae=0.311 r2=0.636 pcc=0.840 | ES 76/80
  Ep  86/300 | Tr loss=0.2495 mae=0.332 r2=0.617 pcc=0.787 | Vl loss=0.1849 mae=0.296 r2=0.655 pcc=0.842 | ES 77/80
2026-05-12 19:13:35,545 | INFO |   Ep  86/300 | Tr loss=0.2495 mae=0.332 r2=0.617 pcc=0.787 | Vl loss=0.1849 mae=0.296 r2=0.655 pcc=0.842 | ES 77/80
  Ep  87/300 | Tr loss=0.2439 mae=0.331 r2=0.626 pcc=0.792 | Vl loss=0.1932 mae=0.309 r2=0.639 pcc=0.841 | ES 78/80
2026-05-12 19:13:59,731 | INFO |   Ep  87/300 | Tr loss=0.2439 mae=0.331 r2=0.626 pcc=0.792 | Vl loss=0.1932 mae=0.309 r2=0.639 pcc=0.841 | ES 78/80
  Ep  88/300 | Tr loss=0.2448 mae=0.325 r2=0.626 pcc=0.791 | Vl loss=0.1921 mae=0.308 r2=0.641 pcc=0.841 | ES 79/80
2026-05-12 19:14:24,163 | INFO |   Ep  88/300 | Tr loss=0.2448 mae=0.325 r2=0.626 pcc=0.791 | Vl loss=0.1921 mae=0.308 r2=0.641 pcc=0.841 | ES 79/80
  Ep  89/300 | Tr loss=0.2460 mae=0.328 r2=0.623 pcc=0.790 | Vl loss=0.1994 mae=0.313 r2=0.627 pcc=0.838 | ES 80/80
2026-05-12 19:14:47,831 | INFO |   Ep  89/300 | Tr loss=0.2460 mae=0.328 r2=0.623 pcc=0.790 | Vl loss=0.1994 mae=0.313 r2=0.627 pcc=0.838 | ES 80/80

  ⏹  Early stopping at epoch 89 (best=9)
2026-05-12 19:14:47,832 | INFO | Early stopping at epoch 89 best=9

✓ Training complete!

  ── Final Test Results (best epoch = 9) ──────────────────
  Loss : 0.2927
  RMSE : 0.5420
  MAE  : 0.3979
  R²   : 0.5123
  PCC  : 0.7467
  ✓ Saved → /mvdlph/masa/GCN_MultiView_EarlyFusion_Results/run_2026_05_12_18_39_46/plots/loss_curve.png
  ✓ Saved → /mvdlph/masa/GCN_MultiView_EarlyFusion_Results/run_2026_05_12_18_39_46/plots/rmse_mae.png
  ✓ Saved → /mvdlph/masa/GCN_MultiView_EarlyFusion_Results/run_2026_05_12_18_39_46/plots/r2_curve.png
  ✓ Saved → /mvdlph/masa/GCN_MultiView_EarlyFusion_Results/run_2026_05_12_18_39_46/plots/pcc_curve.png
  ✓ Saved → /mvdlph/masa/GCN_MultiView_EarlyFusion_Results/run_2026_05_12_18_39_46/plots/regression_scatter_test.png
  ✓ Saved → /mvdlph/masa/GCN_MultiView_EarlyFusion_Results/run_2026_05_12_18_39_46/plots/early_stopping.png
  ✓ History → /mvdlph/masa/GCN_MultiView_EarlyFusion_Results/run_2026_05_12_18_39_46/logs/training_history.json
========================================================================
  Exercise         n      MAE     RMSE       R²      PCC
────────────────────────────────────────────────────────────────────────
  E0             156   0.3222   0.4031   0.7340   0.8610
  E1             110   0.2461   0.3845   0.7838   0.8931
  E2              86   0.2947   0.3903   0.7806   0.8931
  E3             107   0.9115   0.9797  -1.1234   0.4333
  E4              98   0.6734   0.7076   0.1212   0.8173
  E5             108   0.3722   0.4560   0.3520   0.6729
  E6             105   0.2160   0.3904   0.6430   0.8526
  E7             107   0.3689   0.5398  -0.0257   0.3718
  E8             107   0.3039   0.4864   0.6321   0.8006
  E9              62   0.2444   0.3069  -1.8042  -0.2444
────────────────────────────────────────────────────────────────────────
  Overall       1046   0.3979   0.5420   0.5123   0.7467
========================================================================

  ✓ Per-exercise CSV → /mvdlph/masa/GCN_MultiView_EarlyFusion_Results/run_2026_05_12_18_39_46/logs/per_exercise_metrics.csv
  ✓ Per-exercise scatter grid → /mvdlph/masa/GCN_MultiView_EarlyFusion_Results/run_2026_05_12_18_39_46/plots/per_exercise_scatter.png
  ✓ Per-exercise bar chart → /mvdlph/masa/GCN_MultiView_EarlyFusion_Results/run_2026_05_12_18_39_46/plots/per_exercise_bar.png
=================================================================
  TRAINING SUMMARY — ST-GCN Multi-View Early Fusion
  Cameras: [0, 1, 2]  |  Fused joints: 51
=================================================================
  Best Epoch       : 9  (stopped at 89)
  Best Val MAE     : 0.2834
  Best Val RMSE    : 0.4132
  Best Val R²      : 0.6809
  Best Val PCC     : 0.8272
─────────────────────────────────────────────────────────────────
  Test MAE         : 0.3979
  Test RMSE        : 0.5420
  Test R²          : 0.5123
  Test PCC         : 0.7467
=================================================================
2026-05-12 19:15:01,271 | INFO | Multi-View Summary: Best Epoch=9 stopped=89
2026-05-12 19:15:01,271 | INFO | Cameras=[0, 1, 2] FusedJoints=51
2026-05-12 19:15:01,272 | INFO | Test MAE=0.3979 RMSE=0.5420 R²=0.5123 PCC=0.7467

✓ Summary CSV → /mvdlph/masa/GCN_MultiView_EarlyFusion_Results/training_summary.csv
