✓ stdout → also writing to /mvdlph/masa/GCN_SingleView_Regression_Results/run_2026_05_25_10_47_10/logs/training_20260525_104710.log
2026-05-25 10:47:10,553 | INFO | ======================================================================
2026-05-25 10:47:10,554 | INFO | ST-GCN Single-View Regression | BZU Physiotherapy Dataset
2026-05-25 10:47:10,554 | INFO | Camera : CNone  |  Split : 70/15/15  |  Epochs : 300  |  Patience : 100
2026-05-25 10:47:10,554 | INFO | Log file : /mvdlph/masa/GCN_SingleView_Regression_Results/run_2026_05_25_10_47_10/logs/training_20260525_104710.log
2026-05-25 10:47:10,555 | INFO | ======================================================================
✓ parse_filename and load_skeleton defined

[TRAIN] NPZ files found : 9477
  Samples          : 9477
  Unique trials    : 327
  Quality mean±std : 4.127 ± 0.812
  Exercise dist    :
0     961
1     966
2     829
3     979
4     970
5     933
6     954
7     965
8     903
9    1017
  Samples (after camera filter) : 9477

[VALID] NPZ files found : 2790
  Samples          : 2790
  Unique trials    : 100
  Quality mean±std : 4.232 ± 0.741
  Exercise dist    :
0    326
1    316
2    295
3    298
4    322
5    312
6    302
7    304
8    181
9    134
  Samples (after camera filter) : 2790

[TEST] NPZ files found : 3108
  Samples          : 3108
  Unique trials    : 107
  Quality mean±std : 4.031 ± 0.777
  Exercise dist    :
0    465
1    326
2    258
3    319
4    287
5    321
6    314
7    319
8    317
9    182
  Samples (after camera filter) : 3108
  [TRAIN] ⚠️  Skipped 246 files from 13 groups with incomplete camera coverage
  [VALID] ⚠️  Skipped 133 files from 8 groups with incomplete camera coverage
       – E0_P1_T2  cameras=[0, 2]
       – E0_P1_T3  cameras=[1]
       – E3_P1_T2  cameras=[1]
       – E6_P6_T1  cameras=[0, 1]
       – E9_P1_T2  cameras=[0]
       – E9_P6_T0  cameras=[0, 2]
       – E9_P6_T1  cameras=[0, 2]
       – E9_P6_T2  cameras=[0, 2]
  [TEST] ✓ All groups have complete 3-camera coverage

Checking for corrupted files...
  [TRAIN] Removing 1 corrupted file(s)
  [TRAIN] Clean samples : 9230
  [VALID] Clean samples : 2657
  [TEST] Removing 2 corrupted file(s)
  [TEST] Clean samples : 3106

Excluding exercises...
  [TRAIN] Excluded E[3, 7, 9] → 2940 rows dropped, 6290 remain
  [VALID] Excluded E[3, 7, 9] → 656 rows dropped, 2001 remain
  [TEST] Excluded E[3, 7, 9] → 820 rows dropped, 2286 remain

  Exercise ID remap : {0: 0, 1: 1, 2: 2, 4: 3, 5: 4, 6: 5, 8: 6}
  Remaining exercises (remapped): [0, 1, 2, 3, 4, 5, 6]

✓ No data-leakage detected across splits

════════════════════════════════════════════════════════════════════
  Split     Samples   Correct   Erroneous   Q mean   Q std   Q min   Q max
  ──────────────────────────────────────────────────────────────────
  Train        6290      3925        2365    4.145   0.843   1.340   5.000
  Val          2001      1347         654    4.198   0.804   2.280   5.000
  Test         2286      1417         869    4.063   0.815   2.180   5.000
════════════════════════════════════════════════════════════════════

✓ Pre-split index ready  →  train / val / test DataFrames built
0    3497
1    3547
2    3533
Name: camera, dtype: int64

الكاميرات الموجودة: [0, 1, 2]
camera      0    1    2
exercise               
0         569  577  573
1         532  539  536
2         433  445  444
3         522  532  524
4         506  516  515
5         509  508  512
6         426  430  429
E0: correct=3 trials, erroneous=4 trials
E1: correct=3 trials, erroneous=4 trials
E2: correct=3 trials, erroneous=4 trials
E3: correct=3 trials, erroneous=4 trials
E4: correct=3 trials, erroneous=4 trials
E5: correct=3 trials, erroneous=4 trials
E6: correct=3 trials, erroneous=4 trials

==================================================
  Train
==================================================
            mean     var  count
exercise                       
0         3.7666  0.9689    961
1         3.9712  0.7814    965
2         4.1213  0.5137    769
3         3.9478  0.9517    970
4         4.4163  0.2613    904
5         4.5599  0.3748    934
6         4.2859  0.5489    787

==================================================
  Val
==================================================
            mean     var  count
exercise                       
0         3.5421  0.8099    294
1         4.1279  0.5643    316
2         4.0944  0.7921    295
3         4.0298  0.7015    322
4         4.5072  0.2006    312
5         4.4658  0.2797    281
6         4.9000  0.0000    181

==================================================
  Test
==================================================
            mean     var  count
exercise                       
0         3.6497  0.6139    464
1         4.1929  0.6874    326
2         4.0202  0.6972    258
3         3.6531  0.5744    286
4         4.2727  0.3202    321
5         4.5168  0.4289    314
6         4.2798  0.6464    317

============================================================
  All Splits Combined
============================================================
                  mean     var  count
split exercise                       
Test  0         3.6497  0.6139    464
      1         4.1929  0.6874    326
      2         4.0202  0.6972    258
      3         3.6531  0.5744    286
      4         4.2727  0.3202    321
      5         4.5168  0.4289    314
      6         4.2798  0.6464    317
Train 0         3.7666  0.9689    961
      1         3.9712  0.7814    965
      2         4.1213  0.5137    769
      3         3.9478  0.9517    970
      4         4.4163  0.2613    904
      5         4.5599  0.3748    934
      6         4.2859  0.5489    787
Val   0         3.5421  0.8099    294
      1         4.1279  0.5643    316
      2         4.0944  0.7921    295
      3         4.0298  0.7015    322
      4         4.5072  0.2006    312
      5         4.4658  0.2797    281
      6         4.9000  0.0000    181
Frame length distribution (sample of 500 files):
  min    = 31
  max    = 917
  mean   = 102.3
  median = 92.0
  std    = 56.2

Percentiles:
   25th = 73
   50th = 92
   75th = 123
   90th = 151
   95th = 172
   99th = 239

Value counts (top 10):
    78 frames →   15 files (3.0%)
    76 frames →   11 files (2.2%)
    92 frames →   10 files (2.0%)
    77 frames →    9 files (1.8%)
    74 frames →    9 files (1.8%)
   125 frames →    8 files (1.6%)
    99 frames →    8 files (1.6%)
    79 frames →    8 files (1.6%)
    73 frames →    8 files (1.6%)
    61 frames →    8 files (1.6%)
✓ Skeleton visualisation helpers defined
person                                                     P0
exercise                                                    0
trial_id                                                   T0
segment                                                     0
filepath    /mvdlph/Dataset_CVDLPT_Videos_Segments_P0P15_M...
Name: 10, dtype: object
Skeleton shape : (61, 17, 3)
X range : [-0.369, 0.592]
Y range : [-0.193, 0.198]
Z range : [0.000, 0.994]
  ✓ Skeleton plot saved → /mvdlph/masa/GCN_SingleView_Regression_Results/run_2026_05_25_10_47_10/plots/sample_skeleton_3views.png
  ✓ Motion frames saved → /mvdlph/masa/GCN_SingleView_Regression_Results/run_2026_05_25_10_47_10/plots/sample_skeleton_motion.png
Axis ranges across all frames:
X: [-0.369, 0.592] — likely left/right
Y: [-0.193, 0.198] — likely ???
Z: [0.000, 0.994] — likely height

Hip  mean XYZ: [0.         0.         0.32057488]
Head mean XYZ: [-0.14265826 -0.18420231  0.9668146 ]

Difference (head - hip): [-0.14265826 -0.18420231  0.6462397 ]

Camera 0:
  Hip  XYZ: [0.    0.    0.324]
  Head XYZ: [-0.144 -0.183  0.968]
  X range: [-0.37, 0.59]
  Z range: [0.00, 0.99]

Camera 1:
  Hip  XYZ: [0.    0.    0.321]
  Head XYZ: [-0.143 -0.184  0.967]
  X range: [-0.37, 0.59]
  Z range: [0.00, 0.99]

Camera 2:
  Hip  XYZ: [0.    0.    0.316]
  Head XYZ: [-0.142 -0.185  0.966]
  X range: [-0.37, 0.59]
  Z range: [0.00, 0.99]
✓ BZUDataset defined (regression only)
Joint distances from Hip (body center):
  Joint  0 (Hip         ) distance=0  
  Joint  1 (R-Hip       ) distance=1  ─
  Joint  2 (R-Knee      ) distance=2  ──
  Joint  3 (R-Ankle     ) distance=3  ───
  Joint  4 (L-Hip       ) distance=1  ─
  Joint  5 (L-Knee      ) distance=2  ──
  Joint  6 (L-Ankle     ) distance=3  ───
  Joint  7 (Spine       ) distance=1  ─
  Joint  8 (Thorax      ) distance=2  ──
  Joint  9 (Neck        ) distance=3  ───
  Joint 10 (Head        ) distance=4  ────
  Joint 11 (L-Shoulder  ) distance=3  ───
  Joint 12 (L-Elbow     ) distance=4  ────
  Joint 13 (L-Wrist     ) distance=5  ─────
  Joint 14 (R-Shoulder  ) distance=3  ───
  Joint 15 (R-Elbow     ) distance=4  ────
  Joint 16 (R-Wrist     ) distance=5  ─────

✓ True ST-GCN sanity check passed — output shape: torch.Size([2])
✓ Total trainable parameters: 3,069,224
✓ STGCN_Regression (True ST-GCN, Yan et al. AAAI 2018) defined
Device : cuda
GPU    : Tesla V100-PCIE-32GB
✓ centre_and_scale and run_epoch (regression) defined
=================================================================
Quality score distribution audit
=================================================================
  ✓ Saved → /mvdlph/masa/GCN_SingleView_Regression_Results/run_2026_05_25_10_47_10/plots/split_quality_distributions.png

Split    Type              n    mean     std    min    25%    50%    75%    max
----------------------------------------------------------------------
Train    Correct (T≤2)   3925   4.654   0.319   3.68   4.48   4.74   4.90   5.00
Train    Erroneous (T≥3)   2365   3.301   0.759   1.34   2.86   3.44   3.84   4.67

Val      Correct (T≤2)   1347   4.674   0.338   3.56   4.64   4.82   4.90   5.00
Val      Erroneous (T≥3)    654   3.216   0.557   2.28   2.72   3.20   3.72   4.06

Test     Correct (T≤2)   1417   4.610   0.367   3.58   4.38   4.72   4.88   5.00
Test     Erroneous (T≥3)    869   3.171   0.495   2.18   2.70   3.22   3.48   4.28

=================================================================
Person distribution across splits
=================================================================
  Train : ['P0', 'P10', 'P14', 'P15', 'P2', 'P3', 'P4', 'P5', 'P7']
  Val   : ['P1', 'P11', 'P6']
  Test  : ['P12', 'P13', 'P8', 'P9']

Per-person quality mean per split:

  Train:
         mean    std  count
person                     
P0      4.572  0.395    521
P10     3.290  0.862   1041
P14     3.676  0.814    948
P15     3.582  0.745    947
P2      4.836  0.104    544
P3      4.646  0.200    511
P4      4.643  0.254    577
P5      4.756  0.236    607
P7      4.747  0.204    594

  Val:
         mean    std  count
person                     
P1      4.861  0.095    606
P11     3.412  0.669    814
P6      4.605  0.318    581

  Test:
         mean    std  count
person                     
P12     3.139  0.592    530
P13     3.632  0.620    555
P8      4.736  0.247    598
P9      4.606  0.363    603

=================================================================
Exercise balance across splits
=================================================================
    Train  Val  Test  Train%  Val%  Test%
E0    961  294   464    15.3  14.7   20.3
E1    965  316   326    15.3  15.8   14.3
E2    769  295   258    12.2  14.7   11.3
E3    970  322   286    15.4  16.1   12.5
E4    904  312   321    14.4  15.6   14.0
E5    934  281   314    14.8  14.0   13.7
E6    787  181   317    12.5   9.0   13.9
✓ Plotting helpers (regression) defined
✓ EarlyStopping defined (monitoring MAE)
2026-05-25 10:47:42,035 | INFO | ======================================================================
2026-05-25 10:47:42,036 | INFO | STARTING REGRESSION TRAINING  (with Early Stopping on MAE)
2026-05-25 10:47:42,036 | INFO | ======================================================================
2026-05-25 10:47:42,037 | INFO | train=6290 val=2001 test=2286

════════════════════════════════════════════════════════════════════
  Camera CNone  |  Train: 6290  Val: 2001  Test: 2286
  Patience: 100  |  LR: 1e-4  |  Batch: 48
════════════════════════════════════════════════════════════════════
  Ep   1/300 | Tr loss=0.3844 mae=0.731 r2=-0.025 pcc=0.550 | Vl loss=0.5034 mae=0.900 r2=-0.783 pcc=0.547 | ES 0/100 ★
2026-05-25 10:48:16,254 | INFO |   Ep   1/300 | Tr loss=0.3844 mae=0.731 r2=-0.025 pcc=0.550 | Vl loss=0.5034 mae=0.900 r2=-0.783 pcc=0.547 | ES 0/100 ★
    ★ val_mae=0.9000  rmse=1.0735  r2=-0.7829  pcc=0.5473
  Ep   2/300 | Tr loss=0.2423 mae=0.558 r2=0.441 pcc=0.703 | Vl loss=0.5199 mae=0.940 r2=-0.778 pcc=0.692 | ES 1/100
2026-05-25 10:48:49,531 | INFO |   Ep   2/300 | Tr loss=0.2423 mae=0.558 r2=0.441 pcc=0.703 | Vl loss=0.5199 mae=0.940 r2=-0.778 pcc=0.692 | ES 1/100
  Ep   3/300 | Tr loss=0.2189 mae=0.524 r2=0.509 pcc=0.728 | Vl loss=0.4891 mae=0.918 r2=-0.643 pcc=0.763 | ES 2/100
2026-05-25 10:49:22,684 | INFO |   Ep   3/300 | Tr loss=0.2189 mae=0.524 r2=0.509 pcc=0.728 | Vl loss=0.4891 mae=0.918 r2=-0.643 pcc=0.763 | ES 2/100
  Ep   4/300 | Tr loss=0.2046 mae=0.510 r2=0.533 pcc=0.740 | Vl loss=0.6322 mae=1.073 r2=-1.192 pcc=0.708 | ES 3/100
2026-05-25 10:49:55,833 | INFO |   Ep   4/300 | Tr loss=0.2046 mae=0.510 r2=0.533 pcc=0.740 | Vl loss=0.6322 mae=1.073 r2=-1.192 pcc=0.708 | ES 3/100
  Ep   5/300 | Tr loss=0.1935 mae=0.491 r2=0.559 pcc=0.754 | Vl loss=0.3584 mae=0.769 r2=-0.171 pcc=0.806 | ES 0/100 ★
2026-05-25 10:50:29,248 | INFO |   Ep   5/300 | Tr loss=0.1935 mae=0.491 r2=0.559 pcc=0.754 | Vl loss=0.3584 mae=0.769 r2=-0.171 pcc=0.806 | ES 0/100 ★
    ★ val_mae=0.7689  rmse=0.8699  r2=-0.1708  pcc=0.8063
  Ep   6/300 | Tr loss=0.1937 mae=0.486 r2=0.563 pcc=0.755 | Vl loss=0.5122 mae=0.948 r2=-0.726 pcc=0.754 | ES 1/100
2026-05-25 10:51:02,211 | INFO |   Ep   6/300 | Tr loss=0.1937 mae=0.486 r2=0.563 pcc=0.755 | Vl loss=0.5122 mae=0.948 r2=-0.726 pcc=0.754 | ES 1/100
  Ep   7/300 | Tr loss=0.1875 mae=0.482 r2=0.577 pcc=0.764 | Vl loss=0.5937 mae=1.048 r2=-1.014 pcc=0.774 | ES 2/100
2026-05-25 10:51:35,523 | INFO |   Ep   7/300 | Tr loss=0.1875 mae=0.482 r2=0.577 pcc=0.764 | Vl loss=0.5937 mae=1.048 r2=-1.014 pcc=0.774 | ES 2/100
  Ep   8/300 | Tr loss=0.1860 mae=0.476 r2=0.583 pcc=0.766 | Vl loss=0.5899 mae=1.035 r2=-1.030 pcc=0.695 | ES 3/100
2026-05-25 10:52:08,671 | INFO |   Ep   8/300 | Tr loss=0.1860 mae=0.476 r2=0.583 pcc=0.766 | Vl loss=0.5899 mae=1.035 r2=-1.030 pcc=0.695 | ES 3/100
  Ep   9/300 | Tr loss=0.1762 mae=0.464 r2=0.602 pcc=0.780 | Vl loss=0.2494 mae=0.607 r2=0.181 pcc=0.828 | ES 0/100 ★
2026-05-25 10:52:41,745 | INFO |   Ep   9/300 | Tr loss=0.1762 mae=0.464 r2=0.602 pcc=0.780 | Vl loss=0.2494 mae=0.607 r2=0.181 pcc=0.828 | ES 0/100 ★
    ★ val_mae=0.6072  rmse=0.7275  r2=0.1810  pcc=0.8276
  Ep  10/300 | Tr loss=0.1832 mae=0.469 r2=0.586 pcc=0.767 | Vl loss=0.1438 mae=0.408 r2=0.520 pcc=0.857 | ES 0/100 ★
2026-05-25 10:53:15,101 | INFO |   Ep  10/300 | Tr loss=0.1832 mae=0.469 r2=0.586 pcc=0.767 | Vl loss=0.1438 mae=0.408 r2=0.520 pcc=0.857 | ES 0/100 ★
    ★ val_mae=0.4082  rmse=0.5570  r2=0.5200  pcc=0.8573
  Ep  11/300 | Tr loss=0.1816 mae=0.470 r2=0.604 pcc=0.780 | Vl loss=0.1602 mae=0.460 r2=0.477 pcc=0.861 | ES 1/100
2026-05-25 10:53:48,268 | INFO |   Ep  11/300 | Tr loss=0.1816 mae=0.470 r2=0.604 pcc=0.780 | Vl loss=0.1602 mae=0.460 r2=0.477 pcc=0.861 | ES 1/100
  Ep  12/300 | Tr loss=0.1771 mae=0.458 r2=0.614 pcc=0.785 | Vl loss=0.3716 mae=0.773 r2=-0.231 pcc=0.756 | ES 2/100
2026-05-25 10:54:21,437 | INFO |   Ep  12/300 | Tr loss=0.1771 mae=0.458 r2=0.614 pcc=0.785 | Vl loss=0.3716 mae=0.773 r2=-0.231 pcc=0.756 | ES 2/100
  Ep  13/300 | Tr loss=0.1754 mae=0.463 r2=0.605 pcc=0.779 | Vl loss=0.1414 mae=0.422 r2=0.533 pcc=0.848 | ES 3/100
2026-05-25 10:54:54,527 | INFO |   Ep  13/300 | Tr loss=0.1754 mae=0.463 r2=0.605 pcc=0.779 | Vl loss=0.1414 mae=0.422 r2=0.533 pcc=0.848 | ES 3/100
  Ep  14/300 | Tr loss=0.1739 mae=0.455 r2=0.611 pcc=0.783 | Vl loss=0.2336 mae=0.596 r2=0.239 pcc=0.772 | ES 4/100
2026-05-25 10:55:27,869 | INFO |   Ep  14/300 | Tr loss=0.1739 mae=0.455 r2=0.611 pcc=0.783 | Vl loss=0.2336 mae=0.596 r2=0.239 pcc=0.772 | ES 4/100
  Ep  15/300 | Tr loss=0.1693 mae=0.452 r2=0.619 pcc=0.788 | Vl loss=0.2060 mae=0.554 r2=0.333 pcc=0.843 | ES 5/100
2026-05-25 10:56:01,171 | INFO |   Ep  15/300 | Tr loss=0.1693 mae=0.452 r2=0.619 pcc=0.788 | Vl loss=0.2060 mae=0.554 r2=0.333 pcc=0.843 | ES 5/100
  Ep  16/300 | Tr loss=0.1672 mae=0.444 r2=0.628 pcc=0.794 | Vl loss=0.1704 mae=0.488 r2=0.441 pcc=0.850 | ES 6/100
2026-05-25 10:56:34,506 | INFO |   Ep  16/300 | Tr loss=0.1672 mae=0.444 r2=0.628 pcc=0.794 | Vl loss=0.1704 mae=0.488 r2=0.441 pcc=0.850 | ES 6/100
  Ep  17/300 | Tr loss=0.1645 mae=0.443 r2=0.629 pcc=0.794 | Vl loss=0.2726 mae=0.653 r2=0.115 pcc=0.815 | ES 7/100
2026-05-25 10:57:07,716 | INFO |   Ep  17/300 | Tr loss=0.1645 mae=0.443 r2=0.629 pcc=0.794 | Vl loss=0.2726 mae=0.653 r2=0.115 pcc=0.815 | ES 7/100
  Ep  18/300 | Tr loss=0.1638 mae=0.445 r2=0.630 pcc=0.794 | Vl loss=0.1528 mae=0.454 r2=0.504 pcc=0.846 | ES 8/100
2026-05-25 10:57:40,845 | INFO |   Ep  18/300 | Tr loss=0.1638 mae=0.445 r2=0.630 pcc=0.794 | Vl loss=0.1528 mae=0.454 r2=0.504 pcc=0.846 | ES 8/100
  Ep  19/300 | Tr loss=0.1576 mae=0.434 r2=0.647 pcc=0.804 | Vl loss=0.1804 mae=0.506 r2=0.416 pcc=0.843 | ES 9/100
2026-05-25 10:58:13,950 | INFO |   Ep  19/300 | Tr loss=0.1576 mae=0.434 r2=0.647 pcc=0.804 | Vl loss=0.1804 mae=0.506 r2=0.416 pcc=0.843 | ES 9/100
  Ep  20/300 | Tr loss=0.1613 mae=0.440 r2=0.648 pcc=0.806 | Vl loss=0.2114 mae=0.563 r2=0.324 pcc=0.806 | ES 10/100
2026-05-25 10:58:47,094 | INFO |   Ep  20/300 | Tr loss=0.1613 mae=0.440 r2=0.648 pcc=0.806 | Vl loss=0.2114 mae=0.563 r2=0.324 pcc=0.806 | ES 10/100
  Ep  21/300 | Tr loss=0.1649 mae=0.446 r2=0.630 pcc=0.795 | Vl loss=0.1311 mae=0.378 r2=0.559 pcc=0.851 | ES 0/100 ★
2026-05-25 10:59:20,382 | INFO |   Ep  21/300 | Tr loss=0.1649 mae=0.446 r2=0.630 pcc=0.795 | Vl loss=0.1311 mae=0.378 r2=0.559 pcc=0.851 | ES 0/100 ★
    ★ val_mae=0.3785  rmse=0.5340  r2=0.5588  pcc=0.8512
  Ep  22/300 | Tr loss=0.1662 mae=0.447 r2=0.627 pcc=0.793 | Vl loss=0.1118 mae=0.344 r2=0.629 pcc=0.856 | ES 0/100 ★
2026-05-25 10:59:53,585 | INFO |   Ep  22/300 | Tr loss=0.1662 mae=0.447 r2=0.627 pcc=0.793 | Vl loss=0.1118 mae=0.344 r2=0.629 pcc=0.856 | ES 0/100 ★
    ★ val_mae=0.3440  rmse=0.4895  r2=0.6294  pcc=0.8563
  Ep  23/300 | Tr loss=0.1606 mae=0.439 r2=0.644 pcc=0.803 | Vl loss=0.0968 mae=0.315 r2=0.684 pcc=0.865 | ES 0/100 ★
2026-05-25 11:00:26,898 | INFO |   Ep  23/300 | Tr loss=0.1606 mae=0.439 r2=0.644 pcc=0.803 | Vl loss=0.0968 mae=0.315 r2=0.684 pcc=0.865 | ES 0/100 ★
    ★ val_mae=0.3148  rmse=0.4519  r2=0.6840  pcc=0.8650
  Ep  24/300 | Tr loss=0.1570 mae=0.433 r2=0.641 pcc=0.801 | Vl loss=0.2195 mae=0.561 r2=0.291 pcc=0.803 | ES 1/100
2026-05-25 11:01:00,053 | INFO |   Ep  24/300 | Tr loss=0.1570 mae=0.433 r2=0.641 pcc=0.801 | Vl loss=0.2195 mae=0.561 r2=0.291 pcc=0.803 | ES 1/100
  Ep  25/300 | Tr loss=0.1661 mae=0.440 r2=0.637 pcc=0.799 | Vl loss=0.1121 mae=0.356 r2=0.632 pcc=0.856 | ES 2/100
2026-05-25 11:01:33,237 | INFO |   Ep  25/300 | Tr loss=0.1661 mae=0.440 r2=0.637 pcc=0.799 | Vl loss=0.1121 mae=0.356 r2=0.632 pcc=0.856 | ES 2/100
  Ep  26/300 | Tr loss=0.1632 mae=0.443 r2=0.632 pcc=0.796 | Vl loss=0.1008 mae=0.309 r2=0.667 pcc=0.858 | ES 0/100 ★
2026-05-25 11:02:06,503 | INFO |   Ep  26/300 | Tr loss=0.1632 mae=0.443 r2=0.632 pcc=0.796 | Vl loss=0.1008 mae=0.309 r2=0.667 pcc=0.858 | ES 0/100 ★
    ★ val_mae=0.3091  rmse=0.4639  r2=0.6670  pcc=0.8581
  Ep  27/300 | Tr loss=0.1603 mae=0.439 r2=0.637 pcc=0.799 | Vl loss=0.1753 mae=0.491 r2=0.433 pcc=0.831 | ES 1/100
2026-05-25 11:02:40,149 | INFO |   Ep  27/300 | Tr loss=0.1603 mae=0.439 r2=0.637 pcc=0.799 | Vl loss=0.1753 mae=0.491 r2=0.433 pcc=0.831 | ES 1/100
  Ep  28/300 | Tr loss=0.1615 mae=0.441 r2=0.630 pcc=0.794 | Vl loss=0.1082 mae=0.338 r2=0.646 pcc=0.860 | ES 2/100
2026-05-25 11:03:13,452 | INFO |   Ep  28/300 | Tr loss=0.1615 mae=0.441 r2=0.630 pcc=0.794 | Vl loss=0.1082 mae=0.338 r2=0.646 pcc=0.860 | ES 2/100
  Ep  29/300 | Tr loss=0.1631 mae=0.446 r2=0.635 pcc=0.797 | Vl loss=0.2467 mae=0.586 r2=0.193 pcc=0.779 | ES 3/100
2026-05-25 11:03:46,796 | INFO |   Ep  29/300 | Tr loss=0.1631 mae=0.446 r2=0.635 pcc=0.797 | Vl loss=0.2467 mae=0.586 r2=0.193 pcc=0.779 | ES 3/100
  Ep  30/300 | Tr loss=0.1590 mae=0.430 r2=0.646 pcc=0.805 | Vl loss=0.1363 mae=0.396 r2=0.551 pcc=0.840 | ES 4/100
2026-05-25 11:04:19,967 | INFO |   Ep  30/300 | Tr loss=0.1590 mae=0.430 r2=0.646 pcc=0.805 | Vl loss=0.1363 mae=0.396 r2=0.551 pcc=0.840 | ES 4/100
  Ep  31/300 | Tr loss=0.1573 mae=0.432 r2=0.646 pcc=0.804 | Vl loss=0.2198 mae=0.561 r2=0.290 pcc=0.799 | ES 5/100
2026-05-25 11:04:53,362 | INFO |   Ep  31/300 | Tr loss=0.1573 mae=0.432 r2=0.646 pcc=0.804 | Vl loss=0.2198 mae=0.561 r2=0.290 pcc=0.799 | ES 5/100
  Ep  32/300 | Tr loss=0.1588 mae=0.436 r2=0.647 pcc=0.805 | Vl loss=0.1451 mae=0.412 r2=0.516 pcc=0.846 | ES 6/100
2026-05-25 11:05:26,555 | INFO |   Ep  32/300 | Tr loss=0.1588 mae=0.436 r2=0.647 pcc=0.805 | Vl loss=0.1451 mae=0.412 r2=0.516 pcc=0.846 | ES 6/100
  Ep  33/300 | Tr loss=0.1557 mae=0.426 r2=0.656 pcc=0.811 | Vl loss=0.2098 mae=0.542 r2=0.322 pcc=0.814 | ES 7/100
2026-05-25 11:05:59,677 | INFO |   Ep  33/300 | Tr loss=0.1557 mae=0.426 r2=0.656 pcc=0.811 | Vl loss=0.2098 mae=0.542 r2=0.322 pcc=0.814 | ES 7/100
  Ep  34/300 | Tr loss=0.1565 mae=0.432 r2=0.650 pcc=0.807 | Vl loss=0.1438 mae=0.422 r2=0.525 pcc=0.842 | ES 8/100
2026-05-25 11:06:32,923 | INFO |   Ep  34/300 | Tr loss=0.1565 mae=0.432 r2=0.650 pcc=0.807 | Vl loss=0.1438 mae=0.422 r2=0.525 pcc=0.842 | ES 8/100
  Ep  35/300 | Tr loss=0.1575 mae=0.425 r2=0.653 pcc=0.809 | Vl loss=0.1524 mae=0.448 r2=0.499 pcc=0.839 | ES 9/100
2026-05-25 11:07:06,439 | INFO |   Ep  35/300 | Tr loss=0.1575 mae=0.425 r2=0.653 pcc=0.809 | Vl loss=0.1524 mae=0.448 r2=0.499 pcc=0.839 | ES 9/100
  Ep  36/300 | Tr loss=0.1664 mae=0.436 r2=0.646 pcc=0.804 | Vl loss=0.1743 mae=0.488 r2=0.431 pcc=0.839 | ES 10/100
2026-05-25 11:07:39,589 | INFO |   Ep  36/300 | Tr loss=0.1664 mae=0.436 r2=0.646 pcc=0.804 | Vl loss=0.1743 mae=0.488 r2=0.431 pcc=0.839 | ES 10/100
  Ep  37/300 | Tr loss=0.1558 mae=0.430 r2=0.650 pcc=0.807 | Vl loss=0.1205 mae=0.381 r2=0.608 pcc=0.856 | ES 11/100
2026-05-25 11:08:12,646 | INFO |   Ep  37/300 | Tr loss=0.1558 mae=0.430 r2=0.650 pcc=0.807 | Vl loss=0.1205 mae=0.381 r2=0.608 pcc=0.856 | ES 11/100
  Ep  38/300 | Tr loss=0.1563 mae=0.430 r2=0.652 pcc=0.808 | Vl loss=0.1362 mae=0.416 r2=0.559 pcc=0.852 | ES 12/100
2026-05-25 11:08:45,649 | INFO |   Ep  38/300 | Tr loss=0.1563 mae=0.430 r2=0.652 pcc=0.808 | Vl loss=0.1362 mae=0.416 r2=0.559 pcc=0.852 | ES 12/100
  Ep  39/300 | Tr loss=0.1543 mae=0.426 r2=0.654 pcc=0.809 | Vl loss=0.1475 mae=0.430 r2=0.515 pcc=0.844 | ES 13/100
2026-05-25 11:09:18,836 | INFO |   Ep  39/300 | Tr loss=0.1543 mae=0.426 r2=0.654 pcc=0.809 | Vl loss=0.1475 mae=0.430 r2=0.515 pcc=0.844 | ES 13/100
  Ep  40/300 | Tr loss=0.1603 mae=0.429 r2=0.650 pcc=0.807 | Vl loss=0.1181 mae=0.367 r2=0.614 pcc=0.855 | ES 14/100
2026-05-25 11:09:51,952 | INFO |   Ep  40/300 | Tr loss=0.1603 mae=0.429 r2=0.650 pcc=0.807 | Vl loss=0.1181 mae=0.367 r2=0.614 pcc=0.855 | ES 14/100
  Ep  41/300 | Tr loss=0.1548 mae=0.423 r2=0.655 pcc=0.810 | Vl loss=0.1337 mae=0.400 r2=0.560 pcc=0.837 | ES 15/100
2026-05-25 11:10:25,093 | INFO |   Ep  41/300 | Tr loss=0.1548 mae=0.423 r2=0.655 pcc=0.810 | Vl loss=0.1337 mae=0.400 r2=0.560 pcc=0.837 | ES 15/100
  Ep  42/300 | Tr loss=0.1604 mae=0.427 r2=0.659 pcc=0.812 | Vl loss=0.1655 mae=0.465 r2=0.464 pcc=0.826 | ES 16/100
2026-05-25 11:10:58,317 | INFO |   Ep  42/300 | Tr loss=0.1604 mae=0.427 r2=0.659 pcc=0.812 | Vl loss=0.1655 mae=0.465 r2=0.464 pcc=0.826 | ES 16/100
  Ep  43/300 | Tr loss=0.1553 mae=0.427 r2=0.648 pcc=0.805 | Vl loss=0.1169 mae=0.363 r2=0.612 pcc=0.849 | ES 17/100
2026-05-25 11:11:31,362 | INFO |   Ep  43/300 | Tr loss=0.1553 mae=0.427 r2=0.648 pcc=0.805 | Vl loss=0.1169 mae=0.363 r2=0.612 pcc=0.849 | ES 17/100
  Ep  44/300 | Tr loss=0.1546 mae=0.427 r2=0.649 pcc=0.806 | Vl loss=0.1778 mae=0.497 r2=0.426 pcc=0.808 | ES 18/100
2026-05-25 11:12:04,464 | INFO |   Ep  44/300 | Tr loss=0.1546 mae=0.427 r2=0.649 pcc=0.806 | Vl loss=0.1778 mae=0.497 r2=0.426 pcc=0.808 | ES 18/100
  Ep  45/300 | Tr loss=0.1543 mae=0.424 r2=0.657 pcc=0.811 | Vl loss=0.1464 mae=0.442 r2=0.530 pcc=0.835 | ES 19/100
2026-05-25 11:12:37,579 | INFO |   Ep  45/300 | Tr loss=0.1543 mae=0.424 r2=0.657 pcc=0.811 | Vl loss=0.1464 mae=0.442 r2=0.530 pcc=0.835 | ES 19/100
  Ep  46/300 | Tr loss=0.1526 mae=0.420 r2=0.663 pcc=0.814 | Vl loss=0.1298 mae=0.384 r2=0.570 pcc=0.844 | ES 20/100
2026-05-25 11:13:10,716 | INFO |   Ep  46/300 | Tr loss=0.1526 mae=0.420 r2=0.663 pcc=0.814 | Vl loss=0.1298 mae=0.384 r2=0.570 pcc=0.844 | ES 20/100
  Ep  47/300 | Tr loss=0.1508 mae=0.418 r2=0.667 pcc=0.817 | Vl loss=0.2523 mae=0.609 r2=0.181 pcc=0.759 | ES 21/100
2026-05-25 11:13:43,814 | INFO |   Ep  47/300 | Tr loss=0.1508 mae=0.418 r2=0.667 pcc=0.817 | Vl loss=0.2523 mae=0.609 r2=0.181 pcc=0.759 | ES 21/100
  Ep  48/300 | Tr loss=0.1530 mae=0.427 r2=0.652 pcc=0.808 | Vl loss=0.1369 mae=0.402 r2=0.548 pcc=0.827 | ES 22/100
2026-05-25 11:14:16,971 | INFO |   Ep  48/300 | Tr loss=0.1530 mae=0.427 r2=0.652 pcc=0.808 | Vl loss=0.1369 mae=0.402 r2=0.548 pcc=0.827 | ES 22/100
  Ep  49/300 | Tr loss=0.1527 mae=0.418 r2=0.662 pcc=0.814 | Vl loss=0.1274 mae=0.385 r2=0.580 pcc=0.838 | ES 23/100
2026-05-25 11:14:49,986 | INFO |   Ep  49/300 | Tr loss=0.1527 mae=0.418 r2=0.662 pcc=0.814 | Vl loss=0.1274 mae=0.385 r2=0.580 pcc=0.838 | ES 23/100
  Ep  50/300 | Tr loss=0.1519 mae=0.419 r2=0.654 pcc=0.809 | Vl loss=0.1810 mae=0.511 r2=0.418 pcc=0.824 | ES 24/100
2026-05-25 11:15:23,092 | INFO |   Ep  50/300 | Tr loss=0.1519 mae=0.419 r2=0.654 pcc=0.809 | Vl loss=0.1810 mae=0.511 r2=0.418 pcc=0.824 | ES 24/100
  Ep  51/300 | Tr loss=0.1510 mae=0.416 r2=0.666 pcc=0.816 | Vl loss=0.1399 mae=0.422 r2=0.548 pcc=0.833 | ES 25/100
2026-05-25 11:15:56,218 | INFO |   Ep  51/300 | Tr loss=0.1510 mae=0.416 r2=0.666 pcc=0.816 | Vl loss=0.1399 mae=0.422 r2=0.548 pcc=0.833 | ES 25/100
  Ep  52/300 | Tr loss=0.1514 mae=0.419 r2=0.661 pcc=0.813 | Vl loss=0.3004 mae=0.678 r2=0.022 pcc=0.747 | ES 26/100
2026-05-25 11:16:29,385 | INFO |   Ep  52/300 | Tr loss=0.1514 mae=0.419 r2=0.661 pcc=0.813 | Vl loss=0.3004 mae=0.678 r2=0.022 pcc=0.747 | ES 26/100
  Ep  53/300 | Tr loss=0.1467 mae=0.411 r2=0.666 pcc=0.817 | Vl loss=0.2078 mae=0.540 r2=0.328 pcc=0.795 | ES 27/100
2026-05-25 11:17:02,707 | INFO |   Ep  53/300 | Tr loss=0.1467 mae=0.411 r2=0.666 pcc=0.817 | Vl loss=0.2078 mae=0.540 r2=0.328 pcc=0.795 | ES 27/100
  Ep  54/300 | Tr loss=0.1504 mae=0.415 r2=0.661 pcc=0.814 | Vl loss=0.1796 mae=0.487 r2=0.414 pcc=0.819 | ES 28/100
2026-05-25 11:17:36,025 | INFO |   Ep  54/300 | Tr loss=0.1504 mae=0.415 r2=0.661 pcc=0.814 | Vl loss=0.1796 mae=0.487 r2=0.414 pcc=0.819 | ES 28/100
  Ep  55/300 | Tr loss=0.1550 mae=0.421 r2=0.655 pcc=0.809 | Vl loss=0.1539 mae=0.432 r2=0.497 pcc=0.834 | ES 29/100
2026-05-25 11:18:09,213 | INFO |   Ep  55/300 | Tr loss=0.1550 mae=0.421 r2=0.655 pcc=0.809 | Vl loss=0.1539 mae=0.432 r2=0.497 pcc=0.834 | ES 29/100
  Ep  56/300 | Tr loss=0.1463 mae=0.413 r2=0.667 pcc=0.817 | Vl loss=0.1516 mae=0.446 r2=0.512 pcc=0.827 | ES 30/100
2026-05-25 11:18:42,883 | INFO |   Ep  56/300 | Tr loss=0.1463 mae=0.413 r2=0.667 pcc=0.817 | Vl loss=0.1516 mae=0.446 r2=0.512 pcc=0.827 | ES 30/100
  Ep  57/300 | Tr loss=0.1478 mae=0.411 r2=0.679 pcc=0.824 | Vl loss=0.1361 mae=0.409 r2=0.555 pcc=0.838 | ES 31/100
2026-05-25 11:19:16,077 | INFO |   Ep  57/300 | Tr loss=0.1478 mae=0.411 r2=0.679 pcc=0.824 | Vl loss=0.1361 mae=0.409 r2=0.555 pcc=0.838 | ES 31/100
  Ep  58/300 | Tr loss=0.1470 mae=0.412 r2=0.666 pcc=0.817 | Vl loss=0.1634 mae=0.476 r2=0.477 pcc=0.825 | ES 32/100
2026-05-25 11:19:49,267 | INFO |   Ep  58/300 | Tr loss=0.1470 mae=0.412 r2=0.666 pcc=0.817 | Vl loss=0.1634 mae=0.476 r2=0.477 pcc=0.825 | ES 32/100
  Ep  59/300 | Tr loss=0.1481 mae=0.415 r2=0.665 pcc=0.816 | Vl loss=0.1231 mae=0.368 r2=0.592 pcc=0.842 | ES 33/100
2026-05-25 11:20:22,413 | INFO |   Ep  59/300 | Tr loss=0.1481 mae=0.415 r2=0.665 pcc=0.816 | Vl loss=0.1231 mae=0.368 r2=0.592 pcc=0.842 | ES 33/100
  Ep  60/300 | Tr loss=0.1535 mae=0.419 r2=0.654 pcc=0.809 | Vl loss=0.1279 mae=0.372 r2=0.573 pcc=0.841 | ES 34/100
2026-05-25 11:20:55,612 | INFO |   Ep  60/300 | Tr loss=0.1535 mae=0.419 r2=0.654 pcc=0.809 | Vl loss=0.1279 mae=0.372 r2=0.573 pcc=0.841 | ES 34/100
  Ep  61/300 | Tr loss=0.1575 mae=0.426 r2=0.662 pcc=0.814 | Vl loss=0.1135 mae=0.364 r2=0.636 pcc=0.835 | ES 35/100
2026-05-25 11:21:28,760 | INFO |   Ep  61/300 | Tr loss=0.1575 mae=0.426 r2=0.662 pcc=0.814 | Vl loss=0.1135 mae=0.364 r2=0.636 pcc=0.835 | ES 35/100
  Ep  62/300 | Tr loss=0.1464 mae=0.411 r2=0.675 pcc=0.822 | Vl loss=0.1275 mae=0.409 r2=0.590 pcc=0.842 | ES 36/100
2026-05-25 11:22:01,940 | INFO |   Ep  62/300 | Tr loss=0.1464 mae=0.411 r2=0.675 pcc=0.822 | Vl loss=0.1275 mae=0.409 r2=0.590 pcc=0.842 | ES 36/100
  Ep  63/300 | Tr loss=0.1525 mae=0.417 r2=0.664 pcc=0.815 | Vl loss=0.1200 mae=0.386 r2=0.612 pcc=0.845 | ES 37/100
2026-05-25 11:22:35,424 | INFO |   Ep  63/300 | Tr loss=0.1525 mae=0.417 r2=0.664 pcc=0.815 | Vl loss=0.1200 mae=0.386 r2=0.612 pcc=0.845 | ES 37/100
  Ep  64/300 | Tr loss=0.1441 mae=0.411 r2=0.662 pcc=0.814 | Vl loss=0.1146 mae=0.356 r2=0.630 pcc=0.844 | ES 38/100
2026-05-25 11:23:08,609 | INFO |   Ep  64/300 | Tr loss=0.1441 mae=0.411 r2=0.662 pcc=0.814 | Vl loss=0.1146 mae=0.356 r2=0.630 pcc=0.844 | ES 38/100
  Ep  65/300 | Tr loss=0.1396 mae=0.402 r2=0.685 pcc=0.828 | Vl loss=0.1119 mae=0.334 r2=0.634 pcc=0.849 | ES 39/100
2026-05-25 11:23:41,821 | INFO |   Ep  65/300 | Tr loss=0.1396 mae=0.402 r2=0.685 pcc=0.828 | Vl loss=0.1119 mae=0.334 r2=0.634 pcc=0.849 | ES 39/100
  Ep  66/300 | Tr loss=0.1474 mae=0.414 r2=0.667 pcc=0.817 | Vl loss=0.1079 mae=0.333 r2=0.646 pcc=0.851 | ES 40/100
2026-05-25 11:24:15,355 | INFO |   Ep  66/300 | Tr loss=0.1474 mae=0.414 r2=0.667 pcc=0.817 | Vl loss=0.1079 mae=0.333 r2=0.646 pcc=0.851 | ES 40/100
  Ep  67/300 | Tr loss=0.1509 mae=0.409 r2=0.665 pcc=0.816 | Vl loss=0.1185 mae=0.341 r2=0.605 pcc=0.846 | ES 41/100
2026-05-25 11:24:48,993 | INFO |   Ep  67/300 | Tr loss=0.1509 mae=0.409 r2=0.665 pcc=0.816 | Vl loss=0.1185 mae=0.341 r2=0.605 pcc=0.846 | ES 41/100
  Ep  68/300 | Tr loss=0.1475 mae=0.416 r2=0.670 pcc=0.819 | Vl loss=0.1015 mae=0.318 r2=0.671 pcc=0.851 | ES 42/100
2026-05-25 11:25:22,499 | INFO |   Ep  68/300 | Tr loss=0.1475 mae=0.416 r2=0.670 pcc=0.819 | Vl loss=0.1015 mae=0.318 r2=0.671 pcc=0.851 | ES 42/100
  Ep  69/300 | Tr loss=0.1440 mae=0.406 r2=0.677 pcc=0.823 | Vl loss=0.0960 mae=0.292 r2=0.685 pcc=0.862 | ES 0/100 ★
2026-05-25 11:25:55,784 | INFO |   Ep  69/300 | Tr loss=0.1440 mae=0.406 r2=0.677 pcc=0.823 | Vl loss=0.0960 mae=0.292 r2=0.685 pcc=0.862 | ES 0/100 ★
    ★ val_mae=0.2916  rmse=0.4509  r2=0.6854  pcc=0.8619
  Ep  70/300 | Tr loss=0.1529 mae=0.421 r2=0.662 pcc=0.814 | Vl loss=0.1087 mae=0.333 r2=0.646 pcc=0.851 | ES 1/100
2026-05-25 11:26:29,023 | INFO |   Ep  70/300 | Tr loss=0.1529 mae=0.421 r2=0.662 pcc=0.814 | Vl loss=0.1087 mae=0.333 r2=0.646 pcc=0.851 | ES 1/100
  Ep  71/300 | Tr loss=0.1508 mae=0.408 r2=0.679 pcc=0.824 | Vl loss=0.1044 mae=0.338 r2=0.660 pcc=0.854 | ES 2/100
2026-05-25 11:27:02,383 | INFO |   Ep  71/300 | Tr loss=0.1508 mae=0.408 r2=0.679 pcc=0.824 | Vl loss=0.1044 mae=0.338 r2=0.660 pcc=0.854 | ES 2/100
  Ep  72/300 | Tr loss=0.1445 mae=0.413 r2=0.670 pcc=0.819 | Vl loss=0.1100 mae=0.341 r2=0.637 pcc=0.851 | ES 3/100
2026-05-25 11:27:35,560 | INFO |   Ep  72/300 | Tr loss=0.1445 mae=0.413 r2=0.670 pcc=0.819 | Vl loss=0.1100 mae=0.341 r2=0.637 pcc=0.851 | ES 3/100
  Ep  73/300 | Tr loss=0.1441 mae=0.411 r2=0.673 pcc=0.820 | Vl loss=0.1007 mae=0.314 r2=0.668 pcc=0.855 | ES 4/100
2026-05-25 11:28:08,904 | INFO |   Ep  73/300 | Tr loss=0.1441 mae=0.411 r2=0.673 pcc=0.820 | Vl loss=0.1007 mae=0.314 r2=0.668 pcc=0.855 | ES 4/100
  Ep  74/300 | Tr loss=0.1422 mae=0.405 r2=0.682 pcc=0.826 | Vl loss=0.1002 mae=0.314 r2=0.674 pcc=0.862 | ES 5/100
2026-05-25 11:28:42,080 | INFO |   Ep  74/300 | Tr loss=0.1422 mae=0.405 r2=0.682 pcc=0.826 | Vl loss=0.1002 mae=0.314 r2=0.674 pcc=0.862 | ES 5/100
  Ep  75/300 | Tr loss=0.1451 mae=0.409 r2=0.667 pcc=0.818 | Vl loss=0.1016 mae=0.323 r2=0.666 pcc=0.854 | ES 6/100
2026-05-25 11:29:15,237 | INFO |   Ep  75/300 | Tr loss=0.1451 mae=0.409 r2=0.667 pcc=0.818 | Vl loss=0.1016 mae=0.323 r2=0.666 pcc=0.854 | ES 6/100
  Ep  76/300 | Tr loss=0.1461 mae=0.410 r2=0.671 pcc=0.819 | Vl loss=0.1176 mae=0.360 r2=0.615 pcc=0.844 | ES 7/100
2026-05-25 11:29:48,792 | INFO |   Ep  76/300 | Tr loss=0.1461 mae=0.410 r2=0.671 pcc=0.819 | Vl loss=0.1176 mae=0.360 r2=0.615 pcc=0.844 | ES 7/100
  Ep  77/300 | Tr loss=0.1415 mae=0.406 r2=0.677 pcc=0.823 | Vl loss=0.1242 mae=0.372 r2=0.588 pcc=0.840 | ES 8/100
2026-05-25 11:30:21,954 | INFO |   Ep  77/300 | Tr loss=0.1415 mae=0.406 r2=0.677 pcc=0.823 | Vl loss=0.1242 mae=0.372 r2=0.588 pcc=0.840 | ES 8/100
  Ep  78/300 | Tr loss=0.1478 mae=0.415 r2=0.659 pcc=0.812 | Vl loss=0.1487 mae=0.428 r2=0.519 pcc=0.826 | ES 9/100
2026-05-25 11:30:55,010 | INFO |   Ep  78/300 | Tr loss=0.1478 mae=0.415 r2=0.659 pcc=0.812 | Vl loss=0.1487 mae=0.428 r2=0.519 pcc=0.826 | ES 9/100
  Ep  79/300 | Tr loss=0.1414 mae=0.401 r2=0.669 pcc=0.818 | Vl loss=0.1136 mae=0.343 r2=0.622 pcc=0.842 | ES 10/100
2026-05-25 11:31:28,176 | INFO |   Ep  79/300 | Tr loss=0.1414 mae=0.401 r2=0.669 pcc=0.818 | Vl loss=0.1136 mae=0.343 r2=0.622 pcc=0.842 | ES 10/100
  Ep  80/300 | Tr loss=0.1510 mae=0.417 r2=0.658 pcc=0.812 | Vl loss=0.1404 mae=0.403 r2=0.547 pcc=0.826 | ES 11/100
2026-05-25 11:32:01,275 | INFO |   Ep  80/300 | Tr loss=0.1510 mae=0.417 r2=0.658 pcc=0.812 | Vl loss=0.1404 mae=0.403 r2=0.547 pcc=0.826 | ES 11/100
  Ep  81/300 | Tr loss=0.1397 mae=0.402 r2=0.677 pcc=0.823 | Vl loss=0.1257 mae=0.376 r2=0.584 pcc=0.841 | ES 12/100
2026-05-25 11:32:34,402 | INFO |   Ep  81/300 | Tr loss=0.1397 mae=0.402 r2=0.677 pcc=0.823 | Vl loss=0.1257 mae=0.376 r2=0.584 pcc=0.841 | ES 12/100
  Ep  82/300 | Tr loss=0.1466 mae=0.400 r2=0.683 pcc=0.827 | Vl loss=0.1043 mae=0.323 r2=0.660 pcc=0.844 | ES 13/100
2026-05-25 11:33:07,676 | INFO |   Ep  82/300 | Tr loss=0.1466 mae=0.400 r2=0.683 pcc=0.827 | Vl loss=0.1043 mae=0.323 r2=0.660 pcc=0.844 | ES 13/100
  Ep  83/300 | Tr loss=0.1450 mae=0.403 r2=0.683 pcc=0.827 | Vl loss=0.1097 mae=0.346 r2=0.646 pcc=0.852 | ES 14/100
2026-05-25 11:33:40,741 | INFO |   Ep  83/300 | Tr loss=0.1450 mae=0.403 r2=0.683 pcc=0.827 | Vl loss=0.1097 mae=0.346 r2=0.646 pcc=0.852 | ES 14/100
  Ep  84/300 | Tr loss=0.1373 mae=0.392 r2=0.697 pcc=0.835 | Vl loss=0.1030 mae=0.321 r2=0.663 pcc=0.857 | ES 15/100
2026-05-25 11:34:13,972 | INFO |   Ep  84/300 | Tr loss=0.1373 mae=0.392 r2=0.697 pcc=0.835 | Vl loss=0.1030 mae=0.321 r2=0.663 pcc=0.857 | ES 15/100
  Ep  85/300 | Tr loss=0.1433 mae=0.405 r2=0.678 pcc=0.824 | Vl loss=0.0915 mae=0.287 r2=0.702 pcc=0.860 | ES 0/100 ★
2026-05-25 11:34:47,206 | INFO |   Ep  85/300 | Tr loss=0.1433 mae=0.405 r2=0.678 pcc=0.824 | Vl loss=0.0915 mae=0.287 r2=0.702 pcc=0.860 | ES 0/100 ★
    ★ val_mae=0.2866  rmse=0.4390  r2=0.7018  pcc=0.8602
  Ep  86/300 | Tr loss=0.1505 mae=0.408 r2=0.674 pcc=0.821 | Vl loss=0.1039 mae=0.319 r2=0.662 pcc=0.848 | ES 1/100
2026-05-25 11:35:20,394 | INFO |   Ep  86/300 | Tr loss=0.1505 mae=0.408 r2=0.674 pcc=0.821 | Vl loss=0.1039 mae=0.319 r2=0.662 pcc=0.848 | ES 1/100
  Ep  87/300 | Tr loss=0.1465 mae=0.403 r2=0.683 pcc=0.826 | Vl loss=0.1151 mae=0.350 r2=0.626 pcc=0.843 | ES 2/100
2026-05-25 11:35:53,580 | INFO |   Ep  87/300 | Tr loss=0.1465 mae=0.403 r2=0.683 pcc=0.826 | Vl loss=0.1151 mae=0.350 r2=0.626 pcc=0.843 | ES 2/100
  Ep  88/300 | Tr loss=0.1441 mae=0.407 r2=0.673 pcc=0.821 | Vl loss=0.1151 mae=0.352 r2=0.628 pcc=0.831 | ES 3/100
2026-05-25 11:36:26,682 | INFO |   Ep  88/300 | Tr loss=0.1441 mae=0.407 r2=0.673 pcc=0.821 | Vl loss=0.1151 mae=0.352 r2=0.628 pcc=0.831 | ES 3/100
  Ep  89/300 | Tr loss=0.1436 mae=0.405 r2=0.677 pcc=0.823 | Vl loss=0.1362 mae=0.376 r2=0.554 pcc=0.825 | ES 4/100
2026-05-25 11:36:59,982 | INFO |   Ep  89/300 | Tr loss=0.1436 mae=0.405 r2=0.677 pcc=0.823 | Vl loss=0.1362 mae=0.376 r2=0.554 pcc=0.825 | ES 4/100
  Ep  90/300 | Tr loss=0.1452 mae=0.407 r2=0.678 pcc=0.824 | Vl loss=0.1093 mae=0.325 r2=0.641 pcc=0.843 | ES 5/100
2026-05-25 11:37:33,316 | INFO |   Ep  90/300 | Tr loss=0.1452 mae=0.407 r2=0.678 pcc=0.824 | Vl loss=0.1093 mae=0.325 r2=0.641 pcc=0.843 | ES 5/100
  Ep  91/300 | Tr loss=0.1393 mae=0.401 r2=0.695 pcc=0.834 | Vl loss=0.1754 mae=0.449 r2=0.427 pcc=0.793 | ES 6/100
2026-05-25 11:38:06,673 | INFO |   Ep  91/300 | Tr loss=0.1393 mae=0.401 r2=0.695 pcc=0.834 | Vl loss=0.1754 mae=0.449 r2=0.427 pcc=0.793 | ES 6/100
  Ep  92/300 | Tr loss=0.1424 mae=0.403 r2=0.682 pcc=0.826 | Vl loss=0.1392 mae=0.397 r2=0.543 pcc=0.832 | ES 7/100
2026-05-25 11:38:39,878 | INFO |   Ep  92/300 | Tr loss=0.1424 mae=0.403 r2=0.682 pcc=0.826 | Vl loss=0.1392 mae=0.397 r2=0.543 pcc=0.832 | ES 7/100
  Ep  93/300 | Tr loss=0.1451 mae=0.413 r2=0.676 pcc=0.823 | Vl loss=0.1078 mae=0.327 r2=0.645 pcc=0.841 | ES 8/100
2026-05-25 11:39:13,026 | INFO |   Ep  93/300 | Tr loss=0.1451 mae=0.413 r2=0.676 pcc=0.823 | Vl loss=0.1078 mae=0.327 r2=0.645 pcc=0.841 | ES 8/100
  Ep  94/300 | Tr loss=0.1455 mae=0.408 r2=0.671 pcc=0.820 | Vl loss=0.1123 mae=0.322 r2=0.632 pcc=0.827 | ES 9/100
2026-05-25 11:39:46,077 | INFO |   Ep  94/300 | Tr loss=0.1455 mae=0.408 r2=0.671 pcc=0.820 | Vl loss=0.1123 mae=0.322 r2=0.632 pcc=0.827 | ES 9/100
  Ep  95/300 | Tr loss=0.1470 mae=0.408 r2=0.676 pcc=0.822 | Vl loss=0.1318 mae=0.376 r2=0.572 pcc=0.826 | ES 10/100
2026-05-25 11:40:19,372 | INFO |   Ep  95/300 | Tr loss=0.1470 mae=0.408 r2=0.676 pcc=0.822 | Vl loss=0.1318 mae=0.376 r2=0.572 pcc=0.826 | ES 10/100
  Ep  96/300 | Tr loss=0.1368 mae=0.396 r2=0.693 pcc=0.833 | Vl loss=0.1322 mae=0.379 r2=0.571 pcc=0.825 | ES 11/100
2026-05-25 11:40:52,670 | INFO |   Ep  96/300 | Tr loss=0.1368 mae=0.396 r2=0.693 pcc=0.833 | Vl loss=0.1322 mae=0.379 r2=0.571 pcc=0.825 | ES 11/100
  Ep  97/300 | Tr loss=0.1406 mae=0.397 r2=0.694 pcc=0.833 | Vl loss=0.1129 mae=0.330 r2=0.628 pcc=0.841 | ES 12/100
2026-05-25 11:41:25,865 | INFO |   Ep  97/300 | Tr loss=0.1406 mae=0.397 r2=0.694 pcc=0.833 | Vl loss=0.1129 mae=0.330 r2=0.628 pcc=0.841 | ES 12/100
  Ep  98/300 | Tr loss=0.1364 mae=0.391 r2=0.697 pcc=0.835 | Vl loss=0.1085 mae=0.327 r2=0.644 pcc=0.844 | ES 13/100
2026-05-25 11:41:59,050 | INFO |   Ep  98/300 | Tr loss=0.1364 mae=0.391 r2=0.697 pcc=0.835 | Vl loss=0.1085 mae=0.327 r2=0.644 pcc=0.844 | ES 13/100
  Ep  99/300 | Tr loss=0.1446 mae=0.404 r2=0.673 pcc=0.821 | Vl loss=0.1109 mae=0.330 r2=0.629 pcc=0.843 | ES 14/100
2026-05-25 11:42:32,258 | INFO |   Ep  99/300 | Tr loss=0.1446 mae=0.404 r2=0.673 pcc=0.821 | Vl loss=0.1109 mae=0.330 r2=0.629 pcc=0.843 | ES 14/100
  Ep 100/300 | Tr loss=0.1465 mae=0.410 r2=0.675 pcc=0.822 | Vl loss=0.1045 mae=0.315 r2=0.657 pcc=0.842 | ES 15/100
2026-05-25 11:43:05,593 | INFO |   Ep 100/300 | Tr loss=0.1465 mae=0.410 r2=0.675 pcc=0.822 | Vl loss=0.1045 mae=0.315 r2=0.657 pcc=0.842 | ES 15/100
  Ep 101/300 | Tr loss=0.1401 mae=0.401 r2=0.688 pcc=0.830 | Vl loss=0.1092 mae=0.324 r2=0.642 pcc=0.833 | ES 16/100
2026-05-25 11:43:38,756 | INFO |   Ep 101/300 | Tr loss=0.1401 mae=0.401 r2=0.688 pcc=0.830 | Vl loss=0.1092 mae=0.324 r2=0.642 pcc=0.833 | ES 16/100
  Ep 102/300 | Tr loss=0.1358 mae=0.398 r2=0.696 pcc=0.835 | Vl loss=0.1083 mae=0.310 r2=0.642 pcc=0.831 | ES 17/100
2026-05-25 11:44:12,074 | INFO |   Ep 102/300 | Tr loss=0.1358 mae=0.398 r2=0.696 pcc=0.835 | Vl loss=0.1083 mae=0.310 r2=0.642 pcc=0.831 | ES 17/100
  Ep 103/300 | Tr loss=0.1364 mae=0.395 r2=0.690 pcc=0.831 | Vl loss=0.1050 mae=0.304 r2=0.655 pcc=0.834 | ES 18/100
2026-05-25 11:44:45,311 | INFO |   Ep 103/300 | Tr loss=0.1364 mae=0.395 r2=0.690 pcc=0.831 | Vl loss=0.1050 mae=0.304 r2=0.655 pcc=0.834 | ES 18/100
  Ep 104/300 | Tr loss=0.1454 mae=0.408 r2=0.673 pcc=0.821 | Vl loss=0.1114 mae=0.317 r2=0.633 pcc=0.816 | ES 19/100
2026-05-25 11:45:18,534 | INFO |   Ep 104/300 | Tr loss=0.1454 mae=0.408 r2=0.673 pcc=0.821 | Vl loss=0.1114 mae=0.317 r2=0.633 pcc=0.816 | ES 19/100
  Ep 105/300 | Tr loss=0.1425 mae=0.405 r2=0.679 pcc=0.824 | Vl loss=0.1067 mae=0.301 r2=0.647 pcc=0.834 | ES 20/100
2026-05-25 11:45:52,029 | INFO |   Ep 105/300 | Tr loss=0.1425 mae=0.405 r2=0.679 pcc=0.824 | Vl loss=0.1067 mae=0.301 r2=0.647 pcc=0.834 | ES 20/100
  Ep 106/300 | Tr loss=0.1418 mae=0.399 r2=0.680 pcc=0.825 | Vl loss=0.1025 mae=0.312 r2=0.664 pcc=0.839 | ES 21/100
2026-05-25 11:46:25,298 | INFO |   Ep 106/300 | Tr loss=0.1418 mae=0.399 r2=0.680 pcc=0.825 | Vl loss=0.1025 mae=0.312 r2=0.664 pcc=0.839 | ES 21/100
  Ep 107/300 | Tr loss=0.1373 mae=0.397 r2=0.699 pcc=0.836 | Vl loss=0.0985 mae=0.297 r2=0.678 pcc=0.853 | ES 22/100
2026-05-25 11:46:58,643 | INFO |   Ep 107/300 | Tr loss=0.1373 mae=0.397 r2=0.699 pcc=0.836 | Vl loss=0.0985 mae=0.297 r2=0.678 pcc=0.853 | ES 22/100
  Ep 108/300 | Tr loss=0.1401 mae=0.402 r2=0.686 pcc=0.829 | Vl loss=0.1044 mae=0.304 r2=0.654 pcc=0.849 | ES 23/100
2026-05-25 11:47:31,833 | INFO |   Ep 108/300 | Tr loss=0.1401 mae=0.402 r2=0.686 pcc=0.829 | Vl loss=0.1044 mae=0.304 r2=0.654 pcc=0.849 | ES 23/100
  Ep 109/300 | Tr loss=0.1382 mae=0.395 r2=0.688 pcc=0.830 | Vl loss=0.1170 mae=0.342 r2=0.618 pcc=0.834 | ES 24/100
2026-05-25 11:48:05,189 | INFO |   Ep 109/300 | Tr loss=0.1382 mae=0.395 r2=0.688 pcc=0.830 | Vl loss=0.1170 mae=0.342 r2=0.618 pcc=0.834 | ES 24/100
  Ep 110/300 | Tr loss=0.1469 mae=0.408 r2=0.682 pcc=0.826 | Vl loss=0.1146 mae=0.338 r2=0.624 pcc=0.837 | ES 25/100
2026-05-25 11:48:38,314 | INFO |   Ep 110/300 | Tr loss=0.1469 mae=0.408 r2=0.682 pcc=0.826 | Vl loss=0.1146 mae=0.338 r2=0.624 pcc=0.837 | ES 25/100
  Ep 111/300 | Tr loss=0.1406 mae=0.404 r2=0.681 pcc=0.825 | Vl loss=0.1116 mae=0.316 r2=0.632 pcc=0.829 | ES 26/100
2026-05-25 11:49:11,459 | INFO |   Ep 111/300 | Tr loss=0.1406 mae=0.404 r2=0.681 pcc=0.825 | Vl loss=0.1116 mae=0.316 r2=0.632 pcc=0.829 | ES 26/100
  Ep 112/300 | Tr loss=0.1463 mae=0.410 r2=0.671 pcc=0.820 | Vl loss=0.0997 mae=0.303 r2=0.674 pcc=0.850 | ES 27/100
2026-05-25 11:49:44,684 | INFO |   Ep 112/300 | Tr loss=0.1463 mae=0.410 r2=0.671 pcc=0.820 | Vl loss=0.0997 mae=0.303 r2=0.674 pcc=0.850 | ES 27/100
  Ep 113/300 | Tr loss=0.1409 mae=0.401 r2=0.687 pcc=0.829 | Vl loss=0.1175 mae=0.328 r2=0.611 pcc=0.830 | ES 28/100
2026-05-25 11:50:17,939 | INFO |   Ep 113/300 | Tr loss=0.1409 mae=0.401 r2=0.687 pcc=0.829 | Vl loss=0.1175 mae=0.328 r2=0.611 pcc=0.830 | ES 28/100
  Ep 114/300 | Tr loss=0.1424 mae=0.398 r2=0.680 pcc=0.825 | Vl loss=0.0982 mae=0.295 r2=0.678 pcc=0.847 | ES 29/100
2026-05-25 11:50:51,300 | INFO |   Ep 114/300 | Tr loss=0.1424 mae=0.398 r2=0.680 pcc=0.825 | Vl loss=0.0982 mae=0.295 r2=0.678 pcc=0.847 | ES 29/100
  Ep 115/300 | Tr loss=0.1363 mae=0.395 r2=0.699 pcc=0.837 | Vl loss=0.1201 mae=0.333 r2=0.603 pcc=0.819 | ES 30/100
2026-05-25 11:51:24,619 | INFO |   Ep 115/300 | Tr loss=0.1363 mae=0.395 r2=0.699 pcc=0.837 | Vl loss=0.1201 mae=0.333 r2=0.603 pcc=0.819 | ES 30/100
  Ep 116/300 | Tr loss=0.1428 mae=0.404 r2=0.681 pcc=0.826 | Vl loss=0.0919 mae=0.289 r2=0.701 pcc=0.856 | ES 31/100
2026-05-25 11:51:57,738 | INFO |   Ep 116/300 | Tr loss=0.1428 mae=0.404 r2=0.681 pcc=0.826 | Vl loss=0.0919 mae=0.289 r2=0.701 pcc=0.856 | ES 31/100
  Ep 117/300 | Tr loss=0.1380 mae=0.396 r2=0.687 pcc=0.829 | Vl loss=0.1143 mae=0.343 r2=0.628 pcc=0.824 | ES 32/100
2026-05-25 11:52:31,018 | INFO |   Ep 117/300 | Tr loss=0.1380 mae=0.396 r2=0.687 pcc=0.829 | Vl loss=0.1143 mae=0.343 r2=0.628 pcc=0.824 | ES 32/100
  Ep 118/300 | Tr loss=0.1392 mae=0.397 r2=0.688 pcc=0.829 | Vl loss=0.1214 mae=0.357 r2=0.603 pcc=0.824 | ES 33/100
2026-05-25 11:53:04,271 | INFO |   Ep 118/300 | Tr loss=0.1392 mae=0.397 r2=0.688 pcc=0.829 | Vl loss=0.1214 mae=0.357 r2=0.603 pcc=0.824 | ES 33/100
  Ep 119/300 | Tr loss=0.1407 mae=0.399 r2=0.689 pcc=0.830 | Vl loss=0.1022 mae=0.313 r2=0.666 pcc=0.846 | ES 34/100
2026-05-25 11:53:37,900 | INFO |   Ep 119/300 | Tr loss=0.1407 mae=0.399 r2=0.689 pcc=0.830 | Vl loss=0.1022 mae=0.313 r2=0.666 pcc=0.846 | ES 34/100
  Ep 120/300 | Tr loss=0.1485 mae=0.411 r2=0.667 pcc=0.817 | Vl loss=0.1059 mae=0.321 r2=0.652 pcc=0.839 | ES 35/100
2026-05-25 11:54:11,711 | INFO |   Ep 120/300 | Tr loss=0.1485 mae=0.411 r2=0.667 pcc=0.817 | Vl loss=0.1059 mae=0.321 r2=0.652 pcc=0.839 | ES 35/100
  Ep 121/300 | Tr loss=0.1426 mae=0.401 r2=0.686 pcc=0.828 | Vl loss=0.1251 mae=0.374 r2=0.593 pcc=0.818 | ES 36/100
2026-05-25 11:54:44,979 | INFO |   Ep 121/300 | Tr loss=0.1426 mae=0.401 r2=0.686 pcc=0.828 | Vl loss=0.1251 mae=0.374 r2=0.593 pcc=0.818 | ES 36/100
  Ep 122/300 | Tr loss=0.1367 mae=0.397 r2=0.694 pcc=0.833 | Vl loss=0.1170 mae=0.337 r2=0.617 pcc=0.818 | ES 37/100
2026-05-25 11:55:18,220 | INFO |   Ep 122/300 | Tr loss=0.1367 mae=0.397 r2=0.694 pcc=0.833 | Vl loss=0.1170 mae=0.337 r2=0.617 pcc=0.818 | ES 37/100
  Ep 123/300 | Tr loss=0.1401 mae=0.399 r2=0.682 pcc=0.826 | Vl loss=0.1241 mae=0.366 r2=0.598 pcc=0.826 | ES 38/100
2026-05-25 11:55:51,612 | INFO |   Ep 123/300 | Tr loss=0.1401 mae=0.399 r2=0.682 pcc=0.826 | Vl loss=0.1241 mae=0.366 r2=0.598 pcc=0.826 | ES 38/100
  Ep 124/300 | Tr loss=0.1378 mae=0.398 r2=0.688 pcc=0.829 | Vl loss=0.1376 mae=0.389 r2=0.549 pcc=0.819 | ES 39/100
2026-05-25 11:56:24,989 | INFO |   Ep 124/300 | Tr loss=0.1378 mae=0.398 r2=0.688 pcc=0.829 | Vl loss=0.1376 mae=0.389 r2=0.549 pcc=0.819 | ES 39/100
  Ep 125/300 | Tr loss=0.1408 mae=0.395 r2=0.692 pcc=0.832 | Vl loss=0.1084 mae=0.327 r2=0.648 pcc=0.835 | ES 40/100
2026-05-25 11:56:58,281 | INFO |   Ep 125/300 | Tr loss=0.1408 mae=0.395 r2=0.692 pcc=0.832 | Vl loss=0.1084 mae=0.327 r2=0.648 pcc=0.835 | ES 40/100
  Ep 126/300 | Tr loss=0.1453 mae=0.406 r2=0.681 pcc=0.826 | Vl loss=0.1072 mae=0.321 r2=0.650 pcc=0.839 | ES 41/100
2026-05-25 11:57:31,610 | INFO |   Ep 126/300 | Tr loss=0.1453 mae=0.406 r2=0.681 pcc=0.826 | Vl loss=0.1072 mae=0.321 r2=0.650 pcc=0.839 | ES 41/100
  Ep 127/300 | Tr loss=0.1348 mae=0.393 r2=0.700 pcc=0.837 | Vl loss=0.1132 mae=0.341 r2=0.631 pcc=0.836 | ES 42/100
2026-05-25 11:58:04,913 | INFO |   Ep 127/300 | Tr loss=0.1348 mae=0.393 r2=0.700 pcc=0.837 | Vl loss=0.1132 mae=0.341 r2=0.631 pcc=0.836 | ES 42/100
  Ep 128/300 | Tr loss=0.1317 mae=0.389 r2=0.696 pcc=0.835 | Vl loss=0.1213 mae=0.356 r2=0.600 pcc=0.828 | ES 43/100
2026-05-25 11:58:38,035 | INFO |   Ep 128/300 | Tr loss=0.1317 mae=0.389 r2=0.696 pcc=0.835 | Vl loss=0.1213 mae=0.356 r2=0.600 pcc=0.828 | ES 43/100
  Ep 129/300 | Tr loss=0.1371 mae=0.397 r2=0.693 pcc=0.833 | Vl loss=0.0948 mae=0.292 r2=0.691 pcc=0.851 | ES 44/100
2026-05-25 11:59:11,420 | INFO |   Ep 129/300 | Tr loss=0.1371 mae=0.397 r2=0.693 pcc=0.833 | Vl loss=0.0948 mae=0.292 r2=0.691 pcc=0.851 | ES 44/100
  Ep 130/300 | Tr loss=0.1342 mae=0.387 r2=0.699 pcc=0.836 | Vl loss=0.1065 mae=0.322 r2=0.653 pcc=0.842 | ES 45/100
2026-05-25 11:59:44,820 | INFO |   Ep 130/300 | Tr loss=0.1342 mae=0.387 r2=0.699 pcc=0.836 | Vl loss=0.1065 mae=0.322 r2=0.653 pcc=0.842 | ES 45/100
  Ep 131/300 | Tr loss=0.1398 mae=0.400 r2=0.681 pcc=0.826 | Vl loss=0.1503 mae=0.404 r2=0.515 pcc=0.793 | ES 46/100
2026-05-25 12:00:18,104 | INFO |   Ep 131/300 | Tr loss=0.1398 mae=0.400 r2=0.681 pcc=0.826 | Vl loss=0.1503 mae=0.404 r2=0.515 pcc=0.793 | ES 46/100
  Ep 132/300 | Tr loss=0.1385 mae=0.400 r2=0.683 pcc=0.827 | Vl loss=0.1122 mae=0.333 r2=0.633 pcc=0.835 | ES 47/100
2026-05-25 12:00:51,352 | INFO |   Ep 132/300 | Tr loss=0.1385 mae=0.400 r2=0.683 pcc=0.827 | Vl loss=0.1122 mae=0.333 r2=0.633 pcc=0.835 | ES 47/100
  Ep 133/300 | Tr loss=0.1341 mae=0.394 r2=0.692 pcc=0.832 | Vl loss=0.1109 mae=0.329 r2=0.638 pcc=0.837 | ES 48/100
2026-05-25 12:01:24,716 | INFO |   Ep 133/300 | Tr loss=0.1341 mae=0.394 r2=0.692 pcc=0.832 | Vl loss=0.1109 mae=0.329 r2=0.638 pcc=0.837 | ES 48/100
  Ep 134/300 | Tr loss=0.1367 mae=0.395 r2=0.684 pcc=0.828 | Vl loss=0.0978 mae=0.294 r2=0.681 pcc=0.842 | ES 49/100
2026-05-25 12:01:57,802 | INFO |   Ep 134/300 | Tr loss=0.1367 mae=0.395 r2=0.684 pcc=0.828 | Vl loss=0.0978 mae=0.294 r2=0.681 pcc=0.842 | ES 49/100
  Ep 135/300 | Tr loss=0.1406 mae=0.400 r2=0.689 pcc=0.830 | Vl loss=0.1060 mae=0.321 r2=0.651 pcc=0.845 | ES 50/100
2026-05-25 12:02:30,981 | INFO |   Ep 135/300 | Tr loss=0.1406 mae=0.400 r2=0.689 pcc=0.830 | Vl loss=0.1060 mae=0.321 r2=0.651 pcc=0.845 | ES 50/100
Epoch 00136: reducing learning rate of group 0 to 5.0000e-05.
  Ep 136/300 | Tr loss=0.1398 mae=0.397 r2=0.697 pcc=0.835 | Vl loss=0.1170 mae=0.345 r2=0.616 pcc=0.829 | ES 51/100
2026-05-25 12:03:04,323 | INFO |   Ep 136/300 | Tr loss=0.1398 mae=0.397 r2=0.697 pcc=0.835 | Vl loss=0.1170 mae=0.345 r2=0.616 pcc=0.829 | ES 51/100
  Ep 137/300 | Tr loss=0.1422 mae=0.400 r2=0.685 pcc=0.828 | Vl loss=0.1082 mae=0.325 r2=0.646 pcc=0.834 | ES 52/100
2026-05-25 12:03:37,739 | INFO |   Ep 137/300 | Tr loss=0.1422 mae=0.400 r2=0.685 pcc=0.828 | Vl loss=0.1082 mae=0.325 r2=0.646 pcc=0.834 | ES 52/100
  Ep 138/300 | Tr loss=0.1316 mae=0.386 r2=0.710 pcc=0.843 | Vl loss=0.1074 mae=0.324 r2=0.651 pcc=0.833 | ES 53/100
2026-05-25 12:04:11,049 | INFO |   Ep 138/300 | Tr loss=0.1316 mae=0.386 r2=0.710 pcc=0.843 | Vl loss=0.1074 mae=0.324 r2=0.651 pcc=0.833 | ES 53/100
  Ep 139/300 | Tr loss=0.1288 mae=0.383 r2=0.704 pcc=0.839 | Vl loss=0.1209 mae=0.357 r2=0.606 pcc=0.828 | ES 54/100
2026-05-25 12:04:44,402 | INFO |   Ep 139/300 | Tr loss=0.1288 mae=0.383 r2=0.704 pcc=0.839 | Vl loss=0.1209 mae=0.357 r2=0.606 pcc=0.828 | ES 54/100
  Ep 140/300 | Tr loss=0.1368 mae=0.396 r2=0.696 pcc=0.835 | Vl loss=0.1098 mae=0.326 r2=0.641 pcc=0.832 | ES 55/100
2026-05-25 12:05:17,823 | INFO |   Ep 140/300 | Tr loss=0.1368 mae=0.396 r2=0.696 pcc=0.835 | Vl loss=0.1098 mae=0.326 r2=0.641 pcc=0.832 | ES 55/100
  Ep 141/300 | Tr loss=0.1343 mae=0.390 r2=0.701 pcc=0.837 | Vl loss=0.1109 mae=0.324 r2=0.635 pcc=0.831 | ES 56/100
2026-05-25 12:05:51,309 | INFO |   Ep 141/300 | Tr loss=0.1343 mae=0.390 r2=0.701 pcc=0.837 | Vl loss=0.1109 mae=0.324 r2=0.635 pcc=0.831 | ES 56/100
  Ep 142/300 | Tr loss=0.1373 mae=0.393 r2=0.684 pcc=0.828 | Vl loss=0.1058 mae=0.314 r2=0.652 pcc=0.836 | ES 57/100
2026-05-25 12:06:24,725 | INFO |   Ep 142/300 | Tr loss=0.1373 mae=0.393 r2=0.684 pcc=0.828 | Vl loss=0.1058 mae=0.314 r2=0.652 pcc=0.836 | ES 57/100
  Ep 143/300 | Tr loss=0.1387 mae=0.392 r2=0.697 pcc=0.835 | Vl loss=0.1214 mae=0.342 r2=0.601 pcc=0.817 | ES 58/100
2026-05-25 12:06:57,968 | INFO |   Ep 143/300 | Tr loss=0.1387 mae=0.392 r2=0.697 pcc=0.835 | Vl loss=0.1214 mae=0.342 r2=0.601 pcc=0.817 | ES 58/100
  Ep 144/300 | Tr loss=0.1333 mae=0.389 r2=0.700 pcc=0.837 | Vl loss=0.1041 mae=0.307 r2=0.658 pcc=0.840 | ES 59/100
2026-05-25 12:07:31,393 | INFO |   Ep 144/300 | Tr loss=0.1333 mae=0.389 r2=0.700 pcc=0.837 | Vl loss=0.1041 mae=0.307 r2=0.658 pcc=0.840 | ES 59/100
  Ep 145/300 | Tr loss=0.1256 mae=0.377 r2=0.717 pcc=0.847 | Vl loss=0.1029 mae=0.306 r2=0.663 pcc=0.844 | ES 60/100
2026-05-25 12:08:04,904 | INFO |   Ep 145/300 | Tr loss=0.1256 mae=0.377 r2=0.717 pcc=0.847 | Vl loss=0.1029 mae=0.306 r2=0.663 pcc=0.844 | ES 60/100
  Ep 146/300 | Tr loss=0.1363 mae=0.395 r2=0.695 pcc=0.834 | Vl loss=0.0971 mae=0.297 r2=0.683 pcc=0.845 | ES 61/100
2026-05-25 12:08:38,377 | INFO |   Ep 146/300 | Tr loss=0.1363 mae=0.395 r2=0.695 pcc=0.834 | Vl loss=0.0971 mae=0.297 r2=0.683 pcc=0.845 | ES 61/100
  Ep 147/300 | Tr loss=0.1333 mae=0.393 r2=0.695 pcc=0.834 | Vl loss=0.0994 mae=0.303 r2=0.676 pcc=0.847 | ES 62/100
2026-05-25 12:09:11,616 | INFO |   Ep 147/300 | Tr loss=0.1333 mae=0.393 r2=0.695 pcc=0.834 | Vl loss=0.0994 mae=0.303 r2=0.676 pcc=0.847 | ES 62/100
  Ep 148/300 | Tr loss=0.1379 mae=0.395 r2=0.695 pcc=0.834 | Vl loss=0.1030 mae=0.307 r2=0.662 pcc=0.842 | ES 63/100
2026-05-25 12:09:44,923 | INFO |   Ep 148/300 | Tr loss=0.1379 mae=0.395 r2=0.695 pcc=0.834 | Vl loss=0.1030 mae=0.307 r2=0.662 pcc=0.842 | ES 63/100
  Ep 149/300 | Tr loss=0.1349 mae=0.393 r2=0.698 pcc=0.836 | Vl loss=0.1136 mae=0.330 r2=0.626 pcc=0.837 | ES 64/100
2026-05-25 12:10:18,128 | INFO |   Ep 149/300 | Tr loss=0.1349 mae=0.393 r2=0.698 pcc=0.836 | Vl loss=0.1136 mae=0.330 r2=0.626 pcc=0.837 | ES 64/100
  Ep 150/300 | Tr loss=0.1345 mae=0.388 r2=0.703 pcc=0.839 | Vl loss=0.0957 mae=0.293 r2=0.688 pcc=0.847 | ES 65/100
2026-05-25 12:10:51,531 | INFO |   Ep 150/300 | Tr loss=0.1345 mae=0.388 r2=0.703 pcc=0.839 | Vl loss=0.0957 mae=0.293 r2=0.688 pcc=0.847 | ES 65/100
  Ep 151/300 | Tr loss=0.1367 mae=0.393 r2=0.695 pcc=0.834 | Vl loss=0.1059 mae=0.315 r2=0.652 pcc=0.844 | ES 66/100
2026-05-25 12:11:24,735 | INFO |   Ep 151/300 | Tr loss=0.1367 mae=0.393 r2=0.695 pcc=0.834 | Vl loss=0.1059 mae=0.315 r2=0.652 pcc=0.844 | ES 66/100
  Ep 152/300 | Tr loss=0.1407 mae=0.391 r2=0.696 pcc=0.834 | Vl loss=0.0999 mae=0.303 r2=0.672 pcc=0.849 | ES 67/100
2026-05-25 12:11:58,007 | INFO |   Ep 152/300 | Tr loss=0.1407 mae=0.391 r2=0.696 pcc=0.834 | Vl loss=0.0999 mae=0.303 r2=0.672 pcc=0.849 | ES 67/100
  Ep 153/300 | Tr loss=0.1376 mae=0.396 r2=0.691 pcc=0.832 | Vl loss=0.1089 mae=0.325 r2=0.645 pcc=0.837 | ES 68/100
2026-05-25 12:12:31,255 | INFO |   Ep 153/300 | Tr loss=0.1376 mae=0.396 r2=0.691 pcc=0.832 | Vl loss=0.1089 mae=0.325 r2=0.645 pcc=0.837 | ES 68/100
  Ep 154/300 | Tr loss=0.1394 mae=0.396 r2=0.693 pcc=0.833 | Vl loss=0.1204 mae=0.349 r2=0.610 pcc=0.821 | ES 69/100
2026-05-25 12:13:04,383 | INFO |   Ep 154/300 | Tr loss=0.1394 mae=0.396 r2=0.693 pcc=0.833 | Vl loss=0.1204 mae=0.349 r2=0.610 pcc=0.821 | ES 69/100
  Ep 155/300 | Tr loss=0.1355 mae=0.392 r2=0.697 pcc=0.835 | Vl loss=0.1070 mae=0.321 r2=0.652 pcc=0.838 | ES 70/100
2026-05-25 12:13:37,604 | INFO |   Ep 155/300 | Tr loss=0.1355 mae=0.392 r2=0.697 pcc=0.835 | Vl loss=0.1070 mae=0.321 r2=0.652 pcc=0.838 | ES 70/100
  Ep 156/300 | Tr loss=0.1334 mae=0.392 r2=0.696 pcc=0.834 | Vl loss=0.1384 mae=0.387 r2=0.549 pcc=0.806 | ES 71/100
2026-05-25 12:14:10,723 | INFO |   Ep 156/300 | Tr loss=0.1334 mae=0.392 r2=0.696 pcc=0.834 | Vl loss=0.1384 mae=0.387 r2=0.549 pcc=0.806 | ES 71/100
  Ep 157/300 | Tr loss=0.1393 mae=0.400 r2=0.689 pcc=0.830 | Vl loss=0.1194 mae=0.337 r2=0.611 pcc=0.819 | ES 72/100
2026-05-25 12:14:44,112 | INFO |   Ep 157/300 | Tr loss=0.1393 mae=0.400 r2=0.689 pcc=0.830 | Vl loss=0.1194 mae=0.337 r2=0.611 pcc=0.819 | ES 72/100
  Ep 158/300 | Tr loss=0.1343 mae=0.387 r2=0.698 pcc=0.836 | Vl loss=0.1176 mae=0.336 r2=0.617 pcc=0.821 | ES 73/100
2026-05-25 12:15:17,575 | INFO |   Ep 158/300 | Tr loss=0.1343 mae=0.387 r2=0.698 pcc=0.836 | Vl loss=0.1176 mae=0.336 r2=0.617 pcc=0.821 | ES 73/100
  Ep 159/300 | Tr loss=0.1364 mae=0.396 r2=0.691 pcc=0.832 | Vl loss=0.1137 mae=0.324 r2=0.630 pcc=0.822 | ES 74/100
2026-05-25 12:15:50,825 | INFO |   Ep 159/300 | Tr loss=0.1364 mae=0.396 r2=0.691 pcc=0.832 | Vl loss=0.1137 mae=0.324 r2=0.630 pcc=0.822 | ES 74/100
  Ep 160/300 | Tr loss=0.1315 mae=0.380 r2=0.705 pcc=0.840 | Vl loss=0.1430 mae=0.390 r2=0.536 pcc=0.791 | ES 75/100
2026-05-25 12:16:24,371 | INFO |   Ep 160/300 | Tr loss=0.1315 mae=0.380 r2=0.705 pcc=0.840 | Vl loss=0.1430 mae=0.390 r2=0.536 pcc=0.791 | ES 75/100
  Ep 161/300 | Tr loss=0.1345 mae=0.390 r2=0.695 pcc=0.834 | Vl loss=0.1157 mae=0.329 r2=0.621 pcc=0.821 | ES 76/100
2026-05-25 12:16:57,542 | INFO |   Ep 161/300 | Tr loss=0.1345 mae=0.390 r2=0.695 pcc=0.834 | Vl loss=0.1157 mae=0.329 r2=0.621 pcc=0.821 | ES 76/100
  Ep 162/300 | Tr loss=0.1345 mae=0.393 r2=0.697 pcc=0.835 | Vl loss=0.1177 mae=0.337 r2=0.617 pcc=0.818 | ES 77/100
2026-05-25 12:17:30,909 | INFO |   Ep 162/300 | Tr loss=0.1345 mae=0.393 r2=0.697 pcc=0.835 | Vl loss=0.1177 mae=0.337 r2=0.617 pcc=0.818 | ES 77/100
  Ep 163/300 | Tr loss=0.1355 mae=0.393 r2=0.698 pcc=0.836 | Vl loss=0.1132 mae=0.331 r2=0.630 pcc=0.834 | ES 78/100
2026-05-25 12:18:04,235 | INFO |   Ep 163/300 | Tr loss=0.1355 mae=0.393 r2=0.698 pcc=0.836 | Vl loss=0.1132 mae=0.331 r2=0.630 pcc=0.834 | ES 78/100
  Ep 164/300 | Tr loss=0.1343 mae=0.391 r2=0.696 pcc=0.835 | Vl loss=0.1025 mae=0.311 r2=0.663 pcc=0.844 | ES 79/100
2026-05-25 12:18:37,652 | INFO |   Ep 164/300 | Tr loss=0.1343 mae=0.391 r2=0.696 pcc=0.835 | Vl loss=0.1025 mae=0.311 r2=0.663 pcc=0.844 | ES 79/100
  Ep 165/300 | Tr loss=0.1378 mae=0.391 r2=0.691 pcc=0.832 | Vl loss=0.0986 mae=0.297 r2=0.676 pcc=0.844 | ES 80/100
2026-05-25 12:19:11,151 | INFO |   Ep 165/300 | Tr loss=0.1378 mae=0.391 r2=0.691 pcc=0.832 | Vl loss=0.0986 mae=0.297 r2=0.676 pcc=0.844 | ES 80/100
  Ep 166/300 | Tr loss=0.1336 mae=0.393 r2=0.696 pcc=0.835 | Vl loss=0.1065 mae=0.312 r2=0.648 pcc=0.838 | ES 81/100
2026-05-25 12:19:44,482 | INFO |   Ep 166/300 | Tr loss=0.1336 mae=0.393 r2=0.696 pcc=0.835 | Vl loss=0.1065 mae=0.312 r2=0.648 pcc=0.838 | ES 81/100
  Ep 167/300 | Tr loss=0.1365 mae=0.392 r2=0.695 pcc=0.834 | Vl loss=0.1006 mae=0.295 r2=0.668 pcc=0.844 | ES 82/100
2026-05-25 12:20:17,831 | INFO |   Ep 167/300 | Tr loss=0.1365 mae=0.392 r2=0.695 pcc=0.834 | Vl loss=0.1006 mae=0.295 r2=0.668 pcc=0.844 | ES 82/100
  Ep 168/300 | Tr loss=0.1402 mae=0.400 r2=0.691 pcc=0.831 | Vl loss=0.1096 mae=0.321 r2=0.637 pcc=0.840 | ES 83/100
2026-05-25 12:20:51,189 | INFO |   Ep 168/300 | Tr loss=0.1402 mae=0.400 r2=0.691 pcc=0.831 | Vl loss=0.1096 mae=0.321 r2=0.637 pcc=0.840 | ES 83/100
  Ep 169/300 | Tr loss=0.1374 mae=0.388 r2=0.694 pcc=0.833 | Vl loss=0.0991 mae=0.300 r2=0.676 pcc=0.845 | ES 84/100
2026-05-25 12:21:24,547 | INFO |   Ep 169/300 | Tr loss=0.1374 mae=0.388 r2=0.694 pcc=0.833 | Vl loss=0.0991 mae=0.300 r2=0.676 pcc=0.845 | ES 84/100
  Ep 170/300 | Tr loss=0.1320 mae=0.390 r2=0.695 pcc=0.834 | Vl loss=0.1033 mae=0.305 r2=0.661 pcc=0.838 | ES 85/100
2026-05-25 12:21:57,751 | INFO |   Ep 170/300 | Tr loss=0.1320 mae=0.390 r2=0.695 pcc=0.834 | Vl loss=0.1033 mae=0.305 r2=0.661 pcc=0.838 | ES 85/100
  Ep 171/300 | Tr loss=0.1342 mae=0.389 r2=0.706 pcc=0.840 | Vl loss=0.1052 mae=0.303 r2=0.652 pcc=0.842 | ES 86/100
2026-05-25 12:22:31,044 | INFO |   Ep 171/300 | Tr loss=0.1342 mae=0.389 r2=0.706 pcc=0.840 | Vl loss=0.1052 mae=0.303 r2=0.652 pcc=0.842 | ES 86/100
  Ep 172/300 | Tr loss=0.1290 mae=0.382 r2=0.707 pcc=0.841 | Vl loss=0.1072 mae=0.310 r2=0.644 pcc=0.843 | ES 87/100
2026-05-25 12:23:04,289 | INFO |   Ep 172/300 | Tr loss=0.1290 mae=0.382 r2=0.707 pcc=0.841 | Vl loss=0.1072 mae=0.310 r2=0.644 pcc=0.843 | ES 87/100
  Ep 173/300 | Tr loss=0.1354 mae=0.389 r2=0.693 pcc=0.833 | Vl loss=0.1006 mae=0.302 r2=0.670 pcc=0.844 | ES 88/100
2026-05-25 12:23:37,408 | INFO |   Ep 173/300 | Tr loss=0.1354 mae=0.389 r2=0.693 pcc=0.833 | Vl loss=0.1006 mae=0.302 r2=0.670 pcc=0.844 | ES 88/100
  Ep 174/300 | Tr loss=0.1364 mae=0.393 r2=0.699 pcc=0.836 | Vl loss=0.0980 mae=0.294 r2=0.677 pcc=0.851 | ES 89/100
2026-05-25 12:24:10,496 | INFO |   Ep 174/300 | Tr loss=0.1364 mae=0.393 r2=0.699 pcc=0.836 | Vl loss=0.0980 mae=0.294 r2=0.677 pcc=0.851 | ES 89/100
  Ep 175/300 | Tr loss=0.1338 mae=0.389 r2=0.702 pcc=0.838 | Vl loss=0.1027 mae=0.300 r2=0.661 pcc=0.843 | ES 90/100
2026-05-25 12:24:43,729 | INFO |   Ep 175/300 | Tr loss=0.1338 mae=0.389 r2=0.702 pcc=0.838 | Vl loss=0.1027 mae=0.300 r2=0.661 pcc=0.843 | ES 90/100
  Ep 176/300 | Tr loss=0.1313 mae=0.381 r2=0.710 pcc=0.843 | Vl loss=0.1020 mae=0.300 r2=0.664 pcc=0.841 | ES 91/100
2026-05-25 12:25:16,891 | INFO |   Ep 176/300 | Tr loss=0.1313 mae=0.381 r2=0.710 pcc=0.843 | Vl loss=0.1020 mae=0.300 r2=0.664 pcc=0.841 | ES 91/100
  Ep 177/300 | Tr loss=0.1362 mae=0.393 r2=0.694 pcc=0.834 | Vl loss=0.1052 mae=0.315 r2=0.657 pcc=0.837 | ES 92/100
2026-05-25 12:25:50,236 | INFO |   Ep 177/300 | Tr loss=0.1362 mae=0.393 r2=0.694 pcc=0.834 | Vl loss=0.1052 mae=0.315 r2=0.657 pcc=0.837 | ES 92/100
  Ep 178/300 | Tr loss=0.1340 mae=0.385 r2=0.713 pcc=0.845 | Vl loss=0.1094 mae=0.321 r2=0.640 pcc=0.837 | ES 93/100
2026-05-25 12:26:23,508 | INFO |   Ep 178/300 | Tr loss=0.1340 mae=0.385 r2=0.713 pcc=0.845 | Vl loss=0.1094 mae=0.321 r2=0.640 pcc=0.837 | ES 93/100
  Ep 179/300 | Tr loss=0.1351 mae=0.390 r2=0.691 pcc=0.832 | Vl loss=0.1034 mae=0.308 r2=0.662 pcc=0.839 | ES 94/100
2026-05-25 12:26:56,795 | INFO |   Ep 179/300 | Tr loss=0.1351 mae=0.390 r2=0.691 pcc=0.832 | Vl loss=0.1034 mae=0.308 r2=0.662 pcc=0.839 | ES 94/100
  Ep 180/300 | Tr loss=0.1362 mae=0.392 r2=0.699 pcc=0.836 | Vl loss=0.0986 mae=0.292 r2=0.675 pcc=0.846 | ES 95/100
2026-05-25 12:27:30,184 | INFO |   Ep 180/300 | Tr loss=0.1362 mae=0.392 r2=0.699 pcc=0.836 | Vl loss=0.0986 mae=0.292 r2=0.675 pcc=0.846 | ES 95/100
  Ep 181/300 | Tr loss=0.1358 mae=0.390 r2=0.698 pcc=0.836 | Vl loss=0.1048 mae=0.308 r2=0.654 pcc=0.842 | ES 96/100
2026-05-25 12:28:03,458 | INFO |   Ep 181/300 | Tr loss=0.1358 mae=0.390 r2=0.698 pcc=0.836 | Vl loss=0.1048 mae=0.308 r2=0.654 pcc=0.842 | ES 96/100
  Ep 182/300 | Tr loss=0.1370 mae=0.394 r2=0.682 pcc=0.826 | Vl loss=0.1091 mae=0.318 r2=0.641 pcc=0.836 | ES 97/100
2026-05-25 12:28:36,801 | INFO |   Ep 182/300 | Tr loss=0.1370 mae=0.394 r2=0.682 pcc=0.826 | Vl loss=0.1091 mae=0.318 r2=0.641 pcc=0.836 | ES 97/100
  Ep 183/300 | Tr loss=0.1315 mae=0.386 r2=0.699 pcc=0.836 | Vl loss=0.1096 mae=0.314 r2=0.639 pcc=0.826 | ES 98/100
2026-05-25 12:29:10,009 | INFO |   Ep 183/300 | Tr loss=0.1315 mae=0.386 r2=0.699 pcc=0.836 | Vl loss=0.1096 mae=0.314 r2=0.639 pcc=0.826 | ES 98/100
  Ep 184/300 | Tr loss=0.1299 mae=0.382 r2=0.710 pcc=0.843 | Vl loss=0.1118 mae=0.324 r2=0.631 pcc=0.825 | ES 99/100
2026-05-25 12:29:43,167 | INFO |   Ep 184/300 | Tr loss=0.1299 mae=0.382 r2=0.710 pcc=0.843 | Vl loss=0.1118 mae=0.324 r2=0.631 pcc=0.825 | ES 99/100
  Ep 185/300 | Tr loss=0.1300 mae=0.388 r2=0.702 pcc=0.838 | Vl loss=0.1164 mae=0.342 r2=0.621 pcc=0.826 | ES 100/100
2026-05-25 12:30:16,293 | INFO |   Ep 185/300 | Tr loss=0.1300 mae=0.388 r2=0.702 pcc=0.838 | Vl loss=0.1164 mae=0.342 r2=0.621 pcc=0.826 | ES 100/100

  ⏹  Early stopping at epoch 185 (best=85)
2026-05-25 12:30:16,294 | INFO | Early stopping at epoch 185 best=85

✓ Training complete!

  ── Final Test Results (best epoch = 85) ──────────────────
  Loss : 0.1323
  RMSE : 0.5267
  MAE  : 0.3834
  R²   : 0.5823
  ✓ Saved → /mvdlph/masa/GCN_SingleView_Regression_Results/run_2026_05_25_10_47_10/plots/loss_curve.png
  ✓ Saved → /mvdlph/masa/GCN_SingleView_Regression_Results/run_2026_05_25_10_47_10/plots/rmse_mae.png
  ✓ Saved → /mvdlph/masa/GCN_SingleView_Regression_Results/run_2026_05_25_10_47_10/plots/r2_curve.png
  ✓ Saved → /mvdlph/masa/GCN_SingleView_Regression_Results/run_2026_05_25_10_47_10/plots/pcc_curve.png
  ✓ Saved → /mvdlph/masa/GCN_SingleView_Regression_Results/run_2026_05_25_10_47_10/plots/regression_scatter_test.png
  ✓ Saved → /mvdlph/masa/GCN_SingleView_Regression_Results/run_2026_05_25_10_47_10/plots/early_stopping.png
  ✓ History → /mvdlph/masa/GCN_SingleView_Regression_Results/run_2026_05_25_10_47_10/logs/training_history.json
============================================================
DIAGNOSTIC 1: Per-exercise skeleton variance (C0)
============================================================
  Exercise      X-var      Y-var      Z-var  Z/X ratio
-------------------------------------------------------
        E0     0.0427     0.0085     0.0664      1.557
        E1     0.0479     0.0096     0.0700      1.460
        E2     0.0455     0.0089     0.0671      1.474
        E3     0.0471     0.0093     0.0689      1.465
        E4     0.0468     0.0099     0.0703      1.502
        E5     0.0466     0.0092     0.0711      1.526
        E6     0.0464     0.0103     0.0710      1.529

============================================================
DIAGNOSTIC 2: Quality score distribution per split
============================================================
 Train: mean=4.145 std=0.843 min=1.34 max=5.00 | correct=3925 erroneous=2365
   Val: mean=4.198 std=0.804 min=2.28 max=5.00 | correct=1347 erroneous=654
  Test: mean=4.063 std=0.815 min=2.18 max=5.00 | correct=1417 erroneous=869
  ✓ History NPZ → /mvdlph/masa/GCN_SingleView_Regression_Results/run_2026_05_25_10_47_10/logs/training_history.npz
  ✓ Test predictions NPZ → /mvdlph/masa/GCN_SingleView_Regression_Results/run_2026_05_25_10_47_10/logs/test_predictions.npz
========================================================================
  Exercise         n      MAE     RMSE       R²      PCC
────────────────────────────────────────────────────────────────────────
  E0             464   0.4321   0.5318   0.5383   0.8377
  E1             326   0.5287   0.6765   0.3322   0.8453
  E2             258   0.3055   0.4053   0.7634   0.9037
  E3             286   0.5109   0.6135   0.3426   0.8132
  E4             321   0.3649   0.5252   0.1359   0.7014
  E5             314   0.2160   0.3664   0.6860   0.8444
  E6             317   0.2957   0.4802   0.6422   0.8212
────────────────────────────────────────────────────────────────────────
  Overall       2286   0.3834   0.5267   0.5823   0.8116
========================================================================

  ✓ Per-exercise CSV → /mvdlph/masa/GCN_SingleView_Regression_Results/run_2026_05_25_10_47_10/logs/per_exercise_metrics.csv
  ✓ Per-exercise scatter grid → /mvdlph/masa/GCN_SingleView_Regression_Results/run_2026_05_25_10_47_10/plots/per_exercise_scatter.png
  ✓ Per-exercise bar chart → /mvdlph/masa/GCN_SingleView_Regression_Results/run_2026_05_25_10_47_10/plots/per_exercise_bar.png
  ✓ Per-exercise metrics NPZ → /mvdlph/masa/GCN_SingleView_Regression_Results/run_2026_05_25_10_47_10/logs/per_exercise_metrics.npz
============================================================
  TRAINING SUMMARY — ST-GCN Regression (Single View)
============================================================
  Best Epoch       : 85  (stopped at 185)
  Best Val MAE     : 0.2866
  Best Val RMSE    : 0.4390
  Best Val R²      : 0.7018
  Best Val PCC     : 0.8602
────────────────────────────────────────────────────────────
  Test MAE         : 0.3834
  Test RMSE        : 0.5267
  Test R²          : 0.5823
  Test PCC         : 0.8116
============================================================
2026-05-25 12:30:30,512 | INFO | Best Epoch=85  stopped_epoch=185
2026-05-25 12:30:30,513 | INFO | Test MAE=0.3834
2026-05-25 12:30:30,514 | INFO | Test RMSE=0.5267
2026-05-25 12:30:30,514 | INFO | Test R²=0.5823
2026-05-25 12:30:30,515 | INFO | Test PCC=0.8116

✓ Summary CSV (overall + per-exercise) → /mvdlph/masa/GCN_SingleView_Regression_Results/training_summary.csv
