✓ stdout → also writing to /mvdlph/masa/GCN_SingleView_Regression_Results/run_2026_05_01_20_38_51/logs/training_20260501_203851.log
2026-05-01 20:38:51,412 | INFO | ======================================================================
2026-05-01 20:38:51,412 | INFO | ST-GCN Single-View Regression | BZU Physiotherapy Dataset
2026-05-01 20:38:51,413 | INFO | Camera : CNone  |  Split : 70/15/15  |  Epochs : 300  |  Patience : 50
2026-05-01 20:38:51,413 | INFO | Log file : /mvdlph/masa/GCN_SingleView_Regression_Results/run_2026_05_01_20_38_51/logs/training_20260501_203851.log
2026-05-01 20:38:51,414 | INFO | ======================================================================
✓ parse_filename and load_skeleton defined
NPZ files found (all cameras) : 15375

✓ Total samples  (CNone) : 15375
✓ Unique trials              : 61
✓ Quality mean ± std         : 4.126 ± 0.795

✓ Exercise distribution:
0    1752
1    1608
2    1382
3    1596
4    1579
5    1566
6    1570
7    1588
8    1401
9    1333
Name: exercise, dtype: int64
Checking for corrupted files...
  Removing 3 corrupted files from index
    BAD: /mvdlph/Dataset_CVDLPT_Videos_Segments_P0P15_MMPose_human3d_motionbert_H36M_3D_1_2026/E0_P13_T5_C2_seg2_MMPose_human3d_motionbert_3D.npz
    BAD: /mvdlph/Dataset_CVDLPT_Videos_Segments_P0P15_MMPose_human3d_motionbert_H36M_3D_1_2026/E1_P14_T3_C2_seg6_MMPose_human3d_motionbert_3D.npz
    BAD: /mvdlph/Dataset_CVDLPT_Videos_Segments_P0P15_MMPose_human3d_motionbert_H36M_3D_1_2026/E4_P12_T3_C1_seg5_MMPose_human3d_motionbert_3D.npz
  Clean samples remaining: 15372

── Sample rows ──
    exercise person trial_id  segment  quality
0          0     P0       T0        0   4.3667
1          0     P0       T0        1   4.3667
2          0     P0       T0        2   4.3667
3          0     P0       T0        3   4.3667
4          0     P0       T0        4   4.3667
5          0     P0       T0        5   4.3667
6          0     P0       T0        6   4.3667
7          0     P0       T0        7   4.3667
8          0     P0       T0        8   4.3667
9          0     P0       T0        9   4.3667
10         0     P0       T0        0   4.3667
11         0     P0       T0        1   4.3667
12         0     P0       T0        2   4.3667
13         0     P0       T0        3   4.3667
14         0     P0       T0        4   4.3667
0    5147
1    5101
2    5124
Name: camera, dtype: int64

Total samples: 15372
0    5147
1    5101
2    5124
Name: camera, dtype: int64

الكاميرات الموجودة: [0, 1, 2]
camera      0    1    2
exercise               
0         579  588  584
1         532  539  536
2         463  445  474
3         525  545  526
4         522  532  524
5         525  516  525
6         529  529  512
7         529  532  527
8         486  430  485
9         457  445  431
E0: correct=3 trials, erroneous=4 trials
E1: correct=3 trials, erroneous=4 trials
E2: correct=3 trials, erroneous=4 trials
E3: correct=3 trials, erroneous=4 trials
E4: correct=3 trials, erroneous=4 trials
E5: correct=3 trials, erroneous=4 trials
E6: correct=3 trials, erroneous=4 trials
E7: correct=3 trials, erroneous=4 trials
E8: correct=3 trials, erroneous=4 trials
E9: correct=3 trials, erroneous=4 trials
✓ Skeleton visualisation helpers defined
person                                                     P0
exercise                                                    0
trial_id                                                   T0
segment                                                     0
filepath    /mvdlph/Dataset_CVDLPT_Videos_Segments_P0P15_M...
Name: 10, dtype: object
Skeleton shape : (61, 17, 3)
X range : [-0.369, 0.592]
Y range : [0.000, 0.994]
Z range : [-0.193, 0.198]
  ✓ Skeleton plot saved → /mvdlph/masa/GCN_SingleView_Regression_Results/run_2026_05_01_20_38_51/plots/sample_skeleton_3views.png
  ✓ Motion frames saved → /mvdlph/masa/GCN_SingleView_Regression_Results/run_2026_05_01_20_38_51/plots/sample_skeleton_motion.png
Axis ranges across all frames:
X: [-0.369, 0.592] — likely left/right
Y: [0.000, 0.994] — likely ???
Z: [-0.193, 0.198] — likely height

Hip  mean XYZ: [0.         0.32057488 0.        ]
Head mean XYZ: [-0.14265826  0.9668146  -0.18420231]

Difference (head - hip): [-0.14265826  0.6462397  -0.18420231]

Camera 0:
  Hip  XYZ: [0.    0.324 0.   ]
  Head XYZ: [-0.144  0.968 -0.183]
  X range: [-0.37, 0.59]
  Z range: [-0.19, 0.20]

Camera 1:
  Hip  XYZ: [0.    0.321 0.   ]
  Head XYZ: [-0.143  0.967 -0.184]
  X range: [-0.37, 0.59]
  Z range: [-0.19, 0.20]

Camera 2:
  Hip  XYZ: [0.    0.316 0.   ]
  Head XYZ: [-0.142  0.966 -0.185]
  X range: [-0.37, 0.59]
  Z range: [-0.19, 0.20]
✓ BZUDataset defined (regression only)
✓ ST-GCN regression model defined
Device : cuda
GPU    : Tesla V100-PCIE-32GB
✓ centre_and_scale and run_epoch (regression) defined

=======================================================
Samples → train=9865, val=2400, test=3107

Correct vs Erroneous per split:
  Train: correct=6091  erroneous=3774 | mean=4.064 std=0.836
  Val  : correct=1842  erroneous= 558 | mean=4.345 std=0.588
  Test : correct=2024  erroneous=1083 | mean=4.156 std=0.768

✓ Train / Val / Test split ready (person-based)
✓ Plotting helpers (regression) defined
✓ EarlyStopping defined (monitoring MAE)
2026-05-01 20:39:26,886 | INFO | ======================================================================
2026-05-01 20:39:26,887 | INFO | STARTING REGRESSION TRAINING  (with Early Stopping on MAE)
2026-05-01 20:39:26,887 | INFO | ======================================================================
2026-05-01 20:39:26,887 | INFO | train=9865 val=2400 test=3107

════════════════════════════════════════════════════════════════════
  Camera CNone  |  Train: 9865  Val: 2400  Test: 3107
  Patience: 50  |  LR: 0.0003  |  Batch: 48
════════════════════════════════════════════════════════════════════
  Ep   1/300 | Tr loss=0.3277 mae=0.647 r2=-0.198 | Vl loss=0.1556 mae=0.440 r2=0.054 | Te loss=0.2786 mae=0.612 r2=-0.003 | ES 0/50 ★
2026-05-01 20:41:19,831 | INFO |   Ep   1/300 | Tr loss=0.3277 mae=0.647 r2=-0.198 | Vl loss=0.1556 mae=0.440 r2=0.054 | Te loss=0.2786 mae=0.612 r2=-0.003 | ES 0/50 ★
    ★ val_mae=0.4396  rmse=0.5718  r2=0.0542
  Ep   2/300 | Tr loss=0.2038 mae=0.510 r2=0.378 | Vl loss=0.1528 mae=0.437 r2=0.075 | Te loss=0.2744 mae=0.606 r2=0.014 | ES 0/50 ★
2026-05-01 20:43:11,075 | INFO |   Ep   2/300 | Tr loss=0.2038 mae=0.510 r2=0.378 | Vl loss=0.1528 mae=0.437 r2=0.075 | Te loss=0.2744 mae=0.606 r2=0.014 | ES 0/50 ★
    ★ val_mae=0.4370  rmse=0.5653  r2=0.0755
  Ep   3/300 | Tr loss=0.1982 mae=0.504 r2=0.401 | Vl loss=0.1483 mae=0.432 r2=0.108 | Te loss=0.2678 mae=0.597 r2=0.041 | ES 0/50 ★
2026-05-01 20:45:02,824 | INFO |   Ep   3/300 | Tr loss=0.1982 mae=0.504 r2=0.401 | Vl loss=0.1483 mae=0.432 r2=0.108 | Te loss=0.2678 mae=0.597 r2=0.041 | ES 0/50 ★
    ★ val_mae=0.4318  rmse=0.5553  r2=0.1081
  Ep   4/300 | Tr loss=0.1951 mae=0.498 r2=0.410 | Vl loss=0.1370 mae=0.402 r2=0.170 | Te loss=0.2599 mae=0.580 r2=0.067 | ES 0/50 ★
2026-05-01 20:46:54,880 | INFO |   Ep   4/300 | Tr loss=0.1951 mae=0.498 r2=0.410 | Vl loss=0.1370 mae=0.402 r2=0.170 | Te loss=0.2599 mae=0.580 r2=0.067 | ES 0/50 ★
    ★ val_mae=0.4019  rmse=0.5358  r2=0.1695
  Ep   5/300 | Tr loss=0.1835 mae=0.471 r2=0.443 | Vl loss=0.1034 mae=0.316 r2=0.359 | Te loss=0.2187 mae=0.534 r2=0.212 | ES 0/50 ★
2026-05-01 20:48:46,512 | INFO |   Ep   5/300 | Tr loss=0.1835 mae=0.471 r2=0.443 | Vl loss=0.1034 mae=0.316 r2=0.359 | Te loss=0.2187 mae=0.534 r2=0.212 | ES 0/50 ★
    ★ val_mae=0.3161  rmse=0.4709  r2=0.3586
  Ep   6/300 | Tr loss=0.1710 mae=0.446 r2=0.481 | Vl loss=0.0973 mae=0.304 r2=0.398 | Te loss=0.2150 mae=0.523 r2=0.227 | ES 0/50 ★
2026-05-01 20:50:37,928 | INFO |   Ep   6/300 | Tr loss=0.1710 mae=0.446 r2=0.481 | Vl loss=0.0973 mae=0.304 r2=0.398 | Te loss=0.2150 mae=0.523 r2=0.227 | ES 0/50 ★
    ★ val_mae=0.3045  rmse=0.4564  r2=0.3976
  Ep   7/300 | Tr loss=0.1681 mae=0.442 r2=0.489 | Vl loss=0.1007 mae=0.315 r2=0.385 | Te loss=0.2264 mae=0.521 r2=0.189 | ES 1/50
2026-05-01 20:52:29,819 | INFO |   Ep   7/300 | Tr loss=0.1681 mae=0.442 r2=0.489 | Vl loss=0.1007 mae=0.315 r2=0.385 | Te loss=0.2264 mae=0.521 r2=0.189 | ES 1/50
  Ep   8/300 | Tr loss=0.1669 mae=0.439 r2=0.493 | Vl loss=0.1046 mae=0.340 r2=0.364 | Te loss=0.2096 mae=0.527 r2=0.249 | ES 2/50
2026-05-01 20:54:21,362 | INFO |   Ep   8/300 | Tr loss=0.1669 mae=0.439 r2=0.493 | Vl loss=0.1046 mae=0.340 r2=0.364 | Te loss=0.2096 mae=0.527 r2=0.249 | ES 2/50
  Ep   9/300 | Tr loss=0.1653 mae=0.437 r2=0.499 | Vl loss=0.1338 mae=0.413 r2=0.186 | Te loss=0.2312 mae=0.566 r2=0.170 | ES 3/50
2026-05-01 20:56:13,102 | INFO |   Ep   9/300 | Tr loss=0.1653 mae=0.437 r2=0.499 | Vl loss=0.1338 mae=0.413 r2=0.186 | Te loss=0.2312 mae=0.566 r2=0.170 | ES 3/50
  Ep  10/300 | Tr loss=0.1632 mae=0.432 r2=0.504 | Vl loss=0.1165 mae=0.350 r2=0.291 | Te loss=0.2427 mae=0.548 r2=0.131 | ES 4/50
2026-05-01 20:58:04,772 | INFO |   Ep  10/300 | Tr loss=0.1632 mae=0.432 r2=0.504 | Vl loss=0.1165 mae=0.350 r2=0.291 | Te loss=0.2427 mae=0.548 r2=0.131 | ES 4/50
  Ep  11/300 | Tr loss=0.1639 mae=0.434 r2=0.501 | Vl loss=0.1188 mae=0.366 r2=0.269 | Te loss=0.2252 mae=0.552 r2=0.188 | ES 5/50
2026-05-01 20:59:56,511 | INFO |   Ep  11/300 | Tr loss=0.1639 mae=0.434 r2=0.501 | Vl loss=0.1188 mae=0.366 r2=0.269 | Te loss=0.2252 mae=0.552 r2=0.188 | ES 5/50
  Ep  12/300 | Tr loss=0.1635 mae=0.433 r2=0.504 | Vl loss=0.1836 mae=0.529 r2=-0.089 | Te loss=0.2546 mae=0.613 r2=0.098 | ES 6/50
2026-05-01 21:01:48,961 | INFO |   Ep  12/300 | Tr loss=0.1635 mae=0.433 r2=0.504 | Vl loss=0.1836 mae=0.529 r2=-0.089 | Te loss=0.2546 mae=0.613 r2=0.098 | ES 6/50
  Ep  13/300 | Tr loss=0.1616 mae=0.431 r2=0.509 | Vl loss=0.1119 mae=0.362 r2=0.325 | Te loss=0.2126 mae=0.535 r2=0.240 | ES 7/50
2026-05-01 21:03:40,671 | INFO |   Ep  13/300 | Tr loss=0.1616 mae=0.431 r2=0.509 | Vl loss=0.1119 mae=0.362 r2=0.325 | Te loss=0.2126 mae=0.535 r2=0.240 | ES 7/50
  Ep  14/300 | Tr loss=0.1616 mae=0.430 r2=0.508 | Vl loss=0.1054 mae=0.325 r2=0.356 | Te loss=0.2317 mae=0.531 r2=0.171 | ES 8/50
2026-05-01 21:05:32,044 | INFO |   Ep  14/300 | Tr loss=0.1616 mae=0.430 r2=0.508 | Vl loss=0.1054 mae=0.325 r2=0.356 | Te loss=0.2317 mae=0.531 r2=0.171 | ES 8/50
  Ep  15/300 | Tr loss=0.1619 mae=0.431 r2=0.509 | Vl loss=0.1158 mae=0.374 r2=0.301 | Te loss=0.2146 mae=0.539 r2=0.233 | ES 9/50
2026-05-01 21:07:22,991 | INFO |   Ep  15/300 | Tr loss=0.1619 mae=0.431 r2=0.509 | Vl loss=0.1158 mae=0.374 r2=0.301 | Te loss=0.2146 mae=0.539 r2=0.233 | ES 9/50
  Ep  16/300 | Tr loss=0.1615 mae=0.430 r2=0.510 | Vl loss=0.1161 mae=0.349 r2=0.293 | Te loss=0.2420 mae=0.547 r2=0.133 | ES 10/50
2026-05-01 21:09:14,248 | INFO |   Ep  16/300 | Tr loss=0.1615 mae=0.430 r2=0.510 | Vl loss=0.1161 mae=0.349 r2=0.293 | Te loss=0.2420 mae=0.547 r2=0.133 | ES 10/50
  Ep  17/300 | Tr loss=0.1608 mae=0.429 r2=0.512 | Vl loss=0.0876 mae=0.290 r2=0.469 | Te loss=0.2011 mae=0.502 r2=0.282 | ES 0/50 ★
2026-05-01 21:11:05,978 | INFO |   Ep  17/300 | Tr loss=0.1608 mae=0.429 r2=0.512 | Vl loss=0.0876 mae=0.290 r2=0.469 | Te loss=0.2011 mae=0.502 r2=0.282 | ES 0/50 ★
    ★ val_mae=0.2902  rmse=0.4284  r2=0.4691
  Ep  18/300 | Tr loss=0.1589 mae=0.426 r2=0.518 | Vl loss=0.1066 mae=0.360 r2=0.366 | Te loss=0.2020 mae=0.520 r2=0.280 | ES 1/50
2026-05-01 21:12:57,545 | INFO |   Ep  18/300 | Tr loss=0.1589 mae=0.426 r2=0.518 | Vl loss=0.1066 mae=0.360 r2=0.366 | Te loss=0.2020 mae=0.520 r2=0.280 | ES 1/50
  Ep  19/300 | Tr loss=0.1592 mae=0.426 r2=0.517 | Vl loss=0.0831 mae=0.287 r2=0.500 | Te loss=0.1997 mae=0.490 r2=0.289 | ES 0/50 ★
2026-05-01 21:14:49,553 | INFO |   Ep  19/300 | Tr loss=0.1592 mae=0.426 r2=0.517 | Vl loss=0.0831 mae=0.287 r2=0.500 | Te loss=0.1997 mae=0.490 r2=0.289 | ES 0/50 ★
    ★ val_mae=0.2874  rmse=0.4156  r2=0.5005
  Ep  20/300 | Tr loss=0.1588 mae=0.424 r2=0.517 | Vl loss=0.0946 mae=0.299 r2=0.416 | Te loss=0.2177 mae=0.516 r2=0.218 | ES 1/50
2026-05-01 21:16:41,292 | INFO |   Ep  20/300 | Tr loss=0.1588 mae=0.424 r2=0.517 | Vl loss=0.0946 mae=0.299 r2=0.416 | Te loss=0.2177 mae=0.516 r2=0.218 | ES 1/50
  Ep  21/300 | Tr loss=0.1583 mae=0.424 r2=0.519 | Vl loss=0.1404 mae=0.421 r2=0.164 | Te loss=0.2572 mae=0.582 r2=0.081 | ES 2/50
2026-05-01 21:18:32,929 | INFO |   Ep  21/300 | Tr loss=0.1583 mae=0.424 r2=0.519 | Vl loss=0.1404 mae=0.421 r2=0.164 | Te loss=0.2572 mae=0.582 r2=0.081 | ES 2/50
  Ep  22/300 | Tr loss=0.1586 mae=0.423 r2=0.518 | Vl loss=0.1101 mae=0.338 r2=0.333 | Te loss=0.2356 mae=0.538 r2=0.157 | ES 3/50
2026-05-01 21:20:24,684 | INFO |   Ep  22/300 | Tr loss=0.1586 mae=0.423 r2=0.518 | Vl loss=0.1101 mae=0.338 r2=0.333 | Te loss=0.2356 mae=0.538 r2=0.157 | ES 3/50
  Ep  23/300 | Tr loss=0.1589 mae=0.424 r2=0.518 | Vl loss=0.0872 mae=0.285 r2=0.468 | Te loss=0.2084 mae=0.504 r2=0.254 | ES 0/50 ★
2026-05-01 21:22:15,983 | INFO |   Ep  23/300 | Tr loss=0.1589 mae=0.424 r2=0.518 | Vl loss=0.0872 mae=0.285 r2=0.468 | Te loss=0.2084 mae=0.504 r2=0.254 | ES 0/50 ★
    ★ val_mae=0.2849  rmse=0.4290  r2=0.4676
  Ep  24/300 | Tr loss=0.1588 mae=0.424 r2=0.518 | Vl loss=0.0906 mae=0.292 r2=0.445 | Te loss=0.2103 mae=0.510 r2=0.246 | ES 1/50
2026-05-01 21:24:07,652 | INFO |   Ep  24/300 | Tr loss=0.1588 mae=0.424 r2=0.518 | Vl loss=0.0906 mae=0.292 r2=0.445 | Te loss=0.2103 mae=0.510 r2=0.246 | ES 1/50
  Ep  25/300 | Tr loss=0.1575 mae=0.422 r2=0.522 | Vl loss=0.0970 mae=0.310 r2=0.412 | Te loss=0.2227 mae=0.518 r2=0.204 | ES 2/50
2026-05-01 21:25:59,703 | INFO |   Ep  25/300 | Tr loss=0.1575 mae=0.422 r2=0.522 | Vl loss=0.0970 mae=0.310 r2=0.412 | Te loss=0.2227 mae=0.518 r2=0.204 | ES 2/50
  Ep  26/300 | Tr loss=0.1577 mae=0.421 r2=0.521 | Vl loss=0.0901 mae=0.297 r2=0.454 | Te loss=0.2012 mae=0.505 r2=0.280 | ES 3/50
2026-05-01 21:27:51,247 | INFO |   Ep  26/300 | Tr loss=0.1577 mae=0.421 r2=0.521 | Vl loss=0.0901 mae=0.297 r2=0.454 | Te loss=0.2012 mae=0.505 r2=0.280 | ES 3/50
  Ep  27/300 | Tr loss=0.1584 mae=0.423 r2=0.519 | Vl loss=0.1111 mae=0.341 r2=0.326 | Te loss=0.2383 mae=0.542 r2=0.148 | ES 4/50
2026-05-01 21:29:43,279 | INFO |   Ep  27/300 | Tr loss=0.1584 mae=0.423 r2=0.519 | Vl loss=0.1111 mae=0.341 r2=0.326 | Te loss=0.2383 mae=0.542 r2=0.148 | ES 4/50
  Ep  28/300 | Tr loss=0.1580 mae=0.423 r2=0.521 | Vl loss=0.0878 mae=0.292 r2=0.469 | Te loss=0.2109 mae=0.501 r2=0.248 | ES 5/50
2026-05-01 21:31:35,173 | INFO |   Ep  28/300 | Tr loss=0.1580 mae=0.423 r2=0.521 | Vl loss=0.0878 mae=0.292 r2=0.469 | Te loss=0.2109 mae=0.501 r2=0.248 | ES 5/50
  Ep  29/300 | Tr loss=0.1575 mae=0.422 r2=0.521 | Vl loss=0.0980 mae=0.312 r2=0.406 | Te loss=0.2248 mae=0.521 r2=0.197 | ES 6/50
2026-05-01 21:33:26,855 | INFO |   Ep  29/300 | Tr loss=0.1575 mae=0.422 r2=0.521 | Vl loss=0.0980 mae=0.312 r2=0.406 | Te loss=0.2248 mae=0.521 r2=0.197 | ES 6/50
  Ep  30/300 | Tr loss=0.1574 mae=0.421 r2=0.522 | Vl loss=0.0911 mae=0.294 r2=0.443 | Te loss=0.2089 mae=0.510 r2=0.252 | ES 7/50
2026-05-01 21:35:19,356 | INFO |   Ep  30/300 | Tr loss=0.1574 mae=0.421 r2=0.522 | Vl loss=0.0911 mae=0.294 r2=0.443 | Te loss=0.2089 mae=0.510 r2=0.252 | ES 7/50
  Ep  31/300 | Tr loss=0.1574 mae=0.421 r2=0.523 | Vl loss=0.0882 mae=0.290 r2=0.465 | Te loss=0.2119 mae=0.504 r2=0.243 | ES 8/50
2026-05-01 21:37:11,636 | INFO |   Ep  31/300 | Tr loss=0.1574 mae=0.421 r2=0.523 | Vl loss=0.0882 mae=0.290 r2=0.465 | Te loss=0.2119 mae=0.504 r2=0.243 | ES 8/50
  Ep  32/300 | Tr loss=0.1579 mae=0.423 r2=0.520 | Vl loss=0.0889 mae=0.289 r2=0.456 | Te loss=0.2111 mae=0.507 r2=0.244 | ES 9/50
2026-05-01 21:39:03,635 | INFO |   Ep  32/300 | Tr loss=0.1579 mae=0.423 r2=0.520 | Vl loss=0.0889 mae=0.289 r2=0.456 | Te loss=0.2111 mae=0.507 r2=0.244 | ES 9/50
  Ep  33/300 | Tr loss=0.1577 mae=0.422 r2=0.521 | Vl loss=0.0918 mae=0.299 r2=0.444 | Te loss=0.2165 mae=0.509 r2=0.227 | ES 10/50
2026-05-01 21:40:55,798 | INFO |   Ep  33/300 | Tr loss=0.1577 mae=0.422 r2=0.521 | Vl loss=0.0918 mae=0.299 r2=0.444 | Te loss=0.2165 mae=0.509 r2=0.227 | ES 10/50
  Ep  34/300 | Tr loss=0.1603 mae=0.425 r2=0.514 | Vl loss=0.0903 mae=0.298 r2=0.451 | Te loss=0.2133 mae=0.504 r2=0.238 | ES 11/50
2026-05-01 21:42:47,027 | INFO |   Ep  34/300 | Tr loss=0.1603 mae=0.425 r2=0.514 | Vl loss=0.0903 mae=0.298 r2=0.451 | Te loss=0.2133 mae=0.504 r2=0.238 | ES 11/50
  Ep  35/300 | Tr loss=0.1588 mae=0.423 r2=0.518 | Vl loss=0.0858 mae=0.287 r2=0.480 | Te loss=0.2080 mae=0.497 r2=0.257 | ES 12/50
2026-05-01 21:44:39,179 | INFO |   Ep  35/300 | Tr loss=0.1588 mae=0.423 r2=0.518 | Vl loss=0.0858 mae=0.287 r2=0.480 | Te loss=0.2080 mae=0.497 r2=0.257 | ES 12/50
  Ep  36/300 | Tr loss=0.1582 mae=0.422 r2=0.519 | Vl loss=0.1038 mae=0.328 r2=0.374 | Te loss=0.2284 mae=0.527 r2=0.185 | ES 13/50
2026-05-01 21:46:30,977 | INFO |   Ep  36/300 | Tr loss=0.1582 mae=0.422 r2=0.519 | Vl loss=0.1038 mae=0.328 r2=0.374 | Te loss=0.2284 mae=0.527 r2=0.185 | ES 13/50
  Ep  37/300 | Tr loss=0.1579 mae=0.421 r2=0.520 | Vl loss=0.0889 mae=0.291 r2=0.456 | Te loss=0.2091 mae=0.505 r2=0.252 | ES 14/50
2026-05-01 21:48:22,590 | INFO |   Ep  37/300 | Tr loss=0.1579 mae=0.421 r2=0.520 | Vl loss=0.0889 mae=0.291 r2=0.456 | Te loss=0.2091 mae=0.505 r2=0.252 | ES 14/50
  Ep  38/300 | Tr loss=0.1574 mae=0.421 r2=0.522 | Vl loss=0.0887 mae=0.297 r2=0.465 | Te loss=0.1978 mae=0.500 r2=0.293 | ES 15/50
2026-05-01 21:50:14,826 | INFO |   Ep  38/300 | Tr loss=0.1574 mae=0.421 r2=0.522 | Vl loss=0.0887 mae=0.297 r2=0.465 | Te loss=0.1978 mae=0.500 r2=0.293 | ES 15/50
  Ep  39/300 | Tr loss=0.1581 mae=0.422 r2=0.520 | Vl loss=0.0848 mae=0.296 r2=0.493 | Te loss=0.2011 mae=0.486 r2=0.281 | ES 16/50
2026-05-01 21:52:06,049 | INFO |   Ep  39/300 | Tr loss=0.1581 mae=0.422 r2=0.520 | Vl loss=0.0848 mae=0.296 r2=0.493 | Te loss=0.2011 mae=0.486 r2=0.281 | ES 16/50
  Ep  40/300 | Tr loss=0.1578 mae=0.421 r2=0.521 | Vl loss=0.0806 mae=0.286 r2=0.518 | Te loss=0.1918 mae=0.480 r2=0.312 | ES 17/50
2026-05-01 21:53:58,135 | INFO |   Ep  40/300 | Tr loss=0.1578 mae=0.421 r2=0.521 | Vl loss=0.0806 mae=0.286 r2=0.518 | Te loss=0.1918 mae=0.480 r2=0.312 | ES 17/50
  Ep  41/300 | Tr loss=0.1574 mae=0.421 r2=0.523 | Vl loss=0.0849 mae=0.287 r2=0.487 | Te loss=0.2050 mae=0.495 r2=0.269 | ES 18/50
2026-05-01 21:55:50,215 | INFO |   Ep  41/300 | Tr loss=0.1574 mae=0.421 r2=0.523 | Vl loss=0.0849 mae=0.287 r2=0.487 | Te loss=0.2050 mae=0.495 r2=0.269 | ES 18/50
  Ep  42/300 | Tr loss=0.1576 mae=0.421 r2=0.522 | Vl loss=0.0850 mae=0.287 r2=0.485 | Te loss=0.2027 mae=0.494 r2=0.275 | ES 19/50
2026-05-01 21:57:42,532 | INFO |   Ep  42/300 | Tr loss=0.1576 mae=0.421 r2=0.522 | Vl loss=0.0850 mae=0.287 r2=0.485 | Te loss=0.2027 mae=0.494 r2=0.275 | ES 19/50
  Ep  43/300 | Tr loss=0.1570 mae=0.420 r2=0.523 | Vl loss=0.0851 mae=0.288 r2=0.486 | Te loss=0.2056 mae=0.496 r2=0.266 | ES 20/50
2026-05-01 21:59:34,631 | INFO |   Ep  43/300 | Tr loss=0.1570 mae=0.420 r2=0.523 | Vl loss=0.0851 mae=0.288 r2=0.486 | Te loss=0.2056 mae=0.496 r2=0.266 | ES 20/50
  Ep  44/300 | Tr loss=0.1568 mae=0.420 r2=0.524 | Vl loss=0.0893 mae=0.294 r2=0.460 | Te loss=0.2135 mae=0.504 r2=0.239 | ES 21/50
2026-05-01 22:01:25,949 | INFO |   Ep  44/300 | Tr loss=0.1568 mae=0.420 r2=0.524 | Vl loss=0.0893 mae=0.294 r2=0.460 | Te loss=0.2135 mae=0.504 r2=0.239 | ES 21/50
  Ep  45/300 | Tr loss=0.1575 mae=0.420 r2=0.523 | Vl loss=0.0911 mae=0.299 r2=0.448 | Te loss=0.2151 mae=0.507 r2=0.232 | ES 22/50
2026-05-01 22:03:18,025 | INFO |   Ep  45/300 | Tr loss=0.1575 mae=0.420 r2=0.523 | Vl loss=0.0911 mae=0.299 r2=0.448 | Te loss=0.2151 mae=0.507 r2=0.232 | ES 22/50
  Ep  46/300 | Tr loss=0.1574 mae=0.421 r2=0.522 | Vl loss=0.0838 mae=0.282 r2=0.493 | Te loss=0.2046 mae=0.496 r2=0.270 | ES 0/50 ★
2026-05-01 22:05:10,023 | INFO |   Ep  46/300 | Tr loss=0.1574 mae=0.421 r2=0.522 | Vl loss=0.0838 mae=0.282 r2=0.493 | Te loss=0.2046 mae=0.496 r2=0.270 | ES 0/50 ★
    ★ val_mae=0.2824  rmse=0.4186  r2=0.4932
  Ep  47/300 | Tr loss=0.1562 mae=0.420 r2=0.525 | Vl loss=0.0931 mae=0.302 r2=0.437 | Te loss=0.2187 mae=0.512 r2=0.220 | ES 1/50
2026-05-01 22:07:01,967 | INFO |   Ep  47/300 | Tr loss=0.1562 mae=0.420 r2=0.525 | Vl loss=0.0931 mae=0.302 r2=0.437 | Te loss=0.2187 mae=0.512 r2=0.220 | ES 1/50
  Ep  48/300 | Tr loss=0.1579 mae=0.423 r2=0.521 | Vl loss=0.0828 mae=0.282 r2=0.500 | Te loss=0.1994 mae=0.493 r2=0.288 | ES 0/50 ★
2026-05-01 22:08:54,056 | INFO |   Ep  48/300 | Tr loss=0.1579 mae=0.423 r2=0.521 | Vl loss=0.0828 mae=0.282 r2=0.500 | Te loss=0.1994 mae=0.493 r2=0.288 | ES 0/50 ★
    ★ val_mae=0.2818  rmse=0.4158  r2=0.5000
  Ep  49/300 | Tr loss=0.1567 mae=0.420 r2=0.524 | Vl loss=0.0930 mae=0.301 r2=0.433 | Te loss=0.2056 mae=0.511 r2=0.264 | ES 1/50
2026-05-01 22:10:45,828 | INFO |   Ep  49/300 | Tr loss=0.1567 mae=0.420 r2=0.524 | Vl loss=0.0930 mae=0.301 r2=0.433 | Te loss=0.2056 mae=0.511 r2=0.264 | ES 1/50
  Ep  50/300 | Tr loss=0.1569 mae=0.419 r2=0.523 | Vl loss=0.0847 mae=0.286 r2=0.489 | Te loss=0.2062 mae=0.495 r2=0.265 | ES 2/50
2026-05-01 22:12:37,493 | INFO |   Ep  50/300 | Tr loss=0.1569 mae=0.419 r2=0.523 | Vl loss=0.0847 mae=0.286 r2=0.489 | Te loss=0.2062 mae=0.495 r2=0.265 | ES 2/50
  Ep  51/300 | Tr loss=0.1567 mae=0.419 r2=0.524 | Vl loss=0.0863 mae=0.285 r2=0.475 | Te loss=0.2085 mae=0.501 r2=0.256 | ES 3/50
2026-05-01 22:14:29,133 | INFO |   Ep  51/300 | Tr loss=0.1567 mae=0.419 r2=0.524 | Vl loss=0.0863 mae=0.285 r2=0.475 | Te loss=0.2085 mae=0.501 r2=0.256 | ES 3/50
  Ep  52/300 | Tr loss=0.1562 mae=0.418 r2=0.526 | Vl loss=0.0973 mae=0.322 r2=0.420 | Te loss=0.2180 mae=0.512 r2=0.221 | ES 4/50
2026-05-01 22:16:20,772 | INFO |   Ep  52/300 | Tr loss=0.1562 mae=0.418 r2=0.526 | Vl loss=0.0973 mae=0.322 r2=0.420 | Te loss=0.2180 mae=0.512 r2=0.221 | ES 4/50
  Ep  53/300 | Tr loss=0.1570 mae=0.420 r2=0.523 | Vl loss=0.0890 mae=0.293 r2=0.461 | Te loss=0.2126 mae=0.504 r2=0.241 | ES 5/50
2026-05-01 22:18:12,990 | INFO |   Ep  53/300 | Tr loss=0.1570 mae=0.420 r2=0.523 | Vl loss=0.0890 mae=0.293 r2=0.461 | Te loss=0.2126 mae=0.504 r2=0.241 | ES 5/50
  Ep  54/300 | Tr loss=0.1569 mae=0.420 r2=0.525 | Vl loss=0.0853 mae=0.289 r2=0.486 | Te loss=0.2069 mae=0.496 r2=0.262 | ES 6/50
2026-05-01 22:20:05,137 | INFO |   Ep  54/300 | Tr loss=0.1569 mae=0.420 r2=0.525 | Vl loss=0.0853 mae=0.289 r2=0.486 | Te loss=0.2069 mae=0.496 r2=0.262 | ES 6/50
