✓ stdout → also writing to /mvdlph/masa/GCN_MultiView_EarlyFusion_Results/run_2026_05_12_17_43_40/logs/training_20260512_174340.log
2026-05-12 17:43:40,683 | INFO | ======================================================================
2026-05-12 17:43:40,683 | INFO | ST-GCN Multi-View Early Fusion | Cameras=[0, 1, 2] | FusedJoints=51
2026-05-12 17:43:40,683 | INFO | Epochs=300 | Patience=80 | Batch=32
2026-05-12 17:43:40,684 | INFO | ======================================================================
✓ parse_filename and load_skeleton defined

[TRAIN] NPZ files found : 9477
  Unique segments      : 3286
  Unique trial keys    : 327
  Quality mean±std     : 4.138 ± 0.808
  Views available dist :
1      98
2     185
3    3003

[VALID] NPZ files found : 2790
  Unique segments      : 992
  Unique trial keys    : 100
  Quality mean±std     : 4.246 ± 0.732
  Views available dist :
1     60
2     66
3    866

[TEST] NPZ files found : 3108
  Unique segments      : 1046
  Unique trial keys    : 107
  Quality mean±std     : 4.032 ± 0.776
  Views available dist :
1       8
2      14
3    1024

Checking for corrupted files...
  [TRAIN] Clean samples : 3286
  [VALID] Clean samples : 992
  [TEST] Clean samples : 1046

✓ No data-leakage detected across splits

════════════════════════════════════════════════════════════════════════
  Split      Segs   Correct   Erroneous   Q mean   Q std   Q min   Q max
  ──────────────────────────────────────────────────────────────────────
  Train      3286      2113        1173    4.138   0.808   1.340   5.000
  Val         992       683         309    4.246   0.732   2.280   5.000
  Test       1046       679         367    4.032   0.776   2.140   5.000
════════════════════════════════════════════════════════════════════════

✓ Multi-view index ready  →  train / val / test DataFrames built

============================================================
Camera availability per split:
============================================================

  Train:
    Camera 0: 3174/3286 segments (96.6%)
    Camera 1: 3132/3286 segments (95.3%)
    Camera 2: 3171/3286 segments (96.5%)

  Val:
    Camera 0: 940/992 segments (94.8%)
    Camera 1: 925/992 segments (93.2%)
    Camera 2: 925/992 segments (93.2%)

  Test:
    Camera 0: 1033/1046 segments (98.8%)
    Camera 1: 1045/1046 segments (99.9%)
    Camera 2: 1030/1046 segments (98.5%)

============================================================
View completeness per split:
============================================================
  Train: {1: 98, 2: 185, 3: 3003}
  Val: {1: 60, 2: 66, 3: 866}
  Test: {1: 8, 2: 14, 3: 1024}
✓ Skeleton visualisation helpers defined
person      P0
exercise     0
trial_id    T1
segment      0
Name: 10, dtype: object
Skeleton shape : (81, 17, 3)
  ✓ Skeleton plot saved → /mvdlph/masa/GCN_MultiView_EarlyFusion_Results/run_2026_05_12_17_43_40/plots/sample_skeleton_3views.png
✓ BZUMultiViewDataset defined (early fusion, cameras=[0, 1, 2])
  Sample shape: torch.Size([100, 51, 6])  (expected T=100, V*J=51, C=6)
✓ Dataset shape check passed
✓ GCN_MultiView_Regression sanity check passed — output shape: torch.Size([2])
✓ Total trainable parameters: 743,437
✓ Multi-view adjacency: intra-view edges=49, cross-view edges per block=17
Device : cuda
GPU    : Tesla V100-PCIE-32GB
✓ run_epoch (multi-view, no centre_and_scale needed) defined
=================================================================
Quality score distribution audit
=================================================================
  ✓ Saved → /mvdlph/masa/GCN_MultiView_EarlyFusion_Results/run_2026_05_12_17_43_40/plots/split_quality_distributions.png
✓ Plotting helpers defined
✓ EarlyStopping defined (monitoring MAE)
2026-05-12 17:43:54,748 | INFO | ======================================================================
2026-05-12 17:43:54,749 | INFO | STARTING MULTI-VIEW EARLY FUSION TRAINING
2026-05-12 17:43:54,749 | INFO | Cameras=[0, 1, 2]  FusedJoints=51  CrossViewEdges=True
2026-05-12 17:43:54,750 | INFO | train=3286 val=992 test=1046
2026-05-12 17:43:54,751 | INFO | ======================================================================

════════════════════════════════════════════════════════════════════════
  Multi-View Early Fusion  |  Cameras: [0, 1, 2]  |  Fused joints: 51
  Train: 3286  Val: 992  Test: 1046
  Patience: 80  |  LR: 0.0001  |  Batch: 32
════════════════════════════════════════════════════════════════════════
  Ep   1/300 | Tr loss=0.8155 mae=0.637 r2=-0.249 pcc=0.451 | Vl loss=0.4331 mae=0.498 r2=0.191 pcc=0.802 | ES 0/80 ★
2026-05-12 17:44:18,925 | INFO |   Ep   1/300 | Tr loss=0.8155 mae=0.637 r2=-0.249 pcc=0.451 | Vl loss=0.4331 mae=0.498 r2=0.191 pcc=0.802 | ES 0/80 ★
    ★ val_mae=0.4975  rmse=0.6581  r2=0.1906  pcc=0.8021
  Ep   2/300 | Tr loss=0.6564 mae=0.576 r2=-0.006 pcc=0.573 | Vl loss=0.2525 mae=0.389 r2=0.528 pcc=0.807 | ES 0/80 ★
2026-05-12 17:44:42,508 | INFO |   Ep   2/300 | Tr loss=0.6564 mae=0.576 r2=-0.006 pcc=0.573 | Vl loss=0.2525 mae=0.389 r2=0.528 pcc=0.807 | ES 0/80 ★
    ★ val_mae=0.3890  rmse=0.5025  r2=0.5281  pcc=0.8067
  Ep   3/300 | Tr loss=0.5853 mae=0.548 r2=0.103 pcc=0.589 | Vl loss=0.2118 mae=0.351 r2=0.604 pcc=0.845 | ES 0/80 ★
2026-05-12 17:45:06,153 | INFO |   Ep   3/300 | Tr loss=0.5853 mae=0.548 r2=0.103 pcc=0.589 | Vl loss=0.2118 mae=0.351 r2=0.604 pcc=0.845 | ES 0/80 ★
    ★ val_mae=0.3511  rmse=0.4602  r2=0.6042  pcc=0.8448
  Ep   4/300 | Tr loss=0.5052 mae=0.509 r2=0.226 pcc=0.634 | Vl loss=0.2171 mae=0.341 r2=0.594 pcc=0.831 | ES 0/80 ★
2026-05-12 17:45:29,595 | INFO |   Ep   4/300 | Tr loss=0.5052 mae=0.509 r2=0.226 pcc=0.634 | Vl loss=0.2171 mae=0.341 r2=0.594 pcc=0.831 | ES 0/80 ★
    ★ val_mae=0.3409  rmse=0.4659  r2=0.5943  pcc=0.8312
  Ep   5/300 | Tr loss=0.4841 mae=0.496 r2=0.259 pcc=0.633 | Vl loss=0.2292 mae=0.329 r2=0.572 pcc=0.837 | ES 0/80 ★
2026-05-12 17:45:53,300 | INFO |   Ep   5/300 | Tr loss=0.4841 mae=0.496 r2=0.259 pcc=0.633 | Vl loss=0.2292 mae=0.329 r2=0.572 pcc=0.837 | ES 0/80 ★
    ★ val_mae=0.3286  rmse=0.4788  r2=0.5716  pcc=0.8369
  Ep   6/300 | Tr loss=0.4178 mae=0.462 r2=0.360 pcc=0.676 | Vl loss=0.2341 mae=0.327 r2=0.562 pcc=0.824 | ES 0/80 ★
2026-05-12 17:46:16,994 | INFO |   Ep   6/300 | Tr loss=0.4178 mae=0.462 r2=0.360 pcc=0.676 | Vl loss=0.2341 mae=0.327 r2=0.562 pcc=0.824 | ES 0/80 ★
    ★ val_mae=0.3273  rmse=0.4838  r2=0.5625  pcc=0.8245
  Ep   7/300 | Tr loss=0.4034 mae=0.455 r2=0.383 pcc=0.679 | Vl loss=0.2093 mae=0.312 r2=0.609 pcc=0.830 | ES 0/80 ★
2026-05-12 17:46:40,383 | INFO |   Ep   7/300 | Tr loss=0.4034 mae=0.455 r2=0.383 pcc=0.679 | Vl loss=0.2093 mae=0.312 r2=0.609 pcc=0.830 | ES 0/80 ★
    ★ val_mae=0.3122  rmse=0.4574  r2=0.6089  pcc=0.8305
  Ep   8/300 | Tr loss=0.3924 mae=0.448 r2=0.398 pcc=0.679 | Vl loss=0.2366 mae=0.325 r2=0.558 pcc=0.813 | ES 1/80
2026-05-12 17:47:04,259 | INFO |   Ep   8/300 | Tr loss=0.3924 mae=0.448 r2=0.398 pcc=0.679 | Vl loss=0.2366 mae=0.325 r2=0.558 pcc=0.813 | ES 1/80
  Ep   9/300 | Tr loss=0.3584 mae=0.429 r2=0.451 pcc=0.704 | Vl loss=0.2057 mae=0.300 r2=0.616 pcc=0.826 | ES 0/80 ★
2026-05-12 17:47:28,113 | INFO |   Ep   9/300 | Tr loss=0.3584 mae=0.429 r2=0.451 pcc=0.704 | Vl loss=0.2057 mae=0.300 r2=0.616 pcc=0.826 | ES 0/80 ★
    ★ val_mae=0.3000  rmse=0.4535  r2=0.6155  pcc=0.8262
  Ep  10/300 | Tr loss=0.3550 mae=0.421 r2=0.456 pcc=0.701 | Vl loss=0.1925 mae=0.290 r2=0.640 pcc=0.830 | ES 0/80 ★
2026-05-12 17:47:51,640 | INFO |   Ep  10/300 | Tr loss=0.3550 mae=0.421 r2=0.456 pcc=0.701 | Vl loss=0.1925 mae=0.290 r2=0.640 pcc=0.830 | ES 0/80 ★
    ★ val_mae=0.2898  rmse=0.4388  r2=0.6402  pcc=0.8305
  Ep  11/300 | Tr loss=0.3531 mae=0.420 r2=0.460 pcc=0.700 | Vl loss=0.2088 mae=0.297 r2=0.610 pcc=0.824 | ES 1/80
2026-05-12 17:48:15,323 | INFO |   Ep  11/300 | Tr loss=0.3531 mae=0.420 r2=0.460 pcc=0.700 | Vl loss=0.2088 mae=0.297 r2=0.610 pcc=0.824 | ES 1/80
  Ep  12/300 | Tr loss=0.3464 mae=0.411 r2=0.469 pcc=0.702 | Vl loss=0.2249 mae=0.315 r2=0.580 pcc=0.819 | ES 2/80
2026-05-12 17:48:38,709 | INFO |   Ep  12/300 | Tr loss=0.3464 mae=0.411 r2=0.469 pcc=0.702 | Vl loss=0.2249 mae=0.315 r2=0.580 pcc=0.819 | ES 2/80
  Ep  13/300 | Tr loss=0.3320 mae=0.403 r2=0.491 pcc=0.716 | Vl loss=0.2259 mae=0.328 r2=0.578 pcc=0.817 | ES 3/80
2026-05-12 17:49:02,371 | INFO |   Ep  13/300 | Tr loss=0.3320 mae=0.403 r2=0.491 pcc=0.716 | Vl loss=0.2259 mae=0.328 r2=0.578 pcc=0.817 | ES 3/80
  Ep  14/300 | Tr loss=0.3365 mae=0.405 r2=0.487 pcc=0.710 | Vl loss=0.2612 mae=0.368 r2=0.512 pcc=0.819 | ES 4/80
2026-05-12 17:49:25,898 | INFO |   Ep  14/300 | Tr loss=0.3365 mae=0.405 r2=0.487 pcc=0.710 | Vl loss=0.2612 mae=0.368 r2=0.512 pcc=0.819 | ES 4/80
  Ep  15/300 | Tr loss=0.3210 mae=0.394 r2=0.508 pcc=0.721 | Vl loss=0.2389 mae=0.353 r2=0.554 pcc=0.828 | ES 5/80
2026-05-12 17:49:49,406 | INFO |   Ep  15/300 | Tr loss=0.3210 mae=0.394 r2=0.508 pcc=0.721 | Vl loss=0.2389 mae=0.353 r2=0.554 pcc=0.828 | ES 5/80
  Ep  16/300 | Tr loss=0.3199 mae=0.391 r2=0.510 pcc=0.722 | Vl loss=0.2525 mae=0.369 r2=0.528 pcc=0.822 | ES 6/80
2026-05-12 17:50:13,000 | INFO |   Ep  16/300 | Tr loss=0.3199 mae=0.391 r2=0.510 pcc=0.722 | Vl loss=0.2525 mae=0.369 r2=0.528 pcc=0.822 | ES 6/80
  Ep  17/300 | Tr loss=0.3174 mae=0.389 r2=0.516 pcc=0.727 | Vl loss=0.2300 mae=0.360 r2=0.570 pcc=0.833 | ES 7/80
2026-05-12 17:50:36,416 | INFO |   Ep  17/300 | Tr loss=0.3174 mae=0.389 r2=0.516 pcc=0.727 | Vl loss=0.2300 mae=0.360 r2=0.570 pcc=0.833 | ES 7/80
  Ep  18/300 | Tr loss=0.3099 mae=0.380 r2=0.525 pcc=0.732 | Vl loss=0.2087 mae=0.334 r2=0.610 pcc=0.839 | ES 8/80
2026-05-12 17:50:59,795 | INFO |   Ep  18/300 | Tr loss=0.3099 mae=0.380 r2=0.525 pcc=0.732 | Vl loss=0.2087 mae=0.334 r2=0.610 pcc=0.839 | ES 8/80
  Ep  19/300 | Tr loss=0.2948 mae=0.373 r2=0.548 pcc=0.744 | Vl loss=0.2189 mae=0.348 r2=0.591 pcc=0.834 | ES 9/80
2026-05-12 17:51:23,064 | INFO |   Ep  19/300 | Tr loss=0.2948 mae=0.373 r2=0.548 pcc=0.744 | Vl loss=0.2189 mae=0.348 r2=0.591 pcc=0.834 | ES 9/80
  Ep  20/300 | Tr loss=0.2931 mae=0.373 r2=0.553 pcc=0.748 | Vl loss=0.2225 mae=0.348 r2=0.584 pcc=0.837 | ES 10/80
2026-05-12 17:51:46,387 | INFO |   Ep  20/300 | Tr loss=0.2931 mae=0.373 r2=0.553 pcc=0.748 | Vl loss=0.2225 mae=0.348 r2=0.584 pcc=0.837 | ES 10/80
  Ep  21/300 | Tr loss=0.3028 mae=0.377 r2=0.536 pcc=0.738 | Vl loss=0.2117 mae=0.337 r2=0.604 pcc=0.831 | ES 11/80
2026-05-12 17:52:09,713 | INFO |   Ep  21/300 | Tr loss=0.3028 mae=0.377 r2=0.536 pcc=0.738 | Vl loss=0.2117 mae=0.337 r2=0.604 pcc=0.831 | ES 11/80
  Ep  22/300 | Tr loss=0.2900 mae=0.370 r2=0.556 pcc=0.748 | Vl loss=0.2072 mae=0.345 r2=0.613 pcc=0.833 | ES 12/80
2026-05-12 17:52:32,849 | INFO |   Ep  22/300 | Tr loss=0.2900 mae=0.370 r2=0.556 pcc=0.748 | Vl loss=0.2072 mae=0.345 r2=0.613 pcc=0.833 | ES 12/80
  Ep  23/300 | Tr loss=0.2991 mae=0.376 r2=0.542 pcc=0.740 | Vl loss=0.2234 mae=0.353 r2=0.582 pcc=0.832 | ES 13/80
2026-05-12 17:52:56,092 | INFO |   Ep  23/300 | Tr loss=0.2991 mae=0.376 r2=0.542 pcc=0.740 | Vl loss=0.2234 mae=0.353 r2=0.582 pcc=0.832 | ES 13/80
  Ep  24/300 | Tr loss=0.2948 mae=0.370 r2=0.549 pcc=0.744 | Vl loss=0.2214 mae=0.346 r2=0.586 pcc=0.833 | ES 14/80
2026-05-12 17:53:19,613 | INFO |   Ep  24/300 | Tr loss=0.2948 mae=0.370 r2=0.549 pcc=0.744 | Vl loss=0.2214 mae=0.346 r2=0.586 pcc=0.833 | ES 14/80
  Ep  25/300 | Tr loss=0.2878 mae=0.365 r2=0.559 pcc=0.750 | Vl loss=0.2140 mae=0.335 r2=0.600 pcc=0.823 | ES 15/80
2026-05-12 17:53:43,618 | INFO |   Ep  25/300 | Tr loss=0.2878 mae=0.365 r2=0.559 pcc=0.750 | Vl loss=0.2140 mae=0.335 r2=0.600 pcc=0.823 | ES 15/80
  Ep  26/300 | Tr loss=0.2889 mae=0.363 r2=0.557 pcc=0.750 | Vl loss=0.1902 mae=0.319 r2=0.645 pcc=0.840 | ES 16/80
2026-05-12 17:54:07,503 | INFO |   Ep  26/300 | Tr loss=0.2889 mae=0.363 r2=0.557 pcc=0.750 | Vl loss=0.1902 mae=0.319 r2=0.645 pcc=0.840 | ES 16/80
  Ep  27/300 | Tr loss=0.2800 mae=0.360 r2=0.571 pcc=0.758 | Vl loss=0.2166 mae=0.345 r2=0.595 pcc=0.839 | ES 17/80
2026-05-12 17:54:31,184 | INFO |   Ep  27/300 | Tr loss=0.2800 mae=0.360 r2=0.571 pcc=0.758 | Vl loss=0.2166 mae=0.345 r2=0.595 pcc=0.839 | ES 17/80
  Ep  28/300 | Tr loss=0.2826 mae=0.361 r2=0.567 pcc=0.756 | Vl loss=0.2009 mae=0.331 r2=0.624 pcc=0.845 | ES 18/80
2026-05-12 17:54:54,605 | INFO |   Ep  28/300 | Tr loss=0.2826 mae=0.361 r2=0.567 pcc=0.756 | Vl loss=0.2009 mae=0.331 r2=0.624 pcc=0.845 | ES 18/80
  Ep  29/300 | Tr loss=0.2821 mae=0.358 r2=0.568 pcc=0.756 | Vl loss=0.2080 mae=0.346 r2=0.611 pcc=0.841 | ES 19/80
2026-05-12 17:55:18,064 | INFO |   Ep  29/300 | Tr loss=0.2821 mae=0.358 r2=0.568 pcc=0.756 | Vl loss=0.2080 mae=0.346 r2=0.611 pcc=0.841 | ES 19/80
  Ep  30/300 | Tr loss=0.2795 mae=0.356 r2=0.571 pcc=0.758 | Vl loss=0.2336 mae=0.366 r2=0.563 pcc=0.838 | ES 20/80
2026-05-12 17:55:41,413 | INFO |   Ep  30/300 | Tr loss=0.2795 mae=0.356 r2=0.571 pcc=0.758 | Vl loss=0.2336 mae=0.366 r2=0.563 pcc=0.838 | ES 20/80
  Ep  31/300 | Tr loss=0.2786 mae=0.359 r2=0.573 pcc=0.760 | Vl loss=0.2208 mae=0.358 r2=0.587 pcc=0.839 | ES 21/80
2026-05-12 17:56:04,985 | INFO |   Ep  31/300 | Tr loss=0.2786 mae=0.359 r2=0.573 pcc=0.760 | Vl loss=0.2208 mae=0.358 r2=0.587 pcc=0.839 | ES 21/80
  Ep  32/300 | Tr loss=0.2808 mae=0.355 r2=0.571 pcc=0.758 | Vl loss=0.2033 mae=0.342 r2=0.620 pcc=0.843 | ES 22/80
2026-05-12 17:56:28,199 | INFO |   Ep  32/300 | Tr loss=0.2808 mae=0.355 r2=0.571 pcc=0.758 | Vl loss=0.2033 mae=0.342 r2=0.620 pcc=0.843 | ES 22/80
  Ep  33/300 | Tr loss=0.2730 mae=0.351 r2=0.582 pcc=0.764 | Vl loss=0.2093 mae=0.340 r2=0.609 pcc=0.841 | ES 23/80
2026-05-12 17:56:51,547 | INFO |   Ep  33/300 | Tr loss=0.2730 mae=0.351 r2=0.582 pcc=0.764 | Vl loss=0.2093 mae=0.340 r2=0.609 pcc=0.841 | ES 23/80
  Ep  34/300 | Tr loss=0.2706 mae=0.345 r2=0.585 pcc=0.767 | Vl loss=0.1892 mae=0.322 r2=0.646 pcc=0.842 | ES 24/80
2026-05-12 17:57:14,985 | INFO |   Ep  34/300 | Tr loss=0.2706 mae=0.345 r2=0.585 pcc=0.767 | Vl loss=0.1892 mae=0.322 r2=0.646 pcc=0.842 | ES 24/80
  Ep  35/300 | Tr loss=0.2749 mae=0.352 r2=0.579 pcc=0.762 | Vl loss=0.2092 mae=0.342 r2=0.609 pcc=0.842 | ES 25/80
2026-05-12 17:57:38,348 | INFO |   Ep  35/300 | Tr loss=0.2749 mae=0.352 r2=0.579 pcc=0.762 | Vl loss=0.2092 mae=0.342 r2=0.609 pcc=0.842 | ES 25/80
  Ep  36/300 | Tr loss=0.2724 mae=0.350 r2=0.582 pcc=0.765 | Vl loss=0.2236 mae=0.362 r2=0.582 pcc=0.836 | ES 26/80
2026-05-12 17:58:01,974 | INFO |   Ep  36/300 | Tr loss=0.2724 mae=0.350 r2=0.582 pcc=0.765 | Vl loss=0.2236 mae=0.362 r2=0.582 pcc=0.836 | ES 26/80
  Ep  37/300 | Tr loss=0.2662 mae=0.348 r2=0.592 pcc=0.771 | Vl loss=0.1998 mae=0.335 r2=0.627 pcc=0.837 | ES 27/80
2026-05-12 17:58:25,582 | INFO |   Ep  37/300 | Tr loss=0.2662 mae=0.348 r2=0.592 pcc=0.771 | Vl loss=0.1998 mae=0.335 r2=0.627 pcc=0.837 | ES 27/80
  Ep  38/300 | Tr loss=0.2750 mae=0.350 r2=0.580 pcc=0.763 | Vl loss=0.2154 mae=0.352 r2=0.597 pcc=0.833 | ES 28/80
2026-05-12 17:58:49,138 | INFO |   Ep  38/300 | Tr loss=0.2750 mae=0.350 r2=0.580 pcc=0.763 | Vl loss=0.2154 mae=0.352 r2=0.597 pcc=0.833 | ES 28/80
  Ep  39/300 | Tr loss=0.2686 mae=0.348 r2=0.588 pcc=0.768 | Vl loss=0.1911 mae=0.321 r2=0.643 pcc=0.841 | ES 29/80
2026-05-12 17:59:12,453 | INFO |   Ep  39/300 | Tr loss=0.2686 mae=0.348 r2=0.588 pcc=0.768 | Vl loss=0.1911 mae=0.321 r2=0.643 pcc=0.841 | ES 29/80
  Ep  40/300 | Tr loss=0.2636 mae=0.343 r2=0.596 pcc=0.773 | Vl loss=0.2217 mae=0.363 r2=0.586 pcc=0.834 | ES 30/80
2026-05-12 17:59:35,987 | INFO |   Ep  40/300 | Tr loss=0.2636 mae=0.343 r2=0.596 pcc=0.773 | Vl loss=0.2217 mae=0.363 r2=0.586 pcc=0.834 | ES 30/80
Epoch 00041: reducing learning rate of group 0 to 5.0000e-05.
  Ep  41/300 | Tr loss=0.2595 mae=0.339 r2=0.603 pcc=0.777 | Vl loss=0.1980 mae=0.325 r2=0.630 pcc=0.840 | ES 31/80
2026-05-12 17:59:59,448 | INFO |   Ep  41/300 | Tr loss=0.2595 mae=0.339 r2=0.603 pcc=0.777 | Vl loss=0.1980 mae=0.325 r2=0.630 pcc=0.840 | ES 31/80
  Ep  42/300 | Tr loss=0.2640 mae=0.341 r2=0.596 pcc=0.773 | Vl loss=0.2010 mae=0.331 r2=0.624 pcc=0.842 | ES 32/80
2026-05-12 18:00:22,979 | INFO |   Ep  42/300 | Tr loss=0.2640 mae=0.341 r2=0.596 pcc=0.773 | Vl loss=0.2010 mae=0.331 r2=0.624 pcc=0.842 | ES 32/80
  Ep  43/300 | Tr loss=0.2645 mae=0.345 r2=0.594 pcc=0.772 | Vl loss=0.1914 mae=0.315 r2=0.642 pcc=0.845 | ES 33/80
2026-05-12 18:00:46,498 | INFO |   Ep  43/300 | Tr loss=0.2645 mae=0.345 r2=0.594 pcc=0.772 | Vl loss=0.1914 mae=0.315 r2=0.642 pcc=0.845 | ES 33/80
  Ep  44/300 | Tr loss=0.2610 mae=0.339 r2=0.601 pcc=0.777 | Vl loss=0.1995 mae=0.330 r2=0.627 pcc=0.844 | ES 34/80
2026-05-12 18:01:09,912 | INFO |   Ep  44/300 | Tr loss=0.2610 mae=0.339 r2=0.601 pcc=0.777 | Vl loss=0.1995 mae=0.330 r2=0.627 pcc=0.844 | ES 34/80
  Ep  45/300 | Tr loss=0.2601 mae=0.340 r2=0.602 pcc=0.777 | Vl loss=0.1930 mae=0.325 r2=0.639 pcc=0.846 | ES 35/80
2026-05-12 18:01:33,390 | INFO |   Ep  45/300 | Tr loss=0.2601 mae=0.340 r2=0.602 pcc=0.777 | Vl loss=0.1930 mae=0.325 r2=0.639 pcc=0.846 | ES 35/80
  Ep  46/300 | Tr loss=0.2646 mae=0.343 r2=0.595 pcc=0.772 | Vl loss=0.1888 mae=0.319 r2=0.647 pcc=0.845 | ES 36/80
2026-05-12 18:01:56,761 | INFO |   Ep  46/300 | Tr loss=0.2646 mae=0.343 r2=0.595 pcc=0.772 | Vl loss=0.1888 mae=0.319 r2=0.647 pcc=0.845 | ES 36/80
  Ep  47/300 | Tr loss=0.2604 mae=0.340 r2=0.601 pcc=0.776 | Vl loss=0.1940 mae=0.324 r2=0.638 pcc=0.845 | ES 37/80
2026-05-12 18:02:20,284 | INFO |   Ep  47/300 | Tr loss=0.2604 mae=0.340 r2=0.601 pcc=0.776 | Vl loss=0.1940 mae=0.324 r2=0.638 pcc=0.845 | ES 37/80
  Ep  48/300 | Tr loss=0.2526 mae=0.337 r2=0.613 pcc=0.783 | Vl loss=0.1940 mae=0.328 r2=0.637 pcc=0.846 | ES 38/80
2026-05-12 18:02:43,805 | INFO |   Ep  48/300 | Tr loss=0.2526 mae=0.337 r2=0.613 pcc=0.783 | Vl loss=0.1940 mae=0.328 r2=0.637 pcc=0.846 | ES 38/80
  Ep  49/300 | Tr loss=0.2588 mae=0.336 r2=0.603 pcc=0.777 | Vl loss=0.1879 mae=0.314 r2=0.649 pcc=0.846 | ES 39/80
2026-05-12 18:03:07,334 | INFO |   Ep  49/300 | Tr loss=0.2588 mae=0.336 r2=0.603 pcc=0.777 | Vl loss=0.1879 mae=0.314 r2=0.649 pcc=0.846 | ES 39/80
  Ep  50/300 | Tr loss=0.2631 mae=0.343 r2=0.597 pcc=0.774 | Vl loss=0.1907 mae=0.321 r2=0.644 pcc=0.845 | ES 40/80
2026-05-12 18:03:30,863 | INFO |   Ep  50/300 | Tr loss=0.2631 mae=0.343 r2=0.597 pcc=0.774 | Vl loss=0.1907 mae=0.321 r2=0.644 pcc=0.845 | ES 40/80
  Ep  51/300 | Tr loss=0.2561 mae=0.335 r2=0.607 pcc=0.781 | Vl loss=0.1884 mae=0.317 r2=0.648 pcc=0.847 | ES 41/80
2026-05-12 18:03:54,294 | INFO |   Ep  51/300 | Tr loss=0.2561 mae=0.335 r2=0.607 pcc=0.781 | Vl loss=0.1884 mae=0.317 r2=0.648 pcc=0.847 | ES 41/80
  Ep  52/300 | Tr loss=0.2587 mae=0.337 r2=0.604 pcc=0.778 | Vl loss=0.1823 mae=0.309 r2=0.659 pcc=0.845 | ES 42/80
2026-05-12 18:04:17,644 | INFO |   Ep  52/300 | Tr loss=0.2587 mae=0.337 r2=0.604 pcc=0.778 | Vl loss=0.1823 mae=0.309 r2=0.659 pcc=0.845 | ES 42/80
  Ep  53/300 | Tr loss=0.2613 mae=0.342 r2=0.600 pcc=0.776 | Vl loss=0.1941 mae=0.317 r2=0.637 pcc=0.842 | ES 43/80
2026-05-12 18:04:40,920 | INFO |   Ep  53/300 | Tr loss=0.2613 mae=0.342 r2=0.600 pcc=0.776 | Vl loss=0.1941 mae=0.317 r2=0.637 pcc=0.842 | ES 43/80
  Ep  54/300 | Tr loss=0.2557 mae=0.337 r2=0.609 pcc=0.781 | Vl loss=0.1893 mae=0.315 r2=0.646 pcc=0.845 | ES 44/80
2026-05-12 18:05:04,506 | INFO |   Ep  54/300 | Tr loss=0.2557 mae=0.337 r2=0.609 pcc=0.781 | Vl loss=0.1893 mae=0.315 r2=0.646 pcc=0.845 | ES 44/80
  Ep  55/300 | Tr loss=0.2538 mae=0.336 r2=0.612 pcc=0.783 | Vl loss=0.1799 mae=0.306 r2=0.664 pcc=0.846 | ES 45/80
2026-05-12 18:05:27,824 | INFO |   Ep  55/300 | Tr loss=0.2538 mae=0.336 r2=0.612 pcc=0.783 | Vl loss=0.1799 mae=0.306 r2=0.664 pcc=0.846 | ES 45/80
  Ep  56/300 | Tr loss=0.2563 mae=0.334 r2=0.607 pcc=0.780 | Vl loss=0.1815 mae=0.302 r2=0.661 pcc=0.846 | ES 46/80
2026-05-12 18:05:51,264 | INFO |   Ep  56/300 | Tr loss=0.2563 mae=0.334 r2=0.607 pcc=0.780 | Vl loss=0.1815 mae=0.302 r2=0.661 pcc=0.846 | ES 46/80
  Ep  57/300 | Tr loss=0.2529 mae=0.335 r2=0.612 pcc=0.784 | Vl loss=0.1894 mae=0.312 r2=0.646 pcc=0.846 | ES 47/80
2026-05-12 18:06:14,675 | INFO |   Ep  57/300 | Tr loss=0.2529 mae=0.335 r2=0.612 pcc=0.784 | Vl loss=0.1894 mae=0.312 r2=0.646 pcc=0.846 | ES 47/80
  Ep  58/300 | Tr loss=0.2488 mae=0.334 r2=0.618 pcc=0.787 | Vl loss=0.1780 mae=0.301 r2=0.667 pcc=0.847 | ES 48/80
2026-05-12 18:06:38,011 | INFO |   Ep  58/300 | Tr loss=0.2488 mae=0.334 r2=0.618 pcc=0.787 | Vl loss=0.1780 mae=0.301 r2=0.667 pcc=0.847 | ES 48/80
  Ep  59/300 | Tr loss=0.2531 mae=0.336 r2=0.612 pcc=0.783 | Vl loss=0.1859 mae=0.315 r2=0.653 pcc=0.845 | ES 49/80
2026-05-12 18:07:01,335 | INFO |   Ep  59/300 | Tr loss=0.2531 mae=0.336 r2=0.612 pcc=0.783 | Vl loss=0.1859 mae=0.315 r2=0.653 pcc=0.845 | ES 49/80
  Ep  60/300 | Tr loss=0.2544 mae=0.335 r2=0.609 pcc=0.782 | Vl loss=0.1797 mae=0.306 r2=0.664 pcc=0.847 | ES 50/80
2026-05-12 18:07:24,671 | INFO |   Ep  60/300 | Tr loss=0.2544 mae=0.335 r2=0.609 pcc=0.782 | Vl loss=0.1797 mae=0.306 r2=0.664 pcc=0.847 | ES 50/80
  Ep  61/300 | Tr loss=0.2482 mae=0.332 r2=0.619 pcc=0.787 | Vl loss=0.1821 mae=0.306 r2=0.660 pcc=0.846 | ES 51/80
2026-05-12 18:07:48,003 | INFO |   Ep  61/300 | Tr loss=0.2482 mae=0.332 r2=0.619 pcc=0.787 | Vl loss=0.1821 mae=0.306 r2=0.660 pcc=0.846 | ES 51/80
  Ep  62/300 | Tr loss=0.2514 mae=0.335 r2=0.615 pcc=0.785 | Vl loss=0.1808 mae=0.306 r2=0.662 pcc=0.846 | ES 52/80
2026-05-12 18:08:11,576 | INFO |   Ep  62/300 | Tr loss=0.2514 mae=0.335 r2=0.615 pcc=0.785 | Vl loss=0.1808 mae=0.306 r2=0.662 pcc=0.846 | ES 52/80
  Ep  63/300 | Tr loss=0.2424 mae=0.328 r2=0.629 pcc=0.793 | Vl loss=0.1854 mae=0.306 r2=0.653 pcc=0.844 | ES 53/80
2026-05-12 18:08:34,977 | INFO |   Ep  63/300 | Tr loss=0.2424 mae=0.328 r2=0.629 pcc=0.793 | Vl loss=0.1854 mae=0.306 r2=0.653 pcc=0.844 | ES 53/80
  Ep  64/300 | Tr loss=0.2549 mae=0.336 r2=0.610 pcc=0.781 | Vl loss=0.1829 mae=0.305 r2=0.658 pcc=0.844 | ES 54/80
2026-05-12 18:08:58,343 | INFO |   Ep  64/300 | Tr loss=0.2549 mae=0.336 r2=0.610 pcc=0.781 | Vl loss=0.1829 mae=0.305 r2=0.658 pcc=0.844 | ES 54/80
  Ep  65/300 | Tr loss=0.2510 mae=0.332 r2=0.615 pcc=0.785 | Vl loss=0.1939 mae=0.314 r2=0.638 pcc=0.840 | ES 55/80
2026-05-12 18:09:21,564 | INFO |   Ep  65/300 | Tr loss=0.2510 mae=0.332 r2=0.615 pcc=0.785 | Vl loss=0.1939 mae=0.314 r2=0.638 pcc=0.840 | ES 55/80
  Ep  66/300 | Tr loss=0.2478 mae=0.332 r2=0.620 pcc=0.788 | Vl loss=0.1909 mae=0.314 r2=0.643 pcc=0.842 | ES 56/80
2026-05-12 18:09:44,823 | INFO |   Ep  66/300 | Tr loss=0.2478 mae=0.332 r2=0.620 pcc=0.788 | Vl loss=0.1909 mae=0.314 r2=0.643 pcc=0.842 | ES 56/80
  Ep  67/300 | Tr loss=0.2461 mae=0.328 r2=0.623 pcc=0.790 | Vl loss=0.1867 mae=0.310 r2=0.651 pcc=0.844 | ES 57/80
2026-05-12 18:10:08,178 | INFO |   Ep  67/300 | Tr loss=0.2461 mae=0.328 r2=0.623 pcc=0.790 | Vl loss=0.1867 mae=0.310 r2=0.651 pcc=0.844 | ES 57/80
  Ep  68/300 | Tr loss=0.2413 mae=0.325 r2=0.631 pcc=0.795 | Vl loss=0.1811 mae=0.307 r2=0.662 pcc=0.844 | ES 58/80
2026-05-12 18:10:31,570 | INFO |   Ep  68/300 | Tr loss=0.2413 mae=0.325 r2=0.631 pcc=0.795 | Vl loss=0.1811 mae=0.307 r2=0.662 pcc=0.844 | ES 58/80
  Ep  69/300 | Tr loss=0.2490 mae=0.332 r2=0.618 pcc=0.787 | Vl loss=0.1880 mae=0.310 r2=0.649 pcc=0.843 | ES 59/80
2026-05-12 18:10:54,867 | INFO |   Ep  69/300 | Tr loss=0.2490 mae=0.332 r2=0.618 pcc=0.787 | Vl loss=0.1880 mae=0.310 r2=0.649 pcc=0.843 | ES 59/80
  Ep  70/300 | Tr loss=0.2398 mae=0.325 r2=0.633 pcc=0.796 | Vl loss=0.1923 mae=0.322 r2=0.641 pcc=0.843 | ES 60/80
2026-05-12 18:11:18,125 | INFO |   Ep  70/300 | Tr loss=0.2398 mae=0.325 r2=0.633 pcc=0.796 | Vl loss=0.1923 mae=0.322 r2=0.641 pcc=0.843 | ES 60/80
  Ep  71/300 | Tr loss=0.2461 mae=0.327 r2=0.624 pcc=0.791 | Vl loss=0.1801 mae=0.304 r2=0.663 pcc=0.846 | ES 61/80
2026-05-12 18:11:41,589 | INFO |   Ep  71/300 | Tr loss=0.2461 mae=0.327 r2=0.624 pcc=0.791 | Vl loss=0.1801 mae=0.304 r2=0.663 pcc=0.846 | ES 61/80
Epoch 00072: reducing learning rate of group 0 to 2.5000e-05.
  Ep  72/300 | Tr loss=0.2465 mae=0.330 r2=0.622 pcc=0.789 | Vl loss=0.1875 mae=0.311 r2=0.650 pcc=0.845 | ES 62/80
2026-05-12 18:12:05,052 | INFO |   Ep  72/300 | Tr loss=0.2465 mae=0.330 r2=0.622 pcc=0.789 | Vl loss=0.1875 mae=0.311 r2=0.650 pcc=0.845 | ES 62/80
  Ep  73/300 | Tr loss=0.2443 mae=0.326 r2=0.625 pcc=0.791 | Vl loss=0.1887 mae=0.311 r2=0.647 pcc=0.843 | ES 63/80
2026-05-12 18:12:28,450 | INFO |   Ep  73/300 | Tr loss=0.2443 mae=0.326 r2=0.625 pcc=0.791 | Vl loss=0.1887 mae=0.311 r2=0.647 pcc=0.843 | ES 63/80
  Ep  74/300 | Tr loss=0.2422 mae=0.325 r2=0.629 pcc=0.794 | Vl loss=0.1917 mae=0.318 r2=0.642 pcc=0.842 | ES 64/80
2026-05-12 18:12:51,886 | INFO |   Ep  74/300 | Tr loss=0.2422 mae=0.325 r2=0.629 pcc=0.794 | Vl loss=0.1917 mae=0.318 r2=0.642 pcc=0.842 | ES 64/80
  Ep  75/300 | Tr loss=0.2457 mae=0.327 r2=0.624 pcc=0.790 | Vl loss=0.1937 mae=0.317 r2=0.638 pcc=0.842 | ES 65/80
2026-05-12 18:13:15,289 | INFO |   Ep  75/300 | Tr loss=0.2457 mae=0.327 r2=0.624 pcc=0.790 | Vl loss=0.1937 mae=0.317 r2=0.638 pcc=0.842 | ES 65/80
  Ep  76/300 | Tr loss=0.2462 mae=0.326 r2=0.622 pcc=0.790 | Vl loss=0.1899 mae=0.314 r2=0.645 pcc=0.842 | ES 66/80
2026-05-12 18:13:38,778 | INFO |   Ep  76/300 | Tr loss=0.2462 mae=0.326 r2=0.622 pcc=0.790 | Vl loss=0.1899 mae=0.314 r2=0.645 pcc=0.842 | ES 66/80
  Ep  77/300 | Tr loss=0.2424 mae=0.326 r2=0.629 pcc=0.793 | Vl loss=0.1853 mae=0.308 r2=0.654 pcc=0.845 | ES 67/80
2026-05-12 18:14:02,331 | INFO |   Ep  77/300 | Tr loss=0.2424 mae=0.326 r2=0.629 pcc=0.793 | Vl loss=0.1853 mae=0.308 r2=0.654 pcc=0.845 | ES 67/80
  Ep  78/300 | Tr loss=0.2426 mae=0.329 r2=0.628 pcc=0.794 | Vl loss=0.1829 mae=0.306 r2=0.658 pcc=0.844 | ES 68/80
2026-05-12 18:14:25,846 | INFO |   Ep  78/300 | Tr loss=0.2426 mae=0.329 r2=0.628 pcc=0.794 | Vl loss=0.1829 mae=0.306 r2=0.658 pcc=0.844 | ES 68/80
  Ep  79/300 | Tr loss=0.2419 mae=0.326 r2=0.630 pcc=0.794 | Vl loss=0.1862 mae=0.309 r2=0.652 pcc=0.844 | ES 69/80
2026-05-12 18:14:49,228 | INFO |   Ep  79/300 | Tr loss=0.2419 mae=0.326 r2=0.630 pcc=0.794 | Vl loss=0.1862 mae=0.309 r2=0.652 pcc=0.844 | ES 69/80
  Ep  80/300 | Tr loss=0.2419 mae=0.326 r2=0.629 pcc=0.794 | Vl loss=0.1846 mae=0.307 r2=0.655 pcc=0.844 | ES 70/80
2026-05-12 18:15:12,600 | INFO |   Ep  80/300 | Tr loss=0.2419 mae=0.326 r2=0.629 pcc=0.794 | Vl loss=0.1846 mae=0.307 r2=0.655 pcc=0.844 | ES 70/80
  Ep  81/300 | Tr loss=0.2406 mae=0.324 r2=0.631 pcc=0.795 | Vl loss=0.1831 mae=0.306 r2=0.658 pcc=0.844 | ES 71/80
2026-05-12 18:15:35,925 | INFO |   Ep  81/300 | Tr loss=0.2406 mae=0.324 r2=0.631 pcc=0.795 | Vl loss=0.1831 mae=0.306 r2=0.658 pcc=0.844 | ES 71/80
  Ep  82/300 | Tr loss=0.2450 mae=0.327 r2=0.625 pcc=0.791 | Vl loss=0.1833 mae=0.303 r2=0.658 pcc=0.844 | ES 72/80
2026-05-12 18:15:59,371 | INFO |   Ep  82/300 | Tr loss=0.2450 mae=0.327 r2=0.625 pcc=0.791 | Vl loss=0.1833 mae=0.303 r2=0.658 pcc=0.844 | ES 72/80
  Ep  83/300 | Tr loss=0.2472 mae=0.327 r2=0.621 pcc=0.789 | Vl loss=0.1847 mae=0.304 r2=0.655 pcc=0.842 | ES 73/80
2026-05-12 18:16:22,945 | INFO |   Ep  83/300 | Tr loss=0.2472 mae=0.327 r2=0.621 pcc=0.789 | Vl loss=0.1847 mae=0.304 r2=0.655 pcc=0.842 | ES 73/80
  Ep  84/300 | Tr loss=0.2437 mae=0.324 r2=0.627 pcc=0.792 | Vl loss=0.1859 mae=0.305 r2=0.653 pcc=0.843 | ES 74/80
2026-05-12 18:16:46,640 | INFO |   Ep  84/300 | Tr loss=0.2437 mae=0.324 r2=0.627 pcc=0.792 | Vl loss=0.1859 mae=0.305 r2=0.653 pcc=0.843 | ES 74/80
  Ep  85/300 | Tr loss=0.2364 mae=0.324 r2=0.638 pcc=0.799 | Vl loss=0.1837 mae=0.305 r2=0.657 pcc=0.844 | ES 75/80
2026-05-12 18:17:10,085 | INFO |   Ep  85/300 | Tr loss=0.2364 mae=0.324 r2=0.638 pcc=0.799 | Vl loss=0.1837 mae=0.305 r2=0.657 pcc=0.844 | ES 75/80
  Ep  86/300 | Tr loss=0.2458 mae=0.326 r2=0.624 pcc=0.790 | Vl loss=0.1872 mae=0.311 r2=0.650 pcc=0.844 | ES 76/80
2026-05-12 18:17:33,524 | INFO |   Ep  86/300 | Tr loss=0.2458 mae=0.326 r2=0.624 pcc=0.790 | Vl loss=0.1872 mae=0.311 r2=0.650 pcc=0.844 | ES 76/80
  Ep  87/300 | Tr loss=0.2430 mae=0.326 r2=0.628 pcc=0.793 | Vl loss=0.1849 mae=0.310 r2=0.654 pcc=0.845 | ES 77/80
2026-05-12 18:17:57,004 | INFO |   Ep  87/300 | Tr loss=0.2430 mae=0.326 r2=0.628 pcc=0.793 | Vl loss=0.1849 mae=0.310 r2=0.654 pcc=0.845 | ES 77/80
  Ep  88/300 | Tr loss=0.2399 mae=0.326 r2=0.633 pcc=0.796 | Vl loss=0.1856 mae=0.305 r2=0.653 pcc=0.844 | ES 78/80
2026-05-12 18:18:20,572 | INFO |   Ep  88/300 | Tr loss=0.2399 mae=0.326 r2=0.633 pcc=0.796 | Vl loss=0.1856 mae=0.305 r2=0.653 pcc=0.844 | ES 78/80
  Ep  89/300 | Tr loss=0.2331 mae=0.318 r2=0.643 pcc=0.802 | Vl loss=0.1842 mae=0.304 r2=0.656 pcc=0.845 | ES 79/80
2026-05-12 18:18:44,207 | INFO |   Ep  89/300 | Tr loss=0.2331 mae=0.318 r2=0.643 pcc=0.802 | Vl loss=0.1842 mae=0.304 r2=0.656 pcc=0.845 | ES 79/80
  Ep  90/300 | Tr loss=0.2396 mae=0.321 r2=0.633 pcc=0.796 | Vl loss=0.1846 mae=0.303 r2=0.655 pcc=0.843 | ES 80/80
2026-05-12 18:19:07,654 | INFO |   Ep  90/300 | Tr loss=0.2396 mae=0.321 r2=0.633 pcc=0.796 | Vl loss=0.1846 mae=0.303 r2=0.655 pcc=0.843 | ES 80/80

  ⏹  Early stopping at epoch 90 (best=10)
2026-05-12 18:19:07,654 | INFO | Early stopping at epoch 90 best=10

✓ Training complete!

  ── Final Test Results (best epoch = 10) ──────────────────
  Loss : 0.2951
  RMSE : 0.5447
  MAE  : 0.3924
  R²   : 0.5074
  PCC  : 0.7503
  ✓ Saved → /mvdlph/masa/GCN_MultiView_EarlyFusion_Results/run_2026_05_12_17_43_40/plots/loss_curve.png
  ✓ Saved → /mvdlph/masa/GCN_MultiView_EarlyFusion_Results/run_2026_05_12_17_43_40/plots/rmse_mae.png
  ✓ Saved → /mvdlph/masa/GCN_MultiView_EarlyFusion_Results/run_2026_05_12_17_43_40/plots/r2_curve.png
  ✓ Saved → /mvdlph/masa/GCN_MultiView_EarlyFusion_Results/run_2026_05_12_17_43_40/plots/pcc_curve.png
  ✓ Saved → /mvdlph/masa/GCN_MultiView_EarlyFusion_Results/run_2026_05_12_17_43_40/plots/regression_scatter_test.png
  ✓ Saved → /mvdlph/masa/GCN_MultiView_EarlyFusion_Results/run_2026_05_12_17_43_40/plots/early_stopping.png
  ✓ History → /mvdlph/masa/GCN_MultiView_EarlyFusion_Results/run_2026_05_12_17_43_40/logs/training_history.json
========================================================================
  Exercise         n      MAE     RMSE       R²      PCC
────────────────────────────────────────────────────────────────────────
  E0             156   0.3529   0.4350   0.6902   0.8598
  E1             110   0.2668   0.4453   0.7101   0.8904
  E2              86   0.2630   0.3794   0.7927   0.8978
  E3             107   0.9020   0.9610  -1.0431   0.4261
  E4              98   0.6160   0.6587   0.2385   0.8215
  E5             108   0.3331   0.4372   0.4041   0.6894
  E6             105   0.2092   0.3851   0.6526   0.8518
  E7             107   0.4192   0.6082  -0.3023   0.3600
  E8             107   0.2895   0.4871   0.6311   0.7995
  E9              62   0.2061   0.2583  -0.9864  -0.3872
────────────────────────────────────────────────────────────────────────
  Overall       1046   0.3924   0.5447   0.5074   0.7503
========================================================================

  ✓ Per-exercise CSV → /mvdlph/masa/GCN_MultiView_EarlyFusion_Results/run_2026_05_12_17_43_40/logs/per_exercise_metrics.csv
  ✓ Per-exercise scatter grid → /mvdlph/masa/GCN_MultiView_EarlyFusion_Results/run_2026_05_12_17_43_40/plots/per_exercise_scatter.png
  ✓ Per-exercise bar chart → /mvdlph/masa/GCN_MultiView_EarlyFusion_Results/run_2026_05_12_17_43_40/plots/per_exercise_bar.png
=================================================================
  TRAINING SUMMARY — ST-GCN Multi-View Early Fusion
  Cameras: [0, 1, 2]  |  Fused joints: 51
=================================================================
  Best Epoch       : 10  (stopped at 90)
  Best Val MAE     : 0.2898
  Best Val RMSE    : 0.4388
  Best Val R²      : 0.6402
  Best Val PCC     : 0.8305
─────────────────────────────────────────────────────────────────
  Test MAE         : 0.3924
  Test RMSE        : 0.5447
  Test R²          : 0.5074
  Test PCC         : 0.7503
=================================================================
2026-05-12 18:19:21,156 | INFO | Multi-View Summary: Best Epoch=10 stopped=90
2026-05-12 18:19:21,157 | INFO | Cameras=[0, 1, 2] FusedJoints=51
2026-05-12 18:19:21,157 | INFO | Test MAE=0.3924 RMSE=0.5447 R²=0.5074 PCC=0.7503

✓ Summary CSV → /mvdlph/masa/GCN_MultiView_EarlyFusion_Results/training_summary.csv
