✓ stdout → also writing to /mvdlph/masa/GCN_SingleView_Regression_Results/run_2026_06_12_14_08_01/logs/training_20260612_140801.log
2026-06-12 14:08:01,926 | INFO | ======================================================================
2026-06-12 14:08:01,926 | INFO | ST-GCN Multi-View MID FUSION Regression | BZU Physiotherapy Dataset
2026-06-12 14:08:01,927 | INFO | Cameras : [0, 1, 2]  |  Epochs : 300  |  Patience : 100
2026-06-12 14:08:01,927 | INFO | CAM_FEATURE_DIM : 64 features per camera
2026-06-12 14:08:01,927 | INFO | Log file : /mvdlph/masa/GCN_SingleView_Regression_Results/run_2026_06_12_14_08_01/logs/training_20260612_140801.log
2026-06-12 14:08:01,928 | INFO | ======================================================================
✓ parse_filename and load_skeleton defined

[TRAIN] NPZ files found : 9477
  Samples (all cams): 9477
  Unique trial keys : 327

[VALID] NPZ files found : 2790
  Samples (all cams): 2790
  Unique trial keys : 100

[TEST] NPZ files found : 3108
  Samples (all cams): 3108
  Unique trial keys : 107

Building multi-view index...
  [TRAIN] ⚠️  Skipped 283 sample_keys with incomplete camera coverage
  [TRAIN] Multi-view samples : 3003
  [TRAIN] Quality mean±std   : 4.111 ± 0.816
  [VALID] ⚠️  Skipped 126 sample_keys with incomplete camera coverage
  [VALID] Multi-view samples : 866
  [VALID] Quality mean±std   : 4.219 ± 0.751
  [TEST] ⚠️  Skipped 22 sample_keys with incomplete camera coverage
  [TEST] Multi-view samples : 1024
  [TEST] Quality mean±std   : 4.033 ± 0.777

Checking for corrupted files...
  [TRAIN] Removing 1 corrupted sample(s)
  [TRAIN] Clean samples : 3002
  [VALID] Clean samples : 866
  [TEST] Removing 2 corrupted sample(s)
  [TEST] Clean samples : 1022

Excluding exercises...
  [TRAIN] Excluded E[3, 7, 9] → 941 rows dropped, 2061 remain
  [VALID] Excluded E[3, 7, 9] → 215 rows dropped, 651 remain
  [TEST] Excluded E[3, 7, 9] → 271 rows dropped, 751 remain

  Exercise ID remap : {0: 0, 1: 1, 2: 2, 4: 3, 5: 4, 6: 5, 8: 6}

✓ No data-leakage detected across splits

══════════════════════════════════════════════════════════════════════
  Split     Samples   Correct   Erroneous   Q mean   Q std   Q min   Q max
  ────────────────────────────────────────────────────────────────────
  Train        2061      1283         778    4.142   0.844   1.340   5.000
  Val           651       440         211    4.203   0.803   2.280   5.000
  Test          751       468         283    4.069   0.814   2.180   5.000
══════════════════════════════════════════════════════════════════════

✓ Multi-view index ready  →  train / val / test DataFrames built
✓ Skeleton visualisation helpers defined
✓ BZUMultiViewDataset defined  (Mid Fusion — 3 separate (T,J,6) tensors per sample)
✓ mid_fusion_collate defined

✓ Mid-Fusion ST-GCN sanity check passed — output shape: torch.Size([2])
✓ Total trainable parameters: 9,219,574
✓ Shared backbone: False
✓ CAM_FEATURE_DIM=64  FUSED_DIM=192
✓ STGCN_MidFusion defined  (3 × STGCNCameraBackbone → concat(64×3=192) → FusionMLP → score)
Device : cuda
GPU    : Tesla V100-PCIE-32GB
✓ centre_and_scale_multiview (per-camera independent) and run_epoch defined
=================================================================
Quality score distribution audit
=================================================================
Train  Correct (T≤2)     n=1283  mean=4.652  std=0.320  [3.68, 5.00]
Train  Erroneous (T≥3)   n= 778  mean=3.301  std=0.762  [1.34, 4.67]

Val    Correct (T≤2)     n= 440  mean=4.676  std=0.337  [3.56, 5.00]
Val    Erroneous (T≥3)   n= 211  mean=3.217  std=0.557  [2.28, 4.06]

Test   Correct (T≤2)     n= 468  mean=4.611  std=0.367  [3.58, 5.00]
Test   Erroneous (T≥3)   n= 283  mean=3.173  std=0.498  [2.18, 4.28]

Person distribution:
  Train: ['P0', 'P10', 'P14', 'P15', 'P2', 'P3', 'P4', 'P5', 'P7']
  Val: ['P1', 'P11', 'P6']
  Test: ['P12', 'P13', 'P8', 'P9']
✓ Plotting helpers defined
✓ EarlyStopping defined
2026-06-12 14:08:33,227 | INFO | ======================================================================
2026-06-12 14:08:33,228 | INFO | STARTING MID-FUSION REGRESSION TRAINING
2026-06-12 14:08:33,229 | INFO | ======================================================================
2026-06-12 14:08:33,229 | INFO | train=2061 val=651 test=751 (multi-view samples, 3 cameras — mid fusion)
2026-06-12 14:08:33,230 | INFO | CAM_FEATURE_DIM=64  FUSED_DIM=192  SHARED_BACKBONE=False

══════════════════════════════════════════════════════════════════════
  Mid Fusion  |  Cameras: [0, 1, 2]  |  CAM_FEATURE_DIM=64  FUSED=192
  Shared backbone: False
  Train: 2061  Val: 651  Test: 751
  Patience: 100  |  LR: 0.0001  |  Batch: 32
══════════════════════════════════════════════════════════════════════
  Ep   1/300 | Tr loss=0.4125 mae=0.767 r2=-0.150 pcc=0.386 | Vl loss=0.9547 mae=1.378 r2=-2.664 pcc=0.789 | ES 0/100 ★
2026-06-12 14:09:05,893 | INFO |   Ep   1/300 | Tr loss=0.4125 mae=0.767 r2=-0.150 pcc=0.386 | Vl loss=0.9547 mae=1.378 r2=-2.664 pcc=0.789 | ES 0/100 ★
    ★ val_mae=1.3780  rmse=1.5350  r2=-2.6640  pcc=0.7892
  Ep   2/300 | Tr loss=0.2866 mae=0.609 r2=0.275 pcc=0.566 | Vl loss=1.1619 mae=1.599 r2=-3.767 pcc=0.654 | ES 1/100
2026-06-12 14:09:37,385 | INFO |   Ep   2/300 | Tr loss=0.2866 mae=0.609 r2=0.275 pcc=0.566 | Vl loss=1.1619 mae=1.599 r2=-3.767 pcc=0.654 | ES 1/100
  Ep   3/300 | Tr loss=0.2631 mae=0.569 r2=0.402 pcc=0.651 | Vl loss=1.2970 mae=1.734 r2=-4.642 pcc=-0.053 | ES 2/100
2026-06-12 14:10:08,650 | INFO |   Ep   3/300 | Tr loss=0.2631 mae=0.569 r2=0.402 pcc=0.651 | Vl loss=1.2970 mae=1.734 r2=-4.642 pcc=-0.053 | ES 2/100
  Ep   4/300 | Tr loss=0.2617 mae=0.577 r2=0.373 pcc=0.631 | Vl loss=1.4022 mae=1.854 r2=-5.252 pcc=0.427 | ES 3/100
2026-06-12 14:10:39,993 | INFO |   Ep   4/300 | Tr loss=0.2617 mae=0.577 r2=0.373 pcc=0.631 | Vl loss=1.4022 mae=1.854 r2=-5.252 pcc=0.427 | ES 3/100
  Ep   5/300 | Tr loss=0.2422 mae=0.551 r2=0.421 pcc=0.659 | Vl loss=1.3004 mae=1.732 r2=-4.689 pcc=-0.305 | ES 4/100
2026-06-12 14:11:11,304 | INFO |   Ep   5/300 | Tr loss=0.2422 mae=0.551 r2=0.421 pcc=0.659 | Vl loss=1.3004 mae=1.732 r2=-4.689 pcc=-0.305 | ES 4/100
  Ep   6/300 | Tr loss=0.2414 mae=0.546 r2=0.441 pcc=0.671 | Vl loss=1.3194 mae=1.757 r2=-4.786 pcc=0.002 | ES 5/100
2026-06-12 14:11:42,853 | INFO |   Ep   6/300 | Tr loss=0.2414 mae=0.546 r2=0.441 pcc=0.671 | Vl loss=1.3194 mae=1.757 r2=-4.786 pcc=0.002 | ES 5/100
  Ep   7/300 | Tr loss=0.2374 mae=0.541 r2=0.440 pcc=0.670 | Vl loss=1.2478 mae=1.676 r2=-4.377 pcc=-0.099 | ES 6/100
2026-06-12 14:12:14,253 | INFO |   Ep   7/300 | Tr loss=0.2374 mae=0.541 r2=0.440 pcc=0.670 | Vl loss=1.2478 mae=1.676 r2=-4.377 pcc=-0.099 | ES 6/100
  Ep   8/300 | Tr loss=0.2298 mae=0.528 r2=0.467 pcc=0.688 | Vl loss=1.2444 mae=1.684 r2=-4.274 pcc=0.435 | ES 7/100
2026-06-12 14:12:45,518 | INFO |   Ep   8/300 | Tr loss=0.2298 mae=0.528 r2=0.467 pcc=0.688 | Vl loss=1.2444 mae=1.684 r2=-4.274 pcc=0.435 | ES 7/100
  Ep   9/300 | Tr loss=0.2234 mae=0.523 r2=0.475 pcc=0.693 | Vl loss=1.0739 mae=1.516 r2=-3.252 pcc=0.634 | ES 8/100
2026-06-12 14:13:16,710 | INFO |   Ep   9/300 | Tr loss=0.2234 mae=0.523 r2=0.475 pcc=0.693 | Vl loss=1.0739 mae=1.516 r2=-3.252 pcc=0.634 | ES 8/100
  Ep  10/300 | Tr loss=0.2245 mae=0.524 r2=0.471 pcc=0.690 | Vl loss=1.1651 mae=1.602 r2=-3.813 pcc=0.405 | ES 9/100
2026-06-12 14:13:47,964 | INFO |   Ep  10/300 | Tr loss=0.2245 mae=0.524 r2=0.471 pcc=0.690 | Vl loss=1.1651 mae=1.602 r2=-3.813 pcc=0.405 | ES 9/100
  Ep  11/300 | Tr loss=0.2149 mae=0.510 r2=0.515 pcc=0.719 | Vl loss=1.1173 mae=1.549 r2=-3.580 pcc=0.171 | ES 10/100
2026-06-12 14:14:19,204 | INFO |   Ep  11/300 | Tr loss=0.2149 mae=0.510 r2=0.515 pcc=0.719 | Vl loss=1.1173 mae=1.549 r2=-3.580 pcc=0.171 | ES 10/100
  Ep  12/300 | Tr loss=0.2104 mae=0.499 r2=0.527 pcc=0.728 | Vl loss=1.1524 mae=1.585 r2=-3.802 pcc=0.127 | ES 11/100
2026-06-12 14:14:50,611 | INFO |   Ep  12/300 | Tr loss=0.2104 mae=0.499 r2=0.527 pcc=0.728 | Vl loss=1.1524 mae=1.585 r2=-3.802 pcc=0.127 | ES 11/100
  Ep  13/300 | Tr loss=0.2132 mae=0.508 r2=0.515 pcc=0.719 | Vl loss=0.7233 mae=1.155 r2=-1.519 pcc=0.768 | ES 0/100 ★
2026-06-12 14:15:22,042 | INFO |   Ep  13/300 | Tr loss=0.2132 mae=0.508 r2=0.515 pcc=0.719 | Vl loss=0.7233 mae=1.155 r2=-1.519 pcc=0.768 | ES 0/100 ★
    ★ val_mae=1.1552  rmse=1.2727  r2=-1.5191  pcc=0.7680
  Ep  14/300 | Tr loss=0.1789 mae=0.462 r2=0.573 pcc=0.758 | Vl loss=1.0010 mae=1.445 r2=-2.853 pcc=0.727 | ES 1/100
2026-06-12 14:15:53,335 | INFO |   Ep  14/300 | Tr loss=0.1789 mae=0.462 r2=0.573 pcc=0.758 | Vl loss=1.0010 mae=1.445 r2=-2.853 pcc=0.727 | ES 1/100
  Ep  15/300 | Tr loss=0.1770 mae=0.459 r2=0.606 pcc=0.779 | Vl loss=1.0580 mae=1.487 r2=-3.288 pcc=0.310 | ES 2/100
2026-06-12 14:16:24,590 | INFO |   Ep  15/300 | Tr loss=0.1770 mae=0.459 r2=0.606 pcc=0.779 | Vl loss=1.0580 mae=1.487 r2=-3.288 pcc=0.310 | ES 2/100
  Ep  16/300 | Tr loss=0.1715 mae=0.453 r2=0.615 pcc=0.785 | Vl loss=0.8251 mae=1.269 r2=-2.038 pcc=0.690 | ES 3/100
2026-06-12 14:16:55,990 | INFO |   Ep  16/300 | Tr loss=0.1715 mae=0.453 r2=0.615 pcc=0.785 | Vl loss=0.8251 mae=1.269 r2=-2.038 pcc=0.690 | ES 3/100
  Ep  17/300 | Tr loss=0.1845 mae=0.473 r2=0.575 pcc=0.760 | Vl loss=0.8329 mae=1.273 r2=-2.082 pcc=0.671 | ES 4/100
2026-06-12 14:17:27,754 | INFO |   Ep  17/300 | Tr loss=0.1845 mae=0.473 r2=0.575 pcc=0.760 | Vl loss=0.8329 mae=1.273 r2=-2.082 pcc=0.671 | ES 4/100
  Ep  18/300 | Tr loss=0.1689 mae=0.454 r2=0.627 pcc=0.792 | Vl loss=0.6853 mae=1.128 r2=-1.434 pcc=0.737 | ES 0/100 ★
2026-06-12 14:17:59,492 | INFO |   Ep  18/300 | Tr loss=0.1689 mae=0.454 r2=0.627 pcc=0.792 | Vl loss=0.6853 mae=1.128 r2=-1.434 pcc=0.737 | ES 0/100 ★
    ★ val_mae=1.1278  rmse=1.2512  r2=-1.4344  pcc=0.7374
  Ep  19/300 | Tr loss=0.1698 mae=0.450 r2=0.627 pcc=0.794 | Vl loss=0.6223 mae=1.044 r2=-1.185 pcc=0.668 | ES 0/100 ★
2026-06-12 14:18:30,854 | INFO |   Ep  19/300 | Tr loss=0.1698 mae=0.450 r2=0.627 pcc=0.794 | Vl loss=0.6223 mae=1.044 r2=-1.185 pcc=0.668 | ES 0/100 ★
    ★ val_mae=1.0438  rmse=1.1854  r2=-1.1850  pcc=0.6680
  Ep  20/300 | Tr loss=0.1705 mae=0.449 r2=0.604 pcc=0.778 | Vl loss=0.3741 mae=0.783 r2=-0.222 pcc=0.831 | ES 0/100 ★
2026-06-12 14:19:02,215 | INFO |   Ep  20/300 | Tr loss=0.1705 mae=0.449 r2=0.604 pcc=0.778 | Vl loss=0.3741 mae=0.783 r2=-0.222 pcc=0.831 | ES 0/100 ★
    ★ val_mae=0.7826  rmse=0.8864  r2=-0.2218  pcc=0.8315
  Ep  21/300 | Tr loss=0.1703 mae=0.449 r2=0.627 pcc=0.792 | Vl loss=0.5037 mae=0.942 r2=-0.712 pcc=0.812 | ES 1/100
2026-06-12 14:19:33,744 | INFO |   Ep  21/300 | Tr loss=0.1703 mae=0.449 r2=0.627 pcc=0.792 | Vl loss=0.5037 mae=0.942 r2=-0.712 pcc=0.812 | ES 1/100
  Ep  22/300 | Tr loss=0.1733 mae=0.453 r2=0.616 pcc=0.786 | Vl loss=0.7018 mae=1.125 r2=-1.517 pcc=0.636 | ES 2/100
2026-06-12 14:20:06,759 | INFO |   Ep  22/300 | Tr loss=0.1733 mae=0.453 r2=0.616 pcc=0.786 | Vl loss=0.7018 mae=1.125 r2=-1.517 pcc=0.636 | ES 2/100
  Ep  23/300 | Tr loss=0.1672 mae=0.444 r2=0.625 pcc=0.791 | Vl loss=0.7218 mae=1.154 r2=-1.610 pcc=0.668 | ES 3/100
2026-06-12 14:20:38,180 | INFO |   Ep  23/300 | Tr loss=0.1672 mae=0.444 r2=0.625 pcc=0.791 | Vl loss=0.7218 mae=1.154 r2=-1.610 pcc=0.668 | ES 3/100
  Ep  24/300 | Tr loss=0.1695 mae=0.449 r2=0.632 pcc=0.796 | Vl loss=0.7265 mae=1.150 r2=-1.636 pcc=0.612 | ES 4/100
2026-06-12 14:21:09,625 | INFO |   Ep  24/300 | Tr loss=0.1695 mae=0.449 r2=0.632 pcc=0.796 | Vl loss=0.7265 mae=1.150 r2=-1.636 pcc=0.612 | ES 4/100
  Ep  25/300 | Tr loss=0.1556 mae=0.426 r2=0.657 pcc=0.812 | Vl loss=0.6477 mae=1.085 r2=-1.267 pcc=0.746 | ES 5/100
2026-06-12 14:21:41,478 | INFO |   Ep  25/300 | Tr loss=0.1556 mae=0.426 r2=0.657 pcc=0.812 | Vl loss=0.6477 mae=1.085 r2=-1.267 pcc=0.746 | ES 5/100
  Ep  26/300 | Tr loss=0.1704 mae=0.448 r2=0.621 pcc=0.790 | Vl loss=0.2866 mae=0.672 r2=0.084 pcc=0.856 | ES 0/100 ★
2026-06-12 14:22:12,926 | INFO |   Ep  26/300 | Tr loss=0.1704 mae=0.448 r2=0.621 pcc=0.790 | Vl loss=0.2866 mae=0.672 r2=0.084 pcc=0.856 | ES 0/100 ★
    ★ val_mae=0.6721  rmse=0.7675  r2=0.0841  pcc=0.8565
  Ep  27/300 | Tr loss=0.1600 mae=0.431 r2=0.626 pcc=0.793 | Vl loss=0.2524 mae=0.628 r2=0.198 pcc=0.875 | ES 0/100 ★
2026-06-12 14:22:44,205 | INFO |   Ep  27/300 | Tr loss=0.1600 mae=0.431 r2=0.626 pcc=0.793 | Vl loss=0.2524 mae=0.628 r2=0.198 pcc=0.875 | ES 0/100 ★
    ★ val_mae=0.6281  rmse=0.7181  r2=0.1981  pcc=0.8747
  Ep  28/300 | Tr loss=0.1672 mae=0.442 r2=0.628 pcc=0.794 | Vl loss=0.4535 mae=0.865 r2=-0.498 pcc=0.773 | ES 1/100
2026-06-12 14:23:15,434 | INFO |   Ep  28/300 | Tr loss=0.1672 mae=0.442 r2=0.628 pcc=0.794 | Vl loss=0.4535 mae=0.865 r2=-0.498 pcc=0.773 | ES 1/100
  Ep  29/300 | Tr loss=0.1619 mae=0.437 r2=0.645 pcc=0.804 | Vl loss=0.7414 mae=1.158 r2=-1.705 pcc=0.512 | ES 2/100
2026-06-12 14:23:46,964 | INFO |   Ep  29/300 | Tr loss=0.1619 mae=0.437 r2=0.645 pcc=0.804 | Vl loss=0.7414 mae=1.158 r2=-1.705 pcc=0.512 | ES 2/100
  Ep  30/300 | Tr loss=0.1566 mae=0.430 r2=0.653 pcc=0.809 | Vl loss=0.6717 mae=1.102 r2=-1.383 pcc=0.653 | ES 3/100
2026-06-12 14:24:18,242 | INFO |   Ep  30/300 | Tr loss=0.1566 mae=0.430 r2=0.653 pcc=0.809 | Vl loss=0.6717 mae=1.102 r2=-1.383 pcc=0.653 | ES 3/100
  Ep  31/300 | Tr loss=0.1587 mae=0.433 r2=0.642 pcc=0.802 | Vl loss=0.7117 mae=1.135 r2=-1.570 pcc=0.603 | ES 4/100
2026-06-12 14:24:49,482 | INFO |   Ep  31/300 | Tr loss=0.1587 mae=0.433 r2=0.642 pcc=0.802 | Vl loss=0.7117 mae=1.135 r2=-1.570 pcc=0.603 | ES 4/100
  Ep  32/300 | Tr loss=0.1580 mae=0.428 r2=0.643 pcc=0.802 | Vl loss=0.4001 mae=0.808 r2=-0.329 pcc=0.774 | ES 5/100
2026-06-12 14:25:20,807 | INFO |   Ep  32/300 | Tr loss=0.1580 mae=0.428 r2=0.643 pcc=0.802 | Vl loss=0.4001 mae=0.808 r2=-0.329 pcc=0.774 | ES 5/100
  Ep  33/300 | Tr loss=0.1508 mae=0.418 r2=0.668 pcc=0.818 | Vl loss=0.3923 mae=0.806 r2=-0.289 pcc=0.829 | ES 6/100
2026-06-12 14:25:52,131 | INFO |   Ep  33/300 | Tr loss=0.1508 mae=0.418 r2=0.668 pcc=0.818 | Vl loss=0.3923 mae=0.806 r2=-0.289 pcc=0.829 | ES 6/100
  Ep  34/300 | Tr loss=0.1649 mae=0.441 r2=0.625 pcc=0.792 | Vl loss=0.3827 mae=0.801 r2=-0.256 pcc=0.853 | ES 7/100
2026-06-12 14:26:23,816 | INFO |   Ep  34/300 | Tr loss=0.1649 mae=0.441 r2=0.625 pcc=0.792 | Vl loss=0.3827 mae=0.801 r2=-0.256 pcc=0.853 | ES 7/100
  Ep  35/300 | Tr loss=0.1612 mae=0.433 r2=0.634 pcc=0.797 | Vl loss=0.6791 mae=1.077 r2=-1.424 pcc=0.461 | ES 8/100
2026-06-12 14:26:55,207 | INFO |   Ep  35/300 | Tr loss=0.1612 mae=0.433 r2=0.634 pcc=0.797 | Vl loss=0.6791 mae=1.077 r2=-1.424 pcc=0.461 | ES 8/100
  Ep  36/300 | Tr loss=0.1559 mae=0.429 r2=0.637 pcc=0.799 | Vl loss=0.3669 mae=0.773 r2=-0.195 pcc=0.816 | ES 9/100
2026-06-12 14:27:26,512 | INFO |   Ep  36/300 | Tr loss=0.1559 mae=0.429 r2=0.637 pcc=0.799 | Vl loss=0.3669 mae=0.773 r2=-0.195 pcc=0.816 | ES 9/100
  Ep  37/300 | Tr loss=0.1604 mae=0.434 r2=0.629 pcc=0.794 | Vl loss=0.4172 mae=0.820 r2=-0.369 pcc=0.751 | ES 10/100
2026-06-12 14:27:57,947 | INFO |   Ep  37/300 | Tr loss=0.1604 mae=0.434 r2=0.629 pcc=0.794 | Vl loss=0.4172 mae=0.820 r2=-0.369 pcc=0.751 | ES 10/100
  Ep  38/300 | Tr loss=0.1531 mae=0.426 r2=0.650 pcc=0.807 | Vl loss=0.7438 mae=1.145 r2=-1.747 pcc=0.419 | ES 11/100
2026-06-12 14:28:29,591 | INFO |   Ep  38/300 | Tr loss=0.1531 mae=0.426 r2=0.650 pcc=0.807 | Vl loss=0.7438 mae=1.145 r2=-1.747 pcc=0.419 | ES 11/100
  Ep  39/300 | Tr loss=0.1592 mae=0.426 r2=0.632 pcc=0.795 | Vl loss=0.7365 mae=1.148 r2=-1.715 pcc=0.494 | ES 12/100
2026-06-12 14:29:01,104 | INFO |   Ep  39/300 | Tr loss=0.1592 mae=0.426 r2=0.632 pcc=0.795 | Vl loss=0.7365 mae=1.148 r2=-1.715 pcc=0.494 | ES 12/100
  Ep  40/300 | Tr loss=0.1574 mae=0.427 r2=0.633 pcc=0.797 | Vl loss=0.7560 mae=1.161 r2=-1.815 pcc=0.431 | ES 13/100
2026-06-12 14:29:32,852 | INFO |   Ep  40/300 | Tr loss=0.1574 mae=0.427 r2=0.633 pcc=0.797 | Vl loss=0.7560 mae=1.161 r2=-1.815 pcc=0.431 | ES 13/100
  Ep  41/300 | Tr loss=0.1502 mae=0.422 r2=0.662 pcc=0.814 | Vl loss=0.7548 mae=1.162 r2=-1.820 pcc=0.424 | ES 14/100
2026-06-12 14:30:05,413 | INFO |   Ep  41/300 | Tr loss=0.1502 mae=0.422 r2=0.662 pcc=0.814 | Vl loss=0.7548 mae=1.162 r2=-1.820 pcc=0.424 | ES 14/100
  Ep  42/300 | Tr loss=0.1537 mae=0.421 r2=0.661 pcc=0.813 | Vl loss=0.7055 mae=1.120 r2=-1.575 pcc=0.503 | ES 15/100
2026-06-12 14:30:36,733 | INFO |   Ep  42/300 | Tr loss=0.1537 mae=0.421 r2=0.661 pcc=0.813 | Vl loss=0.7055 mae=1.120 r2=-1.575 pcc=0.503 | ES 15/100
  Ep  43/300 | Tr loss=0.1566 mae=0.431 r2=0.650 pcc=0.807 | Vl loss=0.4667 mae=0.887 r2=-0.561 pcc=0.773 | ES 16/100
2026-06-12 14:31:08,023 | INFO |   Ep  43/300 | Tr loss=0.1566 mae=0.431 r2=0.650 pcc=0.807 | Vl loss=0.4667 mae=0.887 r2=-0.561 pcc=0.773 | ES 16/100
  Ep  44/300 | Tr loss=0.1544 mae=0.422 r2=0.651 pcc=0.808 | Vl loss=0.3285 mae=0.734 r2=-0.059 pcc=0.860 | ES 17/100
2026-06-12 14:31:39,313 | INFO |   Ep  44/300 | Tr loss=0.1544 mae=0.422 r2=0.651 pcc=0.808 | Vl loss=0.3285 mae=0.734 r2=-0.059 pcc=0.860 | ES 17/100
  Ep  45/300 | Tr loss=0.1508 mae=0.421 r2=0.651 pcc=0.808 | Vl loss=0.4868 mae=0.896 r2=-0.611 pcc=0.744 | ES 18/100
2026-06-12 14:32:11,172 | INFO |   Ep  45/300 | Tr loss=0.1508 mae=0.421 r2=0.651 pcc=0.808 | Vl loss=0.4868 mae=0.896 r2=-0.611 pcc=0.744 | ES 18/100
  Ep  46/300 | Tr loss=0.1540 mae=0.423 r2=0.653 pcc=0.808 | Vl loss=0.6627 mae=1.071 r2=-1.399 pcc=0.515 | ES 19/100
2026-06-12 14:32:42,511 | INFO |   Ep  46/300 | Tr loss=0.1540 mae=0.423 r2=0.653 pcc=0.808 | Vl loss=0.6627 mae=1.071 r2=-1.399 pcc=0.515 | ES 19/100
  Ep  47/300 | Tr loss=0.1559 mae=0.427 r2=0.650 pcc=0.807 | Vl loss=0.3537 mae=0.760 r2=-0.166 pcc=0.834 | ES 20/100
2026-06-12 14:33:14,150 | INFO |   Ep  47/300 | Tr loss=0.1559 mae=0.427 r2=0.650 pcc=0.807 | Vl loss=0.3537 mae=0.760 r2=-0.166 pcc=0.834 | ES 20/100
  Ep  48/300 | Tr loss=0.1459 mae=0.410 r2=0.666 pcc=0.817 | Vl loss=0.4691 mae=0.879 r2=-0.605 pcc=0.706 | ES 21/100
2026-06-12 14:33:45,424 | INFO |   Ep  48/300 | Tr loss=0.1459 mae=0.410 r2=0.666 pcc=0.817 | Vl loss=0.4691 mae=0.879 r2=-0.605 pcc=0.706 | ES 21/100
  Ep  49/300 | Tr loss=0.1490 mae=0.418 r2=0.671 pcc=0.819 | Vl loss=0.4769 mae=0.889 r2=-0.587 pcc=0.769 | ES 22/100
2026-06-12 14:34:16,688 | INFO |   Ep  49/300 | Tr loss=0.1490 mae=0.418 r2=0.671 pcc=0.819 | Vl loss=0.4769 mae=0.889 r2=-0.587 pcc=0.769 | ES 22/100
  Ep  50/300 | Tr loss=0.1522 mae=0.417 r2=0.654 pcc=0.809 | Vl loss=0.4165 mae=0.825 r2=-0.367 pcc=0.803 | ES 23/100
2026-06-12 14:34:49,537 | INFO |   Ep  50/300 | Tr loss=0.1522 mae=0.417 r2=0.654 pcc=0.809 | Vl loss=0.4165 mae=0.825 r2=-0.367 pcc=0.803 | ES 23/100
  Ep  51/300 | Tr loss=0.1504 mae=0.421 r2=0.644 pcc=0.804 | Vl loss=0.2053 mae=0.564 r2=0.347 pcc=0.900 | ES 0/100 ★
2026-06-12 14:35:20,707 | INFO |   Ep  51/300 | Tr loss=0.1504 mae=0.421 r2=0.644 pcc=0.804 | Vl loss=0.2053 mae=0.564 r2=0.347 pcc=0.900 | ES 0/100 ★
    ★ val_mae=0.5637  rmse=0.6481  r2=0.3468  pcc=0.8997
  Ep  52/300 | Tr loss=0.1601 mae=0.429 r2=0.644 pcc=0.803 | Vl loss=0.1586 mae=0.493 r2=0.490 pcc=0.893 | ES 0/100 ★
2026-06-12 14:35:51,912 | INFO |   Ep  52/300 | Tr loss=0.1601 mae=0.429 r2=0.644 pcc=0.803 | Vl loss=0.1586 mae=0.493 r2=0.490 pcc=0.893 | ES 0/100 ★
    ★ val_mae=0.4926  rmse=0.5729  r2=0.4896  pcc=0.8933
  Ep  53/300 | Tr loss=0.1530 mae=0.426 r2=0.652 pcc=0.808 | Vl loss=0.2485 mae=0.626 r2=0.221 pcc=0.871 | ES 1/100
2026-06-12 14:36:23,027 | INFO |   Ep  53/300 | Tr loss=0.1530 mae=0.426 r2=0.652 pcc=0.808 | Vl loss=0.2485 mae=0.626 r2=0.221 pcc=0.871 | ES 1/100
  Ep  54/300 | Tr loss=0.1529 mae=0.419 r2=0.658 pcc=0.812 | Vl loss=0.2015 mae=0.562 r2=0.359 pcc=0.893 | ES 2/100
2026-06-12 14:36:54,130 | INFO |   Ep  54/300 | Tr loss=0.1529 mae=0.419 r2=0.658 pcc=0.812 | Vl loss=0.2015 mae=0.562 r2=0.359 pcc=0.893 | ES 2/100
  Ep  55/300 | Tr loss=0.1413 mae=0.409 r2=0.682 pcc=0.826 | Vl loss=0.3948 mae=0.805 r2=-0.241 pcc=0.854 | ES 3/100
2026-06-12 14:37:25,567 | INFO |   Ep  55/300 | Tr loss=0.1413 mae=0.409 r2=0.682 pcc=0.826 | Vl loss=0.3948 mae=0.805 r2=-0.241 pcc=0.854 | ES 3/100
  Ep  56/300 | Tr loss=0.1413 mae=0.402 r2=0.680 pcc=0.825 | Vl loss=0.1795 mae=0.521 r2=0.428 pcc=0.892 | ES 4/100
2026-06-12 14:37:59,530 | INFO |   Ep  56/300 | Tr loss=0.1413 mae=0.402 r2=0.680 pcc=0.825 | Vl loss=0.1795 mae=0.521 r2=0.428 pcc=0.892 | ES 4/100
  Ep  57/300 | Tr loss=0.1393 mae=0.392 r2=0.683 pcc=0.827 | Vl loss=0.2852 mae=0.675 r2=0.103 pcc=0.878 | ES 5/100
2026-06-12 14:38:32,198 | INFO |   Ep  57/300 | Tr loss=0.1393 mae=0.392 r2=0.683 pcc=0.827 | Vl loss=0.2852 mae=0.675 r2=0.103 pcc=0.878 | ES 5/100
  Ep  58/300 | Tr loss=0.1525 mae=0.417 r2=0.654 pcc=0.809 | Vl loss=0.2722 mae=0.655 r2=0.149 pcc=0.888 | ES 6/100
2026-06-12 14:39:03,421 | INFO |   Ep  58/300 | Tr loss=0.1525 mae=0.417 r2=0.654 pcc=0.809 | Vl loss=0.2722 mae=0.655 r2=0.149 pcc=0.888 | ES 6/100
  Ep  59/300 | Tr loss=0.1510 mae=0.416 r2=0.663 pcc=0.814 | Vl loss=0.7174 mae=1.126 r2=-1.563 pcc=0.505 | ES 7/100
2026-06-12 14:39:34,660 | INFO |   Ep  59/300 | Tr loss=0.1510 mae=0.416 r2=0.663 pcc=0.814 | Vl loss=0.7174 mae=1.126 r2=-1.563 pcc=0.505 | ES 7/100
  Ep  60/300 | Tr loss=0.1512 mae=0.416 r2=0.652 pcc=0.808 | Vl loss=0.2928 mae=0.684 r2=0.079 pcc=0.889 | ES 8/100
2026-06-12 14:40:06,105 | INFO |   Ep  60/300 | Tr loss=0.1512 mae=0.416 r2=0.652 pcc=0.808 | Vl loss=0.2928 mae=0.684 r2=0.079 pcc=0.889 | ES 8/100
  Ep  61/300 | Tr loss=0.1462 mae=0.407 r2=0.673 pcc=0.821 | Vl loss=0.2877 mae=0.672 r2=0.107 pcc=0.860 | ES 9/100
2026-06-12 14:40:37,333 | INFO |   Ep  61/300 | Tr loss=0.1462 mae=0.407 r2=0.673 pcc=0.821 | Vl loss=0.2877 mae=0.672 r2=0.107 pcc=0.860 | ES 9/100
  Ep  62/300 | Tr loss=0.1444 mae=0.408 r2=0.681 pcc=0.825 | Vl loss=0.3765 mae=0.778 r2=-0.183 pcc=0.833 | ES 10/100
2026-06-12 14:41:08,558 | INFO |   Ep  62/300 | Tr loss=0.1444 mae=0.408 r2=0.681 pcc=0.825 | Vl loss=0.3765 mae=0.778 r2=-0.183 pcc=0.833 | ES 10/100
  Ep  63/300 | Tr loss=0.1502 mae=0.414 r2=0.663 pcc=0.816 | Vl loss=0.5774 mae=0.977 r2=-0.921 pcc=0.564 | ES 11/100
2026-06-12 14:41:39,890 | INFO |   Ep  63/300 | Tr loss=0.1502 mae=0.414 r2=0.663 pcc=0.816 | Vl loss=0.5774 mae=0.977 r2=-0.921 pcc=0.564 | ES 11/100
  Ep  64/300 | Tr loss=0.1464 mae=0.409 r2=0.672 pcc=0.820 | Vl loss=0.2584 mae=0.647 r2=0.184 pcc=0.873 | ES 12/100
2026-06-12 14:42:11,277 | INFO |   Ep  64/300 | Tr loss=0.1464 mae=0.409 r2=0.672 pcc=0.820 | Vl loss=0.2584 mae=0.647 r2=0.184 pcc=0.873 | ES 12/100
  Ep  65/300 | Tr loss=0.1486 mae=0.411 r2=0.671 pcc=0.820 | Vl loss=0.1610 mae=0.504 r2=0.487 pcc=0.861 | ES 13/100
2026-06-12 14:42:42,598 | INFO |   Ep  65/300 | Tr loss=0.1486 mae=0.411 r2=0.671 pcc=0.820 | Vl loss=0.1610 mae=0.504 r2=0.487 pcc=0.861 | ES 13/100
  Ep  66/300 | Tr loss=0.1477 mae=0.409 r2=0.666 pcc=0.816 | Vl loss=0.3130 mae=0.716 r2=0.021 pcc=0.796 | ES 14/100
2026-06-12 14:43:13,960 | INFO |   Ep  66/300 | Tr loss=0.1477 mae=0.409 r2=0.666 pcc=0.816 | Vl loss=0.3130 mae=0.716 r2=0.021 pcc=0.796 | ES 14/100
  Ep  67/300 | Tr loss=0.1505 mae=0.409 r2=0.668 pcc=0.818 | Vl loss=0.1750 mae=0.529 r2=0.447 pcc=0.833 | ES 15/100
2026-06-12 14:43:45,344 | INFO |   Ep  67/300 | Tr loss=0.1505 mae=0.409 r2=0.668 pcc=0.818 | Vl loss=0.1750 mae=0.529 r2=0.447 pcc=0.833 | ES 15/100
  Ep  68/300 | Tr loss=0.1360 mae=0.396 r2=0.688 pcc=0.830 | Vl loss=0.2883 mae=0.689 r2=0.098 pcc=0.780 | ES 16/100
2026-06-12 14:44:16,646 | INFO |   Ep  68/300 | Tr loss=0.1360 mae=0.396 r2=0.688 pcc=0.830 | Vl loss=0.2883 mae=0.689 r2=0.098 pcc=0.780 | ES 16/100
  Ep  69/300 | Tr loss=0.1502 mae=0.410 r2=0.669 pcc=0.818 | Vl loss=0.1731 mae=0.520 r2=0.453 pcc=0.828 | ES 17/100
2026-06-12 14:44:47,956 | INFO |   Ep  69/300 | Tr loss=0.1502 mae=0.410 r2=0.669 pcc=0.818 | Vl loss=0.1731 mae=0.520 r2=0.453 pcc=0.828 | ES 17/100
  Ep  70/300 | Tr loss=0.1382 mae=0.398 r2=0.679 pcc=0.825 | Vl loss=0.1854 mae=0.541 r2=0.415 pcc=0.838 | ES 18/100
2026-06-12 14:45:19,273 | INFO |   Ep  70/300 | Tr loss=0.1382 mae=0.398 r2=0.679 pcc=0.825 | Vl loss=0.1854 mae=0.541 r2=0.415 pcc=0.838 | ES 18/100
  Ep  71/300 | Tr loss=0.1474 mae=0.413 r2=0.669 pcc=0.818 | Vl loss=0.2321 mae=0.614 r2=0.269 pcc=0.801 | ES 19/100
2026-06-12 14:45:50,590 | INFO |   Ep  71/300 | Tr loss=0.1474 mae=0.413 r2=0.669 pcc=0.818 | Vl loss=0.2321 mae=0.614 r2=0.269 pcc=0.801 | ES 19/100
  Ep  72/300 | Tr loss=0.1353 mae=0.389 r2=0.683 pcc=0.827 | Vl loss=0.1822 mae=0.535 r2=0.424 pcc=0.809 | ES 20/100
2026-06-12 14:46:22,082 | INFO |   Ep  72/300 | Tr loss=0.1353 mae=0.389 r2=0.683 pcc=0.827 | Vl loss=0.1822 mae=0.535 r2=0.424 pcc=0.809 | ES 20/100
  Ep  73/300 | Tr loss=0.1401 mae=0.399 r2=0.689 pcc=0.830 | Vl loss=0.1586 mae=0.490 r2=0.490 pcc=0.800 | ES 0/100 ★
2026-06-12 14:46:53,626 | INFO |   Ep  73/300 | Tr loss=0.1401 mae=0.399 r2=0.689 pcc=0.830 | Vl loss=0.1586 mae=0.490 r2=0.490 pcc=0.800 | ES 0/100 ★
    ★ val_mae=0.4895  rmse=0.5725  r2=0.4903  pcc=0.7997
  Ep  74/300 | Tr loss=0.1468 mae=0.400 r2=0.655 pcc=0.810 | Vl loss=0.1876 mae=0.540 r2=0.408 pcc=0.787 | ES 1/100
2026-06-12 14:47:25,569 | INFO |   Ep  74/300 | Tr loss=0.1468 mae=0.400 r2=0.655 pcc=0.810 | Vl loss=0.1876 mae=0.540 r2=0.408 pcc=0.787 | ES 1/100
  Ep  75/300 | Tr loss=0.1426 mae=0.400 r2=0.666 pcc=0.817 | Vl loss=0.1485 mae=0.473 r2=0.529 pcc=0.825 | ES 0/100 ★
2026-06-12 14:47:57,015 | INFO |   Ep  75/300 | Tr loss=0.1426 mae=0.400 r2=0.666 pcc=0.817 | Vl loss=0.1485 mae=0.473 r2=0.529 pcc=0.825 | ES 0/100 ★
    ★ val_mae=0.4728  rmse=0.5502  r2=0.5293  pcc=0.8247
  Ep  76/300 | Tr loss=0.1355 mae=0.391 r2=0.691 pcc=0.831 | Vl loss=0.2493 mae=0.633 r2=0.221 pcc=0.777 | ES 1/100
2026-06-12 14:48:28,326 | INFO |   Ep  76/300 | Tr loss=0.1355 mae=0.391 r2=0.691 pcc=0.831 | Vl loss=0.2493 mae=0.633 r2=0.221 pcc=0.777 | ES 1/100
  Ep  77/300 | Tr loss=0.1394 mae=0.393 r2=0.683 pcc=0.827 | Vl loss=0.1657 mae=0.504 r2=0.474 pcc=0.795 | ES 2/100
2026-06-12 14:48:59,787 | INFO |   Ep  77/300 | Tr loss=0.1394 mae=0.393 r2=0.683 pcc=0.827 | Vl loss=0.1657 mae=0.504 r2=0.474 pcc=0.795 | ES 2/100
  Ep  78/300 | Tr loss=0.1381 mae=0.393 r2=0.683 pcc=0.827 | Vl loss=0.1911 mae=0.544 r2=0.397 pcc=0.779 | ES 3/100
2026-06-12 14:49:31,161 | INFO |   Ep  78/300 | Tr loss=0.1381 mae=0.393 r2=0.683 pcc=0.827 | Vl loss=0.1911 mae=0.544 r2=0.397 pcc=0.779 | ES 3/100
  Ep  79/300 | Tr loss=0.1329 mae=0.380 r2=0.699 pcc=0.836 | Vl loss=0.2237 mae=0.593 r2=0.303 pcc=0.757 | ES 4/100
2026-06-12 14:50:02,689 | INFO |   Ep  79/300 | Tr loss=0.1329 mae=0.380 r2=0.699 pcc=0.836 | Vl loss=0.2237 mae=0.593 r2=0.303 pcc=0.757 | ES 4/100
  Ep  80/300 | Tr loss=0.1398 mae=0.398 r2=0.683 pcc=0.827 | Vl loss=0.2231 mae=0.595 r2=0.301 pcc=0.767 | ES 5/100
2026-06-12 14:50:34,499 | INFO |   Ep  80/300 | Tr loss=0.1398 mae=0.398 r2=0.683 pcc=0.827 | Vl loss=0.2231 mae=0.595 r2=0.301 pcc=0.767 | ES 5/100
  Ep  81/300 | Tr loss=0.1412 mae=0.401 r2=0.673 pcc=0.821 | Vl loss=0.1665 mae=0.508 r2=0.472 pcc=0.814 | ES 6/100
2026-06-12 14:51:06,403 | INFO |   Ep  81/300 | Tr loss=0.1412 mae=0.401 r2=0.673 pcc=0.821 | Vl loss=0.1665 mae=0.508 r2=0.472 pcc=0.814 | ES 6/100
  Ep  82/300 | Tr loss=0.1419 mae=0.393 r2=0.690 pcc=0.831 | Vl loss=0.2089 mae=0.576 r2=0.337 pcc=0.767 | ES 7/100
2026-06-12 14:51:38,109 | INFO |   Ep  82/300 | Tr loss=0.1419 mae=0.393 r2=0.690 pcc=0.831 | Vl loss=0.2089 mae=0.576 r2=0.337 pcc=0.767 | ES 7/100
  Ep  83/300 | Tr loss=0.1399 mae=0.399 r2=0.688 pcc=0.830 | Vl loss=0.1993 mae=0.561 r2=0.370 pcc=0.790 | ES 8/100
2026-06-12 14:52:09,894 | INFO |   Ep  83/300 | Tr loss=0.1399 mae=0.399 r2=0.688 pcc=0.830 | Vl loss=0.1993 mae=0.561 r2=0.370 pcc=0.790 | ES 8/100
  Ep  84/300 | Tr loss=0.1332 mae=0.383 r2=0.709 pcc=0.842 | Vl loss=0.1671 mae=0.503 r2=0.467 pcc=0.787 | ES 9/100
2026-06-12 14:52:43,093 | INFO |   Ep  84/300 | Tr loss=0.1332 mae=0.383 r2=0.709 pcc=0.842 | Vl loss=0.1671 mae=0.503 r2=0.467 pcc=0.787 | ES 9/100
  Ep  85/300 | Tr loss=0.1450 mae=0.402 r2=0.673 pcc=0.821 | Vl loss=0.1630 mae=0.493 r2=0.485 pcc=0.789 | ES 10/100
2026-06-12 14:53:15,585 | INFO |   Ep  85/300 | Tr loss=0.1450 mae=0.402 r2=0.673 pcc=0.821 | Vl loss=0.1630 mae=0.493 r2=0.485 pcc=0.789 | ES 10/100
  Ep  86/300 | Tr loss=0.1354 mae=0.391 r2=0.690 pcc=0.831 | Vl loss=0.1858 mae=0.535 r2=0.409 pcc=0.778 | ES 11/100
2026-06-12 14:53:47,575 | INFO |   Ep  86/300 | Tr loss=0.1354 mae=0.391 r2=0.690 pcc=0.831 | Vl loss=0.1858 mae=0.535 r2=0.409 pcc=0.778 | ES 11/100
  Ep  87/300 | Tr loss=0.1349 mae=0.389 r2=0.698 pcc=0.836 | Vl loss=0.1706 mae=0.513 r2=0.452 pcc=0.806 | ES 12/100
2026-06-12 14:54:19,560 | INFO |   Ep  87/300 | Tr loss=0.1349 mae=0.389 r2=0.698 pcc=0.836 | Vl loss=0.1706 mae=0.513 r2=0.452 pcc=0.806 | ES 12/100
  Ep  88/300 | Tr loss=0.1334 mae=0.388 r2=0.706 pcc=0.841 | Vl loss=0.1777 mae=0.520 r2=0.435 pcc=0.781 | ES 13/100
2026-06-12 14:54:51,504 | INFO |   Ep  88/300 | Tr loss=0.1334 mae=0.388 r2=0.706 pcc=0.841 | Vl loss=0.1777 mae=0.520 r2=0.435 pcc=0.781 | ES 13/100
  Ep  89/300 | Tr loss=0.1385 mae=0.389 r2=0.677 pcc=0.824 | Vl loss=0.1650 mae=0.497 r2=0.473 pcc=0.790 | ES 14/100
2026-06-12 14:55:23,268 | INFO |   Ep  89/300 | Tr loss=0.1385 mae=0.389 r2=0.677 pcc=0.824 | Vl loss=0.1650 mae=0.497 r2=0.473 pcc=0.790 | ES 14/100
  Ep  90/300 | Tr loss=0.1437 mae=0.393 r2=0.678 pcc=0.824 | Vl loss=0.1572 mae=0.481 r2=0.500 pcc=0.797 | ES 15/100
2026-06-12 14:55:54,969 | INFO |   Ep  90/300 | Tr loss=0.1437 mae=0.393 r2=0.678 pcc=0.824 | Vl loss=0.1572 mae=0.481 r2=0.500 pcc=0.797 | ES 15/100
  Ep  91/300 | Tr loss=0.1314 mae=0.380 r2=0.712 pcc=0.844 | Vl loss=0.1517 mae=0.475 r2=0.516 pcc=0.811 | ES 16/100
2026-06-12 14:56:26,691 | INFO |   Ep  91/300 | Tr loss=0.1314 mae=0.380 r2=0.712 pcc=0.844 | Vl loss=0.1517 mae=0.475 r2=0.516 pcc=0.811 | ES 16/100
  Ep  92/300 | Tr loss=0.1210 mae=0.358 r2=0.730 pcc=0.854 | Vl loss=0.1787 mae=0.524 r2=0.431 pcc=0.794 | ES 17/100
2026-06-12 14:56:58,355 | INFO |   Ep  92/300 | Tr loss=0.1210 mae=0.358 r2=0.730 pcc=0.854 | Vl loss=0.1787 mae=0.524 r2=0.431 pcc=0.794 | ES 17/100
  Ep  93/300 | Tr loss=0.1325 mae=0.377 r2=0.698 pcc=0.836 | Vl loss=0.2118 mae=0.578 r2=0.334 pcc=0.793 | ES 18/100
2026-06-12 14:57:30,184 | INFO |   Ep  93/300 | Tr loss=0.1325 mae=0.377 r2=0.698 pcc=0.836 | Vl loss=0.2118 mae=0.578 r2=0.334 pcc=0.793 | ES 18/100
  Ep  94/300 | Tr loss=0.1294 mae=0.377 r2=0.700 pcc=0.837 | Vl loss=0.2377 mae=0.615 r2=0.248 pcc=0.771 | ES 19/100
2026-06-12 14:58:01,877 | INFO |   Ep  94/300 | Tr loss=0.1294 mae=0.377 r2=0.700 pcc=0.837 | Vl loss=0.2377 mae=0.615 r2=0.248 pcc=0.771 | ES 19/100
  Ep  95/300 | Tr loss=0.1284 mae=0.369 r2=0.697 pcc=0.836 | Vl loss=0.3015 mae=0.699 r2=0.059 pcc=0.718 | ES 20/100
2026-06-12 14:58:33,805 | INFO |   Ep  95/300 | Tr loss=0.1284 mae=0.369 r2=0.697 pcc=0.836 | Vl loss=0.3015 mae=0.699 r2=0.059 pcc=0.718 | ES 20/100
  Ep  96/300 | Tr loss=0.1371 mae=0.386 r2=0.680 pcc=0.825 | Vl loss=0.2128 mae=0.584 r2=0.328 pcc=0.804 | ES 21/100
2026-06-12 14:59:05,582 | INFO |   Ep  96/300 | Tr loss=0.1371 mae=0.386 r2=0.680 pcc=0.825 | Vl loss=0.2128 mae=0.584 r2=0.328 pcc=0.804 | ES 21/100
  Ep  97/300 | Tr loss=0.1308 mae=0.379 r2=0.695 pcc=0.835 | Vl loss=0.2486 mae=0.629 r2=0.217 pcc=0.759 | ES 22/100
2026-06-12 14:59:37,329 | INFO |   Ep  97/300 | Tr loss=0.1308 mae=0.379 r2=0.695 pcc=0.835 | Vl loss=0.2486 mae=0.629 r2=0.217 pcc=0.759 | ES 22/100
  Ep  98/300 | Tr loss=0.1347 mae=0.384 r2=0.698 pcc=0.835 | Vl loss=0.1903 mae=0.544 r2=0.395 pcc=0.778 | ES 23/100
2026-06-12 15:00:09,171 | INFO |   Ep  98/300 | Tr loss=0.1347 mae=0.384 r2=0.698 pcc=0.835 | Vl loss=0.1903 mae=0.544 r2=0.395 pcc=0.778 | ES 23/100
  Ep  99/300 | Tr loss=0.1347 mae=0.387 r2=0.697 pcc=0.835 | Vl loss=0.1644 mae=0.497 r2=0.475 pcc=0.786 | ES 24/100
2026-06-12 15:00:40,963 | INFO |   Ep  99/300 | Tr loss=0.1347 mae=0.387 r2=0.697 pcc=0.835 | Vl loss=0.1644 mae=0.497 r2=0.475 pcc=0.786 | ES 24/100
  Ep 100/300 | Tr loss=0.1378 mae=0.389 r2=0.692 pcc=0.832 | Vl loss=0.2522 mae=0.631 r2=0.212 pcc=0.737 | ES 25/100
2026-06-12 15:01:12,583 | INFO |   Ep 100/300 | Tr loss=0.1378 mae=0.389 r2=0.692 pcc=0.832 | Vl loss=0.2522 mae=0.631 r2=0.212 pcc=0.737 | ES 25/100
  Ep 101/300 | Tr loss=0.1342 mae=0.380 r2=0.696 pcc=0.835 | Vl loss=0.1614 mae=0.491 r2=0.481 pcc=0.780 | ES 26/100
2026-06-12 15:01:44,320 | INFO |   Ep 101/300 | Tr loss=0.1342 mae=0.380 r2=0.696 pcc=0.835 | Vl loss=0.1614 mae=0.491 r2=0.481 pcc=0.780 | ES 26/100
  Ep 102/300 | Tr loss=0.1323 mae=0.383 r2=0.698 pcc=0.836 | Vl loss=0.1574 mae=0.483 r2=0.497 pcc=0.792 | ES 27/100
2026-06-12 15:02:16,008 | INFO |   Ep 102/300 | Tr loss=0.1323 mae=0.383 r2=0.698 pcc=0.836 | Vl loss=0.1574 mae=0.483 r2=0.497 pcc=0.792 | ES 27/100
  Ep 103/300 | Tr loss=0.1401 mae=0.386 r2=0.689 pcc=0.830 | Vl loss=0.1870 mae=0.536 r2=0.406 pcc=0.763 | ES 28/100
2026-06-12 15:02:47,773 | INFO |   Ep 103/300 | Tr loss=0.1401 mae=0.386 r2=0.689 pcc=0.830 | Vl loss=0.1870 mae=0.536 r2=0.406 pcc=0.763 | ES 28/100
  Ep 104/300 | Tr loss=0.1294 mae=0.374 r2=0.720 pcc=0.849 | Vl loss=0.1899 mae=0.541 r2=0.397 pcc=0.755 | ES 29/100
2026-06-12 15:03:19,317 | INFO |   Ep 104/300 | Tr loss=0.1294 mae=0.374 r2=0.720 pcc=0.849 | Vl loss=0.1899 mae=0.541 r2=0.397 pcc=0.755 | ES 29/100
  Ep 105/300 | Tr loss=0.1274 mae=0.369 r2=0.716 pcc=0.846 | Vl loss=0.1681 mae=0.498 r2=0.454 pcc=0.768 | ES 30/100
2026-06-12 15:03:50,950 | INFO |   Ep 105/300 | Tr loss=0.1274 mae=0.369 r2=0.716 pcc=0.846 | Vl loss=0.1681 mae=0.498 r2=0.454 pcc=0.768 | ES 30/100
  Ep 106/300 | Tr loss=0.1324 mae=0.372 r2=0.702 pcc=0.838 | Vl loss=0.1727 mae=0.509 r2=0.443 pcc=0.763 | ES 31/100
2026-06-12 15:04:22,806 | INFO |   Ep 106/300 | Tr loss=0.1324 mae=0.372 r2=0.702 pcc=0.838 | Vl loss=0.1727 mae=0.509 r2=0.443 pcc=0.763 | ES 31/100
  Ep 107/300 | Tr loss=0.1455 mae=0.400 r2=0.679 pcc=0.824 | Vl loss=0.1754 mae=0.515 r2=0.438 pcc=0.773 | ES 32/100
2026-06-12 15:04:54,641 | INFO |   Ep 107/300 | Tr loss=0.1455 mae=0.400 r2=0.679 pcc=0.824 | Vl loss=0.1754 mae=0.515 r2=0.438 pcc=0.773 | ES 32/100
  Ep 108/300 | Tr loss=0.1269 mae=0.371 r2=0.707 pcc=0.842 | Vl loss=0.1601 mae=0.483 r2=0.485 pcc=0.772 | ES 33/100
2026-06-12 15:05:26,429 | INFO |   Ep 108/300 | Tr loss=0.1269 mae=0.371 r2=0.707 pcc=0.842 | Vl loss=0.1601 mae=0.483 r2=0.485 pcc=0.772 | ES 33/100
  Ep 109/300 | Tr loss=0.1272 mae=0.371 r2=0.715 pcc=0.846 | Vl loss=0.2036 mae=0.561 r2=0.355 pcc=0.758 | ES 34/100
2026-06-12 15:05:58,327 | INFO |   Ep 109/300 | Tr loss=0.1272 mae=0.371 r2=0.715 pcc=0.846 | Vl loss=0.2036 mae=0.561 r2=0.355 pcc=0.758 | ES 34/100
  Ep 110/300 | Tr loss=0.1310 mae=0.378 r2=0.714 pcc=0.845 | Vl loss=0.1734 mae=0.510 r2=0.445 pcc=0.766 | ES 35/100
2026-06-12 15:06:30,301 | INFO |   Ep 110/300 | Tr loss=0.1310 mae=0.378 r2=0.714 pcc=0.845 | Vl loss=0.1734 mae=0.510 r2=0.445 pcc=0.766 | ES 35/100
  Ep 111/300 | Tr loss=0.1241 mae=0.366 r2=0.718 pcc=0.848 | Vl loss=0.2467 mae=0.625 r2=0.222 pcc=0.743 | ES 36/100
2026-06-12 15:07:02,476 | INFO |   Ep 111/300 | Tr loss=0.1241 mae=0.366 r2=0.718 pcc=0.848 | Vl loss=0.2467 mae=0.625 r2=0.222 pcc=0.743 | ES 36/100
  Ep 112/300 | Tr loss=0.1223 mae=0.361 r2=0.723 pcc=0.851 | Vl loss=0.1824 mae=0.529 r2=0.417 pcc=0.779 | ES 37/100
2026-06-12 15:07:34,392 | INFO |   Ep 112/300 | Tr loss=0.1223 mae=0.361 r2=0.723 pcc=0.851 | Vl loss=0.1824 mae=0.529 r2=0.417 pcc=0.779 | ES 37/100
  Ep 113/300 | Tr loss=0.1242 mae=0.366 r2=0.714 pcc=0.845 | Vl loss=0.1894 mae=0.543 r2=0.399 pcc=0.780 | ES 38/100
2026-06-12 15:08:06,472 | INFO |   Ep 113/300 | Tr loss=0.1242 mae=0.366 r2=0.714 pcc=0.845 | Vl loss=0.1894 mae=0.543 r2=0.399 pcc=0.780 | ES 38/100
  Ep 114/300 | Tr loss=0.1289 mae=0.372 r2=0.711 pcc=0.843 | Vl loss=0.1664 mae=0.502 r2=0.468 pcc=0.800 | ES 39/100
2026-06-12 15:08:38,233 | INFO |   Ep 114/300 | Tr loss=0.1289 mae=0.372 r2=0.711 pcc=0.843 | Vl loss=0.1664 mae=0.502 r2=0.468 pcc=0.800 | ES 39/100
  Ep 115/300 | Tr loss=0.1343 mae=0.369 r2=0.697 pcc=0.836 | Vl loss=0.1629 mae=0.503 r2=0.484 pcc=0.821 | ES 40/100
2026-06-12 15:09:10,169 | INFO |   Ep 115/300 | Tr loss=0.1343 mae=0.369 r2=0.697 pcc=0.836 | Vl loss=0.1629 mae=0.503 r2=0.484 pcc=0.821 | ES 40/100
  Ep 116/300 | Tr loss=0.1308 mae=0.368 r2=0.711 pcc=0.844 | Vl loss=0.4123 mae=0.826 r2=-0.340 pcc=0.585 | ES 41/100
2026-06-12 15:09:41,880 | INFO |   Ep 116/300 | Tr loss=0.1308 mae=0.368 r2=0.711 pcc=0.844 | Vl loss=0.4123 mae=0.826 r2=-0.340 pcc=0.585 | ES 41/100
  Ep 117/300 | Tr loss=0.1336 mae=0.378 r2=0.698 pcc=0.836 | Vl loss=0.2704 mae=0.660 r2=0.155 pcc=0.737 | ES 42/100
2026-06-12 15:10:13,748 | INFO |   Ep 117/300 | Tr loss=0.1336 mae=0.378 r2=0.698 pcc=0.836 | Vl loss=0.2704 mae=0.660 r2=0.155 pcc=0.737 | ES 42/100
  Ep 118/300 | Tr loss=0.1313 mae=0.372 r2=0.710 pcc=0.843 | Vl loss=0.2740 mae=0.665 r2=0.138 pcc=0.722 | ES 43/100
2026-06-12 15:10:45,642 | INFO |   Ep 118/300 | Tr loss=0.1313 mae=0.372 r2=0.710 pcc=0.843 | Vl loss=0.2740 mae=0.665 r2=0.138 pcc=0.722 | ES 43/100
  Ep 119/300 | Tr loss=0.1379 mae=0.387 r2=0.687 pcc=0.829 | Vl loss=0.1678 mae=0.512 r2=0.469 pcc=0.810 | ES 44/100
2026-06-12 15:11:17,608 | INFO |   Ep 119/300 | Tr loss=0.1379 mae=0.387 r2=0.687 pcc=0.829 | Vl loss=0.1678 mae=0.512 r2=0.469 pcc=0.810 | ES 44/100
  Ep 120/300 | Tr loss=0.1326 mae=0.377 r2=0.694 pcc=0.833 | Vl loss=0.1764 mae=0.522 r2=0.436 pcc=0.798 | ES 45/100
2026-06-12 15:11:49,700 | INFO |   Ep 120/300 | Tr loss=0.1326 mae=0.377 r2=0.694 pcc=0.833 | Vl loss=0.1764 mae=0.522 r2=0.436 pcc=0.798 | ES 45/100
  Ep 121/300 | Tr loss=0.1273 mae=0.365 r2=0.701 pcc=0.838 | Vl loss=0.2240 mae=0.595 r2=0.296 pcc=0.761 | ES 46/100
2026-06-12 15:12:21,467 | INFO |   Ep 121/300 | Tr loss=0.1273 mae=0.365 r2=0.701 pcc=0.838 | Vl loss=0.2240 mae=0.595 r2=0.296 pcc=0.761 | ES 46/100
  Ep 122/300 | Tr loss=0.1232 mae=0.364 r2=0.728 pcc=0.853 | Vl loss=0.1921 mae=0.548 r2=0.384 pcc=0.779 | ES 47/100
2026-06-12 15:12:53,273 | INFO |   Ep 122/300 | Tr loss=0.1232 mae=0.364 r2=0.728 pcc=0.853 | Vl loss=0.1921 mae=0.548 r2=0.384 pcc=0.779 | ES 47/100
  Ep 123/300 | Tr loss=0.1276 mae=0.368 r2=0.707 pcc=0.842 | Vl loss=0.1631 mae=0.492 r2=0.476 pcc=0.774 | ES 48/100
2026-06-12 15:13:25,034 | INFO |   Ep 123/300 | Tr loss=0.1276 mae=0.368 r2=0.707 pcc=0.842 | Vl loss=0.1631 mae=0.492 r2=0.476 pcc=0.774 | ES 48/100
  Ep 124/300 | Tr loss=0.1224 mae=0.358 r2=0.720 pcc=0.849 | Vl loss=0.2222 mae=0.594 r2=0.294 pcc=0.759 | ES 49/100
2026-06-12 15:13:56,962 | INFO |   Ep 124/300 | Tr loss=0.1224 mae=0.358 r2=0.720 pcc=0.849 | Vl loss=0.2222 mae=0.594 r2=0.294 pcc=0.759 | ES 49/100
  Ep 125/300 | Tr loss=0.1279 mae=0.370 r2=0.719 pcc=0.848 | Vl loss=0.1670 mae=0.503 r2=0.464 pcc=0.787 | ES 50/100
2026-06-12 15:14:28,760 | INFO |   Ep 125/300 | Tr loss=0.1279 mae=0.370 r2=0.719 pcc=0.848 | Vl loss=0.1670 mae=0.503 r2=0.464 pcc=0.787 | ES 50/100
Epoch 00126: reducing learning rate of group 0 to 5.0000e-05.
  Ep 126/300 | Tr loss=0.1268 mae=0.369 r2=0.713 pcc=0.845 | Vl loss=0.1552 mae=0.486 r2=0.507 pcc=0.808 | ES 51/100
2026-06-12 15:15:00,488 | INFO |   Ep 126/300 | Tr loss=0.1268 mae=0.369 r2=0.713 pcc=0.845 | Vl loss=0.1552 mae=0.486 r2=0.507 pcc=0.808 | ES 51/100
  Ep 127/300 | Tr loss=0.1269 mae=0.366 r2=0.695 pcc=0.834 | Vl loss=0.1815 mae=0.531 r2=0.421 pcc=0.793 | ES 52/100
2026-06-12 15:15:32,254 | INFO |   Ep 127/300 | Tr loss=0.1269 mae=0.366 r2=0.695 pcc=0.834 | Vl loss=0.1815 mae=0.531 r2=0.421 pcc=0.793 | ES 52/100
  Ep 128/300 | Tr loss=0.1207 mae=0.357 r2=0.723 pcc=0.851 | Vl loss=0.1654 mae=0.500 r2=0.471 pcc=0.787 | ES 53/100
2026-06-12 15:16:03,883 | INFO |   Ep 128/300 | Tr loss=0.1207 mae=0.357 r2=0.723 pcc=0.851 | Vl loss=0.1654 mae=0.500 r2=0.471 pcc=0.787 | ES 53/100
  Ep 129/300 | Tr loss=0.1210 mae=0.355 r2=0.716 pcc=0.847 | Vl loss=0.1931 mae=0.549 r2=0.385 pcc=0.768 | ES 54/100
2026-06-12 15:16:35,335 | INFO |   Ep 129/300 | Tr loss=0.1210 mae=0.355 r2=0.716 pcc=0.847 | Vl loss=0.1931 mae=0.549 r2=0.385 pcc=0.768 | ES 54/100
  Ep 130/300 | Tr loss=0.1265 mae=0.363 r2=0.711 pcc=0.844 | Vl loss=0.1715 mae=0.513 r2=0.454 pcc=0.790 | ES 55/100
2026-06-12 15:17:06,719 | INFO |   Ep 130/300 | Tr loss=0.1265 mae=0.363 r2=0.711 pcc=0.844 | Vl loss=0.1715 mae=0.513 r2=0.454 pcc=0.790 | ES 55/100
  Ep 131/300 | Tr loss=0.1178 mae=0.351 r2=0.730 pcc=0.855 | Vl loss=0.1643 mae=0.499 r2=0.475 pcc=0.784 | ES 56/100
2026-06-12 15:17:38,184 | INFO |   Ep 131/300 | Tr loss=0.1178 mae=0.351 r2=0.730 pcc=0.855 | Vl loss=0.1643 mae=0.499 r2=0.475 pcc=0.784 | ES 56/100
  Ep 132/300 | Tr loss=0.1195 mae=0.357 r2=0.729 pcc=0.854 | Vl loss=0.1689 mae=0.508 r2=0.462 pcc=0.790 | ES 57/100
2026-06-12 15:18:09,627 | INFO |   Ep 132/300 | Tr loss=0.1195 mae=0.357 r2=0.729 pcc=0.854 | Vl loss=0.1689 mae=0.508 r2=0.462 pcc=0.790 | ES 57/100
  Ep 133/300 | Tr loss=0.1242 mae=0.364 r2=0.720 pcc=0.849 | Vl loss=0.1760 mae=0.522 r2=0.442 pcc=0.789 | ES 58/100
2026-06-12 15:18:40,949 | INFO |   Ep 133/300 | Tr loss=0.1242 mae=0.364 r2=0.720 pcc=0.849 | Vl loss=0.1760 mae=0.522 r2=0.442 pcc=0.789 | ES 58/100
  Ep 134/300 | Tr loss=0.1277 mae=0.364 r2=0.712 pcc=0.844 | Vl loss=0.1983 mae=0.559 r2=0.377 pcc=0.795 | ES 59/100
2026-06-12 15:19:12,435 | INFO |   Ep 134/300 | Tr loss=0.1277 mae=0.364 r2=0.712 pcc=0.844 | Vl loss=0.1983 mae=0.559 r2=0.377 pcc=0.795 | ES 59/100
  Ep 135/300 | Tr loss=0.1250 mae=0.359 r2=0.704 pcc=0.839 | Vl loss=0.1941 mae=0.550 r2=0.383 pcc=0.762 | ES 60/100
2026-06-12 15:19:44,616 | INFO |   Ep 135/300 | Tr loss=0.1250 mae=0.359 r2=0.704 pcc=0.839 | Vl loss=0.1941 mae=0.550 r2=0.383 pcc=0.762 | ES 60/100
  Ep 136/300 | Tr loss=0.1230 mae=0.361 r2=0.735 pcc=0.857 | Vl loss=0.1958 mae=0.554 r2=0.380 pcc=0.771 | ES 61/100
2026-06-12 15:20:16,569 | INFO |   Ep 136/300 | Tr loss=0.1230 mae=0.361 r2=0.735 pcc=0.857 | Vl loss=0.1958 mae=0.554 r2=0.380 pcc=0.771 | ES 61/100
  Ep 137/300 | Tr loss=0.1190 mae=0.354 r2=0.738 pcc=0.860 | Vl loss=0.1866 mae=0.540 r2=0.411 pcc=0.784 | ES 62/100
2026-06-12 15:20:48,522 | INFO |   Ep 137/300 | Tr loss=0.1190 mae=0.354 r2=0.738 pcc=0.860 | Vl loss=0.1866 mae=0.540 r2=0.411 pcc=0.784 | ES 62/100
  Ep 138/300 | Tr loss=0.1212 mae=0.354 r2=0.719 pcc=0.848 | Vl loss=0.1970 mae=0.556 r2=0.376 pcc=0.783 | ES 63/100
2026-06-12 15:21:20,500 | INFO |   Ep 138/300 | Tr loss=0.1212 mae=0.354 r2=0.719 pcc=0.848 | Vl loss=0.1970 mae=0.556 r2=0.376 pcc=0.783 | ES 63/100
  Ep 139/300 | Tr loss=0.1245 mae=0.361 r2=0.719 pcc=0.848 | Vl loss=0.1878 mae=0.541 r2=0.400 pcc=0.788 | ES 64/100
2026-06-12 15:21:52,177 | INFO |   Ep 139/300 | Tr loss=0.1245 mae=0.361 r2=0.719 pcc=0.848 | Vl loss=0.1878 mae=0.541 r2=0.400 pcc=0.788 | ES 64/100
  Ep 140/300 | Tr loss=0.1266 mae=0.367 r2=0.720 pcc=0.849 | Vl loss=0.1646 mae=0.499 r2=0.470 pcc=0.793 | ES 65/100
2026-06-12 15:22:23,755 | INFO |   Ep 140/300 | Tr loss=0.1266 mae=0.367 r2=0.720 pcc=0.849 | Vl loss=0.1646 mae=0.499 r2=0.470 pcc=0.793 | ES 65/100
  Ep 141/300 | Tr loss=0.1182 mae=0.354 r2=0.734 pcc=0.857 | Vl loss=0.1771 mae=0.522 r2=0.437 pcc=0.777 | ES 66/100
2026-06-12 15:22:55,443 | INFO |   Ep 141/300 | Tr loss=0.1182 mae=0.354 r2=0.734 pcc=0.857 | Vl loss=0.1771 mae=0.522 r2=0.437 pcc=0.777 | ES 66/100
  Ep 142/300 | Tr loss=0.1212 mae=0.357 r2=0.735 pcc=0.857 | Vl loss=0.1879 mae=0.539 r2=0.400 pcc=0.766 | ES 67/100
2026-06-12 15:23:27,228 | INFO |   Ep 142/300 | Tr loss=0.1212 mae=0.357 r2=0.735 pcc=0.857 | Vl loss=0.1879 mae=0.539 r2=0.400 pcc=0.766 | ES 67/100
  Ep 143/300 | Tr loss=0.1251 mae=0.362 r2=0.721 pcc=0.850 | Vl loss=0.1700 mae=0.509 r2=0.455 pcc=0.796 | ES 68/100
2026-06-12 15:23:58,897 | INFO |   Ep 143/300 | Tr loss=0.1251 mae=0.362 r2=0.721 pcc=0.850 | Vl loss=0.1700 mae=0.509 r2=0.455 pcc=0.796 | ES 68/100
  Ep 144/300 | Tr loss=0.1224 mae=0.364 r2=0.716 pcc=0.846 | Vl loss=0.1840 mae=0.535 r2=0.413 pcc=0.788 | ES 69/100
2026-06-12 15:24:30,738 | INFO |   Ep 144/300 | Tr loss=0.1224 mae=0.364 r2=0.716 pcc=0.846 | Vl loss=0.1840 mae=0.535 r2=0.413 pcc=0.788 | ES 69/100
  Ep 145/300 | Tr loss=0.1140 mae=0.349 r2=0.734 pcc=0.857 | Vl loss=0.1959 mae=0.555 r2=0.379 pcc=0.796 | ES 70/100
2026-06-12 15:25:02,668 | INFO |   Ep 145/300 | Tr loss=0.1140 mae=0.349 r2=0.734 pcc=0.857 | Vl loss=0.1959 mae=0.555 r2=0.379 pcc=0.796 | ES 70/100
  Ep 146/300 | Tr loss=0.1188 mae=0.354 r2=0.727 pcc=0.852 | Vl loss=0.2222 mae=0.593 r2=0.301 pcc=0.773 | ES 71/100
2026-06-12 15:25:34,546 | INFO |   Ep 146/300 | Tr loss=0.1188 mae=0.354 r2=0.727 pcc=0.852 | Vl loss=0.2222 mae=0.593 r2=0.301 pcc=0.773 | ES 71/100
  Ep 147/300 | Tr loss=0.1192 mae=0.348 r2=0.729 pcc=0.854 | Vl loss=0.1977 mae=0.557 r2=0.368 pcc=0.786 | ES 72/100
2026-06-12 15:26:06,323 | INFO |   Ep 147/300 | Tr loss=0.1192 mae=0.348 r2=0.729 pcc=0.854 | Vl loss=0.1977 mae=0.557 r2=0.368 pcc=0.786 | ES 72/100
  Ep 148/300 | Tr loss=0.1199 mae=0.357 r2=0.729 pcc=0.854 | Vl loss=0.2210 mae=0.592 r2=0.298 pcc=0.800 | ES 73/100
2026-06-12 15:26:38,195 | INFO |   Ep 148/300 | Tr loss=0.1199 mae=0.357 r2=0.729 pcc=0.854 | Vl loss=0.2210 mae=0.592 r2=0.298 pcc=0.800 | ES 73/100
  Ep 149/300 | Tr loss=0.1199 mae=0.357 r2=0.723 pcc=0.851 | Vl loss=0.1789 mae=0.525 r2=0.420 pcc=0.801 | ES 74/100
2026-06-12 15:27:10,047 | INFO |   Ep 149/300 | Tr loss=0.1199 mae=0.357 r2=0.723 pcc=0.851 | Vl loss=0.1789 mae=0.525 r2=0.420 pcc=0.801 | ES 74/100
  Ep 150/300 | Tr loss=0.1210 mae=0.353 r2=0.730 pcc=0.855 | Vl loss=0.1699 mae=0.510 r2=0.455 pcc=0.805 | ES 75/100
2026-06-12 15:27:41,981 | INFO |   Ep 150/300 | Tr loss=0.1210 mae=0.353 r2=0.730 pcc=0.855 | Vl loss=0.1699 mae=0.510 r2=0.455 pcc=0.805 | ES 75/100
  Ep 151/300 | Tr loss=0.1208 mae=0.355 r2=0.720 pcc=0.849 | Vl loss=0.1784 mae=0.525 r2=0.432 pcc=0.793 | ES 76/100
2026-06-12 15:28:13,801 | INFO |   Ep 151/300 | Tr loss=0.1208 mae=0.355 r2=0.720 pcc=0.849 | Vl loss=0.1784 mae=0.525 r2=0.432 pcc=0.793 | ES 76/100
  Ep 152/300 | Tr loss=0.1170 mae=0.347 r2=0.732 pcc=0.856 | Vl loss=0.1797 mae=0.526 r2=0.424 pcc=0.797 | ES 77/100
2026-06-12 15:28:45,617 | INFO |   Ep 152/300 | Tr loss=0.1170 mae=0.347 r2=0.732 pcc=0.856 | Vl loss=0.1797 mae=0.526 r2=0.424 pcc=0.797 | ES 77/100
  Ep 153/300 | Tr loss=0.1160 mae=0.350 r2=0.744 pcc=0.863 | Vl loss=0.1832 mae=0.535 r2=0.416 pcc=0.810 | ES 78/100
2026-06-12 15:29:17,171 | INFO |   Ep 153/300 | Tr loss=0.1160 mae=0.350 r2=0.744 pcc=0.863 | Vl loss=0.1832 mae=0.535 r2=0.416 pcc=0.810 | ES 78/100
  Ep 154/300 | Tr loss=0.1225 mae=0.358 r2=0.727 pcc=0.853 | Vl loss=0.1663 mae=0.503 r2=0.465 pcc=0.799 | ES 79/100
2026-06-12 15:29:49,062 | INFO |   Ep 154/300 | Tr loss=0.1225 mae=0.358 r2=0.727 pcc=0.853 | Vl loss=0.1663 mae=0.503 r2=0.465 pcc=0.799 | ES 79/100
  Ep 155/300 | Tr loss=0.1204 mae=0.355 r2=0.716 pcc=0.847 | Vl loss=0.1790 mae=0.528 r2=0.431 pcc=0.804 | ES 80/100
2026-06-12 15:30:20,846 | INFO |   Ep 155/300 | Tr loss=0.1204 mae=0.355 r2=0.716 pcc=0.847 | Vl loss=0.1790 mae=0.528 r2=0.431 pcc=0.804 | ES 80/100
  Ep 156/300 | Tr loss=0.1268 mae=0.358 r2=0.705 pcc=0.840 | Vl loss=0.1854 mae=0.538 r2=0.411 pcc=0.801 | ES 81/100
2026-06-12 15:30:52,821 | INFO |   Ep 156/300 | Tr loss=0.1268 mae=0.358 r2=0.705 pcc=0.840 | Vl loss=0.1854 mae=0.538 r2=0.411 pcc=0.801 | ES 81/100
  Ep 157/300 | Tr loss=0.1212 mae=0.357 r2=0.721 pcc=0.850 | Vl loss=0.2395 mae=0.618 r2=0.247 pcc=0.790 | ES 82/100
2026-06-12 15:31:25,176 | INFO |   Ep 157/300 | Tr loss=0.1212 mae=0.357 r2=0.721 pcc=0.850 | Vl loss=0.2395 mae=0.618 r2=0.247 pcc=0.790 | ES 82/100
  Ep 158/300 | Tr loss=0.1166 mae=0.344 r2=0.734 pcc=0.857 | Vl loss=0.1687 mae=0.508 r2=0.459 pcc=0.805 | ES 83/100
2026-06-12 15:31:57,106 | INFO |   Ep 158/300 | Tr loss=0.1166 mae=0.344 r2=0.734 pcc=0.857 | Vl loss=0.1687 mae=0.508 r2=0.459 pcc=0.805 | ES 83/100
  Ep 159/300 | Tr loss=0.1190 mae=0.349 r2=0.734 pcc=0.857 | Vl loss=0.1505 mae=0.470 r2=0.514 pcc=0.810 | ES 0/100 ★
2026-06-12 15:32:28,874 | INFO |   Ep 159/300 | Tr loss=0.1190 mae=0.349 r2=0.734 pcc=0.857 | Vl loss=0.1505 mae=0.470 r2=0.514 pcc=0.810 | ES 0/100 ★
    ★ val_mae=0.4705  rmse=0.5593  r2=0.5136  pcc=0.8095
  Ep 160/300 | Tr loss=0.1235 mae=0.358 r2=0.718 pcc=0.848 | Vl loss=0.1561 mae=0.483 r2=0.498 pcc=0.804 | ES 1/100
2026-06-12 15:33:00,518 | INFO |   Ep 160/300 | Tr loss=0.1235 mae=0.358 r2=0.718 pcc=0.848 | Vl loss=0.1561 mae=0.483 r2=0.498 pcc=0.804 | ES 1/100
  Ep 161/300 | Tr loss=0.1131 mae=0.346 r2=0.742 pcc=0.861 | Vl loss=0.1778 mae=0.525 r2=0.431 pcc=0.795 | ES 2/100
2026-06-12 15:33:32,327 | INFO |   Ep 161/300 | Tr loss=0.1131 mae=0.346 r2=0.742 pcc=0.861 | Vl loss=0.1778 mae=0.525 r2=0.431 pcc=0.795 | ES 2/100
  Ep 162/300 | Tr loss=0.1204 mae=0.358 r2=0.720 pcc=0.849 | Vl loss=0.1641 mae=0.499 r2=0.472 pcc=0.802 | ES 3/100
2026-06-12 15:34:04,225 | INFO |   Ep 162/300 | Tr loss=0.1204 mae=0.358 r2=0.720 pcc=0.849 | Vl loss=0.1641 mae=0.499 r2=0.472 pcc=0.802 | ES 3/100
  Ep 163/300 | Tr loss=0.1152 mae=0.343 r2=0.742 pcc=0.861 | Vl loss=0.1761 mae=0.522 r2=0.434 pcc=0.805 | ES 4/100
2026-06-12 15:34:36,168 | INFO |   Ep 163/300 | Tr loss=0.1152 mae=0.343 r2=0.742 pcc=0.861 | Vl loss=0.1761 mae=0.522 r2=0.434 pcc=0.805 | ES 4/100
  Ep 164/300 | Tr loss=0.1190 mae=0.354 r2=0.712 pcc=0.844 | Vl loss=0.2291 mae=0.607 r2=0.274 pcc=0.792 | ES 5/100
2026-06-12 15:35:09,150 | INFO |   Ep 164/300 | Tr loss=0.1190 mae=0.354 r2=0.712 pcc=0.844 | Vl loss=0.2291 mae=0.607 r2=0.274 pcc=0.792 | ES 5/100
  Ep 165/300 | Tr loss=0.1231 mae=0.355 r2=0.723 pcc=0.850 | Vl loss=0.1544 mae=0.483 r2=0.500 pcc=0.822 | ES 6/100
2026-06-12 15:35:42,364 | INFO |   Ep 165/300 | Tr loss=0.1231 mae=0.355 r2=0.723 pcc=0.850 | Vl loss=0.1544 mae=0.483 r2=0.500 pcc=0.822 | ES 6/100
  Ep 166/300 | Tr loss=0.1114 mae=0.340 r2=0.748 pcc=0.865 | Vl loss=0.2580 mae=0.643 r2=0.189 pcc=0.787 | ES 7/100
2026-06-12 15:36:15,318 | INFO |   Ep 166/300 | Tr loss=0.1114 mae=0.340 r2=0.748 pcc=0.865 | Vl loss=0.2580 mae=0.643 r2=0.189 pcc=0.787 | ES 7/100
  Ep 167/300 | Tr loss=0.1207 mae=0.356 r2=0.734 pcc=0.857 | Vl loss=0.2245 mae=0.599 r2=0.286 pcc=0.800 | ES 8/100
2026-06-12 15:36:47,197 | INFO |   Ep 167/300 | Tr loss=0.1207 mae=0.356 r2=0.734 pcc=0.857 | Vl loss=0.2245 mae=0.599 r2=0.286 pcc=0.800 | ES 8/100
  Ep 168/300 | Tr loss=0.1144 mae=0.346 r2=0.736 pcc=0.858 | Vl loss=0.2249 mae=0.598 r2=0.292 pcc=0.813 | ES 9/100
2026-06-12 15:37:18,878 | INFO |   Ep 168/300 | Tr loss=0.1144 mae=0.346 r2=0.736 pcc=0.858 | Vl loss=0.2249 mae=0.598 r2=0.292 pcc=0.813 | ES 9/100
  Ep 169/300 | Tr loss=0.1121 mae=0.338 r2=0.743 pcc=0.862 | Vl loss=0.2108 mae=0.580 r2=0.329 pcc=0.819 | ES 10/100
2026-06-12 15:37:50,639 | INFO |   Ep 169/300 | Tr loss=0.1121 mae=0.338 r2=0.743 pcc=0.862 | Vl loss=0.2108 mae=0.580 r2=0.329 pcc=0.819 | ES 10/100
  Ep 170/300 | Tr loss=0.1251 mae=0.367 r2=0.703 pcc=0.839 | Vl loss=0.2788 mae=0.668 r2=0.126 pcc=0.782 | ES 11/100
2026-06-12 15:38:22,514 | INFO |   Ep 170/300 | Tr loss=0.1251 mae=0.367 r2=0.703 pcc=0.839 | Vl loss=0.2788 mae=0.668 r2=0.126 pcc=0.782 | ES 11/100
  Ep 171/300 | Tr loss=0.1150 mae=0.347 r2=0.735 pcc=0.857 | Vl loss=0.1765 mae=0.521 r2=0.428 pcc=0.802 | ES 12/100
2026-06-12 15:38:54,304 | INFO |   Ep 171/300 | Tr loss=0.1150 mae=0.347 r2=0.735 pcc=0.857 | Vl loss=0.1765 mae=0.521 r2=0.428 pcc=0.802 | ES 12/100
  Ep 172/300 | Tr loss=0.1081 mae=0.335 r2=0.755 pcc=0.869 | Vl loss=0.2045 mae=0.568 r2=0.349 pcc=0.800 | ES 13/100
2026-06-12 15:39:25,980 | INFO |   Ep 172/300 | Tr loss=0.1081 mae=0.335 r2=0.755 pcc=0.869 | Vl loss=0.2045 mae=0.568 r2=0.349 pcc=0.800 | ES 13/100
  Ep 173/300 | Tr loss=0.1039 mae=0.327 r2=0.767 pcc=0.876 | Vl loss=0.1603 mae=0.491 r2=0.478 pcc=0.818 | ES 14/100
2026-06-12 15:39:57,659 | INFO |   Ep 173/300 | Tr loss=0.1039 mae=0.327 r2=0.767 pcc=0.876 | Vl loss=0.1603 mae=0.491 r2=0.478 pcc=0.818 | ES 14/100
  Ep 174/300 | Tr loss=0.1128 mae=0.343 r2=0.741 pcc=0.861 | Vl loss=0.2498 mae=0.631 r2=0.204 pcc=0.764 | ES 15/100
2026-06-12 15:40:29,513 | INFO |   Ep 174/300 | Tr loss=0.1128 mae=0.343 r2=0.741 pcc=0.861 | Vl loss=0.2498 mae=0.631 r2=0.204 pcc=0.764 | ES 15/100
  Ep 175/300 | Tr loss=0.1097 mae=0.337 r2=0.744 pcc=0.863 | Vl loss=0.2011 mae=0.564 r2=0.358 pcc=0.791 | ES 16/100
2026-06-12 15:41:01,452 | INFO |   Ep 175/300 | Tr loss=0.1097 mae=0.337 r2=0.744 pcc=0.863 | Vl loss=0.2011 mae=0.564 r2=0.358 pcc=0.791 | ES 16/100
  Ep 176/300 | Tr loss=0.1142 mae=0.340 r2=0.734 pcc=0.857 | Vl loss=0.1550 mae=0.475 r2=0.491 pcc=0.806 | ES 17/100
2026-06-12 15:41:33,314 | INFO |   Ep 176/300 | Tr loss=0.1142 mae=0.340 r2=0.734 pcc=0.857 | Vl loss=0.1550 mae=0.475 r2=0.491 pcc=0.806 | ES 17/100
  Ep 177/300 | Tr loss=0.1102 mae=0.339 r2=0.745 pcc=0.863 | Vl loss=0.1756 mae=0.519 r2=0.428 pcc=0.799 | ES 18/100
2026-06-12 15:42:05,019 | INFO |   Ep 177/300 | Tr loss=0.1102 mae=0.339 r2=0.745 pcc=0.863 | Vl loss=0.1756 mae=0.519 r2=0.428 pcc=0.799 | ES 18/100
  Ep 178/300 | Tr loss=0.1119 mae=0.340 r2=0.731 pcc=0.856 | Vl loss=0.1653 mae=0.504 r2=0.463 pcc=0.822 | ES 19/100
2026-06-12 15:42:36,852 | INFO |   Ep 178/300 | Tr loss=0.1119 mae=0.340 r2=0.731 pcc=0.856 | Vl loss=0.1653 mae=0.504 r2=0.463 pcc=0.822 | ES 19/100
  Ep 179/300 | Tr loss=0.1116 mae=0.344 r2=0.747 pcc=0.865 | Vl loss=0.1761 mae=0.524 r2=0.434 pcc=0.818 | ES 20/100
2026-06-12 15:43:08,533 | INFO |   Ep 179/300 | Tr loss=0.1116 mae=0.344 r2=0.747 pcc=0.865 | Vl loss=0.1761 mae=0.524 r2=0.434 pcc=0.818 | ES 20/100
  Ep 180/300 | Tr loss=0.1146 mae=0.342 r2=0.747 pcc=0.864 | Vl loss=0.2282 mae=0.604 r2=0.273 pcc=0.795 | ES 21/100
2026-06-12 15:43:40,336 | INFO |   Ep 180/300 | Tr loss=0.1146 mae=0.342 r2=0.747 pcc=0.864 | Vl loss=0.2282 mae=0.604 r2=0.273 pcc=0.795 | ES 21/100
  Ep 181/300 | Tr loss=0.1146 mae=0.349 r2=0.746 pcc=0.864 | Vl loss=0.1703 mae=0.510 r2=0.440 pcc=0.817 | ES 22/100
2026-06-12 15:44:12,332 | INFO |   Ep 181/300 | Tr loss=0.1146 mae=0.349 r2=0.746 pcc=0.864 | Vl loss=0.1703 mae=0.510 r2=0.440 pcc=0.817 | ES 22/100
  Ep 182/300 | Tr loss=0.1073 mae=0.333 r2=0.745 pcc=0.864 | Vl loss=0.2176 mae=0.589 r2=0.308 pcc=0.807 | ES 23/100
2026-06-12 15:44:44,032 | INFO |   Ep 182/300 | Tr loss=0.1073 mae=0.333 r2=0.745 pcc=0.864 | Vl loss=0.2176 mae=0.589 r2=0.308 pcc=0.807 | ES 23/100
  Ep 183/300 | Tr loss=0.1098 mae=0.335 r2=0.748 pcc=0.865 | Vl loss=0.1990 mae=0.561 r2=0.362 pcc=0.806 | ES 24/100
2026-06-12 15:45:15,742 | INFO |   Ep 183/300 | Tr loss=0.1098 mae=0.335 r2=0.748 pcc=0.865 | Vl loss=0.1990 mae=0.561 r2=0.362 pcc=0.806 | ES 24/100
  Ep 184/300 | Tr loss=0.1160 mae=0.346 r2=0.727 pcc=0.854 | Vl loss=0.1798 mae=0.530 r2=0.427 pcc=0.812 | ES 25/100
2026-06-12 15:45:47,834 | INFO |   Ep 184/300 | Tr loss=0.1160 mae=0.346 r2=0.727 pcc=0.854 | Vl loss=0.1798 mae=0.530 r2=0.427 pcc=0.812 | ES 25/100
  Ep 185/300 | Tr loss=0.1099 mae=0.334 r2=0.758 pcc=0.871 | Vl loss=0.2112 mae=0.580 r2=0.332 pcc=0.806 | ES 26/100
2026-06-12 15:46:19,521 | INFO |   Ep 185/300 | Tr loss=0.1099 mae=0.334 r2=0.758 pcc=0.871 | Vl loss=0.2112 mae=0.580 r2=0.332 pcc=0.806 | ES 26/100
  Ep 186/300 | Tr loss=0.1097 mae=0.334 r2=0.756 pcc=0.870 | Vl loss=0.1789 mae=0.532 r2=0.426 pcc=0.817 | ES 27/100
2026-06-12 15:46:51,654 | INFO |   Ep 186/300 | Tr loss=0.1097 mae=0.334 r2=0.756 pcc=0.870 | Vl loss=0.1789 mae=0.532 r2=0.426 pcc=0.817 | ES 27/100
  Ep 187/300 | Tr loss=0.1158 mae=0.345 r2=0.739 pcc=0.860 | Vl loss=0.1806 mae=0.537 r2=0.419 pcc=0.817 | ES 28/100
2026-06-12 15:47:25,032 | INFO |   Ep 187/300 | Tr loss=0.1158 mae=0.345 r2=0.739 pcc=0.860 | Vl loss=0.1806 mae=0.537 r2=0.419 pcc=0.817 | ES 28/100
  Ep 188/300 | Tr loss=0.1073 mae=0.332 r2=0.764 pcc=0.874 | Vl loss=0.1657 mae=0.500 r2=0.456 pcc=0.800 | ES 29/100
2026-06-12 15:47:56,746 | INFO |   Ep 188/300 | Tr loss=0.1073 mae=0.332 r2=0.764 pcc=0.874 | Vl loss=0.1657 mae=0.500 r2=0.456 pcc=0.800 | ES 29/100
  Ep 189/300 | Tr loss=0.1093 mae=0.336 r2=0.740 pcc=0.861 | Vl loss=0.1624 mae=0.502 r2=0.472 pcc=0.821 | ES 30/100
2026-06-12 15:48:28,876 | INFO |   Ep 189/300 | Tr loss=0.1093 mae=0.336 r2=0.740 pcc=0.861 | Vl loss=0.1624 mae=0.502 r2=0.472 pcc=0.821 | ES 30/100
  Ep 190/300 | Tr loss=0.1193 mae=0.351 r2=0.716 pcc=0.846 | Vl loss=0.1682 mae=0.512 r2=0.453 pcc=0.818 | ES 31/100
2026-06-12 15:49:02,128 | INFO |   Ep 190/300 | Tr loss=0.1193 mae=0.351 r2=0.716 pcc=0.846 | Vl loss=0.1682 mae=0.512 r2=0.453 pcc=0.818 | ES 31/100
  Ep 191/300 | Tr loss=0.1096 mae=0.338 r2=0.751 pcc=0.867 | Vl loss=0.1996 mae=0.563 r2=0.367 pcc=0.808 | ES 32/100
2026-06-12 15:49:35,358 | INFO |   Ep 191/300 | Tr loss=0.1096 mae=0.338 r2=0.751 pcc=0.867 | Vl loss=0.1996 mae=0.563 r2=0.367 pcc=0.808 | ES 32/100
  Ep 192/300 | Tr loss=0.1119 mae=0.345 r2=0.745 pcc=0.863 | Vl loss=0.1860 mae=0.540 r2=0.401 pcc=0.806 | ES 33/100
2026-06-12 15:50:08,730 | INFO |   Ep 192/300 | Tr loss=0.1119 mae=0.345 r2=0.745 pcc=0.863 | Vl loss=0.1860 mae=0.540 r2=0.401 pcc=0.806 | ES 33/100
  Ep 193/300 | Tr loss=0.1058 mae=0.333 r2=0.753 pcc=0.868 | Vl loss=0.1803 mae=0.529 r2=0.419 pcc=0.801 | ES 34/100
2026-06-12 15:50:42,081 | INFO |   Ep 193/300 | Tr loss=0.1058 mae=0.333 r2=0.753 pcc=0.868 | Vl loss=0.1803 mae=0.529 r2=0.419 pcc=0.801 | ES 34/100
  Ep 194/300 | Tr loss=0.1125 mae=0.337 r2=0.739 pcc=0.860 | Vl loss=0.1920 mae=0.551 r2=0.388 pcc=0.818 | ES 35/100
2026-06-12 15:51:15,150 | INFO |   Ep 194/300 | Tr loss=0.1125 mae=0.337 r2=0.739 pcc=0.860 | Vl loss=0.1920 mae=0.551 r2=0.388 pcc=0.818 | ES 35/100
  Ep 195/300 | Tr loss=0.1073 mae=0.333 r2=0.763 pcc=0.874 | Vl loss=0.1685 mae=0.510 r2=0.451 pcc=0.820 | ES 36/100
2026-06-12 15:51:48,254 | INFO |   Ep 195/300 | Tr loss=0.1073 mae=0.333 r2=0.763 pcc=0.874 | Vl loss=0.1685 mae=0.510 r2=0.451 pcc=0.820 | ES 36/100
  Ep 196/300 | Tr loss=0.1039 mae=0.326 r2=0.769 pcc=0.877 | Vl loss=0.1630 mae=0.499 r2=0.472 pcc=0.811 | ES 37/100
2026-06-12 15:52:20,689 | INFO |   Ep 196/300 | Tr loss=0.1039 mae=0.326 r2=0.769 pcc=0.877 | Vl loss=0.1630 mae=0.499 r2=0.472 pcc=0.811 | ES 37/100
  Ep 197/300 | Tr loss=0.1058 mae=0.331 r2=0.755 pcc=0.869 | Vl loss=0.2813 mae=0.671 r2=0.118 pcc=0.762 | ES 38/100
2026-06-12 15:52:52,514 | INFO |   Ep 197/300 | Tr loss=0.1058 mae=0.331 r2=0.755 pcc=0.869 | Vl loss=0.2813 mae=0.671 r2=0.118 pcc=0.762 | ES 38/100
  Ep 198/300 | Tr loss=0.1010 mae=0.322 r2=0.766 pcc=0.876 | Vl loss=0.5024 mae=0.911 r2=-0.633 pcc=0.602 | ES 39/100
2026-06-12 15:53:24,198 | INFO |   Ep 198/300 | Tr loss=0.1010 mae=0.322 r2=0.766 pcc=0.876 | Vl loss=0.5024 mae=0.911 r2=-0.633 pcc=0.602 | ES 39/100
  Ep 199/300 | Tr loss=0.1091 mae=0.336 r2=0.744 pcc=0.863 | Vl loss=0.3430 mae=0.742 r2=-0.071 pcc=0.721 | ES 40/100
2026-06-12 15:53:55,873 | INFO |   Ep 199/300 | Tr loss=0.1091 mae=0.336 r2=0.744 pcc=0.863 | Vl loss=0.3430 mae=0.742 r2=-0.071 pcc=0.721 | ES 40/100
  Ep 200/300 | Tr loss=0.1134 mae=0.341 r2=0.734 pcc=0.857 | Vl loss=0.3025 mae=0.699 r2=0.048 pcc=0.759 | ES 41/100
2026-06-12 15:54:27,661 | INFO |   Ep 200/300 | Tr loss=0.1134 mae=0.341 r2=0.734 pcc=0.857 | Vl loss=0.3025 mae=0.699 r2=0.048 pcc=0.759 | ES 41/100
  Ep 201/300 | Tr loss=0.1057 mae=0.333 r2=0.756 pcc=0.870 | Vl loss=0.4072 mae=0.807 r2=-0.277 pcc=0.662 | ES 42/100
2026-06-12 15:54:59,469 | INFO |   Ep 201/300 | Tr loss=0.1057 mae=0.333 r2=0.756 pcc=0.870 | Vl loss=0.4072 mae=0.807 r2=-0.277 pcc=0.662 | ES 42/100
  Ep 202/300 | Tr loss=0.1122 mae=0.340 r2=0.738 pcc=0.860 | Vl loss=0.3539 mae=0.750 r2=-0.107 pcc=0.712 | ES 43/100
2026-06-12 15:55:31,188 | INFO |   Ep 202/300 | Tr loss=0.1122 mae=0.340 r2=0.738 pcc=0.860 | Vl loss=0.3539 mae=0.750 r2=-0.107 pcc=0.712 | ES 43/100
  Ep 203/300 | Tr loss=0.1057 mae=0.330 r2=0.755 pcc=0.869 | Vl loss=0.2334 mae=0.606 r2=0.266 pcc=0.773 | ES 44/100
2026-06-12 15:56:02,986 | INFO |   Ep 203/300 | Tr loss=0.1057 mae=0.330 r2=0.755 pcc=0.869 | Vl loss=0.2334 mae=0.606 r2=0.266 pcc=0.773 | ES 44/100
  Ep 204/300 | Tr loss=0.1145 mae=0.335 r2=0.758 pcc=0.871 | Vl loss=0.1855 mae=0.536 r2=0.401 pcc=0.805 | ES 45/100
2026-06-12 15:56:34,715 | INFO |   Ep 204/300 | Tr loss=0.1145 mae=0.335 r2=0.758 pcc=0.871 | Vl loss=0.1855 mae=0.536 r2=0.401 pcc=0.805 | ES 45/100
  Ep 205/300 | Tr loss=0.1068 mae=0.331 r2=0.752 pcc=0.867 | Vl loss=0.3364 mae=0.734 r2=-0.061 pcc=0.747 | ES 46/100
2026-06-12 15:57:06,393 | INFO |   Ep 205/300 | Tr loss=0.1068 mae=0.331 r2=0.752 pcc=0.867 | Vl loss=0.3364 mae=0.734 r2=-0.061 pcc=0.747 | ES 46/100
  Ep 206/300 | Tr loss=0.1173 mae=0.352 r2=0.721 pcc=0.850 | Vl loss=0.1969 mae=0.557 r2=0.359 pcc=0.808 | ES 47/100
2026-06-12 15:57:38,122 | INFO |   Ep 206/300 | Tr loss=0.1173 mae=0.352 r2=0.721 pcc=0.850 | Vl loss=0.1969 mae=0.557 r2=0.359 pcc=0.808 | ES 47/100
  Ep 207/300 | Tr loss=0.1047 mae=0.332 r2=0.766 pcc=0.875 | Vl loss=0.3827 mae=0.789 r2=-0.202 pcc=0.728 | ES 48/100
2026-06-12 15:58:10,176 | INFO |   Ep 207/300 | Tr loss=0.1047 mae=0.332 r2=0.766 pcc=0.875 | Vl loss=0.3827 mae=0.789 r2=-0.202 pcc=0.728 | ES 48/100
  Ep 208/300 | Tr loss=0.0968 mae=0.320 r2=0.785 pcc=0.886 | Vl loss=0.3686 mae=0.765 r2=-0.153 pcc=0.728 | ES 49/100
2026-06-12 15:58:41,966 | INFO |   Ep 208/300 | Tr loss=0.0968 mae=0.320 r2=0.785 pcc=0.886 | Vl loss=0.3686 mae=0.765 r2=-0.153 pcc=0.728 | ES 49/100
  Ep 209/300 | Tr loss=0.1077 mae=0.333 r2=0.765 pcc=0.875 | Vl loss=0.2948 mae=0.688 r2=0.075 pcc=0.777 | ES 50/100
2026-06-12 15:59:13,765 | INFO |   Ep 209/300 | Tr loss=0.1077 mae=0.333 r2=0.765 pcc=0.875 | Vl loss=0.2948 mae=0.688 r2=0.075 pcc=0.777 | ES 50/100
Epoch 00210: reducing learning rate of group 0 to 2.5000e-05.
  Ep 210/300 | Tr loss=0.1067 mae=0.328 r2=0.755 pcc=0.869 | Vl loss=0.2792 mae=0.670 r2=0.126 pcc=0.779 | ES 51/100
2026-06-12 15:59:45,606 | INFO |   Ep 210/300 | Tr loss=0.1067 mae=0.328 r2=0.755 pcc=0.869 | Vl loss=0.2792 mae=0.670 r2=0.126 pcc=0.779 | ES 51/100
  Ep 211/300 | Tr loss=0.1087 mae=0.331 r2=0.744 pcc=0.864 | Vl loss=0.3290 mae=0.719 r2=-0.020 pcc=0.735 | ES 52/100
2026-06-12 16:00:18,279 | INFO |   Ep 211/300 | Tr loss=0.1087 mae=0.331 r2=0.744 pcc=0.864 | Vl loss=0.3290 mae=0.719 r2=-0.020 pcc=0.735 | ES 52/100
  Ep 212/300 | Tr loss=0.1054 mae=0.329 r2=0.766 pcc=0.876 | Vl loss=0.3992 mae=0.795 r2=-0.245 pcc=0.676 | ES 53/100
2026-06-12 16:00:51,469 | INFO |   Ep 212/300 | Tr loss=0.1054 mae=0.329 r2=0.766 pcc=0.876 | Vl loss=0.3992 mae=0.795 r2=-0.245 pcc=0.676 | ES 53/100
  Ep 213/300 | Tr loss=0.1070 mae=0.330 r2=0.755 pcc=0.869 | Vl loss=0.4694 mae=0.868 r2=-0.487 pcc=0.572 | ES 54/100
2026-06-12 16:01:24,524 | INFO |   Ep 213/300 | Tr loss=0.1070 mae=0.330 r2=0.755 pcc=0.869 | Vl loss=0.4694 mae=0.868 r2=-0.487 pcc=0.572 | ES 54/100
  Ep 214/300 | Tr loss=0.0954 mae=0.316 r2=0.782 pcc=0.884 | Vl loss=0.3628 mae=0.761 r2=-0.129 pcc=0.714 | ES 55/100
2026-06-12 16:01:56,073 | INFO |   Ep 214/300 | Tr loss=0.0954 mae=0.316 r2=0.782 pcc=0.884 | Vl loss=0.3628 mae=0.761 r2=-0.129 pcc=0.714 | ES 55/100
  Ep 215/300 | Tr loss=0.1019 mae=0.325 r2=0.774 pcc=0.880 | Vl loss=0.4077 mae=0.803 r2=-0.277 pcc=0.664 | ES 56/100
2026-06-12 16:02:27,591 | INFO |   Ep 215/300 | Tr loss=0.1019 mae=0.325 r2=0.774 pcc=0.880 | Vl loss=0.4077 mae=0.803 r2=-0.277 pcc=0.664 | ES 56/100
  Ep 216/300 | Tr loss=0.1001 mae=0.322 r2=0.778 pcc=0.882 | Vl loss=0.3953 mae=0.790 r2=-0.234 pcc=0.681 | ES 57/100
2026-06-12 16:02:59,061 | INFO |   Ep 216/300 | Tr loss=0.1001 mae=0.322 r2=0.778 pcc=0.882 | Vl loss=0.3953 mae=0.790 r2=-0.234 pcc=0.681 | ES 57/100
  Ep 217/300 | Tr loss=0.1073 mae=0.334 r2=0.753 pcc=0.868 | Vl loss=0.3644 mae=0.758 r2=-0.132 pcc=0.703 | ES 58/100
2026-06-12 16:03:30,834 | INFO |   Ep 217/300 | Tr loss=0.1073 mae=0.334 r2=0.753 pcc=0.868 | Vl loss=0.3644 mae=0.758 r2=-0.132 pcc=0.703 | ES 58/100
  Ep 218/300 | Tr loss=0.0972 mae=0.316 r2=0.776 pcc=0.881 | Vl loss=0.2950 mae=0.684 r2=0.078 pcc=0.755 | ES 59/100
2026-06-12 16:04:02,534 | INFO |   Ep 218/300 | Tr loss=0.0972 mae=0.316 r2=0.776 pcc=0.881 | Vl loss=0.2950 mae=0.684 r2=0.078 pcc=0.755 | ES 59/100
  Ep 219/300 | Tr loss=0.1055 mae=0.329 r2=0.762 pcc=0.873 | Vl loss=0.4185 mae=0.814 r2=-0.308 pcc=0.652 | ES 60/100
2026-06-12 16:04:34,248 | INFO |   Ep 219/300 | Tr loss=0.1055 mae=0.329 r2=0.762 pcc=0.873 | Vl loss=0.4185 mae=0.814 r2=-0.308 pcc=0.652 | ES 60/100
  Ep 220/300 | Tr loss=0.0987 mae=0.319 r2=0.778 pcc=0.882 | Vl loss=0.3054 mae=0.694 r2=0.051 pcc=0.754 | ES 61/100
2026-06-12 16:05:06,390 | INFO |   Ep 220/300 | Tr loss=0.0987 mae=0.319 r2=0.778 pcc=0.882 | Vl loss=0.3054 mae=0.694 r2=0.051 pcc=0.754 | ES 61/100
  Ep 221/300 | Tr loss=0.0974 mae=0.318 r2=0.776 pcc=0.881 | Vl loss=0.3772 mae=0.768 r2=-0.176 pcc=0.701 | ES 62/100
2026-06-12 16:05:39,678 | INFO |   Ep 221/300 | Tr loss=0.0974 mae=0.318 r2=0.776 pcc=0.881 | Vl loss=0.3772 mae=0.768 r2=-0.176 pcc=0.701 | ES 62/100
  Ep 222/300 | Tr loss=0.1052 mae=0.330 r2=0.761 pcc=0.872 | Vl loss=0.4212 mae=0.814 r2=-0.326 pcc=0.657 | ES 63/100
2026-06-12 16:06:11,860 | INFO |   Ep 222/300 | Tr loss=0.1052 mae=0.330 r2=0.761 pcc=0.872 | Vl loss=0.4212 mae=0.814 r2=-0.326 pcc=0.657 | ES 63/100
  Ep 223/300 | Tr loss=0.1098 mae=0.336 r2=0.737 pcc=0.859 | Vl loss=0.4359 mae=0.832 r2=-0.378 pcc=0.665 | ES 64/100
2026-06-12 16:06:43,581 | INFO |   Ep 223/300 | Tr loss=0.1098 mae=0.336 r2=0.737 pcc=0.859 | Vl loss=0.4359 mae=0.832 r2=-0.378 pcc=0.665 | ES 64/100
  Ep 224/300 | Tr loss=0.1000 mae=0.322 r2=0.765 pcc=0.875 | Vl loss=0.2832 mae=0.671 r2=0.111 pcc=0.779 | ES 65/100
2026-06-12 16:07:15,395 | INFO |   Ep 224/300 | Tr loss=0.1000 mae=0.322 r2=0.765 pcc=0.875 | Vl loss=0.2832 mae=0.671 r2=0.111 pcc=0.779 | ES 65/100
  Ep 225/300 | Tr loss=0.1007 mae=0.315 r2=0.773 pcc=0.880 | Vl loss=0.1832 mae=0.535 r2=0.404 pcc=0.819 | ES 66/100
2026-06-12 16:07:47,107 | INFO |   Ep 225/300 | Tr loss=0.1007 mae=0.315 r2=0.773 pcc=0.880 | Vl loss=0.1832 mae=0.535 r2=0.404 pcc=0.819 | ES 66/100
  Ep 226/300 | Tr loss=0.1065 mae=0.332 r2=0.758 pcc=0.872 | Vl loss=0.4767 mae=0.874 r2=-0.527 pcc=0.615 | ES 67/100
2026-06-12 16:08:18,587 | INFO |   Ep 226/300 | Tr loss=0.1065 mae=0.332 r2=0.758 pcc=0.872 | Vl loss=0.4767 mae=0.874 r2=-0.527 pcc=0.615 | ES 67/100
  Ep 227/300 | Tr loss=0.0909 mae=0.305 r2=0.792 pcc=0.890 | Vl loss=0.5921 mae=0.992 r2=-0.994 pcc=0.460 | ES 68/100
2026-06-12 16:08:49,986 | INFO |   Ep 227/300 | Tr loss=0.0909 mae=0.305 r2=0.792 pcc=0.890 | Vl loss=0.5921 mae=0.992 r2=-0.994 pcc=0.460 | ES 68/100
  Ep 228/300 | Tr loss=0.0954 mae=0.316 r2=0.783 pcc=0.885 | Vl loss=0.5868 mae=0.987 r2=-0.966 pcc=0.470 | ES 69/100
2026-06-12 16:09:21,431 | INFO |   Ep 228/300 | Tr loss=0.0954 mae=0.316 r2=0.783 pcc=0.885 | Vl loss=0.5868 mae=0.987 r2=-0.966 pcc=0.470 | ES 69/100
  Ep 229/300 | Tr loss=0.0990 mae=0.324 r2=0.773 pcc=0.879 | Vl loss=0.3976 mae=0.794 r2=-0.250 pcc=0.695 | ES 70/100
2026-06-12 16:09:53,173 | INFO |   Ep 229/300 | Tr loss=0.0990 mae=0.324 r2=0.773 pcc=0.879 | Vl loss=0.3976 mae=0.794 r2=-0.250 pcc=0.695 | ES 70/100
  Ep 230/300 | Tr loss=0.0963 mae=0.314 r2=0.772 pcc=0.879 | Vl loss=0.5131 mae=0.910 r2=-0.672 pcc=0.573 | ES 71/100
2026-06-12 16:10:25,013 | INFO |   Ep 230/300 | Tr loss=0.0963 mae=0.314 r2=0.772 pcc=0.879 | Vl loss=0.5131 mae=0.910 r2=-0.672 pcc=0.573 | ES 71/100
  Ep 231/300 | Tr loss=0.1003 mae=0.324 r2=0.780 pcc=0.883 | Vl loss=0.5218 mae=0.918 r2=-0.708 pcc=0.543 | ES 72/100
2026-06-12 16:10:56,685 | INFO |   Ep 231/300 | Tr loss=0.1003 mae=0.324 r2=0.780 pcc=0.883 | Vl loss=0.5218 mae=0.918 r2=-0.708 pcc=0.543 | ES 72/100
  Ep 232/300 | Tr loss=0.1020 mae=0.324 r2=0.761 pcc=0.873 | Vl loss=0.3468 mae=0.743 r2=-0.086 pcc=0.750 | ES 73/100
2026-06-12 16:11:28,521 | INFO |   Ep 232/300 | Tr loss=0.1020 mae=0.324 r2=0.761 pcc=0.873 | Vl loss=0.3468 mae=0.743 r2=-0.086 pcc=0.750 | ES 73/100
  Ep 233/300 | Tr loss=0.1001 mae=0.321 r2=0.781 pcc=0.884 | Vl loss=0.4717 mae=0.871 r2=-0.522 pcc=0.642 | ES 74/100
2026-06-12 16:12:00,391 | INFO |   Ep 233/300 | Tr loss=0.1001 mae=0.321 r2=0.781 pcc=0.884 | Vl loss=0.4717 mae=0.871 r2=-0.522 pcc=0.642 | ES 74/100
  Ep 234/300 | Tr loss=0.0997 mae=0.323 r2=0.775 pcc=0.881 | Vl loss=0.2786 mae=0.661 r2=0.126 pcc=0.774 | ES 75/100
2026-06-12 16:12:32,372 | INFO |   Ep 234/300 | Tr loss=0.0997 mae=0.323 r2=0.775 pcc=0.881 | Vl loss=0.2786 mae=0.661 r2=0.126 pcc=0.774 | ES 75/100
  Ep 235/300 | Tr loss=0.1003 mae=0.325 r2=0.765 pcc=0.875 | Vl loss=0.4555 mae=0.858 r2=-0.451 pcc=0.664 | ES 76/100
2026-06-12 16:13:05,639 | INFO |   Ep 235/300 | Tr loss=0.1003 mae=0.325 r2=0.765 pcc=0.875 | Vl loss=0.4555 mae=0.858 r2=-0.451 pcc=0.664 | ES 76/100
  Ep 236/300 | Tr loss=0.0988 mae=0.317 r2=0.771 pcc=0.879 | Vl loss=0.3774 mae=0.771 r2=-0.185 pcc=0.717 | ES 77/100
2026-06-12 16:13:38,248 | INFO |   Ep 236/300 | Tr loss=0.0988 mae=0.317 r2=0.771 pcc=0.879 | Vl loss=0.3774 mae=0.771 r2=-0.185 pcc=0.717 | ES 77/100
  Ep 237/300 | Tr loss=0.1010 mae=0.321 r2=0.766 pcc=0.875 | Vl loss=0.5169 mae=0.915 r2=-0.683 pcc=0.552 | ES 78/100
2026-06-12 16:14:10,327 | INFO |   Ep 237/300 | Tr loss=0.1010 mae=0.321 r2=0.766 pcc=0.875 | Vl loss=0.5169 mae=0.915 r2=-0.683 pcc=0.552 | ES 78/100
  Ep 238/300 | Tr loss=0.0924 mae=0.311 r2=0.799 pcc=0.894 | Vl loss=0.3828 mae=0.777 r2=-0.200 pcc=0.714 | ES 79/100
2026-06-12 16:14:42,104 | INFO |   Ep 238/300 | Tr loss=0.0924 mae=0.311 r2=0.799 pcc=0.894 | Vl loss=0.3828 mae=0.777 r2=-0.200 pcc=0.714 | ES 79/100
  Ep 239/300 | Tr loss=0.1020 mae=0.319 r2=0.769 pcc=0.878 | Vl loss=0.3756 mae=0.775 r2=-0.184 pcc=0.734 | ES 80/100
2026-06-12 16:15:13,783 | INFO |   Ep 239/300 | Tr loss=0.1020 mae=0.319 r2=0.769 pcc=0.878 | Vl loss=0.3756 mae=0.775 r2=-0.184 pcc=0.734 | ES 80/100
  Ep 240/300 | Tr loss=0.0979 mae=0.321 r2=0.777 pcc=0.882 | Vl loss=0.4960 mae=0.893 r2=-0.596 pcc=0.600 | ES 81/100
2026-06-12 16:15:45,344 | INFO |   Ep 240/300 | Tr loss=0.0979 mae=0.321 r2=0.777 pcc=0.882 | Vl loss=0.4960 mae=0.893 r2=-0.596 pcc=0.600 | ES 81/100
  Ep 241/300 | Tr loss=0.1012 mae=0.322 r2=0.757 pcc=0.871 | Vl loss=0.4369 mae=0.832 r2=-0.379 pcc=0.645 | ES 82/100
2026-06-12 16:16:16,926 | INFO |   Ep 241/300 | Tr loss=0.1012 mae=0.322 r2=0.757 pcc=0.871 | Vl loss=0.4369 mae=0.832 r2=-0.379 pcc=0.645 | ES 82/100
  Ep 242/300 | Tr loss=0.0872 mae=0.300 r2=0.805 pcc=0.897 | Vl loss=0.3718 mae=0.766 r2=-0.166 pcc=0.698 | ES 83/100
2026-06-12 16:16:48,668 | INFO |   Ep 242/300 | Tr loss=0.0872 mae=0.300 r2=0.805 pcc=0.897 | Vl loss=0.3718 mae=0.766 r2=-0.166 pcc=0.698 | ES 83/100
  Ep 243/300 | Tr loss=0.1018 mae=0.323 r2=0.758 pcc=0.872 | Vl loss=0.3393 mae=0.740 r2=-0.059 pcc=0.754 | ES 84/100
2026-06-12 16:17:22,026 | INFO |   Ep 243/300 | Tr loss=0.1018 mae=0.323 r2=0.758 pcc=0.872 | Vl loss=0.3393 mae=0.740 r2=-0.059 pcc=0.754 | ES 84/100
  Ep 244/300 | Tr loss=0.1028 mae=0.325 r2=0.754 pcc=0.869 | Vl loss=0.4153 mae=0.816 r2=-0.311 pcc=0.664 | ES 85/100
2026-06-12 16:17:55,362 | INFO |   Ep 244/300 | Tr loss=0.1028 mae=0.325 r2=0.754 pcc=0.869 | Vl loss=0.4153 mae=0.816 r2=-0.311 pcc=0.664 | ES 85/100
  Ep 245/300 | Tr loss=0.1079 mae=0.334 r2=0.748 pcc=0.866 | Vl loss=0.5218 mae=0.925 r2=-0.692 pcc=0.561 | ES 86/100
2026-06-12 16:18:28,610 | INFO |   Ep 245/300 | Tr loss=0.1079 mae=0.334 r2=0.748 pcc=0.866 | Vl loss=0.5218 mae=0.925 r2=-0.692 pcc=0.561 | ES 86/100
  Ep 246/300 | Tr loss=0.0932 mae=0.312 r2=0.791 pcc=0.889 | Vl loss=0.5088 mae=0.915 r2=-0.636 pcc=0.620 | ES 87/100
2026-06-12 16:19:01,731 | INFO |   Ep 246/300 | Tr loss=0.0932 mae=0.312 r2=0.791 pcc=0.889 | Vl loss=0.5088 mae=0.915 r2=-0.636 pcc=0.620 | ES 87/100
  Ep 247/300 | Tr loss=0.1009 mae=0.321 r2=0.770 pcc=0.878 | Vl loss=0.4295 mae=0.835 r2=-0.357 pcc=0.677 | ES 88/100
2026-06-12 16:19:35,239 | INFO |   Ep 247/300 | Tr loss=0.1009 mae=0.321 r2=0.770 pcc=0.878 | Vl loss=0.4295 mae=0.835 r2=-0.357 pcc=0.677 | ES 88/100
  Ep 248/300 | Tr loss=0.0929 mae=0.310 r2=0.799 pcc=0.894 | Vl loss=0.3394 mae=0.738 r2=-0.065 pcc=0.743 | ES 89/100
2026-06-12 16:20:08,439 | INFO |   Ep 248/300 | Tr loss=0.0929 mae=0.310 r2=0.799 pcc=0.894 | Vl loss=0.3394 mae=0.738 r2=-0.065 pcc=0.743 | ES 89/100
  Ep 249/300 | Tr loss=0.0886 mae=0.304 r2=0.796 pcc=0.892 | Vl loss=0.4726 mae=0.871 r2=-0.526 pcc=0.595 | ES 90/100
2026-06-12 16:20:41,718 | INFO |   Ep 249/300 | Tr loss=0.0886 mae=0.304 r2=0.796 pcc=0.892 | Vl loss=0.4726 mae=0.871 r2=-0.526 pcc=0.595 | ES 90/100
  Ep 250/300 | Tr loss=0.0909 mae=0.304 r2=0.785 pcc=0.887 | Vl loss=0.5967 mae=0.997 r2=-1.013 pcc=0.385 | ES 91/100
2026-06-12 16:21:14,879 | INFO |   Ep 250/300 | Tr loss=0.0909 mae=0.304 r2=0.785 pcc=0.887 | Vl loss=0.5967 mae=0.997 r2=-1.013 pcc=0.385 | ES 91/100
  Ep 251/300 | Tr loss=0.0930 mae=0.309 r2=0.788 pcc=0.888 | Vl loss=0.4095 mae=0.810 r2=-0.285 pcc=0.672 | ES 92/100
2026-06-12 16:21:46,768 | INFO |   Ep 251/300 | Tr loss=0.0930 mae=0.309 r2=0.788 pcc=0.888 | Vl loss=0.4095 mae=0.810 r2=-0.285 pcc=0.672 | ES 92/100
  Ep 252/300 | Tr loss=0.0957 mae=0.315 r2=0.769 pcc=0.877 | Vl loss=0.4381 mae=0.839 r2=-0.383 pcc=0.654 | ES 93/100
2026-06-12 16:22:18,460 | INFO |   Ep 252/300 | Tr loss=0.0957 mae=0.315 r2=0.769 pcc=0.877 | Vl loss=0.4381 mae=0.839 r2=-0.383 pcc=0.654 | ES 93/100
  Ep 253/300 | Tr loss=0.1011 mae=0.320 r2=0.785 pcc=0.886 | Vl loss=0.3922 mae=0.796 r2=-0.233 pcc=0.691 | ES 94/100
2026-06-12 16:22:50,117 | INFO |   Ep 253/300 | Tr loss=0.1011 mae=0.320 r2=0.785 pcc=0.886 | Vl loss=0.3922 mae=0.796 r2=-0.233 pcc=0.691 | ES 94/100
  Ep 254/300 | Tr loss=0.0926 mae=0.312 r2=0.796 pcc=0.892 | Vl loss=0.5075 mae=0.911 r2=-0.645 pcc=0.560 | ES 95/100
2026-06-12 16:23:21,837 | INFO |   Ep 254/300 | Tr loss=0.0926 mae=0.312 r2=0.796 pcc=0.892 | Vl loss=0.5075 mae=0.911 r2=-0.645 pcc=0.560 | ES 95/100
  Ep 255/300 | Tr loss=0.1070 mae=0.328 r2=0.754 pcc=0.869 | Vl loss=0.4872 mae=0.882 r2=-0.581 pcc=0.542 | ES 96/100
2026-06-12 16:23:53,589 | INFO |   Ep 255/300 | Tr loss=0.1070 mae=0.328 r2=0.754 pcc=0.869 | Vl loss=0.4872 mae=0.882 r2=-0.581 pcc=0.542 | ES 96/100
  Ep 256/300 | Tr loss=0.0974 mae=0.316 r2=0.783 pcc=0.885 | Vl loss=0.4918 mae=0.890 r2=-0.588 pcc=0.582 | ES 97/100
2026-06-12 16:24:25,729 | INFO |   Ep 256/300 | Tr loss=0.0974 mae=0.316 r2=0.783 pcc=0.885 | Vl loss=0.4918 mae=0.890 r2=-0.588 pcc=0.582 | ES 97/100
  Ep 257/300 | Tr loss=0.0956 mae=0.317 r2=0.774 pcc=0.880 | Vl loss=0.5357 mae=0.934 r2=-0.763 pcc=0.465 | ES 98/100
2026-06-12 16:24:57,727 | INFO |   Ep 257/300 | Tr loss=0.0956 mae=0.317 r2=0.774 pcc=0.880 | Vl loss=0.5357 mae=0.934 r2=-0.763 pcc=0.465 | ES 98/100
  Ep 258/300 | Tr loss=0.0937 mae=0.312 r2=0.791 pcc=0.889 | Vl loss=0.5076 mae=0.908 r2=-0.655 pcc=0.559 | ES 99/100
2026-06-12 16:25:29,715 | INFO |   Ep 258/300 | Tr loss=0.0937 mae=0.312 r2=0.791 pcc=0.889 | Vl loss=0.5076 mae=0.908 r2=-0.655 pcc=0.559 | ES 99/100
  Ep 259/300 | Tr loss=0.1015 mae=0.326 r2=0.765 pcc=0.876 | Vl loss=0.4970 mae=0.893 r2=-0.623 pcc=0.551 | ES 100/100
2026-06-12 16:26:01,730 | INFO |   Ep 259/300 | Tr loss=0.1015 mae=0.326 r2=0.765 pcc=0.876 | Vl loss=0.4970 mae=0.893 r2=-0.623 pcc=0.551 | ES 100/100

  ⏹  Early stopping at epoch 259 (best=159)
2026-06-12 16:26:01,730 | INFO | Early stopping at epoch 259 best=159

✓ Training complete!

  ── Final Test Results (best epoch = 159) ──────────────────
  Loss : 0.1527
  RMSE : 0.5681
  MAE  : 0.4500
  R²   : 0.5128
  PCC  : 0.8062
  ✓ Saved → /mvdlph/masa/GCN_SingleView_Regression_Results/run_2026_06_12_14_08_01/plots/loss_curve.png
  ✓ Saved → /mvdlph/masa/GCN_SingleView_Regression_Results/run_2026_06_12_14_08_01/plots/rmse_mae.png
  ✓ Saved → /mvdlph/masa/GCN_SingleView_Regression_Results/run_2026_06_12_14_08_01/plots/r2_curve.png
  ✓ Saved → /mvdlph/masa/GCN_SingleView_Regression_Results/run_2026_06_12_14_08_01/plots/pcc_curve.png
  ✓ Saved → /mvdlph/masa/GCN_SingleView_Regression_Results/run_2026_06_12_14_08_01/plots/regression_scatter_test.png
  ✓ Saved → /mvdlph/masa/GCN_SingleView_Regression_Results/run_2026_06_12_14_08_01/plots/regression_scatter_train.png
  ✓ Saved → /mvdlph/masa/GCN_SingleView_Regression_Results/run_2026_06_12_14_08_01/plots/regression_scatter_val.png
  ✓ Saved → /mvdlph/masa/GCN_SingleView_Regression_Results/run_2026_06_12_14_08_01/plots/early_stopping.png
  ✓ History → /mvdlph/masa/GCN_SingleView_Regression_Results/run_2026_06_12_14_08_01/logs/training_history.json
  ✓ NPZ files saved
========================================================================
  Exercise         n      MAE     RMSE       R²      PCC
────────────────────────────────────────────────────────────────────────
  E0             152   0.5262   0.6577   0.2976   0.8406
  E1             107   0.6505   0.7570   0.1650   0.8540
  E2              86   0.3869   0.4424   0.7182   0.9196
  E3              92   0.3347   0.4663   0.6199   0.8194
  E4             106   0.3405   0.4775   0.2758   0.6860
  E5             104   0.4132   0.4938   0.4312   0.8383
  E6             104   0.4350   0.5273   0.5676   0.8179
────────────────────────────────────────────────────────────────────────
  Overall        751   0.4500   0.5681   0.5128   0.8062
========================================================================

  ✓ Per-exercise CSV → /mvdlph/masa/GCN_SingleView_Regression_Results/run_2026_06_12_14_08_01/logs/per_exercise_metrics.csv
  ✓ Per-exercise scatter grid → /mvdlph/masa/GCN_SingleView_Regression_Results/run_2026_06_12_14_08_01/plots/per_exercise_scatter.png
  ✓ Per-exercise bar chart → /mvdlph/masa/GCN_SingleView_Regression_Results/run_2026_06_12_14_08_01/plots/per_exercise_bar.png
  ✓ Per-exercise metrics NPZ saved
=================================================================
  TRAINING SUMMARY — ST-GCN Mid Fusion (3 cameras)
=================================================================
  Cameras          : [0, 1, 2]
  Fusion type      : MID  (feature-level)
  CAM_FEATURE_DIM  : 64  (per camera)
  FUSED_DIM        : 192  (64 × 3)
  Shared backbone  : False
  Best Epoch       : 159  (stopped at 259)
  Best Val MAE     : 0.4705
  Best Val RMSE    : 0.5593
  Best Val R²      : 0.5136
  Best Val PCC     : 0.8095
─────────────────────────────────────────────────────────────────
  Test MAE         : 0.4500
  Test RMSE        : 0.5681
  Test R²          : 0.5128
  Test PCC         : 0.8062
=================================================================
2026-06-12 16:26:34,621 | INFO | Best Epoch=159  stopped_epoch=259
2026-06-12 16:26:34,621 | INFO | Test MAE=0.4500  RMSE=0.5681  R²=0.5128  PCC=0.8062
============================================================
  FIT DIAGNOSIS (best weights)
============================================================
  Metric       Train       Val      Test
────────────────────────────────────────────────────────────
  MAE         0.4117    0.4705    0.4500
  RMSE        0.5422    0.5593    0.5681
  R2          0.6829    0.5136    0.5128
  PCC         0.8533    0.8095    0.8062
============================================================
  ⚠  UNDERFITTING likely

✓ Summary CSV → /mvdlph/masa/GCN_SingleView_Regression_Results/training_summary.csv
