✓ stdout → also writing to /mvdlph/masa/GCN_SingleView_Regression_Results/run_2026_05_06_19_53_45/logs/training_20260506_195345.log
2026-05-06 19:53:45,244 | INFO | ======================================================================
2026-05-06 19:53:45,244 | INFO | ST-GCN Single-View Regression | BZU Physiotherapy Dataset
2026-05-06 19:53:45,245 | INFO | Camera : CNone  |  Split : 70/15/15  |  Epochs : 300  |  Patience : 50
2026-05-06 19:53:45,245 | INFO | Log file : /mvdlph/masa/GCN_SingleView_Regression_Results/run_2026_05_06_19_53_45/logs/training_20260506_195345.log
2026-05-06 19:53:45,245 | INFO | ======================================================================
✓ parse_filename and load_skeleton defined
NPZ files found (all cameras) : 15375

✓ Total samples  (CNone) : 15375
✓ Unique trials              : 61
✓ Quality mean ± std         : 4.126 ± 0.795

✓ Exercise distribution:
0    1752
1    1608
2    1382
3    1596
4    1579
5    1566
6    1570
7    1588
8    1401
9    1333
Name: exercise, dtype: int64
Checking for corrupted files...
  Removing 3 corrupted files from index
    BAD: /mvdlph/Dataset_CVDLPT_Videos_Segments_P0P15_MMPose_human3d_motionbert_H36M_3D_1_2026/E0_P13_T5_C2_seg2_MMPose_human3d_motionbert_3D.npz
    BAD: /mvdlph/Dataset_CVDLPT_Videos_Segments_P0P15_MMPose_human3d_motionbert_H36M_3D_1_2026/E1_P14_T3_C2_seg6_MMPose_human3d_motionbert_3D.npz
    BAD: /mvdlph/Dataset_CVDLPT_Videos_Segments_P0P15_MMPose_human3d_motionbert_H36M_3D_1_2026/E4_P12_T3_C1_seg5_MMPose_human3d_motionbert_3D.npz
  Clean samples remaining: 15372

── Sample rows ──
    exercise person trial_id  segment  quality
0          0     P0       T0        0   4.3667
1          0     P0       T0        1   4.3667
2          0     P0       T0        2   4.3667
3          0     P0       T0        3   4.3667
4          0     P0       T0        4   4.3667
5          0     P0       T0        5   4.3667
6          0     P0       T0        6   4.3667
7          0     P0       T0        7   4.3667
8          0     P0       T0        8   4.3667
9          0     P0       T0        9   4.3667
10         0     P0       T0        0   4.3667
11         0     P0       T0        1   4.3667
12         0     P0       T0        2   4.3667
13         0     P0       T0        3   4.3667
14         0     P0       T0        4   4.3667
0    5147
1    5101
2    5124
Name: camera, dtype: int64

Total samples: 15372
0    5147
1    5101
2    5124
Name: camera, dtype: int64

الكاميرات الموجودة: [0, 1, 2]
camera      0    1    2
exercise               
0         579  588  584
1         532  539  536
2         463  445  474
3         525  545  526
4         522  532  524
5         525  516  525
6         529  529  512
7         529  532  527
8         486  430  485
9         457  445  431
E0: correct=3 trials, erroneous=4 trials
E1: correct=3 trials, erroneous=4 trials
E2: correct=3 trials, erroneous=4 trials
E3: correct=3 trials, erroneous=4 trials
E4: correct=3 trials, erroneous=4 trials
E5: correct=3 trials, erroneous=4 trials
E6: correct=3 trials, erroneous=4 trials
E7: correct=3 trials, erroneous=4 trials
E8: correct=3 trials, erroneous=4 trials
E9: correct=3 trials, erroneous=4 trials
Frame length distribution (sample of 500 files):
  min    = 31
  max    = 545
  mean   = 103.9
  median = 93.0
  std    = 51.5

Percentiles:
   25th = 73
   50th = 93
   75th = 120
   90th = 155
   95th = 178
   99th = 293

Value counts (top 10):
   104 frames →   10 files (2.0%)
    91 frames →   10 files (2.0%)
    73 frames →   10 files (2.0%)
    93 frames →    9 files (1.8%)
    88 frames →    9 files (1.8%)
    82 frames →    9 files (1.8%)
    78 frames →    9 files (1.8%)
    67 frames →    9 files (1.8%)
    65 frames →    9 files (1.8%)
   113 frames →    8 files (1.6%)
✓ Skeleton visualisation helpers defined
person                                                     P0
exercise                                                    0
trial_id                                                   T0
segment                                                     0
filepath    /mvdlph/Dataset_CVDLPT_Videos_Segments_P0P15_M...
Name: 10, dtype: object
Skeleton shape : (61, 17, 3)
X range : [-0.369, 0.592]
Y range : [0.000, 0.994]
Z range : [-0.193, 0.198]
  ✓ Skeleton plot saved → /mvdlph/masa/GCN_SingleView_Regression_Results/run_2026_05_06_19_53_45/plots/sample_skeleton_3views.png
  ✓ Motion frames saved → /mvdlph/masa/GCN_SingleView_Regression_Results/run_2026_05_06_19_53_45/plots/sample_skeleton_motion.png
Axis ranges across all frames:
X: [-0.369, 0.592] — likely left/right
Y: [0.000, 0.994] — likely ???
Z: [-0.193, 0.198] — likely height

Hip  mean XYZ: [0.         0.32057488 0.        ]
Head mean XYZ: [-0.14265826  0.9668146  -0.18420231]

Difference (head - hip): [-0.14265826  0.6462397  -0.18420231]

Camera 0:
  Hip  XYZ: [0.    0.324 0.   ]
  Head XYZ: [-0.144  0.968 -0.183]
  X range: [-0.37, 0.59]
  Z range: [-0.19, 0.20]

Camera 1:
  Hip  XYZ: [0.    0.321 0.   ]
  Head XYZ: [-0.143  0.967 -0.184]
  X range: [-0.37, 0.59]
  Z range: [-0.19, 0.20]

Camera 2:
  Hip  XYZ: [0.    0.316 0.   ]
  Head XYZ: [-0.142  0.966 -0.185]
  X range: [-0.37, 0.59]
  Z range: [-0.19, 0.20]
✓ BZUDataset defined (regression only)
✓ Kipf GCN sanity check passed — output shape: torch.Size([2])
✓ Total trainable parameters: 80,141
✓ GCN_Regression (Kipf & Welling) defined
Device : cuda
GPU    : Tesla V100-PCIE-32GB
✓ centre_and_scale and run_epoch (regression) defined

=======================================================
Samples → train=8453, val=3812, test=3107

Correct vs Erroneous per split:
  Train: correct=5812  erroneous=2641 | mean=4.134 std=0.836
  Val  : correct=2121  erroneous=1691 | mean=4.086 std=0.717
  Test : correct=2024  erroneous=1083 | mean=4.156 std=0.768

✓ Train / Val / Test split ready (person-based)
✓ Plotting helpers (regression) defined
✓ EarlyStopping defined (monitoring MAE)
2026-05-06 19:54:13,636 | INFO | ======================================================================
2026-05-06 19:54:13,636 | INFO | STARTING REGRESSION TRAINING  (with Early Stopping on MAE)
2026-05-06 19:54:13,636 | INFO | ======================================================================
2026-05-06 19:54:13,637 | INFO | train=8453 val=3812 test=3107

════════════════════════════════════════════════════════════════════
  Camera CNone  |  Train: 8453  Val: 3812  Test: 3107
  Patience: 50  |  LR: 0.0003  |  Batch: 48
════════════════════════════════════════════════════════════════════
  Ep   1/300 | Tr loss=0.7066 mae=1.109 r2=-1.747 | Vl loss=0.7755 mae=1.239 r2=-2.861 | Te loss=0.6735 mae=1.092 r2=-1.916 | ES 0/50 ★
2026-05-06 19:54:43,516 | INFO |   Ep   1/300 | Tr loss=0.7066 mae=1.109 r2=-1.747 | Vl loss=0.7755 mae=1.239 r2=-2.861 | Te loss=0.6735 mae=1.092 r2=-1.916 | ES 0/50 ★
    ★ val_mae=1.2388  rmse=1.4090  r2=-2.8615
  Ep   2/300 | Tr loss=0.1922 mae=0.465 r2=0.383 | Vl loss=0.1993 mae=0.505 r2=0.158 | Te loss=0.2169 mae=0.523 r2=0.144 | ES 0/50 ★
2026-05-06 19:55:12,918 | INFO |   Ep   2/300 | Tr loss=0.1922 mae=0.465 r2=0.383 | Vl loss=0.1993 mae=0.505 r2=0.158 | Te loss=0.2169 mae=0.523 r2=0.144 | ES 0/50 ★
    ★ val_mae=0.5054  rmse=0.6578  r2=0.1584
  Ep   3/300 | Tr loss=0.1355 mae=0.380 r2=0.598 | Vl loss=0.1708 mae=0.456 r2=0.290 | Te loss=0.1834 mae=0.472 r2=0.305 | ES 0/50 ★
2026-05-06 19:55:42,045 | INFO |   Ep   3/300 | Tr loss=0.1355 mae=0.380 r2=0.598 | Vl loss=0.1708 mae=0.456 r2=0.290 | Te loss=0.1834 mae=0.472 r2=0.305 | ES 0/50 ★
    ★ val_mae=0.4561  rmse=0.6044  r2=0.2895
  Ep   4/300 | Tr loss=0.1230 mae=0.360 r2=0.635 | Vl loss=0.1517 mae=0.408 r2=0.383 | Te loss=0.1727 mae=0.436 r2=0.357 | ES 0/50 ★
2026-05-06 19:56:11,004 | INFO |   Ep   4/300 | Tr loss=0.1230 mae=0.360 r2=0.635 | Vl loss=0.1517 mae=0.408 r2=0.383 | Te loss=0.1727 mae=0.436 r2=0.357 | ES 0/50 ★
    ★ val_mae=0.4076  rmse=0.5633  r2=0.3828
  Ep   5/300 | Tr loss=0.1181 mae=0.352 r2=0.648 | Vl loss=0.1438 mae=0.389 r2=0.409 | Te loss=0.1739 mae=0.438 r2=0.355 | ES 0/50 ★
2026-05-06 19:56:40,283 | INFO |   Ep   5/300 | Tr loss=0.1181 mae=0.352 r2=0.648 | Vl loss=0.1438 mae=0.389 r2=0.409 | Te loss=0.1739 mae=0.438 r2=0.355 | ES 0/50 ★
    ★ val_mae=0.3889  rmse=0.5510  r2=0.4094
  Ep   6/300 | Tr loss=0.1121 mae=0.342 r2=0.669 | Vl loss=0.1387 mae=0.384 r2=0.433 | Te loss=0.1841 mae=0.443 r2=0.321 | ES 0/50 ★
2026-05-06 19:57:10,505 | INFO |   Ep   6/300 | Tr loss=0.1121 mae=0.342 r2=0.669 | Vl loss=0.1387 mae=0.384 r2=0.433 | Te loss=0.1841 mae=0.443 r2=0.321 | ES 0/50 ★
    ★ val_mae=0.3841  rmse=0.5399  r2=0.4331
  Ep   7/300 | Tr loss=0.1122 mae=0.339 r2=0.670 | Vl loss=0.1537 mae=0.403 r2=0.374 | Te loss=0.1916 mae=0.457 r2=0.291 | ES 1/50
2026-05-06 19:57:50,705 | INFO |   Ep   7/300 | Tr loss=0.1122 mae=0.339 r2=0.670 | Vl loss=0.1537 mae=0.403 r2=0.374 | Te loss=0.1916 mae=0.457 r2=0.291 | ES 1/50
  Ep   8/300 | Tr loss=0.1093 mae=0.335 r2=0.678 | Vl loss=0.1714 mae=0.429 r2=0.293 | Te loss=0.2052 mae=0.474 r2=0.235 | ES 2/50
2026-05-06 19:58:35,522 | INFO |   Ep   8/300 | Tr loss=0.1093 mae=0.335 r2=0.678 | Vl loss=0.1714 mae=0.429 r2=0.293 | Te loss=0.2052 mae=0.474 r2=0.235 | ES 2/50
  Ep   9/300 | Tr loss=0.1065 mae=0.329 r2=0.685 | Vl loss=0.1734 mae=0.434 r2=0.295 | Te loss=0.2072 mae=0.481 r2=0.231 | ES 3/50
2026-05-06 19:59:21,287 | INFO |   Ep   9/300 | Tr loss=0.1065 mae=0.329 r2=0.685 | Vl loss=0.1734 mae=0.434 r2=0.295 | Te loss=0.2072 mae=0.481 r2=0.231 | ES 3/50
  Ep  10/300 | Tr loss=0.1032 mae=0.322 r2=0.696 | Vl loss=0.1615 mae=0.410 r2=0.340 | Te loss=0.1940 mae=0.466 r2=0.283 | ES 4/50
2026-05-06 20:00:06,489 | INFO |   Ep  10/300 | Tr loss=0.1032 mae=0.322 r2=0.696 | Vl loss=0.1615 mae=0.410 r2=0.340 | Te loss=0.1940 mae=0.466 r2=0.283 | ES 4/50
  Ep  11/300 | Tr loss=0.1019 mae=0.317 r2=0.699 | Vl loss=0.1686 mae=0.423 r2=0.309 | Te loss=0.2027 mae=0.472 r2=0.251 | ES 5/50
2026-05-06 20:00:51,752 | INFO |   Ep  11/300 | Tr loss=0.1019 mae=0.317 r2=0.699 | Vl loss=0.1686 mae=0.423 r2=0.309 | Te loss=0.2027 mae=0.472 r2=0.251 | ES 5/50
  Ep  12/300 | Tr loss=0.1014 mae=0.316 r2=0.700 | Vl loss=0.1889 mae=0.442 r2=0.217 | Te loss=0.2114 mae=0.481 r2=0.211 | ES 6/50
2026-05-06 20:01:37,641 | INFO |   Ep  12/300 | Tr loss=0.1014 mae=0.316 r2=0.700 | Vl loss=0.1889 mae=0.442 r2=0.217 | Te loss=0.2114 mae=0.481 r2=0.211 | ES 6/50
  Ep  13/300 | Tr loss=0.0992 mae=0.311 r2=0.707 | Vl loss=0.1799 mae=0.430 r2=0.253 | Te loss=0.2026 mae=0.471 r2=0.247 | ES 7/50
2026-05-06 20:02:23,437 | INFO |   Ep  13/300 | Tr loss=0.0992 mae=0.311 r2=0.707 | Vl loss=0.1799 mae=0.430 r2=0.253 | Te loss=0.2026 mae=0.471 r2=0.247 | ES 7/50
  Ep  14/300 | Tr loss=0.0974 mae=0.309 r2=0.712 | Vl loss=0.1811 mae=0.431 r2=0.252 | Te loss=0.2058 mae=0.480 r2=0.237 | ES 8/50
2026-05-06 20:03:08,714 | INFO |   Ep  14/300 | Tr loss=0.0974 mae=0.309 r2=0.712 | Vl loss=0.1811 mae=0.431 r2=0.252 | Te loss=0.2058 mae=0.480 r2=0.237 | ES 8/50
  Ep  15/300 | Tr loss=0.0972 mae=0.307 r2=0.714 | Vl loss=0.1892 mae=0.448 r2=0.208 | Te loss=0.2093 mae=0.475 r2=0.219 | ES 9/50
2026-05-06 20:03:54,169 | INFO |   Ep  15/300 | Tr loss=0.0972 mae=0.307 r2=0.714 | Vl loss=0.1892 mae=0.448 r2=0.208 | Te loss=0.2093 mae=0.475 r2=0.219 | ES 9/50
  Ep  16/300 | Tr loss=0.0973 mae=0.305 r2=0.713 | Vl loss=0.1737 mae=0.427 r2=0.280 | Te loss=0.1997 mae=0.462 r2=0.265 | ES 10/50
2026-05-06 20:04:39,677 | INFO |   Ep  16/300 | Tr loss=0.0973 mae=0.305 r2=0.713 | Vl loss=0.1737 mae=0.427 r2=0.280 | Te loss=0.1997 mae=0.462 r2=0.265 | ES 10/50
  Ep  17/300 | Tr loss=0.0952 mae=0.305 r2=0.719 | Vl loss=0.2249 mae=0.493 r2=0.026 | Te loss=0.2458 mae=0.513 r2=0.051 | ES 11/50
2026-05-06 20:05:25,153 | INFO |   Ep  17/300 | Tr loss=0.0952 mae=0.305 r2=0.719 | Vl loss=0.2249 mae=0.493 r2=0.026 | Te loss=0.2458 mae=0.513 r2=0.051 | ES 11/50
  Ep  18/300 | Tr loss=0.0958 mae=0.305 r2=0.717 | Vl loss=0.1962 mae=0.458 r2=0.179 | Te loss=0.2109 mae=0.474 r2=0.205 | ES 12/50
2026-05-06 20:06:10,660 | INFO |   Ep  18/300 | Tr loss=0.0958 mae=0.305 r2=0.717 | Vl loss=0.1962 mae=0.458 r2=0.179 | Te loss=0.2109 mae=0.474 r2=0.205 | ES 12/50
  Ep  19/300 | Tr loss=0.0956 mae=0.303 r2=0.717 | Vl loss=0.2077 mae=0.473 r2=0.119 | Te loss=0.2153 mae=0.478 r2=0.185 | ES 13/50
2026-05-06 20:06:56,106 | INFO |   Ep  19/300 | Tr loss=0.0956 mae=0.303 r2=0.717 | Vl loss=0.2077 mae=0.473 r2=0.119 | Te loss=0.2153 mae=0.478 r2=0.185 | ES 13/50
  Ep  20/300 | Tr loss=0.0948 mae=0.301 r2=0.720 | Vl loss=0.2063 mae=0.467 r2=0.121 | Te loss=0.2222 mae=0.481 r2=0.157 | ES 14/50
2026-05-06 20:07:41,781 | INFO |   Ep  20/300 | Tr loss=0.0948 mae=0.301 r2=0.720 | Vl loss=0.2063 mae=0.467 r2=0.121 | Te loss=0.2222 mae=0.481 r2=0.157 | ES 14/50
  Ep  21/300 | Tr loss=0.0945 mae=0.298 r2=0.724 | Vl loss=0.1870 mae=0.444 r2=0.222 | Te loss=0.2039 mae=0.467 r2=0.234 | ES 15/50
2026-05-06 20:08:27,165 | INFO |   Ep  21/300 | Tr loss=0.0945 mae=0.298 r2=0.724 | Vl loss=0.1870 mae=0.444 r2=0.222 | Te loss=0.2039 mae=0.467 r2=0.234 | ES 15/50
  Ep  22/300 | Tr loss=0.0944 mae=0.300 r2=0.722 | Vl loss=0.1880 mae=0.447 r2=0.218 | Te loss=0.1964 mae=0.452 r2=0.263 | ES 16/50
2026-05-06 20:09:12,749 | INFO |   Ep  22/300 | Tr loss=0.0944 mae=0.300 r2=0.722 | Vl loss=0.1880 mae=0.447 r2=0.218 | Te loss=0.1964 mae=0.452 r2=0.263 | ES 16/50
  Ep  23/300 | Tr loss=0.0935 mae=0.299 r2=0.723 | Vl loss=0.1851 mae=0.443 r2=0.228 | Te loss=0.2070 mae=0.461 r2=0.224 | ES 17/50
2026-05-06 20:09:58,166 | INFO |   Ep  23/300 | Tr loss=0.0935 mae=0.299 r2=0.723 | Vl loss=0.1851 mae=0.443 r2=0.228 | Te loss=0.2070 mae=0.461 r2=0.224 | ES 17/50
  Ep  24/300 | Tr loss=0.0946 mae=0.300 r2=0.722 | Vl loss=0.2044 mae=0.470 r2=0.139 | Te loss=0.2171 mae=0.482 r2=0.165 | ES 18/50
2026-05-06 20:10:43,508 | INFO |   Ep  24/300 | Tr loss=0.0946 mae=0.300 r2=0.722 | Vl loss=0.2044 mae=0.470 r2=0.139 | Te loss=0.2171 mae=0.482 r2=0.165 | ES 18/50
  Ep  25/300 | Tr loss=0.0936 mae=0.299 r2=0.723 | Vl loss=0.2243 mae=0.490 r2=0.033 | Te loss=0.2414 mae=0.500 r2=0.071 | ES 19/50
2026-05-06 20:11:28,700 | INFO |   Ep  25/300 | Tr loss=0.0936 mae=0.299 r2=0.723 | Vl loss=0.2243 mae=0.490 r2=0.033 | Te loss=0.2414 mae=0.500 r2=0.071 | ES 19/50
  Ep  26/300 | Tr loss=0.0934 mae=0.297 r2=0.726 | Vl loss=0.2107 mae=0.476 r2=0.103 | Te loss=0.2265 mae=0.482 r2=0.137 | ES 20/50
2026-05-06 20:12:14,067 | INFO |   Ep  26/300 | Tr loss=0.0934 mae=0.297 r2=0.726 | Vl loss=0.2107 mae=0.476 r2=0.103 | Te loss=0.2265 mae=0.482 r2=0.137 | ES 20/50
  Ep  27/300 | Tr loss=0.0931 mae=0.297 r2=0.724 | Vl loss=0.2006 mae=0.468 r2=0.155 | Te loss=0.2153 mae=0.470 r2=0.182 | ES 21/50
2026-05-06 20:12:59,348 | INFO |   Ep  27/300 | Tr loss=0.0931 mae=0.297 r2=0.724 | Vl loss=0.2006 mae=0.468 r2=0.155 | Te loss=0.2153 mae=0.470 r2=0.182 | ES 21/50
  Ep  28/300 | Tr loss=0.0921 mae=0.296 r2=0.728 | Vl loss=0.2190 mae=0.495 r2=0.063 | Te loss=0.2263 mae=0.482 r2=0.133 | ES 22/50
2026-05-06 20:13:46,482 | INFO |   Ep  28/300 | Tr loss=0.0921 mae=0.296 r2=0.728 | Vl loss=0.2190 mae=0.495 r2=0.063 | Te loss=0.2263 mae=0.482 r2=0.133 | ES 22/50
  Ep  29/300 | Tr loss=0.0920 mae=0.296 r2=0.728 | Vl loss=0.2005 mae=0.465 r2=0.151 | Te loss=0.2119 mae=0.470 r2=0.198 | ES 23/50
2026-05-06 20:14:34,554 | INFO |   Ep  29/300 | Tr loss=0.0920 mae=0.296 r2=0.728 | Vl loss=0.2005 mae=0.465 r2=0.151 | Te loss=0.2119 mae=0.470 r2=0.198 | ES 23/50
  Ep  30/300 | Tr loss=0.0933 mae=0.298 r2=0.724 | Vl loss=0.2156 mae=0.481 r2=0.075 | Te loss=0.2290 mae=0.486 r2=0.118 | ES 24/50
2026-05-06 20:15:21,962 | INFO |   Ep  30/300 | Tr loss=0.0933 mae=0.298 r2=0.724 | Vl loss=0.2156 mae=0.481 r2=0.075 | Te loss=0.2290 mae=0.486 r2=0.118 | ES 24/50
  Ep  31/300 | Tr loss=0.0915 mae=0.295 r2=0.730 | Vl loss=0.2362 mae=0.504 r2=-0.038 | Te loss=0.2518 mae=0.509 r2=0.010 | ES 25/50
2026-05-06 20:16:07,564 | INFO |   Ep  31/300 | Tr loss=0.0915 mae=0.295 r2=0.730 | Vl loss=0.2362 mae=0.504 r2=-0.038 | Te loss=0.2518 mae=0.509 r2=0.010 | ES 25/50
  Ep  32/300 | Tr loss=0.0917 mae=0.295 r2=0.729 | Vl loss=0.2529 mae=0.527 r2=-0.118 | Te loss=0.2631 mae=0.518 r2=-0.050 | ES 26/50
2026-05-06 20:16:53,021 | INFO |   Ep  32/300 | Tr loss=0.0917 mae=0.295 r2=0.729 | Vl loss=0.2529 mae=0.527 r2=-0.118 | Te loss=0.2631 mae=0.518 r2=-0.050 | ES 26/50
  Ep  33/300 | Tr loss=0.0927 mae=0.295 r2=0.727 | Vl loss=0.2085 mae=0.472 r2=0.103 | Te loss=0.2256 mae=0.476 r2=0.141 | ES 27/50
2026-05-06 20:17:38,393 | INFO |   Ep  33/300 | Tr loss=0.0927 mae=0.295 r2=0.727 | Vl loss=0.2085 mae=0.472 r2=0.103 | Te loss=0.2256 mae=0.476 r2=0.141 | ES 27/50
  Ep  34/300 | Tr loss=0.0924 mae=0.294 r2=0.729 | Vl loss=0.2251 mae=0.496 r2=0.022 | Te loss=0.2413 mae=0.495 r2=0.060 | ES 28/50
2026-05-06 20:18:23,725 | INFO |   Ep  34/300 | Tr loss=0.0924 mae=0.294 r2=0.729 | Vl loss=0.2251 mae=0.496 r2=0.022 | Te loss=0.2413 mae=0.495 r2=0.060 | ES 28/50
  Ep  35/300 | Tr loss=0.0932 mae=0.295 r2=0.727 | Vl loss=0.2492 mae=0.524 r2=-0.098 | Te loss=0.2611 mae=0.528 r2=-0.036 | ES 29/50
2026-05-06 20:19:09,195 | INFO |   Ep  35/300 | Tr loss=0.0932 mae=0.295 r2=0.727 | Vl loss=0.2492 mae=0.524 r2=-0.098 | Te loss=0.2611 mae=0.528 r2=-0.036 | ES 29/50
  Ep  36/300 | Tr loss=0.0927 mae=0.296 r2=0.726 | Vl loss=0.2314 mae=0.508 r2=-0.000 | Te loss=0.2383 mae=0.497 r2=0.060 | ES 30/50
2026-05-06 20:19:54,666 | INFO |   Ep  36/300 | Tr loss=0.0927 mae=0.296 r2=0.726 | Vl loss=0.2314 mae=0.508 r2=-0.000 | Te loss=0.2383 mae=0.497 r2=0.060 | ES 30/50
  Ep  37/300 | Tr loss=0.0925 mae=0.293 r2=0.730 | Vl loss=0.2316 mae=0.502 r2=-0.009 | Te loss=0.2421 mae=0.501 r2=0.054 | ES 31/50
2026-05-06 20:20:40,555 | INFO |   Ep  37/300 | Tr loss=0.0925 mae=0.293 r2=0.730 | Vl loss=0.2316 mae=0.502 r2=-0.009 | Te loss=0.2421 mae=0.501 r2=0.054 | ES 31/50
  Ep  38/300 | Tr loss=0.0903 mae=0.294 r2=0.733 | Vl loss=0.2954 mae=0.573 r2=-0.340 | Te loss=0.2988 mae=0.565 r2=-0.243 | ES 32/50
2026-05-06 20:21:25,993 | INFO |   Ep  38/300 | Tr loss=0.0903 mae=0.294 r2=0.733 | Vl loss=0.2954 mae=0.573 r2=-0.340 | Te loss=0.2988 mae=0.565 r2=-0.243 | ES 32/50
  Ep  39/300 | Tr loss=0.0901 mae=0.291 r2=0.735 | Vl loss=0.3066 mae=0.590 r2=-0.396 | Te loss=0.3063 mae=0.582 r2=-0.283 | ES 33/50
2026-05-06 20:22:11,607 | INFO |   Ep  39/300 | Tr loss=0.0901 mae=0.291 r2=0.735 | Vl loss=0.3066 mae=0.590 r2=-0.396 | Te loss=0.3063 mae=0.582 r2=-0.283 | ES 33/50
  Ep  40/300 | Tr loss=0.0914 mae=0.293 r2=0.731 | Vl loss=0.3205 mae=0.606 r2=-0.483 | Te loss=0.3152 mae=0.589 r2=-0.345 | ES 34/50
2026-05-06 20:22:57,151 | INFO |   Ep  40/300 | Tr loss=0.0914 mae=0.293 r2=0.731 | Vl loss=0.3205 mae=0.606 r2=-0.483 | Te loss=0.3152 mae=0.589 r2=-0.345 | ES 34/50
  Ep  41/300 | Tr loss=0.0912 mae=0.292 r2=0.731 | Vl loss=0.4002 mae=0.696 r2=-0.955 | Te loss=0.3805 mae=0.670 r2=-0.682 | ES 35/50
2026-05-06 20:23:43,044 | INFO |   Ep  41/300 | Tr loss=0.0912 mae=0.292 r2=0.731 | Vl loss=0.4002 mae=0.696 r2=-0.955 | Te loss=0.3805 mae=0.670 r2=-0.682 | ES 35/50
  Ep  42/300 | Tr loss=0.0903 mae=0.292 r2=0.733 | Vl loss=0.3096 mae=0.587 r2=-0.437 | Te loss=0.3031 mae=0.567 r2=-0.272 | ES 36/50
2026-05-06 20:24:28,259 | INFO |   Ep  42/300 | Tr loss=0.0903 mae=0.292 r2=0.733 | Vl loss=0.3096 mae=0.587 r2=-0.437 | Te loss=0.3031 mae=0.567 r2=-0.272 | ES 36/50
  Ep  43/300 | Tr loss=0.0914 mae=0.291 r2=0.733 | Vl loss=0.2703 mae=0.541 r2=-0.228 | Te loss=0.2782 mae=0.534 r2=-0.129 | ES 37/50
2026-05-06 20:25:13,512 | INFO |   Ep  43/300 | Tr loss=0.0914 mae=0.291 r2=0.733 | Vl loss=0.2703 mae=0.541 r2=-0.228 | Te loss=0.2782 mae=0.534 r2=-0.129 | ES 37/50
  Ep  44/300 | Tr loss=0.0913 mae=0.292 r2=0.733 | Vl loss=0.3533 mae=0.635 r2=-0.685 | Te loss=0.3478 mae=0.626 r2=-0.497 | ES 38/50
2026-05-06 20:25:58,839 | INFO |   Ep  44/300 | Tr loss=0.0913 mae=0.292 r2=0.733 | Vl loss=0.3533 mae=0.635 r2=-0.685 | Te loss=0.3478 mae=0.626 r2=-0.497 | ES 38/50
  Ep  45/300 | Tr loss=0.0898 mae=0.291 r2=0.735 | Vl loss=0.2909 mae=0.572 r2=-0.333 | Te loss=0.2934 mae=0.565 r2=-0.207 | ES 39/50
2026-05-06 20:26:44,476 | INFO |   Ep  45/300 | Tr loss=0.0898 mae=0.291 r2=0.735 | Vl loss=0.2909 mae=0.572 r2=-0.333 | Te loss=0.2934 mae=0.565 r2=-0.207 | ES 39/50
  Ep  46/300 | Tr loss=0.0907 mae=0.291 r2=0.733 | Vl loss=0.2801 mae=0.551 r2=-0.269 | Te loss=0.2929 mae=0.560 r2=-0.195 | ES 40/50
2026-05-06 20:27:30,250 | INFO |   Ep  46/300 | Tr loss=0.0907 mae=0.291 r2=0.733 | Vl loss=0.2801 mae=0.551 r2=-0.269 | Te loss=0.2929 mae=0.560 r2=-0.195 | ES 40/50
  Ep  47/300 | Tr loss=0.0915 mae=0.293 r2=0.732 | Vl loss=0.2931 mae=0.574 r2=-0.334 | Te loss=0.2919 mae=0.562 r2=-0.213 | ES 41/50
2026-05-06 20:28:15,408 | INFO |   Ep  47/300 | Tr loss=0.0915 mae=0.293 r2=0.732 | Vl loss=0.2931 mae=0.574 r2=-0.334 | Te loss=0.2919 mae=0.562 r2=-0.213 | ES 41/50
  Ep  48/300 | Tr loss=0.0904 mae=0.292 r2=0.734 | Vl loss=0.3281 mae=0.623 r2=-0.522 | Te loss=0.3202 mae=0.601 r2=-0.356 | ES 42/50
2026-05-06 20:29:01,136 | INFO |   Ep  48/300 | Tr loss=0.0904 mae=0.292 r2=0.734 | Vl loss=0.3281 mae=0.623 r2=-0.522 | Te loss=0.3202 mae=0.601 r2=-0.356 | ES 42/50
  Ep  49/300 | Tr loss=0.0905 mae=0.292 r2=0.732 | Vl loss=0.3356 mae=0.621 r2=-0.577 | Te loss=0.3334 mae=0.606 r2=-0.418 | ES 43/50
2026-05-06 20:29:46,904 | INFO |   Ep  49/300 | Tr loss=0.0905 mae=0.292 r2=0.732 | Vl loss=0.3356 mae=0.621 r2=-0.577 | Te loss=0.3334 mae=0.606 r2=-0.418 | ES 43/50
  Ep  50/300 | Tr loss=0.0903 mae=0.292 r2=0.733 | Vl loss=0.3623 mae=0.645 r2=-0.734 | Te loss=0.3636 mae=0.638 r2=-0.580 | ES 44/50
2026-05-06 20:30:32,872 | INFO |   Ep  50/300 | Tr loss=0.0903 mae=0.292 r2=0.733 | Vl loss=0.3623 mae=0.645 r2=-0.734 | Te loss=0.3636 mae=0.638 r2=-0.580 | ES 44/50
  Ep  51/300 | Tr loss=0.0902 mae=0.291 r2=0.734 | Vl loss=0.3627 mae=0.646 r2=-0.744 | Te loss=0.3593 mae=0.637 r2=-0.564 | ES 45/50
2026-05-06 20:31:18,483 | INFO |   Ep  51/300 | Tr loss=0.0902 mae=0.291 r2=0.734 | Vl loss=0.3627 mae=0.646 r2=-0.744 | Te loss=0.3593 mae=0.637 r2=-0.564 | ES 45/50
  Ep  52/300 | Tr loss=0.0914 mae=0.292 r2=0.732 | Vl loss=0.3754 mae=0.663 r2=-0.813 | Te loss=0.3647 mae=0.641 r2=-0.591 | ES 46/50
2026-05-06 20:32:03,882 | INFO |   Ep  52/300 | Tr loss=0.0914 mae=0.292 r2=0.732 | Vl loss=0.3754 mae=0.663 r2=-0.813 | Te loss=0.3647 mae=0.641 r2=-0.591 | ES 46/50
  Ep  53/300 | Tr loss=0.0900 mae=0.289 r2=0.735 | Vl loss=0.3500 mae=0.642 r2=-0.663 | Te loss=0.3384 mae=0.614 r2=-0.454 | ES 47/50
2026-05-06 20:32:49,493 | INFO |   Ep  53/300 | Tr loss=0.0900 mae=0.289 r2=0.735 | Vl loss=0.3500 mae=0.642 r2=-0.663 | Te loss=0.3384 mae=0.614 r2=-0.454 | ES 47/50
  Ep  54/300 | Tr loss=0.0903 mae=0.292 r2=0.733 | Vl loss=0.4254 mae=0.719 r2=-1.117 | Te loss=0.4078 mae=0.692 r2=-0.853 | ES 48/50
2026-05-06 20:33:34,960 | INFO |   Ep  54/300 | Tr loss=0.0903 mae=0.292 r2=0.733 | Vl loss=0.4254 mae=0.719 r2=-1.117 | Te loss=0.4078 mae=0.692 r2=-0.853 | ES 48/50
  Ep  55/300 | Tr loss=0.0895 mae=0.290 r2=0.735 | Vl loss=0.4143 mae=0.708 r2=-1.053 | Te loss=0.3961 mae=0.677 r2=-0.774 | ES 49/50
2026-05-06 20:34:20,524 | INFO |   Ep  55/300 | Tr loss=0.0895 mae=0.290 r2=0.735 | Vl loss=0.4143 mae=0.708 r2=-1.053 | Te loss=0.3961 mae=0.677 r2=-0.774 | ES 49/50
  Ep  56/300 | Tr loss=0.0896 mae=0.289 r2=0.738 | Vl loss=0.3455 mae=0.633 r2=-0.644 | Te loss=0.3285 mae=0.604 r2=-0.398 | ES 50/50
2026-05-06 20:35:05,933 | INFO |   Ep  56/300 | Tr loss=0.0896 mae=0.289 r2=0.738 | Vl loss=0.3455 mae=0.633 r2=-0.644 | Te loss=0.3285 mae=0.604 r2=-0.398 | ES 50/50

  ⏹  Early stopping at epoch 56 (best=6)
2026-05-06 20:35:05,934 | INFO | Early stopping at epoch 56 best=6

✓ Training complete!

  ── Final Test Results (best epoch = 6) ──────────────────
  Loss : 0.1841
  RMSE : 0.6322
  MAE  : 0.4426
  R²   : 0.3213
  ✓ Saved → /mvdlph/masa/GCN_SingleView_Regression_Results/run_2026_05_06_19_53_45/plots/loss_curve.png
  ✓ Saved → /mvdlph/masa/GCN_SingleView_Regression_Results/run_2026_05_06_19_53_45/plots/rmse_mae.png
  ✓ Saved → /mvdlph/masa/GCN_SingleView_Regression_Results/run_2026_05_06_19_53_45/plots/r2_curve.png
  ✓ Saved → /mvdlph/masa/GCN_SingleView_Regression_Results/run_2026_05_06_19_53_45/plots/regression_scatter_test.png
  ✓ Saved → /mvdlph/masa/GCN_SingleView_Regression_Results/run_2026_05_06_19_53_45/plots/early_stopping.png
  ✓ History → /mvdlph/masa/GCN_SingleView_Regression_Results/run_2026_05_06_19_53_45/logs/training_history.json
============================================================
DIAGNOSTIC 1: Per-exercise skeleton variance (C0)
============================================================
  Exercise      X-var      Y-var      Z-var  Z/X ratio
-------------------------------------------------------
        E0     0.0459     0.0678     0.0083      0.181
        E1     0.0503     0.0691     0.0089      0.178
        E2     0.0418     0.0730     0.0097      0.232
        E3     0.0478     0.0716     0.0102      0.213
        E4     0.0504     0.0719     0.0100      0.199
        E5     0.0437     0.0658     0.0087      0.199
        E6     0.0494     0.0712     0.0096      0.194
        E7     0.0497     0.0706     0.0095      0.192
        E8     0.0443     0.0672     0.0091      0.206
        E9     0.0512     0.0717     0.0097      0.190

============================================================
DIAGNOSTIC 2: Quality score distribution per split
============================================================
 Train: mean=4.134 std=0.836 min=1.34 max=5.00 | correct=5812 erroneous=2641
   Val: mean=4.086 std=0.717 min=1.58 max=5.00 | correct=2121 erroneous=1691
  Test: mean=4.156 std=0.768 min=1.80 max=5.00 | correct=2024 erroneous=1083
============================================================
  TRAINING SUMMARY — ST-GCN Regression (Single View)
============================================================
  Best Epoch       : 6  (stopped at 56)
  Best Val MAE     : 0.3841
  Best Val RMSE    : 0.5399
  Best Val R²      : 0.4331
────────────────────────────────────────────────────────────
  Test MAE         : 0.4426
  Test RMSE        : 0.6322
  Test R²          : 0.3213
============================================================
2026-05-06 20:35:24,605 | INFO | Best Epoch=6  stopped_epoch=56
2026-05-06 20:35:24,606 | INFO | Test MAE=0.4426
2026-05-06 20:35:24,606 | INFO | Test RMSE=0.6322
2026-05-06 20:35:24,606 | INFO | Test R²=0.3213

✓ Summary CSV saved → /mvdlph/masa/GCN_SingleView_Regression_Results/training_summary.csv
2026-05-06 20:35:24,609 | INFO | ✓ All done!
