✓ stdout → also writing to /mvdlph/masa/GCN_SingleView_Regression_Results/run_2026_05_13_13_28_38/logs/training_20260513_132838.log
2026-05-13 13:28:38,987 | INFO | ======================================================================
2026-05-13 13:28:38,987 | INFO | ST-GCN Single-View Regression | BZU Physiotherapy Dataset
2026-05-13 13:28:38,987 | INFO | Camera : CNone  |  Split : 70/15/15  |  Epochs : 300  |  Patience : 80
2026-05-13 13:28:38,987 | INFO | Log file : /mvdlph/masa/GCN_SingleView_Regression_Results/run_2026_05_13_13_28_38/logs/training_20260513_132838.log
2026-05-13 13:28:38,988 | INFO | ======================================================================
✓ parse_filename and load_skeleton defined

[TRAIN] NPZ files found : 9477
  Samples          : 9477
  Unique trials    : 327
  Quality mean±std : 4.127 ± 0.812
  Exercise dist    :
0     961
1     966
2     829
3     979
4     970
5     933
6     954
7     965
8     903
9    1017

[VALID] NPZ files found : 2790
  Samples          : 2790
  Unique trials    : 100
  Quality mean±std : 4.232 ± 0.741
  Exercise dist    :
0    326
1    316
2    295
3    298
4    322
5    312
6    302
7    304
8    181
9    134

[TEST] NPZ files found : 3108
  Samples          : 3108
  Unique trials    : 107
  Quality mean±std : 4.031 ± 0.777
  Exercise dist    :
0    465
1    326
2    258
3    319
4    287
5    321
6    314
7    319
8    317
9    182

Checking for corrupted files...
  [TRAIN] Removing 1 corrupted file(s)
  [TRAIN] Clean samples : 9476
  [VALID] Clean samples : 2790
  [TEST] Removing 2 corrupted file(s)
  [TEST] Clean samples : 3106

✓ No data-leakage detected across splits

════════════════════════════════════════════════════════════════════
  Split     Samples   Correct   Erroneous   Q mean   Q std   Q min   Q max
  ──────────────────────────────────────────────────────────────────
  Train        9476      6037        3439    4.127   0.812   1.340   5.000
  Val          2790      1905         885    4.232   0.741   2.280   5.000
  Test         3106      2015        1091    4.032   0.777   2.140   5.000
════════════════════════════════════════════════════════════════════

✓ Pre-split index ready  →  train / val / test DataFrames built
0    5147
1    5101
2    5124
Name: camera, dtype: int64

الكاميرات الموجودة: [0, 1, 2]
camera      0    1    2
exercise               
0         579  588  584
1         532  539  536
2         463  445  474
3         525  545  526
4         522  532  524
5         525  516  525
6         529  529  512
7         529  532  527
8         486  430  485
9         457  445  431
E0: correct=3 trials, erroneous=4 trials
E1: correct=3 trials, erroneous=4 trials
E2: correct=3 trials, erroneous=4 trials
E3: correct=3 trials, erroneous=4 trials
E4: correct=3 trials, erroneous=4 trials
E5: correct=3 trials, erroneous=4 trials
E6: correct=3 trials, erroneous=4 trials
E7: correct=3 trials, erroneous=4 trials
E8: correct=3 trials, erroneous=4 trials
E9: correct=3 trials, erroneous=4 trials
Frame length distribution (sample of 500 files):
  min    = 28
  max    = 301
  mean   = 100.0
  median = 91.0
  std    = 39.3

Percentiles:
   25th = 72
   50th = 91
   75th = 121
   90th = 145
   95th = 176
   99th = 231

Value counts (top 10):
    79 frames →   14 files (2.8%)
    91 frames →   12 files (2.4%)
    87 frames →   11 files (2.2%)
    68 frames →   11 files (2.2%)
    90 frames →   10 files (2.0%)
   107 frames →    9 files (1.8%)
    76 frames →    9 files (1.8%)
    71 frames →    9 files (1.8%)
    84 frames →    8 files (1.6%)
    81 frames →    8 files (1.6%)
✓ Skeleton visualisation helpers defined
person                                                     P0
exercise                                                    0
trial_id                                                   T0
segment                                                     0
filepath    /mvdlph/Dataset_CVDLPT_Videos_Segments_P0P15_M...
Name: 10, dtype: object
Skeleton shape : (61, 17, 3)
X range : [-0.369, 0.592]
Y range : [-0.193, 0.198]
Z range : [0.000, 0.994]
  ✓ Skeleton plot saved → /mvdlph/masa/GCN_SingleView_Regression_Results/run_2026_05_13_13_28_38/plots/sample_skeleton_3views.png
  ✓ Motion frames saved → /mvdlph/masa/GCN_SingleView_Regression_Results/run_2026_05_13_13_28_38/plots/sample_skeleton_motion.png
Axis ranges across all frames:
X: [-0.369, 0.592] — likely left/right
Y: [-0.193, 0.198] — likely ???
Z: [0.000, 0.994] — likely height

Hip  mean XYZ: [0.         0.         0.32057488]
Head mean XYZ: [-0.14265826 -0.18420231  0.9668146 ]

Difference (head - hip): [-0.14265826 -0.18420231  0.6462397 ]

Camera 0:
  Hip  XYZ: [0.    0.    0.324]
  Head XYZ: [-0.144 -0.183  0.968]
  X range: [-0.37, 0.59]
  Z range: [0.00, 0.99]

Camera 1:
  Hip  XYZ: [0.    0.    0.321]
  Head XYZ: [-0.143 -0.184  0.967]
  X range: [-0.37, 0.59]
  Z range: [0.00, 0.99]

Camera 2:
  Hip  XYZ: [0.    0.    0.316]
  Head XYZ: [-0.142 -0.185  0.966]
  X range: [-0.37, 0.59]
  Z range: [0.00, 0.99]
✓ BZUDataset defined (regression only)
✓ Kipf GCN sanity check passed — output shape: torch.Size([2])
✓ Total trainable parameters: 681,485
✓ GCN_Regression (Kipf & Welling) defined
Device : cuda
GPU    : Tesla V100-PCIE-32GB
✓ centre_and_scale and run_epoch (regression) defined
=================================================================
Quality score distribution audit
=================================================================
  ✓ Saved → /mvdlph/masa/GCN_SingleView_Regression_Results/run_2026_05_13_13_28_38/plots/split_quality_distributions.png

Split    Type              n    mean     std    min    25%    50%    75%    max
----------------------------------------------------------------------
Train    Correct (T≤2)   6037   4.593   0.302   3.68   4.41   4.62   4.84   5.00
Train    Erroneous (T≥3)   3439   3.310   0.781   1.34   2.83   3.44   3.86   4.82

Val      Correct (T≤2)   1905   4.648   0.300   3.56   4.50   4.72   4.86   5.00
Val      Erroneous (T≥3)    885   3.337   0.601   2.28   2.85   3.20   3.80   4.72

Test     Correct (T≤2)   2015   4.491   0.417   3.40   4.20   4.58   4.80   5.00
Test     Erroneous (T≥3)   1091   3.183   0.535   2.14   2.74   3.22   3.54   4.38

=================================================================
Person distribution across splits
=================================================================
  Train : ['P0', 'P10', 'P14', 'P15', 'P2', 'P3', 'P4', 'P5', 'P7']
  Val   : ['P1', 'P11', 'P6']
  Test  : ['P12', 'P13', 'P8', 'P9']

Per-person quality mean per split:

  Train:
         mean    std  count
person                     
P0      4.509  0.341    857
P10     3.281  0.914   1499
P14     3.660  0.847   1354
P15     3.647  0.702   1412
P2      4.729  0.191    882
P3      4.594  0.221    864
P4      4.575  0.269    858
P5      4.663  0.261    880
P7      4.655  0.226    870

  Val:
         mean    std  count
person                     
P1      4.795  0.138    866
P11     3.523  0.699   1087
P6      4.570  0.280    837

  Test:
         mean    std  count
person                     
P12     3.148  0.661    668
P13     3.684  0.648    693
P8      4.603  0.324    872
P9      4.413  0.459    873

=================================================================
Exercise balance across splits
=================================================================
    Train  Val  Test  Train%  Val%  Test%
E0    961  326   464    10.1  11.7   14.9
E1    965  316   326    10.2  11.3   10.5
E2    829  295   258     8.7  10.6    8.3
E3    979  298   319    10.3  10.7   10.3
E4    970  322   286    10.2  11.5    9.2
E5    933  312   321     9.8  11.2   10.3
E6    954  302   314    10.1  10.8   10.1
E7    965  304   319    10.2  10.9   10.3
E8    903  181   317     9.5   6.5   10.2
E9   1017  134   182    10.7   4.8    5.9
✓ Plotting helpers (regression) defined
✓ EarlyStopping defined (monitoring MAE)
2026-05-13 13:29:09,852 | INFO | ======================================================================
2026-05-13 13:29:09,853 | INFO | STARTING REGRESSION TRAINING  (with Early Stopping on MAE)
2026-05-13 13:29:09,853 | INFO | ======================================================================
2026-05-13 13:29:09,853 | INFO | train=9476 val=2790 test=3106

════════════════════════════════════════════════════════════════════
  Camera CNone  |  Train: 9476  Val: 2790  Test: 3106
  Patience: 80  |  LR: 1e-4  |  Batch: 48
════════════════════════════════════════════════════════════════════
  Ep   1/300 | Tr loss=0.3191 mae=0.629 r2=-0.205 pcc=0.460 | Vl loss=0.1311 mae=0.390 r2=0.502 pcc=0.797 | ES 0/80 ★
2026-05-13 13:29:35,654 | INFO |   Ep   1/300 | Tr loss=0.3191 mae=0.629 r2=-0.205 pcc=0.460 | Vl loss=0.1311 mae=0.390 r2=0.502 pcc=0.797 | ES 0/80 ★
    ★ val_mae=0.3900  rmse=0.5224  r2=0.5021  pcc=0.7966
  Ep   2/300 | Tr loss=0.2155 mae=0.500 r2=0.263 pcc=0.632 | Vl loss=0.0947 mae=0.318 r2=0.646 pcc=0.834 | ES 0/80 ★
2026-05-13 13:30:00,833 | INFO |   Ep   2/300 | Tr loss=0.2155 mae=0.500 r2=0.263 pcc=0.632 | Vl loss=0.0947 mae=0.318 r2=0.646 pcc=0.834 | ES 0/80 ★
    ★ val_mae=0.3182  rmse=0.4408  r2=0.6456  pcc=0.8342
  Ep   3/300 | Tr loss=0.1870 mae=0.460 r2=0.382 pcc=0.672 | Vl loss=0.0842 mae=0.283 r2=0.684 pcc=0.835 | ES 0/80 ★
2026-05-13 13:30:26,007 | INFO |   Ep   3/300 | Tr loss=0.1870 mae=0.460 r2=0.382 pcc=0.672 | Vl loss=0.0842 mae=0.283 r2=0.684 pcc=0.835 | ES 0/80 ★
    ★ val_mae=0.2827  rmse=0.4160  r2=0.6842  pcc=0.8348
  Ep   4/300 | Tr loss=0.1785 mae=0.445 r2=0.411 pcc=0.675 | Vl loss=0.0785 mae=0.276 r2=0.706 pcc=0.845 | ES 0/80 ★
2026-05-13 13:30:51,079 | INFO |   Ep   4/300 | Tr loss=0.1785 mae=0.445 r2=0.411 pcc=0.675 | Vl loss=0.0785 mae=0.276 r2=0.706 pcc=0.845 | ES 0/80 ★
    ★ val_mae=0.2758  rmse=0.4012  r2=0.7063  pcc=0.8451
  Ep   5/300 | Tr loss=0.1683 mae=0.428 r2=0.450 pcc=0.692 | Vl loss=0.0868 mae=0.307 r2=0.676 pcc=0.839 | ES 1/80
2026-05-13 13:31:16,493 | INFO |   Ep   5/300 | Tr loss=0.1683 mae=0.428 r2=0.450 pcc=0.692 | Vl loss=0.0868 mae=0.307 r2=0.676 pcc=0.839 | ES 1/80
  Ep   6/300 | Tr loss=0.1675 mae=0.423 r2=0.451 pcc=0.688 | Vl loss=0.0932 mae=0.327 r2=0.653 pcc=0.833 | ES 2/80
2026-05-13 13:31:42,134 | INFO |   Ep   6/300 | Tr loss=0.1675 mae=0.423 r2=0.451 pcc=0.688 | Vl loss=0.0932 mae=0.327 r2=0.653 pcc=0.833 | ES 2/80
  Ep   7/300 | Tr loss=0.1591 mae=0.410 r2=0.482 pcc=0.704 | Vl loss=0.0913 mae=0.318 r2=0.661 pcc=0.837 | ES 3/80
2026-05-13 13:32:07,520 | INFO |   Ep   7/300 | Tr loss=0.1591 mae=0.410 r2=0.482 pcc=0.704 | Vl loss=0.0913 mae=0.318 r2=0.661 pcc=0.837 | ES 3/80
  Ep   8/300 | Tr loss=0.1574 mae=0.407 r2=0.488 pcc=0.706 | Vl loss=0.0992 mae=0.343 r2=0.630 pcc=0.841 | ES 4/80
2026-05-13 13:32:33,007 | INFO |   Ep   8/300 | Tr loss=0.1574 mae=0.407 r2=0.488 pcc=0.706 | Vl loss=0.0992 mae=0.343 r2=0.630 pcc=0.841 | ES 4/80
  Ep   9/300 | Tr loss=0.1525 mae=0.397 r2=0.504 pcc=0.716 | Vl loss=0.0971 mae=0.335 r2=0.637 pcc=0.842 | ES 5/80
2026-05-13 13:32:58,916 | INFO |   Ep   9/300 | Tr loss=0.1525 mae=0.397 r2=0.504 pcc=0.716 | Vl loss=0.0971 mae=0.335 r2=0.637 pcc=0.842 | ES 5/80
  Ep  10/300 | Tr loss=0.1512 mae=0.392 r2=0.510 pcc=0.719 | Vl loss=0.1078 mae=0.368 r2=0.598 pcc=0.842 | ES 6/80
2026-05-13 13:33:24,164 | INFO |   Ep  10/300 | Tr loss=0.1512 mae=0.392 r2=0.510 pcc=0.719 | Vl loss=0.1078 mae=0.368 r2=0.598 pcc=0.842 | ES 6/80
  Ep  11/300 | Tr loss=0.1478 mae=0.388 r2=0.522 pcc=0.726 | Vl loss=0.1012 mae=0.355 r2=0.623 pcc=0.844 | ES 7/80
2026-05-13 13:33:49,486 | INFO |   Ep  11/300 | Tr loss=0.1478 mae=0.388 r2=0.522 pcc=0.726 | Vl loss=0.1012 mae=0.355 r2=0.623 pcc=0.844 | ES 7/80
  Ep  12/300 | Tr loss=0.1483 mae=0.389 r2=0.520 pcc=0.724 | Vl loss=0.0954 mae=0.342 r2=0.643 pcc=0.853 | ES 8/80
2026-05-13 13:34:14,926 | INFO |   Ep  12/300 | Tr loss=0.1483 mae=0.389 r2=0.520 pcc=0.724 | Vl loss=0.0954 mae=0.342 r2=0.643 pcc=0.853 | ES 8/80
  Ep  13/300 | Tr loss=0.1463 mae=0.384 r2=0.527 pcc=0.729 | Vl loss=0.0928 mae=0.340 r2=0.654 pcc=0.851 | ES 9/80
2026-05-13 13:34:40,314 | INFO |   Ep  13/300 | Tr loss=0.1463 mae=0.384 r2=0.527 pcc=0.729 | Vl loss=0.0928 mae=0.340 r2=0.654 pcc=0.851 | ES 9/80
  Ep  14/300 | Tr loss=0.1453 mae=0.383 r2=0.532 pcc=0.732 | Vl loss=0.0895 mae=0.327 r2=0.666 pcc=0.852 | ES 10/80
2026-05-13 13:35:05,608 | INFO |   Ep  14/300 | Tr loss=0.1453 mae=0.383 r2=0.532 pcc=0.732 | Vl loss=0.0895 mae=0.327 r2=0.666 pcc=0.852 | ES 10/80
  Ep  15/300 | Tr loss=0.1435 mae=0.380 r2=0.535 pcc=0.734 | Vl loss=0.0880 mae=0.322 r2=0.671 pcc=0.853 | ES 11/80
2026-05-13 13:35:31,177 | INFO |   Ep  15/300 | Tr loss=0.1435 mae=0.380 r2=0.535 pcc=0.734 | Vl loss=0.0880 mae=0.322 r2=0.671 pcc=0.853 | ES 11/80
  Ep  16/300 | Tr loss=0.1408 mae=0.377 r2=0.545 pcc=0.740 | Vl loss=0.0825 mae=0.314 r2=0.693 pcc=0.859 | ES 12/80
2026-05-13 13:35:56,941 | INFO |   Ep  16/300 | Tr loss=0.1408 mae=0.377 r2=0.545 pcc=0.740 | Vl loss=0.0825 mae=0.314 r2=0.693 pcc=0.859 | ES 12/80
  Ep  17/300 | Tr loss=0.1403 mae=0.374 r2=0.547 pcc=0.741 | Vl loss=0.0863 mae=0.323 r2=0.679 pcc=0.855 | ES 13/80
2026-05-13 13:36:22,285 | INFO |   Ep  17/300 | Tr loss=0.1403 mae=0.374 r2=0.547 pcc=0.741 | Vl loss=0.0863 mae=0.323 r2=0.679 pcc=0.855 | ES 13/80
  Ep  18/300 | Tr loss=0.1402 mae=0.372 r2=0.547 pcc=0.741 | Vl loss=0.0825 mae=0.314 r2=0.692 pcc=0.856 | ES 14/80
2026-05-13 13:36:47,660 | INFO |   Ep  18/300 | Tr loss=0.1402 mae=0.372 r2=0.547 pcc=0.741 | Vl loss=0.0825 mae=0.314 r2=0.692 pcc=0.856 | ES 14/80
  Ep  19/300 | Tr loss=0.1423 mae=0.376 r2=0.540 pcc=0.737 | Vl loss=0.0848 mae=0.319 r2=0.684 pcc=0.857 | ES 15/80
2026-05-13 13:37:12,952 | INFO |   Ep  19/300 | Tr loss=0.1423 mae=0.376 r2=0.540 pcc=0.737 | Vl loss=0.0848 mae=0.319 r2=0.684 pcc=0.857 | ES 15/80
  Ep  20/300 | Tr loss=0.1398 mae=0.373 r2=0.547 pcc=0.741 | Vl loss=0.0835 mae=0.313 r2=0.688 pcc=0.857 | ES 16/80
2026-05-13 13:37:38,602 | INFO |   Ep  20/300 | Tr loss=0.1398 mae=0.373 r2=0.547 pcc=0.741 | Vl loss=0.0835 mae=0.313 r2=0.688 pcc=0.857 | ES 16/80
  Ep  21/300 | Tr loss=0.1386 mae=0.370 r2=0.553 pcc=0.745 | Vl loss=0.0799 mae=0.301 r2=0.702 pcc=0.854 | ES 17/80
2026-05-13 13:38:03,983 | INFO |   Ep  21/300 | Tr loss=0.1386 mae=0.370 r2=0.553 pcc=0.745 | Vl loss=0.0799 mae=0.301 r2=0.702 pcc=0.854 | ES 17/80
  Ep  22/300 | Tr loss=0.1372 mae=0.368 r2=0.556 pcc=0.747 | Vl loss=0.0822 mae=0.303 r2=0.692 pcc=0.856 | ES 18/80
2026-05-13 13:38:29,384 | INFO |   Ep  22/300 | Tr loss=0.1372 mae=0.368 r2=0.556 pcc=0.747 | Vl loss=0.0822 mae=0.303 r2=0.692 pcc=0.856 | ES 18/80
  Ep  23/300 | Tr loss=0.1376 mae=0.366 r2=0.555 pcc=0.746 | Vl loss=0.0827 mae=0.308 r2=0.691 pcc=0.854 | ES 19/80
2026-05-13 13:38:54,928 | INFO |   Ep  23/300 | Tr loss=0.1376 mae=0.366 r2=0.555 pcc=0.746 | Vl loss=0.0827 mae=0.308 r2=0.691 pcc=0.854 | ES 19/80
  Ep  24/300 | Tr loss=0.1370 mae=0.366 r2=0.556 pcc=0.747 | Vl loss=0.0849 mae=0.311 r2=0.681 pcc=0.854 | ES 20/80
2026-05-13 13:39:20,389 | INFO |   Ep  24/300 | Tr loss=0.1370 mae=0.366 r2=0.556 pcc=0.747 | Vl loss=0.0849 mae=0.311 r2=0.681 pcc=0.854 | ES 20/80
  Ep  25/300 | Tr loss=0.1352 mae=0.362 r2=0.562 pcc=0.751 | Vl loss=0.0805 mae=0.303 r2=0.699 pcc=0.856 | ES 21/80
2026-05-13 13:39:45,863 | INFO |   Ep  25/300 | Tr loss=0.1352 mae=0.362 r2=0.562 pcc=0.751 | Vl loss=0.0805 mae=0.303 r2=0.699 pcc=0.856 | ES 21/80
  Ep  26/300 | Tr loss=0.1332 mae=0.360 r2=0.569 pcc=0.755 | Vl loss=0.0822 mae=0.301 r2=0.693 pcc=0.849 | ES 22/80
2026-05-13 13:40:11,120 | INFO |   Ep  26/300 | Tr loss=0.1332 mae=0.360 r2=0.569 pcc=0.755 | Vl loss=0.0822 mae=0.301 r2=0.693 pcc=0.849 | ES 22/80
  Ep  27/300 | Tr loss=0.1347 mae=0.362 r2=0.564 pcc=0.752 | Vl loss=0.0795 mae=0.300 r2=0.702 pcc=0.854 | ES 23/80
2026-05-13 13:40:36,378 | INFO |   Ep  27/300 | Tr loss=0.1347 mae=0.362 r2=0.564 pcc=0.752 | Vl loss=0.0795 mae=0.300 r2=0.702 pcc=0.854 | ES 23/80
  Ep  28/300 | Tr loss=0.1330 mae=0.360 r2=0.569 pcc=0.755 | Vl loss=0.0817 mae=0.306 r2=0.694 pcc=0.853 | ES 24/80
2026-05-13 13:41:01,770 | INFO |   Ep  28/300 | Tr loss=0.1330 mae=0.360 r2=0.569 pcc=0.755 | Vl loss=0.0817 mae=0.306 r2=0.694 pcc=0.853 | ES 24/80
  Ep  29/300 | Tr loss=0.1318 mae=0.357 r2=0.573 pcc=0.758 | Vl loss=0.0828 mae=0.304 r2=0.689 pcc=0.851 | ES 25/80
2026-05-13 13:41:27,163 | INFO |   Ep  29/300 | Tr loss=0.1318 mae=0.357 r2=0.573 pcc=0.758 | Vl loss=0.0828 mae=0.304 r2=0.689 pcc=0.851 | ES 25/80
  Ep  30/300 | Tr loss=0.1329 mae=0.358 r2=0.569 pcc=0.755 | Vl loss=0.0823 mae=0.303 r2=0.690 pcc=0.850 | ES 26/80
2026-05-13 13:41:52,610 | INFO |   Ep  30/300 | Tr loss=0.1329 mae=0.358 r2=0.569 pcc=0.755 | Vl loss=0.0823 mae=0.303 r2=0.690 pcc=0.850 | ES 26/80
  Ep  31/300 | Tr loss=0.1320 mae=0.355 r2=0.573 pcc=0.758 | Vl loss=0.0798 mae=0.296 r2=0.699 pcc=0.849 | ES 27/80
2026-05-13 13:42:18,297 | INFO |   Ep  31/300 | Tr loss=0.1320 mae=0.355 r2=0.573 pcc=0.758 | Vl loss=0.0798 mae=0.296 r2=0.699 pcc=0.849 | ES 27/80
  Ep  32/300 | Tr loss=0.1320 mae=0.355 r2=0.574 pcc=0.759 | Vl loss=0.0787 mae=0.302 r2=0.706 pcc=0.850 | ES 28/80
2026-05-13 13:42:43,722 | INFO |   Ep  32/300 | Tr loss=0.1320 mae=0.355 r2=0.574 pcc=0.759 | Vl loss=0.0787 mae=0.302 r2=0.706 pcc=0.850 | ES 28/80
  Ep  33/300 | Tr loss=0.1299 mae=0.353 r2=0.579 pcc=0.762 | Vl loss=0.0807 mae=0.302 r2=0.698 pcc=0.850 | ES 29/80
2026-05-13 13:43:09,272 | INFO |   Ep  33/300 | Tr loss=0.1299 mae=0.353 r2=0.579 pcc=0.762 | Vl loss=0.0807 mae=0.302 r2=0.698 pcc=0.850 | ES 29/80
  Ep  34/300 | Tr loss=0.1308 mae=0.355 r2=0.575 pcc=0.759 | Vl loss=0.0755 mae=0.288 r2=0.717 pcc=0.858 | ES 30/80
2026-05-13 13:43:34,744 | INFO |   Ep  34/300 | Tr loss=0.1308 mae=0.355 r2=0.575 pcc=0.759 | Vl loss=0.0755 mae=0.288 r2=0.717 pcc=0.858 | ES 30/80
Epoch 00035: reducing learning rate of group 0 to 5.0000e-05.
  Ep  35/300 | Tr loss=0.1306 mae=0.353 r2=0.577 pcc=0.761 | Vl loss=0.0776 mae=0.297 r2=0.710 pcc=0.854 | ES 31/80
2026-05-13 13:44:00,187 | INFO |   Ep  35/300 | Tr loss=0.1306 mae=0.353 r2=0.577 pcc=0.761 | Vl loss=0.0776 mae=0.297 r2=0.710 pcc=0.854 | ES 31/80
  Ep  36/300 | Tr loss=0.1297 mae=0.354 r2=0.580 pcc=0.762 | Vl loss=0.0763 mae=0.293 r2=0.716 pcc=0.854 | ES 32/80
2026-05-13 13:44:25,647 | INFO |   Ep  36/300 | Tr loss=0.1297 mae=0.354 r2=0.580 pcc=0.762 | Vl loss=0.0763 mae=0.293 r2=0.716 pcc=0.854 | ES 32/80
  Ep  37/300 | Tr loss=0.1282 mae=0.349 r2=0.585 pcc=0.766 | Vl loss=0.0776 mae=0.297 r2=0.711 pcc=0.853 | ES 33/80
2026-05-13 13:44:51,060 | INFO |   Ep  37/300 | Tr loss=0.1282 mae=0.349 r2=0.585 pcc=0.766 | Vl loss=0.0776 mae=0.297 r2=0.711 pcc=0.853 | ES 33/80
  Ep  38/300 | Tr loss=0.1295 mae=0.352 r2=0.581 pcc=0.762 | Vl loss=0.0788 mae=0.299 r2=0.706 pcc=0.850 | ES 34/80
2026-05-13 13:45:16,428 | INFO |   Ep  38/300 | Tr loss=0.1295 mae=0.352 r2=0.581 pcc=0.762 | Vl loss=0.0788 mae=0.299 r2=0.706 pcc=0.850 | ES 34/80
  Ep  39/300 | Tr loss=0.1285 mae=0.349 r2=0.583 pcc=0.764 | Vl loss=0.0785 mae=0.294 r2=0.706 pcc=0.851 | ES 35/80
2026-05-13 13:45:41,906 | INFO |   Ep  39/300 | Tr loss=0.1285 mae=0.349 r2=0.583 pcc=0.764 | Vl loss=0.0785 mae=0.294 r2=0.706 pcc=0.851 | ES 35/80
  Ep  40/300 | Tr loss=0.1270 mae=0.346 r2=0.589 pcc=0.768 | Vl loss=0.0775 mae=0.292 r2=0.710 pcc=0.852 | ES 36/80
2026-05-13 13:46:07,436 | INFO |   Ep  40/300 | Tr loss=0.1270 mae=0.346 r2=0.589 pcc=0.768 | Vl loss=0.0775 mae=0.292 r2=0.710 pcc=0.852 | ES 36/80
  Ep  41/300 | Tr loss=0.1287 mae=0.351 r2=0.582 pcc=0.764 | Vl loss=0.0781 mae=0.294 r2=0.708 pcc=0.852 | ES 37/80
2026-05-13 13:46:32,788 | INFO |   Ep  41/300 | Tr loss=0.1287 mae=0.351 r2=0.582 pcc=0.764 | Vl loss=0.0781 mae=0.294 r2=0.708 pcc=0.852 | ES 37/80
  Ep  42/300 | Tr loss=0.1279 mae=0.348 r2=0.587 pcc=0.767 | Vl loss=0.0784 mae=0.295 r2=0.707 pcc=0.851 | ES 38/80
2026-05-13 13:46:58,097 | INFO |   Ep  42/300 | Tr loss=0.1279 mae=0.348 r2=0.587 pcc=0.767 | Vl loss=0.0784 mae=0.295 r2=0.707 pcc=0.851 | ES 38/80
  Ep  43/300 | Tr loss=0.1281 mae=0.349 r2=0.587 pcc=0.767 | Vl loss=0.0784 mae=0.294 r2=0.707 pcc=0.850 | ES 39/80
2026-05-13 13:47:23,556 | INFO |   Ep  43/300 | Tr loss=0.1281 mae=0.349 r2=0.587 pcc=0.767 | Vl loss=0.0784 mae=0.294 r2=0.707 pcc=0.850 | ES 39/80
  Ep  44/300 | Tr loss=0.1270 mae=0.347 r2=0.589 pcc=0.768 | Vl loss=0.0770 mae=0.290 r2=0.713 pcc=0.852 | ES 40/80
2026-05-13 13:47:48,779 | INFO |   Ep  44/300 | Tr loss=0.1270 mae=0.347 r2=0.589 pcc=0.768 | Vl loss=0.0770 mae=0.290 r2=0.713 pcc=0.852 | ES 40/80
  Ep  45/300 | Tr loss=0.1287 mae=0.350 r2=0.583 pcc=0.764 | Vl loss=0.0755 mae=0.286 r2=0.718 pcc=0.853 | ES 41/80
2026-05-13 13:48:14,426 | INFO |   Ep  45/300 | Tr loss=0.1287 mae=0.350 r2=0.583 pcc=0.764 | Vl loss=0.0755 mae=0.286 r2=0.718 pcc=0.853 | ES 41/80
  Ep  46/300 | Tr loss=0.1261 mae=0.346 r2=0.592 pcc=0.770 | Vl loss=0.0774 mae=0.291 r2=0.710 pcc=0.852 | ES 42/80
2026-05-13 13:48:39,984 | INFO |   Ep  46/300 | Tr loss=0.1261 mae=0.346 r2=0.592 pcc=0.770 | Vl loss=0.0774 mae=0.291 r2=0.710 pcc=0.852 | ES 42/80
  Ep  47/300 | Tr loss=0.1256 mae=0.347 r2=0.593 pcc=0.771 | Vl loss=0.0760 mae=0.288 r2=0.716 pcc=0.854 | ES 43/80
2026-05-13 13:49:05,538 | INFO |   Ep  47/300 | Tr loss=0.1256 mae=0.347 r2=0.593 pcc=0.771 | Vl loss=0.0760 mae=0.288 r2=0.716 pcc=0.854 | ES 43/80
  Ep  48/300 | Tr loss=0.1273 mae=0.348 r2=0.587 pcc=0.767 | Vl loss=0.0761 mae=0.287 r2=0.716 pcc=0.853 | ES 44/80
2026-05-13 13:49:31,087 | INFO |   Ep  48/300 | Tr loss=0.1273 mae=0.348 r2=0.587 pcc=0.767 | Vl loss=0.0761 mae=0.287 r2=0.716 pcc=0.853 | ES 44/80
  Ep  49/300 | Tr loss=0.1257 mae=0.344 r2=0.595 pcc=0.772 | Vl loss=0.0764 mae=0.287 r2=0.714 pcc=0.851 | ES 45/80
2026-05-13 13:49:56,516 | INFO |   Ep  49/300 | Tr loss=0.1257 mae=0.344 r2=0.595 pcc=0.772 | Vl loss=0.0764 mae=0.287 r2=0.714 pcc=0.851 | ES 45/80
  Ep  50/300 | Tr loss=0.1273 mae=0.347 r2=0.588 pcc=0.767 | Vl loss=0.0749 mae=0.280 r2=0.719 pcc=0.854 | ES 46/80
2026-05-13 13:50:21,727 | INFO |   Ep  50/300 | Tr loss=0.1273 mae=0.347 r2=0.588 pcc=0.767 | Vl loss=0.0749 mae=0.280 r2=0.719 pcc=0.854 | ES 46/80
  Ep  51/300 | Tr loss=0.1259 mae=0.345 r2=0.591 pcc=0.770 | Vl loss=0.0765 mae=0.286 r2=0.714 pcc=0.853 | ES 47/80
2026-05-13 13:50:47,177 | INFO |   Ep  51/300 | Tr loss=0.1259 mae=0.345 r2=0.591 pcc=0.770 | Vl loss=0.0765 mae=0.286 r2=0.714 pcc=0.853 | ES 47/80
  Ep  52/300 | Tr loss=0.1278 mae=0.347 r2=0.586 pcc=0.766 | Vl loss=0.0769 mae=0.288 r2=0.712 pcc=0.852 | ES 48/80
2026-05-13 13:51:12,636 | INFO |   Ep  52/300 | Tr loss=0.1278 mae=0.347 r2=0.586 pcc=0.766 | Vl loss=0.0769 mae=0.288 r2=0.712 pcc=0.852 | ES 48/80
  Ep  53/300 | Tr loss=0.1259 mae=0.345 r2=0.592 pcc=0.770 | Vl loss=0.0775 mae=0.286 r2=0.709 pcc=0.851 | ES 49/80
2026-05-13 13:51:37,953 | INFO |   Ep  53/300 | Tr loss=0.1259 mae=0.345 r2=0.592 pcc=0.770 | Vl loss=0.0775 mae=0.286 r2=0.709 pcc=0.851 | ES 49/80
  Ep  54/300 | Tr loss=0.1255 mae=0.346 r2=0.592 pcc=0.770 | Vl loss=0.0770 mae=0.283 r2=0.711 pcc=0.852 | ES 50/80
2026-05-13 13:52:03,391 | INFO |   Ep  54/300 | Tr loss=0.1255 mae=0.346 r2=0.592 pcc=0.770 | Vl loss=0.0770 mae=0.283 r2=0.711 pcc=0.852 | ES 50/80
  Ep  55/300 | Tr loss=0.1247 mae=0.343 r2=0.595 pcc=0.772 | Vl loss=0.0766 mae=0.283 r2=0.713 pcc=0.854 | ES 51/80
2026-05-13 13:52:28,629 | INFO |   Ep  55/300 | Tr loss=0.1247 mae=0.343 r2=0.595 pcc=0.772 | Vl loss=0.0766 mae=0.283 r2=0.713 pcc=0.854 | ES 51/80
  Ep  56/300 | Tr loss=0.1243 mae=0.343 r2=0.596 pcc=0.772 | Vl loss=0.0778 mae=0.287 r2=0.707 pcc=0.851 | ES 52/80
2026-05-13 13:52:53,985 | INFO |   Ep  56/300 | Tr loss=0.1243 mae=0.343 r2=0.596 pcc=0.772 | Vl loss=0.0778 mae=0.287 r2=0.707 pcc=0.851 | ES 52/80
  Ep  57/300 | Tr loss=0.1246 mae=0.343 r2=0.597 pcc=0.773 | Vl loss=0.0781 mae=0.284 r2=0.706 pcc=0.851 | ES 53/80
2026-05-13 13:53:19,679 | INFO |   Ep  57/300 | Tr loss=0.1246 mae=0.343 r2=0.597 pcc=0.773 | Vl loss=0.0781 mae=0.284 r2=0.706 pcc=0.851 | ES 53/80
  Ep  58/300 | Tr loss=0.1257 mae=0.345 r2=0.592 pcc=0.770 | Vl loss=0.0766 mae=0.283 r2=0.713 pcc=0.853 | ES 54/80
2026-05-13 13:53:45,124 | INFO |   Ep  58/300 | Tr loss=0.1257 mae=0.345 r2=0.592 pcc=0.770 | Vl loss=0.0766 mae=0.283 r2=0.713 pcc=0.853 | ES 54/80
  Ep  59/300 | Tr loss=0.1238 mae=0.341 r2=0.598 pcc=0.774 | Vl loss=0.0755 mae=0.284 r2=0.718 pcc=0.851 | ES 55/80
2026-05-13 13:54:10,627 | INFO |   Ep  59/300 | Tr loss=0.1238 mae=0.341 r2=0.598 pcc=0.774 | Vl loss=0.0755 mae=0.284 r2=0.718 pcc=0.851 | ES 55/80
  Ep  60/300 | Tr loss=0.1255 mae=0.345 r2=0.593 pcc=0.771 | Vl loss=0.0768 mae=0.287 r2=0.713 pcc=0.852 | ES 56/80
2026-05-13 13:54:36,177 | INFO |   Ep  60/300 | Tr loss=0.1255 mae=0.345 r2=0.593 pcc=0.771 | Vl loss=0.0768 mae=0.287 r2=0.713 pcc=0.852 | ES 56/80
  Ep  61/300 | Tr loss=0.1248 mae=0.342 r2=0.595 pcc=0.772 | Vl loss=0.0766 mae=0.283 r2=0.713 pcc=0.853 | ES 57/80
2026-05-13 13:55:01,601 | INFO |   Ep  61/300 | Tr loss=0.1248 mae=0.342 r2=0.595 pcc=0.772 | Vl loss=0.0766 mae=0.283 r2=0.713 pcc=0.853 | ES 57/80
  Ep  62/300 | Tr loss=0.1238 mae=0.341 r2=0.599 pcc=0.775 | Vl loss=0.0765 mae=0.283 r2=0.714 pcc=0.852 | ES 58/80
2026-05-13 13:55:26,864 | INFO |   Ep  62/300 | Tr loss=0.1238 mae=0.341 r2=0.599 pcc=0.775 | Vl loss=0.0765 mae=0.283 r2=0.714 pcc=0.852 | ES 58/80
  Ep  63/300 | Tr loss=0.1251 mae=0.343 r2=0.594 pcc=0.771 | Vl loss=0.0778 mae=0.289 r2=0.709 pcc=0.850 | ES 59/80
2026-05-13 13:55:52,271 | INFO |   Ep  63/300 | Tr loss=0.1251 mae=0.343 r2=0.594 pcc=0.771 | Vl loss=0.0778 mae=0.289 r2=0.709 pcc=0.850 | ES 59/80
  Ep  64/300 | Tr loss=0.1237 mae=0.342 r2=0.599 pcc=0.774 | Vl loss=0.0761 mae=0.285 r2=0.716 pcc=0.851 | ES 60/80
2026-05-13 13:56:17,703 | INFO |   Ep  64/300 | Tr loss=0.1237 mae=0.342 r2=0.599 pcc=0.774 | Vl loss=0.0761 mae=0.285 r2=0.716 pcc=0.851 | ES 60/80
  Ep  65/300 | Tr loss=0.1252 mae=0.343 r2=0.594 pcc=0.771 | Vl loss=0.0782 mae=0.289 r2=0.707 pcc=0.849 | ES 61/80
2026-05-13 13:56:43,323 | INFO |   Ep  65/300 | Tr loss=0.1252 mae=0.343 r2=0.594 pcc=0.771 | Vl loss=0.0782 mae=0.289 r2=0.707 pcc=0.849 | ES 61/80
Epoch 00066: reducing learning rate of group 0 to 2.5000e-05.
  Ep  66/300 | Tr loss=0.1236 mae=0.341 r2=0.600 pcc=0.775 | Vl loss=0.0780 mae=0.287 r2=0.707 pcc=0.848 | ES 62/80
2026-05-13 13:57:08,799 | INFO |   Ep  66/300 | Tr loss=0.1236 mae=0.341 r2=0.600 pcc=0.775 | Vl loss=0.0780 mae=0.287 r2=0.707 pcc=0.848 | ES 62/80
  Ep  67/300 | Tr loss=0.1243 mae=0.342 r2=0.596 pcc=0.773 | Vl loss=0.0777 mae=0.287 r2=0.709 pcc=0.850 | ES 63/80
2026-05-13 13:57:34,290 | INFO |   Ep  67/300 | Tr loss=0.1243 mae=0.342 r2=0.596 pcc=0.773 | Vl loss=0.0777 mae=0.287 r2=0.709 pcc=0.850 | ES 63/80
  Ep  68/300 | Tr loss=0.1236 mae=0.342 r2=0.601 pcc=0.775 | Vl loss=0.0775 mae=0.287 r2=0.709 pcc=0.851 | ES 64/80
2026-05-13 13:57:59,600 | INFO |   Ep  68/300 | Tr loss=0.1236 mae=0.342 r2=0.601 pcc=0.775 | Vl loss=0.0775 mae=0.287 r2=0.709 pcc=0.851 | ES 64/80
  Ep  69/300 | Tr loss=0.1226 mae=0.338 r2=0.602 pcc=0.776 | Vl loss=0.0767 mae=0.286 r2=0.713 pcc=0.851 | ES 65/80
2026-05-13 13:58:25,089 | INFO |   Ep  69/300 | Tr loss=0.1226 mae=0.338 r2=0.602 pcc=0.776 | Vl loss=0.0767 mae=0.286 r2=0.713 pcc=0.851 | ES 65/80
  Ep  70/300 | Tr loss=0.1228 mae=0.339 r2=0.603 pcc=0.777 | Vl loss=0.0776 mae=0.286 r2=0.709 pcc=0.850 | ES 66/80
2026-05-13 13:58:50,598 | INFO |   Ep  70/300 | Tr loss=0.1228 mae=0.339 r2=0.603 pcc=0.777 | Vl loss=0.0776 mae=0.286 r2=0.709 pcc=0.850 | ES 66/80
  Ep  71/300 | Tr loss=0.1243 mae=0.342 r2=0.597 pcc=0.773 | Vl loss=0.0767 mae=0.285 r2=0.712 pcc=0.851 | ES 67/80
2026-05-13 13:59:16,164 | INFO |   Ep  71/300 | Tr loss=0.1243 mae=0.342 r2=0.597 pcc=0.773 | Vl loss=0.0767 mae=0.285 r2=0.712 pcc=0.851 | ES 67/80
  Ep  72/300 | Tr loss=0.1238 mae=0.341 r2=0.598 pcc=0.773 | Vl loss=0.0775 mae=0.285 r2=0.709 pcc=0.849 | ES 68/80
2026-05-13 13:59:41,841 | INFO |   Ep  72/300 | Tr loss=0.1238 mae=0.341 r2=0.598 pcc=0.773 | Vl loss=0.0775 mae=0.285 r2=0.709 pcc=0.849 | ES 68/80
  Ep  73/300 | Tr loss=0.1241 mae=0.341 r2=0.597 pcc=0.773 | Vl loss=0.0781 mae=0.285 r2=0.706 pcc=0.850 | ES 69/80
2026-05-13 14:00:07,678 | INFO |   Ep  73/300 | Tr loss=0.1241 mae=0.341 r2=0.597 pcc=0.773 | Vl loss=0.0781 mae=0.285 r2=0.706 pcc=0.850 | ES 69/80
  Ep  74/300 | Tr loss=0.1241 mae=0.342 r2=0.598 pcc=0.774 | Vl loss=0.0778 mae=0.287 r2=0.709 pcc=0.849 | ES 70/80
2026-05-13 14:00:33,085 | INFO |   Ep  74/300 | Tr loss=0.1241 mae=0.342 r2=0.598 pcc=0.774 | Vl loss=0.0778 mae=0.287 r2=0.709 pcc=0.849 | ES 70/80
  Ep  75/300 | Tr loss=0.1233 mae=0.340 r2=0.599 pcc=0.775 | Vl loss=0.0776 mae=0.284 r2=0.709 pcc=0.847 | ES 71/80
2026-05-13 14:00:58,438 | INFO |   Ep  75/300 | Tr loss=0.1233 mae=0.340 r2=0.599 pcc=0.775 | Vl loss=0.0776 mae=0.284 r2=0.709 pcc=0.847 | ES 71/80
  Ep  76/300 | Tr loss=0.1223 mae=0.338 r2=0.602 pcc=0.777 | Vl loss=0.0786 mae=0.287 r2=0.705 pcc=0.846 | ES 72/80
2026-05-13 14:01:23,619 | INFO |   Ep  76/300 | Tr loss=0.1223 mae=0.338 r2=0.602 pcc=0.777 | Vl loss=0.0786 mae=0.287 r2=0.705 pcc=0.846 | ES 72/80
  Ep  77/300 | Tr loss=0.1230 mae=0.340 r2=0.601 pcc=0.776 | Vl loss=0.0780 mae=0.287 r2=0.708 pcc=0.848 | ES 73/80
2026-05-13 14:01:49,153 | INFO |   Ep  77/300 | Tr loss=0.1230 mae=0.340 r2=0.601 pcc=0.776 | Vl loss=0.0780 mae=0.287 r2=0.708 pcc=0.848 | ES 73/80
  Ep  78/300 | Tr loss=0.1226 mae=0.339 r2=0.602 pcc=0.776 | Vl loss=0.0777 mae=0.285 r2=0.709 pcc=0.848 | ES 74/80
2026-05-13 14:02:14,593 | INFO |   Ep  78/300 | Tr loss=0.1226 mae=0.339 r2=0.602 pcc=0.776 | Vl loss=0.0777 mae=0.285 r2=0.709 pcc=0.848 | ES 74/80
  Ep  79/300 | Tr loss=0.1232 mae=0.339 r2=0.599 pcc=0.775 | Vl loss=0.0782 mae=0.286 r2=0.707 pcc=0.848 | ES 75/80
2026-05-13 14:02:40,181 | INFO |   Ep  79/300 | Tr loss=0.1232 mae=0.339 r2=0.599 pcc=0.775 | Vl loss=0.0782 mae=0.286 r2=0.707 pcc=0.848 | ES 75/80
  Ep  80/300 | Tr loss=0.1219 mae=0.336 r2=0.604 pcc=0.777 | Vl loss=0.0786 mae=0.289 r2=0.706 pcc=0.847 | ES 76/80
2026-05-13 14:03:05,541 | INFO |   Ep  80/300 | Tr loss=0.1219 mae=0.336 r2=0.604 pcc=0.777 | Vl loss=0.0786 mae=0.289 r2=0.706 pcc=0.847 | ES 76/80
  Ep  81/300 | Tr loss=0.1234 mae=0.341 r2=0.600 pcc=0.775 | Vl loss=0.0785 mae=0.286 r2=0.706 pcc=0.848 | ES 77/80
2026-05-13 14:03:30,992 | INFO |   Ep  81/300 | Tr loss=0.1234 mae=0.341 r2=0.600 pcc=0.775 | Vl loss=0.0785 mae=0.286 r2=0.706 pcc=0.848 | ES 77/80
  Ep  82/300 | Tr loss=0.1223 mae=0.339 r2=0.604 pcc=0.778 | Vl loss=0.0782 mae=0.286 r2=0.707 pcc=0.848 | ES 78/80
2026-05-13 14:03:56,854 | INFO |   Ep  82/300 | Tr loss=0.1223 mae=0.339 r2=0.604 pcc=0.778 | Vl loss=0.0782 mae=0.286 r2=0.707 pcc=0.848 | ES 78/80
  Ep  83/300 | Tr loss=0.1226 mae=0.338 r2=0.603 pcc=0.777 | Vl loss=0.0785 mae=0.287 r2=0.706 pcc=0.847 | ES 79/80
2026-05-13 14:04:22,150 | INFO |   Ep  83/300 | Tr loss=0.1226 mae=0.338 r2=0.603 pcc=0.777 | Vl loss=0.0785 mae=0.287 r2=0.706 pcc=0.847 | ES 79/80
  Ep  84/300 | Tr loss=0.1223 mae=0.339 r2=0.604 pcc=0.778 | Vl loss=0.0787 mae=0.289 r2=0.705 pcc=0.847 | ES 80/80
2026-05-13 14:04:48,275 | INFO |   Ep  84/300 | Tr loss=0.1223 mae=0.339 r2=0.604 pcc=0.778 | Vl loss=0.0787 mae=0.289 r2=0.705 pcc=0.847 | ES 80/80

  ⏹  Early stopping at epoch 84 (best=4)
2026-05-13 14:04:48,276 | INFO | Early stopping at epoch 84 best=4

✓ Training complete!

  ── Final Test Results (best epoch = 4) ──────────────────
  Loss : 0.1281
  RMSE : 0.5096
  MAE  : 0.3752
  R²   : 0.5695
  ✓ Saved → /mvdlph/masa/GCN_SingleView_Regression_Results/run_2026_05_13_13_28_38/plots/loss_curve.png
  ✓ Saved → /mvdlph/masa/GCN_SingleView_Regression_Results/run_2026_05_13_13_28_38/plots/rmse_mae.png
  ✓ Saved → /mvdlph/masa/GCN_SingleView_Regression_Results/run_2026_05_13_13_28_38/plots/r2_curve.png
  ✓ Saved → /mvdlph/masa/GCN_SingleView_Regression_Results/run_2026_05_13_13_28_38/plots/pcc_curve.png
  ✓ Saved → /mvdlph/masa/GCN_SingleView_Regression_Results/run_2026_05_13_13_28_38/plots/regression_scatter_test.png
  ✓ Saved → /mvdlph/masa/GCN_SingleView_Regression_Results/run_2026_05_13_13_28_38/plots/early_stopping.png
  ✓ History → /mvdlph/masa/GCN_SingleView_Regression_Results/run_2026_05_13_13_28_38/logs/training_history.json
============================================================
DIAGNOSTIC 1: Per-exercise skeleton variance (C0)
============================================================
  Exercise      X-var      Y-var      Z-var  Z/X ratio
-------------------------------------------------------
        E0     0.0455     0.0091     0.0698      1.536
        E1     0.0456     0.0094     0.0689      1.510
        E2     0.0461     0.0090     0.0698      1.516
        E3     0.0483     0.0095     0.0700      1.449
        E4     0.0441     0.0092     0.0676      1.533
        E5     0.0519     0.0101     0.0721      1.389
        E6     0.0441     0.0099     0.0721      1.634
        E7     0.0453     0.0093     0.0685      1.513
        E8     0.0532     0.0097     0.0713      1.341
        E9     0.0485     0.0090     0.0706      1.455

============================================================
DIAGNOSTIC 2: Quality score distribution per split
============================================================
 Train: mean=4.127 std=0.812 min=1.34 max=5.00 | correct=6037 erroneous=3439
   Val: mean=4.232 std=0.741 min=2.28 max=5.00 | correct=1905 erroneous=885
  Test: mean=4.032 std=0.777 min=2.14 max=5.00 | correct=2015 erroneous=1091
========================================================================
  Exercise         n      MAE     RMSE       R²      PCC
────────────────────────────────────────────────────────────────────────
  E0             464   0.3232   0.4153   0.7184   0.8588
  E1             326   0.2766   0.3983   0.7686   0.8935
  E2             258   0.2813   0.3805   0.7915   0.8900
  E3             319   0.8076   0.8711  -0.6724   0.4337
  E4             286   0.5829   0.6523   0.2568   0.8182
  E5             321   0.3707   0.4531   0.3568   0.6791
  E6             314   0.1874   0.3572   0.7016   0.8522
  E7             319   0.3714   0.5078   0.0975   0.3740
  E8             317   0.3086   0.4861   0.6333   0.8033
  E9             182   0.1876   0.2407  -0.7241  -0.1301
────────────────────────────────────────────────────────────────────────
  Overall       3106   0.3752   0.5096   0.5695   0.7742
========================================================================

  ✓ Per-exercise CSV → /mvdlph/masa/GCN_SingleView_Regression_Results/run_2026_05_13_13_28_38/logs/per_exercise_metrics.csv
  ✓ Per-exercise scatter grid → /mvdlph/masa/GCN_SingleView_Regression_Results/run_2026_05_13_13_28_38/plots/per_exercise_scatter.png
  ✓ Per-exercise bar chart → /mvdlph/masa/GCN_SingleView_Regression_Results/run_2026_05_13_13_28_38/plots/per_exercise_bar.png
============================================================
  TRAINING SUMMARY — ST-GCN Regression (Single View)
============================================================
  Best Epoch       : 4  (stopped at 84)
  Best Val MAE     : 0.2758
  Best Val RMSE    : 0.4012
  Best Val R²      : 0.7063
  Best Val PCC     : 0.8451
────────────────────────────────────────────────────────────
  Test MAE         : 0.3752
  Test RMSE        : 0.5096
  Test R²          : 0.5695
  Test PCC         : 0.7742
============================================================
2026-05-13 14:05:03,678 | INFO | Best Epoch=4  stopped_epoch=84
2026-05-13 14:05:03,678 | INFO | Test MAE=0.3752
2026-05-13 14:05:03,679 | INFO | Test RMSE=0.5096
2026-05-13 14:05:03,679 | INFO | Test R²=0.5695
2026-05-13 14:05:03,680 | INFO | Test PCC=0.7742

✓ Summary CSV (overall + per-exercise) → /mvdlph/masa/GCN_SingleView_Regression_Results/training_summary.csv
