✓ stdout → also writing to /mvdlph/masa/GCN_SingleView_Regression_Results/run_2026_05_09_11_49_47/logs/training_20260509_114947.log
2026-05-09 11:49:47,366 | INFO | ======================================================================
2026-05-09 11:49:47,366 | INFO | ST-GCN Single-View Regression | BZU Physiotherapy Dataset
2026-05-09 11:49:47,366 | INFO | Camera : CNone  |  Split : 70/15/15  |  Epochs : 300  |  Patience : 80
2026-05-09 11:49:47,366 | INFO | Log file : /mvdlph/masa/GCN_SingleView_Regression_Results/run_2026_05_09_11_49_47/logs/training_20260509_114947.log
2026-05-09 11:49:47,367 | INFO | ======================================================================
✓ parse_filename and load_skeleton defined

[TRAIN] NPZ files found : 9477
  Samples          : 9477
  Unique trials    : 327
  Quality mean±std : 4.127 ± 0.812
  Exercise dist    :
0     961
1     966
2     829
3     979
4     970
5     933
6     954
7     965
8     903
9    1017

[VALID] NPZ files found : 2790
  Samples          : 2790
  Unique trials    : 100
  Quality mean±std : 4.232 ± 0.741
  Exercise dist    :
0    326
1    316
2    295
3    298
4    322
5    312
6    302
7    304
8    181
9    134

[TEST] NPZ files found : 3108
  Samples          : 3108
  Unique trials    : 107
  Quality mean±std : 4.031 ± 0.777
  Exercise dist    :
0    465
1    326
2    258
3    319
4    287
5    321
6    314
7    319
8    317
9    182

Checking for corrupted files...
  [TRAIN] Removing 1 corrupted file(s)
  [TRAIN] Clean samples : 9476
  [VALID] Clean samples : 2790
  [TEST] Removing 2 corrupted file(s)
  [TEST] Clean samples : 3106

✓ No data-leakage detected across splits

════════════════════════════════════════════════════════════════════
  Split     Samples   Correct   Erroneous   Q mean   Q std   Q min   Q max
  ──────────────────────────────────────────────────────────────────
  Train        9476      6037        3439    4.127   0.812   1.340   5.000
  Val          2790      1905         885    4.232   0.741   2.280   5.000
  Test         3106      2015        1091    4.032   0.777   2.140   5.000
════════════════════════════════════════════════════════════════════

✓ Pre-split index ready  →  train / val / test DataFrames built
0    5147
1    5101
2    5124
Name: camera, dtype: int64

الكاميرات الموجودة: [0, 1, 2]
camera      0    1    2
exercise               
0         579  588  584
1         532  539  536
2         463  445  474
3         525  545  526
4         522  532  524
5         525  516  525
6         529  529  512
7         529  532  527
8         486  430  485
9         457  445  431
E0: correct=3 trials, erroneous=4 trials
E1: correct=3 trials, erroneous=4 trials
E2: correct=3 trials, erroneous=4 trials
E3: correct=3 trials, erroneous=4 trials
E4: correct=3 trials, erroneous=4 trials
E5: correct=3 trials, erroneous=4 trials
E6: correct=3 trials, erroneous=4 trials
E7: correct=3 trials, erroneous=4 trials
E8: correct=3 trials, erroneous=4 trials
E9: correct=3 trials, erroneous=4 trials
Frame length distribution (sample of 500 files):
  min    = 28
  max    = 301
  mean   = 100.0
  median = 91.0
  std    = 39.3

Percentiles:
   25th = 72
   50th = 91
   75th = 121
   90th = 145
   95th = 176
   99th = 231

Value counts (top 10):
    79 frames →   14 files (2.8%)
    91 frames →   12 files (2.4%)
    87 frames →   11 files (2.2%)
    68 frames →   11 files (2.2%)
    90 frames →   10 files (2.0%)
   107 frames →    9 files (1.8%)
    76 frames →    9 files (1.8%)
    71 frames →    9 files (1.8%)
    84 frames →    8 files (1.6%)
    81 frames →    8 files (1.6%)
✓ Skeleton visualisation helpers defined
person                                                     P0
exercise                                                    0
trial_id                                                   T0
segment                                                     0
filepath    /mvdlph/Dataset_CVDLPT_Videos_Segments_P0P15_M...
Name: 10, dtype: object
Skeleton shape : (61, 17, 3)
X range : [-0.369, 0.592]
Y range : [0.000, 0.994]
Z range : [-0.193, 0.198]
  ✓ Skeleton plot saved → /mvdlph/masa/GCN_SingleView_Regression_Results/run_2026_05_09_11_49_47/plots/sample_skeleton_3views.png
  ✓ Motion frames saved → /mvdlph/masa/GCN_SingleView_Regression_Results/run_2026_05_09_11_49_47/plots/sample_skeleton_motion.png
Axis ranges across all frames:
X: [-0.369, 0.592] — likely left/right
Y: [0.000, 0.994] — likely ???
Z: [-0.193, 0.198] — likely height

Hip  mean XYZ: [0.         0.32057488 0.        ]
Head mean XYZ: [-0.14265826  0.9668146  -0.18420231]

Difference (head - hip): [-0.14265826  0.6462397  -0.18420231]

Camera 0:
  Hip  XYZ: [0.    0.324 0.   ]
  Head XYZ: [-0.144  0.968 -0.183]
  X range: [-0.37, 0.59]
  Z range: [-0.19, 0.20]

Camera 1:
  Hip  XYZ: [0.    0.321 0.   ]
  Head XYZ: [-0.143  0.967 -0.184]
  X range: [-0.37, 0.59]
  Z range: [-0.19, 0.20]

Camera 2:
  Hip  XYZ: [0.    0.316 0.   ]
  Head XYZ: [-0.142  0.966 -0.185]
  X range: [-0.37, 0.59]
  Z range: [-0.19, 0.20]
✓ BZUDataset defined (regression only)
✓ Kipf GCN sanity check passed — output shape: torch.Size([2])
✓ Total trainable parameters: 681,485
✓ GCN_Regression (Kipf & Welling) defined
Device : cuda
GPU    : Tesla V100-PCIE-32GB
✓ centre_and_scale and run_epoch (regression) defined
=================================================================
Quality score distribution audit
=================================================================
  ✓ Saved → /mvdlph/masa/GCN_SingleView_Regression_Results/run_2026_05_09_11_49_47/plots/split_quality_distributions.png

Split    Type              n    mean     std    min    25%    50%    75%    max
----------------------------------------------------------------------
Train    Correct (T≤2)   6037   4.593   0.302   3.68   4.41   4.62   4.84   5.00
Train    Erroneous (T≥3)   3439   3.310   0.781   1.34   2.83   3.44   3.86   4.82

Val      Correct (T≤2)   1905   4.648   0.300   3.56   4.50   4.72   4.86   5.00
Val      Erroneous (T≥3)    885   3.337   0.601   2.28   2.85   3.20   3.80   4.72

Test     Correct (T≤2)   2015   4.491   0.417   3.40   4.20   4.58   4.80   5.00
Test     Erroneous (T≥3)   1091   3.183   0.535   2.14   2.74   3.22   3.54   4.38

=================================================================
Person distribution across splits
=================================================================
  Train : ['P0', 'P10', 'P14', 'P15', 'P2', 'P3', 'P4', 'P5', 'P7']
  Val   : ['P1', 'P11', 'P6']
  Test  : ['P12', 'P13', 'P8', 'P9']

Per-person quality mean per split:

  Train:
         mean    std  count
person                     
P0      4.509  0.341    857
P10     3.281  0.914   1499
P14     3.660  0.847   1354
P15     3.647  0.702   1412
P2      4.729  0.191    882
P3      4.594  0.221    864
P4      4.575  0.269    858
P5      4.663  0.261    880
P7      4.655  0.226    870

  Val:
         mean    std  count
person                     
P1      4.795  0.138    866
P11     3.523  0.699   1087
P6      4.570  0.280    837

  Test:
         mean    std  count
person                     
P12     3.148  0.661    668
P13     3.684  0.648    693
P8      4.603  0.324    872
P9      4.413  0.459    873

=================================================================
Exercise balance across splits
=================================================================
    Train  Val  Test  Train%  Val%  Test%
E0    961  326   464    10.1  11.7   14.9
E1    965  316   326    10.2  11.3   10.5
E2    829  295   258     8.7  10.6    8.3
E3    979  298   319    10.3  10.7   10.3
E4    970  322   286    10.2  11.5    9.2
E5    933  312   321     9.8  11.2   10.3
E6    954  302   314    10.1  10.8   10.1
E7    965  304   319    10.2  10.9   10.3
E8    903  181   317     9.5   6.5   10.2
E9   1017  134   182    10.7   4.8    5.9
✓ Plotting helpers (regression) defined
✓ EarlyStopping defined (monitoring MAE)
2026-05-09 11:50:18,402 | INFO | ======================================================================
2026-05-09 11:50:18,402 | INFO | STARTING REGRESSION TRAINING  (with Early Stopping on MAE)
2026-05-09 11:50:18,402 | INFO | ======================================================================
2026-05-09 11:50:18,403 | INFO | train=9476 val=2790 test=3106

════════════════════════════════════════════════════════════════════
  Camera CNone  |  Train: 9476  Val: 2790  Test: 3106
  Patience: 80  |  LR: 1e-4  |  Batch: 48
════════════════════════════════════════════════════════════════════
  Ep   1/300 | Tr loss=1.0633 mae=0.726 r2=-0.611 pcc=0.372 | Vl loss=0.2587 mae=0.394 r2=0.528 pcc=0.810 | ES 0/80 ★
2026-05-09 11:50:44,496 | INFO |   Ep   1/300 | Tr loss=1.0633 mae=0.726 r2=-0.611 pcc=0.372 | Vl loss=0.2587 mae=0.394 r2=0.528 pcc=0.810 | ES 0/80 ★
    ★ val_mae=0.3936  rmse=0.5088  r2=0.5277  pcc=0.8104
  Ep   2/300 | Tr loss=0.6132 mae=0.558 r2=0.070 pcc=0.568 | Vl loss=0.2067 mae=0.356 r2=0.623 pcc=0.849 | ES 0/80 ★
2026-05-09 11:51:10,040 | INFO |   Ep   2/300 | Tr loss=0.6132 mae=0.558 r2=0.070 pcc=0.568 | Vl loss=0.2067 mae=0.356 r2=0.623 pcc=0.849 | ES 0/80 ★
    ★ val_mae=0.3561  rmse=0.4543  r2=0.6235  pcc=0.8491
  Ep   3/300 | Tr loss=0.5180 mae=0.518 r2=0.214 pcc=0.623 | Vl loss=0.1906 mae=0.327 r2=0.653 pcc=0.847 | ES 0/80 ★
2026-05-09 11:51:35,534 | INFO |   Ep   3/300 | Tr loss=0.5180 mae=0.518 r2=0.214 pcc=0.623 | Vl loss=0.1906 mae=0.327 r2=0.653 pcc=0.847 | ES 0/80 ★
    ★ val_mae=0.3265  rmse=0.4364  r2=0.6526  pcc=0.8466
  Ep   4/300 | Tr loss=0.4686 mae=0.495 r2=0.290 pcc=0.642 | Vl loss=0.1928 mae=0.317 r2=0.647 pcc=0.836 | ES 0/80 ★
2026-05-09 11:52:00,851 | INFO |   Ep   4/300 | Tr loss=0.4686 mae=0.495 r2=0.290 pcc=0.642 | Vl loss=0.1928 mae=0.317 r2=0.647 pcc=0.836 | ES 0/80 ★
    ★ val_mae=0.3165  rmse=0.4397  r2=0.6474  pcc=0.8363
  Ep   5/300 | Tr loss=0.4398 mae=0.483 r2=0.332 pcc=0.655 | Vl loss=0.1780 mae=0.302 r2=0.674 pcc=0.840 | ES 0/80 ★
2026-05-09 11:52:26,181 | INFO |   Ep   5/300 | Tr loss=0.4398 mae=0.483 r2=0.332 pcc=0.655 | Vl loss=0.1780 mae=0.302 r2=0.674 pcc=0.840 | ES 0/80 ★
    ★ val_mae=0.3020  rmse=0.4228  r2=0.6738  pcc=0.8399
  Ep   6/300 | Tr loss=0.4133 mae=0.465 r2=0.372 pcc=0.667 | Vl loss=0.1774 mae=0.283 r2=0.674 pcc=0.838 | ES 0/80 ★
2026-05-09 11:52:51,533 | INFO |   Ep   6/300 | Tr loss=0.4133 mae=0.465 r2=0.372 pcc=0.667 | Vl loss=0.1774 mae=0.283 r2=0.674 pcc=0.838 | ES 0/80 ★
    ★ val_mae=0.2825  rmse=0.4229  r2=0.6737  pcc=0.8383
  Ep   7/300 | Tr loss=0.3972 mae=0.453 r2=0.399 pcc=0.676 | Vl loss=0.1874 mae=0.284 r2=0.654 pcc=0.829 | ES 1/80
2026-05-09 11:53:16,944 | INFO |   Ep   7/300 | Tr loss=0.3972 mae=0.453 r2=0.399 pcc=0.676 | Vl loss=0.1874 mae=0.284 r2=0.654 pcc=0.829 | ES 1/80
  Ep   8/300 | Tr loss=0.3818 mae=0.443 r2=0.421 pcc=0.683 | Vl loss=0.1746 mae=0.279 r2=0.677 pcc=0.835 | ES 0/80 ★
2026-05-09 11:53:42,525 | INFO |   Ep   8/300 | Tr loss=0.3818 mae=0.443 r2=0.421 pcc=0.683 | Vl loss=0.1746 mae=0.279 r2=0.677 pcc=0.835 | ES 0/80 ★
    ★ val_mae=0.2790  rmse=0.4209  r2=0.6768  pcc=0.8352
  Ep   9/300 | Tr loss=0.3750 mae=0.438 r2=0.432 pcc=0.683 | Vl loss=0.1854 mae=0.291 r2=0.657 pcc=0.825 | ES 1/80
2026-05-09 11:54:08,189 | INFO |   Ep   9/300 | Tr loss=0.3750 mae=0.438 r2=0.432 pcc=0.683 | Vl loss=0.1854 mae=0.291 r2=0.657 pcc=0.825 | ES 1/80
  Ep  10/300 | Tr loss=0.3594 mae=0.426 r2=0.456 pcc=0.695 | Vl loss=0.2022 mae=0.315 r2=0.626 pcc=0.816 | ES 2/80
2026-05-09 11:54:33,695 | INFO |   Ep  10/300 | Tr loss=0.3594 mae=0.426 r2=0.456 pcc=0.695 | Vl loss=0.2022 mae=0.315 r2=0.626 pcc=0.816 | ES 2/80
  Ep  11/300 | Tr loss=0.3535 mae=0.421 r2=0.464 pcc=0.697 | Vl loss=0.2027 mae=0.313 r2=0.625 pcc=0.812 | ES 3/80
2026-05-09 11:54:59,063 | INFO |   Ep  11/300 | Tr loss=0.3535 mae=0.421 r2=0.464 pcc=0.697 | Vl loss=0.2027 mae=0.313 r2=0.625 pcc=0.812 | ES 3/80
  Ep  12/300 | Tr loss=0.3523 mae=0.420 r2=0.465 pcc=0.695 | Vl loss=0.1992 mae=0.312 r2=0.632 pcc=0.818 | ES 4/80
2026-05-09 11:55:24,355 | INFO |   Ep  12/300 | Tr loss=0.3523 mae=0.420 r2=0.465 pcc=0.695 | Vl loss=0.1992 mae=0.312 r2=0.632 pcc=0.818 | ES 4/80
  Ep  13/300 | Tr loss=0.3439 mae=0.414 r2=0.478 pcc=0.704 | Vl loss=0.2140 mae=0.324 r2=0.604 pcc=0.808 | ES 5/80
2026-05-09 11:55:49,712 | INFO |   Ep  13/300 | Tr loss=0.3439 mae=0.414 r2=0.478 pcc=0.704 | Vl loss=0.2140 mae=0.324 r2=0.604 pcc=0.808 | ES 5/80
  Ep  14/300 | Tr loss=0.3364 mae=0.407 r2=0.490 pcc=0.709 | Vl loss=0.2020 mae=0.312 r2=0.626 pcc=0.820 | ES 6/80
2026-05-09 11:56:15,127 | INFO |   Ep  14/300 | Tr loss=0.3364 mae=0.407 r2=0.490 pcc=0.709 | Vl loss=0.2020 mae=0.312 r2=0.626 pcc=0.820 | ES 6/80
  Ep  15/300 | Tr loss=0.3368 mae=0.411 r2=0.490 pcc=0.710 | Vl loss=0.1955 mae=0.308 r2=0.639 pcc=0.824 | ES 7/80
2026-05-09 11:56:40,617 | INFO |   Ep  15/300 | Tr loss=0.3368 mae=0.411 r2=0.490 pcc=0.710 | Vl loss=0.1955 mae=0.308 r2=0.639 pcc=0.824 | ES 7/80
  Ep  16/300 | Tr loss=0.3298 mae=0.402 r2=0.500 pcc=0.714 | Vl loss=0.1950 mae=0.313 r2=0.640 pcc=0.826 | ES 8/80
2026-05-09 11:57:06,160 | INFO |   Ep  16/300 | Tr loss=0.3298 mae=0.402 r2=0.500 pcc=0.714 | Vl loss=0.1950 mae=0.313 r2=0.640 pcc=0.826 | ES 8/80
  Ep  17/300 | Tr loss=0.3241 mae=0.399 r2=0.508 pcc=0.719 | Vl loss=0.1982 mae=0.317 r2=0.634 pcc=0.827 | ES 9/80
2026-05-09 11:57:31,706 | INFO |   Ep  17/300 | Tr loss=0.3241 mae=0.399 r2=0.508 pcc=0.719 | Vl loss=0.1982 mae=0.317 r2=0.634 pcc=0.827 | ES 9/80
  Ep  18/300 | Tr loss=0.3219 mae=0.398 r2=0.512 pcc=0.721 | Vl loss=0.1996 mae=0.320 r2=0.632 pcc=0.826 | ES 10/80
2026-05-09 11:57:57,267 | INFO |   Ep  18/300 | Tr loss=0.3219 mae=0.398 r2=0.512 pcc=0.721 | Vl loss=0.1996 mae=0.320 r2=0.632 pcc=0.826 | ES 10/80
  Ep  19/300 | Tr loss=0.3250 mae=0.398 r2=0.507 pcc=0.719 | Vl loss=0.1926 mae=0.314 r2=0.645 pcc=0.830 | ES 11/80
2026-05-09 11:58:22,869 | INFO |   Ep  19/300 | Tr loss=0.3250 mae=0.398 r2=0.507 pcc=0.719 | Vl loss=0.1926 mae=0.314 r2=0.645 pcc=0.830 | ES 11/80
  Ep  20/300 | Tr loss=0.3187 mae=0.393 r2=0.517 pcc=0.723 | Vl loss=0.1841 mae=0.303 r2=0.660 pcc=0.840 | ES 12/80
2026-05-09 11:58:48,539 | INFO |   Ep  20/300 | Tr loss=0.3187 mae=0.393 r2=0.517 pcc=0.723 | Vl loss=0.1841 mae=0.303 r2=0.660 pcc=0.840 | ES 12/80
  Ep  21/300 | Tr loss=0.3128 mae=0.390 r2=0.526 pcc=0.729 | Vl loss=0.1830 mae=0.304 r2=0.662 pcc=0.839 | ES 13/80
2026-05-09 11:59:14,084 | INFO |   Ep  21/300 | Tr loss=0.3128 mae=0.390 r2=0.526 pcc=0.729 | Vl loss=0.1830 mae=0.304 r2=0.662 pcc=0.839 | ES 13/80
  Ep  22/300 | Tr loss=0.3143 mae=0.388 r2=0.524 pcc=0.728 | Vl loss=0.1901 mae=0.311 r2=0.649 pcc=0.836 | ES 14/80
2026-05-09 11:59:39,585 | INFO |   Ep  22/300 | Tr loss=0.3143 mae=0.388 r2=0.524 pcc=0.728 | Vl loss=0.1901 mae=0.311 r2=0.649 pcc=0.836 | ES 14/80
  Ep  23/300 | Tr loss=0.3156 mae=0.391 r2=0.521 pcc=0.726 | Vl loss=0.1899 mae=0.307 r2=0.649 pcc=0.835 | ES 15/80
2026-05-09 12:00:05,069 | INFO |   Ep  23/300 | Tr loss=0.3156 mae=0.391 r2=0.521 pcc=0.726 | Vl loss=0.1899 mae=0.307 r2=0.649 pcc=0.835 | ES 15/80
  Ep  24/300 | Tr loss=0.3130 mae=0.387 r2=0.526 pcc=0.728 | Vl loss=0.1832 mae=0.297 r2=0.661 pcc=0.836 | ES 16/80
2026-05-09 12:00:30,638 | INFO |   Ep  24/300 | Tr loss=0.3130 mae=0.387 r2=0.526 pcc=0.728 | Vl loss=0.1832 mae=0.297 r2=0.661 pcc=0.836 | ES 16/80
  Ep  25/300 | Tr loss=0.3129 mae=0.386 r2=0.525 pcc=0.728 | Vl loss=0.1863 mae=0.300 r2=0.656 pcc=0.837 | ES 17/80
2026-05-09 12:00:56,245 | INFO |   Ep  25/300 | Tr loss=0.3129 mae=0.386 r2=0.525 pcc=0.728 | Vl loss=0.1863 mae=0.300 r2=0.656 pcc=0.837 | ES 17/80
  Ep  26/300 | Tr loss=0.3101 mae=0.385 r2=0.531 pcc=0.732 | Vl loss=0.1871 mae=0.303 r2=0.654 pcc=0.838 | ES 18/80
2026-05-09 12:01:21,875 | INFO |   Ep  26/300 | Tr loss=0.3101 mae=0.385 r2=0.531 pcc=0.732 | Vl loss=0.1871 mae=0.303 r2=0.654 pcc=0.838 | ES 18/80
  Ep  27/300 | Tr loss=0.3087 mae=0.387 r2=0.531 pcc=0.732 | Vl loss=0.1905 mae=0.308 r2=0.648 pcc=0.838 | ES 19/80
2026-05-09 12:01:47,510 | INFO |   Ep  27/300 | Tr loss=0.3087 mae=0.387 r2=0.531 pcc=0.732 | Vl loss=0.1905 mae=0.308 r2=0.648 pcc=0.838 | ES 19/80
  Ep  28/300 | Tr loss=0.3058 mae=0.385 r2=0.536 pcc=0.734 | Vl loss=0.1904 mae=0.307 r2=0.648 pcc=0.839 | ES 20/80
2026-05-09 12:02:13,424 | INFO |   Ep  28/300 | Tr loss=0.3058 mae=0.385 r2=0.536 pcc=0.734 | Vl loss=0.1904 mae=0.307 r2=0.648 pcc=0.839 | ES 20/80
  Ep  29/300 | Tr loss=0.3052 mae=0.382 r2=0.538 pcc=0.735 | Vl loss=0.2042 mae=0.319 r2=0.623 pcc=0.833 | ES 21/80
2026-05-09 12:02:39,744 | INFO |   Ep  29/300 | Tr loss=0.3052 mae=0.382 r2=0.538 pcc=0.735 | Vl loss=0.2042 mae=0.319 r2=0.623 pcc=0.833 | ES 21/80
  Ep  30/300 | Tr loss=0.3066 mae=0.382 r2=0.535 pcc=0.734 | Vl loss=0.1982 mae=0.318 r2=0.634 pcc=0.834 | ES 22/80
2026-05-09 12:03:05,660 | INFO |   Ep  30/300 | Tr loss=0.3066 mae=0.382 r2=0.535 pcc=0.734 | Vl loss=0.1982 mae=0.318 r2=0.634 pcc=0.834 | ES 22/80
  Ep  31/300 | Tr loss=0.3061 mae=0.381 r2=0.536 pcc=0.734 | Vl loss=0.2005 mae=0.318 r2=0.630 pcc=0.834 | ES 23/80
2026-05-09 12:03:31,117 | INFO |   Ep  31/300 | Tr loss=0.3061 mae=0.381 r2=0.536 pcc=0.734 | Vl loss=0.2005 mae=0.318 r2=0.630 pcc=0.834 | ES 23/80
  Ep  32/300 | Tr loss=0.2965 mae=0.376 r2=0.551 pcc=0.744 | Vl loss=0.1951 mae=0.312 r2=0.639 pcc=0.838 | ES 24/80
2026-05-09 12:03:56,569 | INFO |   Ep  32/300 | Tr loss=0.2965 mae=0.376 r2=0.551 pcc=0.744 | Vl loss=0.1951 mae=0.312 r2=0.639 pcc=0.838 | ES 24/80
  Ep  33/300 | Tr loss=0.2942 mae=0.373 r2=0.555 pcc=0.747 | Vl loss=0.2033 mae=0.322 r2=0.624 pcc=0.839 | ES 25/80
2026-05-09 12:04:22,381 | INFO |   Ep  33/300 | Tr loss=0.2942 mae=0.373 r2=0.555 pcc=0.747 | Vl loss=0.2033 mae=0.322 r2=0.624 pcc=0.839 | ES 25/80
Epoch 00034: reducing learning rate of group 0 to 2.5000e-05.
  Ep  34/300 | Tr loss=0.2925 mae=0.374 r2=0.556 pcc=0.748 | Vl loss=0.1935 mae=0.312 r2=0.643 pcc=0.838 | ES 26/80
2026-05-09 12:04:47,846 | INFO |   Ep  34/300 | Tr loss=0.2925 mae=0.374 r2=0.556 pcc=0.748 | Vl loss=0.1935 mae=0.312 r2=0.643 pcc=0.838 | ES 26/80
  Ep  35/300 | Tr loss=0.2975 mae=0.375 r2=0.550 pcc=0.743 | Vl loss=0.2049 mae=0.330 r2=0.622 pcc=0.838 | ES 27/80
2026-05-09 12:05:13,290 | INFO |   Ep  35/300 | Tr loss=0.2975 mae=0.375 r2=0.550 pcc=0.743 | Vl loss=0.2049 mae=0.330 r2=0.622 pcc=0.838 | ES 27/80
  Ep  36/300 | Tr loss=0.2995 mae=0.377 r2=0.547 pcc=0.741 | Vl loss=0.1975 mae=0.319 r2=0.635 pcc=0.839 | ES 28/80
2026-05-09 12:05:39,205 | INFO |   Ep  36/300 | Tr loss=0.2995 mae=0.377 r2=0.547 pcc=0.741 | Vl loss=0.1975 mae=0.319 r2=0.635 pcc=0.839 | ES 28/80
  Ep  37/300 | Tr loss=0.2981 mae=0.376 r2=0.548 pcc=0.742 | Vl loss=0.2002 mae=0.321 r2=0.630 pcc=0.839 | ES 29/80
2026-05-09 12:06:04,998 | INFO |   Ep  37/300 | Tr loss=0.2981 mae=0.376 r2=0.548 pcc=0.742 | Vl loss=0.2002 mae=0.321 r2=0.630 pcc=0.839 | ES 29/80
  Ep  38/300 | Tr loss=0.2946 mae=0.374 r2=0.553 pcc=0.745 | Vl loss=0.1924 mae=0.314 r2=0.645 pcc=0.842 | ES 30/80
2026-05-09 12:06:30,569 | INFO |   Ep  38/300 | Tr loss=0.2946 mae=0.374 r2=0.553 pcc=0.745 | Vl loss=0.1924 mae=0.314 r2=0.645 pcc=0.842 | ES 30/80
  Ep  39/300 | Tr loss=0.2943 mae=0.373 r2=0.555 pcc=0.746 | Vl loss=0.1971 mae=0.316 r2=0.636 pcc=0.840 | ES 31/80
2026-05-09 12:06:56,050 | INFO |   Ep  39/300 | Tr loss=0.2943 mae=0.373 r2=0.555 pcc=0.746 | Vl loss=0.1971 mae=0.316 r2=0.636 pcc=0.840 | ES 31/80
  Ep  40/300 | Tr loss=0.2903 mae=0.369 r2=0.561 pcc=0.750 | Vl loss=0.1987 mae=0.317 r2=0.633 pcc=0.839 | ES 32/80
2026-05-09 12:07:21,487 | INFO |   Ep  40/300 | Tr loss=0.2903 mae=0.369 r2=0.561 pcc=0.750 | Vl loss=0.1987 mae=0.317 r2=0.633 pcc=0.839 | ES 32/80
  Ep  41/300 | Tr loss=0.2902 mae=0.369 r2=0.561 pcc=0.750 | Vl loss=0.2057 mae=0.325 r2=0.620 pcc=0.840 | ES 33/80
2026-05-09 12:07:47,015 | INFO |   Ep  41/300 | Tr loss=0.2902 mae=0.369 r2=0.561 pcc=0.750 | Vl loss=0.2057 mae=0.325 r2=0.620 pcc=0.840 | ES 33/80
  Ep  42/300 | Tr loss=0.2913 mae=0.369 r2=0.558 pcc=0.749 | Vl loss=0.2039 mae=0.325 r2=0.624 pcc=0.837 | ES 34/80
2026-05-09 12:08:12,639 | INFO |   Ep  42/300 | Tr loss=0.2913 mae=0.369 r2=0.558 pcc=0.749 | Vl loss=0.2039 mae=0.325 r2=0.624 pcc=0.837 | ES 34/80
  Ep  43/300 | Tr loss=0.2967 mae=0.374 r2=0.551 pcc=0.744 | Vl loss=0.2059 mae=0.327 r2=0.620 pcc=0.837 | ES 35/80
2026-05-09 12:08:38,086 | INFO |   Ep  43/300 | Tr loss=0.2967 mae=0.374 r2=0.551 pcc=0.744 | Vl loss=0.2059 mae=0.327 r2=0.620 pcc=0.837 | ES 35/80
  Ep  44/300 | Tr loss=0.2895 mae=0.368 r2=0.562 pcc=0.751 | Vl loss=0.2116 mae=0.328 r2=0.609 pcc=0.837 | ES 36/80
2026-05-09 12:09:03,614 | INFO |   Ep  44/300 | Tr loss=0.2895 mae=0.368 r2=0.562 pcc=0.751 | Vl loss=0.2116 mae=0.328 r2=0.609 pcc=0.837 | ES 36/80
  Ep  45/300 | Tr loss=0.2890 mae=0.370 r2=0.562 pcc=0.751 | Vl loss=0.2143 mae=0.335 r2=0.605 pcc=0.838 | ES 37/80
2026-05-09 12:09:29,271 | INFO |   Ep  45/300 | Tr loss=0.2890 mae=0.370 r2=0.562 pcc=0.751 | Vl loss=0.2143 mae=0.335 r2=0.605 pcc=0.838 | ES 37/80
  Ep  46/300 | Tr loss=0.2927 mae=0.369 r2=0.557 pcc=0.747 | Vl loss=0.2063 mae=0.322 r2=0.619 pcc=0.842 | ES 38/80
2026-05-09 12:09:54,950 | INFO |   Ep  46/300 | Tr loss=0.2927 mae=0.369 r2=0.557 pcc=0.747 | Vl loss=0.2063 mae=0.322 r2=0.619 pcc=0.842 | ES 38/80
  Ep  47/300 | Tr loss=0.2898 mae=0.368 r2=0.561 pcc=0.750 | Vl loss=0.2049 mae=0.323 r2=0.622 pcc=0.843 | ES 39/80
2026-05-09 12:10:20,629 | INFO |   Ep  47/300 | Tr loss=0.2898 mae=0.368 r2=0.561 pcc=0.750 | Vl loss=0.2049 mae=0.323 r2=0.622 pcc=0.843 | ES 39/80
  Ep  48/300 | Tr loss=0.2890 mae=0.370 r2=0.561 pcc=0.751 | Vl loss=0.2097 mae=0.329 r2=0.613 pcc=0.839 | ES 40/80
2026-05-09 12:10:46,265 | INFO |   Ep  48/300 | Tr loss=0.2890 mae=0.370 r2=0.561 pcc=0.751 | Vl loss=0.2097 mae=0.329 r2=0.613 pcc=0.839 | ES 40/80
  Ep  49/300 | Tr loss=0.2860 mae=0.368 r2=0.566 pcc=0.753 | Vl loss=0.2097 mae=0.328 r2=0.613 pcc=0.838 | ES 41/80
2026-05-09 12:11:11,806 | INFO |   Ep  49/300 | Tr loss=0.2860 mae=0.368 r2=0.566 pcc=0.753 | Vl loss=0.2097 mae=0.328 r2=0.613 pcc=0.838 | ES 41/80
  Ep  50/300 | Tr loss=0.2891 mae=0.366 r2=0.562 pcc=0.751 | Vl loss=0.2161 mae=0.335 r2=0.601 pcc=0.837 | ES 42/80
2026-05-09 12:11:37,139 | INFO |   Ep  50/300 | Tr loss=0.2891 mae=0.366 r2=0.562 pcc=0.751 | Vl loss=0.2161 mae=0.335 r2=0.601 pcc=0.837 | ES 42/80
  Ep  51/300 | Tr loss=0.2858 mae=0.363 r2=0.568 pcc=0.754 | Vl loss=0.2130 mae=0.329 r2=0.607 pcc=0.837 | ES 43/80
2026-05-09 12:12:02,487 | INFO |   Ep  51/300 | Tr loss=0.2858 mae=0.363 r2=0.568 pcc=0.754 | Vl loss=0.2130 mae=0.329 r2=0.607 pcc=0.837 | ES 43/80
  Ep  52/300 | Tr loss=0.2838 mae=0.363 r2=0.569 pcc=0.755 | Vl loss=0.2156 mae=0.333 r2=0.602 pcc=0.836 | ES 44/80
2026-05-09 12:12:27,901 | INFO |   Ep  52/300 | Tr loss=0.2838 mae=0.363 r2=0.569 pcc=0.755 | Vl loss=0.2156 mae=0.333 r2=0.602 pcc=0.836 | ES 44/80
  Ep  53/300 | Tr loss=0.2873 mae=0.365 r2=0.565 pcc=0.753 | Vl loss=0.2042 mae=0.324 r2=0.623 pcc=0.835 | ES 45/80
2026-05-09 12:12:53,572 | INFO |   Ep  53/300 | Tr loss=0.2873 mae=0.365 r2=0.565 pcc=0.753 | Vl loss=0.2042 mae=0.324 r2=0.623 pcc=0.835 | ES 45/80
  Ep  54/300 | Tr loss=0.2881 mae=0.366 r2=0.563 pcc=0.751 | Vl loss=0.2137 mae=0.335 r2=0.605 pcc=0.834 | ES 46/80
2026-05-09 12:13:19,016 | INFO |   Ep  54/300 | Tr loss=0.2881 mae=0.366 r2=0.563 pcc=0.751 | Vl loss=0.2137 mae=0.335 r2=0.605 pcc=0.834 | ES 46/80
  Ep  55/300 | Tr loss=0.2833 mae=0.364 r2=0.570 pcc=0.756 | Vl loss=0.2149 mae=0.328 r2=0.603 pcc=0.833 | ES 47/80
2026-05-09 12:13:44,526 | INFO |   Ep  55/300 | Tr loss=0.2833 mae=0.364 r2=0.570 pcc=0.756 | Vl loss=0.2149 mae=0.328 r2=0.603 pcc=0.833 | ES 47/80
  Ep  56/300 | Tr loss=0.2856 mae=0.364 r2=0.566 pcc=0.754 | Vl loss=0.2211 mae=0.338 r2=0.592 pcc=0.834 | ES 48/80
2026-05-09 12:14:10,195 | INFO |   Ep  56/300 | Tr loss=0.2856 mae=0.364 r2=0.566 pcc=0.754 | Vl loss=0.2211 mae=0.338 r2=0.592 pcc=0.834 | ES 48/80
  Ep  57/300 | Tr loss=0.2877 mae=0.366 r2=0.564 pcc=0.752 | Vl loss=0.2180 mae=0.335 r2=0.598 pcc=0.833 | ES 49/80
2026-05-09 12:14:36,040 | INFO |   Ep  57/300 | Tr loss=0.2877 mae=0.366 r2=0.564 pcc=0.752 | Vl loss=0.2180 mae=0.335 r2=0.598 pcc=0.833 | ES 49/80
  Ep  58/300 | Tr loss=0.2839 mae=0.364 r2=0.569 pcc=0.756 | Vl loss=0.2134 mae=0.333 r2=0.606 pcc=0.833 | ES 50/80
2026-05-09 12:15:01,769 | INFO |   Ep  58/300 | Tr loss=0.2839 mae=0.364 r2=0.569 pcc=0.756 | Vl loss=0.2134 mae=0.333 r2=0.606 pcc=0.833 | ES 50/80
  Ep  59/300 | Tr loss=0.2811 mae=0.362 r2=0.574 pcc=0.758 | Vl loss=0.2164 mae=0.334 r2=0.600 pcc=0.831 | ES 51/80
2026-05-09 12:15:27,347 | INFO |   Ep  59/300 | Tr loss=0.2811 mae=0.362 r2=0.574 pcc=0.758 | Vl loss=0.2164 mae=0.334 r2=0.600 pcc=0.831 | ES 51/80
Epoch 00060: reducing learning rate of group 0 to 1.2500e-05.
  Ep  60/300 | Tr loss=0.2866 mae=0.365 r2=0.565 pcc=0.753 | Vl loss=0.2142 mae=0.331 r2=0.604 pcc=0.834 | ES 52/80
2026-05-09 12:15:52,981 | INFO |   Ep  60/300 | Tr loss=0.2866 mae=0.365 r2=0.565 pcc=0.753 | Vl loss=0.2142 mae=0.331 r2=0.604 pcc=0.834 | ES 52/80
  Ep  61/300 | Tr loss=0.2833 mae=0.363 r2=0.571 pcc=0.757 | Vl loss=0.2140 mae=0.327 r2=0.605 pcc=0.835 | ES 53/80
2026-05-09 12:16:18,489 | INFO |   Ep  61/300 | Tr loss=0.2833 mae=0.363 r2=0.571 pcc=0.757 | Vl loss=0.2140 mae=0.327 r2=0.605 pcc=0.835 | ES 53/80
  Ep  62/300 | Tr loss=0.2850 mae=0.364 r2=0.568 pcc=0.755 | Vl loss=0.2154 mae=0.333 r2=0.602 pcc=0.834 | ES 54/80
2026-05-09 12:16:43,992 | INFO |   Ep  62/300 | Tr loss=0.2850 mae=0.364 r2=0.568 pcc=0.755 | Vl loss=0.2154 mae=0.333 r2=0.602 pcc=0.834 | ES 54/80
  Ep  63/300 | Tr loss=0.2831 mae=0.362 r2=0.570 pcc=0.756 | Vl loss=0.2178 mae=0.337 r2=0.598 pcc=0.833 | ES 55/80
2026-05-09 12:17:09,565 | INFO |   Ep  63/300 | Tr loss=0.2831 mae=0.362 r2=0.570 pcc=0.756 | Vl loss=0.2178 mae=0.337 r2=0.598 pcc=0.833 | ES 55/80
  Ep  64/300 | Tr loss=0.2839 mae=0.365 r2=0.569 pcc=0.755 | Vl loss=0.2145 mae=0.333 r2=0.604 pcc=0.832 | ES 56/80
2026-05-09 12:17:35,077 | INFO |   Ep  64/300 | Tr loss=0.2839 mae=0.365 r2=0.569 pcc=0.755 | Vl loss=0.2145 mae=0.333 r2=0.604 pcc=0.832 | ES 56/80
  Ep  65/300 | Tr loss=0.2826 mae=0.361 r2=0.571 pcc=0.757 | Vl loss=0.2194 mae=0.336 r2=0.595 pcc=0.832 | ES 57/80
2026-05-09 12:18:00,519 | INFO |   Ep  65/300 | Tr loss=0.2826 mae=0.361 r2=0.571 pcc=0.757 | Vl loss=0.2194 mae=0.336 r2=0.595 pcc=0.832 | ES 57/80
  Ep  66/300 | Tr loss=0.2813 mae=0.359 r2=0.573 pcc=0.758 | Vl loss=0.2166 mae=0.335 r2=0.600 pcc=0.834 | ES 58/80
2026-05-09 12:18:26,232 | INFO |   Ep  66/300 | Tr loss=0.2813 mae=0.359 r2=0.573 pcc=0.758 | Vl loss=0.2166 mae=0.335 r2=0.600 pcc=0.834 | ES 58/80
  Ep  67/300 | Tr loss=0.2815 mae=0.361 r2=0.575 pcc=0.759 | Vl loss=0.2177 mae=0.335 r2=0.598 pcc=0.831 | ES 59/80
2026-05-09 12:18:51,742 | INFO |   Ep  67/300 | Tr loss=0.2815 mae=0.361 r2=0.575 pcc=0.759 | Vl loss=0.2177 mae=0.335 r2=0.598 pcc=0.831 | ES 59/80
  Ep  68/300 | Tr loss=0.2796 mae=0.360 r2=0.575 pcc=0.759 | Vl loss=0.2155 mae=0.332 r2=0.602 pcc=0.831 | ES 60/80
2026-05-09 12:19:17,473 | INFO |   Ep  68/300 | Tr loss=0.2796 mae=0.360 r2=0.575 pcc=0.759 | Vl loss=0.2155 mae=0.332 r2=0.602 pcc=0.831 | ES 60/80
  Ep  69/300 | Tr loss=0.2819 mae=0.360 r2=0.573 pcc=0.757 | Vl loss=0.2148 mae=0.330 r2=0.603 pcc=0.831 | ES 61/80
2026-05-09 12:19:43,108 | INFO |   Ep  69/300 | Tr loss=0.2819 mae=0.360 r2=0.573 pcc=0.757 | Vl loss=0.2148 mae=0.330 r2=0.603 pcc=0.831 | ES 61/80
  Ep  70/300 | Tr loss=0.2808 mae=0.361 r2=0.574 pcc=0.758 | Vl loss=0.2117 mae=0.325 r2=0.609 pcc=0.831 | ES 62/80
2026-05-09 12:20:08,816 | INFO |   Ep  70/300 | Tr loss=0.2808 mae=0.361 r2=0.574 pcc=0.758 | Vl loss=0.2117 mae=0.325 r2=0.609 pcc=0.831 | ES 62/80
  Ep  71/300 | Tr loss=0.2801 mae=0.361 r2=0.575 pcc=0.759 | Vl loss=0.2135 mae=0.326 r2=0.605 pcc=0.833 | ES 63/80
2026-05-09 12:20:34,674 | INFO |   Ep  71/300 | Tr loss=0.2801 mae=0.361 r2=0.575 pcc=0.759 | Vl loss=0.2135 mae=0.326 r2=0.605 pcc=0.833 | ES 63/80
  Ep  72/300 | Tr loss=0.2827 mae=0.361 r2=0.572 pcc=0.757 | Vl loss=0.2117 mae=0.327 r2=0.609 pcc=0.834 | ES 64/80
2026-05-09 12:21:01,072 | INFO |   Ep  72/300 | Tr loss=0.2827 mae=0.361 r2=0.572 pcc=0.757 | Vl loss=0.2117 mae=0.327 r2=0.609 pcc=0.834 | ES 64/80
  Ep  73/300 | Tr loss=0.2797 mae=0.359 r2=0.576 pcc=0.759 | Vl loss=0.2122 mae=0.327 r2=0.608 pcc=0.834 | ES 65/80
2026-05-09 12:21:26,717 | INFO |   Ep  73/300 | Tr loss=0.2797 mae=0.359 r2=0.576 pcc=0.759 | Vl loss=0.2122 mae=0.327 r2=0.608 pcc=0.834 | ES 65/80
  Ep  74/300 | Tr loss=0.2805 mae=0.360 r2=0.574 pcc=0.759 | Vl loss=0.2147 mae=0.329 r2=0.603 pcc=0.833 | ES 66/80
2026-05-09 12:21:52,412 | INFO |   Ep  74/300 | Tr loss=0.2805 mae=0.360 r2=0.574 pcc=0.759 | Vl loss=0.2147 mae=0.329 r2=0.603 pcc=0.833 | ES 66/80
  Ep  75/300 | Tr loss=0.2823 mae=0.363 r2=0.572 pcc=0.757 | Vl loss=0.2150 mae=0.330 r2=0.603 pcc=0.832 | ES 67/80
2026-05-09 12:22:17,826 | INFO |   Ep  75/300 | Tr loss=0.2823 mae=0.363 r2=0.572 pcc=0.757 | Vl loss=0.2150 mae=0.330 r2=0.603 pcc=0.832 | ES 67/80
  Ep  76/300 | Tr loss=0.2828 mae=0.363 r2=0.573 pcc=0.758 | Vl loss=0.2111 mae=0.324 r2=0.610 pcc=0.830 | ES 68/80
2026-05-09 12:22:43,425 | INFO |   Ep  76/300 | Tr loss=0.2828 mae=0.363 r2=0.573 pcc=0.758 | Vl loss=0.2111 mae=0.324 r2=0.610 pcc=0.830 | ES 68/80
  Ep  77/300 | Tr loss=0.2836 mae=0.362 r2=0.571 pcc=0.756 | Vl loss=0.2107 mae=0.322 r2=0.610 pcc=0.830 | ES 69/80
2026-05-09 12:23:09,557 | INFO |   Ep  77/300 | Tr loss=0.2836 mae=0.362 r2=0.571 pcc=0.756 | Vl loss=0.2107 mae=0.322 r2=0.610 pcc=0.830 | ES 69/80
  Ep  78/300 | Tr loss=0.2835 mae=0.363 r2=0.570 pcc=0.756 | Vl loss=0.2083 mae=0.323 r2=0.615 pcc=0.831 | ES 70/80
2026-05-09 12:23:35,839 | INFO |   Ep  78/300 | Tr loss=0.2835 mae=0.363 r2=0.570 pcc=0.756 | Vl loss=0.2083 mae=0.323 r2=0.615 pcc=0.831 | ES 70/80
  Ep  79/300 | Tr loss=0.2808 mae=0.360 r2=0.574 pcc=0.758 | Vl loss=0.2052 mae=0.321 r2=0.621 pcc=0.833 | ES 71/80
2026-05-09 12:24:01,303 | INFO |   Ep  79/300 | Tr loss=0.2808 mae=0.360 r2=0.574 pcc=0.758 | Vl loss=0.2052 mae=0.321 r2=0.621 pcc=0.833 | ES 71/80
  Ep  80/300 | Tr loss=0.2818 mae=0.360 r2=0.574 pcc=0.758 | Vl loss=0.2075 mae=0.326 r2=0.617 pcc=0.832 | ES 72/80
2026-05-09 12:24:26,982 | INFO |   Ep  80/300 | Tr loss=0.2818 mae=0.360 r2=0.574 pcc=0.758 | Vl loss=0.2075 mae=0.326 r2=0.617 pcc=0.832 | ES 72/80
  Ep  81/300 | Tr loss=0.2833 mae=0.362 r2=0.571 pcc=0.756 | Vl loss=0.2077 mae=0.324 r2=0.616 pcc=0.832 | ES 73/80
2026-05-09 12:24:52,501 | INFO |   Ep  81/300 | Tr loss=0.2833 mae=0.362 r2=0.571 pcc=0.756 | Vl loss=0.2077 mae=0.324 r2=0.616 pcc=0.832 | ES 73/80
  Ep  82/300 | Tr loss=0.2785 mae=0.359 r2=0.577 pcc=0.760 | Vl loss=0.2194 mae=0.335 r2=0.595 pcc=0.830 | ES 74/80
2026-05-09 12:25:18,131 | INFO |   Ep  82/300 | Tr loss=0.2785 mae=0.359 r2=0.577 pcc=0.760 | Vl loss=0.2194 mae=0.335 r2=0.595 pcc=0.830 | ES 74/80
  Ep  83/300 | Tr loss=0.2797 mae=0.358 r2=0.576 pcc=0.760 | Vl loss=0.2181 mae=0.335 r2=0.597 pcc=0.828 | ES 75/80
2026-05-09 12:25:43,840 | INFO |   Ep  83/300 | Tr loss=0.2797 mae=0.358 r2=0.576 pcc=0.760 | Vl loss=0.2181 mae=0.335 r2=0.597 pcc=0.828 | ES 75/80
  Ep  84/300 | Tr loss=0.2822 mae=0.361 r2=0.572 pcc=0.757 | Vl loss=0.2139 mae=0.330 r2=0.605 pcc=0.828 | ES 76/80
2026-05-09 12:26:09,615 | INFO |   Ep  84/300 | Tr loss=0.2822 mae=0.361 r2=0.572 pcc=0.757 | Vl loss=0.2139 mae=0.330 r2=0.605 pcc=0.828 | ES 76/80
  Ep  85/300 | Tr loss=0.2781 mae=0.356 r2=0.579 pcc=0.762 | Vl loss=0.2124 mae=0.326 r2=0.607 pcc=0.830 | ES 77/80
2026-05-09 12:26:35,124 | INFO |   Ep  85/300 | Tr loss=0.2781 mae=0.356 r2=0.579 pcc=0.762 | Vl loss=0.2124 mae=0.326 r2=0.607 pcc=0.830 | ES 77/80
Epoch 00086: reducing learning rate of group 0 to 6.2500e-06.
  Ep  86/300 | Tr loss=0.2800 mae=0.359 r2=0.577 pcc=0.760 | Vl loss=0.2099 mae=0.321 r2=0.612 pcc=0.832 | ES 78/80
2026-05-09 12:27:00,854 | INFO |   Ep  86/300 | Tr loss=0.2800 mae=0.359 r2=0.577 pcc=0.760 | Vl loss=0.2099 mae=0.321 r2=0.612 pcc=0.832 | ES 78/80
  Ep  87/300 | Tr loss=0.2812 mae=0.360 r2=0.574 pcc=0.759 | Vl loss=0.2084 mae=0.320 r2=0.615 pcc=0.832 | ES 79/80
2026-05-09 12:27:26,397 | INFO |   Ep  87/300 | Tr loss=0.2812 mae=0.360 r2=0.574 pcc=0.759 | Vl loss=0.2084 mae=0.320 r2=0.615 pcc=0.832 | ES 79/80
  Ep  88/300 | Tr loss=0.2783 mae=0.356 r2=0.578 pcc=0.761 | Vl loss=0.2107 mae=0.323 r2=0.610 pcc=0.833 | ES 80/80
2026-05-09 12:27:52,245 | INFO |   Ep  88/300 | Tr loss=0.2783 mae=0.356 r2=0.578 pcc=0.761 | Vl loss=0.2107 mae=0.323 r2=0.610 pcc=0.833 | ES 80/80

  ⏹  Early stopping at epoch 88 (best=8)
2026-05-09 12:27:52,246 | INFO | Early stopping at epoch 88 best=8

✓ Training complete!

  ── Final Test Results (best epoch = 8) ──────────────────
  Loss : 0.2714
  RMSE : 0.5212
  MAE  : 0.3921
  R²   : 0.5497
  ✓ Saved → /mvdlph/masa/GCN_SingleView_Regression_Results/run_2026_05_09_11_49_47/plots/loss_curve.png
  ✓ Saved → /mvdlph/masa/GCN_SingleView_Regression_Results/run_2026_05_09_11_49_47/plots/rmse_mae.png
  ✓ Saved → /mvdlph/masa/GCN_SingleView_Regression_Results/run_2026_05_09_11_49_47/plots/r2_curve.png
  ✓ Saved → /mvdlph/masa/GCN_SingleView_Regression_Results/run_2026_05_09_11_49_47/plots/pcc_curve.png
  ✓ Saved → /mvdlph/masa/GCN_SingleView_Regression_Results/run_2026_05_09_11_49_47/plots/regression_scatter_test.png
  ✓ Saved → /mvdlph/masa/GCN_SingleView_Regression_Results/run_2026_05_09_11_49_47/plots/early_stopping.png
  ✓ History → /mvdlph/masa/GCN_SingleView_Regression_Results/run_2026_05_09_11_49_47/logs/training_history.json
============================================================
DIAGNOSTIC 1: Per-exercise skeleton variance (C0)
============================================================
  Exercise      X-var      Y-var      Z-var  Z/X ratio
-------------------------------------------------------
        E0     0.0455     0.0698     0.0091      0.200
        E1     0.0456     0.0689     0.0094      0.207
        E2     0.0461     0.0698     0.0090      0.196
        E3     0.0483     0.0700     0.0095      0.196
        E4     0.0441     0.0676     0.0092      0.209
        E5     0.0519     0.0721     0.0101      0.194
        E6     0.0441     0.0721     0.0099      0.225
        E7     0.0453     0.0685     0.0093      0.205
        E8     0.0532     0.0713     0.0097      0.182
        E9     0.0485     0.0706     0.0090      0.186

============================================================
DIAGNOSTIC 2: Quality score distribution per split
============================================================
 Train: mean=4.127 std=0.812 min=1.34 max=5.00 | correct=6037 erroneous=3439
   Val: mean=4.232 std=0.741 min=2.28 max=5.00 | correct=1905 erroneous=885
  Test: mean=4.032 std=0.777 min=2.14 max=5.00 | correct=2015 erroneous=1091
========================================================================
  Exercise         n      MAE     RMSE       R²      PCC
────────────────────────────────────────────────────────────────────────
  E0             464   0.3402   0.4090   0.7269   0.8542
  E1             326   0.4109   0.4988   0.6369   0.8931
  E2             258   0.2695   0.3798   0.7923   0.8930
  E3             319   0.7836   0.8501  -0.5926   0.4441
  E4             286   0.5620   0.6098   0.3504   0.8177
  E5             321   0.3438   0.4544   0.3532   0.6778
  E6             314   0.2060   0.3871   0.6495   0.8490
  E7             319   0.4060   0.5634  -0.1109   0.3602
  E8             317   0.2886   0.4900   0.6274   0.8024
  E9             182   0.2742   0.3332  -2.3021  -0.0155
────────────────────────────────────────────────────────────────────────
  Overall       3106   0.3921   0.5212   0.5497   0.7553
========================================================================

  ✓ Per-exercise CSV → /mvdlph/masa/GCN_SingleView_Regression_Results/run_2026_05_09_11_49_47/logs/per_exercise_metrics.csv
  ✓ Per-exercise scatter grid → /mvdlph/masa/GCN_SingleView_Regression_Results/run_2026_05_09_11_49_47/plots/per_exercise_scatter.png
  ✓ Per-exercise bar chart → /mvdlph/masa/GCN_SingleView_Regression_Results/run_2026_05_09_11_49_47/plots/per_exercise_bar.png
============================================================
  TRAINING SUMMARY — ST-GCN Regression (Single View)
============================================================
  Best Epoch       : 8  (stopped at 88)
  Best Val MAE     : 0.2790
  Best Val RMSE    : 0.4209
  Best Val R²      : 0.6768
  Best Val PCC     : 0.8352
────────────────────────────────────────────────────────────
  Test MAE         : 0.3921
  Test RMSE        : 0.5212
  Test R²          : 0.5497
  Test PCC         : 0.7553
============================================================
2026-05-09 12:28:07,125 | INFO | Best Epoch=8  stopped_epoch=88
2026-05-09 12:28:07,126 | INFO | Test MAE=0.3921
2026-05-09 12:28:07,126 | INFO | Test RMSE=0.5212
2026-05-09 12:28:07,126 | INFO | Test R²=0.5497
2026-05-09 12:28:07,127 | INFO | Test PCC=0.7553

✓ Summary CSV (overall + per-exercise) → /mvdlph/masa/GCN_SingleView_Regression_Results/training_summary.csv
