✓ stdout → also writing to /mvdlph/masa/GCN_SingleView_Regression_Results/logs/training_20260430_110112.log
2026-04-30 11:01:12,601 | INFO | ======================================================================
2026-04-30 11:01:12,601 | INFO | ST-GCN Single-View Regression | BZU Physiotherapy Dataset
2026-04-30 11:01:12,601 | INFO | Camera : CNone  |  Split : 70/15/15  |  Epochs : 300  |  Patience : 50
2026-04-30 11:01:12,601 | INFO | Log file : /mvdlph/masa/GCN_SingleView_Regression_Results/logs/training_20260430_110112.log
2026-04-30 11:01:12,601 | INFO | ======================================================================
✓ parse_filename and load_skeleton defined
NPZ files found (all cameras) : 15375

✓ Total samples  (CNone) : 15375
✓ Unique trials              : 61
✓ Quality mean ± std         : 4.126 ± 0.795

✓ Exercise distribution:
0    1752
1    1608
2    1382
3    1596
4    1579
5    1566
6    1570
7    1588
8    1401
9    1333
Name: exercise, dtype: int64
Checking for corrupted files...
  Removing 3 corrupted files from index
    BAD: /mvdlph/Dataset_CVDLPT_Videos_Segments_P0P15_MMPose_human3d_motionbert_H36M_3D_1_2026/E0_P13_T5_C2_seg2_MMPose_human3d_motionbert_3D.npz
    BAD: /mvdlph/Dataset_CVDLPT_Videos_Segments_P0P15_MMPose_human3d_motionbert_H36M_3D_1_2026/E1_P14_T3_C2_seg6_MMPose_human3d_motionbert_3D.npz
    BAD: /mvdlph/Dataset_CVDLPT_Videos_Segments_P0P15_MMPose_human3d_motionbert_H36M_3D_1_2026/E4_P12_T3_C1_seg5_MMPose_human3d_motionbert_3D.npz
  Clean samples remaining: 15372

── Sample rows ──
    exercise person trial_id  segment  quality
0          0     P0       T0        0   4.3667
1          0     P0       T0        1   4.3667
2          0     P0       T0        2   4.3667
3          0     P0       T0        3   4.3667
4          0     P0       T0        4   4.3667
5          0     P0       T0        5   4.3667
6          0     P0       T0        6   4.3667
7          0     P0       T0        7   4.3667
8          0     P0       T0        8   4.3667
9          0     P0       T0        9   4.3667
10         0     P0       T0        0   4.3667
11         0     P0       T0        1   4.3667
12         0     P0       T0        2   4.3667
13         0     P0       T0        3   4.3667
14         0     P0       T0        4   4.3667
0    5147
1    5101
2    5124
Name: camera, dtype: int64

Total samples: 15372
✓ Skeleton visualisation helpers defined
person                                                     P0
exercise                                                    0
trial_id                                                   T0
segment                                                     0
filepath    /mvdlph/Dataset_CVDLPT_Videos_Segments_P0P15_M...
Name: 10, dtype: object
Skeleton shape : (61, 17, 3)
X range : [-0.369, 0.592]
Y range : [0.000, 0.994]
Z range : [-0.193, 0.198]
  ✓ Skeleton plot saved → /mvdlph/masa/GCN_SingleView_Regression_Results/plots/sample_skeleton_3views.png
  ✓ Motion frames saved → /mvdlph/masa/GCN_SingleView_Regression_Results/plots/sample_skeleton_motion.png
Axis ranges across all frames:
X: [-0.369, 0.592] — likely left/right
Y: [0.000, 0.994] — likely ???
Z: [-0.193, 0.198] — likely height

Hip  mean XYZ: [0.         0.32057488 0.        ]
Head mean XYZ: [-0.14265826  0.9668146  -0.18420231]

Difference (head - hip): [-0.14265826  0.6462397  -0.18420231]
✓ BZUDataset defined (regression only)
✓ ST-GCN regression model defined
Device : cuda
GPU    : Tesla V100-PCIE-32GB
✓ centre_and_scale and run_epoch (regression) defined

Persons → train=10, val=3, test=3
Samples → train=9305, val=2815, test=3252
  Train: mean=4.165 std=0.759 min=1.58 max=5.00
  Val: mean=4.193 std=0.714 min=2.28 max=5.00
  Test: mean=3.959 std=0.928 min=1.34 max=5.00

✓ Train / Val / Test split ready
✓ Plotting helpers (regression) defined
✓ EarlyStopping defined (monitoring MAE)
2026-04-30 11:01:40,586 | INFO | ======================================================================
2026-04-30 11:01:40,586 | INFO | STARTING REGRESSION TRAINING  (with Early Stopping on MAE)
2026-04-30 11:01:40,586 | INFO | ======================================================================
2026-04-30 11:01:40,587 | INFO | train=9305 val=2815 test=3252

════════════════════════════════════════════════════════════════════
  Camera CNone  |  Train: 9305  Val: 2815  Test: 3252
  Patience: 50  |  LR: 0.0003  |  Batch: 48
════════════════════════════════════════════════════════════════════
  Ep   1/300 | Tr loss=0.2388 mae=0.544 r2=0.066 | Vl loss=0.1729 mae=0.491 r2=0.307 | Te loss=0.2769 mae=0.609 r2=0.300 | ES 0/50 ★
2026-04-30 11:02:19,856 | INFO |   Ep   1/300 | Tr loss=0.2388 mae=0.544 r2=0.066 | Vl loss=0.1729 mae=0.491 r2=0.307 | Te loss=0.2769 mae=0.609 r2=0.300 | ES 0/50 ★
    ★ val_mae=0.4905  rmse=0.5946  r2=0.3067
  Ep   2/300 | Tr loss=0.1904 mae=0.486 r2=0.302 | Vl loss=0.1926 mae=0.513 r2=0.205 | Te loss=0.2706 mae=0.602 r2=0.326 | ES 1/50
2026-04-30 11:02:57,959 | INFO |   Ep   2/300 | Tr loss=0.1904 mae=0.486 r2=0.302 | Vl loss=0.1926 mae=0.513 r2=0.205 | Te loss=0.2706 mae=0.602 r2=0.326 | ES 1/50
  Ep   3/300 | Tr loss=0.1815 mae=0.471 r2=0.338 | Vl loss=0.1570 mae=0.437 r2=0.359 | Te loss=0.2448 mae=0.552 r2=0.387 | ES 0/50 ★
2026-04-30 11:03:36,426 | INFO |   Ep   3/300 | Tr loss=0.1815 mae=0.471 r2=0.338 | Vl loss=0.1570 mae=0.437 r2=0.359 | Te loss=0.2448 mae=0.552 r2=0.387 | ES 0/50 ★
    ★ val_mae=0.4369  rmse=0.5719  r2=0.3586
  Ep   4/300 | Tr loss=0.1700 mae=0.443 r2=0.379 | Vl loss=0.1717 mae=0.493 r2=0.302 | Te loss=0.2252 mae=0.554 r2=0.432 | ES 1/50
2026-04-30 11:04:14,564 | INFO |   Ep   4/300 | Tr loss=0.1700 mae=0.443 r2=0.379 | Vl loss=0.1717 mae=0.493 r2=0.302 | Te loss=0.2252 mae=0.554 r2=0.432 | ES 1/50
  Ep   5/300 | Tr loss=0.1600 mae=0.424 r2=0.414 | Vl loss=0.1462 mae=0.428 r2=0.401 | Te loss=0.2138 mae=0.525 r2=0.461 | ES 0/50 ★
2026-04-30 11:04:52,649 | INFO |   Ep   5/300 | Tr loss=0.1600 mae=0.424 r2=0.414 | Vl loss=0.1462 mae=0.428 r2=0.401 | Te loss=0.2138 mae=0.525 r2=0.461 | ES 0/50 ★
    ★ val_mae=0.4280  rmse=0.5525  r2=0.4014
  Ep   6/300 | Tr loss=0.1527 mae=0.410 r2=0.442 | Vl loss=0.1421 mae=0.429 r2=0.429 | Te loss=0.2202 mae=0.532 r2=0.437 | ES 1/50
2026-04-30 11:05:30,825 | INFO |   Ep   6/300 | Tr loss=0.1527 mae=0.410 r2=0.442 | Vl loss=0.1421 mae=0.429 r2=0.429 | Te loss=0.2202 mae=0.532 r2=0.437 | ES 1/50
  Ep   7/300 | Tr loss=0.1503 mae=0.404 r2=0.451 | Vl loss=0.1461 mae=0.424 r2=0.401 | Te loss=0.2140 mae=0.524 r2=0.460 | ES 0/50 ★
2026-04-30 11:06:09,043 | INFO |   Ep   7/300 | Tr loss=0.1503 mae=0.404 r2=0.451 | Vl loss=0.1461 mae=0.424 r2=0.401 | Te loss=0.2140 mae=0.524 r2=0.460 | ES 0/50 ★
    ★ val_mae=0.4235  rmse=0.5528  r2=0.4007
  Ep   8/300 | Tr loss=0.1484 mae=0.401 r2=0.459 | Vl loss=0.1461 mae=0.427 r2=0.404 | Te loss=0.2158 mae=0.525 r2=0.452 | ES 1/50
2026-04-30 11:06:47,111 | INFO |   Ep   8/300 | Tr loss=0.1484 mae=0.401 r2=0.459 | Vl loss=0.1461 mae=0.427 r2=0.404 | Te loss=0.2158 mae=0.525 r2=0.452 | ES 1/50
  Ep   9/300 | Tr loss=0.1483 mae=0.399 r2=0.458 | Vl loss=0.1391 mae=0.403 r2=0.433 | Te loss=0.2182 mae=0.521 r2=0.445 | ES 0/50 ★
2026-04-30 11:07:25,221 | INFO |   Ep   9/300 | Tr loss=0.1483 mae=0.399 r2=0.458 | Vl loss=0.1391 mae=0.403 r2=0.433 | Te loss=0.2182 mae=0.521 r2=0.445 | ES 0/50 ★
    ★ val_mae=0.4027  rmse=0.5378  r2=0.4327
  Ep  10/300 | Tr loss=0.1459 mae=0.394 r2=0.467 | Vl loss=0.1365 mae=0.395 r2=0.444 | Te loss=0.2178 mae=0.520 r2=0.448 | ES 0/50 ★
2026-04-30 11:08:03,490 | INFO |   Ep  10/300 | Tr loss=0.1459 mae=0.394 r2=0.467 | Vl loss=0.1365 mae=0.395 r2=0.444 | Te loss=0.2178 mae=0.520 r2=0.448 | ES 0/50 ★
    ★ val_mae=0.3946  rmse=0.5325  r2=0.4439
  Ep  11/300 | Tr loss=0.1460 mae=0.394 r2=0.468 | Vl loss=0.1478 mae=0.414 r2=0.386 | Te loss=0.2141 mae=0.516 r2=0.462 | ES 1/50
2026-04-30 11:08:41,611 | INFO |   Ep  11/300 | Tr loss=0.1460 mae=0.394 r2=0.468 | Vl loss=0.1478 mae=0.414 r2=0.386 | Te loss=0.2141 mae=0.516 r2=0.462 | ES 1/50
  Ep  12/300 | Tr loss=0.1460 mae=0.394 r2=0.467 | Vl loss=0.1344 mae=0.389 r2=0.455 | Te loss=0.2213 mae=0.522 r2=0.436 | ES 0/50 ★
2026-04-30 11:09:19,868 | INFO |   Ep  12/300 | Tr loss=0.1460 mae=0.394 r2=0.467 | Vl loss=0.1344 mae=0.389 r2=0.455 | Te loss=0.2213 mae=0.522 r2=0.436 | ES 0/50 ★
    ★ val_mae=0.3894  rmse=0.5270  r2=0.4552
  Ep  13/300 | Tr loss=0.1456 mae=0.394 r2=0.470 | Vl loss=0.1382 mae=0.395 r2=0.434 | Te loss=0.2179 mae=0.520 r2=0.451 | ES 1/50
2026-04-30 11:09:58,217 | INFO |   Ep  13/300 | Tr loss=0.1456 mae=0.394 r2=0.470 | Vl loss=0.1382 mae=0.395 r2=0.434 | Te loss=0.2179 mae=0.520 r2=0.451 | ES 1/50
  Ep  14/300 | Tr loss=0.1455 mae=0.394 r2=0.470 | Vl loss=0.1544 mae=0.454 r2=0.375 | Te loss=0.2221 mae=0.537 r2=0.433 | ES 2/50
2026-04-30 11:10:36,637 | INFO |   Ep  14/300 | Tr loss=0.1455 mae=0.394 r2=0.470 | Vl loss=0.1544 mae=0.454 r2=0.375 | Te loss=0.2221 mae=0.537 r2=0.433 | ES 2/50
  Ep  15/300 | Tr loss=0.1444 mae=0.391 r2=0.473 | Vl loss=0.1394 mae=0.404 r2=0.431 | Te loss=0.2179 mae=0.522 r2=0.449 | ES 3/50
2026-04-30 11:11:14,718 | INFO |   Ep  15/300 | Tr loss=0.1444 mae=0.391 r2=0.473 | Vl loss=0.1394 mae=0.404 r2=0.431 | Te loss=0.2179 mae=0.522 r2=0.449 | ES 3/50
  Ep  16/300 | Tr loss=0.1435 mae=0.390 r2=0.478 | Vl loss=0.1460 mae=0.431 r2=0.407 | Te loss=0.2168 mae=0.528 r2=0.450 | ES 4/50
2026-04-30 11:11:52,872 | INFO |   Ep  16/300 | Tr loss=0.1435 mae=0.390 r2=0.478 | Vl loss=0.1460 mae=0.431 r2=0.407 | Te loss=0.2168 mae=0.528 r2=0.450 | ES 4/50
  Ep  17/300 | Tr loss=0.1442 mae=0.392 r2=0.474 | Vl loss=0.1370 mae=0.399 r2=0.441 | Te loss=0.2155 mae=0.518 r2=0.454 | ES 5/50
2026-04-30 11:12:30,853 | INFO |   Ep  17/300 | Tr loss=0.1442 mae=0.392 r2=0.474 | Vl loss=0.1370 mae=0.399 r2=0.441 | Te loss=0.2155 mae=0.518 r2=0.454 | ES 5/50
  Ep  18/300 | Tr loss=0.1439 mae=0.391 r2=0.476 | Vl loss=0.1420 mae=0.418 r2=0.423 | Te loss=0.2164 mae=0.526 r2=0.452 | ES 6/50
2026-04-30 11:13:08,893 | INFO |   Ep  18/300 | Tr loss=0.1439 mae=0.391 r2=0.476 | Vl loss=0.1420 mae=0.418 r2=0.423 | Te loss=0.2164 mae=0.526 r2=0.452 | ES 6/50
  Ep  19/300 | Tr loss=0.1431 mae=0.390 r2=0.479 | Vl loss=0.1369 mae=0.401 r2=0.446 | Te loss=0.2206 mae=0.525 r2=0.437 | ES 7/50
2026-04-30 11:13:47,280 | INFO |   Ep  19/300 | Tr loss=0.1431 mae=0.390 r2=0.479 | Vl loss=0.1369 mae=0.401 r2=0.446 | Te loss=0.2206 mae=0.525 r2=0.437 | ES 7/50
  Ep  20/300 | Tr loss=0.1437 mae=0.391 r2=0.476 | Vl loss=0.1383 mae=0.397 r2=0.435 | Te loss=0.2179 mae=0.520 r2=0.448 | ES 8/50
2026-04-30 11:14:25,558 | INFO |   Ep  20/300 | Tr loss=0.1437 mae=0.391 r2=0.476 | Vl loss=0.1383 mae=0.397 r2=0.435 | Te loss=0.2179 mae=0.520 r2=0.448 | ES 8/50
  Ep  21/300 | Tr loss=0.1426 mae=0.388 r2=0.481 | Vl loss=0.1369 mae=0.397 r2=0.443 | Te loss=0.2173 mae=0.521 r2=0.449 | ES 9/50
2026-04-30 11:15:03,951 | INFO |   Ep  21/300 | Tr loss=0.1426 mae=0.388 r2=0.481 | Vl loss=0.1369 mae=0.397 r2=0.443 | Te loss=0.2173 mae=0.521 r2=0.449 | ES 9/50
  Ep  22/300 | Tr loss=0.1429 mae=0.390 r2=0.479 | Vl loss=0.1377 mae=0.406 r2=0.441 | Te loss=0.2155 mae=0.520 r2=0.452 | ES 10/50
2026-04-30 11:15:42,137 | INFO |   Ep  22/300 | Tr loss=0.1429 mae=0.390 r2=0.479 | Vl loss=0.1377 mae=0.406 r2=0.441 | Te loss=0.2155 mae=0.520 r2=0.452 | ES 10/50
  Ep  23/300 | Tr loss=0.1427 mae=0.389 r2=0.480 | Vl loss=0.1335 mae=0.388 r2=0.458 | Te loss=0.2205 mae=0.521 r2=0.442 | ES 0/50 ★
2026-04-30 11:16:20,423 | INFO |   Ep  23/300 | Tr loss=0.1427 mae=0.389 r2=0.480 | Vl loss=0.1335 mae=0.388 r2=0.458 | Te loss=0.2205 mae=0.521 r2=0.442 | ES 0/50 ★
    ★ val_mae=0.3883  rmse=0.5258  r2=0.4578
  Ep  24/300 | Tr loss=0.1429 mae=0.389 r2=0.480 | Vl loss=0.1355 mae=0.396 r2=0.451 | Te loss=0.2207 mae=0.526 r2=0.436 | ES 1/50
2026-04-30 11:16:58,743 | INFO |   Ep  24/300 | Tr loss=0.1429 mae=0.389 r2=0.480 | Vl loss=0.1355 mae=0.396 r2=0.451 | Te loss=0.2207 mae=0.526 r2=0.436 | ES 1/50
  Ep  25/300 | Tr loss=0.1436 mae=0.391 r2=0.477 | Vl loss=0.1334 mae=0.387 r2=0.460 | Te loss=0.2222 mae=0.522 r2=0.432 | ES 0/50 ★
2026-04-30 11:17:37,108 | INFO |   Ep  25/300 | Tr loss=0.1436 mae=0.391 r2=0.477 | Vl loss=0.1334 mae=0.387 r2=0.460 | Te loss=0.2222 mae=0.522 r2=0.432 | ES 0/50 ★
    ★ val_mae=0.3866  rmse=0.5249  r2=0.4597
  Ep  26/300 | Tr loss=0.1422 mae=0.388 r2=0.482 | Vl loss=0.1337 mae=0.387 r2=0.457 | Te loss=0.2208 mae=0.522 r2=0.439 | ES 1/50
2026-04-30 11:18:15,351 | INFO |   Ep  26/300 | Tr loss=0.1422 mae=0.388 r2=0.482 | Vl loss=0.1337 mae=0.387 r2=0.457 | Te loss=0.2208 mae=0.522 r2=0.439 | ES 1/50
  Ep  27/300 | Tr loss=0.1419 mae=0.388 r2=0.484 | Vl loss=0.1389 mae=0.410 r2=0.437 | Te loss=0.2171 mae=0.523 r2=0.446 | ES 2/50
2026-04-30 11:18:53,531 | INFO |   Ep  27/300 | Tr loss=0.1419 mae=0.388 r2=0.484 | Vl loss=0.1389 mae=0.410 r2=0.437 | Te loss=0.2171 mae=0.523 r2=0.446 | ES 2/50
  Ep  28/300 | Tr loss=0.1418 mae=0.388 r2=0.484 | Vl loss=0.1393 mae=0.410 r2=0.436 | Te loss=0.2195 mae=0.527 r2=0.439 | ES 3/50
2026-04-30 11:19:31,547 | INFO |   Ep  28/300 | Tr loss=0.1418 mae=0.388 r2=0.484 | Vl loss=0.1393 mae=0.410 r2=0.436 | Te loss=0.2195 mae=0.527 r2=0.439 | ES 3/50
  Ep  29/300 | Tr loss=0.1424 mae=0.389 r2=0.482 | Vl loss=0.1403 mae=0.413 r2=0.432 | Te loss=0.2196 mae=0.530 r2=0.441 | ES 4/50
2026-04-30 11:20:09,550 | INFO |   Ep  29/300 | Tr loss=0.1424 mae=0.389 r2=0.482 | Vl loss=0.1403 mae=0.413 r2=0.432 | Te loss=0.2196 mae=0.530 r2=0.441 | ES 4/50
  Ep  30/300 | Tr loss=0.1425 mae=0.389 r2=0.482 | Vl loss=0.1346 mae=0.389 r2=0.457 | Te loss=0.2249 mae=0.528 r2=0.420 | ES 5/50
2026-04-30 11:20:47,808 | INFO |   Ep  30/300 | Tr loss=0.1425 mae=0.389 r2=0.482 | Vl loss=0.1346 mae=0.389 r2=0.457 | Te loss=0.2249 mae=0.528 r2=0.420 | ES 5/50
  Ep  31/300 | Tr loss=0.1423 mae=0.389 r2=0.482 | Vl loss=0.1340 mae=0.393 r2=0.458 | Te loss=0.2195 mae=0.521 r2=0.439 | ES 6/50
2026-04-30 11:21:26,117 | INFO |   Ep  31/300 | Tr loss=0.1423 mae=0.389 r2=0.482 | Vl loss=0.1340 mae=0.393 r2=0.458 | Te loss=0.2195 mae=0.521 r2=0.439 | ES 6/50
  Ep  32/300 | Tr loss=0.1419 mae=0.389 r2=0.484 | Vl loss=0.1323 mae=0.388 r2=0.468 | Te loss=0.2231 mae=0.524 r2=0.425 | ES 7/50
2026-04-30 11:22:04,284 | INFO |   Ep  32/300 | Tr loss=0.1419 mae=0.389 r2=0.484 | Vl loss=0.1323 mae=0.388 r2=0.468 | Te loss=0.2231 mae=0.524 r2=0.425 | ES 7/50
  Ep  33/300 | Tr loss=0.1414 mae=0.387 r2=0.486 | Vl loss=0.1416 mae=0.419 r2=0.425 | Te loss=0.2142 mae=0.523 r2=0.456 | ES 8/50
2026-04-30 11:22:42,431 | INFO |   Ep  33/300 | Tr loss=0.1414 mae=0.387 r2=0.486 | Vl loss=0.1416 mae=0.419 r2=0.425 | Te loss=0.2142 mae=0.523 r2=0.456 | ES 8/50
  Ep  34/300 | Tr loss=0.1414 mae=0.387 r2=0.486 | Vl loss=0.1418 mae=0.405 r2=0.418 | Te loss=0.2165 mae=0.523 r2=0.454 | ES 9/50
2026-04-30 11:23:20,799 | INFO |   Ep  34/300 | Tr loss=0.1414 mae=0.387 r2=0.486 | Vl loss=0.1418 mae=0.405 r2=0.418 | Te loss=0.2165 mae=0.523 r2=0.454 | ES 9/50
  Ep  35/300 | Tr loss=0.1424 mae=0.388 r2=0.482 | Vl loss=0.1400 mae=0.407 r2=0.430 | Te loss=0.2186 mae=0.523 r2=0.442 | ES 10/50
2026-04-30 11:23:59,062 | INFO |   Ep  35/300 | Tr loss=0.1424 mae=0.388 r2=0.482 | Vl loss=0.1400 mae=0.407 r2=0.430 | Te loss=0.2186 mae=0.523 r2=0.442 | ES 10/50
  Ep  36/300 | Tr loss=0.1413 mae=0.385 r2=0.486 | Vl loss=0.1359 mae=0.395 r2=0.449 | Te loss=0.2204 mae=0.525 r2=0.437 | ES 11/50
2026-04-30 11:24:37,330 | INFO |   Ep  36/300 | Tr loss=0.1413 mae=0.385 r2=0.486 | Vl loss=0.1359 mae=0.395 r2=0.449 | Te loss=0.2204 mae=0.525 r2=0.437 | ES 11/50
  Ep  37/300 | Tr loss=0.1415 mae=0.388 r2=0.486 | Vl loss=0.1338 mae=0.386 r2=0.458 | Te loss=0.2226 mae=0.522 r2=0.430 | ES 0/50 ★
2026-04-30 11:25:15,508 | INFO |   Ep  37/300 | Tr loss=0.1415 mae=0.388 r2=0.486 | Vl loss=0.1338 mae=0.386 r2=0.458 | Te loss=0.2226 mae=0.522 r2=0.430 | ES 0/50 ★
    ★ val_mae=0.3861  rmse=0.5257  r2=0.4581
  Ep  38/300 | Tr loss=0.1412 mae=0.387 r2=0.486 | Vl loss=0.1484 mae=0.433 r2=0.395 | Te loss=0.2175 mae=0.530 r2=0.448 | ES 1/50
2026-04-30 11:25:53,497 | INFO |   Ep  38/300 | Tr loss=0.1412 mae=0.387 r2=0.486 | Vl loss=0.1484 mae=0.433 r2=0.395 | Te loss=0.2175 mae=0.530 r2=0.448 | ES 1/50
  Ep  39/300 | Tr loss=0.1407 mae=0.386 r2=0.488 | Vl loss=0.1421 mae=0.420 r2=0.425 | Te loss=0.2212 mae=0.532 r2=0.435 | ES 2/50
2026-04-30 11:26:31,639 | INFO |   Ep  39/300 | Tr loss=0.1407 mae=0.386 r2=0.488 | Vl loss=0.1421 mae=0.420 r2=0.425 | Te loss=0.2212 mae=0.532 r2=0.435 | ES 2/50
  Ep  40/300 | Tr loss=0.1413 mae=0.387 r2=0.487 | Vl loss=0.1338 mae=0.391 r2=0.460 | Te loss=0.2182 mae=0.520 r2=0.441 | ES 3/50
2026-04-30 11:27:09,628 | INFO |   Ep  40/300 | Tr loss=0.1413 mae=0.387 r2=0.487 | Vl loss=0.1338 mae=0.391 r2=0.460 | Te loss=0.2182 mae=0.520 r2=0.441 | ES 3/50
  Ep  41/300 | Tr loss=0.1411 mae=0.387 r2=0.487 | Vl loss=0.1334 mae=0.385 r2=0.460 | Te loss=0.2224 mae=0.521 r2=0.431 | ES 0/50 ★
2026-04-30 11:27:48,033 | INFO |   Ep  41/300 | Tr loss=0.1411 mae=0.387 r2=0.487 | Vl loss=0.1334 mae=0.385 r2=0.460 | Te loss=0.2224 mae=0.521 r2=0.431 | ES 0/50 ★
    ★ val_mae=0.3855  rmse=0.5246  r2=0.4603
  Ep  42/300 | Tr loss=0.1411 mae=0.387 r2=0.487 | Vl loss=0.1374 mae=0.405 r2=0.444 | Te loss=0.2180 mae=0.525 r2=0.443 | ES 1/50
2026-04-30 11:28:26,396 | INFO |   Ep  42/300 | Tr loss=0.1411 mae=0.387 r2=0.487 | Vl loss=0.1374 mae=0.405 r2=0.444 | Te loss=0.2180 mae=0.525 r2=0.443 | ES 1/50
  Ep  43/300 | Tr loss=0.1405 mae=0.387 r2=0.490 | Vl loss=0.1358 mae=0.394 r2=0.453 | Te loss=0.2274 mae=0.534 r2=0.412 | ES 2/50
2026-04-30 11:29:04,445 | INFO |   Ep  43/300 | Tr loss=0.1405 mae=0.387 r2=0.490 | Vl loss=0.1358 mae=0.394 r2=0.453 | Te loss=0.2274 mae=0.534 r2=0.412 | ES 2/50
  Ep  44/300 | Tr loss=0.1404 mae=0.385 r2=0.489 | Vl loss=0.1372 mae=0.396 r2=0.445 | Te loss=0.2225 mae=0.528 r2=0.428 | ES 3/50
2026-04-30 11:29:42,724 | INFO |   Ep  44/300 | Tr loss=0.1404 mae=0.385 r2=0.489 | Vl loss=0.1372 mae=0.396 r2=0.445 | Te loss=0.2225 mae=0.528 r2=0.428 | ES 3/50
  Ep  45/300 | Tr loss=0.1409 mae=0.386 r2=0.488 | Vl loss=0.1366 mae=0.402 r2=0.448 | Te loss=0.2181 mae=0.524 r2=0.443 | ES 4/50
2026-04-30 11:30:20,861 | INFO |   Ep  45/300 | Tr loss=0.1409 mae=0.386 r2=0.488 | Vl loss=0.1366 mae=0.402 r2=0.448 | Te loss=0.2181 mae=0.524 r2=0.443 | ES 4/50
  Ep  46/300 | Tr loss=0.1409 mae=0.387 r2=0.488 | Vl loss=0.1418 mae=0.408 r2=0.423 | Te loss=0.2170 mae=0.524 r2=0.447 | ES 5/50
2026-04-30 11:30:59,076 | INFO |   Ep  46/300 | Tr loss=0.1409 mae=0.387 r2=0.488 | Vl loss=0.1418 mae=0.408 r2=0.423 | Te loss=0.2170 mae=0.524 r2=0.447 | ES 5/50
  Ep  47/300 | Tr loss=0.1403 mae=0.387 r2=0.491 | Vl loss=0.1333 mae=0.386 r2=0.460 | Te loss=0.2218 mae=0.523 r2=0.434 | ES 6/50
2026-04-30 11:31:37,406 | INFO |   Ep  47/300 | Tr loss=0.1403 mae=0.387 r2=0.491 | Vl loss=0.1333 mae=0.386 r2=0.460 | Te loss=0.2218 mae=0.523 r2=0.434 | ES 6/50
  Ep  48/300 | Tr loss=0.1403 mae=0.386 r2=0.491 | Vl loss=0.1409 mae=0.410 r2=0.430 | Te loss=0.2180 mae=0.526 r2=0.442 | ES 7/50
2026-04-30 11:32:15,571 | INFO |   Ep  48/300 | Tr loss=0.1403 mae=0.386 r2=0.491 | Vl loss=0.1409 mae=0.410 r2=0.430 | Te loss=0.2180 mae=0.526 r2=0.442 | ES 7/50
  Ep  49/300 | Tr loss=0.1404 mae=0.386 r2=0.490 | Vl loss=0.1376 mae=0.393 r2=0.441 | Te loss=0.2208 mae=0.523 r2=0.437 | ES 8/50
2026-04-30 11:32:54,031 | INFO |   Ep  49/300 | Tr loss=0.1404 mae=0.386 r2=0.490 | Vl loss=0.1376 mae=0.393 r2=0.441 | Te loss=0.2208 mae=0.523 r2=0.437 | ES 8/50
  Ep  50/300 | Tr loss=0.1398 mae=0.384 r2=0.492 | Vl loss=0.1504 mae=0.434 r2=0.389 | Te loss=0.2188 mae=0.529 r2=0.439 | ES 9/50
2026-04-30 11:33:32,485 | INFO |   Ep  50/300 | Tr loss=0.1398 mae=0.384 r2=0.492 | Vl loss=0.1504 mae=0.434 r2=0.389 | Te loss=0.2188 mae=0.529 r2=0.439 | ES 9/50
  Ep  51/300 | Tr loss=0.1402 mae=0.386 r2=0.491 | Vl loss=0.1425 mae=0.409 r2=0.421 | Te loss=0.2195 mae=0.527 r2=0.437 | ES 10/50
2026-04-30 11:34:10,780 | INFO |   Ep  51/300 | Tr loss=0.1402 mae=0.386 r2=0.491 | Vl loss=0.1425 mae=0.409 r2=0.421 | Te loss=0.2195 mae=0.527 r2=0.437 | ES 10/50
  Ep  52/300 | Tr loss=0.1402 mae=0.386 r2=0.491 | Vl loss=0.1391 mae=0.405 r2=0.439 | Te loss=0.2206 mae=0.528 r2=0.433 | ES 11/50
2026-04-30 11:34:49,218 | INFO |   Ep  52/300 | Tr loss=0.1402 mae=0.386 r2=0.491 | Vl loss=0.1391 mae=0.405 r2=0.439 | Te loss=0.2206 mae=0.528 r2=0.433 | ES 11/50
  Ep  53/300 | Tr loss=0.1402 mae=0.386 r2=0.490 | Vl loss=0.1416 mae=0.413 r2=0.428 | Te loss=0.2169 mae=0.524 r2=0.444 | ES 12/50
2026-04-30 11:35:27,723 | INFO |   Ep  53/300 | Tr loss=0.1402 mae=0.386 r2=0.490 | Vl loss=0.1416 mae=0.413 r2=0.428 | Te loss=0.2169 mae=0.524 r2=0.444 | ES 12/50
  Ep  54/300 | Tr loss=0.1405 mae=0.387 r2=0.490 | Vl loss=0.1394 mae=0.393 r2=0.431 | Te loss=0.2213 mae=0.522 r2=0.437 | ES 13/50
2026-04-30 11:36:06,258 | INFO |   Ep  54/300 | Tr loss=0.1405 mae=0.387 r2=0.490 | Vl loss=0.1394 mae=0.393 r2=0.431 | Te loss=0.2213 mae=0.522 r2=0.437 | ES 13/50
  Ep  55/300 | Tr loss=0.1395 mae=0.385 r2=0.493 | Vl loss=0.1403 mae=0.403 r2=0.431 | Te loss=0.2202 mae=0.524 r2=0.435 | ES 14/50
2026-04-30 11:36:44,945 | INFO |   Ep  55/300 | Tr loss=0.1395 mae=0.385 r2=0.493 | Vl loss=0.1403 mae=0.403 r2=0.431 | Te loss=0.2202 mae=0.524 r2=0.435 | ES 14/50
  Ep  56/300 | Tr loss=0.1402 mae=0.386 r2=0.490 | Vl loss=0.1414 mae=0.405 r2=0.427 | Te loss=0.2230 mae=0.527 r2=0.425 | ES 15/50
2026-04-30 11:37:23,337 | INFO |   Ep  56/300 | Tr loss=0.1402 mae=0.386 r2=0.490 | Vl loss=0.1414 mae=0.405 r2=0.427 | Te loss=0.2230 mae=0.527 r2=0.425 | ES 15/50
  Ep  57/300 | Tr loss=0.1401 mae=0.385 r2=0.491 | Vl loss=0.1454 mae=0.418 r2=0.408 | Te loss=0.2182 mae=0.525 r2=0.442 | ES 16/50
2026-04-30 11:38:01,821 | INFO |   Ep  57/300 | Tr loss=0.1401 mae=0.385 r2=0.491 | Vl loss=0.1454 mae=0.418 r2=0.408 | Te loss=0.2182 mae=0.525 r2=0.442 | ES 16/50
  Ep  58/300 | Tr loss=0.1394 mae=0.384 r2=0.494 | Vl loss=0.1469 mae=0.425 r2=0.404 | Te loss=0.2179 mae=0.526 r2=0.442 | ES 17/50
2026-04-30 11:38:40,249 | INFO |   Ep  58/300 | Tr loss=0.1394 mae=0.384 r2=0.494 | Vl loss=0.1469 mae=0.425 r2=0.404 | Te loss=0.2179 mae=0.526 r2=0.442 | ES 17/50
  Ep  59/300 | Tr loss=0.1397 mae=0.384 r2=0.491 | Vl loss=0.1372 mae=0.393 r2=0.444 | Te loss=0.2224 mae=0.524 r2=0.431 | ES 18/50
2026-04-30 11:39:18,829 | INFO |   Ep  59/300 | Tr loss=0.1397 mae=0.384 r2=0.491 | Vl loss=0.1372 mae=0.393 r2=0.444 | Te loss=0.2224 mae=0.524 r2=0.431 | ES 18/50
  Ep  60/300 | Tr loss=0.1395 mae=0.384 r2=0.493 | Vl loss=0.1382 mae=0.391 r2=0.438 | Te loss=0.2214 mae=0.519 r2=0.433 | ES 19/50
2026-04-30 11:39:57,215 | INFO |   Ep  60/300 | Tr loss=0.1395 mae=0.384 r2=0.493 | Vl loss=0.1382 mae=0.391 r2=0.438 | Te loss=0.2214 mae=0.519 r2=0.433 | ES 19/50
  Ep  61/300 | Tr loss=0.1391 mae=0.383 r2=0.495 | Vl loss=0.1473 mae=0.416 r2=0.398 | Te loss=0.2172 mae=0.520 r2=0.440 | ES 20/50
2026-04-30 11:40:35,524 | INFO |   Ep  61/300 | Tr loss=0.1391 mae=0.383 r2=0.495 | Vl loss=0.1473 mae=0.416 r2=0.398 | Te loss=0.2172 mae=0.520 r2=0.440 | ES 20/50
  Ep  62/300 | Tr loss=0.1391 mae=0.383 r2=0.494 | Vl loss=0.1384 mae=0.392 r2=0.438 | Te loss=0.2170 mae=0.517 r2=0.443 | ES 21/50
2026-04-30 11:41:13,809 | INFO |   Ep  62/300 | Tr loss=0.1391 mae=0.383 r2=0.494 | Vl loss=0.1384 mae=0.392 r2=0.438 | Te loss=0.2170 mae=0.517 r2=0.443 | ES 21/50
  Ep  63/300 | Tr loss=0.1385 mae=0.384 r2=0.497 | Vl loss=0.1433 mae=0.412 r2=0.416 | Te loss=0.2129 mae=0.517 r2=0.456 | ES 22/50
2026-04-30 11:41:52,097 | INFO |   Ep  63/300 | Tr loss=0.1385 mae=0.384 r2=0.497 | Vl loss=0.1433 mae=0.412 r2=0.416 | Te loss=0.2129 mae=0.517 r2=0.456 | ES 22/50
  Ep  64/300 | Tr loss=0.1389 mae=0.384 r2=0.495 | Vl loss=0.1447 mae=0.417 r2=0.414 | Te loss=0.2172 mae=0.524 r2=0.440 | ES 23/50
2026-04-30 11:42:30,517 | INFO |   Ep  64/300 | Tr loss=0.1389 mae=0.384 r2=0.495 | Vl loss=0.1447 mae=0.417 r2=0.414 | Te loss=0.2172 mae=0.524 r2=0.440 | ES 23/50
  Ep  65/300 | Tr loss=0.1391 mae=0.383 r2=0.495 | Vl loss=0.1432 mae=0.411 r2=0.417 | Te loss=0.2181 mae=0.523 r2=0.441 | ES 24/50
2026-04-30 11:43:08,961 | INFO |   Ep  65/300 | Tr loss=0.1391 mae=0.383 r2=0.495 | Vl loss=0.1432 mae=0.411 r2=0.417 | Te loss=0.2181 mae=0.523 r2=0.441 | ES 24/50
  Ep  66/300 | Tr loss=0.1390 mae=0.384 r2=0.495 | Vl loss=0.1415 mae=0.399 r2=0.423 | Te loss=0.2185 mae=0.520 r2=0.439 | ES 25/50
2026-04-30 11:43:47,540 | INFO |   Ep  66/300 | Tr loss=0.1390 mae=0.384 r2=0.495 | Vl loss=0.1415 mae=0.399 r2=0.423 | Te loss=0.2185 mae=0.520 r2=0.439 | ES 25/50
  Ep  67/300 | Tr loss=0.1394 mae=0.384 r2=0.493 | Vl loss=0.1402 mae=0.398 r2=0.429 | Te loss=0.2184 mae=0.520 r2=0.438 | ES 26/50
2026-04-30 11:44:26,258 | INFO |   Ep  67/300 | Tr loss=0.1394 mae=0.384 r2=0.493 | Vl loss=0.1402 mae=0.398 r2=0.429 | Te loss=0.2184 mae=0.520 r2=0.438 | ES 26/50
  Ep  68/300 | Tr loss=0.1385 mae=0.383 r2=0.497 | Vl loss=0.1487 mae=0.429 r2=0.396 | Te loss=0.2211 mae=0.531 r2=0.432 | ES 27/50
2026-04-30 11:45:04,492 | INFO |   Ep  68/300 | Tr loss=0.1385 mae=0.383 r2=0.497 | Vl loss=0.1487 mae=0.429 r2=0.396 | Te loss=0.2211 mae=0.531 r2=0.432 | ES 27/50
  Ep  69/300 | Tr loss=0.1391 mae=0.384 r2=0.495 | Vl loss=0.1420 mae=0.400 r2=0.420 | Te loss=0.2197 mae=0.522 r2=0.436 | ES 28/50
2026-04-30 11:45:42,975 | INFO |   Ep  69/300 | Tr loss=0.1391 mae=0.384 r2=0.495 | Vl loss=0.1420 mae=0.400 r2=0.420 | Te loss=0.2197 mae=0.522 r2=0.436 | ES 28/50
  Ep  70/300 | Tr loss=0.1389 mae=0.383 r2=0.495 | Vl loss=0.1411 mae=0.399 r2=0.425 | Te loss=0.2183 mae=0.519 r2=0.437 | ES 29/50
2026-04-30 11:46:21,297 | INFO |   Ep  70/300 | Tr loss=0.1389 mae=0.383 r2=0.495 | Vl loss=0.1411 mae=0.399 r2=0.425 | Te loss=0.2183 mae=0.519 r2=0.437 | ES 29/50
  Ep  71/300 | Tr loss=0.1389 mae=0.384 r2=0.495 | Vl loss=0.1427 mae=0.395 r2=0.416 | Te loss=0.2237 mae=0.522 r2=0.422 | ES 30/50
2026-04-30 11:46:59,873 | INFO |   Ep  71/300 | Tr loss=0.1389 mae=0.384 r2=0.495 | Vl loss=0.1427 mae=0.395 r2=0.416 | Te loss=0.2237 mae=0.522 r2=0.422 | ES 30/50
  Ep  72/300 | Tr loss=0.1393 mae=0.384 r2=0.494 | Vl loss=0.1491 mae=0.422 r2=0.390 | Te loss=0.2173 mae=0.522 r2=0.440 | ES 31/50
2026-04-30 11:47:38,230 | INFO |   Ep  72/300 | Tr loss=0.1393 mae=0.384 r2=0.494 | Vl loss=0.1491 mae=0.422 r2=0.390 | Te loss=0.2173 mae=0.522 r2=0.440 | ES 31/50
  Ep  73/300 | Tr loss=0.1388 mae=0.383 r2=0.496 | Vl loss=0.1420 mae=0.400 r2=0.421 | Te loss=0.2157 mae=0.516 r2=0.446 | ES 32/50
2026-04-30 11:48:16,393 | INFO |   Ep  73/300 | Tr loss=0.1388 mae=0.383 r2=0.496 | Vl loss=0.1420 mae=0.400 r2=0.421 | Te loss=0.2157 mae=0.516 r2=0.446 | ES 32/50
  Ep  74/300 | Tr loss=0.1391 mae=0.384 r2=0.495 | Vl loss=0.1409 mae=0.404 r2=0.426 | Te loss=0.2162 mae=0.520 r2=0.445 | ES 33/50
2026-04-30 11:48:54,669 | INFO |   Ep  74/300 | Tr loss=0.1391 mae=0.384 r2=0.495 | Vl loss=0.1409 mae=0.404 r2=0.426 | Te loss=0.2162 mae=0.520 r2=0.445 | ES 33/50
  Ep  75/300 | Tr loss=0.1385 mae=0.383 r2=0.497 | Vl loss=0.1486 mae=0.415 r2=0.390 | Te loss=0.2172 mae=0.520 r2=0.437 | ES 34/50
2026-04-30 11:49:32,702 | INFO |   Ep  75/300 | Tr loss=0.1385 mae=0.383 r2=0.497 | Vl loss=0.1486 mae=0.415 r2=0.390 | Te loss=0.2172 mae=0.520 r2=0.437 | ES 34/50
  Ep  76/300 | Tr loss=0.1382 mae=0.383 r2=0.498 | Vl loss=0.1583 mae=0.422 r2=0.337 | Te loss=0.2153 mae=0.514 r2=0.443 | ES 35/50
2026-04-30 11:50:10,900 | INFO |   Ep  76/300 | Tr loss=0.1382 mae=0.383 r2=0.498 | Vl loss=0.1583 mae=0.422 r2=0.337 | Te loss=0.2153 mae=0.514 r2=0.443 | ES 35/50
  Ep  77/300 | Tr loss=0.1388 mae=0.383 r2=0.495 | Vl loss=0.1718 mae=0.459 r2=0.271 | Te loss=0.2186 mae=0.528 r2=0.441 | ES 36/50
2026-04-30 11:50:49,232 | INFO |   Ep  77/300 | Tr loss=0.1388 mae=0.383 r2=0.495 | Vl loss=0.1718 mae=0.459 r2=0.271 | Te loss=0.2186 mae=0.528 r2=0.441 | ES 36/50
  Ep  78/300 | Tr loss=0.1388 mae=0.383 r2=0.496 | Vl loss=0.1601 mae=0.431 r2=0.330 | Te loss=0.2192 mae=0.525 r2=0.434 | ES 37/50
2026-04-30 11:51:27,479 | INFO |   Ep  78/300 | Tr loss=0.1388 mae=0.383 r2=0.496 | Vl loss=0.1601 mae=0.431 r2=0.330 | Te loss=0.2192 mae=0.525 r2=0.434 | ES 37/50
  Ep  79/300 | Tr loss=0.1385 mae=0.383 r2=0.497 | Vl loss=0.1677 mae=0.439 r2=0.281 | Te loss=0.2074 mae=0.507 r2=0.469 | ES 38/50
2026-04-30 11:52:05,580 | INFO |   Ep  79/300 | Tr loss=0.1385 mae=0.383 r2=0.497 | Vl loss=0.1677 mae=0.439 r2=0.281 | Te loss=0.2074 mae=0.507 r2=0.469 | ES 38/50
  Ep  80/300 | Tr loss=0.1376 mae=0.381 r2=0.501 | Vl loss=0.1788 mae=0.449 r2=0.225 | Te loss=0.2110 mae=0.511 r2=0.453 | ES 39/50
2026-04-30 11:52:43,789 | INFO |   Ep  80/300 | Tr loss=0.1376 mae=0.381 r2=0.501 | Vl loss=0.1788 mae=0.449 r2=0.225 | Te loss=0.2110 mae=0.511 r2=0.453 | ES 39/50
  Ep  81/300 | Tr loss=0.1370 mae=0.381 r2=0.502 | Vl loss=0.1855 mae=0.446 r2=0.170 | Te loss=0.2141 mae=0.511 r2=0.444 | ES 40/50
2026-04-30 11:53:22,125 | INFO |   Ep  81/300 | Tr loss=0.1370 mae=0.381 r2=0.502 | Vl loss=0.1855 mae=0.446 r2=0.170 | Te loss=0.2141 mae=0.511 r2=0.444 | ES 40/50
  Ep  82/300 | Tr loss=0.1380 mae=0.382 r2=0.499 | Vl loss=0.1655 mae=0.424 r2=0.297 | Te loss=0.2123 mae=0.505 r2=0.448 | ES 41/50
2026-04-30 11:54:00,446 | INFO |   Ep  82/300 | Tr loss=0.1380 mae=0.382 r2=0.499 | Vl loss=0.1655 mae=0.424 r2=0.297 | Te loss=0.2123 mae=0.505 r2=0.448 | ES 41/50
  Ep  83/300 | Tr loss=0.1376 mae=0.381 r2=0.500 | Vl loss=0.1641 mae=0.427 r2=0.307 | Te loss=0.2123 mae=0.510 r2=0.450 | ES 42/50
2026-04-30 11:54:38,911 | INFO |   Ep  83/300 | Tr loss=0.1376 mae=0.381 r2=0.500 | Vl loss=0.1641 mae=0.427 r2=0.307 | Te loss=0.2123 mae=0.510 r2=0.450 | ES 42/50
  Ep  84/300 | Tr loss=0.1378 mae=0.382 r2=0.499 | Vl loss=0.1732 mae=0.440 r2=0.257 | Te loss=0.2126 mae=0.511 r2=0.449 | ES 43/50
2026-04-30 11:55:17,046 | INFO |   Ep  84/300 | Tr loss=0.1378 mae=0.382 r2=0.499 | Vl loss=0.1732 mae=0.440 r2=0.257 | Te loss=0.2126 mae=0.511 r2=0.449 | ES 43/50
  Ep  85/300 | Tr loss=0.1376 mae=0.382 r2=0.500 | Vl loss=0.1846 mae=0.453 r2=0.197 | Te loss=0.2124 mae=0.511 r2=0.447 | ES 44/50
2026-04-30 11:55:55,353 | INFO |   Ep  85/300 | Tr loss=0.1376 mae=0.382 r2=0.500 | Vl loss=0.1846 mae=0.453 r2=0.197 | Te loss=0.2124 mae=0.511 r2=0.447 | ES 44/50
  Ep  86/300 | Tr loss=0.1370 mae=0.380 r2=0.502 | Vl loss=0.1518 mae=0.416 r2=0.373 | Te loss=0.2110 mae=0.510 r2=0.455 | ES 45/50
2026-04-30 11:56:33,483 | INFO |   Ep  86/300 | Tr loss=0.1370 mae=0.380 r2=0.502 | Vl loss=0.1518 mae=0.416 r2=0.373 | Te loss=0.2110 mae=0.510 r2=0.455 | ES 45/50
  Ep  87/300 | Tr loss=0.1372 mae=0.381 r2=0.501 | Vl loss=0.1620 mae=0.424 r2=0.320 | Te loss=0.2163 mae=0.514 r2=0.439 | ES 46/50
2026-04-30 11:57:11,604 | INFO |   Ep  87/300 | Tr loss=0.1372 mae=0.381 r2=0.501 | Vl loss=0.1620 mae=0.424 r2=0.320 | Te loss=0.2163 mae=0.514 r2=0.439 | ES 46/50
  Ep  88/300 | Tr loss=0.1373 mae=0.381 r2=0.501 | Vl loss=0.1662 mae=0.424 r2=0.294 | Te loss=0.2174 mae=0.517 r2=0.438 | ES 47/50
2026-04-30 11:57:49,873 | INFO |   Ep  88/300 | Tr loss=0.1373 mae=0.381 r2=0.501 | Vl loss=0.1662 mae=0.424 r2=0.294 | Te loss=0.2174 mae=0.517 r2=0.438 | ES 47/50
  Ep  89/300 | Tr loss=0.1373 mae=0.381 r2=0.501 | Vl loss=0.1564 mae=0.424 r2=0.351 | Te loss=0.2137 mae=0.512 r2=0.445 | ES 48/50
2026-04-30 11:58:28,133 | INFO |   Ep  89/300 | Tr loss=0.1373 mae=0.381 r2=0.501 | Vl loss=0.1564 mae=0.424 r2=0.351 | Te loss=0.2137 mae=0.512 r2=0.445 | ES 48/50
  Ep  90/300 | Tr loss=0.1368 mae=0.380 r2=0.502 | Vl loss=0.1688 mae=0.430 r2=0.280 | Te loss=0.2160 mae=0.511 r2=0.438 | ES 49/50
2026-04-30 11:59:06,249 | INFO |   Ep  90/300 | Tr loss=0.1368 mae=0.380 r2=0.502 | Vl loss=0.1688 mae=0.430 r2=0.280 | Te loss=0.2160 mae=0.511 r2=0.438 | ES 49/50
  Ep  91/300 | Tr loss=0.1379 mae=0.382 r2=0.498 | Vl loss=0.1386 mae=0.396 r2=0.436 | Te loss=0.2137 mae=0.511 r2=0.448 | ES 50/50
2026-04-30 11:59:44,559 | INFO |   Ep  91/300 | Tr loss=0.1379 mae=0.382 r2=0.498 | Vl loss=0.1386 mae=0.396 r2=0.436 | Te loss=0.2137 mae=0.511 r2=0.448 | ES 50/50

  ⏹  Early stopping at epoch 91 (best=41)
2026-04-30 11:59:44,559 | INFO | Early stopping at epoch 91 best=41

✓ Training complete!

  ── Final Test Results (best epoch = 41) ──────────────────
  Loss : 0.2224
  RMSE : 0.7000
  MAE  : 0.5210
  R²   : 0.4308
  ✓ Saved → /mvdlph/masa/GCN_SingleView_Regression_Results/plots/loss_curve.png
  ✓ Saved → /mvdlph/masa/GCN_SingleView_Regression_Results/plots/rmse_mae.png
  ✓ Saved → /mvdlph/masa/GCN_SingleView_Regression_Results/plots/r2_curve.png
  ✓ Saved → /mvdlph/masa/GCN_SingleView_Regression_Results/plots/regression_scatter_test.png
  ✓ Saved → /mvdlph/masa/GCN_SingleView_Regression_Results/plots/early_stopping.png
  ✓ History → /mvdlph/masa/GCN_SingleView_Regression_Results/logs/training_history.json
============================================================
DIAGNOSTIC 1: Per-exercise skeleton variance (C0)
============================================================
  Exercise      X-var      Y-var      Z-var  Z/X ratio
-------------------------------------------------------
        E0     0.0459     0.0678     0.0083      0.181
        E1     0.0503     0.0691     0.0089      0.178
        E2     0.0418     0.0730     0.0097      0.232
        E3     0.0478     0.0716     0.0102      0.213
        E4     0.0504     0.0719     0.0100      0.199
        E5     0.0437     0.0658     0.0087      0.199
        E6     0.0494     0.0712     0.0096      0.194
        E7     0.0497     0.0706     0.0095      0.192
        E8     0.0443     0.0672     0.0091      0.206
        E9     0.0512     0.0717     0.0097      0.190

============================================================
DIAGNOSTIC 2: Quality score distribution per split
============================================================
 Train: mean=4.165 std=0.759 min=1.58 max=5.00 | correct=5987 erroneous=3318
   Val: mean=4.193 std=0.714 min=2.28 max=5.00 | correct=1941 erroneous=874
  Test: mean=3.959 std=0.928 min=1.34 max=5.00 | correct=2029 erroneous=1223
============================================================
  TRAINING SUMMARY — ST-GCN Regression (Single View)
============================================================
  Best Epoch       : 41  (stopped at 91)
  Best Val MAE     : 0.3855
  Best Val RMSE    : 0.5246
  Best Val R²      : 0.4603
────────────────────────────────────────────────────────────
  Test MAE         : 0.5210
  Test RMSE        : 0.7000
  Test R²          : 0.4308
============================================================
2026-04-30 11:59:57,154 | INFO | Best Epoch=41  stopped_epoch=91
2026-04-30 11:59:57,155 | INFO | Test MAE=0.5210
2026-04-30 11:59:57,155 | INFO | Test RMSE=0.7000
2026-04-30 11:59:57,155 | INFO | Test R²=0.4308

✓ Summary CSV saved → /mvdlph/masa/GCN_SingleView_Regression_Results/training_summary.csv
2026-04-30 11:59:57,158 | INFO | ✓ All done!
