✓ stdout → also writing to /mvdlph/masa/GCN_SingleView_Regression_Results/logs/training_20260429_155718.log
2026-04-29 15:57:18,537 | INFO | ======================================================================
2026-04-29 15:57:18,537 | INFO | ST-GCN Single-View Regression | BZU Physiotherapy Dataset
2026-04-29 15:57:18,537 | INFO | Camera : C1  |  Split : 70/15/15  |  Epochs : 30  |  Patience : 30
2026-04-29 15:57:18,537 | INFO | Log file : /mvdlph/masa/GCN_SingleView_Regression_Results/logs/training_20260429_155718.log
2026-04-29 15:57:18,537 | INFO | ======================================================================
✓ parse_filename and load_skeleton defined
NPZ files found (all cameras) : 15375

✓ Total samples  (C1) : 5102
✓ Unique trials              : 61
✓ Quality mean ± std         : 4.118 ± 0.797

✓ Exercise distribution:
0    588
1    539
2    445
3    545
4    533
5    516
6    529
7    532
8    430
9    445
Name: exercise, dtype: int64
Checking for corrupted files...
  Removing 1 corrupted files from index
    BAD: /mvdlph/Dataset_CVDLPT_Videos_Segments_P0P15_MMPose_human3d_motionbert_H36M_3D_1_2026/E4_P12_T3_C1_seg5_MMPose_human3d_motionbert_3D.npz
  Clean samples remaining: 5101

── Sample rows ──
    exercise person trial_id  segment  quality
0          0     P0       T0        0   4.3667
1          0     P0       T0        1   4.3667
2          0     P0       T0        2   4.3667
3          0     P0       T0        3   4.3667
4          0     P0       T0        4   4.3667
5          0     P0       T0        5   4.3667
6          0     P0       T0        6   4.3667
7          0     P0       T0        7   4.3667
8          0     P0       T0        8   4.3667
9          0     P0       T0        9   4.3667
10         0     P0       T1        0   4.2600
11         0     P0       T1        1   4.2600
12         0     P0       T1        2   4.2600
13         0     P0       T1        3   4.2600
14         0     P0       T1        4   4.2600
1    5101
Name: camera, dtype: int64

Total samples: 5101
✓ Skeleton visualisation helpers defined
person                                                     P0
exercise                                                    0
trial_id                                                   T1
segment                                                     0
filepath    /mvdlph/Dataset_CVDLPT_Videos_Segments_P0P15_M...
Name: 10, dtype: object
Skeleton shape : (78, 17, 3)
X range : [-0.369, 0.592]
Y range : [0.000, 0.994]
Z range : [-0.193, 0.198]
  ✓ Skeleton plot saved → /mvdlph/masa/GCN_SingleView_Regression_Results/plots/sample_skeleton_3views.png
  ✓ Motion frames saved → /mvdlph/masa/GCN_SingleView_Regression_Results/plots/sample_skeleton_motion.png
Axis ranges across all frames:
X: [-0.369, 0.592] — likely left/right
Y: [0.000, 0.994] — likely ???
Z: [-0.193, 0.198] — likely height

Hip  mean XYZ: [0.         0.32506496 0.        ]
Head mean XYZ: [-0.14453253  0.96798235 -0.18355224]

Difference (head - hip): [-0.14453253  0.6429174  -0.18355224]
✓ BZUDataset defined (regression only)
✓ ST-GCN regression model defined
Device : cuda
GPU    : Tesla V100-PCIE-32GB
✓ centre_and_scale and run_epoch (regression) defined

Persons → train=10, val=3, test=3
Samples → train=3115, val=924, test=1062
  Train: mean=4.166 std=0.764 min=1.58 max=5.00
  Val: mean=4.184 std=0.716 min=2.28 max=5.00
  Test: mean=3.923 std=0.918 min=1.34 max=5.00

✓ Train / Val / Test split ready
✓ Plotting helpers (regression) defined
✓ EarlyStopping defined (monitoring MAE)
2026-04-29 15:57:30,022 | INFO | ======================================================================
2026-04-29 15:57:30,022 | INFO | STARTING REGRESSION TRAINING  (with Early Stopping on MAE)
2026-04-29 15:57:30,022 | INFO | ======================================================================
2026-04-29 15:57:30,023 | INFO | train=3115 val=924 test=1062

════════════════════════════════════════════════════════════════════
  Camera C1  |  Train: 3115  Val: 924  Test: 1062
  Patience: 30  |  LR: 0.0003  |  Batch: 48
════════════════════════════════════════════════════════════════════
  Ep   1/30 | Tr loss=0.4624 mae=0.798 r2=-1.146 | Vl loss=0.2278 mae=0.559 r2=0.024 | Te loss=0.4110 mae=0.765 r2=-0.213 | ES 0/30 ★
2026-04-29 15:57:43,852 | INFO |   Ep   1/30 | Tr loss=0.4624 mae=0.798 r2=-1.146 | Vl loss=0.2278 mae=0.559 r2=0.024 | Te loss=0.4110 mae=0.765 r2=-0.213 | ES 0/30 ★
    ★ val_mae=0.5590  rmse=0.7071  r2=0.0244
  Ep   2/30 | Tr loss=0.2195 mae=0.517 r2=0.168 | Vl loss=0.1502 mae=0.463 r2=0.395 | Te loss=0.2856 mae=0.627 r2=0.270 | ES 0/30 ★
2026-04-29 15:57:56,820 | INFO |   Ep   2/30 | Tr loss=0.2195 mae=0.517 r2=0.168 | Vl loss=0.1502 mae=0.463 r2=0.395 | Te loss=0.2856 mae=0.627 r2=0.270 | ES 0/30 ★
    ★ val_mae=0.4634  rmse=0.5568  r2=0.3952
  Ep   3/30 | Tr loss=0.1946 mae=0.489 r2=0.293 | Vl loss=0.1178 mae=0.375 r2=0.516 | Te loss=0.2245 mae=0.547 r2=0.392 | ES 0/30 ★
2026-04-29 15:58:09,578 | INFO |   Ep   3/30 | Tr loss=0.1946 mae=0.489 r2=0.293 | Vl loss=0.1178 mae=0.375 r2=0.516 | Te loss=0.2245 mae=0.547 r2=0.392 | ES 0/30 ★
    ★ val_mae=0.3750  rmse=0.4980  r2=0.5162
  Ep   4/30 | Tr loss=0.1813 mae=0.467 r2=0.342 | Vl loss=0.1086 mae=0.360 r2=0.551 | Te loss=0.2274 mae=0.541 r2=0.403 | ES 0/30 ★
2026-04-29 15:58:22,354 | INFO |   Ep   4/30 | Tr loss=0.1813 mae=0.467 r2=0.342 | Vl loss=0.1086 mae=0.360 r2=0.551 | Te loss=0.2274 mae=0.541 r2=0.403 | ES 0/30 ★
    ★ val_mae=0.3601  rmse=0.4799  r2=0.5507
  Ep   5/30 | Tr loss=0.1749 mae=0.454 r2=0.370 | Vl loss=0.1091 mae=0.352 r2=0.551 | Te loss=0.2229 mae=0.538 r2=0.398 | ES 0/30 ★
2026-04-29 15:58:35,199 | INFO |   Ep   5/30 | Tr loss=0.1749 mae=0.454 r2=0.370 | Vl loss=0.1091 mae=0.352 r2=0.551 | Te loss=0.2229 mae=0.538 r2=0.398 | ES 0/30 ★
    ★ val_mae=0.3516  rmse=0.4799  r2=0.5507
  Ep   6/30 | Tr loss=0.1744 mae=0.456 r2=0.367 | Vl loss=0.1123 mae=0.362 r2=0.541 | Te loss=0.2458 mae=0.556 r2=0.338 | ES 1/30
2026-04-29 15:58:47,979 | INFO |   Ep   6/30 | Tr loss=0.1744 mae=0.456 r2=0.367 | Vl loss=0.1123 mae=0.362 r2=0.541 | Te loss=0.2458 mae=0.556 r2=0.338 | ES 1/30
  Ep   7/30 | Tr loss=0.1735 mae=0.453 r2=0.373 | Vl loss=0.1084 mae=0.359 r2=0.550 | Te loss=0.2260 mae=0.539 r2=0.407 | ES 2/30
2026-04-29 15:59:00,849 | INFO |   Ep   7/30 | Tr loss=0.1735 mae=0.453 r2=0.373 | Vl loss=0.1084 mae=0.359 r2=0.550 | Te loss=0.2260 mae=0.539 r2=0.407 | ES 2/30
  Ep   8/30 | Tr loss=0.1733 mae=0.453 r2=0.373 | Vl loss=0.1072 mae=0.353 r2=0.560 | Te loss=0.2322 mae=0.545 r2=0.380 | ES 3/30
2026-04-29 15:59:13,603 | INFO |   Ep   8/30 | Tr loss=0.1733 mae=0.453 r2=0.373 | Vl loss=0.1072 mae=0.353 r2=0.560 | Te loss=0.2322 mae=0.545 r2=0.380 | ES 3/30
  Ep   9/30 | Tr loss=0.1699 mae=0.448 r2=0.391 | Vl loss=0.1096 mae=0.362 r2=0.551 | Te loss=0.2388 mae=0.551 r2=0.366 | ES 4/30
2026-04-29 15:59:26,506 | INFO |   Ep   9/30 | Tr loss=0.1699 mae=0.448 r2=0.391 | Vl loss=0.1096 mae=0.362 r2=0.551 | Te loss=0.2388 mae=0.551 r2=0.366 | ES 4/30
  Ep  10/30 | Tr loss=0.1692 mae=0.449 r2=0.391 | Vl loss=0.1158 mae=0.382 r2=0.526 | Te loss=0.2443 mae=0.558 r2=0.362 | ES 5/30
2026-04-29 15:59:39,430 | INFO |   Ep  10/30 | Tr loss=0.1692 mae=0.449 r2=0.391 | Vl loss=0.1158 mae=0.382 r2=0.526 | Te loss=0.2443 mae=0.558 r2=0.362 | ES 5/30
  Ep  11/30 | Tr loss=0.1685 mae=0.444 r2=0.394 | Vl loss=0.1092 mae=0.361 r2=0.552 | Te loss=0.2348 mae=0.548 r2=0.379 | ES 6/30
2026-04-29 15:59:52,205 | INFO |   Ep  11/30 | Tr loss=0.1685 mae=0.444 r2=0.394 | Vl loss=0.1092 mae=0.361 r2=0.552 | Te loss=0.2348 mae=0.548 r2=0.379 | ES 6/30
  Ep  12/30 | Tr loss=0.1704 mae=0.449 r2=0.389 | Vl loss=0.1199 mae=0.391 r2=0.511 | Te loss=0.2523 mae=0.568 r2=0.341 | ES 7/30
2026-04-29 16:00:05,044 | INFO |   Ep  12/30 | Tr loss=0.1704 mae=0.449 r2=0.389 | Vl loss=0.1199 mae=0.391 r2=0.511 | Te loss=0.2523 mae=0.568 r2=0.341 | ES 7/30
  Ep  13/30 | Tr loss=0.1674 mae=0.444 r2=0.400 | Vl loss=0.1140 mae=0.376 r2=0.534 | Te loss=0.2454 mae=0.558 r2=0.353 | ES 8/30
2026-04-29 16:00:17,887 | INFO |   Ep  13/30 | Tr loss=0.1674 mae=0.444 r2=0.400 | Vl loss=0.1140 mae=0.376 r2=0.534 | Te loss=0.2454 mae=0.558 r2=0.353 | ES 8/30
  Ep  14/30 | Tr loss=0.1678 mae=0.444 r2=0.398 | Vl loss=0.1090 mae=0.362 r2=0.551 | Te loss=0.2318 mae=0.545 r2=0.390 | ES 9/30
2026-04-29 16:00:30,706 | INFO |   Ep  14/30 | Tr loss=0.1678 mae=0.444 r2=0.398 | Vl loss=0.1090 mae=0.362 r2=0.551 | Te loss=0.2318 mae=0.545 r2=0.390 | ES 9/30
  Ep  15/30 | Tr loss=0.1671 mae=0.444 r2=0.401 | Vl loss=0.1090 mae=0.361 r2=0.553 | Te loss=0.2364 mae=0.549 r2=0.374 | ES 10/30
2026-04-29 16:00:43,459 | INFO |   Ep  15/30 | Tr loss=0.1671 mae=0.444 r2=0.401 | Vl loss=0.1090 mae=0.361 r2=0.553 | Te loss=0.2364 mae=0.549 r2=0.374 | ES 10/30
  Ep  16/30 | Tr loss=0.1635 mae=0.438 r2=0.414 | Vl loss=0.1071 mae=0.356 r2=0.558 | Te loss=0.2281 mae=0.541 r2=0.398 | ES 11/30
2026-04-29 16:00:56,205 | INFO |   Ep  16/30 | Tr loss=0.1635 mae=0.438 r2=0.414 | Vl loss=0.1071 mae=0.356 r2=0.558 | Te loss=0.2281 mae=0.541 r2=0.398 | ES 11/30
  Ep  17/30 | Tr loss=0.1670 mae=0.445 r2=0.402 | Vl loss=0.1072 mae=0.357 r2=0.558 | Te loss=0.2302 mae=0.543 r2=0.392 | ES 12/30
2026-04-29 16:01:08,970 | INFO |   Ep  17/30 | Tr loss=0.1670 mae=0.445 r2=0.402 | Vl loss=0.1072 mae=0.357 r2=0.558 | Te loss=0.2302 mae=0.543 r2=0.392 | ES 12/30
  Ep  18/30 | Tr loss=0.1655 mae=0.440 r2=0.408 | Vl loss=0.1076 mae=0.357 r2=0.556 | Te loss=0.2292 mae=0.542 r2=0.397 | ES 13/30
2026-04-29 16:01:21,750 | INFO |   Ep  18/30 | Tr loss=0.1655 mae=0.440 r2=0.408 | Vl loss=0.1076 mae=0.357 r2=0.556 | Te loss=0.2292 mae=0.542 r2=0.397 | ES 13/30
  Ep  19/30 | Tr loss=0.1660 mae=0.444 r2=0.406 | Vl loss=0.1069 mae=0.354 r2=0.560 | Te loss=0.2313 mae=0.543 r2=0.386 | ES 14/30
2026-04-29 16:01:34,478 | INFO |   Ep  19/30 | Tr loss=0.1660 mae=0.444 r2=0.406 | Vl loss=0.1069 mae=0.354 r2=0.560 | Te loss=0.2313 mae=0.543 r2=0.386 | ES 14/30
  Ep  20/30 | Tr loss=0.1660 mae=0.442 r2=0.406 | Vl loss=0.1066 mae=0.354 r2=0.561 | Te loss=0.2310 mae=0.544 r2=0.386 | ES 15/30
2026-04-29 16:01:47,183 | INFO |   Ep  20/30 | Tr loss=0.1660 mae=0.442 r2=0.406 | Vl loss=0.1066 mae=0.354 r2=0.561 | Te loss=0.2310 mae=0.544 r2=0.386 | ES 15/30
  Ep  21/30 | Tr loss=0.1648 mae=0.444 r2=0.409 | Vl loss=0.1066 mae=0.352 r2=0.562 | Te loss=0.2321 mae=0.544 r2=0.381 | ES 16/30
2026-04-29 16:01:59,919 | INFO |   Ep  21/30 | Tr loss=0.1648 mae=0.444 r2=0.409 | Vl loss=0.1066 mae=0.352 r2=0.562 | Te loss=0.2321 mae=0.544 r2=0.381 | ES 16/30
  Ep  22/30 | Tr loss=0.1655 mae=0.441 r2=0.406 | Vl loss=0.1071 mae=0.351 r2=0.560 | Te loss=0.2336 mae=0.545 r2=0.375 | ES 17/30
2026-04-29 16:02:12,650 | INFO |   Ep  22/30 | Tr loss=0.1655 mae=0.441 r2=0.406 | Vl loss=0.1071 mae=0.351 r2=0.560 | Te loss=0.2336 mae=0.545 r2=0.375 | ES 17/30
  Ep  23/30 | Tr loss=0.1651 mae=0.441 r2=0.407 | Vl loss=0.1100 mae=0.363 r2=0.549 | Te loss=0.2380 mae=0.550 r2=0.370 | ES 18/30
2026-04-29 16:02:25,457 | INFO |   Ep  23/30 | Tr loss=0.1651 mae=0.441 r2=0.407 | Vl loss=0.1100 mae=0.363 r2=0.549 | Te loss=0.2380 mae=0.550 r2=0.370 | ES 18/30
  Ep  24/30 | Tr loss=0.1641 mae=0.439 r2=0.412 | Vl loss=0.1090 mae=0.360 r2=0.553 | Te loss=0.2359 mae=0.548 r2=0.375 | ES 19/30
2026-04-29 16:02:38,194 | INFO |   Ep  24/30 | Tr loss=0.1641 mae=0.439 r2=0.412 | Vl loss=0.1090 mae=0.360 r2=0.553 | Te loss=0.2359 mae=0.548 r2=0.375 | ES 19/30
  Ep  25/30 | Tr loss=0.1638 mae=0.436 r2=0.413 | Vl loss=0.1074 mae=0.357 r2=0.558 | Te loss=0.2316 mae=0.544 r2=0.388 | ES 20/30
2026-04-29 16:02:51,002 | INFO |   Ep  25/30 | Tr loss=0.1638 mae=0.436 r2=0.413 | Vl loss=0.1074 mae=0.357 r2=0.558 | Te loss=0.2316 mae=0.544 r2=0.388 | ES 20/30
  Ep  26/30 | Tr loss=0.1656 mae=0.442 r2=0.403 | Vl loss=0.1080 mae=0.358 r2=0.555 | Te loss=0.2306 mae=0.543 r2=0.393 | ES 21/30
2026-04-29 16:03:03,918 | INFO |   Ep  26/30 | Tr loss=0.1656 mae=0.442 r2=0.403 | Vl loss=0.1080 mae=0.358 r2=0.555 | Te loss=0.2306 mae=0.543 r2=0.393 | ES 21/30
  Ep  27/30 | Tr loss=0.1632 mae=0.438 r2=0.416 | Vl loss=0.1085 mae=0.360 r2=0.554 | Te loss=0.2333 mae=0.546 r2=0.385 | ES 22/30
2026-04-29 16:03:16,734 | INFO |   Ep  27/30 | Tr loss=0.1632 mae=0.438 r2=0.416 | Vl loss=0.1085 mae=0.360 r2=0.554 | Te loss=0.2333 mae=0.546 r2=0.385 | ES 22/30
  Ep  28/30 | Tr loss=0.1633 mae=0.439 r2=0.415 | Vl loss=0.1084 mae=0.360 r2=0.554 | Te loss=0.2337 mae=0.546 r2=0.383 | ES 23/30
2026-04-29 16:03:29,709 | INFO |   Ep  28/30 | Tr loss=0.1633 mae=0.439 r2=0.415 | Vl loss=0.1084 mae=0.360 r2=0.554 | Te loss=0.2337 mae=0.546 r2=0.383 | ES 23/30
  Ep  29/30 | Tr loss=0.1603 mae=0.433 r2=0.426 | Vl loss=0.1075 mae=0.357 r2=0.558 | Te loss=0.2322 mae=0.545 r2=0.386 | ES 24/30
2026-04-29 16:03:42,589 | INFO |   Ep  29/30 | Tr loss=0.1603 mae=0.433 r2=0.426 | Vl loss=0.1075 mae=0.357 r2=0.558 | Te loss=0.2322 mae=0.545 r2=0.386 | ES 24/30
  Ep  30/30 | Tr loss=0.1626 mae=0.436 r2=0.417 | Vl loss=0.1077 mae=0.357 r2=0.557 | Te loss=0.2322 mae=0.545 r2=0.386 | ES 25/30
2026-04-29 16:03:55,407 | INFO |   Ep  30/30 | Tr loss=0.1626 mae=0.436 r2=0.417 | Vl loss=0.1077 mae=0.357 r2=0.557 | Te loss=0.2322 mae=0.545 r2=0.386 | ES 25/30

✓ Training complete!

  ── Final Test Results (best epoch = 5) ──────────────────
  Loss : 0.2229
  RMSE : 0.7113
  MAE  : 0.5380
  R²   : 0.3984
  ✓ Saved → /mvdlph/masa/GCN_SingleView_Regression_Results/plots/loss_curve.png
  ✓ Saved → /mvdlph/masa/GCN_SingleView_Regression_Results/plots/rmse_mae.png
  ✓ Saved → /mvdlph/masa/GCN_SingleView_Regression_Results/plots/r2_curve.png
  ✓ Saved → /mvdlph/masa/GCN_SingleView_Regression_Results/plots/regression_scatter_test.png
  ✓ Saved → /mvdlph/masa/GCN_SingleView_Regression_Results/plots/early_stopping.png
  ✓ History → /mvdlph/masa/GCN_SingleView_Regression_Results/logs/training_history.json
============================================================
DIAGNOSTIC 1: Per-exercise skeleton variance (C0)
============================================================
  Exercise      X-var      Y-var      Z-var  Z/X ratio
-------------------------------------------------------
        E0     0.0410     0.0595     0.0066      0.161
        E1     0.0453     0.0614     0.0069      0.151
        E2     0.0427     0.0633     0.0079      0.185
        E3     0.0430     0.0608     0.0068      0.159
        E4     0.0427     0.0610     0.0070      0.163
        E5     0.0420     0.0610     0.0070      0.166
        E6     0.0376     0.0591     0.0059      0.157
        E7     0.0469     0.0682     0.0086      0.183
        E8     0.0487     0.0654     0.0081      0.165
        E9     0.0485     0.0687     0.0092      0.190

============================================================
DIAGNOSTIC 2: Quality score distribution per split
============================================================
 Train: mean=4.166 std=0.764 min=1.58 max=5.00 | correct=1983 erroneous=1132
   Val: mean=4.184 std=0.716 min=2.28 max=5.00 | correct=633 erroneous=291
  Test: mean=3.923 std=0.918 min=1.34 max=5.00 | correct=654 erroneous=408
============================================================
  TRAINING SUMMARY — ST-GCN Regression (Single View)
============================================================
  Best Epoch       : 5  (stopped at 30)
  Best Val MAE     : 0.3516
  Best Val RMSE    : 0.4799
  Best Val R²      : 0.5507
────────────────────────────────────────────────────────────
  Test MAE         : 0.5380
  Test RMSE        : 0.7113
  Test R²          : 0.3984
============================================================
2026-04-29 16:04:00,638 | INFO | Best Epoch=5  stopped_epoch=30
2026-04-29 16:04:00,638 | INFO | Test MAE=0.5380
2026-04-29 16:04:00,638 | INFO | Test RMSE=0.7113
2026-04-29 16:04:00,638 | INFO | Test R²=0.3984

✓ Summary CSV saved → /mvdlph/masa/GCN_SingleView_Regression_Results/training_summary.csv
2026-04-29 16:04:00,641 | INFO | ✓ All done!
