✓ stdout → also writing to /mvdlph/masa/GCN_SingleView_Regression_Results/logs/training_20260429_161509.log
2026-04-29 16:15:09,786 | INFO | ======================================================================
2026-04-29 16:15:09,786 | INFO | ST-GCN Single-View Regression | BZU Physiotherapy Dataset
2026-04-29 16:15:09,786 | INFO | Camera : C1  |  Split : 70/15/15  |  Epochs : 300  |  Patience : 50
2026-04-29 16:15:09,786 | INFO | Log file : /mvdlph/masa/GCN_SingleView_Regression_Results/logs/training_20260429_161509.log
2026-04-29 16:15:09,786 | INFO | ======================================================================
✓ parse_filename and load_skeleton defined
NPZ files found (all cameras) : 15375

✓ Total samples  (C1) : 5102
✓ Unique trials              : 61
✓ Quality mean ± std         : 4.118 ± 0.797

✓ Exercise distribution:
0    588
1    539
2    445
3    545
4    533
5    516
6    529
7    532
8    430
9    445
Name: exercise, dtype: int64
Checking for corrupted files...
  Removing 1 corrupted files from index
    BAD: /mvdlph/Dataset_CVDLPT_Videos_Segments_P0P15_MMPose_human3d_motionbert_H36M_3D_1_2026/E4_P12_T3_C1_seg5_MMPose_human3d_motionbert_3D.npz
  Clean samples remaining: 5101

── Sample rows ──
    exercise person trial_id  segment  quality
0          0     P0       T0        0   4.3667
1          0     P0       T0        1   4.3667
2          0     P0       T0        2   4.3667
3          0     P0       T0        3   4.3667
4          0     P0       T0        4   4.3667
5          0     P0       T0        5   4.3667
6          0     P0       T0        6   4.3667
7          0     P0       T0        7   4.3667
8          0     P0       T0        8   4.3667
9          0     P0       T0        9   4.3667
10         0     P0       T1        0   4.2600
11         0     P0       T1        1   4.2600
12         0     P0       T1        2   4.2600
13         0     P0       T1        3   4.2600
14         0     P0       T1        4   4.2600
1    5101
Name: camera, dtype: int64

Total samples: 5101
✓ Skeleton visualisation helpers defined
person                                                     P0
exercise                                                    0
trial_id                                                   T1
segment                                                     0
filepath    /mvdlph/Dataset_CVDLPT_Videos_Segments_P0P15_M...
Name: 10, dtype: object
Skeleton shape : (78, 17, 3)
X range : [-0.369, 0.592]
Y range : [0.000, 0.994]
Z range : [-0.193, 0.198]
  ✓ Skeleton plot saved → /mvdlph/masa/GCN_SingleView_Regression_Results/plots/sample_skeleton_3views.png
  ✓ Motion frames saved → /mvdlph/masa/GCN_SingleView_Regression_Results/plots/sample_skeleton_motion.png
Axis ranges across all frames:
X: [-0.369, 0.592] — likely left/right
Y: [0.000, 0.994] — likely ???
Z: [-0.193, 0.198] — likely height

Hip  mean XYZ: [0.         0.32506496 0.        ]
Head mean XYZ: [-0.14453253  0.96798235 -0.18355224]

Difference (head - hip): [-0.14453253  0.6429174  -0.18355224]
✓ BZUDataset defined (regression only)
✓ ST-GCN regression model defined
Device : cuda
GPU    : Tesla V100-PCIE-32GB
✓ centre_and_scale and run_epoch (regression) defined

Persons → train=10, val=3, test=3
Samples → train=3115, val=924, test=1062
  Train: mean=4.166 std=0.764 min=1.58 max=5.00
  Val: mean=4.184 std=0.716 min=2.28 max=5.00
  Test: mean=3.923 std=0.918 min=1.34 max=5.00

✓ Train / Val / Test split ready
✓ Plotting helpers (regression) defined
✓ EarlyStopping defined (monitoring MAE)
2026-04-29 16:15:21,228 | INFO | ======================================================================
2026-04-29 16:15:21,229 | INFO | STARTING REGRESSION TRAINING  (with Early Stopping on MAE)
2026-04-29 16:15:21,229 | INFO | ======================================================================
2026-04-29 16:15:21,229 | INFO | train=3115 val=924 test=1062

════════════════════════════════════════════════════════════════════
  Camera C1  |  Train: 3115  Val: 924  Test: 1062
  Patience: 50  |  LR: 0.0003  |  Batch: 48
════════════════════════════════════════════════════════════════════
  Ep   1/300 | Tr loss=0.4881 mae=0.824 r2=-1.326 | Vl loss=0.1724 mae=0.485 r2=0.302 | Te loss=0.3329 mae=0.670 r2=0.090 | ES 0/50 ★
2026-04-29 16:15:35,315 | INFO |   Ep   1/300 | Tr loss=0.4881 mae=0.824 r2=-1.326 | Vl loss=0.1724 mae=0.485 r2=0.302 | Te loss=0.3329 mae=0.670 r2=0.090 | ES 0/50 ★
    ★ val_mae=0.4846  rmse=0.5980  r2=0.3024
  Ep   2/300 | Tr loss=0.2118 mae=0.506 r2=0.202 | Vl loss=0.1571 mae=0.476 r2=0.364 | Te loss=0.2859 mae=0.630 r2=0.273 | ES 0/50 ★
2026-04-29 16:15:48,132 | INFO |   Ep   2/300 | Tr loss=0.2118 mae=0.506 r2=0.202 | Vl loss=0.1571 mae=0.476 r2=0.364 | Te loss=0.2859 mae=0.630 r2=0.273 | ES 0/50 ★
    ★ val_mae=0.4759  rmse=0.5708  r2=0.3644
  Ep   3/300 | Tr loss=0.1939 mae=0.483 r2=0.292 | Vl loss=0.1531 mae=0.467 r2=0.388 | Te loss=0.2922 mae=0.635 r2=0.246 | ES 0/50 ★
2026-04-29 16:16:00,963 | INFO |   Ep   3/300 | Tr loss=0.1939 mae=0.483 r2=0.292 | Vl loss=0.1531 mae=0.467 r2=0.388 | Te loss=0.2922 mae=0.635 r2=0.246 | ES 0/50 ★
    ★ val_mae=0.4673  rmse=0.5600  r2=0.3881
  Ep   4/300 | Tr loss=0.1886 mae=0.478 r2=0.314 | Vl loss=0.1533 mae=0.467 r2=0.387 | Te loss=0.2933 mae=0.636 r2=0.242 | ES 1/50
2026-04-29 16:16:13,721 | INFO |   Ep   4/300 | Tr loss=0.1886 mae=0.478 r2=0.314 | Vl loss=0.1533 mae=0.467 r2=0.387 | Te loss=0.2933 mae=0.636 r2=0.242 | ES 1/50
  Ep   5/300 | Tr loss=0.1810 mae=0.464 r2=0.343 | Vl loss=0.1572 mae=0.476 r2=0.364 | Te loss=0.2864 mae=0.630 r2=0.272 | ES 2/50
2026-04-29 16:16:26,521 | INFO |   Ep   5/300 | Tr loss=0.1810 mae=0.464 r2=0.343 | Vl loss=0.1572 mae=0.476 r2=0.364 | Te loss=0.2864 mae=0.630 r2=0.272 | ES 2/50
  Ep   6/300 | Tr loss=0.1762 mae=0.459 r2=0.365 | Vl loss=0.1548 mae=0.473 r2=0.377 | Te loss=0.2876 mae=0.631 r2=0.266 | ES 3/50
2026-04-29 16:16:39,147 | INFO |   Ep   6/300 | Tr loss=0.1762 mae=0.459 r2=0.365 | Vl loss=0.1548 mae=0.473 r2=0.377 | Te loss=0.2876 mae=0.631 r2=0.266 | ES 3/50
  Ep   7/300 | Tr loss=0.1740 mae=0.453 r2=0.370 | Vl loss=0.1558 mae=0.474 r2=0.371 | Te loss=0.2870 mae=0.631 r2=0.269 | ES 4/50
2026-04-29 16:16:51,794 | INFO |   Ep   7/300 | Tr loss=0.1740 mae=0.453 r2=0.370 | Vl loss=0.1558 mae=0.474 r2=0.371 | Te loss=0.2870 mae=0.631 r2=0.269 | ES 4/50
  Ep   8/300 | Tr loss=0.1733 mae=0.452 r2=0.376 | Vl loss=0.1565 mae=0.474 r2=0.366 | Te loss=0.2868 mae=0.630 r2=0.271 | ES 5/50
2026-04-29 16:17:04,529 | INFO |   Ep   8/300 | Tr loss=0.1733 mae=0.452 r2=0.376 | Vl loss=0.1565 mae=0.474 r2=0.366 | Te loss=0.2868 mae=0.630 r2=0.271 | ES 5/50
  Ep   9/300 | Tr loss=0.1711 mae=0.450 r2=0.387 | Vl loss=0.1540 mae=0.471 r2=0.382 | Te loss=0.2884 mae=0.632 r2=0.262 | ES 6/50
2026-04-29 16:17:17,287 | INFO |   Ep   9/300 | Tr loss=0.1711 mae=0.450 r2=0.387 | Vl loss=0.1540 mae=0.471 r2=0.382 | Te loss=0.2884 mae=0.632 r2=0.262 | ES 6/50
  Ep  10/300 | Tr loss=0.1728 mae=0.454 r2=0.380 | Vl loss=0.1568 mae=0.474 r2=0.364 | Te loss=0.2866 mae=0.630 r2=0.272 | ES 7/50
2026-04-29 16:17:30,336 | INFO |   Ep  10/300 | Tr loss=0.1728 mae=0.454 r2=0.380 | Vl loss=0.1568 mae=0.474 r2=0.364 | Te loss=0.2866 mae=0.630 r2=0.272 | ES 7/50
  Ep  11/300 | Tr loss=0.1692 mae=0.447 r2=0.393 | Vl loss=0.1541 mae=0.471 r2=0.381 | Te loss=0.2875 mae=0.631 r2=0.265 | ES 8/50
2026-04-29 16:17:42,938 | INFO |   Ep  11/300 | Tr loss=0.1692 mae=0.447 r2=0.393 | Vl loss=0.1541 mae=0.471 r2=0.381 | Te loss=0.2875 mae=0.631 r2=0.265 | ES 8/50
  Ep  12/300 | Tr loss=0.1688 mae=0.444 r2=0.393 | Vl loss=0.1524 mae=0.467 r2=0.385 | Te loss=0.2835 mae=0.625 r2=0.276 | ES 0/50 ★
2026-04-29 16:17:55,603 | INFO |   Ep  12/300 | Tr loss=0.1688 mae=0.444 r2=0.393 | Vl loss=0.1524 mae=0.467 r2=0.385 | Te loss=0.2835 mae=0.625 r2=0.276 | ES 0/50 ★
    ★ val_mae=0.4668  rmse=0.5616  r2=0.3847
  Ep  13/300 | Tr loss=0.1649 mae=0.440 r2=0.410 | Vl loss=0.1388 mae=0.436 r2=0.442 | Te loss=0.2756 mae=0.605 r2=0.283 | ES 0/50 ★
2026-04-29 16:18:08,319 | INFO |   Ep  13/300 | Tr loss=0.1649 mae=0.440 r2=0.410 | Vl loss=0.1388 mae=0.436 r2=0.442 | Te loss=0.2756 mae=0.605 r2=0.283 | ES 0/50 ★
    ★ val_mae=0.4355  rmse=0.5350  r2=0.4415
  Ep  14/300 | Tr loss=0.1646 mae=0.437 r2=0.408 | Vl loss=0.1163 mae=0.385 r2=0.521 | Te loss=0.2399 mae=0.557 r2=0.374 | ES 0/50 ★
2026-04-29 16:18:21,068 | INFO |   Ep  14/300 | Tr loss=0.1646 mae=0.437 r2=0.408 | Vl loss=0.1163 mae=0.385 r2=0.521 | Te loss=0.2399 mae=0.557 r2=0.374 | ES 0/50 ★
    ★ val_mae=0.3848  rmse=0.4953  r2=0.5213
  Ep  15/300 | Tr loss=0.1623 mae=0.432 r2=0.417 | Vl loss=0.1129 mae=0.377 r2=0.536 | Te loss=0.2384 mae=0.555 r2=0.373 | ES 0/50 ★
2026-04-29 16:18:33,879 | INFO |   Ep  15/300 | Tr loss=0.1623 mae=0.432 r2=0.417 | Vl loss=0.1129 mae=0.377 r2=0.536 | Te loss=0.2384 mae=0.555 r2=0.373 | ES 0/50 ★
    ★ val_mae=0.3765  rmse=0.4875  r2=0.5363
  Ep  16/300 | Tr loss=0.1601 mae=0.427 r2=0.424 | Vl loss=0.1108 mae=0.367 r2=0.546 | Te loss=0.2387 mae=0.554 r2=0.366 | ES 0/50 ★
2026-04-29 16:18:46,635 | INFO |   Ep  16/300 | Tr loss=0.1601 mae=0.427 r2=0.424 | Vl loss=0.1108 mae=0.367 r2=0.546 | Te loss=0.2387 mae=0.554 r2=0.366 | ES 0/50 ★
    ★ val_mae=0.3674  rmse=0.4825  r2=0.5457
  Ep  17/300 | Tr loss=0.1558 mae=0.422 r2=0.441 | Vl loss=0.1093 mae=0.351 r2=0.550 | Te loss=0.2245 mae=0.542 r2=0.394 | ES 0/50 ★
2026-04-29 16:18:59,295 | INFO |   Ep  17/300 | Tr loss=0.1558 mae=0.422 r2=0.441 | Vl loss=0.1093 mae=0.351 r2=0.550 | Te loss=0.2245 mae=0.542 r2=0.394 | ES 0/50 ★
    ★ val_mae=0.3510  rmse=0.4804  r2=0.5498
  Ep  18/300 | Tr loss=0.1565 mae=0.421 r2=0.436 | Vl loss=0.1142 mae=0.366 r2=0.530 | Te loss=0.2214 mae=0.542 r2=0.404 | ES 1/50
2026-04-29 16:19:11,990 | INFO |   Ep  18/300 | Tr loss=0.1565 mae=0.421 r2=0.436 | Vl loss=0.1142 mae=0.366 r2=0.530 | Te loss=0.2214 mae=0.542 r2=0.404 | ES 1/50
  Ep  19/300 | Tr loss=0.1538 mae=0.415 r2=0.447 | Vl loss=0.1081 mae=0.349 r2=0.554 | Te loss=0.2237 mae=0.541 r2=0.398 | ES 0/50 ★
2026-04-29 16:19:24,634 | INFO |   Ep  19/300 | Tr loss=0.1538 mae=0.415 r2=0.447 | Vl loss=0.1081 mae=0.349 r2=0.554 | Te loss=0.2237 mae=0.541 r2=0.398 | ES 0/50 ★
    ★ val_mae=0.3486  rmse=0.4779  r2=0.5543
  Ep  20/300 | Tr loss=0.1541 mae=0.418 r2=0.445 | Vl loss=0.1132 mae=0.363 r2=0.534 | Te loss=0.2228 mae=0.542 r2=0.398 | ES 1/50
2026-04-29 16:19:37,311 | INFO |   Ep  20/300 | Tr loss=0.1541 mae=0.418 r2=0.445 | Vl loss=0.1132 mae=0.363 r2=0.534 | Te loss=0.2228 mae=0.542 r2=0.398 | ES 1/50
  Ep  21/300 | Tr loss=0.1534 mae=0.416 r2=0.449 | Vl loss=0.1068 mae=0.348 r2=0.560 | Te loss=0.2270 mae=0.543 r2=0.389 | ES 0/50 ★
2026-04-29 16:19:50,081 | INFO |   Ep  21/300 | Tr loss=0.1534 mae=0.416 r2=0.449 | Vl loss=0.1068 mae=0.348 r2=0.560 | Te loss=0.2270 mae=0.543 r2=0.389 | ES 0/50 ★
    ★ val_mae=0.3484  rmse=0.4748  r2=0.5602
  Ep  22/300 | Tr loss=0.1552 mae=0.418 r2=0.441 | Vl loss=0.1179 mae=0.378 r2=0.514 | Te loss=0.2200 mae=0.543 r2=0.409 | ES 1/50
2026-04-29 16:20:02,811 | INFO |   Ep  22/300 | Tr loss=0.1552 mae=0.418 r2=0.441 | Vl loss=0.1179 mae=0.378 r2=0.514 | Te loss=0.2200 mae=0.543 r2=0.409 | ES 1/50
  Ep  23/300 | Tr loss=0.1534 mae=0.416 r2=0.449 | Vl loss=0.1119 mae=0.354 r2=0.540 | Te loss=0.2278 mae=0.545 r2=0.380 | ES 2/50
2026-04-29 16:20:15,505 | INFO |   Ep  23/300 | Tr loss=0.1534 mae=0.416 r2=0.449 | Vl loss=0.1119 mae=0.354 r2=0.540 | Te loss=0.2278 mae=0.545 r2=0.380 | ES 2/50
  Ep  24/300 | Tr loss=0.1540 mae=0.418 r2=0.448 | Vl loss=0.1073 mae=0.346 r2=0.558 | Te loss=0.2286 mae=0.544 r2=0.383 | ES 0/50 ★
2026-04-29 16:20:28,181 | INFO |   Ep  24/300 | Tr loss=0.1540 mae=0.418 r2=0.448 | Vl loss=0.1073 mae=0.346 r2=0.558 | Te loss=0.2286 mae=0.544 r2=0.383 | ES 0/50 ★
    ★ val_mae=0.3461  rmse=0.4757  r2=0.5585
  Ep  25/300 | Tr loss=0.1530 mae=0.414 r2=0.450 | Vl loss=0.1075 mae=0.349 r2=0.556 | Te loss=0.2224 mae=0.540 r2=0.404 | ES 1/50
2026-04-29 16:20:40,922 | INFO |   Ep  25/300 | Tr loss=0.1530 mae=0.414 r2=0.450 | Vl loss=0.1075 mae=0.349 r2=0.556 | Te loss=0.2224 mae=0.540 r2=0.404 | ES 1/50
  Ep  26/300 | Tr loss=0.1533 mae=0.415 r2=0.448 | Vl loss=0.1079 mae=0.358 r2=0.557 | Te loss=0.2330 mae=0.547 r2=0.381 | ES 2/50
2026-04-29 16:20:53,678 | INFO |   Ep  26/300 | Tr loss=0.1533 mae=0.415 r2=0.448 | Vl loss=0.1079 mae=0.358 r2=0.557 | Te loss=0.2330 mae=0.547 r2=0.381 | ES 2/50
  Ep  27/300 | Tr loss=0.1510 mae=0.412 r2=0.458 | Vl loss=0.1109 mae=0.358 r2=0.542 | Te loss=0.2202 mae=0.539 r2=0.409 | ES 3/50
2026-04-29 16:21:06,379 | INFO |   Ep  27/300 | Tr loss=0.1510 mae=0.412 r2=0.458 | Vl loss=0.1109 mae=0.358 r2=0.542 | Te loss=0.2202 mae=0.539 r2=0.409 | ES 3/50
  Ep  28/300 | Tr loss=0.1515 mae=0.411 r2=0.456 | Vl loss=0.1224 mae=0.392 r2=0.496 | Te loss=0.2199 mae=0.546 r2=0.411 | ES 4/50
2026-04-29 16:21:19,103 | INFO |   Ep  28/300 | Tr loss=0.1515 mae=0.411 r2=0.456 | Vl loss=0.1224 mae=0.392 r2=0.496 | Te loss=0.2199 mae=0.546 r2=0.411 | ES 4/50
  Ep  29/300 | Tr loss=0.1519 mae=0.414 r2=0.454 | Vl loss=0.1084 mae=0.349 r2=0.553 | Te loss=0.2241 mae=0.541 r2=0.396 | ES 5/50
2026-04-29 16:21:31,982 | INFO |   Ep  29/300 | Tr loss=0.1519 mae=0.414 r2=0.454 | Vl loss=0.1084 mae=0.349 r2=0.553 | Te loss=0.2241 mae=0.541 r2=0.396 | ES 5/50
  Ep  30/300 | Tr loss=0.1511 mae=0.411 r2=0.458 | Vl loss=0.1161 mae=0.373 r2=0.522 | Te loss=0.2209 mae=0.543 r2=0.406 | ES 6/50
2026-04-29 16:21:44,641 | INFO |   Ep  30/300 | Tr loss=0.1511 mae=0.411 r2=0.458 | Vl loss=0.1161 mae=0.373 r2=0.522 | Te loss=0.2209 mae=0.543 r2=0.406 | ES 6/50
  Ep  31/300 | Tr loss=0.1521 mae=0.412 r2=0.453 | Vl loss=0.1078 mae=0.347 r2=0.556 | Te loss=0.2248 mae=0.541 r2=0.394 | ES 7/50
2026-04-29 16:21:57,318 | INFO |   Ep  31/300 | Tr loss=0.1521 mae=0.412 r2=0.453 | Vl loss=0.1078 mae=0.347 r2=0.556 | Te loss=0.2248 mae=0.541 r2=0.394 | ES 7/50
  Ep  32/300 | Tr loss=0.1519 mae=0.415 r2=0.454 | Vl loss=0.1071 mae=0.350 r2=0.559 | Te loss=0.2303 mae=0.546 r2=0.380 | ES 8/50
2026-04-29 16:22:10,094 | INFO |   Ep  32/300 | Tr loss=0.1519 mae=0.415 r2=0.454 | Vl loss=0.1071 mae=0.350 r2=0.559 | Te loss=0.2303 mae=0.546 r2=0.380 | ES 8/50
  Ep  33/300 | Tr loss=0.1521 mae=0.413 r2=0.454 | Vl loss=0.1073 mae=0.349 r2=0.556 | Te loss=0.2205 mae=0.537 r2=0.412 | ES 9/50
2026-04-29 16:22:22,802 | INFO |   Ep  33/300 | Tr loss=0.1521 mae=0.413 r2=0.454 | Vl loss=0.1073 mae=0.349 r2=0.556 | Te loss=0.2205 mae=0.537 r2=0.412 | ES 9/50
  Ep  34/300 | Tr loss=0.1504 mae=0.411 r2=0.460 | Vl loss=0.1067 mae=0.354 r2=0.558 | Te loss=0.2236 mae=0.539 r2=0.407 | ES 10/50
2026-04-29 16:22:35,529 | INFO |   Ep  34/300 | Tr loss=0.1504 mae=0.411 r2=0.460 | Vl loss=0.1067 mae=0.354 r2=0.558 | Te loss=0.2236 mae=0.539 r2=0.407 | ES 10/50
  Ep  35/300 | Tr loss=0.1499 mae=0.409 r2=0.462 | Vl loss=0.1123 mae=0.356 r2=0.538 | Te loss=0.2259 mae=0.543 r2=0.386 | ES 11/50
2026-04-29 16:22:48,238 | INFO |   Ep  35/300 | Tr loss=0.1499 mae=0.409 r2=0.462 | Vl loss=0.1123 mae=0.356 r2=0.538 | Te loss=0.2259 mae=0.543 r2=0.386 | ES 11/50
  Ep  36/300 | Tr loss=0.1506 mae=0.410 r2=0.458 | Vl loss=0.1070 mae=0.345 r2=0.559 | Te loss=0.2271 mae=0.543 r2=0.387 | ES 0/50 ★
2026-04-29 16:23:00,869 | INFO |   Ep  36/300 | Tr loss=0.1506 mae=0.410 r2=0.458 | Vl loss=0.1070 mae=0.345 r2=0.559 | Te loss=0.2271 mae=0.543 r2=0.387 | ES 0/50 ★
    ★ val_mae=0.3453  rmse=0.4753  r2=0.5593
  Ep  37/300 | Tr loss=0.1485 mae=0.408 r2=0.467 | Vl loss=0.1097 mae=0.352 r2=0.548 | Te loss=0.2245 mae=0.541 r2=0.393 | ES 1/50
2026-04-29 16:23:13,533 | INFO |   Ep  37/300 | Tr loss=0.1485 mae=0.408 r2=0.467 | Vl loss=0.1097 mae=0.352 r2=0.548 | Te loss=0.2245 mae=0.541 r2=0.393 | ES 1/50
  Ep  38/300 | Tr loss=0.1510 mae=0.410 r2=0.458 | Vl loss=0.1131 mae=0.364 r2=0.533 | Te loss=0.2192 mae=0.539 r2=0.412 | ES 2/50
2026-04-29 16:23:26,255 | INFO |   Ep  38/300 | Tr loss=0.1510 mae=0.410 r2=0.458 | Vl loss=0.1131 mae=0.364 r2=0.533 | Te loss=0.2192 mae=0.539 r2=0.412 | ES 2/50
  Ep  39/300 | Tr loss=0.1499 mae=0.408 r2=0.462 | Vl loss=0.1062 mae=0.346 r2=0.561 | Te loss=0.2228 mae=0.538 r2=0.404 | ES 3/50
2026-04-29 16:23:39,053 | INFO |   Ep  39/300 | Tr loss=0.1499 mae=0.408 r2=0.462 | Vl loss=0.1062 mae=0.346 r2=0.561 | Te loss=0.2228 mae=0.538 r2=0.404 | ES 3/50
  Ep  40/300 | Tr loss=0.1510 mae=0.412 r2=0.458 | Vl loss=0.1068 mae=0.355 r2=0.559 | Te loss=0.2275 mae=0.542 r2=0.399 | ES 4/50
2026-04-29 16:23:51,771 | INFO |   Ep  40/300 | Tr loss=0.1510 mae=0.412 r2=0.458 | Vl loss=0.1068 mae=0.355 r2=0.559 | Te loss=0.2275 mae=0.542 r2=0.399 | ES 4/50
  Ep  41/300 | Tr loss=0.1495 mae=0.409 r2=0.462 | Vl loss=0.1073 mae=0.349 r2=0.557 | Te loss=0.2212 mae=0.537 r2=0.409 | ES 5/50
2026-04-29 16:24:04,617 | INFO |   Ep  41/300 | Tr loss=0.1495 mae=0.409 r2=0.462 | Vl loss=0.1073 mae=0.349 r2=0.557 | Te loss=0.2212 mae=0.537 r2=0.409 | ES 5/50
  Ep  42/300 | Tr loss=0.1497 mae=0.410 r2=0.463 | Vl loss=0.1168 mae=0.372 r2=0.520 | Te loss=0.2238 mae=0.544 r2=0.393 | ES 6/50
2026-04-29 16:24:17,349 | INFO |   Ep  42/300 | Tr loss=0.1497 mae=0.410 r2=0.463 | Vl loss=0.1168 mae=0.372 r2=0.520 | Te loss=0.2238 mae=0.544 r2=0.393 | ES 6/50
  Ep  43/300 | Tr loss=0.1499 mae=0.409 r2=0.462 | Vl loss=0.1299 mae=0.412 r2=0.470 | Te loss=0.2302 mae=0.561 r2=0.373 | ES 7/50
2026-04-29 16:24:30,109 | INFO |   Ep  43/300 | Tr loss=0.1499 mae=0.409 r2=0.462 | Vl loss=0.1299 mae=0.412 r2=0.470 | Te loss=0.2302 mae=0.561 r2=0.373 | ES 7/50
  Ep  44/300 | Tr loss=0.1505 mae=0.409 r2=0.461 | Vl loss=0.1074 mae=0.348 r2=0.557 | Te loss=0.2228 mae=0.539 r2=0.401 | ES 8/50
2026-04-29 16:24:42,845 | INFO |   Ep  44/300 | Tr loss=0.1505 mae=0.409 r2=0.461 | Vl loss=0.1074 mae=0.348 r2=0.557 | Te loss=0.2228 mae=0.539 r2=0.401 | ES 8/50
  Ep  45/300 | Tr loss=0.1489 mae=0.411 r2=0.465 | Vl loss=0.1111 mae=0.356 r2=0.543 | Te loss=0.2233 mae=0.540 r2=0.396 | ES 9/50
2026-04-29 16:24:55,581 | INFO |   Ep  45/300 | Tr loss=0.1489 mae=0.411 r2=0.465 | Vl loss=0.1111 mae=0.356 r2=0.543 | Te loss=0.2233 mae=0.540 r2=0.396 | ES 9/50
  Ep  46/300 | Tr loss=0.1513 mae=0.411 r2=0.457 | Vl loss=0.1076 mae=0.350 r2=0.556 | Te loss=0.2211 mae=0.537 r2=0.407 | ES 10/50
2026-04-29 16:25:08,322 | INFO |   Ep  46/300 | Tr loss=0.1513 mae=0.411 r2=0.457 | Vl loss=0.1076 mae=0.350 r2=0.556 | Te loss=0.2211 mae=0.537 r2=0.407 | ES 10/50
  Ep  47/300 | Tr loss=0.1486 mae=0.407 r2=0.467 | Vl loss=0.1058 mae=0.347 r2=0.563 | Te loss=0.2233 mae=0.538 r2=0.405 | ES 11/50
2026-04-29 16:25:21,313 | INFO |   Ep  47/300 | Tr loss=0.1486 mae=0.407 r2=0.467 | Vl loss=0.1058 mae=0.347 r2=0.563 | Te loss=0.2233 mae=0.538 r2=0.405 | ES 11/50
  Ep  48/300 | Tr loss=0.1498 mae=0.411 r2=0.463 | Vl loss=0.1108 mae=0.358 r2=0.543 | Te loss=0.2190 mae=0.536 r2=0.413 | ES 12/50
2026-04-29 16:25:34,114 | INFO |   Ep  48/300 | Tr loss=0.1498 mae=0.411 r2=0.463 | Vl loss=0.1108 mae=0.358 r2=0.543 | Te loss=0.2190 mae=0.536 r2=0.413 | ES 12/50
  Ep  49/300 | Tr loss=0.1497 mae=0.408 r2=0.463 | Vl loss=0.1065 mae=0.344 r2=0.561 | Te loss=0.2245 mae=0.539 r2=0.397 | ES 0/50 ★
2026-04-29 16:25:46,843 | INFO |   Ep  49/300 | Tr loss=0.1497 mae=0.408 r2=0.463 | Vl loss=0.1065 mae=0.344 r2=0.561 | Te loss=0.2245 mae=0.539 r2=0.397 | ES 0/50 ★
    ★ val_mae=0.3442  rmse=0.4742  r2=0.5613
  Ep  50/300 | Tr loss=0.1488 mae=0.409 r2=0.464 | Vl loss=0.1110 mae=0.357 r2=0.543 | Te loss=0.2219 mae=0.538 r2=0.401 | ES 1/50
2026-04-29 16:25:59,608 | INFO |   Ep  50/300 | Tr loss=0.1488 mae=0.409 r2=0.464 | Vl loss=0.1110 mae=0.357 r2=0.543 | Te loss=0.2219 mae=0.538 r2=0.401 | ES 1/50
  Ep  51/300 | Tr loss=0.1494 mae=0.408 r2=0.464 | Vl loss=0.1058 mae=0.349 r2=0.564 | Te loss=0.2268 mae=0.540 r2=0.396 | ES 2/50
2026-04-29 16:26:12,358 | INFO |   Ep  51/300 | Tr loss=0.1494 mae=0.408 r2=0.464 | Vl loss=0.1058 mae=0.349 r2=0.564 | Te loss=0.2268 mae=0.540 r2=0.396 | ES 2/50
  Ep  52/300 | Tr loss=0.1481 mae=0.407 r2=0.468 | Vl loss=0.1189 mae=0.385 r2=0.510 | Te loss=0.2189 mae=0.542 r2=0.413 | ES 3/50
2026-04-29 16:26:25,073 | INFO |   Ep  52/300 | Tr loss=0.1481 mae=0.407 r2=0.468 | Vl loss=0.1189 mae=0.385 r2=0.510 | Te loss=0.2189 mae=0.542 r2=0.413 | ES 3/50
  Ep  53/300 | Tr loss=0.1484 mae=0.408 r2=0.469 | Vl loss=0.1056 mae=0.346 r2=0.564 | Te loss=0.2252 mae=0.538 r2=0.398 | ES 4/50
2026-04-29 16:26:37,736 | INFO |   Ep  53/300 | Tr loss=0.1484 mae=0.408 r2=0.469 | Vl loss=0.1056 mae=0.346 r2=0.564 | Te loss=0.2252 mae=0.538 r2=0.398 | ES 4/50
  Ep  54/300 | Tr loss=0.1486 mae=0.407 r2=0.467 | Vl loss=0.1072 mae=0.348 r2=0.557 | Te loss=0.2213 mae=0.537 r2=0.408 | ES 5/50
2026-04-29 16:26:50,411 | INFO |   Ep  54/300 | Tr loss=0.1486 mae=0.407 r2=0.467 | Vl loss=0.1072 mae=0.348 r2=0.557 | Te loss=0.2213 mae=0.537 r2=0.408 | ES 5/50
  Ep  55/300 | Tr loss=0.1494 mae=0.408 r2=0.464 | Vl loss=0.1063 mae=0.344 r2=0.562 | Te loss=0.2274 mae=0.541 r2=0.387 | ES 0/50 ★
2026-04-29 16:27:03,134 | INFO |   Ep  55/300 | Tr loss=0.1494 mae=0.408 r2=0.464 | Vl loss=0.1063 mae=0.344 r2=0.562 | Te loss=0.2274 mae=0.541 r2=0.387 | ES 0/50 ★
    ★ val_mae=0.3439  rmse=0.4736  r2=0.5624
  Ep  56/300 | Tr loss=0.1502 mae=0.410 r2=0.461 | Vl loss=0.1071 mae=0.346 r2=0.558 | Te loss=0.2228 mae=0.538 r2=0.402 | ES 1/50
2026-04-29 16:27:15,843 | INFO |   Ep  56/300 | Tr loss=0.1502 mae=0.410 r2=0.461 | Vl loss=0.1071 mae=0.346 r2=0.558 | Te loss=0.2228 mae=0.538 r2=0.402 | ES 1/50
  Ep  57/300 | Tr loss=0.1484 mae=0.408 r2=0.468 | Vl loss=0.1060 mae=0.345 r2=0.563 | Te loss=0.2256 mae=0.540 r2=0.394 | ES 2/50
2026-04-29 16:27:28,579 | INFO |   Ep  57/300 | Tr loss=0.1484 mae=0.408 r2=0.468 | Vl loss=0.1060 mae=0.345 r2=0.563 | Te loss=0.2256 mae=0.540 r2=0.394 | ES 2/50
  Ep  58/300 | Tr loss=0.1505 mae=0.411 r2=0.459 | Vl loss=0.1082 mae=0.350 r2=0.554 | Te loss=0.2231 mae=0.539 r2=0.399 | ES 3/50
2026-04-29 16:27:41,396 | INFO |   Ep  58/300 | Tr loss=0.1505 mae=0.411 r2=0.459 | Vl loss=0.1082 mae=0.350 r2=0.554 | Te loss=0.2231 mae=0.539 r2=0.399 | ES 3/50
  Ep  59/300 | Tr loss=0.1477 mae=0.407 r2=0.470 | Vl loss=0.1056 mae=0.345 r2=0.564 | Te loss=0.2231 mae=0.537 r2=0.405 | ES 4/50
2026-04-29 16:27:54,109 | INFO |   Ep  59/300 | Tr loss=0.1477 mae=0.407 r2=0.470 | Vl loss=0.1056 mae=0.345 r2=0.564 | Te loss=0.2231 mae=0.537 r2=0.405 | ES 4/50
  Ep  60/300 | Tr loss=0.1498 mae=0.409 r2=0.462 | Vl loss=0.1054 mae=0.343 r2=0.566 | Te loss=0.2269 mae=0.539 r2=0.391 | ES 0/50 ★
2026-04-29 16:28:06,746 | INFO |   Ep  60/300 | Tr loss=0.1498 mae=0.409 r2=0.462 | Vl loss=0.1054 mae=0.343 r2=0.566 | Te loss=0.2269 mae=0.539 r2=0.391 | ES 0/50 ★
    ★ val_mae=0.3432  rmse=0.4717  r2=0.5659
  Ep  61/300 | Tr loss=0.1484 mae=0.407 r2=0.468 | Vl loss=0.1058 mae=0.350 r2=0.564 | Te loss=0.2283 mae=0.541 r2=0.393 | ES 1/50
2026-04-29 16:28:19,437 | INFO |   Ep  61/300 | Tr loss=0.1484 mae=0.407 r2=0.468 | Vl loss=0.1058 mae=0.350 r2=0.564 | Te loss=0.2283 mae=0.541 r2=0.393 | ES 1/50
  Ep  62/300 | Tr loss=0.1491 mae=0.407 r2=0.465 | Vl loss=0.1054 mae=0.346 r2=0.565 | Te loss=0.2238 mae=0.537 r2=0.404 | ES 2/50
2026-04-29 16:28:32,227 | INFO |   Ep  62/300 | Tr loss=0.1491 mae=0.407 r2=0.465 | Vl loss=0.1054 mae=0.346 r2=0.565 | Te loss=0.2238 mae=0.537 r2=0.404 | ES 2/50
  Ep  63/300 | Tr loss=0.1491 mae=0.407 r2=0.465 | Vl loss=0.1053 mae=0.345 r2=0.565 | Te loss=0.2232 mae=0.536 r2=0.405 | ES 3/50
2026-04-29 16:28:45,099 | INFO |   Ep  63/300 | Tr loss=0.1491 mae=0.407 r2=0.465 | Vl loss=0.1053 mae=0.345 r2=0.565 | Te loss=0.2232 mae=0.536 r2=0.405 | ES 3/50
  Ep  64/300 | Tr loss=0.1472 mae=0.405 r2=0.472 | Vl loss=0.1079 mae=0.354 r2=0.558 | Te loss=0.2356 mae=0.546 r2=0.373 | ES 4/50
2026-04-29 16:28:57,752 | INFO |   Ep  64/300 | Tr loss=0.1472 mae=0.405 r2=0.472 | Vl loss=0.1079 mae=0.354 r2=0.558 | Te loss=0.2356 mae=0.546 r2=0.373 | ES 4/50
  Ep  65/300 | Tr loss=0.1472 mae=0.404 r2=0.471 | Vl loss=0.1057 mae=0.350 r2=0.564 | Te loss=0.2277 mae=0.540 r2=0.397 | ES 5/50
2026-04-29 16:29:10,441 | INFO |   Ep  65/300 | Tr loss=0.1472 mae=0.404 r2=0.471 | Vl loss=0.1057 mae=0.350 r2=0.564 | Te loss=0.2277 mae=0.540 r2=0.397 | ES 5/50
  Ep  66/300 | Tr loss=0.1475 mae=0.404 r2=0.470 | Vl loss=0.1058 mae=0.350 r2=0.565 | Te loss=0.2302 mae=0.542 r2=0.387 | ES 6/50
2026-04-29 16:29:23,338 | INFO |   Ep  66/300 | Tr loss=0.1475 mae=0.404 r2=0.470 | Vl loss=0.1058 mae=0.350 r2=0.565 | Te loss=0.2302 mae=0.542 r2=0.387 | ES 6/50
  Ep  67/300 | Tr loss=0.1475 mae=0.405 r2=0.470 | Vl loss=0.1047 mae=0.344 r2=0.567 | Te loss=0.2232 mae=0.534 r2=0.407 | ES 7/50
2026-04-29 16:29:36,069 | INFO |   Ep  67/300 | Tr loss=0.1475 mae=0.405 r2=0.470 | Vl loss=0.1047 mae=0.344 r2=0.567 | Te loss=0.2232 mae=0.534 r2=0.407 | ES 7/50
  Ep  68/300 | Tr loss=0.1475 mae=0.404 r2=0.470 | Vl loss=0.1051 mae=0.345 r2=0.567 | Te loss=0.2253 mae=0.537 r2=0.399 | ES 8/50
2026-04-29 16:29:48,782 | INFO |   Ep  68/300 | Tr loss=0.1475 mae=0.404 r2=0.470 | Vl loss=0.1051 mae=0.345 r2=0.567 | Te loss=0.2253 mae=0.537 r2=0.399 | ES 8/50
  Ep  69/300 | Tr loss=0.1467 mae=0.404 r2=0.473 | Vl loss=0.1054 mae=0.343 r2=0.565 | Te loss=0.2223 mae=0.533 r2=0.404 | ES 9/50
2026-04-29 16:30:01,620 | INFO |   Ep  69/300 | Tr loss=0.1467 mae=0.404 r2=0.473 | Vl loss=0.1054 mae=0.343 r2=0.565 | Te loss=0.2223 mae=0.533 r2=0.404 | ES 9/50
  Ep  70/300 | Tr loss=0.1471 mae=0.405 r2=0.472 | Vl loss=0.1047 mae=0.343 r2=0.569 | Te loss=0.2266 mae=0.537 r2=0.395 | ES 0/50 ★
2026-04-29 16:30:14,375 | INFO |   Ep  70/300 | Tr loss=0.1471 mae=0.405 r2=0.472 | Vl loss=0.1047 mae=0.343 r2=0.569 | Te loss=0.2266 mae=0.537 r2=0.395 | ES 0/50 ★
    ★ val_mae=0.3430  rmse=0.4702  r2=0.5687
  Ep  71/300 | Tr loss=0.1468 mae=0.402 r2=0.473 | Vl loss=0.1072 mae=0.354 r2=0.560 | Te loss=0.2333 mae=0.544 r2=0.382 | ES 1/50
2026-04-29 16:30:27,067 | INFO |   Ep  71/300 | Tr loss=0.1468 mae=0.402 r2=0.473 | Vl loss=0.1072 mae=0.354 r2=0.560 | Te loss=0.2333 mae=0.544 r2=0.382 | ES 1/50
  Ep  72/300 | Tr loss=0.1480 mae=0.406 r2=0.469 | Vl loss=0.1065 mae=0.348 r2=0.563 | Te loss=0.2328 mae=0.541 r2=0.381 | ES 2/50
2026-04-29 16:30:39,860 | INFO |   Ep  72/300 | Tr loss=0.1480 mae=0.406 r2=0.469 | Vl loss=0.1065 mae=0.348 r2=0.563 | Te loss=0.2328 mae=0.541 r2=0.381 | ES 2/50
  Ep  73/300 | Tr loss=0.1468 mae=0.405 r2=0.473 | Vl loss=0.1063 mae=0.346 r2=0.561 | Te loss=0.2201 mae=0.531 r2=0.410 | ES 3/50
2026-04-29 16:30:52,593 | INFO |   Ep  73/300 | Tr loss=0.1468 mae=0.405 r2=0.473 | Vl loss=0.1063 mae=0.346 r2=0.561 | Te loss=0.2201 mae=0.531 r2=0.410 | ES 3/50
  Ep  74/300 | Tr loss=0.1478 mae=0.404 r2=0.468 | Vl loss=0.1064 mae=0.349 r2=0.563 | Te loss=0.2334 mae=0.540 r2=0.383 | ES 4/50
2026-04-29 16:31:05,357 | INFO |   Ep  74/300 | Tr loss=0.1478 mae=0.404 r2=0.468 | Vl loss=0.1064 mae=0.349 r2=0.563 | Te loss=0.2334 mae=0.540 r2=0.383 | ES 4/50
  Ep  75/300 | Tr loss=0.1490 mae=0.408 r2=0.465 | Vl loss=0.1047 mae=0.344 r2=0.568 | Te loss=0.2238 mae=0.535 r2=0.404 | ES 5/50
2026-04-29 16:31:18,212 | INFO |   Ep  75/300 | Tr loss=0.1490 mae=0.408 r2=0.465 | Vl loss=0.1047 mae=0.344 r2=0.568 | Te loss=0.2238 mae=0.535 r2=0.404 | ES 5/50
  Ep  76/300 | Tr loss=0.1467 mae=0.402 r2=0.474 | Vl loss=0.1052 mae=0.341 r2=0.567 | Te loss=0.2250 mae=0.535 r2=0.394 | ES 0/50 ★
2026-04-29 16:31:31,023 | INFO |   Ep  76/300 | Tr loss=0.1467 mae=0.402 r2=0.474 | Vl loss=0.1052 mae=0.341 r2=0.567 | Te loss=0.2250 mae=0.535 r2=0.394 | ES 0/50 ★
    ★ val_mae=0.3412  rmse=0.4713  r2=0.5667
  Ep  77/300 | Tr loss=0.1482 mae=0.407 r2=0.468 | Vl loss=0.1040 mae=0.342 r2=0.570 | Te loss=0.2225 mae=0.532 r2=0.409 | ES 1/50
2026-04-29 16:31:43,905 | INFO |   Ep  77/300 | Tr loss=0.1482 mae=0.407 r2=0.468 | Vl loss=0.1040 mae=0.342 r2=0.570 | Te loss=0.2225 mae=0.532 r2=0.409 | ES 1/50
  Ep  78/300 | Tr loss=0.1476 mae=0.405 r2=0.471 | Vl loss=0.1062 mae=0.349 r2=0.564 | Te loss=0.2326 mae=0.541 r2=0.383 | ES 2/50
2026-04-29 16:31:56,651 | INFO |   Ep  78/300 | Tr loss=0.1476 mae=0.405 r2=0.471 | Vl loss=0.1062 mae=0.349 r2=0.564 | Te loss=0.2326 mae=0.541 r2=0.383 | ES 2/50
  Ep  79/300 | Tr loss=0.1467 mae=0.403 r2=0.475 | Vl loss=0.1047 mae=0.340 r2=0.569 | Te loss=0.2231 mae=0.530 r2=0.401 | ES 0/50 ★
2026-04-29 16:32:09,436 | INFO |   Ep  79/300 | Tr loss=0.1467 mae=0.403 r2=0.475 | Vl loss=0.1047 mae=0.340 r2=0.569 | Te loss=0.2231 mae=0.530 r2=0.401 | ES 0/50 ★
    ★ val_mae=0.3396  rmse=0.4701  r2=0.5688
  Ep  80/300 | Tr loss=0.1470 mae=0.403 r2=0.472 | Vl loss=0.1049 mae=0.342 r2=0.568 | Te loss=0.2287 mae=0.535 r2=0.393 | ES 1/50
2026-04-29 16:32:22,288 | INFO |   Ep  80/300 | Tr loss=0.1470 mae=0.403 r2=0.472 | Vl loss=0.1049 mae=0.342 r2=0.568 | Te loss=0.2287 mae=0.535 r2=0.393 | ES 1/50
  Ep  81/300 | Tr loss=0.1477 mae=0.405 r2=0.471 | Vl loss=0.1032 mae=0.337 r2=0.574 | Te loss=0.2232 mae=0.530 r2=0.406 | ES 0/50 ★
2026-04-29 16:32:35,011 | INFO |   Ep  81/300 | Tr loss=0.1477 mae=0.405 r2=0.471 | Vl loss=0.1032 mae=0.337 r2=0.574 | Te loss=0.2232 mae=0.530 r2=0.406 | ES 0/50 ★
    ★ val_mae=0.3372  rmse=0.4672  r2=0.5742
  Ep  82/300 | Tr loss=0.1462 mae=0.402 r2=0.475 | Vl loss=0.1036 mae=0.339 r2=0.573 | Te loss=0.2214 mae=0.529 r2=0.408 | ES 1/50
2026-04-29 16:32:47,756 | INFO |   Ep  82/300 | Tr loss=0.1462 mae=0.402 r2=0.475 | Vl loss=0.1036 mae=0.339 r2=0.573 | Te loss=0.2214 mae=0.529 r2=0.408 | ES 1/50
  Ep  83/300 | Tr loss=0.1461 mae=0.401 r2=0.476 | Vl loss=0.1038 mae=0.339 r2=0.573 | Te loss=0.2297 mae=0.536 r2=0.390 | ES 2/50
2026-04-29 16:33:00,437 | INFO |   Ep  83/300 | Tr loss=0.1461 mae=0.401 r2=0.476 | Vl loss=0.1038 mae=0.339 r2=0.573 | Te loss=0.2297 mae=0.536 r2=0.390 | ES 2/50
  Ep  84/300 | Tr loss=0.1458 mae=0.402 r2=0.476 | Vl loss=0.1032 mae=0.337 r2=0.574 | Te loss=0.2253 mae=0.532 r2=0.398 | ES 3/50
2026-04-29 16:33:13,165 | INFO |   Ep  84/300 | Tr loss=0.1458 mae=0.402 r2=0.476 | Vl loss=0.1032 mae=0.337 r2=0.574 | Te loss=0.2253 mae=0.532 r2=0.398 | ES 3/50
  Ep  85/300 | Tr loss=0.1469 mae=0.404 r2=0.472 | Vl loss=0.1045 mae=0.344 r2=0.569 | Te loss=0.2252 mae=0.536 r2=0.401 | ES 4/50
2026-04-29 16:33:25,942 | INFO |   Ep  85/300 | Tr loss=0.1469 mae=0.404 r2=0.472 | Vl loss=0.1045 mae=0.344 r2=0.569 | Te loss=0.2252 mae=0.536 r2=0.401 | ES 4/50
  Ep  86/300 | Tr loss=0.1468 mae=0.401 r2=0.473 | Vl loss=0.1041 mae=0.338 r2=0.572 | Te loss=0.2268 mae=0.533 r2=0.398 | ES 5/50
2026-04-29 16:33:38,671 | INFO |   Ep  86/300 | Tr loss=0.1468 mae=0.401 r2=0.473 | Vl loss=0.1041 mae=0.338 r2=0.572 | Te loss=0.2268 mae=0.533 r2=0.398 | ES 5/50
  Ep  87/300 | Tr loss=0.1463 mae=0.401 r2=0.474 | Vl loss=0.1031 mae=0.335 r2=0.575 | Te loss=0.2260 mae=0.530 r2=0.401 | ES 0/50 ★
2026-04-29 16:33:51,371 | INFO |   Ep  87/300 | Tr loss=0.1463 mae=0.401 r2=0.474 | Vl loss=0.1031 mae=0.335 r2=0.575 | Te loss=0.2260 mae=0.530 r2=0.401 | ES 0/50 ★
    ★ val_mae=0.3349  rmse=0.4668  r2=0.5750
  Ep  88/300 | Tr loss=0.1463 mae=0.401 r2=0.475 | Vl loss=0.1037 mae=0.336 r2=0.573 | Te loss=0.2254 mae=0.531 r2=0.394 | ES 1/50
2026-04-29 16:34:04,058 | INFO |   Ep  88/300 | Tr loss=0.1463 mae=0.401 r2=0.475 | Vl loss=0.1037 mae=0.336 r2=0.573 | Te loss=0.2254 mae=0.531 r2=0.394 | ES 1/50
  Ep  89/300 | Tr loss=0.1452 mae=0.399 r2=0.478 | Vl loss=0.1032 mae=0.334 r2=0.575 | Te loss=0.2329 mae=0.538 r2=0.380 | ES 0/50 ★
2026-04-29 16:34:16,849 | INFO |   Ep  89/300 | Tr loss=0.1452 mae=0.399 r2=0.478 | Vl loss=0.1032 mae=0.334 r2=0.575 | Te loss=0.2329 mae=0.538 r2=0.380 | ES 0/50 ★
    ★ val_mae=0.3335  rmse=0.4667  r2=0.5750
  Ep  90/300 | Tr loss=0.1461 mae=0.402 r2=0.477 | Vl loss=0.1113 mae=0.362 r2=0.546 | Te loss=0.2492 mae=0.561 r2=0.340 | ES 1/50
2026-04-29 16:34:29,660 | INFO |   Ep  90/300 | Tr loss=0.1461 mae=0.402 r2=0.477 | Vl loss=0.1113 mae=0.362 r2=0.546 | Te loss=0.2492 mae=0.561 r2=0.340 | ES 1/50
  Ep  91/300 | Tr loss=0.1443 mae=0.399 r2=0.483 | Vl loss=0.1030 mae=0.334 r2=0.576 | Te loss=0.2305 mae=0.535 r2=0.385 | ES 2/50
2026-04-29 16:34:42,580 | INFO |   Ep  91/300 | Tr loss=0.1443 mae=0.399 r2=0.483 | Vl loss=0.1030 mae=0.334 r2=0.576 | Te loss=0.2305 mae=0.535 r2=0.385 | ES 2/50
  Ep  92/300 | Tr loss=0.1448 mae=0.399 r2=0.481 | Vl loss=0.1025 mae=0.334 r2=0.577 | Te loss=0.2243 mae=0.529 r2=0.402 | ES 3/50
2026-04-29 16:34:55,375 | INFO |   Ep  92/300 | Tr loss=0.1448 mae=0.399 r2=0.481 | Vl loss=0.1025 mae=0.334 r2=0.577 | Te loss=0.2243 mae=0.529 r2=0.402 | ES 3/50
  Ep  93/300 | Tr loss=0.1455 mae=0.401 r2=0.479 | Vl loss=0.1034 mae=0.332 r2=0.574 | Te loss=0.2287 mae=0.533 r2=0.395 | ES 0/50 ★
2026-04-29 16:35:08,118 | INFO |   Ep  93/300 | Tr loss=0.1455 mae=0.401 r2=0.479 | Vl loss=0.1034 mae=0.332 r2=0.574 | Te loss=0.2287 mae=0.533 r2=0.395 | ES 0/50 ★
    ★ val_mae=0.3317  rmse=0.4672  r2=0.5741
  Ep  94/300 | Tr loss=0.1449 mae=0.398 r2=0.481 | Vl loss=0.1037 mae=0.338 r2=0.573 | Te loss=0.2252 mae=0.534 r2=0.398 | ES 1/50
2026-04-29 16:35:20,887 | INFO |   Ep  94/300 | Tr loss=0.1449 mae=0.398 r2=0.481 | Vl loss=0.1037 mae=0.338 r2=0.573 | Te loss=0.2252 mae=0.534 r2=0.398 | ES 1/50
  Ep  95/300 | Tr loss=0.1451 mae=0.400 r2=0.480 | Vl loss=0.1029 mae=0.336 r2=0.576 | Te loss=0.2311 mae=0.538 r2=0.383 | ES 2/50
2026-04-29 16:35:33,654 | INFO |   Ep  95/300 | Tr loss=0.1451 mae=0.400 r2=0.480 | Vl loss=0.1029 mae=0.336 r2=0.576 | Te loss=0.2311 mae=0.538 r2=0.383 | ES 2/50
  Ep  96/300 | Tr loss=0.1443 mae=0.398 r2=0.483 | Vl loss=0.1041 mae=0.337 r2=0.572 | Te loss=0.2363 mae=0.543 r2=0.370 | ES 3/50
2026-04-29 16:35:46,385 | INFO |   Ep  96/300 | Tr loss=0.1443 mae=0.398 r2=0.483 | Vl loss=0.1041 mae=0.337 r2=0.572 | Te loss=0.2363 mae=0.543 r2=0.370 | ES 3/50
  Ep  97/300 | Tr loss=0.1441 mae=0.399 r2=0.483 | Vl loss=0.1030 mae=0.331 r2=0.576 | Te loss=0.2280 mae=0.534 r2=0.396 | ES 0/50 ★
2026-04-29 16:35:59,037 | INFO |   Ep  97/300 | Tr loss=0.1441 mae=0.399 r2=0.483 | Vl loss=0.1030 mae=0.331 r2=0.576 | Te loss=0.2280 mae=0.534 r2=0.396 | ES 0/50 ★
    ★ val_mae=0.3312  rmse=0.4664  r2=0.5757
  Ep  98/300 | Tr loss=0.1450 mae=0.399 r2=0.482 | Vl loss=0.1042 mae=0.337 r2=0.572 | Te loss=0.2356 mae=0.543 r2=0.373 | ES 1/50
2026-04-29 16:36:11,690 | INFO |   Ep  98/300 | Tr loss=0.1450 mae=0.399 r2=0.482 | Vl loss=0.1042 mae=0.337 r2=0.572 | Te loss=0.2356 mae=0.543 r2=0.373 | ES 1/50
  Ep  99/300 | Tr loss=0.1444 mae=0.400 r2=0.484 | Vl loss=0.1035 mae=0.335 r2=0.574 | Te loss=0.2315 mae=0.539 r2=0.381 | ES 2/50
2026-04-29 16:36:24,481 | INFO |   Ep  99/300 | Tr loss=0.1444 mae=0.400 r2=0.484 | Vl loss=0.1035 mae=0.335 r2=0.574 | Te loss=0.2315 mae=0.539 r2=0.381 | ES 2/50
  Ep 100/300 | Tr loss=0.1455 mae=0.402 r2=0.479 | Vl loss=0.1250 mae=0.398 r2=0.495 | Te loss=0.2712 mae=0.593 r2=0.287 | ES 3/50
2026-04-29 16:36:37,135 | INFO |   Ep 100/300 | Tr loss=0.1455 mae=0.402 r2=0.479 | Vl loss=0.1250 mae=0.398 r2=0.495 | Te loss=0.2712 mae=0.593 r2=0.287 | ES 3/50
  Ep 101/300 | Tr loss=0.1453 mae=0.401 r2=0.481 | Vl loss=0.1030 mae=0.331 r2=0.576 | Te loss=0.2294 mae=0.534 r2=0.384 | ES 0/50 ★
2026-04-29 16:36:49,822 | INFO |   Ep 101/300 | Tr loss=0.1453 mae=0.401 r2=0.481 | Vl loss=0.1030 mae=0.331 r2=0.576 | Te loss=0.2294 mae=0.534 r2=0.384 | ES 0/50 ★
    ★ val_mae=0.3309  rmse=0.4659  r2=0.5764
  Ep 102/300 | Tr loss=0.1440 mae=0.399 r2=0.484 | Vl loss=0.1030 mae=0.333 r2=0.577 | Te loss=0.2323 mae=0.539 r2=0.378 | ES 1/50
2026-04-29 16:37:02,591 | INFO |   Ep 102/300 | Tr loss=0.1440 mae=0.399 r2=0.484 | Vl loss=0.1030 mae=0.333 r2=0.577 | Te loss=0.2323 mae=0.539 r2=0.378 | ES 1/50
  Ep 103/300 | Tr loss=0.1432 mae=0.396 r2=0.488 | Vl loss=0.1028 mae=0.333 r2=0.577 | Te loss=0.2313 mae=0.539 r2=0.381 | ES 2/50
2026-04-29 16:37:15,435 | INFO |   Ep 103/300 | Tr loss=0.1432 mae=0.396 r2=0.488 | Vl loss=0.1028 mae=0.333 r2=0.577 | Te loss=0.2313 mae=0.539 r2=0.381 | ES 2/50
  Ep 104/300 | Tr loss=0.1444 mae=0.400 r2=0.485 | Vl loss=0.1037 mae=0.328 r2=0.575 | Te loss=0.2339 mae=0.537 r2=0.365 | ES 0/50 ★
2026-04-29 16:37:28,239 | INFO |   Ep 104/300 | Tr loss=0.1444 mae=0.400 r2=0.485 | Vl loss=0.1037 mae=0.328 r2=0.575 | Te loss=0.2339 mae=0.537 r2=0.365 | ES 0/50 ★
    ★ val_mae=0.3278  rmse=0.4667  r2=0.5751
  Ep 105/300 | Tr loss=0.1449 mae=0.400 r2=0.482 | Vl loss=0.1029 mae=0.332 r2=0.577 | Te loss=0.2310 mae=0.537 r2=0.379 | ES 1/50
2026-04-29 16:37:40,872 | INFO |   Ep 105/300 | Tr loss=0.1449 mae=0.400 r2=0.482 | Vl loss=0.1029 mae=0.332 r2=0.577 | Te loss=0.2310 mae=0.537 r2=0.379 | ES 1/50
  Ep 106/300 | Tr loss=0.1442 mae=0.397 r2=0.485 | Vl loss=0.1053 mae=0.340 r2=0.568 | Te loss=0.2360 mae=0.544 r2=0.372 | ES 2/50
2026-04-29 16:37:53,722 | INFO |   Ep 106/300 | Tr loss=0.1442 mae=0.397 r2=0.485 | Vl loss=0.1053 mae=0.340 r2=0.568 | Te loss=0.2360 mae=0.544 r2=0.372 | ES 2/50
  Ep 107/300 | Tr loss=0.1439 mae=0.398 r2=0.485 | Vl loss=0.1032 mae=0.332 r2=0.576 | Te loss=0.2331 mae=0.538 r2=0.376 | ES 3/50
2026-04-29 16:38:06,429 | INFO |   Ep 107/300 | Tr loss=0.1439 mae=0.398 r2=0.485 | Vl loss=0.1032 mae=0.332 r2=0.576 | Te loss=0.2331 mae=0.538 r2=0.376 | ES 3/50
  Ep 108/300 | Tr loss=0.1442 mae=0.398 r2=0.485 | Vl loss=0.1027 mae=0.332 r2=0.577 | Te loss=0.2301 mae=0.537 r2=0.381 | ES 4/50
2026-04-29 16:38:19,157 | INFO |   Ep 108/300 | Tr loss=0.1442 mae=0.398 r2=0.485 | Vl loss=0.1027 mae=0.332 r2=0.577 | Te loss=0.2301 mae=0.537 r2=0.381 | ES 4/50
  Ep 109/300 | Tr loss=0.1440 mae=0.398 r2=0.485 | Vl loss=0.1030 mae=0.335 r2=0.576 | Te loss=0.2325 mae=0.541 r2=0.373 | ES 5/50
2026-04-29 16:38:31,896 | INFO |   Ep 109/300 | Tr loss=0.1440 mae=0.398 r2=0.485 | Vl loss=0.1030 mae=0.335 r2=0.576 | Te loss=0.2325 mae=0.541 r2=0.373 | ES 5/50
  Ep 110/300 | Tr loss=0.1437 mae=0.398 r2=0.487 | Vl loss=0.1030 mae=0.332 r2=0.576 | Te loss=0.2289 mae=0.534 r2=0.383 | ES 6/50
2026-04-29 16:38:44,620 | INFO |   Ep 110/300 | Tr loss=0.1437 mae=0.398 r2=0.487 | Vl loss=0.1030 mae=0.332 r2=0.576 | Te loss=0.2289 mae=0.534 r2=0.383 | ES 6/50
  Ep 111/300 | Tr loss=0.1424 mae=0.394 r2=0.491 | Vl loss=0.1030 mae=0.332 r2=0.577 | Te loss=0.2311 mae=0.537 r2=0.378 | ES 7/50
2026-04-29 16:38:57,387 | INFO |   Ep 111/300 | Tr loss=0.1424 mae=0.394 r2=0.491 | Vl loss=0.1030 mae=0.332 r2=0.577 | Te loss=0.2311 mae=0.537 r2=0.378 | ES 7/50
  Ep 112/300 | Tr loss=0.1430 mae=0.395 r2=0.489 | Vl loss=0.1039 mae=0.335 r2=0.574 | Te loss=0.2367 mae=0.543 r2=0.365 | ES 8/50
2026-04-29 16:39:10,122 | INFO |   Ep 112/300 | Tr loss=0.1430 mae=0.395 r2=0.489 | Vl loss=0.1039 mae=0.335 r2=0.574 | Te loss=0.2367 mae=0.543 r2=0.365 | ES 8/50
  Ep 113/300 | Tr loss=0.1434 mae=0.396 r2=0.487 | Vl loss=0.1037 mae=0.334 r2=0.574 | Te loss=0.2303 mae=0.536 r2=0.375 | ES 9/50
2026-04-29 16:39:23,024 | INFO |   Ep 113/300 | Tr loss=0.1434 mae=0.396 r2=0.487 | Vl loss=0.1037 mae=0.334 r2=0.574 | Te loss=0.2303 mae=0.536 r2=0.375 | ES 9/50
  Ep 114/300 | Tr loss=0.1431 mae=0.396 r2=0.488 | Vl loss=0.1048 mae=0.338 r2=0.570 | Te loss=0.2388 mae=0.548 r2=0.351 | ES 10/50
2026-04-29 16:39:35,755 | INFO |   Ep 114/300 | Tr loss=0.1431 mae=0.396 r2=0.488 | Vl loss=0.1048 mae=0.338 r2=0.570 | Te loss=0.2388 mae=0.548 r2=0.351 | ES 10/50
  Ep 115/300 | Tr loss=0.1446 mae=0.400 r2=0.483 | Vl loss=0.1050 mae=0.339 r2=0.570 | Te loss=0.2419 mae=0.550 r2=0.352 | ES 11/50
2026-04-29 16:39:48,484 | INFO |   Ep 115/300 | Tr loss=0.1446 mae=0.400 r2=0.483 | Vl loss=0.1050 mae=0.339 r2=0.570 | Te loss=0.2419 mae=0.550 r2=0.352 | ES 11/50
  Ep 116/300 | Tr loss=0.1433 mae=0.395 r2=0.487 | Vl loss=0.1036 mae=0.335 r2=0.573 | Te loss=0.2287 mae=0.536 r2=0.383 | ES 12/50
2026-04-29 16:40:01,249 | INFO |   Ep 116/300 | Tr loss=0.1433 mae=0.395 r2=0.487 | Vl loss=0.1036 mae=0.335 r2=0.573 | Te loss=0.2287 mae=0.536 r2=0.383 | ES 12/50
  Ep 117/300 | Tr loss=0.1437 mae=0.399 r2=0.486 | Vl loss=0.1033 mae=0.334 r2=0.575 | Te loss=0.2302 mae=0.537 r2=0.381 | ES 13/50
2026-04-29 16:40:14,018 | INFO |   Ep 117/300 | Tr loss=0.1437 mae=0.399 r2=0.486 | Vl loss=0.1033 mae=0.334 r2=0.575 | Te loss=0.2302 mae=0.537 r2=0.381 | ES 13/50
  Ep 118/300 | Tr loss=0.1430 mae=0.396 r2=0.490 | Vl loss=0.1031 mae=0.331 r2=0.576 | Te loss=0.2336 mae=0.539 r2=0.370 | ES 14/50
2026-04-29 16:40:26,783 | INFO |   Ep 118/300 | Tr loss=0.1430 mae=0.396 r2=0.490 | Vl loss=0.1031 mae=0.331 r2=0.576 | Te loss=0.2336 mae=0.539 r2=0.370 | ES 14/50
  Ep 119/300 | Tr loss=0.1430 mae=0.395 r2=0.488 | Vl loss=0.1036 mae=0.334 r2=0.574 | Te loss=0.2333 mae=0.541 r2=0.373 | ES 15/50
2026-04-29 16:40:39,548 | INFO |   Ep 119/300 | Tr loss=0.1430 mae=0.395 r2=0.488 | Vl loss=0.1036 mae=0.334 r2=0.574 | Te loss=0.2333 mae=0.541 r2=0.373 | ES 15/50
  Ep 120/300 | Tr loss=0.1421 mae=0.394 r2=0.492 | Vl loss=0.1029 mae=0.330 r2=0.576 | Te loss=0.2316 mae=0.538 r2=0.375 | ES 16/50
2026-04-29 16:40:52,364 | INFO |   Ep 120/300 | Tr loss=0.1421 mae=0.394 r2=0.492 | Vl loss=0.1029 mae=0.330 r2=0.576 | Te loss=0.2316 mae=0.538 r2=0.375 | ES 16/50
  Ep 121/300 | Tr loss=0.1437 mae=0.398 r2=0.486 | Vl loss=0.1067 mae=0.337 r2=0.564 | Te loss=0.2380 mae=0.542 r2=0.351 | ES 17/50
2026-04-29 16:41:05,085 | INFO |   Ep 121/300 | Tr loss=0.1437 mae=0.398 r2=0.486 | Vl loss=0.1067 mae=0.337 r2=0.564 | Te loss=0.2380 mae=0.542 r2=0.351 | ES 17/50
  Ep 122/300 | Tr loss=0.1427 mae=0.395 r2=0.488 | Vl loss=0.1031 mae=0.331 r2=0.576 | Te loss=0.2295 mae=0.537 r2=0.384 | ES 18/50
2026-04-29 16:41:17,915 | INFO |   Ep 122/300 | Tr loss=0.1427 mae=0.395 r2=0.488 | Vl loss=0.1031 mae=0.331 r2=0.576 | Te loss=0.2295 mae=0.537 r2=0.384 | ES 18/50
  Ep 123/300 | Tr loss=0.1429 mae=0.396 r2=0.489 | Vl loss=0.1033 mae=0.332 r2=0.575 | Te loss=0.2309 mae=0.538 r2=0.377 | ES 19/50
2026-04-29 16:41:30,622 | INFO |   Ep 123/300 | Tr loss=0.1429 mae=0.396 r2=0.489 | Vl loss=0.1033 mae=0.332 r2=0.575 | Te loss=0.2309 mae=0.538 r2=0.377 | ES 19/50
  Ep 124/300 | Tr loss=0.1433 mae=0.397 r2=0.487 | Vl loss=0.1034 mae=0.331 r2=0.575 | Te loss=0.2308 mae=0.538 r2=0.379 | ES 20/50
2026-04-29 16:41:43,281 | INFO |   Ep 124/300 | Tr loss=0.1433 mae=0.397 r2=0.487 | Vl loss=0.1034 mae=0.331 r2=0.575 | Te loss=0.2308 mae=0.538 r2=0.379 | ES 20/50
  Ep 125/300 | Tr loss=0.1432 mae=0.395 r2=0.488 | Vl loss=0.1040 mae=0.334 r2=0.573 | Te loss=0.2359 mae=0.543 r2=0.369 | ES 21/50
2026-04-29 16:41:56,024 | INFO |   Ep 125/300 | Tr loss=0.1432 mae=0.395 r2=0.488 | Vl loss=0.1040 mae=0.334 r2=0.573 | Te loss=0.2359 mae=0.543 r2=0.369 | ES 21/50
  Ep 126/300 | Tr loss=0.1426 mae=0.394 r2=0.491 | Vl loss=0.1040 mae=0.333 r2=0.573 | Te loss=0.2381 mae=0.545 r2=0.358 | ES 22/50
2026-04-29 16:42:08,758 | INFO |   Ep 126/300 | Tr loss=0.1426 mae=0.394 r2=0.491 | Vl loss=0.1040 mae=0.333 r2=0.573 | Te loss=0.2381 mae=0.545 r2=0.358 | ES 22/50
  Ep 127/300 | Tr loss=0.1420 mae=0.393 r2=0.492 | Vl loss=0.1044 mae=0.333 r2=0.572 | Te loss=0.2356 mae=0.543 r2=0.360 | ES 23/50
2026-04-29 16:42:21,522 | INFO |   Ep 127/300 | Tr loss=0.1420 mae=0.393 r2=0.492 | Vl loss=0.1044 mae=0.333 r2=0.572 | Te loss=0.2356 mae=0.543 r2=0.360 | ES 23/50
  Ep 128/300 | Tr loss=0.1427 mae=0.396 r2=0.490 | Vl loss=0.1052 mae=0.339 r2=0.569 | Te loss=0.2413 mae=0.550 r2=0.352 | ES 24/50
2026-04-29 16:42:34,290 | INFO |   Ep 128/300 | Tr loss=0.1427 mae=0.396 r2=0.490 | Vl loss=0.1052 mae=0.339 r2=0.569 | Te loss=0.2413 mae=0.550 r2=0.352 | ES 24/50
  Ep 129/300 | Tr loss=0.1430 mae=0.397 r2=0.489 | Vl loss=0.1038 mae=0.335 r2=0.574 | Te loss=0.2380 mae=0.548 r2=0.357 | ES 25/50
2026-04-29 16:42:47,195 | INFO |   Ep 129/300 | Tr loss=0.1430 mae=0.397 r2=0.489 | Vl loss=0.1038 mae=0.335 r2=0.574 | Te loss=0.2380 mae=0.548 r2=0.357 | ES 25/50
  Ep 130/300 | Tr loss=0.1425 mae=0.395 r2=0.491 | Vl loss=0.1033 mae=0.333 r2=0.576 | Te loss=0.2377 mae=0.547 r2=0.357 | ES 26/50
2026-04-29 16:42:59,894 | INFO |   Ep 130/300 | Tr loss=0.1425 mae=0.395 r2=0.491 | Vl loss=0.1033 mae=0.333 r2=0.576 | Te loss=0.2377 mae=0.547 r2=0.357 | ES 26/50
  Ep 131/300 | Tr loss=0.1433 mae=0.397 r2=0.487 | Vl loss=0.1038 mae=0.334 r2=0.573 | Te loss=0.2281 mae=0.533 r2=0.382 | ES 27/50
2026-04-29 16:43:12,709 | INFO |   Ep 131/300 | Tr loss=0.1433 mae=0.397 r2=0.487 | Vl loss=0.1038 mae=0.334 r2=0.573 | Te loss=0.2281 mae=0.533 r2=0.382 | ES 27/50
  Ep 132/300 | Tr loss=0.1421 mae=0.394 r2=0.492 | Vl loss=0.1041 mae=0.333 r2=0.573 | Te loss=0.2392 mae=0.549 r2=0.354 | ES 28/50
2026-04-29 16:43:25,476 | INFO |   Ep 132/300 | Tr loss=0.1421 mae=0.394 r2=0.492 | Vl loss=0.1041 mae=0.333 r2=0.573 | Te loss=0.2392 mae=0.549 r2=0.354 | ES 28/50
  Ep 133/300 | Tr loss=0.1434 mae=0.396 r2=0.487 | Vl loss=0.1027 mae=0.330 r2=0.578 | Te loss=0.2322 mae=0.539 r2=0.374 | ES 29/50
2026-04-29 16:43:38,250 | INFO |   Ep 133/300 | Tr loss=0.1434 mae=0.396 r2=0.487 | Vl loss=0.1027 mae=0.330 r2=0.578 | Te loss=0.2322 mae=0.539 r2=0.374 | ES 29/50
  Ep 134/300 | Tr loss=0.1421 mae=0.394 r2=0.492 | Vl loss=0.1050 mae=0.339 r2=0.570 | Te loss=0.2376 mae=0.546 r2=0.359 | ES 30/50
2026-04-29 16:43:50,973 | INFO |   Ep 134/300 | Tr loss=0.1421 mae=0.394 r2=0.492 | Vl loss=0.1050 mae=0.339 r2=0.570 | Te loss=0.2376 mae=0.546 r2=0.359 | ES 30/50
  Ep 135/300 | Tr loss=0.1426 mae=0.394 r2=0.490 | Vl loss=0.1035 mae=0.334 r2=0.575 | Te loss=0.2347 mae=0.543 r2=0.369 | ES 31/50
2026-04-29 16:44:03,670 | INFO |   Ep 135/300 | Tr loss=0.1426 mae=0.394 r2=0.490 | Vl loss=0.1035 mae=0.334 r2=0.575 | Te loss=0.2347 mae=0.543 r2=0.369 | ES 31/50
  Ep 136/300 | Tr loss=0.1422 mae=0.394 r2=0.492 | Vl loss=0.1037 mae=0.333 r2=0.574 | Te loss=0.2349 mae=0.544 r2=0.367 | ES 32/50
2026-04-29 16:44:16,448 | INFO |   Ep 136/300 | Tr loss=0.1422 mae=0.394 r2=0.492 | Vl loss=0.1037 mae=0.333 r2=0.574 | Te loss=0.2349 mae=0.544 r2=0.367 | ES 32/50
  Ep 137/300 | Tr loss=0.1412 mae=0.393 r2=0.495 | Vl loss=0.1031 mae=0.332 r2=0.576 | Te loss=0.2327 mae=0.541 r2=0.373 | ES 33/50
2026-04-29 16:44:29,177 | INFO |   Ep 137/300 | Tr loss=0.1412 mae=0.393 r2=0.495 | Vl loss=0.1031 mae=0.332 r2=0.576 | Te loss=0.2327 mae=0.541 r2=0.373 | ES 33/50
  Ep 138/300 | Tr loss=0.1425 mae=0.394 r2=0.490 | Vl loss=0.1033 mae=0.332 r2=0.575 | Te loss=0.2330 mae=0.541 r2=0.374 | ES 34/50
2026-04-29 16:44:41,912 | INFO |   Ep 138/300 | Tr loss=0.1425 mae=0.394 r2=0.490 | Vl loss=0.1033 mae=0.332 r2=0.575 | Te loss=0.2330 mae=0.541 r2=0.374 | ES 34/50
  Ep 139/300 | Tr loss=0.1418 mae=0.392 r2=0.494 | Vl loss=0.1040 mae=0.331 r2=0.574 | Te loss=0.2315 mae=0.536 r2=0.374 | ES 35/50
2026-04-29 16:44:54,658 | INFO |   Ep 139/300 | Tr loss=0.1418 mae=0.392 r2=0.494 | Vl loss=0.1040 mae=0.331 r2=0.574 | Te loss=0.2315 mae=0.536 r2=0.374 | ES 35/50
  Ep 140/300 | Tr loss=0.1418 mae=0.393 r2=0.493 | Vl loss=0.1036 mae=0.330 r2=0.575 | Te loss=0.2319 mae=0.538 r2=0.375 | ES 36/50
2026-04-29 16:45:07,430 | INFO |   Ep 140/300 | Tr loss=0.1418 mae=0.393 r2=0.493 | Vl loss=0.1036 mae=0.330 r2=0.575 | Te loss=0.2319 mae=0.538 r2=0.375 | ES 36/50
  Ep 141/300 | Tr loss=0.1415 mae=0.392 r2=0.494 | Vl loss=0.1040 mae=0.332 r2=0.573 | Te loss=0.2326 mae=0.539 r2=0.375 | ES 37/50
2026-04-29 16:45:20,147 | INFO |   Ep 141/300 | Tr loss=0.1415 mae=0.392 r2=0.494 | Vl loss=0.1040 mae=0.332 r2=0.573 | Te loss=0.2326 mae=0.539 r2=0.375 | ES 37/50
  Ep 142/300 | Tr loss=0.1422 mae=0.393 r2=0.492 | Vl loss=0.1043 mae=0.335 r2=0.572 | Te loss=0.2369 mae=0.546 r2=0.363 | ES 38/50
2026-04-29 16:45:32,956 | INFO |   Ep 142/300 | Tr loss=0.1422 mae=0.393 r2=0.492 | Vl loss=0.1043 mae=0.335 r2=0.572 | Te loss=0.2369 mae=0.546 r2=0.363 | ES 38/50
  Ep 143/300 | Tr loss=0.1420 mae=0.394 r2=0.492 | Vl loss=0.1040 mae=0.332 r2=0.574 | Te loss=0.2313 mae=0.537 r2=0.374 | ES 39/50
2026-04-29 16:45:45,682 | INFO |   Ep 143/300 | Tr loss=0.1420 mae=0.394 r2=0.492 | Vl loss=0.1040 mae=0.332 r2=0.574 | Te loss=0.2313 mae=0.537 r2=0.374 | ES 39/50
  Ep 144/300 | Tr loss=0.1421 mae=0.392 r2=0.492 | Vl loss=0.1027 mae=0.330 r2=0.577 | Te loss=0.2302 mae=0.535 r2=0.379 | ES 40/50
2026-04-29 16:45:58,409 | INFO |   Ep 144/300 | Tr loss=0.1421 mae=0.392 r2=0.492 | Vl loss=0.1027 mae=0.330 r2=0.577 | Te loss=0.2302 mae=0.535 r2=0.379 | ES 40/50
  Ep 145/300 | Tr loss=0.1423 mae=0.395 r2=0.492 | Vl loss=0.1034 mae=0.331 r2=0.575 | Te loss=0.2335 mae=0.542 r2=0.369 | ES 41/50
2026-04-29 16:46:11,145 | INFO |   Ep 145/300 | Tr loss=0.1423 mae=0.395 r2=0.492 | Vl loss=0.1034 mae=0.331 r2=0.575 | Te loss=0.2335 mae=0.542 r2=0.369 | ES 41/50
  Ep 146/300 | Tr loss=0.1417 mae=0.393 r2=0.494 | Vl loss=0.1031 mae=0.331 r2=0.577 | Te loss=0.2339 mae=0.541 r2=0.369 | ES 42/50
2026-04-29 16:46:23,875 | INFO |   Ep 146/300 | Tr loss=0.1417 mae=0.393 r2=0.494 | Vl loss=0.1031 mae=0.331 r2=0.577 | Te loss=0.2339 mae=0.541 r2=0.369 | ES 42/50
  Ep 147/300 | Tr loss=0.1413 mae=0.392 r2=0.495 | Vl loss=0.1067 mae=0.344 r2=0.563 | Te loss=0.2422 mae=0.552 r2=0.353 | ES 43/50
2026-04-29 16:46:36,702 | INFO |   Ep 147/300 | Tr loss=0.1413 mae=0.392 r2=0.495 | Vl loss=0.1067 mae=0.344 r2=0.563 | Te loss=0.2422 mae=0.552 r2=0.353 | ES 43/50
  Ep 148/300 | Tr loss=0.1424 mae=0.394 r2=0.491 | Vl loss=0.1042 mae=0.335 r2=0.572 | Te loss=0.2364 mae=0.545 r2=0.364 | ES 44/50
2026-04-29 16:46:49,489 | INFO |   Ep 148/300 | Tr loss=0.1424 mae=0.394 r2=0.491 | Vl loss=0.1042 mae=0.335 r2=0.572 | Te loss=0.2364 mae=0.545 r2=0.364 | ES 44/50
  Ep 149/300 | Tr loss=0.1416 mae=0.392 r2=0.494 | Vl loss=0.1045 mae=0.337 r2=0.571 | Te loss=0.2373 mae=0.547 r2=0.364 | ES 45/50
2026-04-29 16:47:02,281 | INFO |   Ep 149/300 | Tr loss=0.1416 mae=0.392 r2=0.494 | Vl loss=0.1045 mae=0.337 r2=0.571 | Te loss=0.2373 mae=0.547 r2=0.364 | ES 45/50
  Ep 150/300 | Tr loss=0.1418 mae=0.393 r2=0.493 | Vl loss=0.1050 mae=0.338 r2=0.570 | Te loss=0.2404 mae=0.550 r2=0.355 | ES 46/50
2026-04-29 16:47:15,152 | INFO |   Ep 150/300 | Tr loss=0.1418 mae=0.393 r2=0.493 | Vl loss=0.1050 mae=0.338 r2=0.570 | Te loss=0.2404 mae=0.550 r2=0.355 | ES 46/50
  Ep 151/300 | Tr loss=0.1405 mae=0.391 r2=0.498 | Vl loss=0.1042 mae=0.335 r2=0.572 | Te loss=0.2379 mae=0.547 r2=0.361 | ES 47/50
2026-04-29 16:47:28,052 | INFO |   Ep 151/300 | Tr loss=0.1405 mae=0.391 r2=0.498 | Vl loss=0.1042 mae=0.335 r2=0.572 | Te loss=0.2379 mae=0.547 r2=0.361 | ES 47/50
  Ep 152/300 | Tr loss=0.1420 mae=0.393 r2=0.492 | Vl loss=0.1038 mae=0.334 r2=0.574 | Te loss=0.2353 mae=0.544 r2=0.367 | ES 48/50
2026-04-29 16:47:40,890 | INFO |   Ep 152/300 | Tr loss=0.1420 mae=0.393 r2=0.492 | Vl loss=0.1038 mae=0.334 r2=0.574 | Te loss=0.2353 mae=0.544 r2=0.367 | ES 48/50
  Ep 153/300 | Tr loss=0.1420 mae=0.394 r2=0.492 | Vl loss=0.1046 mae=0.337 r2=0.571 | Te loss=0.2349 mae=0.544 r2=0.370 | ES 49/50
2026-04-29 16:47:53,780 | INFO |   Ep 153/300 | Tr loss=0.1420 mae=0.394 r2=0.492 | Vl loss=0.1046 mae=0.337 r2=0.571 | Te loss=0.2349 mae=0.544 r2=0.370 | ES 49/50
  Ep 154/300 | Tr loss=0.1416 mae=0.393 r2=0.494 | Vl loss=0.1040 mae=0.337 r2=0.573 | Te loss=0.2356 mae=0.546 r2=0.366 | ES 50/50
2026-04-29 16:48:06,654 | INFO |   Ep 154/300 | Tr loss=0.1416 mae=0.393 r2=0.494 | Vl loss=0.1040 mae=0.337 r2=0.573 | Te loss=0.2356 mae=0.546 r2=0.366 | ES 50/50

  ⏹  Early stopping at epoch 154 (best=104)
2026-04-29 16:48:06,654 | INFO | Early stopping at epoch 154 best=104

✓ Training complete!

  ── Final Test Results (best epoch = 104) ──────────────────
  Loss : 0.2339
  RMSE : 0.7308
  MAE  : 0.5369
  R²   : 0.3651
  ✓ Saved → /mvdlph/masa/GCN_SingleView_Regression_Results/plots/loss_curve.png
  ✓ Saved → /mvdlph/masa/GCN_SingleView_Regression_Results/plots/rmse_mae.png
  ✓ Saved → /mvdlph/masa/GCN_SingleView_Regression_Results/plots/r2_curve.png
  ✓ Saved → /mvdlph/masa/GCN_SingleView_Regression_Results/plots/regression_scatter_test.png
  ✓ Saved → /mvdlph/masa/GCN_SingleView_Regression_Results/plots/early_stopping.png
  ✓ History → /mvdlph/masa/GCN_SingleView_Regression_Results/logs/training_history.json
============================================================
DIAGNOSTIC 1: Per-exercise skeleton variance (C0)
============================================================
  Exercise      X-var      Y-var      Z-var  Z/X ratio
-------------------------------------------------------
        E0     0.0410     0.0595     0.0066      0.161
        E1     0.0453     0.0614     0.0069      0.151
        E2     0.0427     0.0633     0.0079      0.185
        E3     0.0430     0.0608     0.0068      0.159
        E4     0.0427     0.0610     0.0070      0.163
        E5     0.0420     0.0610     0.0070      0.166
        E6     0.0376     0.0591     0.0059      0.157
        E7     0.0469     0.0682     0.0086      0.183
        E8     0.0487     0.0654     0.0081      0.165
        E9     0.0485     0.0687     0.0092      0.190

============================================================
DIAGNOSTIC 2: Quality score distribution per split
============================================================
 Train: mean=4.166 std=0.764 min=1.58 max=5.00 | correct=1983 erroneous=1132
   Val: mean=4.184 std=0.716 min=2.28 max=5.00 | correct=633 erroneous=291
  Test: mean=3.923 std=0.918 min=1.34 max=5.00 | correct=654 erroneous=408
============================================================
  TRAINING SUMMARY — ST-GCN Regression (Single View)
============================================================
  Best Epoch       : 104  (stopped at 154)
  Best Val MAE     : 0.3278
  Best Val RMSE    : 0.4667
  Best Val R²      : 0.5751
────────────────────────────────────────────────────────────
  Test MAE         : 0.5369
  Test RMSE        : 0.7308
  Test R²          : 0.3651
============================================================
2026-04-29 16:48:11,821 | INFO | Best Epoch=104  stopped_epoch=154
2026-04-29 16:48:11,821 | INFO | Test MAE=0.5369
2026-04-29 16:48:11,821 | INFO | Test RMSE=0.7308
2026-04-29 16:48:11,821 | INFO | Test R²=0.3651

✓ Summary CSV saved → /mvdlph/masa/GCN_SingleView_Regression_Results/training_summary.csv
2026-04-29 16:48:11,824 | INFO | ✓ All done!
