✓ stdout → also writing to /mvdlph/masa/GCN_SingleView_Regression_Results/logs/training_20260430_102544.log
2026-04-30 10:25:44,574 | INFO | ======================================================================
2026-04-30 10:25:44,575 | INFO | ST-GCN Single-View Regression | BZU Physiotherapy Dataset
2026-04-30 10:25:44,575 | INFO | Camera : C1  |  Split : 70/15/15  |  Epochs : 300  |  Patience : 50
2026-04-30 10:25:44,575 | INFO | Log file : /mvdlph/masa/GCN_SingleView_Regression_Results/logs/training_20260430_102544.log
2026-04-30 10:25:44,575 | INFO | ======================================================================
✓ parse_filename and load_skeleton defined
NPZ files found (all cameras) : 15375

✓ Total samples  (C1) : 5102
✓ Unique trials              : 61
✓ Quality mean ± std         : 4.118 ± 0.797

✓ Exercise distribution:
0    588
1    539
2    445
3    545
4    533
5    516
6    529
7    532
8    430
9    445
Name: exercise, dtype: int64
Checking for corrupted files...
  Removing 1 corrupted files from index
    BAD: /mvdlph/Dataset_CVDLPT_Videos_Segments_P0P15_MMPose_human3d_motionbert_H36M_3D_1_2026/E4_P12_T3_C1_seg5_MMPose_human3d_motionbert_3D.npz
  Clean samples remaining: 5101

── Sample rows ──
    exercise person trial_id  segment  quality
0          0     P0       T0        0   4.3667
1          0     P0       T0        1   4.3667
2          0     P0       T0        2   4.3667
3          0     P0       T0        3   4.3667
4          0     P0       T0        4   4.3667
5          0     P0       T0        5   4.3667
6          0     P0       T0        6   4.3667
7          0     P0       T0        7   4.3667
8          0     P0       T0        8   4.3667
9          0     P0       T0        9   4.3667
10         0     P0       T1        0   4.2600
11         0     P0       T1        1   4.2600
12         0     P0       T1        2   4.2600
13         0     P0       T1        3   4.2600
14         0     P0       T1        4   4.2600
1    5101
Name: camera, dtype: int64

Total samples: 5101
✓ Skeleton visualisation helpers defined
person                                                     P0
exercise                                                    0
trial_id                                                   T1
segment                                                     0
filepath    /mvdlph/Dataset_CVDLPT_Videos_Segments_P0P15_M...
Name: 10, dtype: object
Skeleton shape : (78, 17, 3)
X range : [-0.369, 0.592]
Y range : [0.000, 0.994]
Z range : [-0.193, 0.198]
  ✓ Skeleton plot saved → /mvdlph/masa/GCN_SingleView_Regression_Results/plots/sample_skeleton_3views.png
  ✓ Motion frames saved → /mvdlph/masa/GCN_SingleView_Regression_Results/plots/sample_skeleton_motion.png
Axis ranges across all frames:
X: [-0.369, 0.592] — likely left/right
Y: [0.000, 0.994] — likely ???
Z: [-0.193, 0.198] — likely height

Hip  mean XYZ: [0.         0.32506496 0.        ]
Head mean XYZ: [-0.14453253  0.96798235 -0.18355224]

Difference (head - hip): [-0.14453253  0.6429174  -0.18355224]
✓ BZUDataset defined (regression only)
✓ ST-GCN regression model defined
Device : cuda
GPU    : Tesla V100-PCIE-32GB
✓ centre_and_scale and run_epoch (regression) defined

Persons → train=10, val=3, test=3
Samples → train=3115, val=924, test=1062
  Train: mean=4.166 std=0.764 min=1.58 max=5.00
  Val: mean=4.184 std=0.716 min=2.28 max=5.00
  Test: mean=3.923 std=0.918 min=1.34 max=5.00

✓ Train / Val / Test split ready
✓ Plotting helpers (regression) defined
✓ EarlyStopping defined (monitoring MAE)
2026-04-30 10:25:55,771 | INFO | ======================================================================
2026-04-30 10:25:55,772 | INFO | STARTING REGRESSION TRAINING  (with Early Stopping on MAE)
2026-04-30 10:25:55,772 | INFO | ======================================================================
2026-04-30 10:25:55,772 | INFO | train=3115 val=924 test=1062

════════════════════════════════════════════════════════════════════
  Camera C1  |  Train: 3115  Val: 924  Test: 1062
  Patience: 50  |  LR: 0.0003  |  Batch: 48
════════════════════════════════════════════════════════════════════
  Ep   1/300 | Tr loss=0.3938 mae=0.719 r2=-0.744 | Vl loss=0.1719 mae=0.485 r2=0.304 | Te loss=0.3265 mae=0.662 r2=0.109 | ES 0/50 ★
2026-04-30 10:26:09,488 | INFO |   Ep   1/300 | Tr loss=0.3938 mae=0.719 r2=-0.744 | Vl loss=0.1719 mae=0.485 r2=0.304 | Te loss=0.3265 mae=0.662 r2=0.109 | ES 0/50 ★
    ★ val_mae=0.4845  rmse=0.5972  r2=0.3042
  Ep   2/300 | Tr loss=0.2092 mae=0.505 r2=0.224 | Vl loss=0.1535 mae=0.470 r2=0.385 | Te loss=0.2887 mae=0.632 r2=0.259 | ES 0/50 ★
2026-04-30 10:26:22,275 | INFO |   Ep   2/300 | Tr loss=0.2092 mae=0.505 r2=0.224 | Vl loss=0.1535 mae=0.470 r2=0.385 | Te loss=0.2887 mae=0.632 r2=0.259 | ES 0/50 ★
    ★ val_mae=0.4696  rmse=0.5615  r2=0.3848
  Ep   3/300 | Tr loss=0.1930 mae=0.486 r2=0.298 | Vl loss=0.1565 mae=0.475 r2=0.367 | Te loss=0.2868 mae=0.631 r2=0.270 | ES 1/50
2026-04-30 10:26:34,945 | INFO |   Ep   3/300 | Tr loss=0.1930 mae=0.486 r2=0.298 | Vl loss=0.1565 mae=0.475 r2=0.367 | Te loss=0.2868 mae=0.631 r2=0.270 | ES 1/50
  Ep   4/300 | Tr loss=0.1891 mae=0.482 r2=0.316 | Vl loss=0.1538 mae=0.471 r2=0.383 | Te loss=0.2874 mae=0.632 r2=0.263 | ES 2/50
2026-04-30 10:26:47,628 | INFO |   Ep   4/300 | Tr loss=0.1891 mae=0.482 r2=0.316 | Vl loss=0.1538 mae=0.471 r2=0.383 | Te loss=0.2874 mae=0.632 r2=0.263 | ES 2/50
  Ep   5/300 | Tr loss=0.1859 mae=0.475 r2=0.327 | Vl loss=0.1537 mae=0.470 r2=0.385 | Te loss=0.2901 mae=0.633 r2=0.253 | ES 3/50
2026-04-30 10:27:00,272 | INFO |   Ep   5/300 | Tr loss=0.1859 mae=0.475 r2=0.327 | Vl loss=0.1537 mae=0.470 r2=0.385 | Te loss=0.2901 mae=0.633 r2=0.253 | ES 3/50
  Ep   6/300 | Tr loss=0.1854 mae=0.475 r2=0.331 | Vl loss=0.1551 mae=0.473 r2=0.375 | Te loss=0.2863 mae=0.631 r2=0.270 | ES 4/50
2026-04-30 10:27:13,015 | INFO |   Ep   6/300 | Tr loss=0.1854 mae=0.475 r2=0.331 | Vl loss=0.1551 mae=0.473 r2=0.375 | Te loss=0.2863 mae=0.631 r2=0.270 | ES 4/50
  Ep   7/300 | Tr loss=0.1825 mae=0.472 r2=0.343 | Vl loss=0.1409 mae=0.438 r2=0.434 | Te loss=0.2792 mae=0.610 r2=0.274 | ES 0/50 ★
2026-04-30 10:27:25,877 | INFO |   Ep   7/300 | Tr loss=0.1825 mae=0.472 r2=0.343 | Vl loss=0.1409 mae=0.438 r2=0.434 | Te loss=0.2792 mae=0.610 r2=0.274 | ES 0/50 ★
    ★ val_mae=0.4385  rmse=0.5386  r2=0.4341
  Ep   8/300 | Tr loss=0.1832 mae=0.471 r2=0.341 | Vl loss=0.1494 mae=0.460 r2=0.399 | Te loss=0.2842 mae=0.624 r2=0.271 | ES 1/50
2026-04-30 10:27:38,583 | INFO |   Ep   8/300 | Tr loss=0.1832 mae=0.471 r2=0.341 | Vl loss=0.1494 mae=0.460 r2=0.399 | Te loss=0.2842 mae=0.624 r2=0.271 | ES 1/50
  Ep   9/300 | Tr loss=0.1740 mae=0.455 r2=0.370 | Vl loss=0.1056 mae=0.347 r2=0.562 | Te loss=0.2206 mae=0.536 r2=0.415 | ES 0/50 ★
2026-04-30 10:27:51,414 | INFO |   Ep   9/300 | Tr loss=0.1740 mae=0.455 r2=0.370 | Vl loss=0.1056 mae=0.347 r2=0.562 | Te loss=0.2206 mae=0.536 r2=0.415 | ES 0/50 ★
    ★ val_mae=0.3472  rmse=0.4740  r2=0.5617
  Ep  10/300 | Tr loss=0.1740 mae=0.450 r2=0.374 | Vl loss=0.1376 mae=0.431 r2=0.439 | Te loss=0.2663 mae=0.595 r2=0.318 | ES 1/50
2026-04-30 10:28:04,086 | INFO |   Ep  10/300 | Tr loss=0.1740 mae=0.450 r2=0.374 | Vl loss=0.1376 mae=0.431 r2=0.439 | Te loss=0.2663 mae=0.595 r2=0.318 | ES 1/50
  Ep  11/300 | Tr loss=0.1641 mae=0.436 r2=0.412 | Vl loss=0.1066 mae=0.347 r2=0.560 | Te loss=0.2213 mae=0.538 r2=0.407 | ES 2/50
2026-04-30 10:28:16,807 | INFO |   Ep  11/300 | Tr loss=0.1641 mae=0.436 r2=0.412 | Vl loss=0.1066 mae=0.347 r2=0.560 | Te loss=0.2213 mae=0.538 r2=0.407 | ES 2/50
  Ep  12/300 | Tr loss=0.1625 mae=0.432 r2=0.415 | Vl loss=0.1063 mae=0.347 r2=0.557 | Te loss=0.2188 mae=0.534 r2=0.421 | ES 0/50 ★
2026-04-30 10:28:29,608 | INFO |   Ep  12/300 | Tr loss=0.1625 mae=0.432 r2=0.415 | Vl loss=0.1063 mae=0.347 r2=0.557 | Te loss=0.2188 mae=0.534 r2=0.421 | ES 0/50 ★
    ★ val_mae=0.3470  rmse=0.4763  r2=0.5574
  Ep  13/300 | Tr loss=0.1582 mae=0.423 r2=0.431 | Vl loss=0.1056 mae=0.344 r2=0.564 | Te loss=0.2238 mae=0.538 r2=0.399 | ES 0/50 ★
2026-04-30 10:28:42,291 | INFO |   Ep  13/300 | Tr loss=0.1582 mae=0.423 r2=0.431 | Vl loss=0.1056 mae=0.344 r2=0.564 | Te loss=0.2238 mae=0.538 r2=0.399 | ES 0/50 ★
    ★ val_mae=0.3436  rmse=0.4725  r2=0.5645
  Ep  14/300 | Tr loss=0.1570 mae=0.423 r2=0.436 | Vl loss=0.1062 mae=0.343 r2=0.563 | Te loss=0.2278 mae=0.540 r2=0.385 | ES 0/50 ★
2026-04-30 10:28:55,054 | INFO |   Ep  14/300 | Tr loss=0.1570 mae=0.423 r2=0.436 | Vl loss=0.1062 mae=0.343 r2=0.563 | Te loss=0.2278 mae=0.540 r2=0.385 | ES 0/50 ★
    ★ val_mae=0.3433  rmse=0.4734  r2=0.5628
  Ep  15/300 | Tr loss=0.1548 mae=0.417 r2=0.443 | Vl loss=0.1060 mae=0.347 r2=0.559 | Te loss=0.2195 mae=0.534 r2=0.420 | ES 1/50
2026-04-30 10:29:07,739 | INFO |   Ep  15/300 | Tr loss=0.1548 mae=0.417 r2=0.443 | Vl loss=0.1060 mae=0.347 r2=0.559 | Te loss=0.2195 mae=0.534 r2=0.420 | ES 1/50
  Ep  16/300 | Tr loss=0.1560 mae=0.418 r2=0.438 | Vl loss=0.1230 mae=0.397 r2=0.491 | Te loss=0.2173 mae=0.544 r2=0.421 | ES 2/50
2026-04-30 10:29:20,448 | INFO |   Ep  16/300 | Tr loss=0.1560 mae=0.418 r2=0.438 | Vl loss=0.1230 mae=0.397 r2=0.491 | Te loss=0.2173 mae=0.544 r2=0.421 | ES 2/50
  Ep  17/300 | Tr loss=0.1545 mae=0.418 r2=0.445 | Vl loss=0.1129 mae=0.365 r2=0.535 | Te loss=0.2191 mae=0.537 r2=0.410 | ES 3/50
2026-04-30 10:29:33,188 | INFO |   Ep  17/300 | Tr loss=0.1545 mae=0.418 r2=0.445 | Vl loss=0.1129 mae=0.365 r2=0.535 | Te loss=0.2191 mae=0.537 r2=0.410 | ES 3/50
  Ep  18/300 | Tr loss=0.1557 mae=0.418 r2=0.439 | Vl loss=0.1224 mae=0.398 r2=0.498 | Te loss=0.2208 mae=0.547 r2=0.406 | ES 4/50
2026-04-30 10:29:45,926 | INFO |   Ep  18/300 | Tr loss=0.1557 mae=0.418 r2=0.439 | Vl loss=0.1224 mae=0.398 r2=0.498 | Te loss=0.2208 mae=0.547 r2=0.406 | ES 4/50
  Ep  19/300 | Tr loss=0.1519 mae=0.413 r2=0.455 | Vl loss=0.1108 mae=0.360 r2=0.543 | Te loss=0.2189 mae=0.536 r2=0.412 | ES 5/50
2026-04-30 10:29:58,673 | INFO |   Ep  19/300 | Tr loss=0.1519 mae=0.413 r2=0.455 | Vl loss=0.1108 mae=0.360 r2=0.543 | Te loss=0.2189 mae=0.536 r2=0.412 | ES 5/50
  Ep  20/300 | Tr loss=0.1539 mae=0.417 r2=0.447 | Vl loss=0.1106 mae=0.361 r2=0.543 | Te loss=0.2173 mae=0.533 r2=0.418 | ES 6/50
2026-04-30 10:30:11,395 | INFO |   Ep  20/300 | Tr loss=0.1539 mae=0.417 r2=0.447 | Vl loss=0.1106 mae=0.361 r2=0.543 | Te loss=0.2173 mae=0.533 r2=0.418 | ES 6/50
  Ep  21/300 | Tr loss=0.1527 mae=0.413 r2=0.451 | Vl loss=0.1048 mae=0.342 r2=0.567 | Te loss=0.2210 mae=0.532 r2=0.411 | ES 0/50 ★
2026-04-30 10:30:24,051 | INFO |   Ep  21/300 | Tr loss=0.1527 mae=0.413 r2=0.451 | Vl loss=0.1048 mae=0.342 r2=0.567 | Te loss=0.2210 mae=0.532 r2=0.411 | ES 0/50 ★
    ★ val_mae=0.3424  rmse=0.4710  r2=0.5671
  Ep  22/300 | Tr loss=0.1518 mae=0.413 r2=0.454 | Vl loss=0.1472 mae=0.467 r2=0.401 | Te loss=0.2305 mae=0.573 r2=0.381 | ES 1/50
2026-04-30 10:30:36,762 | INFO |   Ep  22/300 | Tr loss=0.1518 mae=0.413 r2=0.454 | Vl loss=0.1472 mae=0.467 r2=0.401 | Te loss=0.2305 mae=0.573 r2=0.381 | ES 1/50
  Ep  23/300 | Tr loss=0.1511 mae=0.411 r2=0.457 | Vl loss=0.1178 mae=0.387 r2=0.516 | Te loss=0.2186 mae=0.539 r2=0.412 | ES 2/50
2026-04-30 10:30:49,581 | INFO |   Ep  23/300 | Tr loss=0.1511 mae=0.411 r2=0.457 | Vl loss=0.1178 mae=0.387 r2=0.516 | Te loss=0.2186 mae=0.539 r2=0.412 | ES 2/50
  Ep  24/300 | Tr loss=0.1521 mae=0.413 r2=0.453 | Vl loss=0.1338 mae=0.436 r2=0.453 | Te loss=0.2224 mae=0.556 r2=0.403 | ES 3/50
2026-04-30 10:31:02,366 | INFO |   Ep  24/300 | Tr loss=0.1521 mae=0.413 r2=0.453 | Vl loss=0.1338 mae=0.436 r2=0.453 | Te loss=0.2224 mae=0.556 r2=0.403 | ES 3/50
  Ep  25/300 | Tr loss=0.1503 mae=0.413 r2=0.460 | Vl loss=0.1156 mae=0.377 r2=0.528 | Te loss=0.2459 mae=0.558 r2=0.359 | ES 4/50
2026-04-30 10:31:15,043 | INFO |   Ep  25/300 | Tr loss=0.1503 mae=0.413 r2=0.460 | Vl loss=0.1156 mae=0.377 r2=0.528 | Te loss=0.2459 mae=0.558 r2=0.359 | ES 4/50
  Ep  26/300 | Tr loss=0.1517 mae=0.412 r2=0.455 | Vl loss=0.1042 mae=0.341 r2=0.569 | Te loss=0.2200 mae=0.530 r2=0.416 | ES 0/50 ★
2026-04-30 10:31:27,753 | INFO |   Ep  26/300 | Tr loss=0.1517 mae=0.412 r2=0.455 | Vl loss=0.1042 mae=0.341 r2=0.569 | Te loss=0.2200 mae=0.530 r2=0.416 | ES 0/50 ★
    ★ val_mae=0.3412  rmse=0.4701  r2=0.5688
  Ep  27/300 | Tr loss=0.1512 mae=0.411 r2=0.457 | Vl loss=0.1053 mae=0.345 r2=0.564 | Te loss=0.2209 mae=0.535 r2=0.412 | ES 1/50
2026-04-30 10:31:40,433 | INFO |   Ep  27/300 | Tr loss=0.1512 mae=0.411 r2=0.457 | Vl loss=0.1053 mae=0.345 r2=0.564 | Te loss=0.2209 mae=0.535 r2=0.412 | ES 1/50
  Ep  28/300 | Tr loss=0.1506 mae=0.410 r2=0.459 | Vl loss=0.1123 mae=0.368 r2=0.537 | Te loss=0.2177 mae=0.535 r2=0.416 | ES 2/50
2026-04-30 10:31:53,154 | INFO |   Ep  28/300 | Tr loss=0.1506 mae=0.410 r2=0.459 | Vl loss=0.1123 mae=0.368 r2=0.537 | Te loss=0.2177 mae=0.535 r2=0.416 | ES 2/50
  Ep  29/300 | Tr loss=0.1493 mae=0.408 r2=0.463 | Vl loss=0.1129 mae=0.371 r2=0.533 | Te loss=0.2161 mae=0.533 r2=0.422 | ES 3/50
2026-04-30 10:32:05,897 | INFO |   Ep  29/300 | Tr loss=0.1493 mae=0.408 r2=0.463 | Vl loss=0.1129 mae=0.371 r2=0.533 | Te loss=0.2161 mae=0.533 r2=0.422 | ES 3/50
  Ep  30/300 | Tr loss=0.1512 mae=0.411 r2=0.458 | Vl loss=0.1262 mae=0.416 r2=0.482 | Te loss=0.2202 mae=0.548 r2=0.408 | ES 4/50
2026-04-30 10:32:18,633 | INFO |   Ep  30/300 | Tr loss=0.1512 mae=0.411 r2=0.458 | Vl loss=0.1262 mae=0.416 r2=0.482 | Te loss=0.2202 mae=0.548 r2=0.408 | ES 4/50
  Ep  31/300 | Tr loss=0.1508 mae=0.410 r2=0.458 | Vl loss=0.1281 mae=0.410 r2=0.481 | Te loss=0.2629 mae=0.584 r2=0.319 | ES 5/50
2026-04-30 10:32:31,420 | INFO |   Ep  31/300 | Tr loss=0.1508 mae=0.410 r2=0.458 | Vl loss=0.1281 mae=0.410 r2=0.481 | Te loss=0.2629 mae=0.584 r2=0.319 | ES 5/50
  Ep  32/300 | Tr loss=0.1495 mae=0.410 r2=0.462 | Vl loss=0.1238 mae=0.407 r2=0.493 | Te loss=0.2225 mae=0.548 r2=0.399 | ES 6/50
2026-04-30 10:32:44,135 | INFO |   Ep  32/300 | Tr loss=0.1495 mae=0.410 r2=0.462 | Vl loss=0.1238 mae=0.407 r2=0.493 | Te loss=0.2225 mae=0.548 r2=0.399 | ES 6/50
  Ep  33/300 | Tr loss=0.1514 mae=0.411 r2=0.456 | Vl loss=0.1068 mae=0.347 r2=0.560 | Te loss=0.2220 mae=0.533 r2=0.402 | ES 7/50
2026-04-30 10:32:56,943 | INFO |   Ep  33/300 | Tr loss=0.1514 mae=0.411 r2=0.456 | Vl loss=0.1068 mae=0.347 r2=0.560 | Te loss=0.2220 mae=0.533 r2=0.402 | ES 7/50
  Ep  34/300 | Tr loss=0.1492 mae=0.406 r2=0.462 | Vl loss=0.1329 mae=0.436 r2=0.455 | Te loss=0.2197 mae=0.551 r2=0.412 | ES 8/50
2026-04-30 10:33:09,721 | INFO |   Ep  34/300 | Tr loss=0.1492 mae=0.406 r2=0.462 | Vl loss=0.1329 mae=0.436 r2=0.455 | Te loss=0.2197 mae=0.551 r2=0.412 | ES 8/50
  Ep  35/300 | Tr loss=0.1500 mae=0.408 r2=0.462 | Vl loss=0.1062 mae=0.349 r2=0.562 | Te loss=0.2288 mae=0.537 r2=0.399 | ES 9/50
2026-04-30 10:33:22,426 | INFO |   Ep  35/300 | Tr loss=0.1500 mae=0.408 r2=0.462 | Vl loss=0.1062 mae=0.349 r2=0.562 | Te loss=0.2288 mae=0.537 r2=0.399 | ES 9/50
  Ep  36/300 | Tr loss=0.1492 mae=0.409 r2=0.465 | Vl loss=0.1047 mae=0.344 r2=0.566 | Te loss=0.2233 mae=0.533 r2=0.412 | ES 10/50
2026-04-30 10:33:35,248 | INFO |   Ep  36/300 | Tr loss=0.1492 mae=0.409 r2=0.465 | Vl loss=0.1047 mae=0.344 r2=0.566 | Te loss=0.2233 mae=0.533 r2=0.412 | ES 10/50
  Ep  37/300 | Tr loss=0.1502 mae=0.409 r2=0.460 | Vl loss=0.1036 mae=0.338 r2=0.573 | Te loss=0.2232 mae=0.530 r2=0.407 | ES 0/50 ★
2026-04-30 10:33:48,180 | INFO |   Ep  37/300 | Tr loss=0.1502 mae=0.409 r2=0.460 | Vl loss=0.1036 mae=0.338 r2=0.573 | Te loss=0.2232 mae=0.530 r2=0.407 | ES 0/50 ★
    ★ val_mae=0.3377  rmse=0.4680  r2=0.5727
  Ep  38/300 | Tr loss=0.1485 mae=0.406 r2=0.466 | Vl loss=0.1048 mae=0.342 r2=0.569 | Te loss=0.2283 mae=0.536 r2=0.393 | ES 1/50
2026-04-30 10:34:00,985 | INFO |   Ep  38/300 | Tr loss=0.1485 mae=0.406 r2=0.466 | Vl loss=0.1048 mae=0.342 r2=0.569 | Te loss=0.2283 mae=0.536 r2=0.393 | ES 1/50
  Ep  39/300 | Tr loss=0.1484 mae=0.408 r2=0.467 | Vl loss=0.1133 mae=0.376 r2=0.532 | Te loss=0.2144 mae=0.530 r2=0.426 | ES 2/50
2026-04-30 10:34:14,060 | INFO |   Ep  39/300 | Tr loss=0.1484 mae=0.408 r2=0.467 | Vl loss=0.1133 mae=0.376 r2=0.532 | Te loss=0.2144 mae=0.530 r2=0.426 | ES 2/50
  Ep  40/300 | Tr loss=0.1500 mae=0.409 r2=0.462 | Vl loss=0.1393 mae=0.437 r2=0.440 | Te loss=0.2771 mae=0.609 r2=0.282 | ES 3/50
2026-04-30 10:34:26,756 | INFO |   Ep  40/300 | Tr loss=0.1500 mae=0.409 r2=0.462 | Vl loss=0.1393 mae=0.437 r2=0.440 | Te loss=0.2771 mae=0.609 r2=0.282 | ES 3/50
  Ep  41/300 | Tr loss=0.1504 mae=0.409 r2=0.460 | Vl loss=0.1083 mae=0.352 r2=0.552 | Te loss=0.2195 mae=0.536 r2=0.412 | ES 4/50
2026-04-30 10:34:39,510 | INFO |   Ep  41/300 | Tr loss=0.1504 mae=0.409 r2=0.460 | Vl loss=0.1083 mae=0.352 r2=0.552 | Te loss=0.2195 mae=0.536 r2=0.412 | ES 4/50
  Ep  42/300 | Tr loss=0.1499 mae=0.410 r2=0.463 | Vl loss=0.1069 mae=0.348 r2=0.559 | Te loss=0.2202 mae=0.536 r2=0.410 | ES 5/50
2026-04-30 10:34:52,310 | INFO |   Ep  42/300 | Tr loss=0.1499 mae=0.410 r2=0.463 | Vl loss=0.1069 mae=0.348 r2=0.559 | Te loss=0.2202 mae=0.536 r2=0.410 | ES 5/50
  Ep  43/300 | Tr loss=0.1497 mae=0.411 r2=0.463 | Vl loss=0.1117 mae=0.362 r2=0.540 | Te loss=0.2196 mae=0.537 r2=0.409 | ES 6/50
2026-04-30 10:35:05,210 | INFO |   Ep  43/300 | Tr loss=0.1497 mae=0.411 r2=0.463 | Vl loss=0.1117 mae=0.362 r2=0.540 | Te loss=0.2196 mae=0.537 r2=0.409 | ES 6/50
  Ep  44/300 | Tr loss=0.1489 mae=0.407 r2=0.465 | Vl loss=0.1111 mae=0.362 r2=0.541 | Te loss=0.2170 mae=0.534 r2=0.419 | ES 7/50
2026-04-30 10:35:18,153 | INFO |   Ep  44/300 | Tr loss=0.1489 mae=0.407 r2=0.465 | Vl loss=0.1111 mae=0.362 r2=0.541 | Te loss=0.2170 mae=0.534 r2=0.419 | ES 7/50
  Ep  45/300 | Tr loss=0.1473 mae=0.405 r2=0.471 | Vl loss=0.1123 mae=0.368 r2=0.537 | Te loss=0.2175 mae=0.534 r2=0.416 | ES 8/50
2026-04-30 10:35:30,991 | INFO |   Ep  45/300 | Tr loss=0.1473 mae=0.405 r2=0.471 | Vl loss=0.1123 mae=0.368 r2=0.537 | Te loss=0.2175 mae=0.534 r2=0.416 | ES 8/50
  Ep  46/300 | Tr loss=0.1475 mae=0.404 r2=0.470 | Vl loss=0.1221 mae=0.403 r2=0.499 | Te loss=0.2197 mae=0.544 r2=0.409 | ES 9/50
2026-04-30 10:35:43,744 | INFO |   Ep  46/300 | Tr loss=0.1475 mae=0.404 r2=0.470 | Vl loss=0.1221 mae=0.403 r2=0.499 | Te loss=0.2197 mae=0.544 r2=0.409 | ES 9/50
  Ep  47/300 | Tr loss=0.1496 mae=0.408 r2=0.462 | Vl loss=0.1860 mae=0.547 r2=0.252 | Te loss=0.2560 mae=0.621 r2=0.318 | ES 10/50
2026-04-30 10:35:56,600 | INFO |   Ep  47/300 | Tr loss=0.1496 mae=0.408 r2=0.462 | Vl loss=0.1860 mae=0.547 r2=0.252 | Te loss=0.2560 mae=0.621 r2=0.318 | ES 10/50
  Ep  48/300 | Tr loss=0.1483 mae=0.407 r2=0.467 | Vl loss=0.1187 mae=0.391 r2=0.511 | Te loss=0.2172 mae=0.539 r2=0.418 | ES 11/50
2026-04-30 10:36:09,366 | INFO |   Ep  48/300 | Tr loss=0.1483 mae=0.407 r2=0.467 | Vl loss=0.1187 mae=0.391 r2=0.511 | Te loss=0.2172 mae=0.539 r2=0.418 | ES 11/50
  Ep  49/300 | Tr loss=0.1489 mae=0.407 r2=0.466 | Vl loss=0.1547 mae=0.486 r2=0.371 | Te loss=0.2339 mae=0.582 r2=0.374 | ES 12/50
2026-04-30 10:36:22,291 | INFO |   Ep  49/300 | Tr loss=0.1489 mae=0.407 r2=0.466 | Vl loss=0.1547 mae=0.486 r2=0.371 | Te loss=0.2339 mae=0.582 r2=0.374 | ES 12/50
  Ep  50/300 | Tr loss=0.1485 mae=0.408 r2=0.467 | Vl loss=0.1085 mae=0.356 r2=0.552 | Te loss=0.2175 mae=0.529 r2=0.417 | ES 13/50
2026-04-30 10:36:35,125 | INFO |   Ep  50/300 | Tr loss=0.1485 mae=0.408 r2=0.467 | Vl loss=0.1085 mae=0.356 r2=0.552 | Te loss=0.2175 mae=0.529 r2=0.417 | ES 13/50
  Ep  51/300 | Tr loss=0.1474 mae=0.403 r2=0.469 | Vl loss=0.1327 mae=0.432 r2=0.455 | Te loss=0.2202 mae=0.552 r2=0.411 | ES 14/50
2026-04-30 10:36:48,049 | INFO |   Ep  51/300 | Tr loss=0.1474 mae=0.403 r2=0.469 | Vl loss=0.1327 mae=0.432 r2=0.455 | Te loss=0.2202 mae=0.552 r2=0.411 | ES 14/50
  Ep  52/300 | Tr loss=0.1488 mae=0.407 r2=0.466 | Vl loss=0.1119 mae=0.365 r2=0.543 | Te loss=0.2427 mae=0.552 r2=0.363 | ES 15/50
2026-04-30 10:37:00,878 | INFO |   Ep  52/300 | Tr loss=0.1488 mae=0.407 r2=0.466 | Vl loss=0.1119 mae=0.365 r2=0.543 | Te loss=0.2427 mae=0.552 r2=0.363 | ES 15/50
  Ep  53/300 | Tr loss=0.1475 mae=0.404 r2=0.471 | Vl loss=0.1105 mae=0.365 r2=0.544 | Te loss=0.2165 mae=0.530 r2=0.419 | ES 16/50
2026-04-30 10:37:13,644 | INFO |   Ep  53/300 | Tr loss=0.1475 mae=0.404 r2=0.471 | Vl loss=0.1105 mae=0.365 r2=0.544 | Te loss=0.2165 mae=0.530 r2=0.419 | ES 16/50
  Ep  54/300 | Tr loss=0.1484 mae=0.405 r2=0.467 | Vl loss=0.1097 mae=0.357 r2=0.550 | Te loss=0.2376 mae=0.545 r2=0.379 | ES 17/50
2026-04-30 10:37:26,430 | INFO |   Ep  54/300 | Tr loss=0.1484 mae=0.405 r2=0.467 | Vl loss=0.1097 mae=0.357 r2=0.550 | Te loss=0.2376 mae=0.545 r2=0.379 | ES 17/50
  Ep  55/300 | Tr loss=0.1463 mae=0.403 r2=0.475 | Vl loss=0.1036 mae=0.337 r2=0.573 | Te loss=0.2215 mae=0.529 r2=0.410 | ES 0/50 ★
2026-04-30 10:37:39,225 | INFO |   Ep  55/300 | Tr loss=0.1463 mae=0.403 r2=0.475 | Vl loss=0.1036 mae=0.337 r2=0.573 | Te loss=0.2215 mae=0.529 r2=0.410 | ES 0/50 ★
    ★ val_mae=0.3375  rmse=0.4681  r2=0.5725
  Ep  56/300 | Tr loss=0.1471 mae=0.404 r2=0.472 | Vl loss=0.1163 mae=0.386 r2=0.522 | Te loss=0.2177 mae=0.536 r2=0.412 | ES 1/50
2026-04-30 10:37:51,908 | INFO |   Ep  56/300 | Tr loss=0.1471 mae=0.404 r2=0.472 | Vl loss=0.1163 mae=0.386 r2=0.522 | Te loss=0.2177 mae=0.536 r2=0.412 | ES 1/50
  Ep  57/300 | Tr loss=0.1487 mae=0.405 r2=0.466 | Vl loss=0.1065 mae=0.350 r2=0.561 | Te loss=0.2173 mae=0.524 r2=0.417 | ES 2/50
2026-04-30 10:38:04,640 | INFO |   Ep  57/300 | Tr loss=0.1487 mae=0.405 r2=0.466 | Vl loss=0.1065 mae=0.350 r2=0.561 | Te loss=0.2173 mae=0.524 r2=0.417 | ES 2/50
  Ep  58/300 | Tr loss=0.1467 mae=0.403 r2=0.473 | Vl loss=0.1065 mae=0.342 r2=0.564 | Te loss=0.2363 mae=0.541 r2=0.370 | ES 3/50
2026-04-30 10:38:17,548 | INFO |   Ep  58/300 | Tr loss=0.1467 mae=0.403 r2=0.473 | Vl loss=0.1065 mae=0.342 r2=0.564 | Te loss=0.2363 mae=0.541 r2=0.370 | ES 3/50
  Ep  59/300 | Tr loss=0.1473 mae=0.401 r2=0.471 | Vl loss=0.1316 mae=0.431 r2=0.464 | Te loss=0.2237 mae=0.551 r2=0.392 | ES 4/50
2026-04-30 10:38:30,424 | INFO |   Ep  59/300 | Tr loss=0.1473 mae=0.401 r2=0.471 | Vl loss=0.1316 mae=0.431 r2=0.464 | Te loss=0.2237 mae=0.551 r2=0.392 | ES 4/50
  Ep  60/300 | Tr loss=0.1468 mae=0.403 r2=0.472 | Vl loss=0.1087 mae=0.356 r2=0.552 | Te loss=0.2167 mae=0.528 r2=0.417 | ES 5/50
2026-04-30 10:38:43,276 | INFO |   Ep  60/300 | Tr loss=0.1468 mae=0.403 r2=0.472 | Vl loss=0.1087 mae=0.356 r2=0.552 | Te loss=0.2167 mae=0.528 r2=0.417 | ES 5/50
  Ep  61/300 | Tr loss=0.1471 mae=0.402 r2=0.471 | Vl loss=0.1045 mae=0.342 r2=0.570 | Te loss=0.2309 mae=0.539 r2=0.387 | ES 6/50
2026-04-30 10:38:56,010 | INFO |   Ep  61/300 | Tr loss=0.1471 mae=0.402 r2=0.471 | Vl loss=0.1045 mae=0.342 r2=0.570 | Te loss=0.2309 mae=0.539 r2=0.387 | ES 6/50
  Ep  62/300 | Tr loss=0.1465 mae=0.401 r2=0.474 | Vl loss=0.1114 mae=0.373 r2=0.540 | Te loss=0.2135 mae=0.526 r2=0.429 | ES 7/50
2026-04-30 10:39:08,932 | INFO |   Ep  62/300 | Tr loss=0.1465 mae=0.401 r2=0.474 | Vl loss=0.1114 mae=0.373 r2=0.540 | Te loss=0.2135 mae=0.526 r2=0.429 | ES 7/50
  Ep  63/300 | Tr loss=0.1461 mae=0.399 r2=0.475 | Vl loss=0.1028 mae=0.334 r2=0.575 | Te loss=0.2198 mae=0.524 r2=0.416 | ES 0/50 ★
2026-04-30 10:39:21,671 | INFO |   Ep  63/300 | Tr loss=0.1461 mae=0.399 r2=0.475 | Vl loss=0.1028 mae=0.334 r2=0.575 | Te loss=0.2198 mae=0.524 r2=0.416 | ES 0/50 ★
    ★ val_mae=0.3344  rmse=0.4666  r2=0.5752
  Ep  64/300 | Tr loss=0.1457 mae=0.401 r2=0.477 | Vl loss=0.1035 mae=0.337 r2=0.573 | Te loss=0.2184 mae=0.523 r2=0.417 | ES 1/50
2026-04-30 10:39:34,487 | INFO |   Ep  64/300 | Tr loss=0.1457 mae=0.401 r2=0.477 | Vl loss=0.1035 mae=0.337 r2=0.573 | Te loss=0.2184 mae=0.523 r2=0.417 | ES 1/50
  Ep  65/300 | Tr loss=0.1462 mae=0.401 r2=0.475 | Vl loss=0.1031 mae=0.335 r2=0.576 | Te loss=0.2273 mae=0.534 r2=0.396 | ES 2/50
2026-04-30 10:39:47,446 | INFO |   Ep  65/300 | Tr loss=0.1462 mae=0.401 r2=0.475 | Vl loss=0.1031 mae=0.335 r2=0.576 | Te loss=0.2273 mae=0.534 r2=0.396 | ES 2/50
  Ep  66/300 | Tr loss=0.1451 mae=0.399 r2=0.478 | Vl loss=0.1033 mae=0.336 r2=0.574 | Te loss=0.2247 mae=0.531 r2=0.406 | ES 3/50
2026-04-30 10:40:00,371 | INFO |   Ep  66/300 | Tr loss=0.1451 mae=0.399 r2=0.478 | Vl loss=0.1033 mae=0.336 r2=0.574 | Te loss=0.2247 mae=0.531 r2=0.406 | ES 3/50
  Ep  67/300 | Tr loss=0.1465 mae=0.400 r2=0.475 | Vl loss=0.1028 mae=0.334 r2=0.576 | Te loss=0.2232 mae=0.530 r2=0.405 | ES 0/50 ★
2026-04-30 10:40:13,175 | INFO |   Ep  67/300 | Tr loss=0.1465 mae=0.400 r2=0.475 | Vl loss=0.1028 mae=0.334 r2=0.576 | Te loss=0.2232 mae=0.530 r2=0.405 | ES 0/50 ★
    ★ val_mae=0.3341  rmse=0.4660  r2=0.5764
  Ep  68/300 | Tr loss=0.1474 mae=0.403 r2=0.470 | Vl loss=0.1026 mae=0.331 r2=0.578 | Te loss=0.2241 mae=0.528 r2=0.400 | ES 0/50 ★
2026-04-30 10:40:25,895 | INFO |   Ep  68/300 | Tr loss=0.1474 mae=0.403 r2=0.470 | Vl loss=0.1026 mae=0.331 r2=0.578 | Te loss=0.2241 mae=0.528 r2=0.400 | ES 0/50 ★
    ★ val_mae=0.3306  rmse=0.4652  r2=0.5778
  Ep  69/300 | Tr loss=0.1471 mae=0.402 r2=0.472 | Vl loss=0.1106 mae=0.362 r2=0.548 | Te loss=0.2407 mae=0.553 r2=0.367 | ES 1/50
2026-04-30 10:40:38,851 | INFO |   Ep  69/300 | Tr loss=0.1471 mae=0.402 r2=0.472 | Vl loss=0.1106 mae=0.362 r2=0.548 | Te loss=0.2407 mae=0.553 r2=0.367 | ES 1/50
  Ep  70/300 | Tr loss=0.1460 mae=0.400 r2=0.476 | Vl loss=0.1045 mae=0.342 r2=0.569 | Te loss=0.2182 mae=0.525 r2=0.414 | ES 2/50
2026-04-30 10:40:51,691 | INFO |   Ep  70/300 | Tr loss=0.1460 mae=0.400 r2=0.476 | Vl loss=0.1045 mae=0.342 r2=0.569 | Te loss=0.2182 mae=0.525 r2=0.414 | ES 2/50
  Ep  71/300 | Tr loss=0.1467 mae=0.401 r2=0.473 | Vl loss=0.1043 mae=0.340 r2=0.570 | Te loss=0.2187 mae=0.526 r2=0.413 | ES 3/50
2026-04-30 10:41:04,396 | INFO |   Ep  71/300 | Tr loss=0.1467 mae=0.401 r2=0.473 | Vl loss=0.1043 mae=0.340 r2=0.570 | Te loss=0.2187 mae=0.526 r2=0.413 | ES 3/50
  Ep  72/300 | Tr loss=0.1457 mae=0.400 r2=0.477 | Vl loss=0.1028 mae=0.332 r2=0.577 | Te loss=0.2244 mae=0.529 r2=0.399 | ES 4/50
2026-04-30 10:41:17,089 | INFO |   Ep  72/300 | Tr loss=0.1457 mae=0.400 r2=0.477 | Vl loss=0.1028 mae=0.332 r2=0.577 | Te loss=0.2244 mae=0.529 r2=0.399 | ES 4/50
  Ep  73/300 | Tr loss=0.1462 mae=0.399 r2=0.475 | Vl loss=0.1040 mae=0.339 r2=0.573 | Te loss=0.2280 mae=0.535 r2=0.389 | ES 5/50
2026-04-30 10:41:29,805 | INFO |   Ep  73/300 | Tr loss=0.1462 mae=0.399 r2=0.475 | Vl loss=0.1040 mae=0.339 r2=0.573 | Te loss=0.2280 mae=0.535 r2=0.389 | ES 5/50
  Ep  74/300 | Tr loss=0.1460 mae=0.401 r2=0.474 | Vl loss=0.1037 mae=0.340 r2=0.573 | Te loss=0.2274 mae=0.536 r2=0.397 | ES 6/50
2026-04-30 10:41:42,593 | INFO |   Ep  74/300 | Tr loss=0.1460 mae=0.401 r2=0.474 | Vl loss=0.1037 mae=0.340 r2=0.573 | Te loss=0.2274 mae=0.536 r2=0.397 | ES 6/50
  Ep  75/300 | Tr loss=0.1458 mae=0.399 r2=0.477 | Vl loss=0.1026 mae=0.334 r2=0.576 | Te loss=0.2214 mae=0.527 r2=0.411 | ES 7/50
2026-04-30 10:41:55,378 | INFO |   Ep  75/300 | Tr loss=0.1458 mae=0.399 r2=0.477 | Vl loss=0.1026 mae=0.334 r2=0.576 | Te loss=0.2214 mae=0.527 r2=0.411 | ES 7/50
  Ep  76/300 | Tr loss=0.1460 mae=0.401 r2=0.476 | Vl loss=0.1031 mae=0.330 r2=0.576 | Te loss=0.2259 mae=0.530 r2=0.393 | ES 0/50 ★
2026-04-30 10:42:08,096 | INFO |   Ep  76/300 | Tr loss=0.1460 mae=0.401 r2=0.476 | Vl loss=0.1031 mae=0.330 r2=0.576 | Te loss=0.2259 mae=0.530 r2=0.393 | ES 0/50 ★
    ★ val_mae=0.3304  rmse=0.4660  r2=0.5762
  Ep  77/300 | Tr loss=0.1460 mae=0.399 r2=0.476 | Vl loss=0.1029 mae=0.333 r2=0.576 | Te loss=0.2210 mae=0.525 r2=0.408 | ES 1/50
2026-04-30 10:42:20,911 | INFO |   Ep  77/300 | Tr loss=0.1460 mae=0.399 r2=0.476 | Vl loss=0.1029 mae=0.333 r2=0.576 | Te loss=0.2210 mae=0.525 r2=0.408 | ES 1/50
  Ep  78/300 | Tr loss=0.1467 mae=0.401 r2=0.473 | Vl loss=0.1120 mae=0.366 r2=0.539 | Te loss=0.2190 mae=0.534 r2=0.408 | ES 2/50
2026-04-30 10:42:33,662 | INFO |   Ep  78/300 | Tr loss=0.1467 mae=0.401 r2=0.473 | Vl loss=0.1120 mae=0.366 r2=0.539 | Te loss=0.2190 mae=0.534 r2=0.408 | ES 2/50
  Ep  79/300 | Tr loss=0.1460 mae=0.400 r2=0.475 | Vl loss=0.1034 mae=0.336 r2=0.574 | Te loss=0.2221 mae=0.529 r2=0.407 | ES 3/50
2026-04-30 10:42:46,377 | INFO |   Ep  79/300 | Tr loss=0.1460 mae=0.400 r2=0.475 | Vl loss=0.1034 mae=0.336 r2=0.574 | Te loss=0.2221 mae=0.529 r2=0.407 | ES 3/50
  Ep  80/300 | Tr loss=0.1468 mae=0.401 r2=0.472 | Vl loss=0.1026 mae=0.332 r2=0.577 | Te loss=0.2220 mae=0.527 r2=0.407 | ES 4/50
2026-04-30 10:42:59,027 | INFO |   Ep  80/300 | Tr loss=0.1468 mae=0.401 r2=0.472 | Vl loss=0.1026 mae=0.332 r2=0.577 | Te loss=0.2220 mae=0.527 r2=0.407 | ES 4/50
  Ep  81/300 | Tr loss=0.1452 mae=0.397 r2=0.479 | Vl loss=0.1030 mae=0.335 r2=0.576 | Te loss=0.2270 mae=0.535 r2=0.393 | ES 5/50
2026-04-30 10:43:11,677 | INFO |   Ep  81/300 | Tr loss=0.1452 mae=0.397 r2=0.479 | Vl loss=0.1030 mae=0.335 r2=0.576 | Te loss=0.2270 mae=0.535 r2=0.393 | ES 5/50
  Ep  82/300 | Tr loss=0.1466 mae=0.399 r2=0.473 | Vl loss=0.1029 mae=0.332 r2=0.577 | Te loss=0.2274 mae=0.535 r2=0.394 | ES 6/50
2026-04-30 10:43:24,398 | INFO |   Ep  82/300 | Tr loss=0.1466 mae=0.399 r2=0.473 | Vl loss=0.1029 mae=0.332 r2=0.577 | Te loss=0.2274 mae=0.535 r2=0.394 | ES 6/50
  Ep  83/300 | Tr loss=0.1461 mae=0.400 r2=0.474 | Vl loss=0.1034 mae=0.334 r2=0.575 | Te loss=0.2278 mae=0.534 r2=0.395 | ES 7/50
2026-04-30 10:43:37,123 | INFO |   Ep  83/300 | Tr loss=0.1461 mae=0.400 r2=0.474 | Vl loss=0.1034 mae=0.334 r2=0.575 | Te loss=0.2278 mae=0.534 r2=0.395 | ES 7/50
  Ep  84/300 | Tr loss=0.1452 mae=0.398 r2=0.479 | Vl loss=0.1028 mae=0.330 r2=0.577 | Te loss=0.2261 mae=0.531 r2=0.395 | ES 0/50 ★
2026-04-30 10:43:49,857 | INFO |   Ep  84/300 | Tr loss=0.1452 mae=0.398 r2=0.479 | Vl loss=0.1028 mae=0.330 r2=0.577 | Te loss=0.2261 mae=0.531 r2=0.395 | ES 0/50 ★
    ★ val_mae=0.3302  rmse=0.4655  r2=0.5772
  Ep  85/300 | Tr loss=0.1455 mae=0.399 r2=0.478 | Vl loss=0.1042 mae=0.341 r2=0.571 | Te loss=0.2266 mae=0.535 r2=0.392 | ES 1/50
2026-04-30 10:44:02,580 | INFO |   Ep  85/300 | Tr loss=0.1455 mae=0.399 r2=0.478 | Vl loss=0.1042 mae=0.341 r2=0.571 | Te loss=0.2266 mae=0.535 r2=0.392 | ES 1/50
  Ep  86/300 | Tr loss=0.1456 mae=0.399 r2=0.477 | Vl loss=0.1030 mae=0.333 r2=0.576 | Te loss=0.2254 mae=0.532 r2=0.400 | ES 2/50
2026-04-30 10:44:15,499 | INFO |   Ep  86/300 | Tr loss=0.1456 mae=0.399 r2=0.477 | Vl loss=0.1030 mae=0.333 r2=0.576 | Te loss=0.2254 mae=0.532 r2=0.400 | ES 2/50
  Ep  87/300 | Tr loss=0.1463 mae=0.400 r2=0.475 | Vl loss=0.1030 mae=0.335 r2=0.576 | Te loss=0.2256 mae=0.532 r2=0.400 | ES 3/50
2026-04-30 10:44:28,331 | INFO |   Ep  87/300 | Tr loss=0.1463 mae=0.400 r2=0.475 | Vl loss=0.1030 mae=0.335 r2=0.576 | Te loss=0.2256 mae=0.532 r2=0.400 | ES 3/50
  Ep  88/300 | Tr loss=0.1450 mae=0.399 r2=0.479 | Vl loss=0.1032 mae=0.335 r2=0.574 | Te loss=0.2180 mae=0.523 r2=0.419 | ES 4/50
2026-04-30 10:44:41,075 | INFO |   Ep  88/300 | Tr loss=0.1450 mae=0.399 r2=0.479 | Vl loss=0.1032 mae=0.335 r2=0.574 | Te loss=0.2180 mae=0.523 r2=0.419 | ES 4/50
  Ep  89/300 | Tr loss=0.1458 mae=0.399 r2=0.476 | Vl loss=0.1070 mae=0.352 r2=0.562 | Te loss=0.2375 mae=0.551 r2=0.369 | ES 5/50
2026-04-30 10:44:53,786 | INFO |   Ep  89/300 | Tr loss=0.1458 mae=0.399 r2=0.476 | Vl loss=0.1070 mae=0.352 r2=0.562 | Te loss=0.2375 mae=0.551 r2=0.369 | ES 5/50
  Ep  90/300 | Tr loss=0.1456 mae=0.399 r2=0.477 | Vl loss=0.1035 mae=0.333 r2=0.575 | Te loss=0.2306 mae=0.537 r2=0.385 | ES 6/50
2026-04-30 10:45:06,487 | INFO |   Ep  90/300 | Tr loss=0.1456 mae=0.399 r2=0.477 | Vl loss=0.1035 mae=0.333 r2=0.575 | Te loss=0.2306 mae=0.537 r2=0.385 | ES 6/50
  Ep  91/300 | Tr loss=0.1457 mae=0.397 r2=0.477 | Vl loss=0.1029 mae=0.333 r2=0.576 | Te loss=0.2229 mae=0.529 r2=0.404 | ES 7/50
2026-04-30 10:45:19,366 | INFO |   Ep  91/300 | Tr loss=0.1457 mae=0.397 r2=0.477 | Vl loss=0.1029 mae=0.333 r2=0.576 | Te loss=0.2229 mae=0.529 r2=0.404 | ES 7/50
  Ep  92/300 | Tr loss=0.1457 mae=0.400 r2=0.477 | Vl loss=0.1041 mae=0.340 r2=0.571 | Te loss=0.2171 mae=0.523 r2=0.419 | ES 8/50
2026-04-30 10:45:32,135 | INFO |   Ep  92/300 | Tr loss=0.1457 mae=0.400 r2=0.477 | Vl loss=0.1041 mae=0.340 r2=0.571 | Te loss=0.2171 mae=0.523 r2=0.419 | ES 8/50
  Ep  93/300 | Tr loss=0.1451 mae=0.396 r2=0.480 | Vl loss=0.1025 mae=0.329 r2=0.579 | Te loss=0.2265 mae=0.532 r2=0.394 | ES 0/50 ★
2026-04-30 10:45:44,890 | INFO |   Ep  93/300 | Tr loss=0.1451 mae=0.396 r2=0.480 | Vl loss=0.1025 mae=0.329 r2=0.579 | Te loss=0.2265 mae=0.532 r2=0.394 | ES 0/50 ★
    ★ val_mae=0.3288  rmse=0.4648  r2=0.5786
  Ep  94/300 | Tr loss=0.1463 mae=0.399 r2=0.475 | Vl loss=0.1027 mae=0.333 r2=0.577 | Te loss=0.2236 mae=0.530 r2=0.401 | ES 1/50
2026-04-30 10:45:57,739 | INFO |   Ep  94/300 | Tr loss=0.1463 mae=0.399 r2=0.475 | Vl loss=0.1027 mae=0.333 r2=0.577 | Te loss=0.2236 mae=0.530 r2=0.401 | ES 1/50
  Ep  95/300 | Tr loss=0.1454 mae=0.398 r2=0.479 | Vl loss=0.1028 mae=0.336 r2=0.576 | Te loss=0.2259 mae=0.535 r2=0.401 | ES 2/50
2026-04-30 10:46:10,382 | INFO |   Ep  95/300 | Tr loss=0.1454 mae=0.398 r2=0.479 | Vl loss=0.1028 mae=0.336 r2=0.576 | Te loss=0.2259 mae=0.535 r2=0.401 | ES 2/50
  Ep  96/300 | Tr loss=0.1461 mae=0.399 r2=0.475 | Vl loss=0.1027 mae=0.333 r2=0.578 | Te loss=0.2279 mae=0.535 r2=0.393 | ES 3/50
2026-04-30 10:46:23,089 | INFO |   Ep  96/300 | Tr loss=0.1461 mae=0.399 r2=0.475 | Vl loss=0.1027 mae=0.333 r2=0.578 | Te loss=0.2279 mae=0.535 r2=0.393 | ES 3/50
  Ep  97/300 | Tr loss=0.1454 mae=0.398 r2=0.477 | Vl loss=0.1048 mae=0.339 r2=0.570 | Te loss=0.2335 mae=0.541 r2=0.381 | ES 4/50
2026-04-30 10:46:35,789 | INFO |   Ep  97/300 | Tr loss=0.1454 mae=0.398 r2=0.477 | Vl loss=0.1048 mae=0.339 r2=0.570 | Te loss=0.2335 mae=0.541 r2=0.381 | ES 4/50
  Ep  98/300 | Tr loss=0.1456 mae=0.398 r2=0.477 | Vl loss=0.1027 mae=0.333 r2=0.576 | Te loss=0.2221 mae=0.529 r2=0.409 | ES 5/50
2026-04-30 10:46:48,644 | INFO |   Ep  98/300 | Tr loss=0.1456 mae=0.398 r2=0.477 | Vl loss=0.1027 mae=0.333 r2=0.576 | Te loss=0.2221 mae=0.529 r2=0.409 | ES 5/50
  Ep  99/300 | Tr loss=0.1447 mae=0.397 r2=0.481 | Vl loss=0.1033 mae=0.332 r2=0.576 | Te loss=0.2268 mae=0.533 r2=0.390 | ES 6/50
2026-04-30 10:47:01,462 | INFO |   Ep  99/300 | Tr loss=0.1447 mae=0.397 r2=0.481 | Vl loss=0.1033 mae=0.332 r2=0.576 | Te loss=0.2268 mae=0.533 r2=0.390 | ES 6/50
  Ep 100/300 | Tr loss=0.1452 mae=0.396 r2=0.478 | Vl loss=0.1033 mae=0.335 r2=0.575 | Te loss=0.2219 mae=0.529 r2=0.404 | ES 7/50
2026-04-30 10:47:14,088 | INFO |   Ep 100/300 | Tr loss=0.1452 mae=0.396 r2=0.478 | Vl loss=0.1033 mae=0.335 r2=0.575 | Te loss=0.2219 mae=0.529 r2=0.404 | ES 7/50
  Ep 101/300 | Tr loss=0.1446 mae=0.398 r2=0.481 | Vl loss=0.1035 mae=0.334 r2=0.574 | Te loss=0.2260 mae=0.534 r2=0.393 | ES 8/50
2026-04-30 10:47:26,819 | INFO |   Ep 101/300 | Tr loss=0.1446 mae=0.398 r2=0.481 | Vl loss=0.1035 mae=0.334 r2=0.574 | Te loss=0.2260 mae=0.534 r2=0.393 | ES 8/50
  Ep 102/300 | Tr loss=0.1446 mae=0.396 r2=0.480 | Vl loss=0.1028 mae=0.332 r2=0.577 | Te loss=0.2260 mae=0.533 r2=0.397 | ES 9/50
2026-04-30 10:47:39,603 | INFO |   Ep 102/300 | Tr loss=0.1446 mae=0.396 r2=0.480 | Vl loss=0.1028 mae=0.332 r2=0.577 | Te loss=0.2260 mae=0.533 r2=0.397 | ES 9/50
  Ep 103/300 | Tr loss=0.1441 mae=0.397 r2=0.483 | Vl loss=0.1041 mae=0.337 r2=0.571 | Te loss=0.2233 mae=0.531 r2=0.399 | ES 10/50
2026-04-30 10:47:52,396 | INFO |   Ep 103/300 | Tr loss=0.1441 mae=0.397 r2=0.483 | Vl loss=0.1041 mae=0.337 r2=0.571 | Te loss=0.2233 mae=0.531 r2=0.399 | ES 10/50
  Ep 104/300 | Tr loss=0.1445 mae=0.397 r2=0.480 | Vl loss=0.1034 mae=0.336 r2=0.573 | Te loss=0.2196 mae=0.525 r2=0.413 | ES 11/50
2026-04-30 10:48:05,159 | INFO |   Ep 104/300 | Tr loss=0.1445 mae=0.397 r2=0.480 | Vl loss=0.1034 mae=0.336 r2=0.573 | Te loss=0.2196 mae=0.525 r2=0.413 | ES 11/50
  Ep 105/300 | Tr loss=0.1450 mae=0.397 r2=0.480 | Vl loss=0.1031 mae=0.333 r2=0.576 | Te loss=0.2295 mae=0.536 r2=0.388 | ES 12/50
2026-04-30 10:48:18,071 | INFO |   Ep 105/300 | Tr loss=0.1450 mae=0.397 r2=0.480 | Vl loss=0.1031 mae=0.333 r2=0.576 | Te loss=0.2295 mae=0.536 r2=0.388 | ES 12/50
  Ep 106/300 | Tr loss=0.1469 mae=0.401 r2=0.472 | Vl loss=0.1039 mae=0.335 r2=0.574 | Te loss=0.2310 mae=0.538 r2=0.385 | ES 13/50
2026-04-30 10:48:30,777 | INFO |   Ep 106/300 | Tr loss=0.1469 mae=0.401 r2=0.472 | Vl loss=0.1039 mae=0.335 r2=0.574 | Te loss=0.2310 mae=0.538 r2=0.385 | ES 13/50
  Ep 107/300 | Tr loss=0.1449 mae=0.397 r2=0.479 | Vl loss=0.1031 mae=0.332 r2=0.576 | Te loss=0.2231 mae=0.528 r2=0.401 | ES 14/50
2026-04-30 10:48:43,488 | INFO |   Ep 107/300 | Tr loss=0.1449 mae=0.397 r2=0.479 | Vl loss=0.1031 mae=0.332 r2=0.576 | Te loss=0.2231 mae=0.528 r2=0.401 | ES 14/50
  Ep 108/300 | Tr loss=0.1449 mae=0.398 r2=0.481 | Vl loss=0.1029 mae=0.332 r2=0.577 | Te loss=0.2249 mae=0.531 r2=0.398 | ES 15/50
2026-04-30 10:48:56,153 | INFO |   Ep 108/300 | Tr loss=0.1449 mae=0.398 r2=0.481 | Vl loss=0.1029 mae=0.332 r2=0.577 | Te loss=0.2249 mae=0.531 r2=0.398 | ES 15/50
  Ep 109/300 | Tr loss=0.1457 mae=0.398 r2=0.476 | Vl loss=0.1034 mae=0.337 r2=0.573 | Te loss=0.2188 mae=0.524 r2=0.414 | ES 16/50
2026-04-30 10:49:08,790 | INFO |   Ep 109/300 | Tr loss=0.1457 mae=0.398 r2=0.476 | Vl loss=0.1034 mae=0.337 r2=0.573 | Te loss=0.2188 mae=0.524 r2=0.414 | ES 16/50
  Ep 110/300 | Tr loss=0.1441 mae=0.397 r2=0.482 | Vl loss=0.1028 mae=0.332 r2=0.577 | Te loss=0.2248 mae=0.531 r2=0.399 | ES 17/50
2026-04-30 10:49:21,466 | INFO |   Ep 110/300 | Tr loss=0.1441 mae=0.397 r2=0.482 | Vl loss=0.1028 mae=0.332 r2=0.577 | Te loss=0.2248 mae=0.531 r2=0.399 | ES 17/50
  Ep 111/300 | Tr loss=0.1448 mae=0.398 r2=0.480 | Vl loss=0.1036 mae=0.334 r2=0.575 | Te loss=0.2311 mae=0.539 r2=0.382 | ES 18/50
2026-04-30 10:49:34,205 | INFO |   Ep 111/300 | Tr loss=0.1448 mae=0.398 r2=0.480 | Vl loss=0.1036 mae=0.334 r2=0.575 | Te loss=0.2311 mae=0.539 r2=0.382 | ES 18/50
  Ep 112/300 | Tr loss=0.1453 mae=0.397 r2=0.478 | Vl loss=0.1053 mae=0.340 r2=0.569 | Te loss=0.2347 mae=0.543 r2=0.377 | ES 19/50
2026-04-30 10:49:46,964 | INFO |   Ep 112/300 | Tr loss=0.1453 mae=0.397 r2=0.478 | Vl loss=0.1053 mae=0.340 r2=0.569 | Te loss=0.2347 mae=0.543 r2=0.377 | ES 19/50
  Ep 113/300 | Tr loss=0.1449 mae=0.397 r2=0.480 | Vl loss=0.1040 mae=0.337 r2=0.572 | Te loss=0.2215 mae=0.529 r2=0.405 | ES 20/50
2026-04-30 10:49:59,599 | INFO |   Ep 113/300 | Tr loss=0.1449 mae=0.397 r2=0.480 | Vl loss=0.1040 mae=0.337 r2=0.572 | Te loss=0.2215 mae=0.529 r2=0.405 | ES 20/50
  Ep 114/300 | Tr loss=0.1453 mae=0.400 r2=0.478 | Vl loss=0.1033 mae=0.334 r2=0.575 | Te loss=0.2273 mae=0.534 r2=0.394 | ES 21/50
2026-04-30 10:50:12,370 | INFO |   Ep 114/300 | Tr loss=0.1453 mae=0.400 r2=0.478 | Vl loss=0.1033 mae=0.334 r2=0.575 | Te loss=0.2273 mae=0.534 r2=0.394 | ES 21/50
  Ep 115/300 | Tr loss=0.1454 mae=0.397 r2=0.478 | Vl loss=0.1030 mae=0.332 r2=0.576 | Te loss=0.2251 mae=0.531 r2=0.402 | ES 22/50
2026-04-30 10:50:25,089 | INFO |   Ep 115/300 | Tr loss=0.1454 mae=0.397 r2=0.478 | Vl loss=0.1030 mae=0.332 r2=0.576 | Te loss=0.2251 mae=0.531 r2=0.402 | ES 22/50
  Ep 116/300 | Tr loss=0.1456 mae=0.399 r2=0.477 | Vl loss=0.1030 mae=0.332 r2=0.576 | Te loss=0.2263 mae=0.532 r2=0.396 | ES 23/50
2026-04-30 10:50:37,817 | INFO |   Ep 116/300 | Tr loss=0.1456 mae=0.399 r2=0.477 | Vl loss=0.1030 mae=0.332 r2=0.576 | Te loss=0.2263 mae=0.532 r2=0.396 | ES 23/50
  Ep 117/300 | Tr loss=0.1451 mae=0.398 r2=0.479 | Vl loss=0.1028 mae=0.331 r2=0.577 | Te loss=0.2253 mae=0.531 r2=0.398 | ES 24/50
2026-04-30 10:50:50,683 | INFO |   Ep 117/300 | Tr loss=0.1451 mae=0.398 r2=0.479 | Vl loss=0.1028 mae=0.331 r2=0.577 | Te loss=0.2253 mae=0.531 r2=0.398 | ES 24/50
  Ep 118/300 | Tr loss=0.1448 mae=0.397 r2=0.480 | Vl loss=0.1026 mae=0.330 r2=0.578 | Te loss=0.2230 mae=0.527 r2=0.403 | ES 25/50
2026-04-30 10:51:03,514 | INFO |   Ep 118/300 | Tr loss=0.1448 mae=0.397 r2=0.480 | Vl loss=0.1026 mae=0.330 r2=0.578 | Te loss=0.2230 mae=0.527 r2=0.403 | ES 25/50
  Ep 119/300 | Tr loss=0.1450 mae=0.397 r2=0.479 | Vl loss=0.1034 mae=0.332 r2=0.576 | Te loss=0.2299 mae=0.536 r2=0.386 | ES 26/50
2026-04-30 10:51:16,339 | INFO |   Ep 119/300 | Tr loss=0.1450 mae=0.397 r2=0.479 | Vl loss=0.1034 mae=0.332 r2=0.576 | Te loss=0.2299 mae=0.536 r2=0.386 | ES 26/50
  Ep 120/300 | Tr loss=0.1451 mae=0.397 r2=0.480 | Vl loss=0.1026 mae=0.331 r2=0.577 | Te loss=0.2236 mae=0.529 r2=0.404 | ES 27/50
2026-04-30 10:51:29,074 | INFO |   Ep 120/300 | Tr loss=0.1451 mae=0.397 r2=0.480 | Vl loss=0.1026 mae=0.331 r2=0.577 | Te loss=0.2236 mae=0.529 r2=0.404 | ES 27/50
  Ep 121/300 | Tr loss=0.1453 mae=0.398 r2=0.479 | Vl loss=0.1034 mae=0.334 r2=0.575 | Te loss=0.2284 mae=0.536 r2=0.394 | ES 28/50
2026-04-30 10:51:41,887 | INFO |   Ep 121/300 | Tr loss=0.1453 mae=0.398 r2=0.479 | Vl loss=0.1034 mae=0.334 r2=0.575 | Te loss=0.2284 mae=0.536 r2=0.394 | ES 28/50
  Ep 122/300 | Tr loss=0.1441 mae=0.396 r2=0.483 | Vl loss=0.1030 mae=0.332 r2=0.577 | Te loss=0.2279 mae=0.534 r2=0.392 | ES 29/50
2026-04-30 10:51:54,701 | INFO |   Ep 122/300 | Tr loss=0.1441 mae=0.396 r2=0.483 | Vl loss=0.1030 mae=0.332 r2=0.577 | Te loss=0.2279 mae=0.534 r2=0.392 | ES 29/50
  Ep 123/300 | Tr loss=0.1450 mae=0.399 r2=0.480 | Vl loss=0.1031 mae=0.332 r2=0.576 | Te loss=0.2248 mae=0.530 r2=0.397 | ES 30/50
2026-04-30 10:52:07,587 | INFO |   Ep 123/300 | Tr loss=0.1450 mae=0.399 r2=0.480 | Vl loss=0.1031 mae=0.332 r2=0.576 | Te loss=0.2248 mae=0.530 r2=0.397 | ES 30/50
  Ep 124/300 | Tr loss=0.1438 mae=0.394 r2=0.483 | Vl loss=0.1034 mae=0.334 r2=0.575 | Te loss=0.2268 mae=0.534 r2=0.393 | ES 31/50
2026-04-30 10:52:20,341 | INFO |   Ep 124/300 | Tr loss=0.1438 mae=0.394 r2=0.483 | Vl loss=0.1034 mae=0.334 r2=0.575 | Te loss=0.2268 mae=0.534 r2=0.393 | ES 31/50
  Ep 125/300 | Tr loss=0.1451 mae=0.398 r2=0.478 | Vl loss=0.1034 mae=0.334 r2=0.574 | Te loss=0.2230 mae=0.529 r2=0.402 | ES 32/50
2026-04-30 10:52:33,029 | INFO |   Ep 125/300 | Tr loss=0.1451 mae=0.398 r2=0.478 | Vl loss=0.1034 mae=0.334 r2=0.574 | Te loss=0.2230 mae=0.529 r2=0.402 | ES 32/50
  Ep 126/300 | Tr loss=0.1446 mae=0.396 r2=0.481 | Vl loss=0.1028 mae=0.332 r2=0.577 | Te loss=0.2229 mae=0.529 r2=0.405 | ES 33/50
2026-04-30 10:52:45,757 | INFO |   Ep 126/300 | Tr loss=0.1446 mae=0.396 r2=0.481 | Vl loss=0.1028 mae=0.332 r2=0.577 | Te loss=0.2229 mae=0.529 r2=0.405 | ES 33/50
  Ep 127/300 | Tr loss=0.1448 mae=0.397 r2=0.480 | Vl loss=0.1046 mae=0.338 r2=0.571 | Te loss=0.2326 mae=0.541 r2=0.382 | ES 34/50
2026-04-30 10:52:58,461 | INFO |   Ep 127/300 | Tr loss=0.1448 mae=0.397 r2=0.480 | Vl loss=0.1046 mae=0.338 r2=0.571 | Te loss=0.2326 mae=0.541 r2=0.382 | ES 34/50
  Ep 128/300 | Tr loss=0.1453 mae=0.397 r2=0.478 | Vl loss=0.1068 mae=0.343 r2=0.563 | Te loss=0.2373 mae=0.544 r2=0.373 | ES 35/50
2026-04-30 10:53:11,164 | INFO |   Ep 128/300 | Tr loss=0.1453 mae=0.397 r2=0.478 | Vl loss=0.1068 mae=0.343 r2=0.563 | Te loss=0.2373 mae=0.544 r2=0.373 | ES 35/50
  Ep 129/300 | Tr loss=0.1447 mae=0.396 r2=0.481 | Vl loss=0.1030 mae=0.334 r2=0.576 | Te loss=0.2254 mae=0.533 r2=0.398 | ES 36/50
2026-04-30 10:53:24,036 | INFO |   Ep 129/300 | Tr loss=0.1447 mae=0.396 r2=0.481 | Vl loss=0.1030 mae=0.334 r2=0.576 | Te loss=0.2254 mae=0.533 r2=0.398 | ES 36/50
  Ep 130/300 | Tr loss=0.1457 mae=0.400 r2=0.476 | Vl loss=0.1026 mae=0.335 r2=0.577 | Te loss=0.2250 mae=0.534 r2=0.400 | ES 37/50
2026-04-30 10:53:36,780 | INFO |   Ep 130/300 | Tr loss=0.1457 mae=0.400 r2=0.476 | Vl loss=0.1026 mae=0.335 r2=0.577 | Te loss=0.2250 mae=0.534 r2=0.400 | ES 37/50
  Ep 131/300 | Tr loss=0.1451 mae=0.397 r2=0.479 | Vl loss=0.1026 mae=0.332 r2=0.577 | Te loss=0.2224 mae=0.526 r2=0.405 | ES 38/50
2026-04-30 10:53:49,526 | INFO |   Ep 131/300 | Tr loss=0.1451 mae=0.397 r2=0.479 | Vl loss=0.1026 mae=0.332 r2=0.577 | Te loss=0.2224 mae=0.526 r2=0.405 | ES 38/50
  Ep 132/300 | Tr loss=0.1441 mae=0.396 r2=0.484 | Vl loss=0.1031 mae=0.334 r2=0.576 | Te loss=0.2283 mae=0.536 r2=0.389 | ES 39/50
2026-04-30 10:54:02,293 | INFO |   Ep 132/300 | Tr loss=0.1441 mae=0.396 r2=0.484 | Vl loss=0.1031 mae=0.334 r2=0.576 | Te loss=0.2283 mae=0.536 r2=0.389 | ES 39/50
  Ep 133/300 | Tr loss=0.1444 mae=0.396 r2=0.481 | Vl loss=0.1027 mae=0.331 r2=0.578 | Te loss=0.2262 mae=0.533 r2=0.396 | ES 40/50
2026-04-30 10:54:15,021 | INFO |   Ep 133/300 | Tr loss=0.1444 mae=0.396 r2=0.481 | Vl loss=0.1027 mae=0.331 r2=0.578 | Te loss=0.2262 mae=0.533 r2=0.396 | ES 40/50
  Ep 134/300 | Tr loss=0.1438 mae=0.395 r2=0.483 | Vl loss=0.1041 mae=0.334 r2=0.573 | Te loss=0.2335 mae=0.540 r2=0.377 | ES 41/50
2026-04-30 10:54:27,770 | INFO |   Ep 134/300 | Tr loss=0.1438 mae=0.395 r2=0.483 | Vl loss=0.1041 mae=0.334 r2=0.573 | Te loss=0.2335 mae=0.540 r2=0.377 | ES 41/50
  Ep 135/300 | Tr loss=0.1440 mae=0.396 r2=0.484 | Vl loss=0.1038 mae=0.333 r2=0.574 | Te loss=0.2335 mae=0.541 r2=0.375 | ES 42/50
2026-04-30 10:54:40,657 | INFO |   Ep 135/300 | Tr loss=0.1440 mae=0.396 r2=0.484 | Vl loss=0.1038 mae=0.333 r2=0.574 | Te loss=0.2335 mae=0.541 r2=0.375 | ES 42/50
  Ep 136/300 | Tr loss=0.1447 mae=0.397 r2=0.480 | Vl loss=0.1032 mae=0.331 r2=0.576 | Te loss=0.2303 mae=0.538 r2=0.382 | ES 43/50
2026-04-30 10:54:53,435 | INFO |   Ep 136/300 | Tr loss=0.1447 mae=0.397 r2=0.480 | Vl loss=0.1032 mae=0.331 r2=0.576 | Te loss=0.2303 mae=0.538 r2=0.382 | ES 43/50
  Ep 137/300 | Tr loss=0.1443 mae=0.396 r2=0.482 | Vl loss=0.1029 mae=0.332 r2=0.577 | Te loss=0.2266 mae=0.533 r2=0.394 | ES 44/50
2026-04-30 10:55:06,301 | INFO |   Ep 137/300 | Tr loss=0.1443 mae=0.396 r2=0.482 | Vl loss=0.1029 mae=0.332 r2=0.577 | Te loss=0.2266 mae=0.533 r2=0.394 | ES 44/50
  Ep 138/300 | Tr loss=0.1442 mae=0.396 r2=0.483 | Vl loss=0.1029 mae=0.331 r2=0.577 | Te loss=0.2259 mae=0.532 r2=0.394 | ES 45/50
2026-04-30 10:55:19,328 | INFO |   Ep 138/300 | Tr loss=0.1442 mae=0.396 r2=0.483 | Vl loss=0.1029 mae=0.331 r2=0.577 | Te loss=0.2259 mae=0.532 r2=0.394 | ES 45/50
  Ep 139/300 | Tr loss=0.1450 mae=0.399 r2=0.479 | Vl loss=0.1026 mae=0.331 r2=0.578 | Te loss=0.2258 mae=0.532 r2=0.397 | ES 46/50
2026-04-30 10:55:32,186 | INFO |   Ep 139/300 | Tr loss=0.1450 mae=0.399 r2=0.479 | Vl loss=0.1026 mae=0.331 r2=0.578 | Te loss=0.2258 mae=0.532 r2=0.397 | ES 46/50
  Ep 140/300 | Tr loss=0.1441 mae=0.396 r2=0.482 | Vl loss=0.1042 mae=0.335 r2=0.573 | Te loss=0.2334 mae=0.542 r2=0.377 | ES 47/50
2026-04-30 10:55:44,945 | INFO |   Ep 140/300 | Tr loss=0.1441 mae=0.396 r2=0.482 | Vl loss=0.1042 mae=0.335 r2=0.573 | Te loss=0.2334 mae=0.542 r2=0.377 | ES 47/50
  Ep 141/300 | Tr loss=0.1446 mae=0.395 r2=0.481 | Vl loss=0.1033 mae=0.332 r2=0.576 | Te loss=0.2290 mae=0.536 r2=0.388 | ES 48/50
2026-04-30 10:55:57,781 | INFO |   Ep 141/300 | Tr loss=0.1446 mae=0.395 r2=0.481 | Vl loss=0.1033 mae=0.332 r2=0.576 | Te loss=0.2290 mae=0.536 r2=0.388 | ES 48/50
  Ep 142/300 | Tr loss=0.1444 mae=0.395 r2=0.481 | Vl loss=0.1035 mae=0.334 r2=0.575 | Te loss=0.2297 mae=0.538 r2=0.388 | ES 49/50
2026-04-30 10:56:10,600 | INFO |   Ep 142/300 | Tr loss=0.1444 mae=0.395 r2=0.481 | Vl loss=0.1035 mae=0.334 r2=0.575 | Te loss=0.2297 mae=0.538 r2=0.388 | ES 49/50
  Ep 143/300 | Tr loss=0.1453 mae=0.399 r2=0.479 | Vl loss=0.1027 mae=0.331 r2=0.578 | Te loss=0.2261 mae=0.533 r2=0.396 | ES 50/50
2026-04-30 10:56:23,327 | INFO |   Ep 143/300 | Tr loss=0.1453 mae=0.399 r2=0.479 | Vl loss=0.1027 mae=0.331 r2=0.578 | Te loss=0.2261 mae=0.533 r2=0.396 | ES 50/50

  ⏹  Early stopping at epoch 143 (best=93)
2026-04-30 10:56:23,327 | INFO | Early stopping at epoch 143 best=93

✓ Training complete!

  ── Final Test Results (best epoch = 93) ──────────────────
  Loss : 0.2265
  RMSE : 0.7137
  MAE  : 0.5318
  R²   : 0.3944
  ✓ Saved → /mvdlph/masa/GCN_SingleView_Regression_Results/plots/loss_curve.png
  ✓ Saved → /mvdlph/masa/GCN_SingleView_Regression_Results/plots/rmse_mae.png
  ✓ Saved → /mvdlph/masa/GCN_SingleView_Regression_Results/plots/r2_curve.png
  ✓ Saved → /mvdlph/masa/GCN_SingleView_Regression_Results/plots/regression_scatter_test.png
  ✓ Saved → /mvdlph/masa/GCN_SingleView_Regression_Results/plots/early_stopping.png
  ✓ History → /mvdlph/masa/GCN_SingleView_Regression_Results/logs/training_history.json
============================================================
DIAGNOSTIC 1: Per-exercise skeleton variance (C0)
============================================================
  Exercise      X-var      Y-var      Z-var  Z/X ratio
-------------------------------------------------------
        E0     0.0410     0.0595     0.0066      0.161
        E1     0.0453     0.0614     0.0069      0.151
        E2     0.0427     0.0633     0.0079      0.185
        E3     0.0430     0.0608     0.0068      0.159
        E4     0.0427     0.0610     0.0070      0.163
        E5     0.0420     0.0610     0.0070      0.166
        E6     0.0376     0.0591     0.0059      0.157
        E7     0.0469     0.0682     0.0086      0.183
        E8     0.0487     0.0654     0.0081      0.165
        E9     0.0485     0.0687     0.0092      0.190

============================================================
DIAGNOSTIC 2: Quality score distribution per split
============================================================
 Train: mean=4.166 std=0.764 min=1.58 max=5.00 | correct=1983 erroneous=1132
   Val: mean=4.184 std=0.716 min=2.28 max=5.00 | correct=633 erroneous=291
  Test: mean=3.923 std=0.918 min=1.34 max=5.00 | correct=654 erroneous=408
============================================================
  TRAINING SUMMARY — ST-GCN Regression (Single View)
============================================================
  Best Epoch       : 93  (stopped at 143)
  Best Val MAE     : 0.3288
  Best Val RMSE    : 0.4648
  Best Val R²      : 0.5786
────────────────────────────────────────────────────────────
  Test MAE         : 0.5318
  Test RMSE        : 0.7137
  Test R²          : 0.3944
============================================================
2026-04-30 10:56:28,396 | INFO | Best Epoch=93  stopped_epoch=143
2026-04-30 10:56:28,397 | INFO | Test MAE=0.5318
2026-04-30 10:56:28,397 | INFO | Test RMSE=0.7137
2026-04-30 10:56:28,397 | INFO | Test R²=0.3944

✓ Summary CSV saved → /mvdlph/masa/GCN_SingleView_Regression_Results/training_summary.csv
2026-04-30 10:56:28,401 | INFO | ✓ All done!
