✓ stdout → also writing to /mvdlph/masa/GCN_SingleView_Regression_Results/run_2026_05_20_19_20_27/logs/training_20260520_192027.log
2026-05-20 19:20:27,488 | INFO | ======================================================================
2026-05-20 19:20:27,488 | INFO | ST-GCN Single-View Regression | BZU Physiotherapy Dataset
2026-05-20 19:20:27,488 | INFO | Camera : CNone  |  Split : 70/15/15  |  Epochs : 300  |  Patience : 100
2026-05-20 19:20:27,489 | INFO | Log file : /mvdlph/masa/GCN_SingleView_Regression_Results/run_2026_05_20_19_20_27/logs/training_20260520_192027.log
2026-05-20 19:20:27,489 | INFO | ======================================================================
✓ parse_filename and load_skeleton defined

[TRAIN] NPZ files found : 9477
  Samples          : 9477
  Unique trials    : 327
  Quality mean±std : 4.127 ± 0.812
  Exercise dist    :
0     961
1     966
2     829
3     979
4     970
5     933
6     954
7     965
8     903
9    1017
  Samples (after camera filter) : 9477

[VALID] NPZ files found : 2790
  Samples          : 2790
  Unique trials    : 100
  Quality mean±std : 4.232 ± 0.741
  Exercise dist    :
0    326
1    316
2    295
3    298
4    322
5    312
6    302
7    304
8    181
9    134
  Samples (after camera filter) : 2790

[TEST] NPZ files found : 3108
  Samples          : 3108
  Unique trials    : 107
  Quality mean±std : 4.031 ± 0.777
  Exercise dist    :
0    465
1    326
2    258
3    319
4    287
5    321
6    314
7    319
8    317
9    182
  Samples (after camera filter) : 3108
  [TRAIN] ⚠️  Skipped 246 files from 13 groups with incomplete camera coverage
  [VALID] ⚠️  Skipped 133 files from 8 groups with incomplete camera coverage
       – E0_P1_T2  cameras=[0, 2]
       – E0_P1_T3  cameras=[1]
       – E3_P1_T2  cameras=[1]
       – E6_P6_T1  cameras=[0, 1]
       – E9_P1_T2  cameras=[0]
       – E9_P6_T0  cameras=[0, 2]
       – E9_P6_T1  cameras=[0, 2]
       – E9_P6_T2  cameras=[0, 2]
  [TEST] ✓ All groups have complete 3-camera coverage

Checking for corrupted files...
  [TRAIN] Removing 1 corrupted file(s)
  [TRAIN] Clean samples : 9230
  [VALID] Clean samples : 2657
  [TEST] Removing 2 corrupted file(s)
  [TEST] Clean samples : 3106

✓ No data-leakage detected across splits

════════════════════════════════════════════════════════════════════
  Split     Samples   Correct   Erroneous   Q mean   Q std   Q min   Q max
  ──────────────────────────────────────────────────────────────────
  Train        9230      5791        3439    4.110   0.816   1.340   5.000
  Val          2657      1783         874    4.213   0.753   2.280   5.000
  Test         3106      2015        1091    4.032   0.777   2.140   5.000
════════════════════════════════════════════════════════════════════

✓ Pre-split index ready  →  train / val / test DataFrames built
0    4957
1    5059
2    4977
Name: camera, dtype: int64

الكاميرات الموجودة: [0, 1, 2]
camera      0    1    2
exercise               
0         569  577  573
1         532  539  536
2         433  445  444
3         525  535  526
4         522  532  524
5         506  516  515
6         509  508  512
7         529  532  527
8         426  430  429
9         406  445  391
E0: correct=3 trials, erroneous=4 trials
E1: correct=3 trials, erroneous=4 trials
E2: correct=3 trials, erroneous=4 trials
E3: correct=3 trials, erroneous=4 trials
E4: correct=3 trials, erroneous=4 trials
E5: correct=3 trials, erroneous=4 trials
E6: correct=3 trials, erroneous=4 trials
E7: correct=3 trials, erroneous=4 trials
E8: correct=3 trials, erroneous=4 trials
E9: correct=3 trials, erroneous=4 trials

==================================================
  Train
==================================================
            mean     var  count
exercise                       
0         3.7666  0.9689    961
1         3.9712  0.7814    965
2         4.1213  0.5137    769
3         3.9960  0.8372    979
4         3.9478  0.9517    970
5         4.4163  0.2613    904
6         4.5599  0.3748    934
7         4.0967  0.4032    965
8         4.2859  0.5489    787
9         4.0087  0.4398    996

==================================================
  Val
==================================================
            mean     var  count
exercise                       
0         3.5421  0.8099    294
1         4.1279  0.5643    316
2         4.0944  0.7921    295
3         4.0612  0.4826    288
4         4.0298  0.7015    322
5         4.5072  0.2006    312
6         4.4658  0.2797    281
7         4.3882  0.1642    304
8         4.9000  0.0000    181
9         4.5667  0.0000     64

==================================================
  Test
==================================================
            mean     var  count
exercise                       
0         3.6497  0.6139    464
1         4.1929  0.6874    326
2         4.0202  0.6972    258
3         3.5135  0.4552    319
4         3.6531  0.5744    286
5         4.2727  0.3202    321
6         4.5168  0.4289    314
7         4.1202  0.2866    319
8         4.2798  0.6464    317
9         4.3854  0.0338    182

============================================================
  All Splits Combined
============================================================
                  mean     var  count
split exercise                       
Test  0         3.6497  0.6139    464
      1         4.1929  0.6874    326
      2         4.0202  0.6972    258
      3         3.5135  0.4552    319
      4         3.6531  0.5744    286
      5         4.2727  0.3202    321
      6         4.5168  0.4289    314
      7         4.1202  0.2866    319
      8         4.2798  0.6464    317
      9         4.3854  0.0338    182
Train 0         3.7666  0.9689    961
      1         3.9712  0.7814    965
      2         4.1213  0.5137    769
      3         3.9960  0.8372    979
      4         3.9478  0.9517    970
      5         4.4163  0.2613    904
      6         4.5599  0.3748    934
      7         4.0967  0.4032    965
      8         4.2859  0.5489    787
      9         4.0087  0.4398    996
Val   0         3.5421  0.8099    294
      1         4.1279  0.5643    316
      2         4.0944  0.7921    295
      3         4.0612  0.4826    288
      4         4.0298  0.7015    322
      5         4.5072  0.2006    312
      6         4.4658  0.2797    281
      7         4.3882  0.1642    304
      8         4.9000  0.0000    181
      9         4.5667  0.0000     64
Frame length distribution (sample of 500 files):
  min    = 31
  max    = 545
  mean   = 100.3
  median = 91.0
  std    = 44.9

Percentiles:
   25th = 73
   50th = 91
   75th = 122
   90th = 147
   95th = 165
   99th = 227

Value counts (top 10):
    81 frames →   13 files (2.6%)
    75 frames →   10 files (2.0%)
    74 frames →   10 files (2.0%)
   113 frames →    9 files (1.8%)
    83 frames →    9 files (1.8%)
    79 frames →    9 files (1.8%)
    77 frames →    9 files (1.8%)
    73 frames →    9 files (1.8%)
    68 frames →    9 files (1.8%)
    91 frames →    8 files (1.6%)
✓ Skeleton visualisation helpers defined
person                                                     P0
exercise                                                    0
trial_id                                                   T0
segment                                                     0
filepath    /mvdlph/Dataset_CVDLPT_Videos_Segments_P0P15_M...
Name: 10, dtype: object
Skeleton shape : (61, 17, 3)
X range : [-0.369, 0.592]
Y range : [-0.193, 0.198]
Z range : [0.000, 0.994]
  ✓ Skeleton plot saved → /mvdlph/masa/GCN_SingleView_Regression_Results/run_2026_05_20_19_20_27/plots/sample_skeleton_3views.png
  ✓ Motion frames saved → /mvdlph/masa/GCN_SingleView_Regression_Results/run_2026_05_20_19_20_27/plots/sample_skeleton_motion.png
Axis ranges across all frames:
X: [-0.369, 0.592] — likely left/right
Y: [-0.193, 0.198] — likely ???
Z: [0.000, 0.994] — likely height

Hip  mean XYZ: [0.         0.         0.32057488]
Head mean XYZ: [-0.14265826 -0.18420231  0.9668146 ]

Difference (head - hip): [-0.14265826 -0.18420231  0.6462397 ]

Camera 0:
  Hip  XYZ: [0.    0.    0.324]
  Head XYZ: [-0.144 -0.183  0.968]
  X range: [-0.37, 0.59]
  Z range: [0.00, 0.99]

Camera 1:
  Hip  XYZ: [0.    0.    0.321]
  Head XYZ: [-0.143 -0.184  0.967]
  X range: [-0.37, 0.59]
  Z range: [0.00, 0.99]

Camera 2:
  Hip  XYZ: [0.    0.    0.316]
  Head XYZ: [-0.142 -0.185  0.966]
  X range: [-0.37, 0.59]
  Z range: [0.00, 0.99]
✓ BZUDataset defined (regression only)
Joint distances from Hip (body center):
  Joint  0 (Hip         ) distance=0  
  Joint  1 (R-Hip       ) distance=1  ─
  Joint  2 (R-Knee      ) distance=2  ──
  Joint  3 (R-Ankle     ) distance=3  ───
  Joint  4 (L-Hip       ) distance=1  ─
  Joint  5 (L-Knee      ) distance=2  ──
  Joint  6 (L-Ankle     ) distance=3  ───
  Joint  7 (Spine       ) distance=1  ─
  Joint  8 (Thorax      ) distance=2  ──
  Joint  9 (Neck        ) distance=3  ───
  Joint 10 (Head        ) distance=4  ────
  Joint 11 (L-Shoulder  ) distance=3  ───
  Joint 12 (L-Elbow     ) distance=4  ────
  Joint 13 (L-Wrist     ) distance=5  ─────
  Joint 14 (R-Shoulder  ) distance=3  ───
  Joint 15 (R-Elbow     ) distance=4  ────
  Joint 16 (R-Wrist     ) distance=5  ─────

✓ True ST-GCN sanity check passed — output shape: torch.Size([2])
✓ Total trainable parameters: 521,148
✓ STGCN_Regression (True ST-GCN, Yan et al. AAAI 2018) defined
Device : cuda
GPU    : Tesla V100-PCIE-32GB
✓ centre_and_scale and run_epoch (regression) defined
=================================================================
Quality score distribution audit
=================================================================
  ✓ Saved → /mvdlph/masa/GCN_SingleView_Regression_Results/run_2026_05_20_19_20_27/plots/split_quality_distributions.png

Split    Type              n    mean     std    min    25%    50%    75%    max
----------------------------------------------------------------------
Train    Correct (T≤2)   5791   4.585   0.304   3.68   4.40   4.60   4.83   5.00
Train    Erroneous (T≥3)   3439   3.310   0.781   1.34   2.83   3.44   3.86   4.82

Val      Correct (T≤2)   1783   4.652   0.306   3.56   4.50   4.74   4.90   5.00
Val      Erroneous (T≥3)    874   3.319   0.584   2.28   2.85   3.20   3.72   4.54

Test     Correct (T≤2)   2015   4.491   0.417   3.40   4.20   4.58   4.80   5.00
Test     Erroneous (T≥3)   1091   3.183   0.535   2.14   2.74   3.22   3.54   4.38

=================================================================
Person distribution across splits
=================================================================
  Train : ['P0', 'P10', 'P14', 'P15', 'P2', 'P3', 'P4', 'P5', 'P7']
  Val   : ['P1', 'P11', 'P6']
  Test  : ['P12', 'P13', 'P8', 'P9']

Per-person quality mean per split:

  Train:
         mean    std  count
person                     
P0      4.494  0.351    787
P10     3.281  0.914   1499
P14     3.660  0.847   1354
P15     3.647  0.702   1412
P2      4.720  0.194    826
P3      4.571  0.215    785
P4      4.567  0.267    817
P5      4.663  0.261    880
P7      4.655  0.226    870

  Val:
         mean    std  count
person                     
P1      4.804  0.134    814
P11     3.523  0.699   1087
P6      4.570  0.288    756

  Test:
         mean    std  count
person                     
P12     3.148  0.661    668
P13     3.684  0.648    693
P8      4.603  0.324    872
P9      4.413  0.459    873

=================================================================
Exercise balance across splits
=================================================================
    Train  Val  Test  Train%  Val%  Test%
E0    961  294   464    10.4  11.1   14.9
E1    965  316   326    10.5  11.9   10.5
E2    769  295   258     8.3  11.1    8.3
E3    979  288   319    10.6  10.8   10.3
E4    970  322   286    10.5  12.1    9.2
E5    904  312   321     9.8  11.7   10.3
E6    934  281   314    10.1  10.6   10.1
E7    965  304   319    10.5  11.4   10.3
E8    787  181   317     8.5   6.8   10.2
E9    996   64   182    10.8   2.4    5.9
✓ Plotting helpers (regression) defined
✓ EarlyStopping defined (monitoring MAE)
Train before mirroring: 9230
Train after  mirroring: 18460
2026-05-20 19:20:57,122 | INFO | ======================================================================
2026-05-20 19:20:57,123 | INFO | STARTING REGRESSION TRAINING  (with Early Stopping on MAE)
2026-05-20 19:20:57,123 | INFO | ======================================================================
2026-05-20 19:20:57,123 | INFO | train=9230 val=2657 test=3106

════════════════════════════════════════════════════════════════════
  Camera CNone  |  Train: 9230  Val: 2657  Test: 3106
  Patience: 100  |  LR: 1e-4  |  Batch: 48
════════════════════════════════════════════════════════════════════
  Ep   1/300 | Tr loss=0.2738 mae=0.594 r2=0.318 pcc=0.620 | Vl loss=0.1425 mae=0.450 r2=0.483 pcc=0.790 | ES 0/100 ★
2026-05-20 19:22:03,820 | INFO |   Ep   1/300 | Tr loss=0.2738 mae=0.594 r2=0.318 pcc=0.620 | Vl loss=0.1425 mae=0.450 r2=0.483 pcc=0.790 | ES 0/100 ★
    ★ val_mae=0.4495  rmse=0.5413  r2=0.4830  pcc=0.7897
  Ep   2/300 | Tr loss=0.2019 mae=0.502 r2=0.529 pcc=0.728 | Vl loss=0.1344 mae=0.436 r2=0.517 pcc=0.790 | ES 0/100 ★
2026-05-20 19:23:10,347 | INFO |   Ep   2/300 | Tr loss=0.2019 mae=0.502 r2=0.529 pcc=0.728 | Vl loss=0.1344 mae=0.436 r2=0.517 pcc=0.790 | ES 0/100 ★
    ★ val_mae=0.4356  rmse=0.5235  r2=0.5165  pcc=0.7902
  Ep   3/300 | Tr loss=0.1919 mae=0.485 r2=0.559 pcc=0.748 | Vl loss=0.1110 mae=0.352 r2=0.590 pcc=0.822 | ES 0/100 ★
2026-05-20 19:24:16,554 | INFO |   Ep   3/300 | Tr loss=0.1919 mae=0.485 r2=0.559 pcc=0.748 | Vl loss=0.1110 mae=0.352 r2=0.590 pcc=0.822 | ES 0/100 ★
    ★ val_mae=0.3520  rmse=0.4824  r2=0.5895  pcc=0.8225
  Ep   4/300 | Tr loss=0.1895 mae=0.478 r2=0.558 pcc=0.747 | Vl loss=0.1105 mae=0.371 r2=0.600 pcc=0.817 | ES 1/100
2026-05-20 19:25:23,351 | INFO |   Ep   4/300 | Tr loss=0.1895 mae=0.478 r2=0.558 pcc=0.747 | Vl loss=0.1105 mae=0.371 r2=0.600 pcc=0.817 | ES 1/100
  Ep   5/300 | Tr loss=0.1911 mae=0.482 r2=0.552 pcc=0.744 | Vl loss=0.1107 mae=0.378 r2=0.603 pcc=0.828 | ES 2/100
2026-05-20 19:26:30,076 | INFO |   Ep   5/300 | Tr loss=0.1911 mae=0.482 r2=0.552 pcc=0.744 | Vl loss=0.1107 mae=0.378 r2=0.603 pcc=0.828 | ES 2/100
  Ep   6/300 | Tr loss=0.1842 mae=0.467 r2=0.569 pcc=0.755 | Vl loss=0.1177 mae=0.359 r2=0.558 pcc=0.806 | ES 3/100
2026-05-20 19:27:36,512 | INFO |   Ep   6/300 | Tr loss=0.1842 mae=0.467 r2=0.569 pcc=0.755 | Vl loss=0.1177 mae=0.359 r2=0.558 pcc=0.806 | ES 3/100
  Ep   7/300 | Tr loss=0.1880 mae=0.475 r2=0.564 pcc=0.751 | Vl loss=0.1048 mae=0.319 r2=0.603 pcc=0.808 | ES 0/100 ★
2026-05-20 19:28:42,830 | INFO |   Ep   7/300 | Tr loss=0.1880 mae=0.475 r2=0.564 pcc=0.751 | Vl loss=0.1048 mae=0.319 r2=0.603 pcc=0.808 | ES 0/100 ★
    ★ val_mae=0.3187  rmse=0.4741  r2=0.6034  pcc=0.8085
  Ep   8/300 | Tr loss=0.1865 mae=0.469 r2=0.567 pcc=0.754 | Vl loss=0.0947 mae=0.303 r2=0.651 pcc=0.823 | ES 0/100 ★
2026-05-20 19:29:49,127 | INFO |   Ep   8/300 | Tr loss=0.1865 mae=0.469 r2=0.567 pcc=0.754 | Vl loss=0.0947 mae=0.303 r2=0.651 pcc=0.823 | ES 0/100 ★
    ★ val_mae=0.3026  rmse=0.4450  r2=0.6507  pcc=0.8229
  Ep   9/300 | Tr loss=0.1853 mae=0.468 r2=0.572 pcc=0.757 | Vl loss=0.1320 mae=0.413 r2=0.522 pcc=0.798 | ES 1/100
2026-05-20 19:30:55,338 | INFO |   Ep   9/300 | Tr loss=0.1853 mae=0.468 r2=0.572 pcc=0.757 | Vl loss=0.1320 mae=0.413 r2=0.522 pcc=0.798 | ES 1/100
  Ep  10/300 | Tr loss=0.1810 mae=0.462 r2=0.579 pcc=0.761 | Vl loss=0.1101 mae=0.313 r2=0.580 pcc=0.817 | ES 2/100
2026-05-20 19:32:01,306 | INFO |   Ep  10/300 | Tr loss=0.1810 mae=0.462 r2=0.579 pcc=0.761 | Vl loss=0.1101 mae=0.313 r2=0.580 pcc=0.817 | ES 2/100
  Ep  11/300 | Tr loss=0.1799 mae=0.459 r2=0.581 pcc=0.763 | Vl loss=0.1256 mae=0.369 r2=0.535 pcc=0.820 | ES 3/100
2026-05-20 19:33:07,079 | INFO |   Ep  11/300 | Tr loss=0.1799 mae=0.459 r2=0.581 pcc=0.763 | Vl loss=0.1256 mae=0.369 r2=0.535 pcc=0.820 | ES 3/100
  Ep  12/300 | Tr loss=0.1788 mae=0.458 r2=0.587 pcc=0.766 | Vl loss=0.1018 mae=0.288 r2=0.612 pcc=0.831 | ES 0/100 ★
2026-05-20 19:34:13,078 | INFO |   Ep  12/300 | Tr loss=0.1788 mae=0.458 r2=0.587 pcc=0.766 | Vl loss=0.1018 mae=0.288 r2=0.612 pcc=0.831 | ES 0/100 ★
    ★ val_mae=0.2880  rmse=0.4689  r2=0.6120  pcc=0.8312
  Ep  13/300 | Tr loss=0.1757 mae=0.453 r2=0.596 pcc=0.772 | Vl loss=0.0978 mae=0.298 r2=0.637 pcc=0.830 | ES 1/100
2026-05-20 19:35:19,203 | INFO |   Ep  13/300 | Tr loss=0.1757 mae=0.453 r2=0.596 pcc=0.772 | Vl loss=0.0978 mae=0.298 r2=0.637 pcc=0.830 | ES 1/100
  Ep  14/300 | Tr loss=0.1805 mae=0.459 r2=0.578 pcc=0.760 | Vl loss=0.1043 mae=0.317 r2=0.611 pcc=0.821 | ES 2/100
2026-05-20 19:36:24,929 | INFO |   Ep  14/300 | Tr loss=0.1805 mae=0.459 r2=0.578 pcc=0.760 | Vl loss=0.1043 mae=0.317 r2=0.611 pcc=0.821 | ES 2/100
  Ep  15/300 | Tr loss=0.1804 mae=0.460 r2=0.581 pcc=0.762 | Vl loss=0.1227 mae=0.328 r2=0.522 pcc=0.828 | ES 3/100
2026-05-20 19:37:31,114 | INFO |   Ep  15/300 | Tr loss=0.1804 mae=0.460 r2=0.581 pcc=0.762 | Vl loss=0.1227 mae=0.328 r2=0.522 pcc=0.828 | ES 3/100
  Ep  16/300 | Tr loss=0.1716 mae=0.446 r2=0.595 pcc=0.772 | Vl loss=0.1161 mae=0.326 r2=0.556 pcc=0.823 | ES 4/100
2026-05-20 19:38:37,248 | INFO |   Ep  16/300 | Tr loss=0.1716 mae=0.446 r2=0.595 pcc=0.772 | Vl loss=0.1161 mae=0.326 r2=0.556 pcc=0.823 | ES 4/100
  Ep  17/300 | Tr loss=0.1751 mae=0.449 r2=0.587 pcc=0.766 | Vl loss=0.1009 mae=0.301 r2=0.621 pcc=0.818 | ES 5/100
2026-05-20 19:39:43,206 | INFO |   Ep  17/300 | Tr loss=0.1751 mae=0.449 r2=0.587 pcc=0.766 | Vl loss=0.1009 mae=0.301 r2=0.621 pcc=0.818 | ES 5/100
  Ep  18/300 | Tr loss=0.1770 mae=0.452 r2=0.594 pcc=0.771 | Vl loss=0.1080 mae=0.315 r2=0.595 pcc=0.826 | ES 6/100
2026-05-20 19:40:49,346 | INFO |   Ep  18/300 | Tr loss=0.1770 mae=0.452 r2=0.594 pcc=0.771 | Vl loss=0.1080 mae=0.315 r2=0.595 pcc=0.826 | ES 6/100
  Ep  19/300 | Tr loss=0.1755 mae=0.452 r2=0.595 pcc=0.772 | Vl loss=0.1172 mae=0.319 r2=0.547 pcc=0.822 | ES 7/100
2026-05-20 19:41:55,658 | INFO |   Ep  19/300 | Tr loss=0.1755 mae=0.452 r2=0.595 pcc=0.772 | Vl loss=0.1172 mae=0.319 r2=0.547 pcc=0.822 | ES 7/100
  Ep  20/300 | Tr loss=0.1780 mae=0.453 r2=0.584 pcc=0.764 | Vl loss=0.1116 mae=0.310 r2=0.572 pcc=0.813 | ES 8/100
2026-05-20 19:43:02,188 | INFO |   Ep  20/300 | Tr loss=0.1780 mae=0.453 r2=0.584 pcc=0.764 | Vl loss=0.1116 mae=0.310 r2=0.572 pcc=0.813 | ES 8/100
  Ep  21/300 | Tr loss=0.1729 mae=0.446 r2=0.599 pcc=0.774 | Vl loss=0.0989 mae=0.292 r2=0.630 pcc=0.829 | ES 9/100
2026-05-20 19:44:08,410 | INFO |   Ep  21/300 | Tr loss=0.1729 mae=0.446 r2=0.599 pcc=0.774 | Vl loss=0.0989 mae=0.292 r2=0.630 pcc=0.829 | ES 9/100
  Ep  22/300 | Tr loss=0.1740 mae=0.447 r2=0.594 pcc=0.771 | Vl loss=0.1173 mae=0.316 r2=0.546 pcc=0.820 | ES 10/100
2026-05-20 19:45:14,671 | INFO |   Ep  22/300 | Tr loss=0.1740 mae=0.447 r2=0.594 pcc=0.771 | Vl loss=0.1173 mae=0.316 r2=0.546 pcc=0.820 | ES 10/100
  Ep  23/300 | Tr loss=0.1703 mae=0.444 r2=0.602 pcc=0.776 | Vl loss=0.1113 mae=0.307 r2=0.576 pcc=0.811 | ES 11/100
2026-05-20 19:46:20,679 | INFO |   Ep  23/300 | Tr loss=0.1703 mae=0.444 r2=0.602 pcc=0.776 | Vl loss=0.1113 mae=0.307 r2=0.576 pcc=0.811 | ES 11/100
  Ep  24/300 | Tr loss=0.1749 mae=0.449 r2=0.596 pcc=0.772 | Vl loss=0.1187 mae=0.324 r2=0.539 pcc=0.814 | ES 12/100
2026-05-20 19:47:26,714 | INFO |   Ep  24/300 | Tr loss=0.1749 mae=0.449 r2=0.596 pcc=0.772 | Vl loss=0.1187 mae=0.324 r2=0.539 pcc=0.814 | ES 12/100
  Ep  25/300 | Tr loss=0.1725 mae=0.445 r2=0.596 pcc=0.773 | Vl loss=0.1126 mae=0.309 r2=0.567 pcc=0.814 | ES 13/100
2026-05-20 19:48:33,330 | INFO |   Ep  25/300 | Tr loss=0.1725 mae=0.445 r2=0.596 pcc=0.773 | Vl loss=0.1126 mae=0.309 r2=0.567 pcc=0.814 | ES 13/100
  Ep  26/300 | Tr loss=0.1694 mae=0.438 r2=0.605 pcc=0.778 | Vl loss=0.1099 mae=0.305 r2=0.578 pcc=0.819 | ES 14/100
2026-05-20 19:49:39,492 | INFO |   Ep  26/300 | Tr loss=0.1694 mae=0.438 r2=0.605 pcc=0.778 | Vl loss=0.1099 mae=0.305 r2=0.578 pcc=0.819 | ES 14/100
  Ep  27/300 | Tr loss=0.1708 mae=0.441 r2=0.599 pcc=0.775 | Vl loss=0.1162 mae=0.316 r2=0.551 pcc=0.811 | ES 15/100
2026-05-20 19:50:45,506 | INFO |   Ep  27/300 | Tr loss=0.1708 mae=0.441 r2=0.599 pcc=0.775 | Vl loss=0.1162 mae=0.316 r2=0.551 pcc=0.811 | ES 15/100
  Ep  28/300 | Tr loss=0.1711 mae=0.442 r2=0.607 pcc=0.779 | Vl loss=0.1213 mae=0.329 r2=0.529 pcc=0.815 | ES 16/100
2026-05-20 19:51:51,644 | INFO |   Ep  28/300 | Tr loss=0.1711 mae=0.442 r2=0.607 pcc=0.779 | Vl loss=0.1213 mae=0.329 r2=0.529 pcc=0.815 | ES 16/100
  Ep  29/300 | Tr loss=0.1719 mae=0.442 r2=0.595 pcc=0.772 | Vl loss=0.1067 mae=0.302 r2=0.591 pcc=0.820 | ES 17/100
2026-05-20 19:52:58,168 | INFO |   Ep  29/300 | Tr loss=0.1719 mae=0.442 r2=0.595 pcc=0.772 | Vl loss=0.1067 mae=0.302 r2=0.591 pcc=0.820 | ES 17/100
  Ep  30/300 | Tr loss=0.1675 mae=0.435 r2=0.609 pcc=0.780 | Vl loss=0.0978 mae=0.287 r2=0.633 pcc=0.829 | ES 0/100 ★
2026-05-20 19:54:04,214 | INFO |   Ep  30/300 | Tr loss=0.1675 mae=0.435 r2=0.609 pcc=0.780 | Vl loss=0.0978 mae=0.287 r2=0.633 pcc=0.829 | ES 0/100 ★
    ★ val_mae=0.2867  rmse=0.4559  r2=0.6333  pcc=0.8287
  Ep  31/300 | Tr loss=0.1719 mae=0.442 r2=0.600 pcc=0.775 | Vl loss=0.1089 mae=0.310 r2=0.583 pcc=0.816 | ES 1/100
2026-05-20 19:55:10,295 | INFO |   Ep  31/300 | Tr loss=0.1719 mae=0.442 r2=0.600 pcc=0.775 | Vl loss=0.1089 mae=0.310 r2=0.583 pcc=0.816 | ES 1/100
  Ep  32/300 | Tr loss=0.1733 mae=0.444 r2=0.600 pcc=0.775 | Vl loss=0.1119 mae=0.313 r2=0.570 pcc=0.821 | ES 2/100
2026-05-20 19:56:16,119 | INFO |   Ep  32/300 | Tr loss=0.1733 mae=0.444 r2=0.600 pcc=0.775 | Vl loss=0.1119 mae=0.313 r2=0.570 pcc=0.821 | ES 2/100
  Ep  33/300 | Tr loss=0.1694 mae=0.440 r2=0.610 pcc=0.781 | Vl loss=0.1174 mae=0.319 r2=0.542 pcc=0.824 | ES 3/100
2026-05-20 19:57:22,325 | INFO |   Ep  33/300 | Tr loss=0.1694 mae=0.440 r2=0.610 pcc=0.781 | Vl loss=0.1174 mae=0.319 r2=0.542 pcc=0.824 | ES 3/100
  Ep  34/300 | Tr loss=0.1706 mae=0.441 r2=0.600 pcc=0.775 | Vl loss=0.1177 mae=0.322 r2=0.540 pcc=0.820 | ES 4/100
2026-05-20 19:58:28,169 | INFO |   Ep  34/300 | Tr loss=0.1706 mae=0.441 r2=0.600 pcc=0.775 | Vl loss=0.1177 mae=0.322 r2=0.540 pcc=0.820 | ES 4/100
  Ep  35/300 | Tr loss=0.1697 mae=0.438 r2=0.601 pcc=0.775 | Vl loss=0.1091 mae=0.313 r2=0.582 pcc=0.821 | ES 5/100
2026-05-20 19:59:33,996 | INFO |   Ep  35/300 | Tr loss=0.1697 mae=0.438 r2=0.601 pcc=0.775 | Vl loss=0.1091 mae=0.313 r2=0.582 pcc=0.821 | ES 5/100
  Ep  36/300 | Tr loss=0.1714 mae=0.442 r2=0.598 pcc=0.773 | Vl loss=0.0971 mae=0.296 r2=0.633 pcc=0.825 | ES 6/100
2026-05-20 20:00:40,032 | INFO |   Ep  36/300 | Tr loss=0.1714 mae=0.442 r2=0.598 pcc=0.773 | Vl loss=0.0971 mae=0.296 r2=0.633 pcc=0.825 | ES 6/100
  Ep  37/300 | Tr loss=0.1703 mae=0.440 r2=0.608 pcc=0.780 | Vl loss=0.0973 mae=0.294 r2=0.636 pcc=0.835 | ES 7/100
2026-05-20 20:01:45,988 | INFO |   Ep  37/300 | Tr loss=0.1703 mae=0.440 r2=0.608 pcc=0.780 | Vl loss=0.0973 mae=0.294 r2=0.636 pcc=0.835 | ES 7/100
  Ep  38/300 | Tr loss=0.1714 mae=0.441 r2=0.599 pcc=0.774 | Vl loss=0.0955 mae=0.295 r2=0.645 pcc=0.825 | ES 8/100
2026-05-20 20:02:51,940 | INFO |   Ep  38/300 | Tr loss=0.1714 mae=0.441 r2=0.599 pcc=0.774 | Vl loss=0.0955 mae=0.295 r2=0.645 pcc=0.825 | ES 8/100
  Ep  39/300 | Tr loss=0.1682 mae=0.436 r2=0.610 pcc=0.782 | Vl loss=0.0933 mae=0.293 r2=0.653 pcc=0.829 | ES 9/100
2026-05-20 20:03:57,940 | INFO |   Ep  39/300 | Tr loss=0.1682 mae=0.436 r2=0.610 pcc=0.782 | Vl loss=0.0933 mae=0.293 r2=0.653 pcc=0.829 | ES 9/100
  Ep  40/300 | Tr loss=0.1677 mae=0.436 r2=0.605 pcc=0.778 | Vl loss=0.0972 mae=0.296 r2=0.634 pcc=0.825 | ES 10/100
2026-05-20 20:05:04,461 | INFO |   Ep  40/300 | Tr loss=0.1677 mae=0.436 r2=0.605 pcc=0.778 | Vl loss=0.0972 mae=0.296 r2=0.634 pcc=0.825 | ES 10/100
  Ep  41/300 | Tr loss=0.1691 mae=0.438 r2=0.608 pcc=0.780 | Vl loss=0.0950 mae=0.292 r2=0.646 pcc=0.824 | ES 11/100
2026-05-20 20:06:10,662 | INFO |   Ep  41/300 | Tr loss=0.1691 mae=0.438 r2=0.608 pcc=0.780 | Vl loss=0.0950 mae=0.292 r2=0.646 pcc=0.824 | ES 11/100
  Ep  42/300 | Tr loss=0.1672 mae=0.435 r2=0.606 pcc=0.779 | Vl loss=0.0968 mae=0.292 r2=0.639 pcc=0.829 | ES 12/100
2026-05-20 20:07:16,855 | INFO |   Ep  42/300 | Tr loss=0.1672 mae=0.435 r2=0.606 pcc=0.779 | Vl loss=0.0968 mae=0.292 r2=0.639 pcc=0.829 | ES 12/100
  Ep  43/300 | Tr loss=0.1700 mae=0.438 r2=0.605 pcc=0.778 | Vl loss=0.0951 mae=0.292 r2=0.644 pcc=0.821 | ES 13/100
2026-05-20 20:08:22,540 | INFO |   Ep  43/300 | Tr loss=0.1700 mae=0.438 r2=0.605 pcc=0.778 | Vl loss=0.0951 mae=0.292 r2=0.644 pcc=0.821 | ES 13/100
  Ep  44/300 | Tr loss=0.1680 mae=0.436 r2=0.610 pcc=0.781 | Vl loss=0.0972 mae=0.289 r2=0.637 pcc=0.827 | ES 14/100
2026-05-20 20:09:28,464 | INFO |   Ep  44/300 | Tr loss=0.1680 mae=0.436 r2=0.610 pcc=0.781 | Vl loss=0.0972 mae=0.289 r2=0.637 pcc=0.827 | ES 14/100
  Ep  45/300 | Tr loss=0.1669 mae=0.434 r2=0.615 pcc=0.785 | Vl loss=0.1001 mae=0.298 r2=0.622 pcc=0.822 | ES 15/100
2026-05-20 20:10:34,450 | INFO |   Ep  45/300 | Tr loss=0.1669 mae=0.434 r2=0.615 pcc=0.785 | Vl loss=0.1001 mae=0.298 r2=0.622 pcc=0.822 | ES 15/100
  Ep  46/300 | Tr loss=0.1718 mae=0.441 r2=0.602 pcc=0.776 | Vl loss=0.0922 mae=0.292 r2=0.661 pcc=0.831 | ES 16/100
2026-05-20 20:11:40,375 | INFO |   Ep  46/300 | Tr loss=0.1718 mae=0.441 r2=0.602 pcc=0.776 | Vl loss=0.0922 mae=0.292 r2=0.661 pcc=0.831 | ES 16/100
  Ep  47/300 | Tr loss=0.1684 mae=0.437 r2=0.606 pcc=0.779 | Vl loss=0.1024 mae=0.301 r2=0.613 pcc=0.818 | ES 17/100
2026-05-20 20:12:46,382 | INFO |   Ep  47/300 | Tr loss=0.1684 mae=0.437 r2=0.606 pcc=0.779 | Vl loss=0.1024 mae=0.301 r2=0.613 pcc=0.818 | ES 17/100
  Ep  48/300 | Tr loss=0.1677 mae=0.436 r2=0.609 pcc=0.780 | Vl loss=0.0975 mae=0.294 r2=0.634 pcc=0.819 | ES 18/100
2026-05-20 20:13:52,288 | INFO |   Ep  48/300 | Tr loss=0.1677 mae=0.436 r2=0.609 pcc=0.780 | Vl loss=0.0975 mae=0.294 r2=0.634 pcc=0.819 | ES 18/100
  Ep  49/300 | Tr loss=0.1697 mae=0.439 r2=0.604 pcc=0.777 | Vl loss=0.0944 mae=0.293 r2=0.649 pcc=0.815 | ES 19/100
2026-05-20 20:14:58,394 | INFO |   Ep  49/300 | Tr loss=0.1697 mae=0.439 r2=0.604 pcc=0.777 | Vl loss=0.0944 mae=0.293 r2=0.649 pcc=0.815 | ES 19/100
  Ep  50/300 | Tr loss=0.1689 mae=0.437 r2=0.604 pcc=0.777 | Vl loss=0.0951 mae=0.295 r2=0.643 pcc=0.820 | ES 20/100
2026-05-20 20:16:04,247 | INFO |   Ep  50/300 | Tr loss=0.1689 mae=0.437 r2=0.604 pcc=0.777 | Vl loss=0.0951 mae=0.295 r2=0.643 pcc=0.820 | ES 20/100
  Ep  51/300 | Tr loss=0.1692 mae=0.436 r2=0.603 pcc=0.777 | Vl loss=0.0983 mae=0.302 r2=0.629 pcc=0.825 | ES 21/100
2026-05-20 20:17:10,100 | INFO |   Ep  51/300 | Tr loss=0.1692 mae=0.436 r2=0.603 pcc=0.777 | Vl loss=0.0983 mae=0.302 r2=0.629 pcc=0.825 | ES 21/100
  Ep  52/300 | Tr loss=0.1684 mae=0.437 r2=0.605 pcc=0.778 | Vl loss=0.1028 mae=0.301 r2=0.611 pcc=0.825 | ES 22/100
2026-05-20 20:18:16,294 | INFO |   Ep  52/300 | Tr loss=0.1684 mae=0.437 r2=0.605 pcc=0.778 | Vl loss=0.1028 mae=0.301 r2=0.611 pcc=0.825 | ES 22/100
  Ep  53/300 | Tr loss=0.1671 mae=0.434 r2=0.614 pcc=0.784 | Vl loss=0.0999 mae=0.296 r2=0.623 pcc=0.830 | ES 23/100
2026-05-20 20:19:22,032 | INFO |   Ep  53/300 | Tr loss=0.1671 mae=0.434 r2=0.614 pcc=0.784 | Vl loss=0.0999 mae=0.296 r2=0.623 pcc=0.830 | ES 23/100
  Ep  54/300 | Tr loss=0.1673 mae=0.435 r2=0.610 pcc=0.781 | Vl loss=0.1017 mae=0.300 r2=0.614 pcc=0.824 | ES 24/100
2026-05-20 20:20:28,034 | INFO |   Ep  54/300 | Tr loss=0.1673 mae=0.435 r2=0.610 pcc=0.781 | Vl loss=0.1017 mae=0.300 r2=0.614 pcc=0.824 | ES 24/100
  Ep  55/300 | Tr loss=0.1678 mae=0.436 r2=0.608 pcc=0.780 | Vl loss=0.0988 mae=0.297 r2=0.627 pcc=0.822 | ES 25/100
2026-05-20 20:21:34,199 | INFO |   Ep  55/300 | Tr loss=0.1678 mae=0.436 r2=0.608 pcc=0.780 | Vl loss=0.0988 mae=0.297 r2=0.627 pcc=0.822 | ES 25/100
  Ep  56/300 | Tr loss=0.1656 mae=0.431 r2=0.615 pcc=0.785 | Vl loss=0.1002 mae=0.298 r2=0.622 pcc=0.823 | ES 26/100
2026-05-20 20:22:39,994 | INFO |   Ep  56/300 | Tr loss=0.1656 mae=0.431 r2=0.615 pcc=0.785 | Vl loss=0.1002 mae=0.298 r2=0.622 pcc=0.823 | ES 26/100
  Ep  57/300 | Tr loss=0.1641 mae=0.431 r2=0.616 pcc=0.785 | Vl loss=0.1064 mae=0.304 r2=0.596 pcc=0.832 | ES 27/100
2026-05-20 20:23:45,799 | INFO |   Ep  57/300 | Tr loss=0.1641 mae=0.431 r2=0.616 pcc=0.785 | Vl loss=0.1064 mae=0.304 r2=0.596 pcc=0.832 | ES 27/100
  Ep  58/300 | Tr loss=0.1634 mae=0.428 r2=0.619 pcc=0.787 | Vl loss=0.1018 mae=0.300 r2=0.617 pcc=0.829 | ES 28/100
2026-05-20 20:24:52,267 | INFO |   Ep  58/300 | Tr loss=0.1634 mae=0.428 r2=0.619 pcc=0.787 | Vl loss=0.1018 mae=0.300 r2=0.617 pcc=0.829 | ES 28/100
  Ep  59/300 | Tr loss=0.1641 mae=0.429 r2=0.614 pcc=0.784 | Vl loss=0.0983 mae=0.296 r2=0.632 pcc=0.827 | ES 29/100
2026-05-20 20:25:58,480 | INFO |   Ep  59/300 | Tr loss=0.1641 mae=0.429 r2=0.614 pcc=0.784 | Vl loss=0.0983 mae=0.296 r2=0.632 pcc=0.827 | ES 29/100
  Ep  60/300 | Tr loss=0.1636 mae=0.430 r2=0.618 pcc=0.786 | Vl loss=0.1097 mae=0.312 r2=0.579 pcc=0.824 | ES 30/100
2026-05-20 20:27:04,537 | INFO |   Ep  60/300 | Tr loss=0.1636 mae=0.430 r2=0.618 pcc=0.786 | Vl loss=0.1097 mae=0.312 r2=0.579 pcc=0.824 | ES 30/100
  Ep  61/300 | Tr loss=0.1654 mae=0.432 r2=0.615 pcc=0.784 | Vl loss=0.1095 mae=0.310 r2=0.579 pcc=0.817 | ES 31/100
2026-05-20 20:28:10,579 | INFO |   Ep  61/300 | Tr loss=0.1654 mae=0.432 r2=0.615 pcc=0.784 | Vl loss=0.1095 mae=0.310 r2=0.579 pcc=0.817 | ES 31/100
  Ep  62/300 | Tr loss=0.1650 mae=0.432 r2=0.622 pcc=0.789 | Vl loss=0.1041 mae=0.304 r2=0.607 pcc=0.821 | ES 32/100
2026-05-20 20:29:17,353 | INFO |   Ep  62/300 | Tr loss=0.1650 mae=0.432 r2=0.622 pcc=0.789 | Vl loss=0.1041 mae=0.304 r2=0.607 pcc=0.821 | ES 32/100
  Ep  63/300 | Tr loss=0.1674 mae=0.435 r2=0.607 pcc=0.779 | Vl loss=0.1038 mae=0.303 r2=0.609 pcc=0.818 | ES 33/100
2026-05-20 20:30:23,374 | INFO |   Ep  63/300 | Tr loss=0.1674 mae=0.435 r2=0.607 pcc=0.779 | Vl loss=0.1038 mae=0.303 r2=0.609 pcc=0.818 | ES 33/100
  Ep  64/300 | Tr loss=0.1654 mae=0.431 r2=0.614 pcc=0.784 | Vl loss=0.1085 mae=0.309 r2=0.585 pcc=0.821 | ES 34/100
2026-05-20 20:31:29,711 | INFO |   Ep  64/300 | Tr loss=0.1654 mae=0.431 r2=0.614 pcc=0.784 | Vl loss=0.1085 mae=0.309 r2=0.585 pcc=0.821 | ES 34/100
  Ep  65/300 | Tr loss=0.1635 mae=0.427 r2=0.623 pcc=0.790 | Vl loss=0.1077 mae=0.313 r2=0.589 pcc=0.819 | ES 35/100
2026-05-20 20:32:36,440 | INFO |   Ep  65/300 | Tr loss=0.1635 mae=0.427 r2=0.623 pcc=0.790 | Vl loss=0.1077 mae=0.313 r2=0.589 pcc=0.819 | ES 35/100
  Ep  66/300 | Tr loss=0.1664 mae=0.433 r2=0.609 pcc=0.780 | Vl loss=0.1059 mae=0.300 r2=0.596 pcc=0.824 | ES 36/100
2026-05-20 20:33:42,657 | INFO |   Ep  66/300 | Tr loss=0.1664 mae=0.433 r2=0.609 pcc=0.780 | Vl loss=0.1059 mae=0.300 r2=0.596 pcc=0.824 | ES 36/100
  Ep  67/300 | Tr loss=0.1641 mae=0.430 r2=0.615 pcc=0.785 | Vl loss=0.1165 mae=0.313 r2=0.548 pcc=0.815 | ES 37/100
2026-05-20 20:34:48,571 | INFO |   Ep  67/300 | Tr loss=0.1641 mae=0.430 r2=0.615 pcc=0.785 | Vl loss=0.1165 mae=0.313 r2=0.548 pcc=0.815 | ES 37/100
  Ep  68/300 | Tr loss=0.1697 mae=0.437 r2=0.606 pcc=0.779 | Vl loss=0.1099 mae=0.308 r2=0.577 pcc=0.816 | ES 38/100
2026-05-20 20:35:54,857 | INFO |   Ep  68/300 | Tr loss=0.1697 mae=0.437 r2=0.606 pcc=0.779 | Vl loss=0.1099 mae=0.308 r2=0.577 pcc=0.816 | ES 38/100
  Ep  69/300 | Tr loss=0.1624 mae=0.426 r2=0.625 pcc=0.791 | Vl loss=0.1042 mae=0.301 r2=0.604 pcc=0.820 | ES 39/100
2026-05-20 20:37:01,008 | INFO |   Ep  69/300 | Tr loss=0.1624 mae=0.426 r2=0.625 pcc=0.791 | Vl loss=0.1042 mae=0.301 r2=0.604 pcc=0.820 | ES 39/100
  Ep  70/300 | Tr loss=0.1685 mae=0.436 r2=0.607 pcc=0.780 | Vl loss=0.1128 mae=0.309 r2=0.565 pcc=0.815 | ES 40/100
2026-05-20 20:38:07,237 | INFO |   Ep  70/300 | Tr loss=0.1685 mae=0.436 r2=0.607 pcc=0.780 | Vl loss=0.1128 mae=0.309 r2=0.565 pcc=0.815 | ES 40/100
  Ep  71/300 | Tr loss=0.1678 mae=0.434 r2=0.608 pcc=0.780 | Vl loss=0.1010 mae=0.295 r2=0.618 pcc=0.824 | ES 41/100
2026-05-20 20:39:13,456 | INFO |   Ep  71/300 | Tr loss=0.1678 mae=0.434 r2=0.608 pcc=0.780 | Vl loss=0.1010 mae=0.295 r2=0.618 pcc=0.824 | ES 41/100
  Ep  72/300 | Tr loss=0.1632 mae=0.427 r2=0.617 pcc=0.785 | Vl loss=0.1122 mae=0.313 r2=0.571 pcc=0.814 | ES 42/100
2026-05-20 20:40:19,167 | INFO |   Ep  72/300 | Tr loss=0.1632 mae=0.427 r2=0.617 pcc=0.785 | Vl loss=0.1122 mae=0.313 r2=0.571 pcc=0.814 | ES 42/100
  Ep  73/300 | Tr loss=0.1652 mae=0.430 r2=0.609 pcc=0.781 | Vl loss=0.1038 mae=0.300 r2=0.605 pcc=0.820 | ES 43/100
2026-05-20 20:41:25,515 | INFO |   Ep  73/300 | Tr loss=0.1652 mae=0.430 r2=0.609 pcc=0.781 | Vl loss=0.1038 mae=0.300 r2=0.605 pcc=0.820 | ES 43/100
  Ep  74/300 | Tr loss=0.1626 mae=0.425 r2=0.623 pcc=0.789 | Vl loss=0.1054 mae=0.309 r2=0.601 pcc=0.823 | ES 44/100
2026-05-20 20:42:31,439 | INFO |   Ep  74/300 | Tr loss=0.1626 mae=0.425 r2=0.623 pcc=0.789 | Vl loss=0.1054 mae=0.309 r2=0.601 pcc=0.823 | ES 44/100
  Ep  75/300 | Tr loss=0.1669 mae=0.433 r2=0.614 pcc=0.784 | Vl loss=0.1084 mae=0.307 r2=0.587 pcc=0.821 | ES 45/100
2026-05-20 20:43:37,508 | INFO |   Ep  75/300 | Tr loss=0.1669 mae=0.433 r2=0.614 pcc=0.784 | Vl loss=0.1084 mae=0.307 r2=0.587 pcc=0.821 | ES 45/100
  Ep  76/300 | Tr loss=0.1660 mae=0.433 r2=0.612 pcc=0.783 | Vl loss=0.1084 mae=0.302 r2=0.586 pcc=0.821 | ES 46/100
2026-05-20 20:44:43,445 | INFO |   Ep  76/300 | Tr loss=0.1660 mae=0.433 r2=0.612 pcc=0.783 | Vl loss=0.1084 mae=0.302 r2=0.586 pcc=0.821 | ES 46/100
  Ep  77/300 | Tr loss=0.1658 mae=0.429 r2=0.611 pcc=0.782 | Vl loss=0.1083 mae=0.309 r2=0.584 pcc=0.815 | ES 47/100
2026-05-20 20:45:49,950 | INFO |   Ep  77/300 | Tr loss=0.1658 mae=0.429 r2=0.611 pcc=0.782 | Vl loss=0.1083 mae=0.309 r2=0.584 pcc=0.815 | ES 47/100
  Ep  78/300 | Tr loss=0.1648 mae=0.430 r2=0.615 pcc=0.784 | Vl loss=0.1252 mae=0.329 r2=0.510 pcc=0.807 | ES 48/100
2026-05-20 20:46:56,112 | INFO |   Ep  78/300 | Tr loss=0.1648 mae=0.430 r2=0.615 pcc=0.784 | Vl loss=0.1252 mae=0.329 r2=0.510 pcc=0.807 | ES 48/100
  Ep  79/300 | Tr loss=0.1661 mae=0.431 r2=0.614 pcc=0.784 | Vl loss=0.1179 mae=0.321 r2=0.542 pcc=0.806 | ES 49/100
2026-05-20 20:48:02,511 | INFO |   Ep  79/300 | Tr loss=0.1661 mae=0.431 r2=0.614 pcc=0.784 | Vl loss=0.1179 mae=0.321 r2=0.542 pcc=0.806 | ES 49/100
  Ep  80/300 | Tr loss=0.1601 mae=0.423 r2=0.624 pcc=0.790 | Vl loss=0.1060 mae=0.305 r2=0.597 pcc=0.817 | ES 50/100
2026-05-20 20:49:08,516 | INFO |   Ep  80/300 | Tr loss=0.1601 mae=0.423 r2=0.624 pcc=0.790 | Vl loss=0.1060 mae=0.305 r2=0.597 pcc=0.817 | ES 50/100
  Ep  81/300 | Tr loss=0.1621 mae=0.425 r2=0.624 pcc=0.790 | Vl loss=0.1212 mae=0.328 r2=0.530 pcc=0.811 | ES 51/100
2026-05-20 20:50:14,636 | INFO |   Ep  81/300 | Tr loss=0.1621 mae=0.425 r2=0.624 pcc=0.790 | Vl loss=0.1212 mae=0.328 r2=0.530 pcc=0.811 | ES 51/100
  Ep  82/300 | Tr loss=0.1674 mae=0.433 r2=0.610 pcc=0.781 | Vl loss=0.1221 mae=0.323 r2=0.525 pcc=0.809 | ES 52/100
2026-05-20 20:51:20,880 | INFO |   Ep  82/300 | Tr loss=0.1674 mae=0.433 r2=0.610 pcc=0.781 | Vl loss=0.1221 mae=0.323 r2=0.525 pcc=0.809 | ES 52/100
  Ep  83/300 | Tr loss=0.1605 mae=0.424 r2=0.619 pcc=0.787 | Vl loss=0.1236 mae=0.324 r2=0.516 pcc=0.808 | ES 53/100
2026-05-20 20:52:27,559 | INFO |   Ep  83/300 | Tr loss=0.1605 mae=0.424 r2=0.619 pcc=0.787 | Vl loss=0.1236 mae=0.324 r2=0.516 pcc=0.808 | ES 53/100
  Ep  84/300 | Tr loss=0.1642 mae=0.429 r2=0.618 pcc=0.787 | Vl loss=0.1223 mae=0.323 r2=0.522 pcc=0.808 | ES 54/100
2026-05-20 20:53:34,506 | INFO |   Ep  84/300 | Tr loss=0.1642 mae=0.429 r2=0.618 pcc=0.787 | Vl loss=0.1223 mae=0.323 r2=0.522 pcc=0.808 | ES 54/100
  Ep  85/300 | Tr loss=0.1615 mae=0.423 r2=0.622 pcc=0.789 | Vl loss=0.1290 mae=0.330 r2=0.490 pcc=0.797 | ES 55/100
2026-05-20 20:54:40,323 | INFO |   Ep  85/300 | Tr loss=0.1615 mae=0.423 r2=0.622 pcc=0.789 | Vl loss=0.1290 mae=0.330 r2=0.490 pcc=0.797 | ES 55/100
  Ep  86/300 | Tr loss=0.1625 mae=0.425 r2=0.623 pcc=0.790 | Vl loss=0.1159 mae=0.318 r2=0.550 pcc=0.808 | ES 56/100
2026-05-20 20:55:46,412 | INFO |   Ep  86/300 | Tr loss=0.1625 mae=0.425 r2=0.623 pcc=0.790 | Vl loss=0.1159 mae=0.318 r2=0.550 pcc=0.808 | ES 56/100
  Ep  87/300 | Tr loss=0.1625 mae=0.425 r2=0.621 pcc=0.788 | Vl loss=0.1187 mae=0.323 r2=0.538 pcc=0.810 | ES 57/100
2026-05-20 20:56:52,656 | INFO |   Ep  87/300 | Tr loss=0.1625 mae=0.425 r2=0.621 pcc=0.788 | Vl loss=0.1187 mae=0.323 r2=0.538 pcc=0.810 | ES 57/100
  Ep  88/300 | Tr loss=0.1643 mae=0.429 r2=0.616 pcc=0.785 | Vl loss=0.1110 mae=0.312 r2=0.574 pcc=0.812 | ES 58/100
2026-05-20 20:57:58,696 | INFO |   Ep  88/300 | Tr loss=0.1643 mae=0.429 r2=0.616 pcc=0.785 | Vl loss=0.1110 mae=0.312 r2=0.574 pcc=0.812 | ES 58/100
  Ep  89/300 | Tr loss=0.1614 mae=0.425 r2=0.625 pcc=0.791 | Vl loss=0.1252 mae=0.334 r2=0.513 pcc=0.803 | ES 59/100
2026-05-20 20:59:04,727 | INFO |   Ep  89/300 | Tr loss=0.1614 mae=0.425 r2=0.625 pcc=0.791 | Vl loss=0.1252 mae=0.334 r2=0.513 pcc=0.803 | ES 59/100
  Ep  90/300 | Tr loss=0.1647 mae=0.429 r2=0.618 pcc=0.786 | Vl loss=0.1219 mae=0.326 r2=0.527 pcc=0.804 | ES 60/100
2026-05-20 21:00:10,634 | INFO |   Ep  90/300 | Tr loss=0.1647 mae=0.429 r2=0.618 pcc=0.786 | Vl loss=0.1219 mae=0.326 r2=0.527 pcc=0.804 | ES 60/100
  Ep  91/300 | Tr loss=0.1669 mae=0.432 r2=0.611 pcc=0.782 | Vl loss=0.1206 mae=0.319 r2=0.529 pcc=0.807 | ES 61/100
2026-05-20 21:01:16,806 | INFO |   Ep  91/300 | Tr loss=0.1669 mae=0.432 r2=0.611 pcc=0.782 | Vl loss=0.1206 mae=0.319 r2=0.529 pcc=0.807 | ES 61/100
  Ep  92/300 | Tr loss=0.1606 mae=0.422 r2=0.623 pcc=0.790 | Vl loss=0.1237 mae=0.330 r2=0.518 pcc=0.804 | ES 62/100
2026-05-20 21:02:23,066 | INFO |   Ep  92/300 | Tr loss=0.1606 mae=0.422 r2=0.623 pcc=0.790 | Vl loss=0.1237 mae=0.330 r2=0.518 pcc=0.804 | ES 62/100
  Ep  93/300 | Tr loss=0.1629 mae=0.426 r2=0.621 pcc=0.788 | Vl loss=0.1182 mae=0.316 r2=0.539 pcc=0.809 | ES 63/100
2026-05-20 21:03:29,408 | INFO |   Ep  93/300 | Tr loss=0.1629 mae=0.426 r2=0.621 pcc=0.788 | Vl loss=0.1182 mae=0.316 r2=0.539 pcc=0.809 | ES 63/100
  Ep  94/300 | Tr loss=0.1639 mae=0.428 r2=0.618 pcc=0.786 | Vl loss=0.1251 mae=0.328 r2=0.511 pcc=0.805 | ES 64/100
2026-05-20 21:04:35,684 | INFO |   Ep  94/300 | Tr loss=0.1639 mae=0.428 r2=0.618 pcc=0.786 | Vl loss=0.1251 mae=0.328 r2=0.511 pcc=0.805 | ES 64/100
  Ep  95/300 | Tr loss=0.1627 mae=0.425 r2=0.620 pcc=0.788 | Vl loss=0.1199 mae=0.320 r2=0.532 pcc=0.797 | ES 65/100
2026-05-20 21:05:41,784 | INFO |   Ep  95/300 | Tr loss=0.1627 mae=0.425 r2=0.620 pcc=0.788 | Vl loss=0.1199 mae=0.320 r2=0.532 pcc=0.797 | ES 65/100
  Ep  96/300 | Tr loss=0.1647 mae=0.427 r2=0.614 pcc=0.784 | Vl loss=0.1200 mae=0.320 r2=0.533 pcc=0.803 | ES 66/100
2026-05-20 21:06:47,732 | INFO |   Ep  96/300 | Tr loss=0.1647 mae=0.427 r2=0.614 pcc=0.784 | Vl loss=0.1200 mae=0.320 r2=0.533 pcc=0.803 | ES 66/100
  Ep  97/300 | Tr loss=0.1623 mae=0.424 r2=0.624 pcc=0.790 | Vl loss=0.1192 mae=0.319 r2=0.534 pcc=0.807 | ES 67/100
2026-05-20 21:07:54,137 | INFO |   Ep  97/300 | Tr loss=0.1623 mae=0.424 r2=0.624 pcc=0.790 | Vl loss=0.1192 mae=0.319 r2=0.534 pcc=0.807 | ES 67/100
  Ep  98/300 | Tr loss=0.1638 mae=0.427 r2=0.620 pcc=0.787 | Vl loss=0.1219 mae=0.323 r2=0.522 pcc=0.805 | ES 68/100
2026-05-20 21:08:59,919 | INFO |   Ep  98/300 | Tr loss=0.1638 mae=0.427 r2=0.620 pcc=0.787 | Vl loss=0.1219 mae=0.323 r2=0.522 pcc=0.805 | ES 68/100
  Ep  99/300 | Tr loss=0.1633 mae=0.425 r2=0.613 pcc=0.783 | Vl loss=0.1220 mae=0.323 r2=0.524 pcc=0.794 | ES 69/100
2026-05-20 21:10:06,278 | INFO |   Ep  99/300 | Tr loss=0.1633 mae=0.425 r2=0.613 pcc=0.783 | Vl loss=0.1220 mae=0.323 r2=0.524 pcc=0.794 | ES 69/100
  Ep 100/300 | Tr loss=0.1664 mae=0.429 r2=0.615 pcc=0.784 | Vl loss=0.1236 mae=0.325 r2=0.516 pcc=0.796 | ES 70/100
2026-05-20 21:11:12,518 | INFO |   Ep 100/300 | Tr loss=0.1664 mae=0.429 r2=0.615 pcc=0.784 | Vl loss=0.1236 mae=0.325 r2=0.516 pcc=0.796 | ES 70/100
  Ep 101/300 | Tr loss=0.1615 mae=0.424 r2=0.619 pcc=0.787 | Vl loss=0.1215 mae=0.324 r2=0.524 pcc=0.798 | ES 71/100
2026-05-20 21:12:18,429 | INFO |   Ep 101/300 | Tr loss=0.1615 mae=0.424 r2=0.619 pcc=0.787 | Vl loss=0.1215 mae=0.324 r2=0.524 pcc=0.798 | ES 71/100
  Ep 102/300 | Tr loss=0.1620 mae=0.425 r2=0.620 pcc=0.787 | Vl loss=0.1153 mae=0.311 r2=0.554 pcc=0.807 | ES 72/100
2026-05-20 21:13:24,459 | INFO |   Ep 102/300 | Tr loss=0.1620 mae=0.425 r2=0.620 pcc=0.787 | Vl loss=0.1153 mae=0.311 r2=0.554 pcc=0.807 | ES 72/100
  Ep 103/300 | Tr loss=0.1622 mae=0.425 r2=0.621 pcc=0.788 | Vl loss=0.1235 mae=0.322 r2=0.517 pcc=0.801 | ES 73/100
2026-05-20 21:14:30,525 | INFO |   Ep 103/300 | Tr loss=0.1622 mae=0.425 r2=0.621 pcc=0.788 | Vl loss=0.1235 mae=0.322 r2=0.517 pcc=0.801 | ES 73/100
  Ep 104/300 | Tr loss=0.1610 mae=0.422 r2=0.618 pcc=0.786 | Vl loss=0.1208 mae=0.320 r2=0.528 pcc=0.797 | ES 74/100
2026-05-20 21:15:36,899 | INFO |   Ep 104/300 | Tr loss=0.1610 mae=0.422 r2=0.618 pcc=0.786 | Vl loss=0.1208 mae=0.320 r2=0.528 pcc=0.797 | ES 74/100
  Ep 105/300 | Tr loss=0.1651 mae=0.429 r2=0.613 pcc=0.783 | Vl loss=0.1250 mae=0.324 r2=0.509 pcc=0.801 | ES 75/100
2026-05-20 21:16:42,969 | INFO |   Ep 105/300 | Tr loss=0.1651 mae=0.429 r2=0.613 pcc=0.783 | Vl loss=0.1250 mae=0.324 r2=0.509 pcc=0.801 | ES 75/100
  Ep 106/300 | Tr loss=0.1628 mae=0.424 r2=0.617 pcc=0.786 | Vl loss=0.1240 mae=0.325 r2=0.513 pcc=0.794 | ES 76/100
2026-05-20 21:17:48,869 | INFO |   Ep 106/300 | Tr loss=0.1628 mae=0.424 r2=0.617 pcc=0.786 | Vl loss=0.1240 mae=0.325 r2=0.513 pcc=0.794 | ES 76/100
  Ep 107/300 | Tr loss=0.1649 mae=0.429 r2=0.617 pcc=0.786 | Vl loss=0.1201 mae=0.318 r2=0.529 pcc=0.796 | ES 77/100
2026-05-20 21:18:54,707 | INFO |   Ep 107/300 | Tr loss=0.1649 mae=0.429 r2=0.617 pcc=0.786 | Vl loss=0.1201 mae=0.318 r2=0.529 pcc=0.796 | ES 77/100
  Ep 108/300 | Tr loss=0.1641 mae=0.427 r2=0.618 pcc=0.786 | Vl loss=0.1248 mae=0.325 r2=0.509 pcc=0.798 | ES 78/100
2026-05-20 21:20:00,426 | INFO |   Ep 108/300 | Tr loss=0.1641 mae=0.427 r2=0.618 pcc=0.786 | Vl loss=0.1248 mae=0.325 r2=0.509 pcc=0.798 | ES 78/100
  Ep 109/300 | Tr loss=0.1588 mae=0.419 r2=0.627 pcc=0.792 | Vl loss=0.1283 mae=0.330 r2=0.494 pcc=0.797 | ES 79/100
2026-05-20 21:21:06,731 | INFO |   Ep 109/300 | Tr loss=0.1588 mae=0.419 r2=0.627 pcc=0.792 | Vl loss=0.1283 mae=0.330 r2=0.494 pcc=0.797 | ES 79/100
  Ep 110/300 | Tr loss=0.1630 mae=0.426 r2=0.618 pcc=0.786 | Vl loss=0.1228 mae=0.321 r2=0.518 pcc=0.795 | ES 80/100
2026-05-20 21:22:13,127 | INFO |   Ep 110/300 | Tr loss=0.1630 mae=0.426 r2=0.618 pcc=0.786 | Vl loss=0.1228 mae=0.321 r2=0.518 pcc=0.795 | ES 80/100
  Ep 111/300 | Tr loss=0.1622 mae=0.425 r2=0.624 pcc=0.790 | Vl loss=0.1283 mae=0.331 r2=0.495 pcc=0.792 | ES 81/100
2026-05-20 21:23:19,645 | INFO |   Ep 111/300 | Tr loss=0.1622 mae=0.425 r2=0.624 pcc=0.790 | Vl loss=0.1283 mae=0.331 r2=0.495 pcc=0.792 | ES 81/100
  Ep 112/300 | Tr loss=0.1636 mae=0.427 r2=0.618 pcc=0.787 | Vl loss=0.1274 mae=0.332 r2=0.499 pcc=0.787 | ES 82/100
2026-05-20 21:24:26,091 | INFO |   Ep 112/300 | Tr loss=0.1636 mae=0.427 r2=0.618 pcc=0.787 | Vl loss=0.1274 mae=0.332 r2=0.499 pcc=0.787 | ES 82/100
  Ep 113/300 | Tr loss=0.1599 mae=0.419 r2=0.626 pcc=0.791 | Vl loss=0.1303 mae=0.332 r2=0.487 pcc=0.796 | ES 83/100
2026-05-20 21:25:33,035 | INFO |   Ep 113/300 | Tr loss=0.1599 mae=0.419 r2=0.626 pcc=0.791 | Vl loss=0.1303 mae=0.332 r2=0.487 pcc=0.796 | ES 83/100
  Ep 114/300 | Tr loss=0.1644 mae=0.426 r2=0.617 pcc=0.786 | Vl loss=0.1236 mae=0.324 r2=0.515 pcc=0.790 | ES 84/100
2026-05-20 21:26:39,342 | INFO |   Ep 114/300 | Tr loss=0.1644 mae=0.426 r2=0.617 pcc=0.786 | Vl loss=0.1236 mae=0.324 r2=0.515 pcc=0.790 | ES 84/100
  Ep 115/300 | Tr loss=0.1621 mae=0.424 r2=0.621 pcc=0.788 | Vl loss=0.1228 mae=0.325 r2=0.520 pcc=0.798 | ES 85/100
2026-05-20 21:27:45,539 | INFO |   Ep 115/300 | Tr loss=0.1621 mae=0.424 r2=0.621 pcc=0.788 | Vl loss=0.1228 mae=0.325 r2=0.520 pcc=0.798 | ES 85/100
  Ep 116/300 | Tr loss=0.1630 mae=0.425 r2=0.613 pcc=0.783 | Vl loss=0.1160 mae=0.313 r2=0.550 pcc=0.806 | ES 86/100
2026-05-20 21:28:51,619 | INFO |   Ep 116/300 | Tr loss=0.1630 mae=0.425 r2=0.613 pcc=0.783 | Vl loss=0.1160 mae=0.313 r2=0.550 pcc=0.806 | ES 86/100
  Ep 117/300 | Tr loss=0.1607 mae=0.422 r2=0.625 pcc=0.791 | Vl loss=0.1235 mae=0.324 r2=0.515 pcc=0.791 | ES 87/100
2026-05-20 21:29:57,715 | INFO |   Ep 117/300 | Tr loss=0.1607 mae=0.422 r2=0.625 pcc=0.791 | Vl loss=0.1235 mae=0.324 r2=0.515 pcc=0.791 | ES 87/100
  Ep 118/300 | Tr loss=0.1615 mae=0.423 r2=0.623 pcc=0.790 | Vl loss=0.1205 mae=0.319 r2=0.531 pcc=0.797 | ES 88/100
2026-05-20 21:31:04,284 | INFO |   Ep 118/300 | Tr loss=0.1615 mae=0.423 r2=0.623 pcc=0.790 | Vl loss=0.1205 mae=0.319 r2=0.531 pcc=0.797 | ES 88/100
  Ep 119/300 | Tr loss=0.1629 mae=0.425 r2=0.619 pcc=0.787 | Vl loss=0.1189 mae=0.317 r2=0.536 pcc=0.792 | ES 89/100
2026-05-20 21:32:10,464 | INFO |   Ep 119/300 | Tr loss=0.1629 mae=0.425 r2=0.619 pcc=0.787 | Vl loss=0.1189 mae=0.317 r2=0.536 pcc=0.792 | ES 89/100
  Ep 120/300 | Tr loss=0.1601 mae=0.421 r2=0.623 pcc=0.789 | Vl loss=0.1155 mae=0.313 r2=0.550 pcc=0.796 | ES 90/100
2026-05-20 21:33:16,433 | INFO |   Ep 120/300 | Tr loss=0.1601 mae=0.421 r2=0.623 pcc=0.789 | Vl loss=0.1155 mae=0.313 r2=0.550 pcc=0.796 | ES 90/100
  Ep 121/300 | Tr loss=0.1614 mae=0.424 r2=0.623 pcc=0.790 | Vl loss=0.1192 mae=0.318 r2=0.534 pcc=0.796 | ES 91/100
2026-05-20 21:34:22,745 | INFO |   Ep 121/300 | Tr loss=0.1614 mae=0.424 r2=0.623 pcc=0.790 | Vl loss=0.1192 mae=0.318 r2=0.534 pcc=0.796 | ES 91/100
  Ep 122/300 | Tr loss=0.1630 mae=0.425 r2=0.619 pcc=0.787 | Vl loss=0.1212 mae=0.321 r2=0.527 pcc=0.792 | ES 92/100
2026-05-20 21:35:29,170 | INFO |   Ep 122/300 | Tr loss=0.1630 mae=0.425 r2=0.619 pcc=0.787 | Vl loss=0.1212 mae=0.321 r2=0.527 pcc=0.792 | ES 92/100
  Ep 123/300 | Tr loss=0.1597 mae=0.420 r2=0.628 pcc=0.793 | Vl loss=0.1236 mae=0.321 r2=0.515 pcc=0.795 | ES 93/100
2026-05-20 21:36:35,185 | INFO |   Ep 123/300 | Tr loss=0.1597 mae=0.420 r2=0.628 pcc=0.793 | Vl loss=0.1236 mae=0.321 r2=0.515 pcc=0.795 | ES 93/100
  Ep 124/300 | Tr loss=0.1622 mae=0.424 r2=0.621 pcc=0.788 | Vl loss=0.1237 mae=0.327 r2=0.516 pcc=0.794 | ES 94/100
2026-05-20 21:37:41,452 | INFO |   Ep 124/300 | Tr loss=0.1622 mae=0.424 r2=0.621 pcc=0.788 | Vl loss=0.1237 mae=0.327 r2=0.516 pcc=0.794 | ES 94/100
  Ep 125/300 | Tr loss=0.1571 mae=0.417 r2=0.632 pcc=0.795 | Vl loss=0.1161 mae=0.310 r2=0.548 pcc=0.799 | ES 95/100
2026-05-20 21:38:47,427 | INFO |   Ep 125/300 | Tr loss=0.1571 mae=0.417 r2=0.632 pcc=0.795 | Vl loss=0.1161 mae=0.310 r2=0.548 pcc=0.799 | ES 95/100
  Ep 126/300 | Tr loss=0.1595 mae=0.420 r2=0.631 pcc=0.795 | Vl loss=0.1266 mae=0.328 r2=0.503 pcc=0.792 | ES 96/100
2026-05-20 21:39:53,603 | INFO |   Ep 126/300 | Tr loss=0.1595 mae=0.420 r2=0.631 pcc=0.795 | Vl loss=0.1266 mae=0.328 r2=0.503 pcc=0.792 | ES 96/100
  Ep 127/300 | Tr loss=0.1602 mae=0.420 r2=0.622 pcc=0.789 | Vl loss=0.1285 mae=0.331 r2=0.493 pcc=0.788 | ES 97/100
2026-05-20 21:40:59,632 | INFO |   Ep 127/300 | Tr loss=0.1602 mae=0.420 r2=0.622 pcc=0.789 | Vl loss=0.1285 mae=0.331 r2=0.493 pcc=0.788 | ES 97/100
  Ep 128/300 | Tr loss=0.1635 mae=0.427 r2=0.619 pcc=0.787 | Vl loss=0.1292 mae=0.336 r2=0.492 pcc=0.780 | ES 98/100
2026-05-20 21:42:06,301 | INFO |   Ep 128/300 | Tr loss=0.1635 mae=0.427 r2=0.619 pcc=0.787 | Vl loss=0.1292 mae=0.336 r2=0.492 pcc=0.780 | ES 98/100
  Ep 129/300 | Tr loss=0.1624 mae=0.425 r2=0.621 pcc=0.788 | Vl loss=0.1308 mae=0.334 r2=0.478 pcc=0.788 | ES 99/100
2026-05-20 21:43:12,050 | INFO |   Ep 129/300 | Tr loss=0.1624 mae=0.425 r2=0.621 pcc=0.788 | Vl loss=0.1308 mae=0.334 r2=0.478 pcc=0.788 | ES 99/100
  Ep 130/300 | Tr loss=0.1579 mae=0.416 r2=0.634 pcc=0.797 | Vl loss=0.1282 mae=0.333 r2=0.495 pcc=0.792 | ES 100/100
2026-05-20 21:44:18,251 | INFO |   Ep 130/300 | Tr loss=0.1579 mae=0.416 r2=0.634 pcc=0.797 | Vl loss=0.1282 mae=0.333 r2=0.495 pcc=0.792 | ES 100/100

  ⏹  Early stopping at epoch 130 (best=30)
2026-05-20 21:44:18,252 | INFO | Early stopping at epoch 130 best=30

✓ Training complete!

  ── Final Test Results (best epoch = 30) ──────────────────
  Loss : 0.1685
  RMSE : 0.5931
  MAE  : 0.4319
  R²   : 0.4168
  ✓ Saved → /mvdlph/masa/GCN_SingleView_Regression_Results/run_2026_05_20_19_20_27/plots/loss_curve.png
  ✓ Saved → /mvdlph/masa/GCN_SingleView_Regression_Results/run_2026_05_20_19_20_27/plots/rmse_mae.png
  ✓ Saved → /mvdlph/masa/GCN_SingleView_Regression_Results/run_2026_05_20_19_20_27/plots/r2_curve.png
  ✓ Saved → /mvdlph/masa/GCN_SingleView_Regression_Results/run_2026_05_20_19_20_27/plots/pcc_curve.png
  ✓ Saved → /mvdlph/masa/GCN_SingleView_Regression_Results/run_2026_05_20_19_20_27/plots/regression_scatter_test.png
  ✓ Saved → /mvdlph/masa/GCN_SingleView_Regression_Results/run_2026_05_20_19_20_27/plots/early_stopping.png
  ✓ History → /mvdlph/masa/GCN_SingleView_Regression_Results/run_2026_05_20_19_20_27/logs/training_history.json
============================================================
DIAGNOSTIC 1: Per-exercise skeleton variance (C0)
============================================================
  Exercise      X-var      Y-var      Z-var  Z/X ratio
-------------------------------------------------------
        E0     0.0492     0.0100     0.0718      1.457
        E1     0.0414     0.0088     0.0658      1.589
        E2     0.0427     0.0088     0.0677      1.586
        E3     0.0499     0.0093     0.0698      1.399
        E4     0.0488     0.0092     0.0690      1.415
        E5     0.0461     0.0102     0.0708      1.534
        E6     0.0507     0.0092     0.0704      1.389
        E7     0.0494     0.0095     0.0702      1.422
        E8     0.0448     0.0092     0.0683      1.524
        E9     0.0430     0.0100     0.0742      1.727

============================================================
DIAGNOSTIC 2: Quality score distribution per split
============================================================
 Train: mean=4.110 std=0.816 min=1.34 max=5.00 | correct=5791 erroneous=3439
   Val: mean=4.213 std=0.753 min=2.28 max=5.00 | correct=1783 erroneous=874
  Test: mean=4.032 std=0.777 min=2.14 max=5.00 | correct=2015 erroneous=1091
  ✓ History NPZ → /mvdlph/masa/GCN_SingleView_Regression_Results/run_2026_05_20_19_20_27/logs/training_history.npz
  ✓ Test predictions NPZ → /mvdlph/masa/GCN_SingleView_Regression_Results/run_2026_05_20_19_20_27/logs/test_predictions.npz
========================================================================
  Exercise         n      MAE     RMSE       R²      PCC
────────────────────────────────────────────────────────────────────────
  E0             464   0.4446   0.5895   0.4327   0.8422
  E1             326   0.3289   0.4703   0.6773   0.8579
  E2             258   0.3065   0.4160   0.7509   0.8749
  E3             319   0.9778   1.0463  -1.4124   0.2486
  E4             286   0.6218   0.7035   0.1355   0.7967
  E5             321   0.3626   0.4357   0.4053   0.7211
  E6             314   0.1996   0.3604   0.6962   0.8426
  E7             319   0.4106   0.6013  -0.2654   0.3708
  E8             317   0.3408   0.5369   0.5527   0.8028
  E9             182   0.2261   0.2916  -1.5295  -0.0650
────────────────────────────────────────────────────────────────────────
  Overall       3106   0.4319   0.5931   0.4168   0.7182
========================================================================

  ✓ Per-exercise CSV → /mvdlph/masa/GCN_SingleView_Regression_Results/run_2026_05_20_19_20_27/logs/per_exercise_metrics.csv
  ✓ Per-exercise scatter grid → /mvdlph/masa/GCN_SingleView_Regression_Results/run_2026_05_20_19_20_27/plots/per_exercise_scatter.png
  ✓ Per-exercise bar chart → /mvdlph/masa/GCN_SingleView_Regression_Results/run_2026_05_20_19_20_27/plots/per_exercise_bar.png
  ✓ Per-exercise metrics NPZ → /mvdlph/masa/GCN_SingleView_Regression_Results/run_2026_05_20_19_20_27/logs/per_exercise_metrics.npz
============================================================
  TRAINING SUMMARY — ST-GCN Regression (Single View)
============================================================
  Best Epoch       : 30  (stopped at 130)
  Best Val MAE     : 0.2867
  Best Val RMSE    : 0.4559
  Best Val R²      : 0.6333
  Best Val PCC     : 0.8287
────────────────────────────────────────────────────────────
  Test MAE         : 0.4319
  Test RMSE        : 0.5931
  Test R²          : 0.4168
  Test PCC         : 0.7182
============================================================
2026-05-20 21:44:33,906 | INFO | Best Epoch=30  stopped_epoch=130
2026-05-20 21:44:33,906 | INFO | Test MAE=0.4319
2026-05-20 21:44:33,907 | INFO | Test RMSE=0.5931
2026-05-20 21:44:33,907 | INFO | Test R²=0.4168
2026-05-20 21:44:33,908 | INFO | Test PCC=0.7182

✓ Summary CSV (overall + per-exercise) → /mvdlph/masa/GCN_SingleView_Regression_Results/training_summary.csv
