✓ stdout → also writing to /mvdlph/masa/GCN_SingleView_Regression_Results/run_2026_06_06_19_59_06/logs/training_20260606_195906.log
2026-06-06 19:59:06,718 | INFO | ======================================================================
2026-06-06 19:59:06,718 | INFO | ST-GCN Single-View Regression | BZU Physiotherapy Dataset
2026-06-06 19:59:06,719 | INFO | Camera : C2  |  Split : 70/15/15  |  Epochs : 300  |  Patience : 100
2026-06-06 19:59:06,719 | INFO | Log file : /mvdlph/masa/GCN_SingleView_Regression_Results/run_2026_06_06_19_59_06/logs/training_20260606_195906.log
2026-06-06 19:59:06,720 | INFO | ======================================================================
✓ parse_filename and load_skeleton defined

[TRAIN] NPZ files found : 9477
  Samples          : 9477
  Unique trials    : 327
  Quality mean±std : 4.127 ± 0.812
  Exercise dist    :
0     961
1     966
2     829
3     979
4     970
5     933
6     954
7     965
8     903
9    1017
  Samples (after camera filter) : 9477

[VALID] NPZ files found : 2790
  Samples          : 2790
  Unique trials    : 100
  Quality mean±std : 4.232 ± 0.741
  Exercise dist    :
0    326
1    316
2    295
3    298
4    322
5    312
6    302
7    304
8    181
9    134
  Samples (after camera filter) : 2790

[TEST] NPZ files found : 3108
  Samples          : 3108
  Unique trials    : 107
  Quality mean±std : 4.031 ± 0.777
  Exercise dist    :
0    465
1    326
2    258
3    319
4    287
5    321
6    314
7    319
8    317
9    182
  Samples (after camera filter) : 3108

Checking for corrupted files...
  [TRAIN] Removing 1 corrupted file(s)
  [TRAIN] Clean samples : 9476
  [VALID] Clean samples : 2790
  [TEST] Removing 2 corrupted file(s)
  [TEST] Clean samples : 3106

Excluding exercises...
  [TRAIN] Excluded E[1, 2, 3, 4, 5, 6, 7, 8, 9] → 8515 rows dropped, 961 remain
  [VALID] Excluded E[1, 2, 3, 4, 5, 6, 7, 8, 9] → 2464 rows dropped, 326 remain
  [TEST] Excluded E[1, 2, 3, 4, 5, 6, 7, 8, 9] → 2642 rows dropped, 464 remain

Applying segment-level camera completeness filter...
  build_single_view_df: 317 samples
  Per-exercise counts:
exercise
0    317
  Per-camera counts:
camera
2    317
  build_single_view_df: 95 samples
  Per-exercise counts:
exercise
0    95
  Per-camera counts:
camera
2    95
  build_single_view_df: 152 samples
  Per-exercise counts:
exercise
0    152
  Per-camera counts:
camera
2    152

  Exercise ID remap : {0: 0}
  Remaining exercises (remapped): [0]

✓ No data-leakage detected across splits

════════════════════════════════════════════════════════════════════
  Split     Samples   Correct   Erroneous   Q mean   Q std   Q min   Q max
  ──────────────────────────────────────────────────────────────────
  Train         317       206         111    3.766   0.986   1.340   4.740
  Val            95        59          36    3.561   0.901   2.280   4.680
  Test          152        78          74    3.659   0.787   2.300   4.750
════════════════════════════════════════════════════════════════════

✓ Pre-split index ready  →  train / val / test DataFrames built
2    564
Name: camera, dtype: int64

الكاميرات الموجودة: [2]
camera      2
exercise     
0         564
E0: correct=3 trials, erroneous=4 trials

==================================================
  Train
==================================================
            mean     var  count
exercise                       
0         3.7663  0.9723    317

==================================================
  Val
==================================================
            mean     var  count
exercise                       
0         3.5606  0.8122     95

==================================================
  Test
==================================================
            mean     var  count
exercise                       
0         3.6595  0.6199    152

============================================================
  All Splits Combined
============================================================
                  mean     var  count
split exercise                       
Test  0         3.6595  0.6199    152
Train 0         3.7663  0.9723    317
Val   0         3.5606  0.8122     95
Frame length distribution (sample of 500 files):
  min    = 24
  max    = 140
  mean   = 66.9
  median = 66.0
  std    = 17.4

Percentiles:
   25th = 54
   50th = 66
   75th = 78
   90th = 90
   95th = 95
   99th = 112

Value counts (top 10):
    67 frames →   17 files (3.4%)
    58 frames →   16 files (3.2%)
    52 frames →   16 files (3.2%)
    78 frames →   14 files (2.8%)
    75 frames →   14 files (2.8%)
    60 frames →   14 files (2.8%)
    57 frames →   14 files (2.8%)
    55 frames →   14 files (2.8%)
    74 frames →   13 files (2.6%)
    56 frames →   13 files (2.6%)
✓ Skeleton visualisation helpers defined
person                                                     P0
exercise                                                    0
trial_id                                                   T1
segment                                                     0
filepath    /mvdlph/Dataset_CVDLPT_Videos_Segments_P0P15_M...
Name: 10, dtype: object
Skeleton shape : (64, 17, 3)
X range : [-0.369, 0.592]
Y range : [-0.193, 0.198]
Z range : [0.000, 0.994]
  ✓ Skeleton plot saved → /mvdlph/masa/GCN_SingleView_Regression_Results/run_2026_06_06_19_59_06/plots/sample_skeleton_3views.png
  ✓ Motion frames saved → /mvdlph/masa/GCN_SingleView_Regression_Results/run_2026_06_06_19_59_06/plots/sample_skeleton_motion.png
Axis ranges across all frames:
X: [-0.369, 0.592] — likely left/right
Y: [-0.193, 0.198] — likely ???
Z: [0.000, 0.994] — likely height

Hip  mean XYZ: [0.         0.         0.32251093]
Head mean XYZ: [-0.14322646 -0.18383057  0.967179  ]

Difference (head - hip): [-0.14322646 -0.18383057  0.6446681 ]

Camera 0: no file found

Camera 1: no file found

Camera 2:
  Hip  XYZ: [0.    0.    0.316]
  Head XYZ: [-0.142 -0.185  0.966]
  X range: [-0.37, 0.59]
  Z range: [0.00, 0.99]
✓ BZUDataset defined (regression only)
Joint distances from Hip (body center):
  Joint  0 (Hip         ) distance=0  
  Joint  1 (R-Hip       ) distance=1  ─
  Joint  2 (R-Knee      ) distance=2  ──
  Joint  3 (R-Ankle     ) distance=3  ───
  Joint  4 (L-Hip       ) distance=1  ─
  Joint  5 (L-Knee      ) distance=2  ──
  Joint  6 (L-Ankle     ) distance=3  ───
  Joint  7 (Spine       ) distance=1  ─
  Joint  8 (Thorax      ) distance=2  ──
  Joint  9 (Neck        ) distance=3  ───
  Joint 10 (Head        ) distance=4  ────
  Joint 11 (L-Shoulder  ) distance=3  ───
  Joint 12 (L-Elbow     ) distance=4  ────
  Joint 13 (L-Wrist     ) distance=5  ─────
  Joint 14 (R-Shoulder  ) distance=3  ───
  Joint 15 (R-Elbow     ) distance=4  ────
  Joint 16 (R-Wrist     ) distance=5  ─────

✓ True ST-GCN sanity check passed — output shape: torch.Size([2])
✓ Total trainable parameters: 3,069,032
✓ STGCN_Regression (True ST-GCN, Yan et al. AAAI 2018) defined
Device : cuda
GPU    : Tesla V100-PCIE-32GB
✓ centre_and_scale and run_epoch (regression) defined
=================================================================
Quality score distribution audit
=================================================================
  ✓ Saved → /mvdlph/masa/GCN_SingleView_Regression_Results/run_2026_06_06_19_59_06/plots/split_quality_distributions.png

Split    Type              n    mean     std    min    25%    50%    75%    max
----------------------------------------------------------------------
Train    Correct (T≤2)    206   4.396   0.254   3.78   4.26   4.42   4.58   4.74
Train    Erroneous (T≥3)    111   2.597   0.741   1.34   2.05   2.44   2.94   3.88

Val      Correct (T≤2)     59   4.211   0.403   3.56   3.82   4.28   4.64   4.68
Val      Erroneous (T≥3)     36   2.495   0.176   2.28   2.35   2.49   2.63   2.72

Test     Correct (T≤2)     78   4.323   0.401   3.58   4.10   4.58   4.70   4.75
Test     Erroneous (T≥3)     74   2.960   0.383   2.30   2.80   3.01   3.31   3.44

=================================================================
Person distribution across splits
=================================================================
  Train : ['P0', 'P10', 'P14', 'P15', 'P2', 'P3', 'P4', 'P5', 'P7']
  Val   : ['P1', 'P11', 'P6']
  Test  : ['P12', 'P13', 'P8', 'P9']

Per-person quality mean per split:

  Train:
         mean    std  count
person                     
P0      4.262  0.086     30
P10     2.408  0.865     49
P14     3.184  0.961     45
P15     3.137  0.658     45
P2      4.733  0.010     30
P3      4.413  0.025     30
P4      4.473  0.078     30
P5      4.247  0.038     30
P7      4.559  0.066     28

  Val:
         mean    std  count
person                     
P1      4.660  0.021     20
P11     2.708  0.459     45
P6      4.107  0.208     30

  Test:
         mean    std  count
person                     
P12     2.939  0.509     46
P13     3.290  0.358     46
P8      4.653  0.053     30
P9      4.337  0.298     30

=================================================================
Exercise balance across splits
=================================================================
    Train  Val  Test  Train%   Val%  Test%
E0    317   95   152   100.0  100.0  100.0
✓ Plotting helpers (regression) defined
✓ EarlyStopping defined (monitoring MAE)
2026-06-06 19:59:37,241 | INFO | ======================================================================
2026-06-06 19:59:37,242 | INFO | STARTING REGRESSION TRAINING  (with Early Stopping on MAE)
2026-06-06 19:59:37,242 | INFO | ======================================================================
2026-06-06 19:59:37,243 | INFO | train=317 val=95 test=152

════════════════════════════════════════════════════════════════════
  Camera C2  |  Train: 317  Val: 95  Test: 152
  Patience: 100  |  LR: 1e-4  |  Batch: 48
════════════════════════════════════════════════════════════════════
  Ep   1/300 | Tr loss=0.5989 mae=0.991 r2=-0.417 pcc=0.489 | Vl loss=1.5505 mae=1.997 r2=-5.824 pcc=-0.881 | ES 0/100 ★
2026-06-06 19:59:39,939 | INFO |   Ep   1/300 | Tr loss=0.5989 mae=0.991 r2=-0.417 pcc=0.489 | Vl loss=1.5505 mae=1.997 r2=-5.824 pcc=-0.881 | ES 0/100 ★
    ★ val_mae=1.9966  rmse=2.3418  r2=-5.8242  pcc=-0.8807
  Ep   2/300 | Tr loss=0.5806 mae=0.985 r2=-0.312 pcc=0.490 | Vl loss=1.7411 mae=2.233 r2=-6.210 pcc=-0.048 | ES 1/100
2026-06-06 19:59:41,749 | INFO |   Ep   2/300 | Tr loss=0.5806 mae=0.985 r2=-0.312 pcc=0.490 | Vl loss=1.7411 mae=2.233 r2=-6.210 pcc=-0.048 | ES 1/100
  Ep   3/300 | Tr loss=0.4863 mae=0.862 r2=-0.074 pcc=0.583 | Vl loss=1.4941 mae=1.988 r2=-4.600 pcc=0.904 | ES 0/100 ★
2026-06-06 19:59:43,478 | INFO |   Ep   3/300 | Tr loss=0.4863 mae=0.862 r2=-0.074 pcc=0.583 | Vl loss=1.4941 mae=1.988 r2=-4.600 pcc=0.904 | ES 0/100 ★
    ★ val_mae=1.9877  rmse=2.1215  r2=-4.6003  pcc=0.9036
  Ep   4/300 | Tr loss=0.4294 mae=0.818 r2=0.170 pcc=0.647 | Vl loss=1.1511 mae=1.618 r2=-3.064 pcc=0.874 | ES 0/100 ★
2026-06-06 19:59:45,141 | INFO |   Ep   4/300 | Tr loss=0.4294 mae=0.818 r2=0.170 pcc=0.647 | Vl loss=1.1511 mae=1.618 r2=-3.064 pcc=0.874 | ES 0/100 ★
    ★ val_mae=1.6183  rmse=1.8072  r2=-3.0639  pcc=0.8740
  Ep   5/300 | Tr loss=0.3505 mae=0.701 r2=0.352 pcc=0.710 | Vl loss=0.9648 mae=1.310 r2=-2.398 pcc=-0.764 | ES 0/100 ★
2026-06-06 19:59:46,906 | INFO |   Ep   5/300 | Tr loss=0.3505 mae=0.701 r2=0.352 pcc=0.710 | Vl loss=0.9648 mae=1.310 r2=-2.398 pcc=-0.764 | ES 0/100 ★
    ★ val_mae=1.3098  rmse=1.6525  r2=-2.3981  pcc=-0.7639
  Ep   6/300 | Tr loss=0.3557 mae=0.726 r2=0.292 pcc=0.660 | Vl loss=0.8403 mae=1.236 r2=-1.779 pcc=-0.727 | ES 0/100 ★
2026-06-06 19:59:48,686 | INFO |   Ep   6/300 | Tr loss=0.3557 mae=0.726 r2=0.292 pcc=0.660 | Vl loss=0.8403 mae=1.236 r2=-1.779 pcc=-0.727 | ES 0/100 ★
    ★ val_mae=1.2357  rmse=1.4943  r2=-1.7786  pcc=-0.7273
  Ep   7/300 | Tr loss=0.3240 mae=0.690 r2=0.320 pcc=0.678 | Vl loss=0.8875 mae=1.256 r2=-2.026 pcc=-0.697 | ES 1/100
2026-06-06 19:59:50,477 | INFO |   Ep   7/300 | Tr loss=0.3240 mae=0.690 r2=0.320 pcc=0.678 | Vl loss=0.8875 mae=1.256 r2=-2.026 pcc=-0.697 | ES 1/100
  Ep   8/300 | Tr loss=0.3297 mae=0.692 r2=0.330 pcc=0.677 | Vl loss=0.8800 mae=1.232 r2=-1.988 pcc=-0.666 | ES 0/100 ★
2026-06-06 19:59:52,272 | INFO |   Ep   8/300 | Tr loss=0.3297 mae=0.692 r2=0.330 pcc=0.677 | Vl loss=0.8800 mae=1.232 r2=-1.988 pcc=-0.666 | ES 0/100 ★
    ★ val_mae=1.2319  rmse=1.5495  r2=-1.9877  pcc=-0.6661
  Ep   9/300 | Tr loss=0.3325 mae=0.691 r2=0.337 pcc=0.689 | Vl loss=1.0847 mae=1.522 r2=-2.837 pcc=0.240 | ES 1/100
2026-06-06 19:59:54,039 | INFO |   Ep   9/300 | Tr loss=0.3325 mae=0.691 r2=0.337 pcc=0.689 | Vl loss=1.0847 mae=1.522 r2=-2.837 pcc=0.240 | ES 1/100
  Ep  10/300 | Tr loss=0.2954 mae=0.636 r2=0.401 pcc=0.687 | Vl loss=1.0327 mae=1.487 r2=-2.488 pcc=0.845 | ES 2/100
2026-06-06 19:59:55,786 | INFO |   Ep  10/300 | Tr loss=0.2954 mae=0.636 r2=0.401 pcc=0.687 | Vl loss=1.0327 mae=1.487 r2=-2.488 pcc=0.845 | ES 2/100
  Ep  11/300 | Tr loss=0.3310 mae=0.691 r2=0.392 pcc=0.682 | Vl loss=0.7757 mae=1.154 r2=-1.412 pcc=0.759 | ES 0/100 ★
2026-06-06 19:59:57,484 | INFO |   Ep  11/300 | Tr loss=0.3310 mae=0.691 r2=0.392 pcc=0.682 | Vl loss=0.7757 mae=1.154 r2=-1.412 pcc=0.759 | ES 0/100 ★
    ★ val_mae=1.1536  rmse=1.3921  r2=-1.4115  pcc=0.7591
  Ep  12/300 | Tr loss=0.2766 mae=0.619 r2=0.450 pcc=0.749 | Vl loss=0.7904 mae=1.177 r2=-1.469 pcc=0.815 | ES 1/100
2026-06-06 19:59:59,246 | INFO |   Ep  12/300 | Tr loss=0.2766 mae=0.619 r2=0.450 pcc=0.749 | Vl loss=0.7904 mae=1.177 r2=-1.469 pcc=0.815 | ES 1/100
  Ep  13/300 | Tr loss=0.2763 mae=0.629 r2=0.485 pcc=0.760 | Vl loss=0.8827 mae=1.303 r2=-1.839 pcc=0.857 | ES 2/100
2026-06-06 20:00:00,960 | INFO |   Ep  13/300 | Tr loss=0.2763 mae=0.629 r2=0.485 pcc=0.760 | Vl loss=0.8827 mae=1.303 r2=-1.839 pcc=0.857 | ES 2/100
  Ep  14/300 | Tr loss=0.3007 mae=0.645 r2=0.413 pcc=0.713 | Vl loss=0.8804 mae=1.317 r2=-1.800 pcc=0.850 | ES 3/100
2026-06-06 20:00:02,687 | INFO |   Ep  14/300 | Tr loss=0.3007 mae=0.645 r2=0.413 pcc=0.713 | Vl loss=0.8804 mae=1.317 r2=-1.800 pcc=0.850 | ES 3/100
  Ep  15/300 | Tr loss=0.3200 mae=0.679 r2=0.365 pcc=0.685 | Vl loss=0.9082 mae=1.356 r2=-1.895 pcc=0.841 | ES 4/100
2026-06-06 20:00:04,405 | INFO |   Ep  15/300 | Tr loss=0.3200 mae=0.679 r2=0.365 pcc=0.685 | Vl loss=0.9082 mae=1.356 r2=-1.895 pcc=0.841 | ES 4/100
  Ep  16/300 | Tr loss=0.3105 mae=0.658 r2=0.465 pcc=0.715 | Vl loss=0.8971 mae=1.329 r2=-1.858 pcc=0.868 | ES 5/100
2026-06-06 20:00:06,155 | INFO |   Ep  16/300 | Tr loss=0.3105 mae=0.658 r2=0.465 pcc=0.715 | Vl loss=0.8971 mae=1.329 r2=-1.858 pcc=0.868 | ES 5/100
  Ep  17/300 | Tr loss=0.3112 mae=0.662 r2=0.391 pcc=0.694 | Vl loss=0.7595 mae=1.134 r2=-1.332 pcc=0.871 | ES 0/100 ★
2026-06-06 20:00:07,915 | INFO |   Ep  17/300 | Tr loss=0.3112 mae=0.662 r2=0.391 pcc=0.694 | Vl loss=0.7595 mae=1.134 r2=-1.332 pcc=0.871 | ES 0/100 ★
    ★ val_mae=1.1335  rmse=1.3688  r2=-1.3315  pcc=0.8705
  Ep  18/300 | Tr loss=0.3019 mae=0.658 r2=0.401 pcc=0.702 | Vl loss=0.7226 mae=1.106 r2=-1.170 pcc=0.887 | ES 0/100 ★
2026-06-06 20:00:09,685 | INFO |   Ep  18/300 | Tr loss=0.3019 mae=0.658 r2=0.401 pcc=0.702 | Vl loss=0.7226 mae=1.106 r2=-1.170 pcc=0.887 | ES 0/100 ★
    ★ val_mae=1.1061  rmse=1.3207  r2=-1.1704  pcc=0.8875
  Ep  19/300 | Tr loss=0.2897 mae=0.653 r2=0.383 pcc=0.688 | Vl loss=0.7808 mae=1.210 r2=-1.357 pcc=0.898 | ES 1/100
2026-06-06 20:00:11,379 | INFO |   Ep  19/300 | Tr loss=0.2897 mae=0.653 r2=0.383 pcc=0.688 | Vl loss=0.7808 mae=1.210 r2=-1.357 pcc=0.898 | ES 1/100
  Ep  20/300 | Tr loss=0.2803 mae=0.631 r2=0.471 pcc=0.717 | Vl loss=0.7542 mae=1.174 r2=-1.263 pcc=0.901 | ES 2/100
2026-06-06 20:00:13,093 | INFO |   Ep  20/300 | Tr loss=0.2803 mae=0.631 r2=0.471 pcc=0.717 | Vl loss=0.7542 mae=1.174 r2=-1.263 pcc=0.901 | ES 2/100
  Ep  21/300 | Tr loss=0.2811 mae=0.614 r2=0.493 pcc=0.722 | Vl loss=0.6510 mae=1.030 r2=-0.898 pcc=0.869 | ES 0/100 ★
2026-06-06 20:00:14,811 | INFO |   Ep  21/300 | Tr loss=0.2811 mae=0.614 r2=0.493 pcc=0.722 | Vl loss=0.6510 mae=1.030 r2=-0.898 pcc=0.869 | ES 0/100 ★
    ★ val_mae=1.0305  rmse=1.2351  r2=-0.8983  pcc=0.8685
  Ep  22/300 | Tr loss=0.2953 mae=0.642 r2=0.430 pcc=0.692 | Vl loss=0.6313 mae=0.992 r2=-0.859 pcc=0.794 | ES 0/100 ★
2026-06-06 20:00:16,499 | INFO |   Ep  22/300 | Tr loss=0.2953 mae=0.642 r2=0.430 pcc=0.692 | Vl loss=0.6313 mae=0.992 r2=-0.859 pcc=0.794 | ES 0/100 ★
    ★ val_mae=0.9924  rmse=1.2222  r2=-0.8588  pcc=0.7944
  Ep  23/300 | Tr loss=0.2824 mae=0.627 r2=0.457 pcc=0.719 | Vl loss=0.7069 mae=1.063 r2=-1.158 pcc=0.751 | ES 1/100
2026-06-06 20:00:18,278 | INFO |   Ep  23/300 | Tr loss=0.2824 mae=0.627 r2=0.457 pcc=0.719 | Vl loss=0.7069 mae=1.063 r2=-1.158 pcc=0.751 | ES 1/100
  Ep  24/300 | Tr loss=0.2747 mae=0.607 r2=0.472 pcc=0.729 | Vl loss=0.7946 mae=1.184 r2=-1.471 pcc=0.891 | ES 2/100
2026-06-06 20:00:20,015 | INFO |   Ep  24/300 | Tr loss=0.2747 mae=0.607 r2=0.472 pcc=0.729 | Vl loss=0.7946 mae=1.184 r2=-1.471 pcc=0.891 | ES 2/100
  Ep  25/300 | Tr loss=0.3275 mae=0.684 r2=0.344 pcc=0.639 | Vl loss=0.6949 mae=1.053 r2=-1.092 pcc=0.841 | ES 3/100
2026-06-06 20:00:21,701 | INFO |   Ep  25/300 | Tr loss=0.3275 mae=0.684 r2=0.344 pcc=0.639 | Vl loss=0.6949 mae=1.053 r2=-1.092 pcc=0.841 | ES 3/100
  Ep  26/300 | Tr loss=0.2922 mae=0.648 r2=0.410 pcc=0.691 | Vl loss=0.5627 mae=0.920 r2=-0.604 pcc=0.843 | ES 0/100 ★
2026-06-06 20:00:23,404 | INFO |   Ep  26/300 | Tr loss=0.2922 mae=0.648 r2=0.410 pcc=0.691 | Vl loss=0.5627 mae=0.920 r2=-0.604 pcc=0.843 | ES 0/100 ★
    ★ val_mae=0.9205  rmse=1.1354  r2=-0.6040  pcc=0.8435
  Ep  27/300 | Tr loss=0.2943 mae=0.625 r2=0.420 pcc=0.689 | Vl loss=0.5775 mae=0.936 r2=-0.660 pcc=0.839 | ES 1/100
2026-06-06 20:00:25,173 | INFO |   Ep  27/300 | Tr loss=0.2943 mae=0.625 r2=0.420 pcc=0.689 | Vl loss=0.5775 mae=0.936 r2=-0.660 pcc=0.839 | ES 1/100
  Ep  28/300 | Tr loss=0.2376 mae=0.544 r2=0.556 pcc=0.779 | Vl loss=0.6952 mae=1.053 r2=-1.105 pcc=0.816 | ES 2/100
2026-06-06 20:00:26,879 | INFO |   Ep  28/300 | Tr loss=0.2376 mae=0.544 r2=0.556 pcc=0.779 | Vl loss=0.6952 mae=1.053 r2=-1.105 pcc=0.816 | ES 2/100
  Ep  29/300 | Tr loss=0.2797 mae=0.614 r2=0.484 pcc=0.717 | Vl loss=0.6916 mae=1.058 r2=-1.073 pcc=0.860 | ES 3/100
2026-06-06 20:00:28,631 | INFO |   Ep  29/300 | Tr loss=0.2797 mae=0.614 r2=0.484 pcc=0.717 | Vl loss=0.6916 mae=1.058 r2=-1.073 pcc=0.860 | ES 3/100
  Ep  30/300 | Tr loss=0.2803 mae=0.619 r2=0.429 pcc=0.695 | Vl loss=0.7099 mae=1.080 r2=-1.139 pcc=0.879 | ES 4/100
2026-06-06 20:00:30,316 | INFO |   Ep  30/300 | Tr loss=0.2803 mae=0.619 r2=0.429 pcc=0.695 | Vl loss=0.7099 mae=1.080 r2=-1.139 pcc=0.879 | ES 4/100
  Ep  31/300 | Tr loss=0.2708 mae=0.599 r2=0.465 pcc=0.704 | Vl loss=0.6691 mae=1.025 r2=-1.004 pcc=0.832 | ES 5/100
2026-06-06 20:00:31,968 | INFO |   Ep  31/300 | Tr loss=0.2708 mae=0.599 r2=0.465 pcc=0.704 | Vl loss=0.6691 mae=1.025 r2=-1.004 pcc=0.832 | ES 5/100
  Ep  32/300 | Tr loss=0.2795 mae=0.596 r2=0.463 pcc=0.719 | Vl loss=0.6698 mae=1.026 r2=-1.015 pcc=0.786 | ES 6/100
2026-06-06 20:00:33,618 | INFO |   Ep  32/300 | Tr loss=0.2795 mae=0.596 r2=0.463 pcc=0.719 | Vl loss=0.6698 mae=1.026 r2=-1.015 pcc=0.786 | ES 6/100
  Ep  33/300 | Tr loss=0.2631 mae=0.588 r2=0.500 pcc=0.728 | Vl loss=0.6801 mae=1.038 r2=-1.062 pcc=0.573 | ES 7/100
2026-06-06 20:00:35,268 | INFO |   Ep  33/300 | Tr loss=0.2631 mae=0.588 r2=0.500 pcc=0.728 | Vl loss=0.6801 mae=1.038 r2=-1.062 pcc=0.573 | ES 7/100
  Ep  34/300 | Tr loss=0.2505 mae=0.588 r2=0.507 pcc=0.731 | Vl loss=0.6761 mae=1.042 r2=-1.047 pcc=0.121 | ES 8/100
2026-06-06 20:00:36,917 | INFO |   Ep  34/300 | Tr loss=0.2505 mae=0.588 r2=0.507 pcc=0.731 | Vl loss=0.6761 mae=1.042 r2=-1.047 pcc=0.121 | ES 8/100
  Ep  35/300 | Tr loss=0.2836 mae=0.619 r2=0.430 pcc=0.683 | Vl loss=0.6572 mae=1.030 r2=-0.968 pcc=0.011 | ES 9/100
2026-06-06 20:00:38,571 | INFO |   Ep  35/300 | Tr loss=0.2836 mae=0.619 r2=0.430 pcc=0.683 | Vl loss=0.6572 mae=1.030 r2=-0.968 pcc=0.011 | ES 9/100
  Ep  36/300 | Tr loss=0.2490 mae=0.571 r2=0.550 pcc=0.761 | Vl loss=0.6091 mae=1.023 r2=-0.772 pcc=-0.424 | ES 10/100
2026-06-06 20:00:40,223 | INFO |   Ep  36/300 | Tr loss=0.2490 mae=0.571 r2=0.550 pcc=0.761 | Vl loss=0.6091 mae=1.023 r2=-0.772 pcc=-0.424 | ES 10/100
  Ep  37/300 | Tr loss=0.2592 mae=0.595 r2=0.490 pcc=0.736 | Vl loss=0.6285 mae=1.026 r2=-0.859 pcc=-0.412 | ES 11/100
2026-06-06 20:00:41,887 | INFO |   Ep  37/300 | Tr loss=0.2592 mae=0.595 r2=0.490 pcc=0.736 | Vl loss=0.6285 mae=1.026 r2=-0.859 pcc=-0.412 | ES 11/100
  Ep  38/300 | Tr loss=0.2237 mae=0.529 r2=0.561 pcc=0.770 | Vl loss=0.6785 mae=1.043 r2=-1.056 pcc=0.016 | ES 12/100
2026-06-06 20:00:43,534 | INFO |   Ep  38/300 | Tr loss=0.2237 mae=0.529 r2=0.561 pcc=0.770 | Vl loss=0.6785 mae=1.043 r2=-1.056 pcc=0.016 | ES 12/100
  Ep  39/300 | Tr loss=0.2403 mae=0.557 r2=0.510 pcc=0.732 | Vl loss=0.6545 mae=1.022 r2=-0.963 pcc=0.175 | ES 13/100
2026-06-06 20:00:45,179 | INFO |   Ep  39/300 | Tr loss=0.2403 mae=0.557 r2=0.510 pcc=0.732 | Vl loss=0.6545 mae=1.022 r2=-0.963 pcc=0.175 | ES 13/100
  Ep  40/300 | Tr loss=0.2482 mae=0.573 r2=0.475 pcc=0.701 | Vl loss=0.6051 mae=0.989 r2=-0.778 pcc=0.107 | ES 14/100
2026-06-06 20:00:46,827 | INFO |   Ep  40/300 | Tr loss=0.2482 mae=0.573 r2=0.475 pcc=0.701 | Vl loss=0.6051 mae=0.989 r2=-0.778 pcc=0.107 | ES 14/100
  Ep  41/300 | Tr loss=0.2650 mae=0.602 r2=0.537 pcc=0.746 | Vl loss=0.6100 mae=1.021 r2=-0.795 pcc=-0.513 | ES 15/100
2026-06-06 20:00:48,469 | INFO |   Ep  41/300 | Tr loss=0.2650 mae=0.602 r2=0.537 pcc=0.746 | Vl loss=0.6100 mae=1.021 r2=-0.795 pcc=-0.513 | ES 15/100
  Ep  42/300 | Tr loss=0.2462 mae=0.575 r2=0.567 pcc=0.765 | Vl loss=0.6384 mae=1.043 r2=-0.905 pcc=-0.616 | ES 16/100
2026-06-06 20:00:50,120 | INFO |   Ep  42/300 | Tr loss=0.2462 mae=0.575 r2=0.567 pcc=0.765 | Vl loss=0.6384 mae=1.043 r2=-0.905 pcc=-0.616 | ES 16/100
  Ep  43/300 | Tr loss=0.2637 mae=0.583 r2=0.510 pcc=0.742 | Vl loss=0.6513 mae=1.015 r2=-0.961 pcc=0.319 | ES 17/100
2026-06-06 20:00:51,761 | INFO |   Ep  43/300 | Tr loss=0.2637 mae=0.583 r2=0.510 pcc=0.742 | Vl loss=0.6513 mae=1.015 r2=-0.961 pcc=0.319 | ES 17/100
  Ep  44/300 | Tr loss=0.2841 mae=0.625 r2=0.422 pcc=0.677 | Vl loss=0.6611 mae=1.018 r2=-1.000 pcc=0.456 | ES 18/100
2026-06-06 20:00:53,412 | INFO |   Ep  44/300 | Tr loss=0.2841 mae=0.625 r2=0.422 pcc=0.677 | Vl loss=0.6611 mae=1.018 r2=-1.000 pcc=0.456 | ES 18/100
  Ep  45/300 | Tr loss=0.2785 mae=0.604 r2=0.474 pcc=0.702 | Vl loss=0.6818 mae=1.041 r2=-1.082 pcc=0.193 | ES 19/100
2026-06-06 20:00:55,069 | INFO |   Ep  45/300 | Tr loss=0.2785 mae=0.604 r2=0.474 pcc=0.702 | Vl loss=0.6818 mae=1.041 r2=-1.082 pcc=0.193 | ES 19/100
  Ep  46/300 | Tr loss=0.2801 mae=0.611 r2=0.464 pcc=0.696 | Vl loss=0.6409 mae=1.017 r2=-0.917 pcc=-0.081 | ES 20/100
2026-06-06 20:00:56,713 | INFO |   Ep  46/300 | Tr loss=0.2801 mae=0.611 r2=0.464 pcc=0.696 | Vl loss=0.6409 mae=1.017 r2=-0.917 pcc=-0.081 | ES 20/100
  Ep  47/300 | Tr loss=0.2754 mae=0.610 r2=0.490 pcc=0.710 | Vl loss=0.5852 mae=1.000 r2=-0.705 pcc=-0.276 | ES 21/100
2026-06-06 20:00:58,353 | INFO |   Ep  47/300 | Tr loss=0.2754 mae=0.610 r2=0.490 pcc=0.710 | Vl loss=0.5852 mae=1.000 r2=-0.705 pcc=-0.276 | ES 21/100
  Ep  48/300 | Tr loss=0.2615 mae=0.588 r2=0.523 pcc=0.733 | Vl loss=0.6073 mae=1.018 r2=-0.784 pcc=-0.356 | ES 22/100
2026-06-06 20:00:59,996 | INFO |   Ep  48/300 | Tr loss=0.2615 mae=0.588 r2=0.523 pcc=0.733 | Vl loss=0.6073 mae=1.018 r2=-0.784 pcc=-0.356 | ES 22/100
  Ep  49/300 | Tr loss=0.2487 mae=0.578 r2=0.500 pcc=0.731 | Vl loss=0.6079 mae=1.002 r2=-0.791 pcc=-0.134 | ES 23/100
2026-06-06 20:01:01,643 | INFO |   Ep  49/300 | Tr loss=0.2487 mae=0.578 r2=0.500 pcc=0.731 | Vl loss=0.6079 mae=1.002 r2=-0.791 pcc=-0.134 | ES 23/100
  Ep  50/300 | Tr loss=0.2485 mae=0.565 r2=0.530 pcc=0.742 | Vl loss=0.6379 mae=1.020 r2=-0.900 pcc=-0.183 | ES 24/100
2026-06-06 20:01:03,287 | INFO |   Ep  50/300 | Tr loss=0.2485 mae=0.565 r2=0.530 pcc=0.742 | Vl loss=0.6379 mae=1.020 r2=-0.900 pcc=-0.183 | ES 24/100
  Ep  51/300 | Tr loss=0.2409 mae=0.555 r2=0.547 pcc=0.753 | Vl loss=0.6500 mae=1.022 r2=-0.938 pcc=0.008 | ES 25/100
2026-06-06 20:01:04,936 | INFO |   Ep  51/300 | Tr loss=0.2409 mae=0.555 r2=0.547 pcc=0.753 | Vl loss=0.6500 mae=1.022 r2=-0.938 pcc=0.008 | ES 25/100
  Ep  52/300 | Tr loss=0.2422 mae=0.566 r2=0.520 pcc=0.729 | Vl loss=0.6065 mae=0.985 r2=-0.779 pcc=0.293 | ES 26/100
2026-06-06 20:01:06,587 | INFO |   Ep  52/300 | Tr loss=0.2422 mae=0.566 r2=0.520 pcc=0.729 | Vl loss=0.6065 mae=0.985 r2=-0.779 pcc=0.293 | ES 26/100
  Ep  53/300 | Tr loss=0.2602 mae=0.591 r2=0.501 pcc=0.720 | Vl loss=0.5844 mae=0.961 r2=-0.696 pcc=0.528 | ES 27/100
2026-06-06 20:01:08,234 | INFO |   Ep  53/300 | Tr loss=0.2602 mae=0.591 r2=0.501 pcc=0.720 | Vl loss=0.5844 mae=0.961 r2=-0.696 pcc=0.528 | ES 27/100
  Ep  54/300 | Tr loss=0.2698 mae=0.607 r2=0.474 pcc=0.700 | Vl loss=0.5881 mae=0.979 r2=-0.705 pcc=0.178 | ES 28/100
2026-06-06 20:01:09,882 | INFO |   Ep  54/300 | Tr loss=0.2698 mae=0.607 r2=0.474 pcc=0.700 | Vl loss=0.5881 mae=0.979 r2=-0.705 pcc=0.178 | ES 28/100
  Ep  55/300 | Tr loss=0.2499 mae=0.584 r2=0.559 pcc=0.756 | Vl loss=0.6064 mae=1.032 r2=-0.765 pcc=-0.567 | ES 29/100
2026-06-06 20:01:11,532 | INFO |   Ep  55/300 | Tr loss=0.2499 mae=0.584 r2=0.559 pcc=0.756 | Vl loss=0.6064 mae=1.032 r2=-0.765 pcc=-0.567 | ES 29/100
  Ep  56/300 | Tr loss=0.2488 mae=0.570 r2=0.498 pcc=0.730 | Vl loss=0.6378 mae=1.080 r2=-0.870 pcc=-0.743 | ES 30/100
2026-06-06 20:01:13,196 | INFO |   Ep  56/300 | Tr loss=0.2488 mae=0.570 r2=0.498 pcc=0.730 | Vl loss=0.6378 mae=1.080 r2=-0.870 pcc=-0.743 | ES 30/100
  Ep  57/300 | Tr loss=0.2539 mae=0.587 r2=0.451 pcc=0.705 | Vl loss=0.6526 mae=1.099 r2=-0.915 pcc=-0.750 | ES 31/100
2026-06-06 20:01:14,872 | INFO |   Ep  57/300 | Tr loss=0.2539 mae=0.587 r2=0.451 pcc=0.705 | Vl loss=0.6526 mae=1.099 r2=-0.915 pcc=-0.750 | ES 31/100
  Ep  58/300 | Tr loss=0.2587 mae=0.587 r2=0.537 pcc=0.738 | Vl loss=0.6291 mae=1.078 r2=-0.817 pcc=-0.725 | ES 32/100
2026-06-06 20:01:16,515 | INFO |   Ep  58/300 | Tr loss=0.2587 mae=0.587 r2=0.537 pcc=0.738 | Vl loss=0.6291 mae=1.078 r2=-0.817 pcc=-0.725 | ES 32/100
  Ep  59/300 | Tr loss=0.2902 mae=0.622 r2=0.477 pcc=0.702 | Vl loss=0.5957 mae=1.039 r2=-0.711 pcc=-0.624 | ES 33/100
2026-06-06 20:01:18,208 | INFO |   Ep  59/300 | Tr loss=0.2902 mae=0.622 r2=0.477 pcc=0.702 | Vl loss=0.5957 mae=1.039 r2=-0.711 pcc=-0.624 | ES 33/100
  Ep  60/300 | Tr loss=0.2990 mae=0.631 r2=0.452 pcc=0.685 | Vl loss=0.5916 mae=1.020 r2=-0.712 pcc=-0.478 | ES 34/100
2026-06-06 20:01:19,893 | INFO |   Ep  60/300 | Tr loss=0.2990 mae=0.631 r2=0.452 pcc=0.685 | Vl loss=0.5916 mae=1.020 r2=-0.712 pcc=-0.478 | ES 34/100
  Ep  61/300 | Tr loss=0.2436 mae=0.561 r2=0.565 pcc=0.762 | Vl loss=0.5895 mae=0.994 r2=-0.713 pcc=-0.135 | ES 35/100
2026-06-06 20:01:21,621 | INFO |   Ep  61/300 | Tr loss=0.2436 mae=0.561 r2=0.565 pcc=0.762 | Vl loss=0.5895 mae=0.994 r2=-0.713 pcc=-0.135 | ES 35/100
  Ep  62/300 | Tr loss=0.2742 mae=0.604 r2=0.484 pcc=0.703 | Vl loss=0.5643 mae=0.947 r2=-0.633 pcc=0.429 | ES 36/100
2026-06-06 20:01:23,332 | INFO |   Ep  62/300 | Tr loss=0.2742 mae=0.604 r2=0.484 pcc=0.703 | Vl loss=0.5643 mae=0.947 r2=-0.633 pcc=0.429 | ES 36/100
  Ep  63/300 | Tr loss=0.2510 mae=0.568 r2=0.516 pcc=0.726 | Vl loss=0.5325 mae=0.906 r2=-0.520 pcc=0.640 | ES 0/100 ★
2026-06-06 20:01:25,069 | INFO |   Ep  63/300 | Tr loss=0.2510 mae=0.568 r2=0.516 pcc=0.726 | Vl loss=0.5325 mae=0.906 r2=-0.520 pcc=0.640 | ES 0/100 ★
    ★ val_mae=0.9056  rmse=1.1052  r2=-0.5200  pcc=0.6397
  Ep  64/300 | Tr loss=0.2736 mae=0.578 r2=0.492 pcc=0.718 | Vl loss=0.5146 mae=0.884 r2=-0.460 pcc=0.664 | ES 0/100 ★
2026-06-06 20:01:26,806 | INFO |   Ep  64/300 | Tr loss=0.2736 mae=0.578 r2=0.492 pcc=0.718 | Vl loss=0.5146 mae=0.884 r2=-0.460 pcc=0.664 | ES 0/100 ★
    ★ val_mae=0.8843  rmse=1.0833  r2=-0.4603  pcc=0.6641
  Ep  65/300 | Tr loss=0.2410 mae=0.556 r2=0.469 pcc=0.713 | Vl loss=0.5991 mae=0.969 r2=-0.761 pcc=0.452 | ES 1/100
2026-06-06 20:01:28,535 | INFO |   Ep  65/300 | Tr loss=0.2410 mae=0.556 r2=0.469 pcc=0.713 | Vl loss=0.5991 mae=0.969 r2=-0.761 pcc=0.452 | ES 1/100
  Ep  66/300 | Tr loss=0.2405 mae=0.563 r2=0.520 pcc=0.730 | Vl loss=0.6254 mae=0.997 r2=-0.860 pcc=0.206 | ES 2/100
2026-06-06 20:01:30,251 | INFO |   Ep  66/300 | Tr loss=0.2405 mae=0.563 r2=0.520 pcc=0.730 | Vl loss=0.6254 mae=0.997 r2=-0.860 pcc=0.206 | ES 2/100
  Ep  67/300 | Tr loss=0.2348 mae=0.555 r2=0.539 pcc=0.740 | Vl loss=0.6381 mae=1.013 r2=-0.904 pcc=0.033 | ES 3/100
2026-06-06 20:01:31,944 | INFO |   Ep  67/300 | Tr loss=0.2348 mae=0.555 r2=0.539 pcc=0.740 | Vl loss=0.6381 mae=1.013 r2=-0.904 pcc=0.033 | ES 3/100
  Ep  68/300 | Tr loss=0.2492 mae=0.561 r2=0.532 pcc=0.737 | Vl loss=0.6417 mae=1.026 r2=-0.912 pcc=-0.208 | ES 4/100
2026-06-06 20:01:33,661 | INFO |   Ep  68/300 | Tr loss=0.2492 mae=0.561 r2=0.532 pcc=0.737 | Vl loss=0.6417 mae=1.026 r2=-0.912 pcc=-0.208 | ES 4/100
  Ep  69/300 | Tr loss=0.2521 mae=0.577 r2=0.506 pcc=0.721 | Vl loss=0.6488 mae=1.041 r2=-0.939 pcc=-0.406 | ES 5/100
2026-06-06 20:01:35,363 | INFO |   Ep  69/300 | Tr loss=0.2521 mae=0.577 r2=0.506 pcc=0.721 | Vl loss=0.6488 mae=1.041 r2=-0.939 pcc=-0.406 | ES 5/100
  Ep  70/300 | Tr loss=0.2584 mae=0.577 r2=0.533 pcc=0.737 | Vl loss=0.6649 mae=1.054 r2=-0.997 pcc=-0.478 | ES 6/100
2026-06-06 20:01:37,054 | INFO |   Ep  70/300 | Tr loss=0.2584 mae=0.577 r2=0.533 pcc=0.737 | Vl loss=0.6649 mae=1.054 r2=-0.997 pcc=-0.478 | ES 6/100
  Ep  71/300 | Tr loss=0.2634 mae=0.568 r2=0.508 pcc=0.726 | Vl loss=0.6780 mae=1.067 r2=-1.052 pcc=-0.566 | ES 7/100
2026-06-06 20:01:38,737 | INFO |   Ep  71/300 | Tr loss=0.2634 mae=0.568 r2=0.508 pcc=0.726 | Vl loss=0.6780 mae=1.067 r2=-1.052 pcc=-0.566 | ES 7/100
  Ep  72/300 | Tr loss=0.2260 mae=0.532 r2=0.593 pcc=0.774 | Vl loss=0.6883 mae=1.096 r2=-1.085 pcc=-0.653 | ES 8/100
2026-06-06 20:01:40,377 | INFO |   Ep  72/300 | Tr loss=0.2260 mae=0.532 r2=0.593 pcc=0.774 | Vl loss=0.6883 mae=1.096 r2=-1.085 pcc=-0.653 | ES 8/100
  Ep  73/300 | Tr loss=0.2427 mae=0.554 r2=0.518 pcc=0.730 | Vl loss=0.6733 mae=1.108 r2=-1.007 pcc=-0.700 | ES 9/100
2026-06-06 20:01:42,017 | INFO |   Ep  73/300 | Tr loss=0.2427 mae=0.554 r2=0.518 pcc=0.730 | Vl loss=0.6733 mae=1.108 r2=-1.007 pcc=-0.700 | ES 9/100
  Ep  74/300 | Tr loss=0.2646 mae=0.601 r2=0.474 pcc=0.700 | Vl loss=0.6120 mae=1.047 r2=-0.784 pcc=-0.582 | ES 10/100
2026-06-06 20:01:43,653 | INFO |   Ep  74/300 | Tr loss=0.2646 mae=0.601 r2=0.474 pcc=0.700 | Vl loss=0.6120 mae=1.047 r2=-0.784 pcc=-0.582 | ES 10/100
  Ep  75/300 | Tr loss=0.2374 mae=0.544 r2=0.593 pcc=0.775 | Vl loss=0.6324 mae=1.053 r2=-0.866 pcc=-0.566 | ES 11/100
2026-06-06 20:01:45,293 | INFO |   Ep  75/300 | Tr loss=0.2374 mae=0.544 r2=0.593 pcc=0.775 | Vl loss=0.6324 mae=1.053 r2=-0.866 pcc=-0.566 | ES 11/100
  Ep  76/300 | Tr loss=0.2481 mae=0.568 r2=0.559 pcc=0.756 | Vl loss=0.6210 mae=1.042 r2=-0.826 pcc=-0.524 | ES 12/100
2026-06-06 20:01:46,931 | INFO |   Ep  76/300 | Tr loss=0.2481 mae=0.568 r2=0.559 pcc=0.756 | Vl loss=0.6210 mae=1.042 r2=-0.826 pcc=-0.524 | ES 12/100
  Ep  77/300 | Tr loss=0.2675 mae=0.573 r2=0.453 pcc=0.695 | Vl loss=0.5384 mae=0.954 r2=-0.544 pcc=-0.005 | ES 13/100
2026-06-06 20:01:48,566 | INFO |   Ep  77/300 | Tr loss=0.2675 mae=0.573 r2=0.453 pcc=0.695 | Vl loss=0.5384 mae=0.954 r2=-0.544 pcc=-0.005 | ES 13/100
  Ep  78/300 | Tr loss=0.2571 mae=0.569 r2=0.553 pcc=0.746 | Vl loss=0.6083 mae=1.000 r2=-0.797 pcc=-0.083 | ES 14/100
2026-06-06 20:01:50,207 | INFO |   Ep  78/300 | Tr loss=0.2571 mae=0.569 r2=0.553 pcc=0.746 | Vl loss=0.6083 mae=1.000 r2=-0.797 pcc=-0.083 | ES 14/100
  Ep  79/300 | Tr loss=0.2642 mae=0.576 r2=0.548 pcc=0.745 | Vl loss=0.6538 mae=1.026 r2=-0.955 pcc=0.062 | ES 15/100
2026-06-06 20:01:51,937 | INFO |   Ep  79/300 | Tr loss=0.2642 mae=0.576 r2=0.548 pcc=0.745 | Vl loss=0.6538 mae=1.026 r2=-0.955 pcc=0.062 | ES 15/100
  Ep  80/300 | Tr loss=0.2351 mae=0.552 r2=0.540 pcc=0.746 | Vl loss=0.6416 mae=1.025 r2=-0.907 pcc=-0.146 | ES 16/100
2026-06-06 20:01:53,593 | INFO |   Ep  80/300 | Tr loss=0.2351 mae=0.552 r2=0.540 pcc=0.746 | Vl loss=0.6416 mae=1.025 r2=-0.907 pcc=-0.146 | ES 16/100
  Ep  81/300 | Tr loss=0.2510 mae=0.564 r2=0.540 pcc=0.744 | Vl loss=0.6426 mae=1.031 r2=-0.909 pcc=-0.248 | ES 17/100
2026-06-06 20:01:55,232 | INFO |   Ep  81/300 | Tr loss=0.2510 mae=0.564 r2=0.540 pcc=0.744 | Vl loss=0.6426 mae=1.031 r2=-0.909 pcc=-0.248 | ES 17/100
  Ep  82/300 | Tr loss=0.2434 mae=0.554 r2=0.521 pcc=0.731 | Vl loss=0.6436 mae=1.037 r2=-0.910 pcc=-0.359 | ES 18/100
2026-06-06 20:01:56,871 | INFO |   Ep  82/300 | Tr loss=0.2434 mae=0.554 r2=0.521 pcc=0.731 | Vl loss=0.6436 mae=1.037 r2=-0.910 pcc=-0.359 | ES 18/100
  Ep  83/300 | Tr loss=0.2699 mae=0.596 r2=0.508 pcc=0.720 | Vl loss=0.6446 mae=1.046 r2=-0.912 pcc=-0.483 | ES 19/100
2026-06-06 20:01:58,517 | INFO |   Ep  83/300 | Tr loss=0.2699 mae=0.596 r2=0.508 pcc=0.720 | Vl loss=0.6446 mae=1.046 r2=-0.912 pcc=-0.483 | ES 19/100
  Ep  84/300 | Tr loss=0.1779 mae=0.478 r2=0.635 pcc=0.798 | Vl loss=0.6535 mae=1.057 r2=-0.948 pcc=-0.566 | ES 20/100
2026-06-06 20:02:00,171 | INFO |   Ep  84/300 | Tr loss=0.1779 mae=0.478 r2=0.635 pcc=0.798 | Vl loss=0.6535 mae=1.057 r2=-0.948 pcc=-0.566 | ES 20/100
  Ep  85/300 | Tr loss=0.2583 mae=0.576 r2=0.455 pcc=0.690 | Vl loss=0.6431 mae=1.049 r2=-0.909 pcc=-0.550 | ES 21/100
2026-06-06 20:02:01,819 | INFO |   Ep  85/300 | Tr loss=0.2583 mae=0.576 r2=0.455 pcc=0.690 | Vl loss=0.6431 mae=1.049 r2=-0.909 pcc=-0.550 | ES 21/100
  Ep  86/300 | Tr loss=0.2165 mae=0.523 r2=0.611 pcc=0.785 | Vl loss=0.6538 mae=1.033 r2=-0.955 pcc=-0.285 | ES 22/100
2026-06-06 20:02:03,465 | INFO |   Ep  86/300 | Tr loss=0.2165 mae=0.523 r2=0.611 pcc=0.785 | Vl loss=0.6538 mae=1.033 r2=-0.955 pcc=-0.285 | ES 22/100
  Ep  87/300 | Tr loss=0.2620 mae=0.574 r2=0.494 pcc=0.711 | Vl loss=0.6441 mae=1.019 r2=-0.921 pcc=-0.023 | ES 23/100
2026-06-06 20:02:05,152 | INFO |   Ep  87/300 | Tr loss=0.2620 mae=0.574 r2=0.494 pcc=0.711 | Vl loss=0.6441 mae=1.019 r2=-0.921 pcc=-0.023 | ES 23/100
  Ep  88/300 | Tr loss=0.2475 mae=0.566 r2=0.545 pcc=0.744 | Vl loss=0.6420 mae=1.017 r2=-0.907 pcc=0.052 | ES 24/100
2026-06-06 20:02:06,802 | INFO |   Ep  88/300 | Tr loss=0.2475 mae=0.566 r2=0.545 pcc=0.744 | Vl loss=0.6420 mae=1.017 r2=-0.907 pcc=0.052 | ES 24/100
  Ep  89/300 | Tr loss=0.2500 mae=0.568 r2=0.494 pcc=0.711 | Vl loss=0.6261 mae=1.009 r2=-0.844 pcc=-0.007 | ES 25/100
2026-06-06 20:02:08,450 | INFO |   Ep  89/300 | Tr loss=0.2500 mae=0.568 r2=0.494 pcc=0.711 | Vl loss=0.6261 mae=1.009 r2=-0.844 pcc=-0.007 | ES 25/100
  Ep  90/300 | Tr loss=0.2513 mae=0.573 r2=0.520 pcc=0.727 | Vl loss=0.6142 mae=1.010 r2=-0.797 pcc=-0.163 | ES 26/100
2026-06-06 20:02:10,094 | INFO |   Ep  90/300 | Tr loss=0.2513 mae=0.573 r2=0.520 pcc=0.727 | Vl loss=0.6142 mae=1.010 r2=-0.797 pcc=-0.163 | ES 26/100
  Ep  91/300 | Tr loss=0.2552 mae=0.584 r2=0.466 pcc=0.699 | Vl loss=0.5815 mae=0.992 r2=-0.684 pcc=-0.177 | ES 27/100
2026-06-06 20:02:11,745 | INFO |   Ep  91/300 | Tr loss=0.2552 mae=0.584 r2=0.466 pcc=0.699 | Vl loss=0.5815 mae=0.992 r2=-0.684 pcc=-0.177 | ES 27/100
  Ep  92/300 | Tr loss=0.2701 mae=0.589 r2=0.485 pcc=0.705 | Vl loss=0.5899 mae=0.993 r2=-0.718 pcc=-0.127 | ES 28/100
2026-06-06 20:02:13,391 | INFO |   Ep  92/300 | Tr loss=0.2701 mae=0.589 r2=0.485 pcc=0.705 | Vl loss=0.5899 mae=0.993 r2=-0.718 pcc=-0.127 | ES 28/100
  Ep  93/300 | Tr loss=0.2770 mae=0.589 r2=0.483 pcc=0.699 | Vl loss=0.6045 mae=1.008 r2=-0.770 pcc=-0.285 | ES 29/100
2026-06-06 20:02:15,042 | INFO |   Ep  93/300 | Tr loss=0.2770 mae=0.589 r2=0.483 pcc=0.699 | Vl loss=0.6045 mae=1.008 r2=-0.770 pcc=-0.285 | ES 29/100
  Ep  94/300 | Tr loss=0.2509 mae=0.566 r2=0.492 pcc=0.705 | Vl loss=0.5584 mae=0.985 r2=-0.606 pcc=-0.285 | ES 30/100
2026-06-06 20:02:16,722 | INFO |   Ep  94/300 | Tr loss=0.2509 mae=0.566 r2=0.492 pcc=0.705 | Vl loss=0.5584 mae=0.985 r2=-0.606 pcc=-0.285 | ES 30/100
  Ep  95/300 | Tr loss=0.2497 mae=0.571 r2=0.515 pcc=0.725 | Vl loss=0.6530 mae=1.082 r2=-0.936 pcc=-0.664 | ES 31/100
2026-06-06 20:02:18,357 | INFO |   Ep  95/300 | Tr loss=0.2497 mae=0.571 r2=0.515 pcc=0.725 | Vl loss=0.6530 mae=1.082 r2=-0.936 pcc=-0.664 | ES 31/100
  Ep  96/300 | Tr loss=0.2133 mae=0.513 r2=0.593 pcc=0.774 | Vl loss=0.6922 mae=1.125 r2=-1.078 pcc=-0.703 | ES 32/100
2026-06-06 20:02:20,014 | INFO |   Ep  96/300 | Tr loss=0.2133 mae=0.513 r2=0.593 pcc=0.774 | Vl loss=0.6922 mae=1.125 r2=-1.078 pcc=-0.703 | ES 32/100
  Ep  97/300 | Tr loss=0.2460 mae=0.562 r2=0.523 pcc=0.729 | Vl loss=0.6889 mae=1.132 r2=-1.045 pcc=-0.726 | ES 33/100
2026-06-06 20:02:21,670 | INFO |   Ep  97/300 | Tr loss=0.2460 mae=0.562 r2=0.523 pcc=0.729 | Vl loss=0.6889 mae=1.132 r2=-1.045 pcc=-0.726 | ES 33/100
  Ep  98/300 | Tr loss=0.2850 mae=0.614 r2=0.526 pcc=0.728 | Vl loss=0.6651 mae=1.107 r2=-0.960 pcc=-0.694 | ES 34/100
2026-06-06 20:02:23,320 | INFO |   Ep  98/300 | Tr loss=0.2850 mae=0.614 r2=0.526 pcc=0.728 | Vl loss=0.6651 mae=1.107 r2=-0.960 pcc=-0.694 | ES 34/100
  Ep  99/300 | Tr loss=0.2379 mae=0.548 r2=0.542 pcc=0.744 | Vl loss=0.6307 mae=1.056 r2=-0.861 pcc=-0.567 | ES 35/100
2026-06-06 20:02:24,967 | INFO |   Ep  99/300 | Tr loss=0.2379 mae=0.548 r2=0.542 pcc=0.744 | Vl loss=0.6307 mae=1.056 r2=-0.861 pcc=-0.567 | ES 35/100
  Ep 100/300 | Tr loss=0.2568 mae=0.566 r2=0.510 pcc=0.722 | Vl loss=0.5216 mae=0.926 r2=-0.489 pcc=0.240 | ES 36/100
2026-06-06 20:02:26,626 | INFO |   Ep 100/300 | Tr loss=0.2568 mae=0.566 r2=0.510 pcc=0.722 | Vl loss=0.5216 mae=0.926 r2=-0.489 pcc=0.240 | ES 36/100
  Ep 101/300 | Tr loss=0.2413 mae=0.553 r2=0.560 pcc=0.754 | Vl loss=0.4898 mae=0.877 r2=-0.386 pcc=0.511 | ES 0/100 ★
2026-06-06 20:02:28,275 | INFO |   Ep 101/300 | Tr loss=0.2413 mae=0.553 r2=0.560 pcc=0.754 | Vl loss=0.4898 mae=0.877 r2=-0.386 pcc=0.511 | ES 0/100 ★
    ★ val_mae=0.8768  rmse=1.0553  r2=-0.3857  pcc=0.5114
  Ep 102/300 | Tr loss=0.2614 mae=0.593 r2=0.488 pcc=0.705 | Vl loss=0.5659 mae=0.952 r2=-0.656 pcc=0.214 | ES 1/100
2026-06-06 20:02:29,914 | INFO |   Ep 102/300 | Tr loss=0.2614 mae=0.593 r2=0.488 pcc=0.705 | Vl loss=0.5659 mae=0.952 r2=-0.656 pcc=0.214 | ES 1/100
  Ep 103/300 | Tr loss=0.2337 mae=0.552 r2=0.513 pcc=0.720 | Vl loss=0.6393 mae=1.047 r2=-0.913 pcc=-0.444 | ES 2/100
2026-06-06 20:02:31,559 | INFO |   Ep 103/300 | Tr loss=0.2337 mae=0.552 r2=0.513 pcc=0.720 | Vl loss=0.6393 mae=1.047 r2=-0.913 pcc=-0.444 | ES 2/100
  Ep 104/300 | Tr loss=0.2327 mae=0.553 r2=0.557 pcc=0.752 | Vl loss=0.6874 mae=1.090 r2=-1.092 pcc=-0.573 | ES 3/100
2026-06-06 20:02:33,202 | INFO |   Ep 104/300 | Tr loss=0.2327 mae=0.553 r2=0.557 pcc=0.752 | Vl loss=0.6874 mae=1.090 r2=-1.092 pcc=-0.573 | ES 3/100
  Ep 105/300 | Tr loss=0.2324 mae=0.535 r2=0.568 pcc=0.759 | Vl loss=0.6980 mae=1.107 r2=-1.127 pcc=-0.611 | ES 4/100
2026-06-06 20:02:34,870 | INFO |   Ep 105/300 | Tr loss=0.2324 mae=0.535 r2=0.568 pcc=0.759 | Vl loss=0.6980 mae=1.107 r2=-1.127 pcc=-0.611 | ES 4/100
  Ep 106/300 | Tr loss=0.2281 mae=0.547 r2=0.541 pcc=0.743 | Vl loss=0.7064 mae=1.133 r2=-1.147 pcc=-0.699 | ES 5/100
2026-06-06 20:02:36,592 | INFO |   Ep 106/300 | Tr loss=0.2281 mae=0.547 r2=0.541 pcc=0.743 | Vl loss=0.7064 mae=1.133 r2=-1.147 pcc=-0.699 | ES 5/100
  Ep 107/300 | Tr loss=0.2435 mae=0.558 r2=0.538 pcc=0.738 | Vl loss=0.7297 mae=1.171 r2=-1.217 pcc=-0.758 | ES 6/100
2026-06-06 20:02:38,302 | INFO |   Ep 107/300 | Tr loss=0.2435 mae=0.558 r2=0.538 pcc=0.738 | Vl loss=0.7297 mae=1.171 r2=-1.217 pcc=-0.758 | ES 6/100
  Ep 108/300 | Tr loss=0.2247 mae=0.536 r2=0.581 pcc=0.766 | Vl loss=0.7459 mae=1.190 r2=-1.271 pcc=-0.766 | ES 7/100
2026-06-06 20:02:40,013 | INFO |   Ep 108/300 | Tr loss=0.2247 mae=0.536 r2=0.581 pcc=0.766 | Vl loss=0.7459 mae=1.190 r2=-1.271 pcc=-0.766 | ES 7/100
  Ep 109/300 | Tr loss=0.2142 mae=0.516 r2=0.611 pcc=0.786 | Vl loss=0.7611 mae=1.206 r2=-1.334 pcc=-0.780 | ES 8/100
2026-06-06 20:02:41,749 | INFO |   Ep 109/300 | Tr loss=0.2142 mae=0.516 r2=0.611 pcc=0.786 | Vl loss=0.7611 mae=1.206 r2=-1.334 pcc=-0.780 | ES 8/100
  Ep 110/300 | Tr loss=0.2408 mae=0.552 r2=0.514 pcc=0.737 | Vl loss=0.7746 mae=1.221 r2=-1.391 pcc=-0.799 | ES 9/100
2026-06-06 20:02:43,420 | INFO |   Ep 110/300 | Tr loss=0.2408 mae=0.552 r2=0.514 pcc=0.737 | Vl loss=0.7746 mae=1.221 r2=-1.391 pcc=-0.799 | ES 9/100
  Ep 111/300 | Tr loss=0.2428 mae=0.548 r2=0.491 pcc=0.717 | Vl loss=0.7746 mae=1.225 r2=-1.370 pcc=-0.809 | ES 10/100
2026-06-06 20:02:45,084 | INFO |   Ep 111/300 | Tr loss=0.2428 mae=0.548 r2=0.491 pcc=0.717 | Vl loss=0.7746 mae=1.225 r2=-1.370 pcc=-0.809 | ES 10/100
  Ep 112/300 | Tr loss=0.2434 mae=0.557 r2=0.563 pcc=0.751 | Vl loss=0.7493 mae=1.198 r2=-1.261 pcc=-0.770 | ES 11/100
2026-06-06 20:02:46,739 | INFO |   Ep 112/300 | Tr loss=0.2434 mae=0.557 r2=0.563 pcc=0.751 | Vl loss=0.7493 mae=1.198 r2=-1.261 pcc=-0.770 | ES 11/100
  Ep 113/300 | Tr loss=0.2247 mae=0.535 r2=0.566 pcc=0.756 | Vl loss=0.7370 mae=1.189 r2=-1.186 pcc=-0.778 | ES 12/100
2026-06-06 20:02:48,399 | INFO |   Ep 113/300 | Tr loss=0.2247 mae=0.535 r2=0.566 pcc=0.756 | Vl loss=0.7370 mae=1.189 r2=-1.186 pcc=-0.778 | ES 12/100
  Ep 114/300 | Tr loss=0.2656 mae=0.581 r2=0.521 pcc=0.725 | Vl loss=0.7408 mae=1.196 r2=-1.177 pcc=-0.808 | ES 13/100
2026-06-06 20:02:50,118 | INFO |   Ep 114/300 | Tr loss=0.2656 mae=0.581 r2=0.521 pcc=0.725 | Vl loss=0.7408 mae=1.196 r2=-1.177 pcc=-0.808 | ES 13/100
  Ep 115/300 | Tr loss=0.2471 mae=0.554 r2=0.547 pcc=0.742 | Vl loss=0.7927 mae=1.248 r2=-1.329 pcc=-0.835 | ES 14/100
2026-06-06 20:02:51,869 | INFO |   Ep 115/300 | Tr loss=0.2471 mae=0.554 r2=0.547 pcc=0.742 | Vl loss=0.7927 mae=1.248 r2=-1.329 pcc=-0.835 | ES 14/100
  Ep 116/300 | Tr loss=0.2340 mae=0.533 r2=0.559 pcc=0.754 | Vl loss=0.7890 mae=1.244 r2=-1.354 pcc=-0.826 | ES 15/100
2026-06-06 20:02:53,589 | INFO |   Ep 116/300 | Tr loss=0.2340 mae=0.533 r2=0.559 pcc=0.754 | Vl loss=0.7890 mae=1.244 r2=-1.354 pcc=-0.826 | ES 15/100
  Ep 117/300 | Tr loss=0.2557 mae=0.575 r2=0.502 pcc=0.719 | Vl loss=0.7798 mae=1.234 r2=-1.336 pcc=-0.819 | ES 16/100
2026-06-06 20:02:55,240 | INFO |   Ep 117/300 | Tr loss=0.2557 mae=0.575 r2=0.502 pcc=0.719 | Vl loss=0.7798 mae=1.234 r2=-1.336 pcc=-0.819 | ES 16/100
  Ep 118/300 | Tr loss=0.2470 mae=0.571 r2=0.520 pcc=0.726 | Vl loss=0.7497 mae=1.205 r2=-1.204 pcc=-0.831 | ES 17/100
2026-06-06 20:02:56,888 | INFO |   Ep 118/300 | Tr loss=0.2470 mae=0.571 r2=0.520 pcc=0.726 | Vl loss=0.7497 mae=1.205 r2=-1.204 pcc=-0.831 | ES 17/100
  Ep 119/300 | Tr loss=0.2530 mae=0.572 r2=0.530 pcc=0.733 | Vl loss=0.8104 mae=1.266 r2=-1.411 pcc=-0.841 | ES 18/100
2026-06-06 20:02:58,529 | INFO |   Ep 119/300 | Tr loss=0.2530 mae=0.572 r2=0.530 pcc=0.733 | Vl loss=0.8104 mae=1.266 r2=-1.411 pcc=-0.841 | ES 18/100
  Ep 120/300 | Tr loss=0.2467 mae=0.571 r2=0.511 pcc=0.725 | Vl loss=0.8687 mae=1.324 r2=-1.578 pcc=-0.862 | ES 19/100
2026-06-06 20:03:00,180 | INFO |   Ep 120/300 | Tr loss=0.2467 mae=0.571 r2=0.511 pcc=0.725 | Vl loss=0.8687 mae=1.324 r2=-1.578 pcc=-0.862 | ES 19/100
  Ep 121/300 | Tr loss=0.2578 mae=0.570 r2=0.503 pcc=0.732 | Vl loss=0.8947 mae=1.353 r2=-1.670 pcc=-0.857 | ES 20/100
2026-06-06 20:03:01,827 | INFO |   Ep 121/300 | Tr loss=0.2578 mae=0.570 r2=0.503 pcc=0.732 | Vl loss=0.8947 mae=1.353 r2=-1.670 pcc=-0.857 | ES 20/100
  Ep 122/300 | Tr loss=0.2556 mae=0.559 r2=0.510 pcc=0.725 | Vl loss=0.7737 mae=1.228 r2=-1.252 pcc=-0.848 | ES 21/100
2026-06-06 20:03:03,466 | INFO |   Ep 122/300 | Tr loss=0.2556 mae=0.559 r2=0.510 pcc=0.725 | Vl loss=0.7737 mae=1.228 r2=-1.252 pcc=-0.848 | ES 21/100
  Ep 123/300 | Tr loss=0.2417 mae=0.548 r2=0.559 pcc=0.749 | Vl loss=0.6835 mae=1.134 r2=-1.019 pcc=-0.760 | ES 22/100
2026-06-06 20:03:05,113 | INFO |   Ep 123/300 | Tr loss=0.2417 mae=0.548 r2=0.559 pcc=0.749 | Vl loss=0.6835 mae=1.134 r2=-1.019 pcc=-0.760 | ES 22/100
  Ep 124/300 | Tr loss=0.2620 mae=0.568 r2=0.511 pcc=0.721 | Vl loss=0.6803 mae=1.130 r2=-1.012 pcc=-0.758 | ES 23/100
2026-06-06 20:03:06,795 | INFO |   Ep 124/300 | Tr loss=0.2620 mae=0.568 r2=0.511 pcc=0.721 | Vl loss=0.6803 mae=1.130 r2=-1.012 pcc=-0.758 | ES 23/100
  Ep 125/300 | Tr loss=0.2336 mae=0.525 r2=0.545 pcc=0.742 | Vl loss=0.6504 mae=1.101 r2=-0.898 pcc=-0.738 | ES 24/100
2026-06-06 20:03:08,432 | INFO |   Ep 125/300 | Tr loss=0.2336 mae=0.525 r2=0.545 pcc=0.742 | Vl loss=0.6504 mae=1.101 r2=-0.898 pcc=-0.738 | ES 24/100
  Ep 126/300 | Tr loss=0.2620 mae=0.582 r2=0.555 pcc=0.749 | Vl loss=0.6360 mae=1.089 r2=-0.836 pcc=-0.754 | ES 25/100
2026-06-06 20:03:10,066 | INFO |   Ep 126/300 | Tr loss=0.2620 mae=0.582 r2=0.555 pcc=0.749 | Vl loss=0.6360 mae=1.089 r2=-0.836 pcc=-0.754 | ES 25/100
  Ep 127/300 | Tr loss=0.2431 mae=0.557 r2=0.556 pcc=0.747 | Vl loss=0.6076 mae=1.043 r2=-0.774 pcc=-0.564 | ES 26/100
2026-06-06 20:03:11,716 | INFO |   Ep 127/300 | Tr loss=0.2431 mae=0.557 r2=0.556 pcc=0.747 | Vl loss=0.6076 mae=1.043 r2=-0.774 pcc=-0.564 | ES 26/100
  Ep 128/300 | Tr loss=0.2645 mae=0.586 r2=0.456 pcc=0.688 | Vl loss=0.5975 mae=1.030 r2=-0.741 pcc=-0.508 | ES 27/100
2026-06-06 20:03:13,353 | INFO |   Ep 128/300 | Tr loss=0.2645 mae=0.586 r2=0.456 pcc=0.688 | Vl loss=0.5975 mae=1.030 r2=-0.741 pcc=-0.508 | ES 27/100
  Ep 129/300 | Tr loss=0.2628 mae=0.578 r2=0.539 pcc=0.740 | Vl loss=0.6834 mae=1.125 r2=-1.029 pcc=-0.726 | ES 28/100
2026-06-06 20:03:14,997 | INFO |   Ep 129/300 | Tr loss=0.2628 mae=0.578 r2=0.539 pcc=0.740 | Vl loss=0.6834 mae=1.125 r2=-1.029 pcc=-0.726 | ES 28/100
  Ep 130/300 | Tr loss=0.2276 mae=0.533 r2=0.537 pcc=0.741 | Vl loss=0.7427 mae=1.197 r2=-1.157 pcc=-0.824 | ES 29/100
2026-06-06 20:03:16,646 | INFO |   Ep 130/300 | Tr loss=0.2276 mae=0.533 r2=0.537 pcc=0.741 | Vl loss=0.7427 mae=1.197 r2=-1.157 pcc=-0.824 | ES 29/100
  Ep 131/300 | Tr loss=0.2418 mae=0.559 r2=0.563 pcc=0.755 | Vl loss=0.7479 mae=1.203 r2=-1.170 pcc=-0.823 | ES 30/100
2026-06-06 20:03:18,292 | INFO |   Ep 131/300 | Tr loss=0.2418 mae=0.559 r2=0.563 pcc=0.755 | Vl loss=0.7479 mae=1.203 r2=-1.170 pcc=-0.823 | ES 30/100
  Ep 132/300 | Tr loss=0.2557 mae=0.570 r2=0.470 pcc=0.696 | Vl loss=0.6567 mae=1.110 r2=-0.842 pcc=-0.809 | ES 31/100
2026-06-06 20:03:19,945 | INFO |   Ep 132/300 | Tr loss=0.2557 mae=0.570 r2=0.470 pcc=0.696 | Vl loss=0.6567 mae=1.110 r2=-0.842 pcc=-0.809 | ES 31/100
  Ep 133/300 | Tr loss=0.2367 mae=0.547 r2=0.586 pcc=0.766 | Vl loss=0.6497 mae=1.092 r2=-0.902 pcc=-0.676 | ES 32/100
2026-06-06 20:03:21,596 | INFO |   Ep 133/300 | Tr loss=0.2367 mae=0.547 r2=0.586 pcc=0.766 | Vl loss=0.6497 mae=1.092 r2=-0.902 pcc=-0.676 | ES 32/100
  Ep 134/300 | Tr loss=0.2132 mae=0.508 r2=0.570 pcc=0.767 | Vl loss=0.6538 mae=1.070 r2=-0.949 pcc=-0.492 | ES 33/100
2026-06-06 20:03:23,239 | INFO |   Ep 134/300 | Tr loss=0.2132 mae=0.508 r2=0.570 pcc=0.767 | Vl loss=0.6538 mae=1.070 r2=-0.949 pcc=-0.492 | ES 33/100
  Ep 135/300 | Tr loss=0.2405 mae=0.557 r2=0.554 pcc=0.747 | Vl loss=0.6711 mae=1.093 r2=-1.007 pcc=-0.564 | ES 34/100
2026-06-06 20:03:24,882 | INFO |   Ep 135/300 | Tr loss=0.2405 mae=0.557 r2=0.554 pcc=0.747 | Vl loss=0.6711 mae=1.093 r2=-1.007 pcc=-0.564 | ES 34/100
  Ep 136/300 | Tr loss=0.2181 mae=0.516 r2=0.613 pcc=0.785 | Vl loss=0.6963 mae=1.136 r2=-1.071 pcc=-0.687 | ES 35/100
2026-06-06 20:03:26,527 | INFO |   Ep 136/300 | Tr loss=0.2181 mae=0.516 r2=0.613 pcc=0.785 | Vl loss=0.6963 mae=1.136 r2=-1.071 pcc=-0.687 | ES 35/100
  Ep 137/300 | Tr loss=0.2341 mae=0.533 r2=0.539 pcc=0.737 | Vl loss=0.7494 mae=1.204 r2=-1.196 pcc=-0.804 | ES 36/100
2026-06-06 20:03:28,168 | INFO |   Ep 137/300 | Tr loss=0.2341 mae=0.533 r2=0.539 pcc=0.737 | Vl loss=0.7494 mae=1.204 r2=-1.196 pcc=-0.804 | ES 36/100
  Ep 138/300 | Tr loss=0.2207 mae=0.534 r2=0.586 pcc=0.768 | Vl loss=0.7974 mae=1.253 r2=-1.334 pcc=-0.835 | ES 37/100
2026-06-06 20:03:29,817 | INFO |   Ep 138/300 | Tr loss=0.2207 mae=0.534 r2=0.586 pcc=0.768 | Vl loss=0.7974 mae=1.253 r2=-1.334 pcc=-0.835 | ES 37/100
  Ep 139/300 | Tr loss=0.2319 mae=0.539 r2=0.548 pcc=0.747 | Vl loss=0.8025 mae=1.257 r2=-1.340 pcc=-0.845 | ES 38/100
2026-06-06 20:03:31,475 | INFO |   Ep 139/300 | Tr loss=0.2319 mae=0.539 r2=0.548 pcc=0.747 | Vl loss=0.8025 mae=1.257 r2=-1.340 pcc=-0.845 | ES 38/100
  Ep 140/300 | Tr loss=0.2993 mae=0.616 r2=0.468 pcc=0.700 | Vl loss=0.7942 mae=1.248 r2=-1.335 pcc=-0.840 | ES 39/100
2026-06-06 20:03:33,118 | INFO |   Ep 140/300 | Tr loss=0.2993 mae=0.616 r2=0.468 pcc=0.700 | Vl loss=0.7942 mae=1.248 r2=-1.335 pcc=-0.840 | ES 39/100
  Ep 141/300 | Tr loss=0.2541 mae=0.570 r2=0.485 pcc=0.710 | Vl loss=0.7554 mae=1.210 r2=-1.220 pcc=-0.837 | ES 40/100
2026-06-06 20:03:34,761 | INFO |   Ep 141/300 | Tr loss=0.2541 mae=0.570 r2=0.485 pcc=0.710 | Vl loss=0.7554 mae=1.210 r2=-1.220 pcc=-0.837 | ES 40/100
  Ep 142/300 | Tr loss=0.2537 mae=0.569 r2=0.488 pcc=0.703 | Vl loss=0.7653 mae=1.220 r2=-1.251 pcc=-0.852 | ES 41/100
2026-06-06 20:03:36,406 | INFO |   Ep 142/300 | Tr loss=0.2537 mae=0.569 r2=0.488 pcc=0.703 | Vl loss=0.7653 mae=1.220 r2=-1.251 pcc=-0.852 | ES 41/100
  Ep 143/300 | Tr loss=0.2426 mae=0.576 r2=0.557 pcc=0.747 | Vl loss=0.7763 mae=1.231 r2=-1.271 pcc=-0.860 | ES 42/100
2026-06-06 20:03:38,048 | INFO |   Ep 143/300 | Tr loss=0.2426 mae=0.576 r2=0.557 pcc=0.747 | Vl loss=0.7763 mae=1.231 r2=-1.271 pcc=-0.860 | ES 42/100
  Ep 144/300 | Tr loss=0.2491 mae=0.563 r2=0.525 pcc=0.727 | Vl loss=0.8325 mae=1.289 r2=-1.418 pcc=-0.874 | ES 43/100
2026-06-06 20:03:39,692 | INFO |   Ep 144/300 | Tr loss=0.2491 mae=0.563 r2=0.525 pcc=0.727 | Vl loss=0.8325 mae=1.289 r2=-1.418 pcc=-0.874 | ES 43/100
  Ep 145/300 | Tr loss=0.2491 mae=0.568 r2=0.529 pcc=0.729 | Vl loss=0.9513 mae=1.430 r2=-1.789 pcc=-0.890 | ES 44/100
2026-06-06 20:03:41,337 | INFO |   Ep 145/300 | Tr loss=0.2491 mae=0.568 r2=0.529 pcc=0.729 | Vl loss=0.9513 mae=1.430 r2=-1.789 pcc=-0.890 | ES 44/100
  Ep 146/300 | Tr loss=0.2572 mae=0.583 r2=0.552 pcc=0.744 | Vl loss=1.0979 mae=1.592 r2=-2.343 pcc=-0.895 | ES 45/100
2026-06-06 20:03:42,974 | INFO |   Ep 146/300 | Tr loss=0.2572 mae=0.583 r2=0.552 pcc=0.744 | Vl loss=1.0979 mae=1.592 r2=-2.343 pcc=-0.895 | ES 45/100
  Ep 147/300 | Tr loss=0.2460 mae=0.555 r2=0.533 pcc=0.736 | Vl loss=1.0927 mae=1.588 r2=-2.330 pcc=-0.900 | ES 46/100
2026-06-06 20:03:44,750 | INFO |   Ep 147/300 | Tr loss=0.2460 mae=0.555 r2=0.533 pcc=0.736 | Vl loss=1.0927 mae=1.588 r2=-2.330 pcc=-0.900 | ES 46/100
  Ep 148/300 | Tr loss=0.2640 mae=0.579 r2=0.507 pcc=0.725 | Vl loss=1.0400 mae=1.529 r2=-2.119 pcc=-0.895 | ES 47/100
2026-06-06 20:03:46,466 | INFO |   Ep 148/300 | Tr loss=0.2640 mae=0.579 r2=0.507 pcc=0.725 | Vl loss=1.0400 mae=1.529 r2=-2.119 pcc=-0.895 | ES 47/100
  Ep 149/300 | Tr loss=0.2402 mae=0.556 r2=0.530 pcc=0.736 | Vl loss=0.9868 mae=1.468 r2=-1.928 pcc=-0.894 | ES 48/100
2026-06-06 20:03:48,157 | INFO |   Ep 149/300 | Tr loss=0.2402 mae=0.556 r2=0.530 pcc=0.736 | Vl loss=0.9868 mae=1.468 r2=-1.928 pcc=-0.894 | ES 48/100
  Ep 150/300 | Tr loss=0.2304 mae=0.545 r2=0.530 pcc=0.741 | Vl loss=0.9831 mae=1.461 r2=-1.924 pcc=-0.890 | ES 49/100
2026-06-06 20:03:49,915 | INFO |   Ep 150/300 | Tr loss=0.2304 mae=0.545 r2=0.530 pcc=0.741 | Vl loss=0.9831 mae=1.461 r2=-1.924 pcc=-0.890 | ES 49/100
  Ep 151/300 | Tr loss=0.2366 mae=0.528 r2=0.528 pcc=0.737 | Vl loss=1.0163 mae=1.498 r2=-2.039 pcc=-0.890 | ES 50/100
2026-06-06 20:03:51,614 | INFO |   Ep 151/300 | Tr loss=0.2366 mae=0.528 r2=0.528 pcc=0.737 | Vl loss=1.0163 mae=1.498 r2=-2.039 pcc=-0.890 | ES 50/100
Epoch 00152: reducing learning rate of group 0 to 5.0000e-05.
  Ep 152/300 | Tr loss=0.2302 mae=0.548 r2=0.567 pcc=0.753 | Vl loss=1.0147 mae=1.500 r2=-2.016 pcc=-0.886 | ES 51/100
2026-06-06 20:03:53,318 | INFO |   Ep 152/300 | Tr loss=0.2302 mae=0.548 r2=0.567 pcc=0.753 | Vl loss=1.0147 mae=1.500 r2=-2.016 pcc=-0.886 | ES 51/100
  Ep 153/300 | Tr loss=0.2205 mae=0.536 r2=0.567 pcc=0.759 | Vl loss=1.0182 mae=1.507 r2=-2.025 pcc=-0.891 | ES 52/100
2026-06-06 20:03:55,043 | INFO |   Ep 153/300 | Tr loss=0.2205 mae=0.536 r2=0.567 pcc=0.759 | Vl loss=1.0182 mae=1.507 r2=-2.025 pcc=-0.891 | ES 52/100
  Ep 154/300 | Tr loss=0.2363 mae=0.551 r2=0.526 pcc=0.736 | Vl loss=1.0211 mae=1.510 r2=-2.035 pcc=-0.892 | ES 53/100
2026-06-06 20:03:56,719 | INFO |   Ep 154/300 | Tr loss=0.2363 mae=0.551 r2=0.526 pcc=0.736 | Vl loss=1.0211 mae=1.510 r2=-2.035 pcc=-0.892 | ES 53/100
  Ep 155/300 | Tr loss=0.2559 mae=0.580 r2=0.528 pcc=0.730 | Vl loss=1.0388 mae=1.529 r2=-2.103 pcc=-0.893 | ES 54/100
2026-06-06 20:03:58,467 | INFO |   Ep 155/300 | Tr loss=0.2559 mae=0.580 r2=0.528 pcc=0.730 | Vl loss=1.0388 mae=1.529 r2=-2.103 pcc=-0.893 | ES 54/100
  Ep 156/300 | Tr loss=0.2412 mae=0.557 r2=0.477 pcc=0.694 | Vl loss=0.9792 mae=1.470 r2=-1.894 pcc=-0.906 | ES 55/100
2026-06-06 20:04:00,237 | INFO |   Ep 156/300 | Tr loss=0.2412 mae=0.557 r2=0.477 pcc=0.694 | Vl loss=0.9792 mae=1.470 r2=-1.894 pcc=-0.906 | ES 55/100
  Ep 157/300 | Tr loss=0.2637 mae=0.580 r2=0.524 pcc=0.726 | Vl loss=1.0290 mae=1.519 r2=-2.071 pcc=-0.897 | ES 56/100
2026-06-06 20:04:02,015 | INFO |   Ep 157/300 | Tr loss=0.2637 mae=0.580 r2=0.524 pcc=0.726 | Vl loss=1.0290 mae=1.519 r2=-2.071 pcc=-0.897 | ES 56/100
  Ep 158/300 | Tr loss=0.2625 mae=0.605 r2=0.503 pcc=0.713 | Vl loss=1.0498 mae=1.540 r2=-2.152 pcc=-0.898 | ES 57/100
2026-06-06 20:04:03,780 | INFO |   Ep 158/300 | Tr loss=0.2625 mae=0.605 r2=0.503 pcc=0.713 | Vl loss=1.0498 mae=1.540 r2=-2.152 pcc=-0.898 | ES 57/100
  Ep 159/300 | Tr loss=0.2330 mae=0.527 r2=0.568 pcc=0.757 | Vl loss=1.0768 mae=1.568 r2=-2.257 pcc=-0.897 | ES 58/100
2026-06-06 20:04:05,467 | INFO |   Ep 159/300 | Tr loss=0.2330 mae=0.527 r2=0.568 pcc=0.757 | Vl loss=1.0768 mae=1.568 r2=-2.257 pcc=-0.897 | ES 58/100
  Ep 160/300 | Tr loss=0.2358 mae=0.546 r2=0.561 pcc=0.751 | Vl loss=1.0958 mae=1.589 r2=-2.333 pcc=-0.897 | ES 59/100
2026-06-06 20:04:07,141 | INFO |   Ep 160/300 | Tr loss=0.2358 mae=0.546 r2=0.561 pcc=0.751 | Vl loss=1.0958 mae=1.589 r2=-2.333 pcc=-0.897 | ES 59/100
  Ep 161/300 | Tr loss=0.2206 mae=0.518 r2=0.564 pcc=0.755 | Vl loss=1.1019 mae=1.596 r2=-2.358 pcc=-0.898 | ES 60/100
2026-06-06 20:04:08,776 | INFO |   Ep 161/300 | Tr loss=0.2206 mae=0.518 r2=0.564 pcc=0.755 | Vl loss=1.1019 mae=1.596 r2=-2.358 pcc=-0.898 | ES 60/100
  Ep 162/300 | Tr loss=0.2697 mae=0.597 r2=0.528 pcc=0.729 | Vl loss=1.0741 mae=1.566 r2=-2.248 pcc=-0.898 | ES 61/100
2026-06-06 20:04:10,513 | INFO |   Ep 162/300 | Tr loss=0.2697 mae=0.597 r2=0.528 pcc=0.729 | Vl loss=1.0741 mae=1.566 r2=-2.248 pcc=-0.898 | ES 61/100
  Ep 163/300 | Tr loss=0.2343 mae=0.542 r2=0.550 pcc=0.743 | Vl loss=1.0459 mae=1.535 r2=-2.138 pcc=-0.897 | ES 62/100
2026-06-06 20:04:12,274 | INFO |   Ep 163/300 | Tr loss=0.2343 mae=0.542 r2=0.550 pcc=0.743 | Vl loss=1.0459 mae=1.535 r2=-2.138 pcc=-0.897 | ES 62/100
  Ep 164/300 | Tr loss=0.2398 mae=0.548 r2=0.534 pcc=0.734 | Vl loss=1.0363 mae=1.525 r2=-2.102 pcc=-0.898 | ES 63/100
2026-06-06 20:04:14,054 | INFO |   Ep 164/300 | Tr loss=0.2398 mae=0.548 r2=0.534 pcc=0.734 | Vl loss=1.0363 mae=1.525 r2=-2.102 pcc=-0.898 | ES 63/100
  Ep 165/300 | Tr loss=0.2244 mae=0.527 r2=0.604 pcc=0.779 | Vl loss=1.0833 mae=1.574 r2=-2.285 pcc=-0.896 | ES 64/100
2026-06-06 20:04:15,763 | INFO |   Ep 165/300 | Tr loss=0.2244 mae=0.527 r2=0.604 pcc=0.779 | Vl loss=1.0833 mae=1.574 r2=-2.285 pcc=-0.896 | ES 64/100
  Ep 166/300 | Tr loss=0.2350 mae=0.533 r2=0.538 pcc=0.739 | Vl loss=1.0792 mae=1.570 r2=-2.270 pcc=-0.898 | ES 65/100
2026-06-06 20:04:17,452 | INFO |   Ep 166/300 | Tr loss=0.2350 mae=0.533 r2=0.538 pcc=0.739 | Vl loss=1.0792 mae=1.570 r2=-2.270 pcc=-0.898 | ES 65/100
  Ep 167/300 | Tr loss=0.2330 mae=0.536 r2=0.572 pcc=0.759 | Vl loss=1.1006 mae=1.593 r2=-2.353 pcc=-0.896 | ES 66/100
2026-06-06 20:04:19,126 | INFO |   Ep 167/300 | Tr loss=0.2330 mae=0.536 r2=0.572 pcc=0.759 | Vl loss=1.1006 mae=1.593 r2=-2.353 pcc=-0.896 | ES 66/100
  Ep 168/300 | Tr loss=0.2215 mae=0.524 r2=0.559 pcc=0.753 | Vl loss=1.0748 mae=1.566 r2=-2.251 pcc=-0.897 | ES 67/100
2026-06-06 20:04:20,870 | INFO |   Ep 168/300 | Tr loss=0.2215 mae=0.524 r2=0.559 pcc=0.753 | Vl loss=1.0748 mae=1.566 r2=-2.251 pcc=-0.897 | ES 67/100
  Ep 169/300 | Tr loss=0.2584 mae=0.572 r2=0.532 pcc=0.733 | Vl loss=1.0342 mae=1.522 r2=-2.094 pcc=-0.897 | ES 68/100
2026-06-06 20:04:22,557 | INFO |   Ep 169/300 | Tr loss=0.2584 mae=0.572 r2=0.532 pcc=0.733 | Vl loss=1.0342 mae=1.522 r2=-2.094 pcc=-0.897 | ES 68/100
  Ep 170/300 | Tr loss=0.2312 mae=0.532 r2=0.555 pcc=0.750 | Vl loss=0.9433 mae=1.424 r2=-1.758 pcc=-0.898 | ES 69/100
2026-06-06 20:04:24,278 | INFO |   Ep 170/300 | Tr loss=0.2312 mae=0.532 r2=0.555 pcc=0.750 | Vl loss=0.9433 mae=1.424 r2=-1.758 pcc=-0.898 | ES 69/100
  Ep 171/300 | Tr loss=0.2295 mae=0.527 r2=0.577 pcc=0.763 | Vl loss=0.9221 mae=1.395 r2=-1.693 pcc=-0.888 | ES 70/100
2026-06-06 20:04:25,989 | INFO |   Ep 171/300 | Tr loss=0.2295 mae=0.527 r2=0.577 pcc=0.763 | Vl loss=0.9221 mae=1.395 r2=-1.693 pcc=-0.888 | ES 70/100
  Ep 172/300 | Tr loss=0.2200 mae=0.524 r2=0.611 pcc=0.782 | Vl loss=0.9490 mae=1.426 r2=-1.783 pcc=-0.885 | ES 71/100
2026-06-06 20:04:27,692 | INFO |   Ep 172/300 | Tr loss=0.2200 mae=0.524 r2=0.611 pcc=0.782 | Vl loss=0.9490 mae=1.426 r2=-1.783 pcc=-0.885 | ES 71/100
  Ep 173/300 | Tr loss=0.2352 mae=0.534 r2=0.561 pcc=0.757 | Vl loss=0.9871 mae=1.472 r2=-1.909 pcc=-0.893 | ES 72/100
2026-06-06 20:04:29,437 | INFO |   Ep 173/300 | Tr loss=0.2352 mae=0.534 r2=0.561 pcc=0.757 | Vl loss=0.9871 mae=1.472 r2=-1.909 pcc=-0.893 | ES 72/100
  Ep 174/300 | Tr loss=0.2460 mae=0.556 r2=0.488 pcc=0.710 | Vl loss=1.0414 mae=1.533 r2=-2.116 pcc=-0.897 | ES 73/100
2026-06-06 20:04:31,141 | INFO |   Ep 174/300 | Tr loss=0.2460 mae=0.556 r2=0.488 pcc=0.710 | Vl loss=1.0414 mae=1.533 r2=-2.116 pcc=-0.897 | ES 73/100
  Ep 175/300 | Tr loss=0.2133 mae=0.504 r2=0.618 pcc=0.787 | Vl loss=1.0734 mae=1.567 r2=-2.244 pcc=-0.899 | ES 74/100
2026-06-06 20:04:32,829 | INFO |   Ep 175/300 | Tr loss=0.2133 mae=0.504 r2=0.618 pcc=0.787 | Vl loss=1.0734 mae=1.567 r2=-2.244 pcc=-0.899 | ES 74/100
  Ep 176/300 | Tr loss=0.2471 mae=0.556 r2=0.483 pcc=0.703 | Vl loss=1.0627 mae=1.557 r2=-2.205 pcc=-0.901 | ES 75/100
2026-06-06 20:04:34,494 | INFO |   Ep 176/300 | Tr loss=0.2471 mae=0.556 r2=0.483 pcc=0.703 | Vl loss=1.0627 mae=1.557 r2=-2.205 pcc=-0.901 | ES 75/100
  Ep 177/300 | Tr loss=0.2418 mae=0.561 r2=0.551 pcc=0.743 | Vl loss=1.0486 mae=1.541 r2=-2.150 pcc=-0.901 | ES 76/100
2026-06-06 20:04:36,220 | INFO |   Ep 177/300 | Tr loss=0.2418 mae=0.561 r2=0.551 pcc=0.743 | Vl loss=1.0486 mae=1.541 r2=-2.150 pcc=-0.901 | ES 76/100
  Ep 178/300 | Tr loss=0.2360 mae=0.553 r2=0.526 pcc=0.729 | Vl loss=1.0058 mae=1.496 r2=-1.985 pcc=-0.902 | ES 77/100
2026-06-06 20:04:37,923 | INFO |   Ep 178/300 | Tr loss=0.2360 mae=0.553 r2=0.526 pcc=0.729 | Vl loss=1.0058 mae=1.496 r2=-1.985 pcc=-0.902 | ES 77/100
  Ep 179/300 | Tr loss=0.2334 mae=0.536 r2=0.617 pcc=0.787 | Vl loss=1.0574 mae=1.549 r2=-2.184 pcc=-0.898 | ES 78/100
2026-06-06 20:04:39,622 | INFO |   Ep 179/300 | Tr loss=0.2334 mae=0.536 r2=0.617 pcc=0.787 | Vl loss=1.0574 mae=1.549 r2=-2.184 pcc=-0.898 | ES 78/100
  Ep 180/300 | Tr loss=0.2402 mae=0.553 r2=0.528 pcc=0.733 | Vl loss=1.0220 mae=1.512 r2=-2.046 pcc=-0.898 | ES 79/100
2026-06-06 20:04:41,293 | INFO |   Ep 180/300 | Tr loss=0.2402 mae=0.553 r2=0.528 pcc=0.733 | Vl loss=1.0220 mae=1.512 r2=-2.046 pcc=-0.898 | ES 79/100
  Ep 181/300 | Tr loss=0.2220 mae=0.522 r2=0.568 pcc=0.761 | Vl loss=1.0003 mae=1.487 r2=-1.966 pcc=-0.897 | ES 80/100
2026-06-06 20:04:43,023 | INFO |   Ep 181/300 | Tr loss=0.2220 mae=0.522 r2=0.568 pcc=0.761 | Vl loss=1.0003 mae=1.487 r2=-1.966 pcc=-0.897 | ES 80/100
  Ep 182/300 | Tr loss=0.2257 mae=0.536 r2=0.565 pcc=0.758 | Vl loss=0.9939 mae=1.478 r2=-1.946 pcc=-0.896 | ES 81/100
2026-06-06 20:04:44,727 | INFO |   Ep 182/300 | Tr loss=0.2257 mae=0.536 r2=0.565 pcc=0.758 | Vl loss=0.9939 mae=1.478 r2=-1.946 pcc=-0.896 | ES 81/100
  Ep 183/300 | Tr loss=0.2303 mae=0.522 r2=0.593 pcc=0.771 | Vl loss=0.9947 mae=1.479 r2=-1.947 pcc=-0.896 | ES 82/100
2026-06-06 20:04:46,458 | INFO |   Ep 183/300 | Tr loss=0.2303 mae=0.522 r2=0.593 pcc=0.771 | Vl loss=0.9947 mae=1.479 r2=-1.947 pcc=-0.896 | ES 82/100
  Ep 184/300 | Tr loss=0.2367 mae=0.539 r2=0.541 pcc=0.743 | Vl loss=1.0219 mae=1.509 r2=-2.047 pcc=-0.896 | ES 83/100
2026-06-06 20:04:48,114 | INFO |   Ep 184/300 | Tr loss=0.2367 mae=0.539 r2=0.541 pcc=0.743 | Vl loss=1.0219 mae=1.509 r2=-2.047 pcc=-0.896 | ES 83/100
  Ep 185/300 | Tr loss=0.2326 mae=0.534 r2=0.500 pcc=0.716 | Vl loss=1.0034 mae=1.492 r2=-1.973 pcc=-0.897 | ES 84/100
2026-06-06 20:04:49,800 | INFO |   Ep 185/300 | Tr loss=0.2326 mae=0.534 r2=0.500 pcc=0.716 | Vl loss=1.0034 mae=1.492 r2=-1.973 pcc=-0.897 | ES 84/100
  Ep 186/300 | Tr loss=0.2412 mae=0.559 r2=0.536 pcc=0.734 | Vl loss=1.0148 mae=1.505 r2=-2.017 pcc=-0.899 | ES 85/100
2026-06-06 20:04:51,482 | INFO |   Ep 186/300 | Tr loss=0.2412 mae=0.559 r2=0.536 pcc=0.734 | Vl loss=1.0148 mae=1.505 r2=-2.017 pcc=-0.899 | ES 85/100
  Ep 187/300 | Tr loss=0.2423 mae=0.549 r2=0.535 pcc=0.735 | Vl loss=0.9969 mae=1.486 r2=-1.948 pcc=-0.899 | ES 86/100
2026-06-06 20:04:53,204 | INFO |   Ep 187/300 | Tr loss=0.2423 mae=0.549 r2=0.535 pcc=0.735 | Vl loss=0.9969 mae=1.486 r2=-1.948 pcc=-0.899 | ES 86/100
  Ep 188/300 | Tr loss=0.2176 mae=0.503 r2=0.616 pcc=0.785 | Vl loss=1.0263 mae=1.517 r2=-2.061 pcc=-0.898 | ES 87/100
2026-06-06 20:04:54,931 | INFO |   Ep 188/300 | Tr loss=0.2176 mae=0.503 r2=0.616 pcc=0.785 | Vl loss=1.0263 mae=1.517 r2=-2.061 pcc=-0.898 | ES 87/100
  Ep 189/300 | Tr loss=0.2536 mae=0.551 r2=0.509 pcc=0.723 | Vl loss=1.0631 mae=1.557 r2=-2.205 pcc=-0.899 | ES 88/100
2026-06-06 20:04:56,610 | INFO |   Ep 189/300 | Tr loss=0.2536 mae=0.551 r2=0.509 pcc=0.723 | Vl loss=1.0631 mae=1.557 r2=-2.205 pcc=-0.899 | ES 88/100
  Ep 190/300 | Tr loss=0.2282 mae=0.522 r2=0.537 pcc=0.741 | Vl loss=1.0427 mae=1.536 r2=-2.126 pcc=-0.899 | ES 89/100
2026-06-06 20:04:58,343 | INFO |   Ep 190/300 | Tr loss=0.2282 mae=0.522 r2=0.537 pcc=0.741 | Vl loss=1.0427 mae=1.536 r2=-2.126 pcc=-0.899 | ES 89/100
  Ep 191/300 | Tr loss=0.2584 mae=0.580 r2=0.493 pcc=0.710 | Vl loss=0.9590 mae=1.448 r2=-1.806 pcc=-0.901 | ES 90/100
2026-06-06 20:05:00,072 | INFO |   Ep 191/300 | Tr loss=0.2584 mae=0.580 r2=0.493 pcc=0.710 | Vl loss=0.9590 mae=1.448 r2=-1.806 pcc=-0.901 | ES 90/100
  Ep 192/300 | Tr loss=0.2476 mae=0.561 r2=0.540 pcc=0.738 | Vl loss=0.9987 mae=1.489 r2=-1.954 pcc=-0.900 | ES 91/100
2026-06-06 20:05:01,824 | INFO |   Ep 192/300 | Tr loss=0.2476 mae=0.561 r2=0.540 pcc=0.738 | Vl loss=0.9987 mae=1.489 r2=-1.954 pcc=-0.900 | ES 91/100
  Ep 193/300 | Tr loss=0.2203 mae=0.521 r2=0.564 pcc=0.757 | Vl loss=0.9845 mae=1.475 r2=-1.900 pcc=-0.900 | ES 92/100
2026-06-06 20:05:03,543 | INFO |   Ep 193/300 | Tr loss=0.2203 mae=0.521 r2=0.564 pcc=0.757 | Vl loss=0.9845 mae=1.475 r2=-1.900 pcc=-0.900 | ES 92/100
  Ep 194/300 | Tr loss=0.2303 mae=0.525 r2=0.558 pcc=0.750 | Vl loss=0.9604 mae=1.448 r2=-1.809 pcc=-0.901 | ES 93/100
2026-06-06 20:05:05,260 | INFO |   Ep 194/300 | Tr loss=0.2303 mae=0.525 r2=0.558 pcc=0.750 | Vl loss=0.9604 mae=1.448 r2=-1.809 pcc=-0.901 | ES 93/100
  Ep 195/300 | Tr loss=0.2132 mae=0.509 r2=0.564 pcc=0.755 | Vl loss=0.9534 mae=1.439 r2=-1.782 pcc=-0.899 | ES 94/100
2026-06-06 20:05:07,024 | INFO |   Ep 195/300 | Tr loss=0.2132 mae=0.509 r2=0.564 pcc=0.755 | Vl loss=0.9534 mae=1.439 r2=-1.782 pcc=-0.899 | ES 94/100
  Ep 196/300 | Tr loss=0.2345 mae=0.557 r2=0.571 pcc=0.756 | Vl loss=0.9396 mae=1.423 r2=-1.732 pcc=-0.898 | ES 95/100
2026-06-06 20:05:08,783 | INFO |   Ep 196/300 | Tr loss=0.2345 mae=0.557 r2=0.571 pcc=0.756 | Vl loss=0.9396 mae=1.423 r2=-1.732 pcc=-0.898 | ES 95/100
  Ep 197/300 | Tr loss=0.2436 mae=0.546 r2=0.561 pcc=0.750 | Vl loss=0.9505 mae=1.438 r2=-1.772 pcc=-0.899 | ES 96/100
2026-06-06 20:05:10,514 | INFO |   Ep 197/300 | Tr loss=0.2436 mae=0.546 r2=0.561 pcc=0.750 | Vl loss=0.9505 mae=1.438 r2=-1.772 pcc=-0.899 | ES 96/100
  Ep 198/300 | Tr loss=0.2423 mae=0.542 r2=0.494 pcc=0.716 | Vl loss=0.9337 mae=1.421 r2=-1.712 pcc=-0.901 | ES 97/100
2026-06-06 20:05:12,237 | INFO |   Ep 198/300 | Tr loss=0.2423 mae=0.542 r2=0.494 pcc=0.716 | Vl loss=0.9337 mae=1.421 r2=-1.712 pcc=-0.901 | ES 97/100
  Ep 199/300 | Tr loss=0.2472 mae=0.555 r2=0.500 pcc=0.712 | Vl loss=0.9051 mae=1.390 r2=-1.611 pcc=-0.904 | ES 98/100
2026-06-06 20:05:13,922 | INFO |   Ep 199/300 | Tr loss=0.2472 mae=0.555 r2=0.500 pcc=0.712 | Vl loss=0.9051 mae=1.390 r2=-1.611 pcc=-0.904 | ES 98/100
  Ep 200/300 | Tr loss=0.2320 mae=0.539 r2=0.605 pcc=0.779 | Vl loss=0.9610 mae=1.448 r2=-1.811 pcc=-0.899 | ES 99/100
2026-06-06 20:05:15,617 | INFO |   Ep 200/300 | Tr loss=0.2320 mae=0.539 r2=0.605 pcc=0.779 | Vl loss=0.9610 mae=1.448 r2=-1.811 pcc=-0.899 | ES 99/100
  Ep 201/300 | Tr loss=0.2186 mae=0.513 r2=0.578 pcc=0.762 | Vl loss=0.9777 mae=1.466 r2=-1.874 pcc=-0.898 | ES 100/100
2026-06-06 20:05:17,354 | INFO |   Ep 201/300 | Tr loss=0.2186 mae=0.513 r2=0.578 pcc=0.762 | Vl loss=0.9777 mae=1.466 r2=-1.874 pcc=-0.898 | ES 100/100

  ⏹  Early stopping at epoch 201 (best=101)
2026-06-06 20:05:17,354 | INFO | Early stopping at epoch 201 best=101

✓ Training complete!

  ── Final Test Results (best epoch = 101) ──────────────────
  Loss : 0.6293
  RMSE : 1.0577
  MAE  : 0.9147
  R²   : -0.8165
  ✓ Saved → /mvdlph/masa/GCN_SingleView_Regression_Results/run_2026_06_06_19_59_06/plots/loss_curve.png
  ✓ Saved → /mvdlph/masa/GCN_SingleView_Regression_Results/run_2026_06_06_19_59_06/plots/rmse_mae.png
  ✓ Saved → /mvdlph/masa/GCN_SingleView_Regression_Results/run_2026_06_06_19_59_06/plots/r2_curve.png
  ✓ Saved → /mvdlph/masa/GCN_SingleView_Regression_Results/run_2026_06_06_19_59_06/plots/pcc_curve.png
  ✓ Saved → /mvdlph/masa/GCN_SingleView_Regression_Results/run_2026_06_06_19_59_06/plots/regression_scatter_test.png
  ✓ Saved → /mvdlph/masa/GCN_SingleView_Regression_Results/run_2026_06_06_19_59_06/plots/early_stopping.png
  ✓ History → /mvdlph/masa/GCN_SingleView_Regression_Results/run_2026_06_06_19_59_06/logs/training_history.json
============================================================
DIAGNOSTIC 1: Per-exercise skeleton variance (C0)
============================================================
  Exercise      X-var      Y-var      Z-var  Z/X ratio
-------------------------------------------------------
        E0     0.0460     0.0102     0.0751      1.633

============================================================
DIAGNOSTIC 2: Quality score distribution per split
============================================================
 Train: mean=3.766 std=0.986 min=1.34 max=4.74 | correct=206 erroneous=111
   Val: mean=3.561 std=0.901 min=2.28 max=4.68 | correct=59 erroneous=36
  Test: mean=3.659 std=0.787 min=2.30 max=4.75 | correct=78 erroneous=74
  ✓ History NPZ → /mvdlph/masa/GCN_SingleView_Regression_Results/run_2026_06_06_19_59_06/logs/training_history.npz
  ✓ Test predictions NPZ → /mvdlph/masa/GCN_SingleView_Regression_Results/run_2026_06_06_19_59_06/logs/test_predictions.npz
========================================================================
  Exercise         n      MAE     RMSE       R²      PCC
────────────────────────────────────────────────────────────────────────
  E0             152   0.9147   1.0577  -0.8165   0.8208
────────────────────────────────────────────────────────────────────────
  Overall        152   0.9147   1.0577  -0.8165   0.8208
========================================================================

  ✓ Per-exercise CSV → /mvdlph/masa/GCN_SingleView_Regression_Results/run_2026_06_06_19_59_06/logs/per_exercise_metrics.csv
  ✓ Per-exercise scatter grid → /mvdlph/masa/GCN_SingleView_Regression_Results/run_2026_06_06_19_59_06/plots/per_exercise_scatter.png
  ✓ Per-exercise bar chart → /mvdlph/masa/GCN_SingleView_Regression_Results/run_2026_06_06_19_59_06/plots/per_exercise_bar.png
  ✓ Per-exercise metrics NPZ → /mvdlph/masa/GCN_SingleView_Regression_Results/run_2026_06_06_19_59_06/logs/per_exercise_metrics.npz

========================================================================
  Split         n      MAE     RMSE       R²      PCC
────────────────────────────────────────────────────────────────────────
  Train       317   1.1161   1.2193  -0.5339   0.7365
  ✓ Saved → /mvdlph/masa/GCN_SingleView_Regression_Results/run_2026_06_06_19_59_06/plots/regression_scatter_train.png
  Val          95   0.8768   1.0553  -0.3857   0.5114
  ✓ Saved → /mvdlph/masa/GCN_SingleView_Regression_Results/run_2026_06_06_19_59_06/plots/regression_scatter_val.png
  Test        152   0.9147   1.0577  -0.8165   0.8208
  ✓ Saved → /mvdlph/masa/GCN_SingleView_Regression_Results/run_2026_06_06_19_59_06/plots/regression_scatter_test.png
========================================================================

========================================================================
Per-exercise breakdown across splits
========================================================================
  Split    Exercise         n      MAE     RMSE       R²      PCC
────────────────────────────────────────────────────────────────────────
  Train    E0             317   1.1161   1.2193  -0.5339   0.7365
────────────────────────────────────────────────────────────────────────
  Val      E0              95   0.8768   1.0553  -0.3857   0.5114
────────────────────────────────────────────────────────────────────────
  Test     E0             152   0.9147   1.0577  -0.8165   0.8208
────────────────────────────────────────────────────────────────────────

✓ All-splits metrics → /mvdlph/masa/GCN_SingleView_Regression_Results/run_2026_06_06_19_59_06/logs/all_splits_metrics.csv

==================================================
  Overfitting check  (Train → Val gap)
==================================================
  MAE  gap : -0.2393  (Train=1.1161  Val=0.8768)
  RMSE gap : -0.1640  (Train=1.2193  Val=1.0553)
  R²   gap : +0.1482  (Train=-0.5339  Val=-0.3857)
  PCC  gap : -0.2251  (Train=0.7365  Val=0.5114)
==================================================
============================================================
  TRAINING SUMMARY — ST-GCN Regression (Single View)
============================================================
  Best Epoch       : 101  (stopped at 201)
  Best Val MAE     : 0.8768
  Best Val RMSE    : 1.0553
  Best Val R²      : -0.3857
  Best Val PCC     : 0.5114
────────────────────────────────────────────────────────────
  Test MAE         : 0.9147
  Test RMSE        : 1.0577
  Test R²          : -0.8165
  Test PCC         : 0.8208
============================================================
2026-06-06 20:05:22,649 | INFO | Best Epoch=101  stopped_epoch=201
2026-06-06 20:05:22,649 | INFO | Test MAE=0.9147
2026-06-06 20:05:22,650 | INFO | Test RMSE=1.0577
2026-06-06 20:05:22,651 | INFO | Test R²=-0.8165
2026-06-06 20:05:22,651 | INFO | Test PCC=0.8208

✓ Summary CSV (overall + per-exercise) → /mvdlph/masa/GCN_SingleView_Regression_Results/training_summary.csv
