✓ stdout → also writing to /mvdlph/masa/GCN_SingleView_Regression_Results/run_2026_05_30_11_40_53/logs/training_20260530_114053.log
2026-05-30 11:40:53,478 | INFO | ======================================================================
2026-05-30 11:40:53,478 | INFO | ST-GCN Single-View Regression | BZU Physiotherapy Dataset
2026-05-30 11:40:53,479 | INFO | Camera : C1  |  Split : 70/15/15  |  Epochs : 300  |  Patience : 100
2026-05-30 11:40:53,480 | INFO | Log file : /mvdlph/masa/GCN_SingleView_Regression_Results/run_2026_05_30_11_40_53/logs/training_20260530_114053.log
2026-05-30 11:40:53,480 | INFO | ======================================================================
✓ parse_filename and load_skeleton defined

[TRAIN] NPZ files found : 9477
  Samples          : 9477
  Unique trials    : 327
  Quality mean±std : 4.127 ± 0.812
  Exercise dist    :
0     961
1     966
2     829
3     979
4     970
5     933
6     954
7     965
8     903
9    1017
  Samples (after camera filter) : 9477

[VALID] NPZ files found : 2790
  Samples          : 2790
  Unique trials    : 100
  Quality mean±std : 4.232 ± 0.741
  Exercise dist    :
0    326
1    316
2    295
3    298
4    322
5    312
6    302
7    304
8    181
9    134
  Samples (after camera filter) : 2790

[TEST] NPZ files found : 3108
  Samples          : 3108
  Unique trials    : 107
  Quality mean±std : 4.031 ± 0.777
  Exercise dist    :
0    465
1    326
2    258
3    319
4    287
5    321
6    314
7    319
8    317
9    182
  Samples (after camera filter) : 3108
  [TRAIN] ⚠️  Skipped 246 files from 13 groups with incomplete camera coverage
  [TRAIN] Filtered to camera C1: 3122 samples
  [VALID] ⚠️  Skipped 133 files from 8 groups with incomplete camera coverage
       – E0_P1_T2  cameras=[0, 2]
       – E0_P1_T3  cameras=[1]
       – E3_P1_T2  cameras=[1]
       – E6_P6_T1  cameras=[0, 1]
       – E9_P1_T2  cameras=[0]
       – E9_P6_T0  cameras=[0, 2]
       – E9_P6_T1  cameras=[0, 2]
       – E9_P6_T2  cameras=[0, 2]
  [VALID] Filtered to camera C1: 893 samples
  [TEST] ✓ All groups have complete 3-camera coverage
  [TEST] Filtered to camera C1: 1045 samples

Checking for corrupted files...
  [TRAIN] Clean samples : 3122
  [VALID] Clean samples : 893
  [TEST] Removing 1 corrupted file(s)
  [TEST] Clean samples : 1044

Excluding exercises...
  [TRAIN] Excluded E[3, 7, 9] → 1016 rows dropped, 2106 remain
  [VALID] Excluded E[3, 7, 9] → 220 rows dropped, 673 remain
  [TEST] Excluded E[3, 7, 9] → 276 rows dropped, 768 remain

  Exercise ID remap : {0: 0, 1: 1, 2: 2, 4: 3, 5: 4, 6: 5, 8: 6}
  Remaining exercises (remapped): [0, 1, 2, 3, 4, 5, 6]

✓ No data-leakage detected across splits

════════════════════════════════════════════════════════════════════
  Split     Samples   Correct   Erroneous   Q mean   Q std   Q min   Q max
  ──────────────────────────────────────────────────────────────────
  Train        2106      1317         789    4.147   0.842   1.340   5.000
  Val           673       455         218    4.196   0.808   2.280   5.000
  Test          768       476         292    4.063   0.815   2.180   5.000
════════════════════════════════════════════════════════════════════

✓ Pre-split index ready  →  train / val / test DataFrames built
1    3547
Name: camera, dtype: int64

الكاميرات الموجودة: [1]
camera      1
exercise     
0         577
1         539
2         445
3         532
4         516
5         508
6         430
E0: correct=3 trials, erroneous=4 trials
E1: correct=3 trials, erroneous=4 trials
E2: correct=3 trials, erroneous=4 trials
E3: correct=3 trials, erroneous=4 trials
E4: correct=3 trials, erroneous=4 trials
E5: correct=3 trials, erroneous=4 trials
E6: correct=3 trials, erroneous=4 trials

==================================================
  Train
==================================================
            mean     var  count
exercise                       
0         3.7666  0.9718    320
1         3.9667  0.7830    324
2         4.1325  0.5110    260
3         3.9495  0.9530    324
4         4.4218  0.2588    307
5         4.5603  0.3739    309
6         4.2837  0.5503    262

==================================================
  Val
==================================================
            mean     var  count
exercise                       
0         3.5279  0.8228    101
1         4.1240  0.5649    105
2         4.1038  0.7978     99
3         4.0420  0.6964    111
4         4.5205  0.1965    102
5         4.4628  0.2834     94
6         4.9000  0.0000     61

==================================================
  Test
==================================================
            mean     var  count
exercise                       
0         3.6450  0.6149    156
1         4.1964  0.6900    110
2         4.0202  0.7026     86
3         3.6668  0.5720     97
4         4.2680  0.3249    107
5         4.5183  0.4310    105
6         4.2774  0.6492    107

============================================================
  All Splits Combined
============================================================
                  mean     var  count
split exercise                       
Test  0         3.6450  0.6149    156
      1         4.1964  0.6900    110
      2         4.0202  0.7026     86
      3         3.6668  0.5720     97
      4         4.2680  0.3249    107
      5         4.5183  0.4310    105
      6         4.2774  0.6492    107
Train 0         3.7666  0.9718    320
      1         3.9667  0.7830    324
      2         4.1325  0.5110    260
      3         3.9495  0.9530    324
      4         4.4218  0.2588    307
      5         4.5603  0.3739    309
      6         4.2837  0.5503    262
Val   0         3.5279  0.8228    101
      1         4.1240  0.5649    105
      2         4.1038  0.7978     99
      3         4.0420  0.6964    111
      4         4.5205  0.1965    102
      5         4.4628  0.2834     94
      6         4.9000  0.0000     61
Frame length distribution (sample of 500 files):
  min    = 46
  max    = 367
  mean   = 114.8
  median = 105.0
  std    = 45.4

Percentiles:
   25th = 84
   50th = 105
   75th = 131
   90th = 166
   95th = 195
   99th = 271

Value counts (top 10):
   105 frames →   12 files (2.4%)
   109 frames →   11 files (2.2%)
   107 frames →   11 files (2.2%)
   101 frames →   10 files (2.0%)
   127 frames →    9 files (1.8%)
    94 frames →    9 files (1.8%)
    91 frames →    9 files (1.8%)
    89 frames →    9 files (1.8%)
    78 frames →    9 files (1.8%)
   129 frames →    8 files (1.6%)
✓ Skeleton visualisation helpers defined
person                                                     P0
exercise                                                    0
trial_id                                                   T1
segment                                                     0
filepath    /mvdlph/Dataset_CVDLPT_Videos_Segments_P0P15_M...
Name: 10, dtype: object
Skeleton shape : (78, 17, 3)
X range : [-0.369, 0.592]
Y range : [-0.193, 0.198]
Z range : [0.000, 0.994]
  ✓ Skeleton plot saved → /mvdlph/masa/GCN_SingleView_Regression_Results/run_2026_05_30_11_40_53/plots/sample_skeleton_3views.png
  ✓ Motion frames saved → /mvdlph/masa/GCN_SingleView_Regression_Results/run_2026_05_30_11_40_53/plots/sample_skeleton_motion.png
Axis ranges across all frames:
X: [-0.369, 0.592] — likely left/right
Y: [-0.193, 0.198] — likely ???
Z: [0.000, 0.994] — likely height

Hip  mean XYZ: [0.         0.         0.32506496]
Head mean XYZ: [-0.14453253 -0.18355224  0.96798235]

Difference (head - hip): [-0.14453253 -0.18355224  0.6429174 ]

Camera 0: no file found

Camera 1:
  Hip  XYZ: [0.    0.    0.321]
  Head XYZ: [-0.143 -0.184  0.967]
  X range: [-0.37, 0.59]
  Z range: [0.00, 0.99]

Camera 2: no file found
✓ BZUDataset defined (regression only)
Joint distances from Hip (body center):
  Joint  0 (Hip         ) distance=0  
  Joint  1 (R-Hip       ) distance=1  ─
  Joint  2 (R-Knee      ) distance=2  ──
  Joint  3 (R-Ankle     ) distance=3  ───
  Joint  4 (L-Hip       ) distance=1  ─
  Joint  5 (L-Knee      ) distance=2  ──
  Joint  6 (L-Ankle     ) distance=3  ───
  Joint  7 (Spine       ) distance=1  ─
  Joint  8 (Thorax      ) distance=2  ──
  Joint  9 (Neck        ) distance=3  ───
  Joint 10 (Head        ) distance=4  ────
  Joint 11 (L-Shoulder  ) distance=3  ───
  Joint 12 (L-Elbow     ) distance=4  ────
  Joint 13 (L-Wrist     ) distance=5  ─────
  Joint 14 (R-Shoulder  ) distance=3  ───
  Joint 15 (R-Elbow     ) distance=4  ────
  Joint 16 (R-Wrist     ) distance=5  ─────

✓ True ST-GCN sanity check passed — output shape: torch.Size([2])
✓ Total trainable parameters: 3,069,224
✓ STGCN_Regression (True ST-GCN, Yan et al. AAAI 2018) defined
Device : cuda
GPU    : Tesla V100-PCIE-32GB
✓ centre_and_scale and run_epoch (regression) defined
=================================================================
Quality score distribution audit
=================================================================
  ✓ Saved → /mvdlph/masa/GCN_SingleView_Regression_Results/run_2026_05_30_11_40_53/plots/split_quality_distributions.png

Split    Type              n    mean     std    min    25%    50%    75%    max
----------------------------------------------------------------------
Train    Correct (T≤2)   1317   4.654   0.318   3.68   4.48   4.74   4.90   5.00
Train    Erroneous (T≥3)    789   3.301   0.760   1.34   2.86   3.44   3.84   4.67

Val      Correct (T≤2)    455   4.672   0.339   3.56   4.64   4.82   4.90   5.00
Val      Erroneous (T≥3)    218   3.202   0.560   2.28   2.72   3.20   3.72   4.06

Test     Correct (T≤2)    476   4.610   0.367   3.58   4.38   4.72   4.88   5.00
Test     Erroneous (T≥3)    292   3.172   0.494   2.18   2.77   3.22   3.48   4.28

=================================================================
Person distribution across splits
=================================================================
  Train : ['P0', 'P10', 'P14', 'P15', 'P2', 'P3', 'P4', 'P5', 'P7']
  Val   : ['P1', 'P11', 'P6']
  Test  : ['P12', 'P13', 'P8', 'P9']

Per-person quality mean per split:

  Train:
         mean    std  count
person                     
P0      4.574  0.389    179
P10     3.290  0.862    348
P14     3.676  0.815    316
P15     3.584  0.747    316
P2      4.836  0.104    181
P3      4.644  0.199    170
P4      4.640  0.255    192
P5      4.757  0.236    203
P7      4.748  0.205    201

  Val:
         mean    std  count
person                     
P1      4.860  0.096    203
P11     3.403  0.674    272
P6      4.604  0.318    198

  Test:
         mean    std  count
person                     
P12     3.139  0.593    177
P13     3.628  0.619    187
P8      4.735  0.250    200
P9      4.605  0.363    204

=================================================================
Exercise balance across splits
=================================================================
    Train  Val  Test  Train%  Val%  Test%
E0    320  101   156    15.2  15.0   20.3
E1    324  105   110    15.4  15.6   14.3
E2    260   99    86    12.3  14.7   11.2
E3    324  111    97    15.4  16.5   12.6
E4    307  102   107    14.6  15.2   13.9
E5    309   94   105    14.7  14.0   13.7
E6    262   61   107    12.4   9.1   13.9
✓ Plotting helpers (regression) defined
✓ EarlyStopping defined (monitoring MAE)
2026-05-30 11:41:15,886 | INFO | ======================================================================
2026-05-30 11:41:15,886 | INFO | STARTING REGRESSION TRAINING  (with Early Stopping on MAE)
2026-05-30 11:41:15,887 | INFO | ======================================================================
2026-05-30 11:41:15,888 | INFO | train=2106 val=673 test=768

════════════════════════════════════════════════════════════════════
  Camera C1  |  Train: 2106  Val: 673  Test: 768
  Patience: 100  |  LR: 1e-4  |  Batch: 48
════════════════════════════════════════════════════════════════════
  Ep   1/300 | Tr loss=0.5401 mae=0.912 r2=-0.535 pcc=0.423 | Vl loss=0.6292 mae=1.040 r2=-1.456 pcc=0.356 | ES 0/100 ★
2026-05-30 11:41:28,011 | INFO |   Ep   1/300 | Tr loss=0.5401 mae=0.912 r2=-0.535 pcc=0.423 | Vl loss=0.6292 mae=1.040 r2=-1.456 pcc=0.356 | ES 0/100 ★
    ★ val_mae=1.0399  rmse=1.2655  r2=-1.4562  pcc=0.3556
  Ep   2/300 | Tr loss=0.3318 mae=0.672 r2=0.161 pcc=0.608 | Vl loss=0.6292 mae=1.052 r2=-1.324 pcc=0.555 | ES 1/100
2026-05-30 11:41:39,187 | INFO |   Ep   2/300 | Tr loss=0.3318 mae=0.672 r2=0.161 pcc=0.608 | Vl loss=0.6292 mae=1.052 r2=-1.324 pcc=0.555 | ES 1/100
  Ep   3/300 | Tr loss=0.2764 mae=0.599 r2=0.329 pcc=0.657 | Vl loss=0.4841 mae=0.905 r2=-0.759 pcc=0.698 | ES 0/100 ★
2026-05-30 11:41:50,414 | INFO |   Ep   3/300 | Tr loss=0.2764 mae=0.599 r2=0.329 pcc=0.657 | Vl loss=0.4841 mae=0.905 r2=-0.759 pcc=0.698 | ES 0/100 ★
    ★ val_mae=0.9045  rmse=1.0708  r2=-0.7588  pcc=0.6981
  Ep   4/300 | Tr loss=0.2372 mae=0.545 r2=0.448 pcc=0.710 | Vl loss=0.4529 mae=0.860 r2=-0.534 pcc=0.725 | ES 0/100 ★
2026-05-30 11:42:01,645 | INFO |   Ep   4/300 | Tr loss=0.2372 mae=0.545 r2=0.448 pcc=0.710 | Vl loss=0.4529 mae=0.860 r2=-0.534 pcc=0.725 | ES 0/100 ★
    ★ val_mae=0.8596  rmse=1.0002  r2=-0.5345  pcc=0.7251
  Ep   5/300 | Tr loss=0.2387 mae=0.553 r2=0.447 pcc=0.708 | Vl loss=0.3897 mae=0.784 r2=-0.317 pcc=0.768 | ES 0/100 ★
2026-05-30 11:42:12,931 | INFO |   Ep   5/300 | Tr loss=0.2387 mae=0.553 r2=0.447 pcc=0.708 | Vl loss=0.3897 mae=0.784 r2=-0.317 pcc=0.768 | ES 0/100 ★
    ★ val_mae=0.7839  rmse=0.9266  r2=-0.3168  pcc=0.7682
  Ep   6/300 | Tr loss=0.2047 mae=0.513 r2=0.522 pcc=0.744 | Vl loss=0.4460 mae=0.851 r2=-0.511 pcc=0.736 | ES 1/100
2026-05-30 11:42:24,230 | INFO |   Ep   6/300 | Tr loss=0.2047 mae=0.513 r2=0.522 pcc=0.744 | Vl loss=0.4460 mae=0.851 r2=-0.511 pcc=0.736 | ES 1/100
  Ep   7/300 | Tr loss=0.2046 mae=0.504 r2=0.522 pcc=0.741 | Vl loss=0.4559 mae=0.852 r2=-0.518 pcc=0.716 | ES 2/100
2026-05-30 11:42:35,608 | INFO |   Ep   7/300 | Tr loss=0.2046 mae=0.504 r2=0.522 pcc=0.741 | Vl loss=0.4559 mae=0.852 r2=-0.518 pcc=0.716 | ES 2/100
  Ep   8/300 | Tr loss=0.2078 mae=0.512 r2=0.512 pcc=0.733 | Vl loss=0.2647 mae=0.626 r2=0.113 pcc=0.841 | ES 0/100 ★
2026-05-30 11:42:47,091 | INFO |   Ep   8/300 | Tr loss=0.2078 mae=0.512 r2=0.512 pcc=0.733 | Vl loss=0.2647 mae=0.626 r2=0.113 pcc=0.841 | ES 0/100 ★
    ★ val_mae=0.6263  rmse=0.7603  r2=0.1133  pcc=0.8409
  Ep   9/300 | Tr loss=0.1990 mae=0.495 r2=0.572 pcc=0.767 | Vl loss=0.2720 mae=0.630 r2=0.109 pcc=0.835 | ES 1/100
2026-05-30 11:42:58,703 | INFO |   Ep   9/300 | Tr loss=0.1990 mae=0.495 r2=0.572 pcc=0.767 | Vl loss=0.2720 mae=0.630 r2=0.109 pcc=0.835 | ES 1/100
  Ep  10/300 | Tr loss=0.1970 mae=0.494 r2=0.562 pcc=0.762 | Vl loss=0.3955 mae=0.796 r2=-0.329 pcc=0.785 | ES 2/100
2026-05-30 11:43:09,943 | INFO |   Ep  10/300 | Tr loss=0.1970 mae=0.494 r2=0.562 pcc=0.762 | Vl loss=0.3955 mae=0.796 r2=-0.329 pcc=0.785 | ES 2/100
  Ep  11/300 | Tr loss=0.1847 mae=0.482 r2=0.578 pcc=0.768 | Vl loss=0.1937 mae=0.511 r2=0.352 pcc=0.851 | ES 0/100 ★
2026-05-30 11:43:21,148 | INFO |   Ep  11/300 | Tr loss=0.1847 mae=0.482 r2=0.578 pcc=0.768 | Vl loss=0.1937 mae=0.511 r2=0.352 pcc=0.851 | ES 0/100 ★
    ★ val_mae=0.5106  rmse=0.6502  r2=0.3516  pcc=0.8511
  Ep  12/300 | Tr loss=0.1849 mae=0.476 r2=0.572 pcc=0.765 | Vl loss=0.3602 mae=0.756 r2=-0.200 pcc=0.805 | ES 1/100
2026-05-30 11:43:32,367 | INFO |   Ep  12/300 | Tr loss=0.1849 mae=0.476 r2=0.572 pcc=0.765 | Vl loss=0.3602 mae=0.756 r2=-0.200 pcc=0.805 | ES 1/100
  Ep  13/300 | Tr loss=0.1747 mae=0.462 r2=0.606 pcc=0.785 | Vl loss=0.4381 mae=0.838 r2=-0.493 pcc=0.746 | ES 2/100
2026-05-30 11:43:43,494 | INFO |   Ep  13/300 | Tr loss=0.1747 mae=0.462 r2=0.606 pcc=0.785 | Vl loss=0.4381 mae=0.838 r2=-0.493 pcc=0.746 | ES 2/100
  Ep  14/300 | Tr loss=0.1785 mae=0.470 r2=0.598 pcc=0.780 | Vl loss=0.3283 mae=0.707 r2=-0.108 pcc=0.807 | ES 3/100
2026-05-30 11:43:54,677 | INFO |   Ep  14/300 | Tr loss=0.1785 mae=0.470 r2=0.598 pcc=0.780 | Vl loss=0.3283 mae=0.707 r2=-0.108 pcc=0.807 | ES 3/100
  Ep  15/300 | Tr loss=0.1804 mae=0.468 r2=0.573 pcc=0.766 | Vl loss=0.2229 mae=0.554 r2=0.259 pcc=0.828 | ES 4/100
2026-05-30 11:44:05,831 | INFO |   Ep  15/300 | Tr loss=0.1804 mae=0.468 r2=0.573 pcc=0.766 | Vl loss=0.2229 mae=0.554 r2=0.259 pcc=0.828 | ES 4/100
  Ep  16/300 | Tr loss=0.1738 mae=0.456 r2=0.588 pcc=0.772 | Vl loss=0.2437 mae=0.589 r2=0.204 pcc=0.815 | ES 5/100
2026-05-30 11:44:17,003 | INFO |   Ep  16/300 | Tr loss=0.1738 mae=0.456 r2=0.588 pcc=0.772 | Vl loss=0.2437 mae=0.589 r2=0.204 pcc=0.815 | ES 5/100
  Ep  17/300 | Tr loss=0.1804 mae=0.468 r2=0.595 pcc=0.775 | Vl loss=0.3237 mae=0.697 r2=-0.095 pcc=0.803 | ES 6/100
2026-05-30 11:44:28,144 | INFO |   Ep  17/300 | Tr loss=0.1804 mae=0.468 r2=0.595 pcc=0.775 | Vl loss=0.3237 mae=0.697 r2=-0.095 pcc=0.803 | ES 6/100
  Ep  18/300 | Tr loss=0.1659 mae=0.444 r2=0.619 pcc=0.791 | Vl loss=0.3616 mae=0.754 r2=-0.226 pcc=0.803 | ES 7/100
2026-05-30 11:44:39,312 | INFO |   Ep  18/300 | Tr loss=0.1659 mae=0.444 r2=0.619 pcc=0.791 | Vl loss=0.3616 mae=0.754 r2=-0.226 pcc=0.803 | ES 7/100
  Ep  19/300 | Tr loss=0.1694 mae=0.452 r2=0.603 pcc=0.782 | Vl loss=0.2286 mae=0.566 r2=0.242 pcc=0.841 | ES 8/100
2026-05-30 11:44:50,484 | INFO |   Ep  19/300 | Tr loss=0.1694 mae=0.452 r2=0.603 pcc=0.782 | Vl loss=0.2286 mae=0.566 r2=0.242 pcc=0.841 | ES 8/100
  Ep  20/300 | Tr loss=0.1743 mae=0.463 r2=0.617 pcc=0.789 | Vl loss=0.1765 mae=0.467 r2=0.383 pcc=0.862 | ES 0/100 ★
2026-05-30 11:45:01,678 | INFO |   Ep  20/300 | Tr loss=0.1743 mae=0.463 r2=0.617 pcc=0.789 | Vl loss=0.1765 mae=0.467 r2=0.383 pcc=0.862 | ES 0/100 ★
    ★ val_mae=0.4671  rmse=0.6342  r2=0.3832  pcc=0.8617
  Ep  21/300 | Tr loss=0.1695 mae=0.453 r2=0.617 pcc=0.791 | Vl loss=0.2209 mae=0.548 r2=0.248 pcc=0.838 | ES 1/100
2026-05-30 11:45:13,193 | INFO |   Ep  21/300 | Tr loss=0.1695 mae=0.453 r2=0.617 pcc=0.791 | Vl loss=0.2209 mae=0.548 r2=0.248 pcc=0.838 | ES 1/100
  Ep  22/300 | Tr loss=0.1616 mae=0.445 r2=0.644 pcc=0.806 | Vl loss=0.1538 mae=0.423 r2=0.455 pcc=0.863 | ES 0/100 ★
2026-05-30 11:45:24,459 | INFO |   Ep  22/300 | Tr loss=0.1616 mae=0.445 r2=0.644 pcc=0.806 | Vl loss=0.1538 mae=0.423 r2=0.455 pcc=0.863 | ES 0/100 ★
    ★ val_mae=0.4228  rmse=0.5963  r2=0.4546  pcc=0.8628
  Ep  23/300 | Tr loss=0.1691 mae=0.453 r2=0.608 pcc=0.783 | Vl loss=0.2562 mae=0.609 r2=0.152 pcc=0.829 | ES 1/100
2026-05-30 11:45:35,604 | INFO |   Ep  23/300 | Tr loss=0.1691 mae=0.453 r2=0.608 pcc=0.783 | Vl loss=0.2562 mae=0.609 r2=0.152 pcc=0.829 | ES 1/100
  Ep  24/300 | Tr loss=0.1697 mae=0.451 r2=0.610 pcc=0.785 | Vl loss=0.2803 mae=0.644 r2=0.068 pcc=0.826 | ES 2/100
2026-05-30 11:45:46,895 | INFO |   Ep  24/300 | Tr loss=0.1697 mae=0.451 r2=0.610 pcc=0.785 | Vl loss=0.2803 mae=0.644 r2=0.068 pcc=0.826 | ES 2/100
  Ep  25/300 | Tr loss=0.1600 mae=0.438 r2=0.637 pcc=0.800 | Vl loss=0.1936 mae=0.515 r2=0.350 pcc=0.853 | ES 3/100
2026-05-30 11:45:58,130 | INFO |   Ep  25/300 | Tr loss=0.1600 mae=0.438 r2=0.637 pcc=0.800 | Vl loss=0.1936 mae=0.515 r2=0.350 pcc=0.853 | ES 3/100
  Ep  26/300 | Tr loss=0.1502 mae=0.420 r2=0.660 pcc=0.815 | Vl loss=0.2105 mae=0.544 r2=0.289 pcc=0.850 | ES 4/100
2026-05-30 11:46:09,363 | INFO |   Ep  26/300 | Tr loss=0.1502 mae=0.420 r2=0.660 pcc=0.815 | Vl loss=0.2105 mae=0.544 r2=0.289 pcc=0.850 | ES 4/100
  Ep  27/300 | Tr loss=0.1647 mae=0.444 r2=0.626 pcc=0.794 | Vl loss=0.1669 mae=0.468 r2=0.434 pcc=0.854 | ES 5/100
2026-05-30 11:46:20,641 | INFO |   Ep  27/300 | Tr loss=0.1647 mae=0.444 r2=0.626 pcc=0.794 | Vl loss=0.1669 mae=0.468 r2=0.434 pcc=0.854 | ES 5/100
  Ep  28/300 | Tr loss=0.1720 mae=0.458 r2=0.605 pcc=0.780 | Vl loss=0.2586 mae=0.617 r2=0.144 pcc=0.825 | ES 6/100
2026-05-30 11:46:31,937 | INFO |   Ep  28/300 | Tr loss=0.1720 mae=0.458 r2=0.605 pcc=0.780 | Vl loss=0.2586 mae=0.617 r2=0.144 pcc=0.825 | ES 6/100
  Ep  29/300 | Tr loss=0.1655 mae=0.443 r2=0.606 pcc=0.781 | Vl loss=0.2200 mae=0.565 r2=0.269 pcc=0.836 | ES 7/100
2026-05-30 11:46:43,410 | INFO |   Ep  29/300 | Tr loss=0.1655 mae=0.443 r2=0.606 pcc=0.781 | Vl loss=0.2200 mae=0.565 r2=0.269 pcc=0.836 | ES 7/100
  Ep  30/300 | Tr loss=0.1629 mae=0.446 r2=0.646 pcc=0.805 | Vl loss=0.1531 mae=0.409 r2=0.447 pcc=0.856 | ES 0/100 ★
2026-05-30 11:46:54,769 | INFO |   Ep  30/300 | Tr loss=0.1629 mae=0.446 r2=0.646 pcc=0.805 | Vl loss=0.1531 mae=0.409 r2=0.447 pcc=0.856 | ES 0/100 ★
    ★ val_mae=0.4085  rmse=0.6003  r2=0.4474  pcc=0.8563
  Ep  31/300 | Tr loss=0.1587 mae=0.436 r2=0.644 pcc=0.806 | Vl loss=0.1650 mae=0.464 r2=0.432 pcc=0.863 | ES 1/100
2026-05-30 11:47:05,952 | INFO |   Ep  31/300 | Tr loss=0.1587 mae=0.436 r2=0.644 pcc=0.806 | Vl loss=0.1650 mae=0.464 r2=0.432 pcc=0.863 | ES 1/100
  Ep  32/300 | Tr loss=0.1690 mae=0.454 r2=0.623 pcc=0.792 | Vl loss=0.1492 mae=0.422 r2=0.472 pcc=0.858 | ES 2/100
2026-05-30 11:47:17,187 | INFO |   Ep  32/300 | Tr loss=0.1690 mae=0.454 r2=0.623 pcc=0.792 | Vl loss=0.1492 mae=0.422 r2=0.472 pcc=0.858 | ES 2/100
  Ep  33/300 | Tr loss=0.1641 mae=0.445 r2=0.634 pcc=0.798 | Vl loss=0.1764 mae=0.481 r2=0.386 pcc=0.857 | ES 3/100
2026-05-30 11:47:28,503 | INFO |   Ep  33/300 | Tr loss=0.1641 mae=0.445 r2=0.634 pcc=0.798 | Vl loss=0.1764 mae=0.481 r2=0.386 pcc=0.857 | ES 3/100
  Ep  34/300 | Tr loss=0.1608 mae=0.434 r2=0.628 pcc=0.797 | Vl loss=0.2854 mae=0.657 r2=0.057 pcc=0.812 | ES 4/100
2026-05-30 11:47:39,771 | INFO |   Ep  34/300 | Tr loss=0.1608 mae=0.434 r2=0.628 pcc=0.797 | Vl loss=0.2854 mae=0.657 r2=0.057 pcc=0.812 | ES 4/100
  Ep  35/300 | Tr loss=0.1541 mae=0.430 r2=0.659 pcc=0.813 | Vl loss=0.2004 mae=0.496 r2=0.270 pcc=0.842 | ES 5/100
2026-05-30 11:47:51,075 | INFO |   Ep  35/300 | Tr loss=0.1541 mae=0.430 r2=0.659 pcc=0.813 | Vl loss=0.2004 mae=0.496 r2=0.270 pcc=0.842 | ES 5/100
  Ep  36/300 | Tr loss=0.1531 mae=0.424 r2=0.644 pcc=0.806 | Vl loss=0.2143 mae=0.546 r2=0.279 pcc=0.823 | ES 6/100
2026-05-30 11:48:02,258 | INFO |   Ep  36/300 | Tr loss=0.1531 mae=0.424 r2=0.644 pcc=0.806 | Vl loss=0.2143 mae=0.546 r2=0.279 pcc=0.823 | ES 6/100
  Ep  37/300 | Tr loss=0.1550 mae=0.428 r2=0.661 pcc=0.814 | Vl loss=0.1944 mae=0.513 r2=0.332 pcc=0.846 | ES 7/100
2026-05-30 11:48:13,387 | INFO |   Ep  37/300 | Tr loss=0.1550 mae=0.428 r2=0.661 pcc=0.814 | Vl loss=0.1944 mae=0.513 r2=0.332 pcc=0.846 | ES 7/100
  Ep  38/300 | Tr loss=0.1633 mae=0.438 r2=0.628 pcc=0.795 | Vl loss=0.1968 mae=0.517 r2=0.315 pcc=0.839 | ES 8/100
2026-05-30 11:48:24,749 | INFO |   Ep  38/300 | Tr loss=0.1633 mae=0.438 r2=0.628 pcc=0.795 | Vl loss=0.1968 mae=0.517 r2=0.315 pcc=0.839 | ES 8/100
  Ep  39/300 | Tr loss=0.1493 mae=0.421 r2=0.651 pcc=0.809 | Vl loss=0.2040 mae=0.532 r2=0.313 pcc=0.831 | ES 9/100
2026-05-30 11:48:35,955 | INFO |   Ep  39/300 | Tr loss=0.1493 mae=0.421 r2=0.651 pcc=0.809 | Vl loss=0.2040 mae=0.532 r2=0.313 pcc=0.831 | ES 9/100
  Ep  40/300 | Tr loss=0.1562 mae=0.433 r2=0.646 pcc=0.805 | Vl loss=0.1894 mae=0.508 r2=0.355 pcc=0.838 | ES 10/100
2026-05-30 11:48:47,128 | INFO |   Ep  40/300 | Tr loss=0.1562 mae=0.433 r2=0.646 pcc=0.805 | Vl loss=0.1894 mae=0.508 r2=0.355 pcc=0.838 | ES 10/100
  Ep  41/300 | Tr loss=0.1522 mae=0.427 r2=0.632 pcc=0.799 | Vl loss=0.1705 mae=0.482 r2=0.417 pcc=0.842 | ES 11/100
2026-05-30 11:48:58,301 | INFO |   Ep  41/300 | Tr loss=0.1522 mae=0.427 r2=0.632 pcc=0.799 | Vl loss=0.1705 mae=0.482 r2=0.417 pcc=0.842 | ES 11/100
  Ep  42/300 | Tr loss=0.1523 mae=0.421 r2=0.664 pcc=0.815 | Vl loss=0.1828 mae=0.490 r2=0.364 pcc=0.843 | ES 12/100
2026-05-30 11:49:09,534 | INFO |   Ep  42/300 | Tr loss=0.1523 mae=0.421 r2=0.664 pcc=0.815 | Vl loss=0.1828 mae=0.490 r2=0.364 pcc=0.843 | ES 12/100
  Ep  43/300 | Tr loss=0.1601 mae=0.435 r2=0.626 pcc=0.794 | Vl loss=0.2620 mae=0.622 r2=0.076 pcc=0.799 | ES 13/100
2026-05-30 11:49:20,683 | INFO |   Ep  43/300 | Tr loss=0.1601 mae=0.435 r2=0.626 pcc=0.794 | Vl loss=0.2620 mae=0.622 r2=0.076 pcc=0.799 | ES 13/100
  Ep  44/300 | Tr loss=0.1525 mae=0.423 r2=0.659 pcc=0.813 | Vl loss=0.2511 mae=0.612 r2=0.149 pcc=0.816 | ES 14/100
2026-05-30 11:49:31,869 | INFO |   Ep  44/300 | Tr loss=0.1525 mae=0.423 r2=0.659 pcc=0.813 | Vl loss=0.2511 mae=0.612 r2=0.149 pcc=0.816 | ES 14/100
  Ep  45/300 | Tr loss=0.1488 mae=0.417 r2=0.661 pcc=0.814 | Vl loss=0.1808 mae=0.496 r2=0.367 pcc=0.837 | ES 15/100
2026-05-30 11:49:43,056 | INFO |   Ep  45/300 | Tr loss=0.1488 mae=0.417 r2=0.661 pcc=0.814 | Vl loss=0.1808 mae=0.496 r2=0.367 pcc=0.837 | ES 15/100
  Ep  46/300 | Tr loss=0.1520 mae=0.425 r2=0.654 pcc=0.810 | Vl loss=0.1657 mae=0.468 r2=0.421 pcc=0.841 | ES 16/100
2026-05-30 11:49:54,297 | INFO |   Ep  46/300 | Tr loss=0.1520 mae=0.425 r2=0.654 pcc=0.810 | Vl loss=0.1657 mae=0.468 r2=0.421 pcc=0.841 | ES 16/100
  Ep  47/300 | Tr loss=0.1551 mae=0.425 r2=0.651 pcc=0.808 | Vl loss=0.3050 mae=0.697 r2=-0.042 pcc=0.800 | ES 17/100
2026-05-30 11:50:05,541 | INFO |   Ep  47/300 | Tr loss=0.1551 mae=0.425 r2=0.651 pcc=0.808 | Vl loss=0.3050 mae=0.697 r2=-0.042 pcc=0.800 | ES 17/100
  Ep  48/300 | Tr loss=0.1503 mae=0.417 r2=0.658 pcc=0.813 | Vl loss=0.2252 mae=0.564 r2=0.188 pcc=0.823 | ES 18/100
2026-05-30 11:50:16,727 | INFO |   Ep  48/300 | Tr loss=0.1503 mae=0.417 r2=0.658 pcc=0.813 | Vl loss=0.2252 mae=0.564 r2=0.188 pcc=0.823 | ES 18/100
  Ep  49/300 | Tr loss=0.1478 mae=0.419 r2=0.657 pcc=0.812 | Vl loss=0.2137 mae=0.556 r2=0.254 pcc=0.829 | ES 19/100
2026-05-30 11:50:27,927 | INFO |   Ep  49/300 | Tr loss=0.1478 mae=0.419 r2=0.657 pcc=0.812 | Vl loss=0.2137 mae=0.556 r2=0.254 pcc=0.829 | ES 19/100
  Ep  50/300 | Tr loss=0.1479 mae=0.415 r2=0.667 pcc=0.818 | Vl loss=0.2257 mae=0.575 r2=0.210 pcc=0.825 | ES 20/100
2026-05-30 11:50:39,146 | INFO |   Ep  50/300 | Tr loss=0.1479 mae=0.415 r2=0.667 pcc=0.818 | Vl loss=0.2257 mae=0.575 r2=0.210 pcc=0.825 | ES 20/100
  Ep  51/300 | Tr loss=0.1502 mae=0.423 r2=0.655 pcc=0.811 | Vl loss=0.3194 mae=0.722 r2=-0.089 pcc=0.793 | ES 21/100
2026-05-30 11:50:50,334 | INFO |   Ep  51/300 | Tr loss=0.1502 mae=0.423 r2=0.655 pcc=0.811 | Vl loss=0.3194 mae=0.722 r2=-0.089 pcc=0.793 | ES 21/100
  Ep  52/300 | Tr loss=0.1531 mae=0.426 r2=0.666 pcc=0.816 | Vl loss=0.2260 mae=0.572 r2=0.190 pcc=0.825 | ES 22/100
2026-05-30 11:51:01,460 | INFO |   Ep  52/300 | Tr loss=0.1531 mae=0.426 r2=0.666 pcc=0.816 | Vl loss=0.2260 mae=0.572 r2=0.190 pcc=0.825 | ES 22/100
  Ep  53/300 | Tr loss=0.1474 mae=0.415 r2=0.656 pcc=0.811 | Vl loss=0.2511 mae=0.613 r2=0.114 pcc=0.803 | ES 23/100
2026-05-30 11:51:12,717 | INFO |   Ep  53/300 | Tr loss=0.1474 mae=0.415 r2=0.656 pcc=0.811 | Vl loss=0.2511 mae=0.613 r2=0.114 pcc=0.803 | ES 23/100
  Ep  54/300 | Tr loss=0.1524 mae=0.422 r2=0.662 pcc=0.815 | Vl loss=0.2061 mae=0.544 r2=0.274 pcc=0.827 | ES 24/100
2026-05-30 11:51:23,867 | INFO |   Ep  54/300 | Tr loss=0.1524 mae=0.422 r2=0.662 pcc=0.815 | Vl loss=0.2061 mae=0.544 r2=0.274 pcc=0.827 | ES 24/100
  Ep  55/300 | Tr loss=0.1541 mae=0.423 r2=0.652 pcc=0.809 | Vl loss=0.2138 mae=0.557 r2=0.244 pcc=0.829 | ES 25/100
2026-05-30 11:51:35,044 | INFO |   Ep  55/300 | Tr loss=0.1541 mae=0.423 r2=0.652 pcc=0.809 | Vl loss=0.2138 mae=0.557 r2=0.244 pcc=0.829 | ES 25/100
  Ep  56/300 | Tr loss=0.1472 mae=0.413 r2=0.672 pcc=0.821 | Vl loss=0.2828 mae=0.675 r2=0.030 pcc=0.804 | ES 26/100
2026-05-30 11:51:46,194 | INFO |   Ep  56/300 | Tr loss=0.1472 mae=0.413 r2=0.672 pcc=0.821 | Vl loss=0.2828 mae=0.675 r2=0.030 pcc=0.804 | ES 26/100
  Ep  57/300 | Tr loss=0.1520 mae=0.422 r2=0.651 pcc=0.808 | Vl loss=0.1849 mae=0.484 r2=0.328 pcc=0.830 | ES 27/100
2026-05-30 11:51:57,412 | INFO |   Ep  57/300 | Tr loss=0.1520 mae=0.422 r2=0.651 pcc=0.808 | Vl loss=0.1849 mae=0.484 r2=0.328 pcc=0.830 | ES 27/100
  Ep  58/300 | Tr loss=0.1453 mae=0.413 r2=0.678 pcc=0.824 | Vl loss=0.2711 mae=0.652 r2=0.060 pcc=0.819 | ES 28/100
2026-05-30 11:52:08,477 | INFO |   Ep  58/300 | Tr loss=0.1453 mae=0.413 r2=0.678 pcc=0.824 | Vl loss=0.2711 mae=0.652 r2=0.060 pcc=0.819 | ES 28/100
  Ep  59/300 | Tr loss=0.1452 mae=0.416 r2=0.677 pcc=0.824 | Vl loss=0.2616 mae=0.639 r2=0.092 pcc=0.812 | ES 29/100
2026-05-30 11:52:20,094 | INFO |   Ep  59/300 | Tr loss=0.1452 mae=0.416 r2=0.677 pcc=0.824 | Vl loss=0.2616 mae=0.639 r2=0.092 pcc=0.812 | ES 29/100
  Ep  60/300 | Tr loss=0.1514 mae=0.417 r2=0.659 pcc=0.813 | Vl loss=0.2156 mae=0.567 r2=0.260 pcc=0.827 | ES 30/100
2026-05-30 11:52:31,488 | INFO |   Ep  60/300 | Tr loss=0.1514 mae=0.417 r2=0.659 pcc=0.813 | Vl loss=0.2156 mae=0.567 r2=0.260 pcc=0.827 | ES 30/100
  Ep  61/300 | Tr loss=0.1445 mae=0.408 r2=0.678 pcc=0.824 | Vl loss=0.2735 mae=0.658 r2=0.037 pcc=0.820 | ES 31/100
2026-05-30 11:52:43,088 | INFO |   Ep  61/300 | Tr loss=0.1445 mae=0.408 r2=0.678 pcc=0.824 | Vl loss=0.2735 mae=0.658 r2=0.037 pcc=0.820 | ES 31/100
  Ep  62/300 | Tr loss=0.1472 mae=0.410 r2=0.672 pcc=0.821 | Vl loss=0.2351 mae=0.596 r2=0.176 pcc=0.820 | ES 32/100
2026-05-30 11:52:54,617 | INFO |   Ep  62/300 | Tr loss=0.1472 mae=0.410 r2=0.672 pcc=0.821 | Vl loss=0.2351 mae=0.596 r2=0.176 pcc=0.820 | ES 32/100
  Ep  63/300 | Tr loss=0.1521 mae=0.423 r2=0.651 pcc=0.808 | Vl loss=0.2320 mae=0.582 r2=0.160 pcc=0.833 | ES 33/100
2026-05-30 11:53:05,816 | INFO |   Ep  63/300 | Tr loss=0.1521 mae=0.423 r2=0.651 pcc=0.808 | Vl loss=0.2320 mae=0.582 r2=0.160 pcc=0.833 | ES 33/100
  Ep  64/300 | Tr loss=0.1529 mae=0.417 r2=0.658 pcc=0.812 | Vl loss=0.1862 mae=0.501 r2=0.330 pcc=0.839 | ES 34/100
2026-05-30 11:53:17,152 | INFO |   Ep  64/300 | Tr loss=0.1529 mae=0.417 r2=0.658 pcc=0.812 | Vl loss=0.1862 mae=0.501 r2=0.330 pcc=0.839 | ES 34/100
  Ep  65/300 | Tr loss=0.1538 mae=0.424 r2=0.641 pcc=0.804 | Vl loss=0.2362 mae=0.599 r2=0.169 pcc=0.825 | ES 35/100
2026-05-30 11:53:28,365 | INFO |   Ep  65/300 | Tr loss=0.1538 mae=0.424 r2=0.641 pcc=0.804 | Vl loss=0.2362 mae=0.599 r2=0.169 pcc=0.825 | ES 35/100
  Ep  66/300 | Tr loss=0.1559 mae=0.426 r2=0.653 pcc=0.809 | Vl loss=0.2151 mae=0.551 r2=0.232 pcc=0.824 | ES 36/100
2026-05-30 11:53:40,004 | INFO |   Ep  66/300 | Tr loss=0.1559 mae=0.426 r2=0.653 pcc=0.809 | Vl loss=0.2151 mae=0.551 r2=0.232 pcc=0.824 | ES 36/100
  Ep  67/300 | Tr loss=0.1413 mae=0.405 r2=0.695 pcc=0.834 | Vl loss=0.2587 mae=0.627 r2=0.078 pcc=0.824 | ES 37/100
2026-05-30 11:53:51,243 | INFO |   Ep  67/300 | Tr loss=0.1413 mae=0.405 r2=0.695 pcc=0.834 | Vl loss=0.2587 mae=0.627 r2=0.078 pcc=0.824 | ES 37/100
  Ep  68/300 | Tr loss=0.1434 mae=0.408 r2=0.670 pcc=0.820 | Vl loss=0.2498 mae=0.607 r2=0.113 pcc=0.809 | ES 38/100
2026-05-30 11:54:02,508 | INFO |   Ep  68/300 | Tr loss=0.1434 mae=0.408 r2=0.670 pcc=0.820 | Vl loss=0.2498 mae=0.607 r2=0.113 pcc=0.809 | ES 38/100
  Ep  69/300 | Tr loss=0.1478 mae=0.413 r2=0.664 pcc=0.816 | Vl loss=0.2242 mae=0.564 r2=0.194 pcc=0.822 | ES 39/100
2026-05-30 11:54:13,786 | INFO |   Ep  69/300 | Tr loss=0.1478 mae=0.413 r2=0.664 pcc=0.816 | Vl loss=0.2242 mae=0.564 r2=0.194 pcc=0.822 | ES 39/100
  Ep  70/300 | Tr loss=0.1440 mae=0.406 r2=0.664 pcc=0.816 | Vl loss=0.1821 mae=0.486 r2=0.346 pcc=0.830 | ES 40/100
2026-05-30 11:54:24,934 | INFO |   Ep  70/300 | Tr loss=0.1440 mae=0.406 r2=0.664 pcc=0.816 | Vl loss=0.1821 mae=0.486 r2=0.346 pcc=0.830 | ES 40/100
  Ep  71/300 | Tr loss=0.1394 mae=0.399 r2=0.688 pcc=0.830 | Vl loss=0.2014 mae=0.516 r2=0.266 pcc=0.828 | ES 41/100
2026-05-30 11:54:36,163 | INFO |   Ep  71/300 | Tr loss=0.1394 mae=0.399 r2=0.688 pcc=0.830 | Vl loss=0.2014 mae=0.516 r2=0.266 pcc=0.828 | ES 41/100
  Ep  72/300 | Tr loss=0.1243 mae=0.376 r2=0.718 pcc=0.848 | Vl loss=0.1820 mae=0.458 r2=0.326 pcc=0.832 | ES 42/100
2026-05-30 11:54:47,582 | INFO |   Ep  72/300 | Tr loss=0.1243 mae=0.376 r2=0.718 pcc=0.848 | Vl loss=0.1820 mae=0.458 r2=0.326 pcc=0.832 | ES 42/100
  Ep  73/300 | Tr loss=0.1485 mae=0.414 r2=0.657 pcc=0.812 | Vl loss=0.2254 mae=0.578 r2=0.206 pcc=0.822 | ES 43/100
2026-05-30 11:54:58,709 | INFO |   Ep  73/300 | Tr loss=0.1485 mae=0.414 r2=0.657 pcc=0.812 | Vl loss=0.2254 mae=0.578 r2=0.206 pcc=0.822 | ES 43/100
  Ep  74/300 | Tr loss=0.1463 mae=0.410 r2=0.679 pcc=0.825 | Vl loss=0.2343 mae=0.591 r2=0.166 pcc=0.818 | ES 44/100
2026-05-30 11:55:09,829 | INFO |   Ep  74/300 | Tr loss=0.1463 mae=0.410 r2=0.679 pcc=0.825 | Vl loss=0.2343 mae=0.591 r2=0.166 pcc=0.818 | ES 44/100
  Ep  75/300 | Tr loss=0.1384 mae=0.399 r2=0.691 pcc=0.832 | Vl loss=0.2054 mae=0.535 r2=0.274 pcc=0.832 | ES 45/100
2026-05-30 11:55:20,909 | INFO |   Ep  75/300 | Tr loss=0.1384 mae=0.399 r2=0.691 pcc=0.832 | Vl loss=0.2054 mae=0.535 r2=0.274 pcc=0.832 | ES 45/100
  Ep  76/300 | Tr loss=0.1522 mae=0.422 r2=0.650 pcc=0.808 | Vl loss=0.2386 mae=0.593 r2=0.141 pcc=0.818 | ES 46/100
2026-05-30 11:55:32,028 | INFO |   Ep  76/300 | Tr loss=0.1522 mae=0.422 r2=0.650 pcc=0.808 | Vl loss=0.2386 mae=0.593 r2=0.141 pcc=0.818 | ES 46/100
  Ep  77/300 | Tr loss=0.1401 mae=0.400 r2=0.685 pcc=0.829 | Vl loss=0.3039 mae=0.698 r2=-0.094 pcc=0.814 | ES 47/100
2026-05-30 11:55:43,201 | INFO |   Ep  77/300 | Tr loss=0.1401 mae=0.400 r2=0.685 pcc=0.829 | Vl loss=0.3039 mae=0.698 r2=-0.094 pcc=0.814 | ES 47/100
  Ep  78/300 | Tr loss=0.1518 mae=0.418 r2=0.646 pcc=0.805 | Vl loss=0.2177 mae=0.550 r2=0.204 pcc=0.826 | ES 48/100
2026-05-30 11:55:54,464 | INFO |   Ep  78/300 | Tr loss=0.1518 mae=0.418 r2=0.646 pcc=0.805 | Vl loss=0.2177 mae=0.550 r2=0.204 pcc=0.826 | ES 48/100
  Ep  79/300 | Tr loss=0.1479 mae=0.411 r2=0.652 pcc=0.809 | Vl loss=0.1719 mae=0.472 r2=0.387 pcc=0.837 | ES 49/100
2026-05-30 11:56:06,016 | INFO |   Ep  79/300 | Tr loss=0.1479 mae=0.411 r2=0.652 pcc=0.809 | Vl loss=0.1719 mae=0.472 r2=0.387 pcc=0.837 | ES 49/100
  Ep  80/300 | Tr loss=0.1440 mae=0.402 r2=0.670 pcc=0.820 | Vl loss=0.1681 mae=0.450 r2=0.389 pcc=0.839 | ES 50/100
2026-05-30 11:56:17,369 | INFO |   Ep  80/300 | Tr loss=0.1440 mae=0.402 r2=0.670 pcc=0.820 | Vl loss=0.1681 mae=0.450 r2=0.389 pcc=0.839 | ES 50/100
Epoch 00081: reducing learning rate of group 0 to 5.0000e-05.
  Ep  81/300 | Tr loss=0.1478 mae=0.413 r2=0.666 pcc=0.817 | Vl loss=0.2081 mae=0.543 r2=0.289 pcc=0.821 | ES 51/100
2026-05-30 11:56:28,539 | INFO |   Ep  81/300 | Tr loss=0.1478 mae=0.413 r2=0.666 pcc=0.817 | Vl loss=0.2081 mae=0.543 r2=0.289 pcc=0.821 | ES 51/100
  Ep  82/300 | Tr loss=0.1474 mae=0.412 r2=0.652 pcc=0.809 | Vl loss=0.1958 mae=0.495 r2=0.278 pcc=0.831 | ES 52/100
2026-05-30 11:56:39,698 | INFO |   Ep  82/300 | Tr loss=0.1474 mae=0.412 r2=0.652 pcc=0.809 | Vl loss=0.1958 mae=0.495 r2=0.278 pcc=0.831 | ES 52/100
  Ep  83/300 | Tr loss=0.1456 mae=0.408 r2=0.677 pcc=0.823 | Vl loss=0.2396 mae=0.585 r2=0.129 pcc=0.817 | ES 53/100
2026-05-30 11:56:50,992 | INFO |   Ep  83/300 | Tr loss=0.1456 mae=0.408 r2=0.677 pcc=0.823 | Vl loss=0.2396 mae=0.585 r2=0.129 pcc=0.817 | ES 53/100
  Ep  84/300 | Tr loss=0.1498 mae=0.414 r2=0.651 pcc=0.808 | Vl loss=0.2243 mae=0.569 r2=0.199 pcc=0.825 | ES 54/100
2026-05-30 11:57:02,162 | INFO |   Ep  84/300 | Tr loss=0.1498 mae=0.414 r2=0.651 pcc=0.808 | Vl loss=0.2243 mae=0.569 r2=0.199 pcc=0.825 | ES 54/100
  Ep  85/300 | Tr loss=0.1448 mae=0.407 r2=0.671 pcc=0.820 | Vl loss=0.1918 mae=0.507 r2=0.307 pcc=0.835 | ES 55/100
2026-05-30 11:57:13,334 | INFO |   Ep  85/300 | Tr loss=0.1448 mae=0.407 r2=0.671 pcc=0.820 | Vl loss=0.1918 mae=0.507 r2=0.307 pcc=0.835 | ES 55/100
  Ep  86/300 | Tr loss=0.1446 mae=0.408 r2=0.676 pcc=0.823 | Vl loss=0.2147 mae=0.553 r2=0.232 pcc=0.832 | ES 56/100
2026-05-30 11:57:24,684 | INFO |   Ep  86/300 | Tr loss=0.1446 mae=0.408 r2=0.676 pcc=0.823 | Vl loss=0.2147 mae=0.553 r2=0.232 pcc=0.832 | ES 56/100
  Ep  87/300 | Tr loss=0.1412 mae=0.402 r2=0.689 pcc=0.831 | Vl loss=0.2169 mae=0.542 r2=0.213 pcc=0.826 | ES 57/100
2026-05-30 11:57:36,049 | INFO |   Ep  87/300 | Tr loss=0.1412 mae=0.402 r2=0.689 pcc=0.831 | Vl loss=0.2169 mae=0.542 r2=0.213 pcc=0.826 | ES 57/100
  Ep  88/300 | Tr loss=0.1426 mae=0.406 r2=0.678 pcc=0.825 | Vl loss=0.1829 mae=0.493 r2=0.343 pcc=0.834 | ES 58/100
2026-05-30 11:57:47,547 | INFO |   Ep  88/300 | Tr loss=0.1426 mae=0.406 r2=0.678 pcc=0.825 | Vl loss=0.1829 mae=0.493 r2=0.343 pcc=0.834 | ES 58/100
  Ep  89/300 | Tr loss=0.1360 mae=0.392 r2=0.687 pcc=0.829 | Vl loss=0.2088 mae=0.533 r2=0.239 pcc=0.827 | ES 59/100
2026-05-30 11:57:58,641 | INFO |   Ep  89/300 | Tr loss=0.1360 mae=0.392 r2=0.687 pcc=0.829 | Vl loss=0.2088 mae=0.533 r2=0.239 pcc=0.827 | ES 59/100
  Ep  90/300 | Tr loss=0.1378 mae=0.395 r2=0.676 pcc=0.824 | Vl loss=0.1715 mae=0.466 r2=0.380 pcc=0.839 | ES 60/100
2026-05-30 11:58:09,758 | INFO |   Ep  90/300 | Tr loss=0.1378 mae=0.395 r2=0.676 pcc=0.824 | Vl loss=0.1715 mae=0.466 r2=0.380 pcc=0.839 | ES 60/100
  Ep  91/300 | Tr loss=0.1403 mae=0.400 r2=0.673 pcc=0.822 | Vl loss=0.1858 mae=0.500 r2=0.334 pcc=0.836 | ES 61/100
2026-05-30 11:58:20,872 | INFO |   Ep  91/300 | Tr loss=0.1403 mae=0.400 r2=0.673 pcc=0.822 | Vl loss=0.1858 mae=0.500 r2=0.334 pcc=0.836 | ES 61/100
  Ep  92/300 | Tr loss=0.1389 mae=0.400 r2=0.684 pcc=0.827 | Vl loss=0.2099 mae=0.550 r2=0.256 pcc=0.832 | ES 62/100
2026-05-30 11:58:32,146 | INFO |   Ep  92/300 | Tr loss=0.1389 mae=0.400 r2=0.684 pcc=0.827 | Vl loss=0.2099 mae=0.550 r2=0.256 pcc=0.832 | ES 62/100
  Ep  93/300 | Tr loss=0.1384 mae=0.397 r2=0.686 pcc=0.829 | Vl loss=0.2089 mae=0.543 r2=0.246 pcc=0.837 | ES 63/100
2026-05-30 11:58:43,295 | INFO |   Ep  93/300 | Tr loss=0.1384 mae=0.397 r2=0.686 pcc=0.829 | Vl loss=0.2089 mae=0.543 r2=0.246 pcc=0.837 | ES 63/100
  Ep  94/300 | Tr loss=0.1353 mae=0.393 r2=0.697 pcc=0.835 | Vl loss=0.1839 mae=0.494 r2=0.336 pcc=0.845 | ES 64/100
2026-05-30 11:58:54,439 | INFO |   Ep  94/300 | Tr loss=0.1353 mae=0.393 r2=0.697 pcc=0.835 | Vl loss=0.1839 mae=0.494 r2=0.336 pcc=0.845 | ES 64/100
  Ep  95/300 | Tr loss=0.1350 mae=0.391 r2=0.693 pcc=0.833 | Vl loss=0.1874 mae=0.493 r2=0.320 pcc=0.839 | ES 65/100
2026-05-30 11:59:05,564 | INFO |   Ep  95/300 | Tr loss=0.1350 mae=0.391 r2=0.693 pcc=0.833 | Vl loss=0.1874 mae=0.493 r2=0.320 pcc=0.839 | ES 65/100
  Ep  96/300 | Tr loss=0.1493 mae=0.415 r2=0.669 pcc=0.819 | Vl loss=0.1850 mae=0.500 r2=0.335 pcc=0.839 | ES 66/100
2026-05-30 11:59:16,687 | INFO |   Ep  96/300 | Tr loss=0.1493 mae=0.415 r2=0.669 pcc=0.819 | Vl loss=0.1850 mae=0.500 r2=0.335 pcc=0.839 | ES 66/100
  Ep  97/300 | Tr loss=0.1354 mae=0.389 r2=0.698 pcc=0.836 | Vl loss=0.1884 mae=0.507 r2=0.323 pcc=0.839 | ES 67/100
2026-05-30 11:59:27,803 | INFO |   Ep  97/300 | Tr loss=0.1354 mae=0.389 r2=0.698 pcc=0.836 | Vl loss=0.1884 mae=0.507 r2=0.323 pcc=0.839 | ES 67/100
  Ep  98/300 | Tr loss=0.1340 mae=0.391 r2=0.697 pcc=0.836 | Vl loss=0.1936 mae=0.510 r2=0.309 pcc=0.831 | ES 68/100
2026-05-30 11:59:38,908 | INFO |   Ep  98/300 | Tr loss=0.1340 mae=0.391 r2=0.697 pcc=0.836 | Vl loss=0.1936 mae=0.510 r2=0.309 pcc=0.831 | ES 68/100
  Ep  99/300 | Tr loss=0.1372 mae=0.396 r2=0.687 pcc=0.829 | Vl loss=0.1997 mae=0.527 r2=0.287 pcc=0.831 | ES 69/100
2026-05-30 11:59:50,272 | INFO |   Ep  99/300 | Tr loss=0.1372 mae=0.396 r2=0.687 pcc=0.829 | Vl loss=0.1997 mae=0.527 r2=0.287 pcc=0.831 | ES 69/100
  Ep 100/300 | Tr loss=0.1354 mae=0.389 r2=0.690 pcc=0.831 | Vl loss=0.2109 mae=0.539 r2=0.232 pcc=0.826 | ES 70/100
2026-05-30 12:00:01,402 | INFO |   Ep 100/300 | Tr loss=0.1354 mae=0.389 r2=0.690 pcc=0.831 | Vl loss=0.2109 mae=0.539 r2=0.232 pcc=0.826 | ES 70/100
  Ep 101/300 | Tr loss=0.1389 mae=0.396 r2=0.693 pcc=0.834 | Vl loss=0.2393 mae=0.599 r2=0.152 pcc=0.821 | ES 71/100
2026-05-30 12:00:12,667 | INFO |   Ep 101/300 | Tr loss=0.1389 mae=0.396 r2=0.693 pcc=0.834 | Vl loss=0.2393 mae=0.599 r2=0.152 pcc=0.821 | ES 71/100
  Ep 102/300 | Tr loss=0.1372 mae=0.396 r2=0.694 pcc=0.833 | Vl loss=0.1801 mae=0.478 r2=0.345 pcc=0.834 | ES 72/100
2026-05-30 12:00:23,787 | INFO |   Ep 102/300 | Tr loss=0.1372 mae=0.396 r2=0.694 pcc=0.833 | Vl loss=0.1801 mae=0.478 r2=0.345 pcc=0.834 | ES 72/100
  Ep 103/300 | Tr loss=0.1391 mae=0.399 r2=0.679 pcc=0.825 | Vl loss=0.1735 mae=0.469 r2=0.373 pcc=0.838 | ES 73/100
2026-05-30 12:00:34,891 | INFO |   Ep 103/300 | Tr loss=0.1391 mae=0.399 r2=0.679 pcc=0.825 | Vl loss=0.1735 mae=0.469 r2=0.373 pcc=0.838 | ES 73/100
  Ep 104/300 | Tr loss=0.1411 mae=0.397 r2=0.682 pcc=0.827 | Vl loss=0.1897 mae=0.502 r2=0.314 pcc=0.833 | ES 74/100
2026-05-30 12:00:45,995 | INFO |   Ep 104/300 | Tr loss=0.1411 mae=0.397 r2=0.682 pcc=0.827 | Vl loss=0.1897 mae=0.502 r2=0.314 pcc=0.833 | ES 74/100
  Ep 105/300 | Tr loss=0.1381 mae=0.393 r2=0.687 pcc=0.829 | Vl loss=0.1705 mae=0.464 r2=0.384 pcc=0.838 | ES 75/100
2026-05-30 12:00:57,084 | INFO |   Ep 105/300 | Tr loss=0.1381 mae=0.393 r2=0.687 pcc=0.829 | Vl loss=0.1705 mae=0.464 r2=0.384 pcc=0.838 | ES 75/100
  Ep 106/300 | Tr loss=0.1514 mae=0.416 r2=0.677 pcc=0.823 | Vl loss=0.2106 mae=0.547 r2=0.254 pcc=0.829 | ES 76/100
2026-05-30 12:01:08,394 | INFO |   Ep 106/300 | Tr loss=0.1514 mae=0.416 r2=0.677 pcc=0.823 | Vl loss=0.2106 mae=0.547 r2=0.254 pcc=0.829 | ES 76/100
  Ep 107/300 | Tr loss=0.1386 mae=0.393 r2=0.682 pcc=0.827 | Vl loss=0.1975 mae=0.515 r2=0.281 pcc=0.835 | ES 77/100
2026-05-30 12:01:19,549 | INFO |   Ep 107/300 | Tr loss=0.1386 mae=0.393 r2=0.682 pcc=0.827 | Vl loss=0.1975 mae=0.515 r2=0.281 pcc=0.835 | ES 77/100
  Ep 108/300 | Tr loss=0.1412 mae=0.401 r2=0.676 pcc=0.823 | Vl loss=0.2162 mae=0.552 r2=0.218 pcc=0.830 | ES 78/100
2026-05-30 12:01:30,683 | INFO |   Ep 108/300 | Tr loss=0.1412 mae=0.401 r2=0.676 pcc=0.823 | Vl loss=0.2162 mae=0.552 r2=0.218 pcc=0.830 | ES 78/100
  Ep 109/300 | Tr loss=0.1392 mae=0.396 r2=0.682 pcc=0.826 | Vl loss=0.1973 mae=0.520 r2=0.287 pcc=0.833 | ES 79/100
2026-05-30 12:01:41,873 | INFO |   Ep 109/300 | Tr loss=0.1392 mae=0.396 r2=0.682 pcc=0.826 | Vl loss=0.1973 mae=0.520 r2=0.287 pcc=0.833 | ES 79/100
  Ep 110/300 | Tr loss=0.1384 mae=0.394 r2=0.684 pcc=0.829 | Vl loss=0.2344 mae=0.591 r2=0.168 pcc=0.829 | ES 80/100
2026-05-30 12:01:53,030 | INFO |   Ep 110/300 | Tr loss=0.1384 mae=0.394 r2=0.684 pcc=0.829 | Vl loss=0.2344 mae=0.591 r2=0.168 pcc=0.829 | ES 80/100
  Ep 111/300 | Tr loss=0.1432 mae=0.407 r2=0.687 pcc=0.829 | Vl loss=0.1928 mae=0.508 r2=0.298 pcc=0.840 | ES 81/100
2026-05-30 12:02:04,216 | INFO |   Ep 111/300 | Tr loss=0.1432 mae=0.407 r2=0.687 pcc=0.829 | Vl loss=0.1928 mae=0.508 r2=0.298 pcc=0.840 | ES 81/100
  Ep 112/300 | Tr loss=0.1455 mae=0.410 r2=0.675 pcc=0.822 | Vl loss=0.1738 mae=0.475 r2=0.376 pcc=0.843 | ES 82/100
2026-05-30 12:02:15,353 | INFO |   Ep 112/300 | Tr loss=0.1455 mae=0.410 r2=0.675 pcc=0.822 | Vl loss=0.1738 mae=0.475 r2=0.376 pcc=0.843 | ES 82/100
  Ep 113/300 | Tr loss=0.1432 mae=0.406 r2=0.659 pcc=0.814 | Vl loss=0.1901 mae=0.509 r2=0.316 pcc=0.844 | ES 83/100
2026-05-30 12:02:26,545 | INFO |   Ep 113/300 | Tr loss=0.1432 mae=0.406 r2=0.659 pcc=0.814 | Vl loss=0.1901 mae=0.509 r2=0.316 pcc=0.844 | ES 83/100
  Ep 114/300 | Tr loss=0.1354 mae=0.392 r2=0.705 pcc=0.840 | Vl loss=0.1948 mae=0.518 r2=0.298 pcc=0.841 | ES 84/100
2026-05-30 12:02:37,622 | INFO |   Ep 114/300 | Tr loss=0.1354 mae=0.392 r2=0.705 pcc=0.840 | Vl loss=0.1948 mae=0.518 r2=0.298 pcc=0.841 | ES 84/100
  Ep 115/300 | Tr loss=0.1478 mae=0.411 r2=0.656 pcc=0.811 | Vl loss=0.1797 mae=0.488 r2=0.354 pcc=0.840 | ES 85/100
2026-05-30 12:02:48,674 | INFO |   Ep 115/300 | Tr loss=0.1478 mae=0.411 r2=0.656 pcc=0.811 | Vl loss=0.1797 mae=0.488 r2=0.354 pcc=0.840 | ES 85/100
  Ep 116/300 | Tr loss=0.1339 mae=0.391 r2=0.703 pcc=0.839 | Vl loss=0.1854 mae=0.497 r2=0.331 pcc=0.835 | ES 86/100
2026-05-30 12:02:59,801 | INFO |   Ep 116/300 | Tr loss=0.1339 mae=0.391 r2=0.703 pcc=0.839 | Vl loss=0.1854 mae=0.497 r2=0.331 pcc=0.835 | ES 86/100
  Ep 117/300 | Tr loss=0.1393 mae=0.395 r2=0.693 pcc=0.833 | Vl loss=0.1982 mae=0.527 r2=0.295 pcc=0.840 | ES 87/100
2026-05-30 12:03:10,939 | INFO |   Ep 117/300 | Tr loss=0.1393 mae=0.395 r2=0.693 pcc=0.833 | Vl loss=0.1982 mae=0.527 r2=0.295 pcc=0.840 | ES 87/100
  Ep 118/300 | Tr loss=0.1313 mae=0.383 r2=0.705 pcc=0.841 | Vl loss=0.2133 mae=0.552 r2=0.240 pcc=0.832 | ES 88/100
2026-05-30 12:03:22,054 | INFO |   Ep 118/300 | Tr loss=0.1313 mae=0.383 r2=0.705 pcc=0.841 | Vl loss=0.2133 mae=0.552 r2=0.240 pcc=0.832 | ES 88/100
  Ep 119/300 | Tr loss=0.1457 mae=0.406 r2=0.670 pcc=0.819 | Vl loss=0.1821 mae=0.502 r2=0.354 pcc=0.830 | ES 89/100
2026-05-30 12:03:33,156 | INFO |   Ep 119/300 | Tr loss=0.1457 mae=0.406 r2=0.670 pcc=0.819 | Vl loss=0.1821 mae=0.502 r2=0.354 pcc=0.830 | ES 89/100
  Ep 120/300 | Tr loss=0.1351 mae=0.391 r2=0.686 pcc=0.829 | Vl loss=0.1920 mae=0.517 r2=0.319 pcc=0.829 | ES 90/100
2026-05-30 12:03:44,464 | INFO |   Ep 120/300 | Tr loss=0.1351 mae=0.391 r2=0.686 pcc=0.829 | Vl loss=0.1920 mae=0.517 r2=0.319 pcc=0.829 | ES 90/100
  Ep 121/300 | Tr loss=0.1371 mae=0.396 r2=0.696 pcc=0.835 | Vl loss=0.1967 mae=0.522 r2=0.300 pcc=0.824 | ES 91/100
2026-05-30 12:03:55,621 | INFO |   Ep 121/300 | Tr loss=0.1371 mae=0.396 r2=0.696 pcc=0.835 | Vl loss=0.1967 mae=0.522 r2=0.300 pcc=0.824 | ES 91/100
  Ep 122/300 | Tr loss=0.1337 mae=0.386 r2=0.692 pcc=0.833 | Vl loss=0.1884 mae=0.508 r2=0.330 pcc=0.829 | ES 92/100
2026-05-30 12:04:06,747 | INFO |   Ep 122/300 | Tr loss=0.1337 mae=0.386 r2=0.692 pcc=0.833 | Vl loss=0.1884 mae=0.508 r2=0.330 pcc=0.829 | ES 92/100
  Ep 123/300 | Tr loss=0.1472 mae=0.409 r2=0.672 pcc=0.821 | Vl loss=0.2354 mae=0.597 r2=0.180 pcc=0.815 | ES 93/100
2026-05-30 12:04:17,834 | INFO |   Ep 123/300 | Tr loss=0.1472 mae=0.409 r2=0.672 pcc=0.821 | Vl loss=0.2354 mae=0.597 r2=0.180 pcc=0.815 | ES 93/100
  Ep 124/300 | Tr loss=0.1453 mae=0.410 r2=0.677 pcc=0.824 | Vl loss=0.2218 mae=0.576 r2=0.234 pcc=0.819 | ES 94/100
2026-05-30 12:04:29,001 | INFO |   Ep 124/300 | Tr loss=0.1453 mae=0.410 r2=0.677 pcc=0.824 | Vl loss=0.2218 mae=0.576 r2=0.234 pcc=0.819 | ES 94/100
  Ep 125/300 | Tr loss=0.1418 mae=0.396 r2=0.690 pcc=0.831 | Vl loss=0.2084 mae=0.543 r2=0.255 pcc=0.830 | ES 95/100
2026-05-30 12:04:40,110 | INFO |   Ep 125/300 | Tr loss=0.1418 mae=0.396 r2=0.690 pcc=0.831 | Vl loss=0.2084 mae=0.543 r2=0.255 pcc=0.830 | ES 95/100
  Ep 126/300 | Tr loss=0.1394 mae=0.397 r2=0.681 pcc=0.827 | Vl loss=0.1823 mae=0.496 r2=0.349 pcc=0.830 | ES 96/100
2026-05-30 12:04:51,235 | INFO |   Ep 126/300 | Tr loss=0.1394 mae=0.397 r2=0.681 pcc=0.827 | Vl loss=0.1823 mae=0.496 r2=0.349 pcc=0.830 | ES 96/100
  Ep 127/300 | Tr loss=0.1323 mae=0.386 r2=0.676 pcc=0.823 | Vl loss=0.1562 mae=0.435 r2=0.438 pcc=0.836 | ES 97/100
2026-05-30 12:05:02,456 | INFO |   Ep 127/300 | Tr loss=0.1323 mae=0.386 r2=0.676 pcc=0.823 | Vl loss=0.1562 mae=0.435 r2=0.438 pcc=0.836 | ES 97/100
  Ep 128/300 | Tr loss=0.1416 mae=0.409 r2=0.677 pcc=0.823 | Vl loss=0.1483 mae=0.434 r2=0.477 pcc=0.837 | ES 98/100
2026-05-30 12:05:13,777 | INFO |   Ep 128/300 | Tr loss=0.1416 mae=0.409 r2=0.677 pcc=0.823 | Vl loss=0.1483 mae=0.434 r2=0.477 pcc=0.837 | ES 98/100
  Ep 129/300 | Tr loss=0.1334 mae=0.385 r2=0.691 pcc=0.832 | Vl loss=0.1787 mae=0.498 r2=0.373 pcc=0.835 | ES 99/100
2026-05-30 12:05:24,886 | INFO |   Ep 129/300 | Tr loss=0.1334 mae=0.385 r2=0.691 pcc=0.832 | Vl loss=0.1787 mae=0.498 r2=0.373 pcc=0.835 | ES 99/100
  Ep 130/300 | Tr loss=0.1447 mae=0.404 r2=0.675 pcc=0.822 | Vl loss=0.1776 mae=0.497 r2=0.375 pcc=0.831 | ES 100/100
2026-05-30 12:05:35,986 | INFO |   Ep 130/300 | Tr loss=0.1447 mae=0.404 r2=0.675 pcc=0.822 | Vl loss=0.1776 mae=0.497 r2=0.375 pcc=0.831 | ES 100/100

  ⏹  Early stopping at epoch 130 (best=30)
2026-05-30 12:05:35,986 | INFO | Early stopping at epoch 130 best=30

✓ Training complete!

  ── Final Test Results (best epoch = 30) ──────────────────
  Loss : 0.2047
  RMSE : 0.6719
  MAE  : 0.4758
  R²   : 0.3189
  ✓ Saved → /mvdlph/masa/GCN_SingleView_Regression_Results/run_2026_05_30_11_40_53/plots/loss_curve.png
  ✓ Saved → /mvdlph/masa/GCN_SingleView_Regression_Results/run_2026_05_30_11_40_53/plots/rmse_mae.png
  ✓ Saved → /mvdlph/masa/GCN_SingleView_Regression_Results/run_2026_05_30_11_40_53/plots/r2_curve.png
  ✓ Saved → /mvdlph/masa/GCN_SingleView_Regression_Results/run_2026_05_30_11_40_53/plots/pcc_curve.png
  ✓ Saved → /mvdlph/masa/GCN_SingleView_Regression_Results/run_2026_05_30_11_40_53/plots/regression_scatter_test.png
  ✓ Saved → /mvdlph/masa/GCN_SingleView_Regression_Results/run_2026_05_30_11_40_53/plots/early_stopping.png
  ✓ History → /mvdlph/masa/GCN_SingleView_Regression_Results/run_2026_05_30_11_40_53/logs/training_history.json
============================================================
DIAGNOSTIC 1: Per-exercise skeleton variance (C0)
============================================================
  Exercise      X-var      Y-var      Z-var  Z/X ratio
-------------------------------------------------------
        E0     0.0428     0.0065     0.0599      1.398
        E1     0.0486     0.0085     0.0670      1.378
        E2     0.0447     0.0078     0.0636      1.422
        E3     0.0427     0.0069     0.0607      1.423
        E4     0.0424     0.0068     0.0626      1.475
        E5     0.0444     0.0075     0.0647      1.456
        E6     0.0496     0.0085     0.0676      1.365

============================================================
DIAGNOSTIC 2: Quality score distribution per split
============================================================
 Train: mean=4.147 std=0.842 min=1.34 max=5.00 | correct=1317 erroneous=789
   Val: mean=4.196 std=0.808 min=2.28 max=5.00 | correct=455 erroneous=218
  Test: mean=4.063 std=0.815 min=2.18 max=5.00 | correct=476 erroneous=292
  ✓ History NPZ → /mvdlph/masa/GCN_SingleView_Regression_Results/run_2026_05_30_11_40_53/logs/training_history.npz
  ✓ Test predictions NPZ → /mvdlph/masa/GCN_SingleView_Regression_Results/run_2026_05_30_11_40_53/logs/test_predictions.npz
========================================================================
  Exercise         n      MAE     RMSE       R²      PCC
────────────────────────────────────────────────────────────────────────
  E0             156   0.6477   0.7945  -0.0332   0.8629
  E1             110   0.6070   0.7986   0.0672   0.8934
  E2              86   0.3153   0.4367   0.7254   0.8995
  E3              97   0.3815   0.5365   0.4916   0.8139
  E4             107   0.5871   0.8206  -1.0920   0.6839
  E5             105   0.3159   0.4782   0.4644   0.8496
  E6             107   0.3505   0.5932   0.4528   0.8097
────────────────────────────────────────────────────────────────────────
  Overall        768   0.4758   0.6719   0.3189   0.8241
========================================================================

  ✓ Per-exercise CSV → /mvdlph/masa/GCN_SingleView_Regression_Results/run_2026_05_30_11_40_53/logs/per_exercise_metrics.csv
  ✓ Per-exercise scatter grid → /mvdlph/masa/GCN_SingleView_Regression_Results/run_2026_05_30_11_40_53/plots/per_exercise_scatter.png
  ✓ Per-exercise bar chart → /mvdlph/masa/GCN_SingleView_Regression_Results/run_2026_05_30_11_40_53/plots/per_exercise_bar.png
  ✓ Per-exercise metrics NPZ → /mvdlph/masa/GCN_SingleView_Regression_Results/run_2026_05_30_11_40_53/logs/per_exercise_metrics.npz
============================================================
  TRAINING SUMMARY — ST-GCN Regression (Single View)
============================================================
  Best Epoch       : 30  (stopped at 130)
  Best Val MAE     : 0.4085
  Best Val RMSE    : 0.6003
  Best Val R²      : 0.4474
  Best Val PCC     : 0.8563
────────────────────────────────────────────────────────────
  Test MAE         : 0.4758
  Test RMSE        : 0.6719
  Test R²          : 0.3189
  Test PCC         : 0.8241
============================================================
2026-05-30 12:05:43,256 | INFO | Best Epoch=30  stopped_epoch=130
2026-05-30 12:05:43,257 | INFO | Test MAE=0.4758
2026-05-30 12:05:43,257 | INFO | Test RMSE=0.6719
2026-05-30 12:05:43,258 | INFO | Test R²=0.3189
2026-05-30 12:05:43,258 | INFO | Test PCC=0.8241

✓ Summary CSV (overall + per-exercise) → /mvdlph/masa/GCN_SingleView_Regression_Results/training_summary.csv
