✓ stdout → also writing to /mvdlph/masa/GCN_SingleView_Regression_Results/run_2026_04_30_15_21_05/logs/training_20260430_152105.log
2026-04-30 15:21:05,957 | INFO | ======================================================================
2026-04-30 15:21:05,957 | INFO | ST-GCN Single-View Regression | BZU Physiotherapy Dataset
2026-04-30 15:21:05,957 | INFO | Camera : C1  |  Split : 70/15/15  |  Epochs : 300  |  Patience : 50
2026-04-30 15:21:05,957 | INFO | Log file : /mvdlph/masa/GCN_SingleView_Regression_Results/run_2026_04_30_15_21_05/logs/training_20260430_152105.log
2026-04-30 15:21:05,958 | INFO | ======================================================================
✓ parse_filename and load_skeleton defined
NPZ files found (all cameras) : 15375

✓ Total samples  (C1) : 5102
✓ Unique trials              : 61
✓ Quality mean ± std         : 4.118 ± 0.797

✓ Exercise distribution:
0    588
1    539
2    445
3    545
4    533
5    516
6    529
7    532
8    430
9    445
Name: exercise, dtype: int64
Checking for corrupted files...
  Removing 1 corrupted files from index
    BAD: /mvdlph/Dataset_CVDLPT_Videos_Segments_P0P15_MMPose_human3d_motionbert_H36M_3D_1_2026/E4_P12_T3_C1_seg5_MMPose_human3d_motionbert_3D.npz
  Clean samples remaining: 5101

── Sample rows ──
    exercise person trial_id  segment  quality
0          0     P0       T0        0   4.3667
1          0     P0       T0        1   4.3667
2          0     P0       T0        2   4.3667
3          0     P0       T0        3   4.3667
4          0     P0       T0        4   4.3667
5          0     P0       T0        5   4.3667
6          0     P0       T0        6   4.3667
7          0     P0       T0        7   4.3667
8          0     P0       T0        8   4.3667
9          0     P0       T0        9   4.3667
10         0     P0       T1        0   4.2600
11         0     P0       T1        1   4.2600
12         0     P0       T1        2   4.2600
13         0     P0       T1        3   4.2600
14         0     P0       T1        4   4.2600
1    5101
Name: camera, dtype: int64

Total samples: 5101
✓ Skeleton visualisation helpers defined
person                                                     P0
exercise                                                    0
trial_id                                                   T1
segment                                                     0
filepath    /mvdlph/Dataset_CVDLPT_Videos_Segments_P0P15_M...
Name: 10, dtype: object
Skeleton shape : (78, 17, 3)
X range : [-0.369, 0.592]
Y range : [0.000, 0.994]
Z range : [-0.193, 0.198]
  ✓ Skeleton plot saved → /mvdlph/masa/GCN_SingleView_Regression_Results/run_2026_04_30_15_21_05/plots/sample_skeleton_3views.png
  ✓ Motion frames saved → /mvdlph/masa/GCN_SingleView_Regression_Results/run_2026_04_30_15_21_05/plots/sample_skeleton_motion.png
Axis ranges across all frames:
X: [-0.369, 0.592] — likely left/right
Y: [0.000, 0.994] — likely ???
Z: [-0.193, 0.198] — likely height

Hip  mean XYZ: [0.         0.32506496 0.        ]
Head mean XYZ: [-0.14453253  0.96798235 -0.18355224]

Difference (head - hip): [-0.14453253  0.6429174  -0.18355224]
✓ BZUDataset defined (regression only)
✓ ST-GCN regression model defined
Device : cuda
GPU    : Tesla V100-PCIE-32GB
✓ centre_and_scale and run_epoch (regression) defined

  E0:
    Correct   trials : ['T0', 'T1', 'T2']
    Erroneous trials : ['T3', 'T4', 'T5', 'T6']
    → train=['T2', 'T3', 'T5']  val=['T1', 'T6']  test=['T0', 'T4']

  E1:
    Correct   trials : ['T0', 'T1', 'T2']
    Erroneous trials : ['T3', 'T4', 'T5', 'T6']
    → train=['T0', 'T3', 'T6']  val=['T1', 'T4']  test=['T2', 'T5']

  E2:
    Correct   trials : ['T0', 'T1', 'T2']
    Erroneous trials : ['T3', 'T4', 'T5', 'T6']
    → train=['T0', 'T4', 'T5']  val=['T2', 'T3']  test=['T1', 'T6']

  E3:
    Correct   trials : ['T0', 'T1', 'T2']
    Erroneous trials : ['T3', 'T4', 'T5', 'T6']
    → train=['T1', 'T3', 'T5']  val=['T0', 'T6']  test=['T2', 'T4']

  E4:
    Correct   trials : ['T0', 'T1', 'T2']
    Erroneous trials : ['T3', 'T4', 'T5', 'T6']
    → train=['T1', 'T3', 'T6']  val=['T0', 'T5']  test=['T2', 'T4']

  E5:
    Correct   trials : ['T0', 'T1', 'T2']
    Erroneous trials : ['T3', 'T4', 'T5', 'T6']
    → train=['T1', 'T3', 'T4']  val=['T0', 'T6']  test=['T2', 'T5']

  E6:
    Correct   trials : ['T0', 'T1', 'T2']
    Erroneous trials : ['T3', 'T4', 'T5', 'T6']
    → train=['T1', 'T4', 'T5']  val=['T0', 'T6']  test=['T2', 'T3']

  E7:
    Correct   trials : ['T0', 'T1', 'T2']
    Erroneous trials : ['T3', 'T4', 'T5', 'T6']
    → train=['T0', 'T5', 'T6']  val=['T1', 'T3']  test=['T2', 'T4']

  E8:
    Correct   trials : ['T0', 'T1', 'T2']
    Erroneous trials : ['T3', 'T4', 'T5', 'T6']
    → train=['T2', 'T4', 'T5']  val=['T1', 'T6']  test=['T0', 'T3']

  E9:
    Correct   trials : ['T0', 'T1', 'T2']
    Erroneous trials : ['T3', 'T4', 'T5', 'T6']
    → train=['T0', 'T4', 'T6']  val=['T2', 'T5']  test=['T1', 'T3']

=======================================================
Samples → train=2035, val=1565, test=1501
Exercises in train : [0, 1, 2, 3, 4, 5, 6, 7, 8, 9]
Exercises in val   : [0, 1, 2, 3, 4, 5, 6, 7, 8, 9]
Exercises in test  : [0, 1, 2, 3, 4, 5, 6, 7, 8, 9]

Correct vs Erroneous per split:
  Train: correct=1123  erroneous= 912 | mean=3.997 std=0.842
  Val  : correct=1097  erroneous= 468 | mean=4.180 std=0.790
  Test : correct=1050  erroneous= 451 | mean=4.219 std=0.716

✓ Train / Val / Test split ready (trial_id within each exercise)
✓ Plotting helpers (regression) defined
✓ EarlyStopping defined (monitoring MAE)
2026-04-30 15:21:20,222 | INFO | ======================================================================
2026-04-30 15:21:20,223 | INFO | STARTING REGRESSION TRAINING  (with Early Stopping on MAE)
2026-04-30 15:21:20,223 | INFO | ======================================================================
2026-04-30 15:21:20,223 | INFO | train=2035 val=1565 test=1501

════════════════════════════════════════════════════════════════════
  Camera C1  |  Train: 2035  Val: 1565  Test: 1501
  Patience: 50  |  LR: 0.0003  |  Batch: 48
════════════════════════════════════════════════════════════════════
  Ep   1/300 | Tr loss=0.3406 mae=0.667 r2=-0.179 | Vl loss=0.2186 mae=0.532 r2=0.273 | Te loss=0.1529 mae=0.434 r2=0.398 | ES 0/50 ★
2026-04-30 15:21:38,654 | INFO |   Ep   1/300 | Tr loss=0.3406 mae=0.667 r2=-0.179 | Vl loss=0.2186 mae=0.532 r2=0.273 | Te loss=0.1529 mae=0.434 r2=0.398 | ES 0/50 ★
    ★ val_mae=0.5319  rmse=0.6733  r2=0.2729
  Ep   2/300 | Tr loss=0.2409 mae=0.553 r2=0.252 | Vl loss=0.2400 mae=0.560 r2=0.178 | Te loss=0.1682 mae=0.463 r2=0.335 | ES 1/50
2026-04-30 15:21:55,854 | INFO |   Ep   2/300 | Tr loss=0.2409 mae=0.553 r2=0.252 | Vl loss=0.2400 mae=0.560 r2=0.178 | Te loss=0.1682 mae=0.463 r2=0.335 | ES 1/50
  Ep   3/300 | Tr loss=0.2145 mae=0.523 r2=0.338 | Vl loss=0.2300 mae=0.551 r2=0.226 | Te loss=0.1613 mae=0.458 r2=0.367 | ES 2/50
2026-04-30 15:22:12,564 | INFO |   Ep   3/300 | Tr loss=0.2145 mae=0.523 r2=0.338 | Vl loss=0.2300 mae=0.551 r2=0.226 | Te loss=0.1613 mae=0.458 r2=0.367 | ES 2/50
  Ep   4/300 | Tr loss=0.2143 mae=0.517 r2=0.349 | Vl loss=0.2303 mae=0.552 r2=0.227 | Te loss=0.1614 mae=0.456 r2=0.366 | ES 3/50
2026-04-30 15:22:29,946 | INFO |   Ep   4/300 | Tr loss=0.2143 mae=0.517 r2=0.349 | Vl loss=0.2303 mae=0.552 r2=0.227 | Te loss=0.1614 mae=0.456 r2=0.366 | ES 3/50
  Ep   5/300 | Tr loss=0.2149 mae=0.523 r2=0.341 | Vl loss=0.2309 mae=0.552 r2=0.223 | Te loss=0.1608 mae=0.455 r2=0.369 | ES 4/50
2026-04-30 15:22:46,791 | INFO |   Ep   5/300 | Tr loss=0.2149 mae=0.523 r2=0.341 | Vl loss=0.2309 mae=0.552 r2=0.223 | Te loss=0.1608 mae=0.455 r2=0.369 | ES 4/50
  Ep   6/300 | Tr loss=0.2198 mae=0.531 r2=0.328 | Vl loss=0.2347 mae=0.557 r2=0.208 | Te loss=0.1647 mae=0.461 r2=0.352 | ES 5/50
2026-04-30 15:23:03,551 | INFO |   Ep   6/300 | Tr loss=0.2198 mae=0.531 r2=0.328 | Vl loss=0.2347 mae=0.557 r2=0.208 | Te loss=0.1647 mae=0.461 r2=0.352 | ES 5/50
  Ep   7/300 | Tr loss=0.2100 mae=0.517 r2=0.358 | Vl loss=0.2250 mae=0.545 r2=0.250 | Te loss=0.1573 mae=0.451 r2=0.384 | ES 6/50
2026-04-30 15:23:20,788 | INFO |   Ep   7/300 | Tr loss=0.2100 mae=0.517 r2=0.358 | Vl loss=0.2250 mae=0.545 r2=0.250 | Te loss=0.1573 mae=0.451 r2=0.384 | ES 6/50
  Ep   8/300 | Tr loss=0.2115 mae=0.519 r2=0.347 | Vl loss=0.2305 mae=0.552 r2=0.226 | Te loss=0.1610 mae=0.455 r2=0.368 | ES 7/50
2026-04-30 15:23:37,545 | INFO |   Ep   8/300 | Tr loss=0.2115 mae=0.519 r2=0.347 | Vl loss=0.2305 mae=0.552 r2=0.226 | Te loss=0.1610 mae=0.455 r2=0.368 | ES 7/50
  Ep   9/300 | Tr loss=0.2162 mae=0.517 r2=0.354 | Vl loss=0.2281 mae=0.549 r2=0.238 | Te loss=0.1588 mae=0.451 r2=0.377 | ES 8/50
2026-04-30 15:23:54,808 | INFO |   Ep   9/300 | Tr loss=0.2162 mae=0.517 r2=0.354 | Vl loss=0.2281 mae=0.549 r2=0.238 | Te loss=0.1588 mae=0.451 r2=0.377 | ES 8/50
  Ep  10/300 | Tr loss=0.2114 mae=0.514 r2=0.354 | Vl loss=0.2292 mae=0.548 r2=0.231 | Te loss=0.1575 mae=0.450 r2=0.383 | ES 9/50
2026-04-30 15:24:12,072 | INFO |   Ep  10/300 | Tr loss=0.2114 mae=0.514 r2=0.354 | Vl loss=0.2292 mae=0.548 r2=0.231 | Te loss=0.1575 mae=0.450 r2=0.383 | ES 9/50
  Ep  11/300 | Tr loss=0.2059 mae=0.507 r2=0.365 | Vl loss=0.2135 mae=0.511 r2=0.279 | Te loss=0.1424 mae=0.414 r2=0.440 | ES 0/50 ★
2026-04-30 15:24:29,201 | INFO |   Ep  11/300 | Tr loss=0.2059 mae=0.507 r2=0.365 | Vl loss=0.2135 mae=0.511 r2=0.279 | Te loss=0.1424 mae=0.414 r2=0.440 | ES 0/50 ★
    ★ val_mae=0.5108  rmse=0.6704  r2=0.2793
  Ep  12/300 | Tr loss=0.2021 mae=0.500 r2=0.378 | Vl loss=0.1873 mae=0.480 r2=0.370 | Te loss=0.1156 mae=0.382 r2=0.533 | ES 0/50 ★
2026-04-30 15:24:46,315 | INFO |   Ep  12/300 | Tr loss=0.2021 mae=0.500 r2=0.378 | Vl loss=0.1873 mae=0.480 r2=0.370 | Te loss=0.1156 mae=0.382 r2=0.533 | ES 0/50 ★
    ★ val_mae=0.4798  rmse=0.6266  r2=0.3703
  Ep  13/300 | Tr loss=0.1933 mae=0.482 r2=0.403 | Vl loss=0.1854 mae=0.456 r2=0.374 | Te loss=0.1136 mae=0.358 r2=0.548 | ES 0/50 ★
2026-04-30 15:25:03,145 | INFO |   Ep  13/300 | Tr loss=0.1933 mae=0.482 r2=0.403 | Vl loss=0.1854 mae=0.456 r2=0.374 | Te loss=0.1136 mae=0.358 r2=0.548 | ES 0/50 ★
    ★ val_mae=0.4564  rmse=0.6246  r2=0.3744
  Ep  14/300 | Tr loss=0.1883 mae=0.475 r2=0.428 | Vl loss=0.1817 mae=0.463 r2=0.391 | Te loss=0.1105 mae=0.366 r2=0.555 | ES 1/50
2026-04-30 15:25:20,168 | INFO |   Ep  14/300 | Tr loss=0.1883 mae=0.475 r2=0.428 | Vl loss=0.1817 mae=0.463 r2=0.391 | Te loss=0.1105 mae=0.366 r2=0.555 | ES 1/50
  Ep  15/300 | Tr loss=0.1894 mae=0.474 r2=0.418 | Vl loss=0.1867 mae=0.455 r2=0.368 | Te loss=0.1147 mae=0.361 r2=0.544 | ES 0/50 ★
2026-04-30 15:25:37,095 | INFO |   Ep  15/300 | Tr loss=0.1894 mae=0.474 r2=0.418 | Vl loss=0.1867 mae=0.455 r2=0.368 | Te loss=0.1147 mae=0.361 r2=0.544 | ES 0/50 ★
    ★ val_mae=0.4553  rmse=0.6276  r2=0.3684
  Ep  16/300 | Tr loss=0.1880 mae=0.470 r2=0.420 | Vl loss=0.1932 mae=0.468 r2=0.353 | Te loss=0.1222 mae=0.370 r2=0.518 | ES 1/50
2026-04-30 15:25:54,112 | INFO |   Ep  16/300 | Tr loss=0.1880 mae=0.470 r2=0.420 | Vl loss=0.1932 mae=0.468 r2=0.353 | Te loss=0.1222 mae=0.370 r2=0.518 | ES 1/50
  Ep  17/300 | Tr loss=0.1837 mae=0.463 r2=0.438 | Vl loss=0.1841 mae=0.467 r2=0.379 | Te loss=0.1107 mae=0.371 r2=0.553 | ES 2/50
2026-04-30 15:26:11,151 | INFO |   Ep  17/300 | Tr loss=0.1837 mae=0.463 r2=0.438 | Vl loss=0.1841 mae=0.467 r2=0.379 | Te loss=0.1107 mae=0.371 r2=0.553 | ES 2/50
  Ep  18/300 | Tr loss=0.1842 mae=0.461 r2=0.440 | Vl loss=0.1829 mae=0.456 r2=0.382 | Te loss=0.1073 mae=0.357 r2=0.569 | ES 3/50
2026-04-30 15:26:27,877 | INFO |   Ep  18/300 | Tr loss=0.1842 mae=0.461 r2=0.440 | Vl loss=0.1829 mae=0.456 r2=0.382 | Te loss=0.1073 mae=0.357 r2=0.569 | ES 3/50
  Ep  19/300 | Tr loss=0.1876 mae=0.469 r2=0.430 | Vl loss=0.1866 mae=0.467 r2=0.365 | Te loss=0.1118 mae=0.370 r2=0.549 | ES 4/50
2026-04-30 15:26:45,029 | INFO |   Ep  19/300 | Tr loss=0.1876 mae=0.469 r2=0.430 | Vl loss=0.1866 mae=0.467 r2=0.365 | Te loss=0.1118 mae=0.370 r2=0.549 | ES 4/50
  Ep  20/300 | Tr loss=0.1877 mae=0.465 r2=0.436 | Vl loss=0.1843 mae=0.458 r2=0.374 | Te loss=0.1104 mae=0.363 r2=0.556 | ES 5/50
2026-04-30 15:27:01,860 | INFO |   Ep  20/300 | Tr loss=0.1877 mae=0.465 r2=0.436 | Vl loss=0.1843 mae=0.458 r2=0.374 | Te loss=0.1104 mae=0.363 r2=0.556 | ES 5/50
  Ep  21/300 | Tr loss=0.1861 mae=0.463 r2=0.437 | Vl loss=0.1805 mae=0.455 r2=0.393 | Te loss=0.1078 mae=0.359 r2=0.566 | ES 0/50 ★
2026-04-30 15:27:18,782 | INFO |   Ep  21/300 | Tr loss=0.1861 mae=0.463 r2=0.437 | Vl loss=0.1805 mae=0.455 r2=0.393 | Te loss=0.1078 mae=0.359 r2=0.566 | ES 0/50 ★
    ★ val_mae=0.4550  rmse=0.6153  r2=0.3929
  Ep  22/300 | Tr loss=0.1795 mae=0.458 r2=0.449 | Vl loss=0.1847 mae=0.466 r2=0.376 | Te loss=0.1102 mae=0.370 r2=0.555 | ES 1/50
2026-04-30 15:27:35,870 | INFO |   Ep  22/300 | Tr loss=0.1795 mae=0.458 r2=0.449 | Vl loss=0.1847 mae=0.466 r2=0.376 | Te loss=0.1102 mae=0.370 r2=0.555 | ES 1/50
  Ep  23/300 | Tr loss=0.1790 mae=0.455 r2=0.453 | Vl loss=0.1889 mae=0.459 r2=0.359 | Te loss=0.1144 mae=0.358 r2=0.543 | ES 2/50
2026-04-30 15:27:52,864 | INFO |   Ep  23/300 | Tr loss=0.1790 mae=0.455 r2=0.453 | Vl loss=0.1889 mae=0.459 r2=0.359 | Te loss=0.1144 mae=0.358 r2=0.543 | ES 2/50
  Ep  24/300 | Tr loss=0.1774 mae=0.454 r2=0.454 | Vl loss=0.1952 mae=0.503 r2=0.341 | Te loss=0.1223 mae=0.406 r2=0.504 | ES 3/50
2026-04-30 15:28:09,924 | INFO |   Ep  24/300 | Tr loss=0.1774 mae=0.454 r2=0.454 | Vl loss=0.1952 mae=0.503 r2=0.341 | Te loss=0.1223 mae=0.406 r2=0.504 | ES 3/50
  Ep  25/300 | Tr loss=0.1767 mae=0.451 r2=0.458 | Vl loss=0.1811 mae=0.455 r2=0.389 | Te loss=0.1075 mae=0.357 r2=0.567 | ES 0/50 ★
2026-04-30 15:28:27,170 | INFO |   Ep  25/300 | Tr loss=0.1767 mae=0.451 r2=0.458 | Vl loss=0.1811 mae=0.455 r2=0.389 | Te loss=0.1075 mae=0.357 r2=0.567 | ES 0/50 ★
    ★ val_mae=0.4546  rmse=0.6172  r2=0.3891
  Ep  26/300 | Tr loss=0.1774 mae=0.452 r2=0.458 | Vl loss=0.1794 mae=0.457 r2=0.397 | Te loss=0.1088 mae=0.362 r2=0.560 | ES 1/50
2026-04-30 15:28:44,269 | INFO |   Ep  26/300 | Tr loss=0.1774 mae=0.452 r2=0.458 | Vl loss=0.1794 mae=0.457 r2=0.397 | Te loss=0.1088 mae=0.362 r2=0.560 | ES 1/50
  Ep  27/300 | Tr loss=0.1778 mae=0.455 r2=0.454 | Vl loss=0.1825 mae=0.458 r2=0.383 | Te loss=0.1086 mae=0.361 r2=0.561 | ES 2/50
2026-04-30 15:29:01,586 | INFO |   Ep  27/300 | Tr loss=0.1778 mae=0.455 r2=0.454 | Vl loss=0.1825 mae=0.458 r2=0.383 | Te loss=0.1086 mae=0.361 r2=0.561 | ES 2/50
  Ep  28/300 | Tr loss=0.1816 mae=0.458 r2=0.447 | Vl loss=0.1842 mae=0.472 r2=0.380 | Te loss=0.1110 mae=0.374 r2=0.550 | ES 3/50
2026-04-30 15:29:18,795 | INFO |   Ep  28/300 | Tr loss=0.1816 mae=0.458 r2=0.447 | Vl loss=0.1842 mae=0.472 r2=0.380 | Te loss=0.1110 mae=0.374 r2=0.550 | ES 3/50
  Ep  29/300 | Tr loss=0.1774 mae=0.451 r2=0.460 | Vl loss=0.1838 mae=0.453 r2=0.376 | Te loss=0.1088 mae=0.356 r2=0.562 | ES 0/50 ★
2026-04-30 15:29:36,052 | INFO |   Ep  29/300 | Tr loss=0.1774 mae=0.451 r2=0.460 | Vl loss=0.1838 mae=0.453 r2=0.376 | Te loss=0.1088 mae=0.356 r2=0.562 | ES 0/50 ★
    ★ val_mae=0.4532  rmse=0.6239  r2=0.3757
  Ep  30/300 | Tr loss=0.1798 mae=0.457 r2=0.451 | Vl loss=0.1822 mae=0.456 r2=0.383 | Te loss=0.1082 mae=0.359 r2=0.563 | ES 1/50
2026-04-30 15:29:52,997 | INFO |   Ep  30/300 | Tr loss=0.1798 mae=0.457 r2=0.451 | Vl loss=0.1822 mae=0.456 r2=0.383 | Te loss=0.1082 mae=0.359 r2=0.563 | ES 1/50
  Ep  31/300 | Tr loss=0.1777 mae=0.453 r2=0.455 | Vl loss=0.2105 mae=0.542 r2=0.292 | Te loss=0.1395 mae=0.450 r2=0.434 | ES 2/50
2026-04-30 15:30:09,935 | INFO |   Ep  31/300 | Tr loss=0.1777 mae=0.453 r2=0.455 | Vl loss=0.2105 mae=0.542 r2=0.292 | Te loss=0.1395 mae=0.450 r2=0.434 | ES 2/50
  Ep  32/300 | Tr loss=0.1794 mae=0.456 r2=0.451 | Vl loss=0.1829 mae=0.463 r2=0.383 | Te loss=0.1082 mae=0.364 r2=0.563 | ES 3/50
2026-04-30 15:30:27,157 | INFO |   Ep  32/300 | Tr loss=0.1794 mae=0.456 r2=0.451 | Vl loss=0.1829 mae=0.463 r2=0.383 | Te loss=0.1082 mae=0.364 r2=0.563 | ES 3/50
  Ep  33/300 | Tr loss=0.1772 mae=0.452 r2=0.455 | Vl loss=0.1823 mae=0.453 r2=0.382 | Te loss=0.1078 mae=0.357 r2=0.566 | ES 4/50
2026-04-30 15:30:44,112 | INFO |   Ep  33/300 | Tr loss=0.1772 mae=0.452 r2=0.455 | Vl loss=0.1823 mae=0.453 r2=0.382 | Te loss=0.1078 mae=0.357 r2=0.566 | ES 4/50
  Ep  34/300 | Tr loss=0.1812 mae=0.456 r2=0.448 | Vl loss=0.1809 mae=0.452 r2=0.389 | Te loss=0.1074 mae=0.355 r2=0.568 | ES 0/50 ★
2026-04-30 15:31:01,094 | INFO |   Ep  34/300 | Tr loss=0.1812 mae=0.456 r2=0.448 | Vl loss=0.1809 mae=0.452 r2=0.389 | Te loss=0.1074 mae=0.355 r2=0.568 | ES 0/50 ★
    ★ val_mae=0.4517  rmse=0.6174  r2=0.3887
  Ep  35/300 | Tr loss=0.1763 mae=0.453 r2=0.461 | Vl loss=0.1836 mae=0.467 r2=0.381 | Te loss=0.1099 mae=0.369 r2=0.555 | ES 1/50
2026-04-30 15:31:18,009 | INFO |   Ep  35/300 | Tr loss=0.1763 mae=0.453 r2=0.461 | Vl loss=0.1836 mae=0.467 r2=0.381 | Te loss=0.1099 mae=0.369 r2=0.555 | ES 1/50
  Ep  36/300 | Tr loss=0.1780 mae=0.454 r2=0.449 | Vl loss=0.1818 mae=0.450 r2=0.386 | Te loss=0.1074 mae=0.353 r2=0.569 | ES 0/50 ★
2026-04-30 15:31:34,977 | INFO |   Ep  36/300 | Tr loss=0.1780 mae=0.454 r2=0.449 | Vl loss=0.1818 mae=0.450 r2=0.386 | Te loss=0.1074 mae=0.353 r2=0.569 | ES 0/50 ★
    ★ val_mae=0.4497  rmse=0.6188  r2=0.3859
  Ep  37/300 | Tr loss=0.1799 mae=0.453 r2=0.456 | Vl loss=0.1809 mae=0.451 r2=0.389 | Te loss=0.1060 mae=0.354 r2=0.573 | ES 1/50
2026-04-30 15:31:51,974 | INFO |   Ep  37/300 | Tr loss=0.1799 mae=0.453 r2=0.456 | Vl loss=0.1809 mae=0.451 r2=0.389 | Te loss=0.1060 mae=0.354 r2=0.573 | ES 1/50
  Ep  38/300 | Tr loss=0.1766 mae=0.453 r2=0.458 | Vl loss=0.1809 mae=0.450 r2=0.390 | Te loss=0.1076 mae=0.350 r2=0.568 | ES 2/50
2026-04-30 15:32:09,252 | INFO |   Ep  38/300 | Tr loss=0.1766 mae=0.453 r2=0.458 | Vl loss=0.1809 mae=0.450 r2=0.390 | Te loss=0.1076 mae=0.350 r2=0.568 | ES 2/50
  Ep  39/300 | Tr loss=0.1764 mae=0.455 r2=0.458 | Vl loss=0.1819 mae=0.462 r2=0.387 | Te loss=0.1093 mae=0.367 r2=0.558 | ES 3/50
2026-04-30 15:32:26,430 | INFO |   Ep  39/300 | Tr loss=0.1764 mae=0.455 r2=0.458 | Vl loss=0.1819 mae=0.462 r2=0.387 | Te loss=0.1093 mae=0.367 r2=0.558 | ES 3/50
  Ep  40/300 | Tr loss=0.1761 mae=0.452 r2=0.457 | Vl loss=0.1824 mae=0.462 r2=0.384 | Te loss=0.1085 mae=0.365 r2=0.561 | ES 4/50
2026-04-30 15:32:43,393 | INFO |   Ep  40/300 | Tr loss=0.1761 mae=0.452 r2=0.457 | Vl loss=0.1824 mae=0.462 r2=0.384 | Te loss=0.1085 mae=0.365 r2=0.561 | ES 4/50
  Ep  41/300 | Tr loss=0.1754 mae=0.451 r2=0.461 | Vl loss=0.1832 mae=0.464 r2=0.381 | Te loss=0.1079 mae=0.365 r2=0.563 | ES 5/50
2026-04-30 15:33:00,198 | INFO |   Ep  41/300 | Tr loss=0.1754 mae=0.451 r2=0.461 | Vl loss=0.1832 mae=0.464 r2=0.381 | Te loss=0.1079 mae=0.365 r2=0.563 | ES 5/50
  Ep  42/300 | Tr loss=0.1750 mae=0.447 r2=0.464 | Vl loss=0.1821 mae=0.450 r2=0.384 | Te loss=0.1077 mae=0.352 r2=0.568 | ES 6/50
2026-04-30 15:33:17,371 | INFO |   Ep  42/300 | Tr loss=0.1750 mae=0.447 r2=0.464 | Vl loss=0.1821 mae=0.450 r2=0.384 | Te loss=0.1077 mae=0.352 r2=0.568 | ES 6/50
  Ep  43/300 | Tr loss=0.1782 mae=0.451 r2=0.456 | Vl loss=0.1820 mae=0.463 r2=0.386 | Te loss=0.1087 mae=0.365 r2=0.560 | ES 7/50
2026-04-30 15:33:34,425 | INFO |   Ep  43/300 | Tr loss=0.1782 mae=0.451 r2=0.456 | Vl loss=0.1820 mae=0.463 r2=0.386 | Te loss=0.1087 mae=0.365 r2=0.560 | ES 7/50
  Ep  44/300 | Tr loss=0.1766 mae=0.453 r2=0.455 | Vl loss=0.1865 mae=0.472 r2=0.367 | Te loss=0.1114 mae=0.372 r2=0.548 | ES 8/50
2026-04-30 15:33:51,542 | INFO |   Ep  44/300 | Tr loss=0.1766 mae=0.453 r2=0.455 | Vl loss=0.1865 mae=0.472 r2=0.367 | Te loss=0.1114 mae=0.372 r2=0.548 | ES 8/50
  Ep  45/300 | Tr loss=0.1761 mae=0.451 r2=0.461 | Vl loss=0.1823 mae=0.455 r2=0.383 | Te loss=0.1077 mae=0.357 r2=0.566 | ES 9/50
2026-04-30 15:34:08,599 | INFO |   Ep  45/300 | Tr loss=0.1761 mae=0.451 r2=0.461 | Vl loss=0.1823 mae=0.455 r2=0.383 | Te loss=0.1077 mae=0.357 r2=0.566 | ES 9/50
  Ep  46/300 | Tr loss=0.1764 mae=0.451 r2=0.462 | Vl loss=0.1826 mae=0.464 r2=0.384 | Te loss=0.1087 mae=0.365 r2=0.560 | ES 10/50
2026-04-30 15:34:25,462 | INFO |   Ep  46/300 | Tr loss=0.1764 mae=0.451 r2=0.462 | Vl loss=0.1826 mae=0.464 r2=0.384 | Te loss=0.1087 mae=0.365 r2=0.560 | ES 10/50
  Ep  47/300 | Tr loss=0.1753 mae=0.450 r2=0.462 | Vl loss=0.1804 mae=0.451 r2=0.392 | Te loss=0.1063 mae=0.352 r2=0.572 | ES 11/50
2026-04-30 15:34:42,536 | INFO |   Ep  47/300 | Tr loss=0.1753 mae=0.450 r2=0.462 | Vl loss=0.1804 mae=0.451 r2=0.392 | Te loss=0.1063 mae=0.352 r2=0.572 | ES 11/50
  Ep  48/300 | Tr loss=0.1735 mae=0.448 r2=0.464 | Vl loss=0.1818 mae=0.458 r2=0.385 | Te loss=0.1076 mae=0.361 r2=0.565 | ES 12/50
2026-04-30 15:34:59,579 | INFO |   Ep  48/300 | Tr loss=0.1735 mae=0.448 r2=0.464 | Vl loss=0.1818 mae=0.458 r2=0.385 | Te loss=0.1076 mae=0.361 r2=0.565 | ES 12/50
  Ep  49/300 | Tr loss=0.1799 mae=0.454 r2=0.456 | Vl loss=0.1805 mae=0.457 r2=0.392 | Te loss=0.1066 mae=0.359 r2=0.569 | ES 13/50
2026-04-30 15:35:16,999 | INFO |   Ep  49/300 | Tr loss=0.1799 mae=0.454 r2=0.456 | Vl loss=0.1805 mae=0.457 r2=0.392 | Te loss=0.1066 mae=0.359 r2=0.569 | ES 13/50
  Ep  50/300 | Tr loss=0.1772 mae=0.453 r2=0.457 | Vl loss=0.1801 mae=0.453 r2=0.393 | Te loss=0.1057 mae=0.355 r2=0.573 | ES 14/50
2026-04-30 15:35:33,878 | INFO |   Ep  50/300 | Tr loss=0.1772 mae=0.453 r2=0.457 | Vl loss=0.1801 mae=0.453 r2=0.393 | Te loss=0.1057 mae=0.355 r2=0.573 | ES 14/50
  Ep  51/300 | Tr loss=0.1767 mae=0.452 r2=0.463 | Vl loss=0.1793 mae=0.448 r2=0.396 | Te loss=0.1053 mae=0.350 r2=0.576 | ES 0/50 ★
2026-04-30 15:35:50,874 | INFO |   Ep  51/300 | Tr loss=0.1767 mae=0.452 r2=0.463 | Vl loss=0.1793 mae=0.448 r2=0.396 | Te loss=0.1053 mae=0.350 r2=0.576 | ES 0/50 ★
    ★ val_mae=0.4483  rmse=0.6135  r2=0.3965
  Ep  52/300 | Tr loss=0.1748 mae=0.449 r2=0.463 | Vl loss=0.1844 mae=0.465 r2=0.376 | Te loss=0.1085 mae=0.367 r2=0.560 | ES 1/50
2026-04-30 15:36:07,846 | INFO |   Ep  52/300 | Tr loss=0.1748 mae=0.449 r2=0.463 | Vl loss=0.1844 mae=0.465 r2=0.376 | Te loss=0.1085 mae=0.367 r2=0.560 | ES 1/50
  Ep  53/300 | Tr loss=0.1753 mae=0.447 r2=0.465 | Vl loss=0.1844 mae=0.470 r2=0.377 | Te loss=0.1099 mae=0.371 r2=0.554 | ES 2/50
2026-04-30 15:36:25,062 | INFO |   Ep  53/300 | Tr loss=0.1753 mae=0.447 r2=0.465 | Vl loss=0.1844 mae=0.470 r2=0.377 | Te loss=0.1099 mae=0.371 r2=0.554 | ES 2/50
  Ep  54/300 | Tr loss=0.1786 mae=0.450 r2=0.456 | Vl loss=0.1829 mae=0.459 r2=0.380 | Te loss=0.1077 mae=0.361 r2=0.564 | ES 3/50
2026-04-30 15:36:42,270 | INFO |   Ep  54/300 | Tr loss=0.1786 mae=0.450 r2=0.456 | Vl loss=0.1829 mae=0.459 r2=0.380 | Te loss=0.1077 mae=0.361 r2=0.564 | ES 3/50
  Ep  55/300 | Tr loss=0.1743 mae=0.448 r2=0.468 | Vl loss=0.1800 mae=0.451 r2=0.393 | Te loss=0.1060 mae=0.353 r2=0.572 | ES 4/50
2026-04-30 15:36:59,249 | INFO |   Ep  55/300 | Tr loss=0.1743 mae=0.448 r2=0.468 | Vl loss=0.1800 mae=0.451 r2=0.393 | Te loss=0.1060 mae=0.353 r2=0.572 | ES 4/50
  Ep  56/300 | Tr loss=0.1761 mae=0.455 r2=0.455 | Vl loss=0.1792 mae=0.448 r2=0.397 | Te loss=0.1052 mae=0.348 r2=0.577 | ES 0/50 ★
2026-04-30 15:37:16,174 | INFO |   Ep  56/300 | Tr loss=0.1761 mae=0.455 r2=0.455 | Vl loss=0.1792 mae=0.448 r2=0.397 | Te loss=0.1052 mae=0.348 r2=0.577 | ES 0/50 ★
    ★ val_mae=0.4477  rmse=0.6130  r2=0.3975
  Ep  57/300 | Tr loss=0.1754 mae=0.451 r2=0.457 | Vl loss=0.1811 mae=0.459 r2=0.390 | Te loss=0.1076 mae=0.362 r2=0.564 | ES 1/50
2026-04-30 15:37:33,213 | INFO |   Ep  57/300 | Tr loss=0.1754 mae=0.451 r2=0.457 | Vl loss=0.1811 mae=0.459 r2=0.390 | Te loss=0.1076 mae=0.362 r2=0.564 | ES 1/50
  Ep  58/300 | Tr loss=0.1744 mae=0.453 r2=0.461 | Vl loss=0.1814 mae=0.458 r2=0.389 | Te loss=0.1066 mae=0.359 r2=0.569 | ES 2/50
2026-04-30 15:37:50,376 | INFO |   Ep  58/300 | Tr loss=0.1744 mae=0.453 r2=0.461 | Vl loss=0.1814 mae=0.458 r2=0.389 | Te loss=0.1066 mae=0.359 r2=0.569 | ES 2/50
  Ep  59/300 | Tr loss=0.1761 mae=0.450 r2=0.462 | Vl loss=0.1802 mae=0.453 r2=0.393 | Te loss=0.1058 mae=0.355 r2=0.573 | ES 3/50
2026-04-30 15:38:07,701 | INFO |   Ep  59/300 | Tr loss=0.1761 mae=0.450 r2=0.462 | Vl loss=0.1802 mae=0.453 r2=0.393 | Te loss=0.1058 mae=0.355 r2=0.573 | ES 3/50
  Ep  60/300 | Tr loss=0.1749 mae=0.448 r2=0.462 | Vl loss=0.1824 mae=0.455 r2=0.383 | Te loss=0.1070 mae=0.355 r2=0.568 | ES 4/50
2026-04-30 15:38:24,484 | INFO |   Ep  60/300 | Tr loss=0.1749 mae=0.448 r2=0.462 | Vl loss=0.1824 mae=0.455 r2=0.383 | Te loss=0.1070 mae=0.355 r2=0.568 | ES 4/50
  Ep  61/300 | Tr loss=0.1778 mae=0.453 r2=0.460 | Vl loss=0.1821 mae=0.455 r2=0.383 | Te loss=0.1065 mae=0.357 r2=0.570 | ES 5/50
2026-04-30 15:38:41,456 | INFO |   Ep  61/300 | Tr loss=0.1778 mae=0.453 r2=0.460 | Vl loss=0.1821 mae=0.455 r2=0.383 | Te loss=0.1065 mae=0.357 r2=0.570 | ES 5/50
  Ep  62/300 | Tr loss=0.1761 mae=0.453 r2=0.460 | Vl loss=0.1811 mae=0.455 r2=0.389 | Te loss=0.1062 mae=0.357 r2=0.571 | ES 6/50
2026-04-30 15:38:58,509 | INFO |   Ep  62/300 | Tr loss=0.1761 mae=0.453 r2=0.460 | Vl loss=0.1811 mae=0.455 r2=0.389 | Te loss=0.1062 mae=0.357 r2=0.571 | ES 6/50
  Ep  63/300 | Tr loss=0.1746 mae=0.450 r2=0.461 | Vl loss=0.1827 mae=0.453 r2=0.380 | Te loss=0.1063 mae=0.354 r2=0.571 | ES 7/50
2026-04-30 15:39:15,334 | INFO |   Ep  63/300 | Tr loss=0.1746 mae=0.450 r2=0.461 | Vl loss=0.1827 mae=0.453 r2=0.380 | Te loss=0.1063 mae=0.354 r2=0.571 | ES 7/50
  Ep  64/300 | Tr loss=0.1754 mae=0.450 r2=0.462 | Vl loss=0.1804 mae=0.450 r2=0.391 | Te loss=0.1066 mae=0.353 r2=0.571 | ES 8/50
2026-04-30 15:39:32,638 | INFO |   Ep  64/300 | Tr loss=0.1754 mae=0.450 r2=0.462 | Vl loss=0.1804 mae=0.450 r2=0.391 | Te loss=0.1066 mae=0.353 r2=0.571 | ES 8/50
  Ep  65/300 | Tr loss=0.1723 mae=0.445 r2=0.470 | Vl loss=0.1790 mae=0.448 r2=0.399 | Te loss=0.1039 mae=0.348 r2=0.580 | ES 9/50
2026-04-30 15:39:49,608 | INFO |   Ep  65/300 | Tr loss=0.1723 mae=0.445 r2=0.470 | Vl loss=0.1790 mae=0.448 r2=0.399 | Te loss=0.1039 mae=0.348 r2=0.580 | ES 9/50
  Ep  66/300 | Tr loss=0.1769 mae=0.454 r2=0.453 | Vl loss=0.1820 mae=0.461 r2=0.387 | Te loss=0.1071 mae=0.361 r2=0.566 | ES 10/50
2026-04-30 15:40:06,828 | INFO |   Ep  66/300 | Tr loss=0.1769 mae=0.454 r2=0.453 | Vl loss=0.1820 mae=0.461 r2=0.387 | Te loss=0.1071 mae=0.361 r2=0.566 | ES 10/50
  Ep  67/300 | Tr loss=0.1741 mae=0.452 r2=0.463 | Vl loss=0.1797 mae=0.447 r2=0.395 | Te loss=0.1049 mae=0.347 r2=0.578 | ES 0/50 ★
2026-04-30 15:40:23,997 | INFO |   Ep  67/300 | Tr loss=0.1741 mae=0.452 r2=0.463 | Vl loss=0.1797 mae=0.447 r2=0.395 | Te loss=0.1049 mae=0.347 r2=0.578 | ES 0/50 ★
    ★ val_mae=0.4466  rmse=0.6143  r2=0.3948
  Ep  68/300 | Tr loss=0.1759 mae=0.451 r2=0.461 | Vl loss=0.1804 mae=0.450 r2=0.390 | Te loss=0.1067 mae=0.353 r2=0.569 | ES 1/50
2026-04-30 15:40:41,072 | INFO |   Ep  68/300 | Tr loss=0.1759 mae=0.451 r2=0.461 | Vl loss=0.1804 mae=0.450 r2=0.390 | Te loss=0.1067 mae=0.353 r2=0.569 | ES 1/50
  Ep  69/300 | Tr loss=0.1774 mae=0.452 r2=0.459 | Vl loss=0.1802 mae=0.447 r2=0.393 | Te loss=0.1047 mae=0.347 r2=0.579 | ES 2/50
2026-04-30 15:40:58,309 | INFO |   Ep  69/300 | Tr loss=0.1774 mae=0.452 r2=0.459 | Vl loss=0.1802 mae=0.447 r2=0.393 | Te loss=0.1047 mae=0.347 r2=0.579 | ES 2/50
  Ep  70/300 | Tr loss=0.1758 mae=0.449 r2=0.466 | Vl loss=0.1809 mae=0.456 r2=0.391 | Te loss=0.1057 mae=0.355 r2=0.573 | ES 3/50
2026-04-30 15:41:15,176 | INFO |   Ep  70/300 | Tr loss=0.1758 mae=0.449 r2=0.466 | Vl loss=0.1809 mae=0.456 r2=0.391 | Te loss=0.1057 mae=0.355 r2=0.573 | ES 3/50
  Ep  71/300 | Tr loss=0.1742 mae=0.451 r2=0.462 | Vl loss=0.1805 mae=0.456 r2=0.392 | Te loss=0.1062 mae=0.357 r2=0.571 | ES 4/50
2026-04-30 15:41:31,991 | INFO |   Ep  71/300 | Tr loss=0.1742 mae=0.451 r2=0.462 | Vl loss=0.1805 mae=0.456 r2=0.392 | Te loss=0.1062 mae=0.357 r2=0.571 | ES 4/50
  Ep  72/300 | Tr loss=0.1775 mae=0.452 r2=0.460 | Vl loss=0.1829 mae=0.458 r2=0.381 | Te loss=0.1063 mae=0.359 r2=0.570 | ES 5/50
2026-04-30 15:41:49,242 | INFO |   Ep  72/300 | Tr loss=0.1775 mae=0.452 r2=0.460 | Vl loss=0.1829 mae=0.458 r2=0.381 | Te loss=0.1063 mae=0.359 r2=0.570 | ES 5/50
  Ep  73/300 | Tr loss=0.1746 mae=0.450 r2=0.464 | Vl loss=0.1816 mae=0.452 r2=0.386 | Te loss=0.1066 mae=0.353 r2=0.570 | ES 6/50
2026-04-30 15:42:06,385 | INFO |   Ep  73/300 | Tr loss=0.1746 mae=0.450 r2=0.464 | Vl loss=0.1816 mae=0.452 r2=0.386 | Te loss=0.1066 mae=0.353 r2=0.570 | ES 6/50
  Ep  74/300 | Tr loss=0.1757 mae=0.450 r2=0.462 | Vl loss=0.1805 mae=0.454 r2=0.391 | Te loss=0.1065 mae=0.355 r2=0.569 | ES 7/50
2026-04-30 15:42:23,412 | INFO |   Ep  74/300 | Tr loss=0.1757 mae=0.450 r2=0.462 | Vl loss=0.1805 mae=0.454 r2=0.391 | Te loss=0.1065 mae=0.355 r2=0.569 | ES 7/50
  Ep  75/300 | Tr loss=0.1755 mae=0.449 r2=0.463 | Vl loss=0.1820 mae=0.457 r2=0.385 | Te loss=0.1062 mae=0.358 r2=0.570 | ES 8/50
2026-04-30 15:42:40,166 | INFO |   Ep  75/300 | Tr loss=0.1755 mae=0.449 r2=0.463 | Vl loss=0.1820 mae=0.457 r2=0.385 | Te loss=0.1062 mae=0.358 r2=0.570 | ES 8/50
  Ep  76/300 | Tr loss=0.1725 mae=0.447 r2=0.469 | Vl loss=0.1820 mae=0.451 r2=0.384 | Te loss=0.1076 mae=0.352 r2=0.567 | ES 9/50
2026-04-30 15:42:57,046 | INFO |   Ep  76/300 | Tr loss=0.1725 mae=0.447 r2=0.469 | Vl loss=0.1820 mae=0.451 r2=0.384 | Te loss=0.1076 mae=0.352 r2=0.567 | ES 9/50
  Ep  77/300 | Tr loss=0.1758 mae=0.450 r2=0.459 | Vl loss=0.1811 mae=0.450 r2=0.388 | Te loss=0.1059 mae=0.351 r2=0.573 | ES 10/50
2026-04-30 15:43:14,068 | INFO |   Ep  77/300 | Tr loss=0.1758 mae=0.450 r2=0.459 | Vl loss=0.1811 mae=0.450 r2=0.388 | Te loss=0.1059 mae=0.351 r2=0.573 | ES 10/50
  Ep  78/300 | Tr loss=0.1732 mae=0.446 r2=0.466 | Vl loss=0.1808 mae=0.455 r2=0.390 | Te loss=0.1061 mae=0.357 r2=0.571 | ES 11/50
2026-04-30 15:43:31,099 | INFO |   Ep  78/300 | Tr loss=0.1732 mae=0.446 r2=0.466 | Vl loss=0.1808 mae=0.455 r2=0.390 | Te loss=0.1061 mae=0.357 r2=0.571 | ES 11/50
  Ep  79/300 | Tr loss=0.1745 mae=0.446 r2=0.468 | Vl loss=0.1813 mae=0.455 r2=0.388 | Te loss=0.1059 mae=0.357 r2=0.572 | ES 12/50
2026-04-30 15:43:48,121 | INFO |   Ep  79/300 | Tr loss=0.1745 mae=0.446 r2=0.468 | Vl loss=0.1813 mae=0.455 r2=0.388 | Te loss=0.1059 mae=0.357 r2=0.572 | ES 12/50
  Ep  80/300 | Tr loss=0.1740 mae=0.448 r2=0.466 | Vl loss=0.1857 mae=0.454 r2=0.372 | Te loss=0.1113 mae=0.353 r2=0.555 | ES 13/50
2026-04-30 15:44:05,145 | INFO |   Ep  80/300 | Tr loss=0.1740 mae=0.448 r2=0.466 | Vl loss=0.1857 mae=0.454 r2=0.372 | Te loss=0.1113 mae=0.353 r2=0.555 | ES 13/50
  Ep  81/300 | Tr loss=0.1765 mae=0.450 r2=0.462 | Vl loss=0.1816 mae=0.452 r2=0.386 | Te loss=0.1059 mae=0.352 r2=0.572 | ES 14/50
2026-04-30 15:44:22,270 | INFO |   Ep  81/300 | Tr loss=0.1765 mae=0.450 r2=0.462 | Vl loss=0.1816 mae=0.452 r2=0.386 | Te loss=0.1059 mae=0.352 r2=0.572 | ES 14/50
  Ep  82/300 | Tr loss=0.1728 mae=0.444 r2=0.469 | Vl loss=0.1851 mae=0.470 r2=0.374 | Te loss=0.1100 mae=0.370 r2=0.554 | ES 15/50
2026-04-30 15:44:39,103 | INFO |   Ep  82/300 | Tr loss=0.1728 mae=0.444 r2=0.469 | Vl loss=0.1851 mae=0.470 r2=0.374 | Te loss=0.1100 mae=0.370 r2=0.554 | ES 15/50
  Ep  83/300 | Tr loss=0.1758 mae=0.452 r2=0.462 | Vl loss=0.1821 mae=0.458 r2=0.386 | Te loss=0.1058 mae=0.358 r2=0.572 | ES 16/50
2026-04-30 15:44:55,973 | INFO |   Ep  83/300 | Tr loss=0.1758 mae=0.452 r2=0.462 | Vl loss=0.1821 mae=0.458 r2=0.386 | Te loss=0.1058 mae=0.358 r2=0.572 | ES 16/50
  Ep  84/300 | Tr loss=0.1738 mae=0.448 r2=0.465 | Vl loss=0.1825 mae=0.457 r2=0.382 | Te loss=0.1068 mae=0.358 r2=0.568 | ES 17/50
2026-04-30 15:45:13,208 | INFO |   Ep  84/300 | Tr loss=0.1738 mae=0.448 r2=0.465 | Vl loss=0.1825 mae=0.457 r2=0.382 | Te loss=0.1068 mae=0.358 r2=0.568 | ES 17/50
  Ep  85/300 | Tr loss=0.1736 mae=0.451 r2=0.465 | Vl loss=0.1796 mae=0.452 r2=0.396 | Te loss=0.1051 mae=0.353 r2=0.575 | ES 18/50
2026-04-30 15:45:30,256 | INFO |   Ep  85/300 | Tr loss=0.1736 mae=0.451 r2=0.465 | Vl loss=0.1796 mae=0.452 r2=0.396 | Te loss=0.1051 mae=0.353 r2=0.575 | ES 18/50
  Ep  86/300 | Tr loss=0.1744 mae=0.446 r2=0.466 | Vl loss=0.1839 mae=0.466 r2=0.379 | Te loss=0.1088 mae=0.367 r2=0.559 | ES 19/50
2026-04-30 15:45:47,572 | INFO |   Ep  86/300 | Tr loss=0.1744 mae=0.446 r2=0.466 | Vl loss=0.1839 mae=0.466 r2=0.379 | Te loss=0.1088 mae=0.367 r2=0.559 | ES 19/50
  Ep  87/300 | Tr loss=0.1732 mae=0.450 r2=0.463 | Vl loss=0.1814 mae=0.449 r2=0.387 | Te loss=0.1053 mae=0.350 r2=0.576 | ES 20/50
2026-04-30 15:46:04,610 | INFO |   Ep  87/300 | Tr loss=0.1732 mae=0.450 r2=0.463 | Vl loss=0.1814 mae=0.449 r2=0.387 | Te loss=0.1053 mae=0.350 r2=0.576 | ES 20/50
  Ep  88/300 | Tr loss=0.1742 mae=0.451 r2=0.463 | Vl loss=0.1807 mae=0.449 r2=0.390 | Te loss=0.1055 mae=0.348 r2=0.575 | ES 21/50
2026-04-30 15:46:21,659 | INFO |   Ep  88/300 | Tr loss=0.1742 mae=0.451 r2=0.463 | Vl loss=0.1807 mae=0.449 r2=0.390 | Te loss=0.1055 mae=0.348 r2=0.575 | ES 21/50
  Ep  89/300 | Tr loss=0.1748 mae=0.446 r2=0.466 | Vl loss=0.1822 mae=0.459 r2=0.384 | Te loss=0.1075 mae=0.361 r2=0.565 | ES 22/50
2026-04-30 15:46:38,728 | INFO |   Ep  89/300 | Tr loss=0.1748 mae=0.446 r2=0.466 | Vl loss=0.1822 mae=0.459 r2=0.384 | Te loss=0.1075 mae=0.361 r2=0.565 | ES 22/50
  Ep  90/300 | Tr loss=0.1748 mae=0.448 r2=0.466 | Vl loss=0.1820 mae=0.456 r2=0.385 | Te loss=0.1062 mae=0.358 r2=0.571 | ES 23/50
2026-04-30 15:46:55,582 | INFO |   Ep  90/300 | Tr loss=0.1748 mae=0.448 r2=0.466 | Vl loss=0.1820 mae=0.456 r2=0.385 | Te loss=0.1062 mae=0.358 r2=0.571 | ES 23/50
  Ep  91/300 | Tr loss=0.1761 mae=0.450 r2=0.463 | Vl loss=0.1822 mae=0.449 r2=0.384 | Te loss=0.1068 mae=0.350 r2=0.570 | ES 24/50
2026-04-30 15:47:12,896 | INFO |   Ep  91/300 | Tr loss=0.1761 mae=0.450 r2=0.463 | Vl loss=0.1822 mae=0.449 r2=0.384 | Te loss=0.1068 mae=0.350 r2=0.570 | ES 24/50
  Ep  92/300 | Tr loss=0.1746 mae=0.449 r2=0.464 | Vl loss=0.1815 mae=0.454 r2=0.386 | Te loss=0.1064 mae=0.356 r2=0.570 | ES 25/50
2026-04-30 15:47:29,820 | INFO |   Ep  92/300 | Tr loss=0.1746 mae=0.449 r2=0.464 | Vl loss=0.1815 mae=0.454 r2=0.386 | Te loss=0.1064 mae=0.356 r2=0.570 | ES 25/50
  Ep  93/300 | Tr loss=0.1746 mae=0.449 r2=0.467 | Vl loss=0.1811 mae=0.447 r2=0.388 | Te loss=0.1055 mae=0.347 r2=0.576 | ES 0/50 ★
2026-04-30 15:47:46,798 | INFO |   Ep  93/300 | Tr loss=0.1746 mae=0.449 r2=0.467 | Vl loss=0.1811 mae=0.447 r2=0.388 | Te loss=0.1055 mae=0.347 r2=0.576 | ES 0/50 ★
    ★ val_mae=0.4465  rmse=0.6175  r2=0.3885
  Ep  94/300 | Tr loss=0.1728 mae=0.448 r2=0.466 | Vl loss=0.1809 mae=0.452 r2=0.390 | Te loss=0.1049 mae=0.353 r2=0.576 | ES 1/50
2026-04-30 15:48:03,643 | INFO |   Ep  94/300 | Tr loss=0.1728 mae=0.448 r2=0.466 | Vl loss=0.1809 mae=0.452 r2=0.390 | Te loss=0.1049 mae=0.353 r2=0.576 | ES 1/50
  Ep  95/300 | Tr loss=0.1736 mae=0.448 r2=0.464 | Vl loss=0.1816 mae=0.449 r2=0.387 | Te loss=0.1062 mae=0.349 r2=0.573 | ES 2/50
2026-04-30 15:48:20,720 | INFO |   Ep  95/300 | Tr loss=0.1736 mae=0.448 r2=0.464 | Vl loss=0.1816 mae=0.449 r2=0.387 | Te loss=0.1062 mae=0.349 r2=0.573 | ES 2/50
  Ep  96/300 | Tr loss=0.1727 mae=0.447 r2=0.468 | Vl loss=0.1819 mae=0.458 r2=0.385 | Te loss=0.1070 mae=0.359 r2=0.567 | ES 3/50
2026-04-30 15:48:37,906 | INFO |   Ep  96/300 | Tr loss=0.1727 mae=0.447 r2=0.468 | Vl loss=0.1819 mae=0.458 r2=0.385 | Te loss=0.1070 mae=0.359 r2=0.567 | ES 3/50
  Ep  97/300 | Tr loss=0.1749 mae=0.444 r2=0.470 | Vl loss=0.1804 mae=0.451 r2=0.392 | Te loss=0.1055 mae=0.352 r2=0.574 | ES 4/50
2026-04-30 15:48:54,952 | INFO |   Ep  97/300 | Tr loss=0.1749 mae=0.444 r2=0.470 | Vl loss=0.1804 mae=0.451 r2=0.392 | Te loss=0.1055 mae=0.352 r2=0.574 | ES 4/50
  Ep  98/300 | Tr loss=0.1726 mae=0.445 r2=0.469 | Vl loss=0.1809 mae=0.450 r2=0.389 | Te loss=0.1060 mae=0.352 r2=0.572 | ES 5/50
2026-04-30 15:49:12,208 | INFO |   Ep  98/300 | Tr loss=0.1726 mae=0.445 r2=0.469 | Vl loss=0.1809 mae=0.450 r2=0.389 | Te loss=0.1060 mae=0.352 r2=0.572 | ES 5/50
  Ep  99/300 | Tr loss=0.1740 mae=0.445 r2=0.472 | Vl loss=0.1819 mae=0.457 r2=0.386 | Te loss=0.1060 mae=0.358 r2=0.571 | ES 6/50
2026-04-30 15:49:29,393 | INFO |   Ep  99/300 | Tr loss=0.1740 mae=0.445 r2=0.472 | Vl loss=0.1819 mae=0.457 r2=0.386 | Te loss=0.1060 mae=0.358 r2=0.571 | ES 6/50
  Ep 100/300 | Tr loss=0.1734 mae=0.449 r2=0.466 | Vl loss=0.1817 mae=0.449 r2=0.385 | Te loss=0.1063 mae=0.350 r2=0.572 | ES 7/50
2026-04-30 15:49:46,362 | INFO |   Ep 100/300 | Tr loss=0.1734 mae=0.449 r2=0.466 | Vl loss=0.1817 mae=0.449 r2=0.385 | Te loss=0.1063 mae=0.350 r2=0.572 | ES 7/50
  Ep 101/300 | Tr loss=0.1728 mae=0.445 r2=0.468 | Vl loss=0.1835 mae=0.461 r2=0.378 | Te loss=0.1080 mae=0.363 r2=0.562 | ES 8/50
2026-04-30 15:50:03,711 | INFO |   Ep 101/300 | Tr loss=0.1728 mae=0.445 r2=0.468 | Vl loss=0.1835 mae=0.461 r2=0.378 | Te loss=0.1080 mae=0.363 r2=0.562 | ES 8/50
  Ep 102/300 | Tr loss=0.1766 mae=0.452 r2=0.461 | Vl loss=0.1809 mae=0.449 r2=0.389 | Te loss=0.1057 mae=0.351 r2=0.574 | ES 9/50
2026-04-30 15:50:20,589 | INFO |   Ep 102/300 | Tr loss=0.1766 mae=0.452 r2=0.461 | Vl loss=0.1809 mae=0.449 r2=0.389 | Te loss=0.1057 mae=0.351 r2=0.574 | ES 9/50
  Ep 103/300 | Tr loss=0.1745 mae=0.449 r2=0.464 | Vl loss=0.1834 mae=0.460 r2=0.378 | Te loss=0.1097 mae=0.363 r2=0.556 | ES 10/50
2026-04-30 15:50:37,482 | INFO |   Ep 103/300 | Tr loss=0.1745 mae=0.449 r2=0.464 | Vl loss=0.1834 mae=0.460 r2=0.378 | Te loss=0.1097 mae=0.363 r2=0.556 | ES 10/50
  Ep 104/300 | Tr loss=0.1751 mae=0.444 r2=0.472 | Vl loss=0.1803 mae=0.451 r2=0.392 | Te loss=0.1065 mae=0.353 r2=0.570 | ES 11/50
2026-04-30 15:50:54,557 | INFO |   Ep 104/300 | Tr loss=0.1751 mae=0.444 r2=0.472 | Vl loss=0.1803 mae=0.451 r2=0.392 | Te loss=0.1065 mae=0.353 r2=0.570 | ES 11/50
  Ep 105/300 | Tr loss=0.1739 mae=0.446 r2=0.466 | Vl loss=0.1837 mae=0.465 r2=0.378 | Te loss=0.1099 mae=0.368 r2=0.554 | ES 12/50
2026-04-30 15:51:11,625 | INFO |   Ep 105/300 | Tr loss=0.1739 mae=0.446 r2=0.466 | Vl loss=0.1837 mae=0.465 r2=0.378 | Te loss=0.1099 mae=0.368 r2=0.554 | ES 12/50
  Ep 106/300 | Tr loss=0.1725 mae=0.444 r2=0.473 | Vl loss=0.1803 mae=0.450 r2=0.392 | Te loss=0.1059 mae=0.351 r2=0.573 | ES 13/50
2026-04-30 15:51:29,125 | INFO |   Ep 106/300 | Tr loss=0.1725 mae=0.444 r2=0.473 | Vl loss=0.1803 mae=0.450 r2=0.392 | Te loss=0.1059 mae=0.351 r2=0.573 | ES 13/50
  Ep 107/300 | Tr loss=0.1748 mae=0.447 r2=0.467 | Vl loss=0.1811 mae=0.450 r2=0.387 | Te loss=0.1066 mae=0.353 r2=0.570 | ES 14/50
2026-04-30 15:51:46,272 | INFO |   Ep 107/300 | Tr loss=0.1748 mae=0.447 r2=0.467 | Vl loss=0.1811 mae=0.450 r2=0.387 | Te loss=0.1066 mae=0.353 r2=0.570 | ES 14/50
  Ep 108/300 | Tr loss=0.1755 mae=0.447 r2=0.467 | Vl loss=0.1805 mae=0.448 r2=0.391 | Te loss=0.1064 mae=0.349 r2=0.572 | ES 15/50
2026-04-30 15:52:03,346 | INFO |   Ep 108/300 | Tr loss=0.1755 mae=0.447 r2=0.467 | Vl loss=0.1805 mae=0.448 r2=0.391 | Te loss=0.1064 mae=0.349 r2=0.572 | ES 15/50
  Ep 109/300 | Tr loss=0.1749 mae=0.447 r2=0.469 | Vl loss=0.1808 mae=0.454 r2=0.390 | Te loss=0.1058 mae=0.355 r2=0.572 | ES 16/50
2026-04-30 15:52:20,222 | INFO |   Ep 109/300 | Tr loss=0.1749 mae=0.447 r2=0.469 | Vl loss=0.1808 mae=0.454 r2=0.390 | Te loss=0.1058 mae=0.355 r2=0.572 | ES 16/50
  Ep 110/300 | Tr loss=0.1732 mae=0.448 r2=0.467 | Vl loss=0.1804 mae=0.453 r2=0.392 | Te loss=0.1059 mae=0.354 r2=0.572 | ES 17/50
2026-04-30 15:52:37,076 | INFO |   Ep 110/300 | Tr loss=0.1732 mae=0.448 r2=0.467 | Vl loss=0.1804 mae=0.453 r2=0.392 | Te loss=0.1059 mae=0.354 r2=0.572 | ES 17/50
  Ep 111/300 | Tr loss=0.1738 mae=0.445 r2=0.470 | Vl loss=0.1816 mae=0.457 r2=0.386 | Te loss=0.1072 mae=0.359 r2=0.566 | ES 18/50
2026-04-30 15:52:54,331 | INFO |   Ep 111/300 | Tr loss=0.1738 mae=0.445 r2=0.470 | Vl loss=0.1816 mae=0.457 r2=0.386 | Te loss=0.1072 mae=0.359 r2=0.566 | ES 18/50
  Ep 112/300 | Tr loss=0.1747 mae=0.449 r2=0.466 | Vl loss=0.1811 mae=0.454 r2=0.388 | Te loss=0.1065 mae=0.356 r2=0.570 | ES 19/50
2026-04-30 15:53:11,285 | INFO |   Ep 112/300 | Tr loss=0.1747 mae=0.449 r2=0.466 | Vl loss=0.1811 mae=0.454 r2=0.388 | Te loss=0.1065 mae=0.356 r2=0.570 | ES 19/50
  Ep 113/300 | Tr loss=0.1718 mae=0.445 r2=0.469 | Vl loss=0.1808 mae=0.455 r2=0.390 | Te loss=0.1072 mae=0.357 r2=0.566 | ES 20/50
2026-04-30 15:53:28,324 | INFO |   Ep 113/300 | Tr loss=0.1718 mae=0.445 r2=0.469 | Vl loss=0.1808 mae=0.455 r2=0.390 | Te loss=0.1072 mae=0.357 r2=0.566 | ES 20/50
  Ep 114/300 | Tr loss=0.1721 mae=0.446 r2=0.472 | Vl loss=0.1807 mae=0.451 r2=0.389 | Te loss=0.1068 mae=0.353 r2=0.569 | ES 21/50
2026-04-30 15:53:45,889 | INFO |   Ep 114/300 | Tr loss=0.1721 mae=0.446 r2=0.472 | Vl loss=0.1807 mae=0.451 r2=0.389 | Te loss=0.1068 mae=0.353 r2=0.569 | ES 21/50
  Ep 115/300 | Tr loss=0.1741 mae=0.448 r2=0.466 | Vl loss=0.1805 mae=0.449 r2=0.391 | Te loss=0.1061 mae=0.350 r2=0.573 | ES 22/50
2026-04-30 15:54:03,706 | INFO |   Ep 115/300 | Tr loss=0.1741 mae=0.448 r2=0.466 | Vl loss=0.1805 mae=0.449 r2=0.391 | Te loss=0.1061 mae=0.350 r2=0.573 | ES 22/50
  Ep 116/300 | Tr loss=0.1730 mae=0.448 r2=0.467 | Vl loss=0.1813 mae=0.450 r2=0.387 | Te loss=0.1070 mae=0.353 r2=0.569 | ES 23/50
2026-04-30 15:54:20,858 | INFO |   Ep 116/300 | Tr loss=0.1730 mae=0.448 r2=0.467 | Vl loss=0.1813 mae=0.450 r2=0.387 | Te loss=0.1070 mae=0.353 r2=0.569 | ES 23/50
  Ep 117/300 | Tr loss=0.1732 mae=0.446 r2=0.469 | Vl loss=0.1824 mae=0.459 r2=0.383 | Te loss=0.1080 mae=0.362 r2=0.563 | ES 24/50
2026-04-30 15:54:37,942 | INFO |   Ep 117/300 | Tr loss=0.1732 mae=0.446 r2=0.469 | Vl loss=0.1824 mae=0.459 r2=0.383 | Te loss=0.1080 mae=0.362 r2=0.563 | ES 24/50
  Ep 118/300 | Tr loss=0.1756 mae=0.445 r2=0.469 | Vl loss=0.1808 mae=0.453 r2=0.390 | Te loss=0.1056 mae=0.354 r2=0.573 | ES 25/50
2026-04-30 15:54:55,310 | INFO |   Ep 118/300 | Tr loss=0.1756 mae=0.445 r2=0.469 | Vl loss=0.1808 mae=0.453 r2=0.390 | Te loss=0.1056 mae=0.354 r2=0.573 | ES 25/50
  Ep 119/300 | Tr loss=0.1747 mae=0.448 r2=0.466 | Vl loss=0.1812 mae=0.454 r2=0.387 | Te loss=0.1066 mae=0.356 r2=0.569 | ES 26/50
2026-04-30 15:55:12,184 | INFO |   Ep 119/300 | Tr loss=0.1747 mae=0.448 r2=0.466 | Vl loss=0.1812 mae=0.454 r2=0.387 | Te loss=0.1066 mae=0.356 r2=0.569 | ES 26/50
  Ep 120/300 | Tr loss=0.1739 mae=0.449 r2=0.465 | Vl loss=0.1823 mae=0.452 r2=0.382 | Te loss=0.1075 mae=0.353 r2=0.566 | ES 27/50
2026-04-30 15:55:29,083 | INFO |   Ep 120/300 | Tr loss=0.1739 mae=0.449 r2=0.465 | Vl loss=0.1823 mae=0.452 r2=0.382 | Te loss=0.1075 mae=0.353 r2=0.566 | ES 27/50
  Ep 121/300 | Tr loss=0.1755 mae=0.451 r2=0.464 | Vl loss=0.1817 mae=0.449 r2=0.385 | Te loss=0.1055 mae=0.350 r2=0.575 | ES 28/50
2026-04-30 15:55:46,261 | INFO |   Ep 121/300 | Tr loss=0.1755 mae=0.451 r2=0.464 | Vl loss=0.1817 mae=0.449 r2=0.385 | Te loss=0.1055 mae=0.350 r2=0.575 | ES 28/50
  Ep 122/300 | Tr loss=0.1728 mae=0.447 r2=0.471 | Vl loss=0.1819 mae=0.453 r2=0.384 | Te loss=0.1069 mae=0.356 r2=0.568 | ES 29/50
2026-04-30 15:56:03,137 | INFO |   Ep 122/300 | Tr loss=0.1728 mae=0.447 r2=0.471 | Vl loss=0.1819 mae=0.453 r2=0.384 | Te loss=0.1069 mae=0.356 r2=0.568 | ES 29/50
  Ep 123/300 | Tr loss=0.1742 mae=0.450 r2=0.467 | Vl loss=0.1831 mae=0.459 r2=0.380 | Te loss=0.1075 mae=0.361 r2=0.565 | ES 30/50
2026-04-30 15:56:20,212 | INFO |   Ep 123/300 | Tr loss=0.1742 mae=0.450 r2=0.467 | Vl loss=0.1831 mae=0.459 r2=0.380 | Te loss=0.1075 mae=0.361 r2=0.565 | ES 30/50
  Ep 124/300 | Tr loss=0.1716 mae=0.445 r2=0.470 | Vl loss=0.1808 mae=0.451 r2=0.389 | Te loss=0.1059 mae=0.352 r2=0.572 | ES 31/50
2026-04-30 15:56:37,222 | INFO |   Ep 124/300 | Tr loss=0.1716 mae=0.445 r2=0.470 | Vl loss=0.1808 mae=0.451 r2=0.389 | Te loss=0.1059 mae=0.352 r2=0.572 | ES 31/50
  Ep 125/300 | Tr loss=0.1750 mae=0.447 r2=0.469 | Vl loss=0.1820 mae=0.454 r2=0.384 | Te loss=0.1061 mae=0.355 r2=0.571 | ES 32/50
2026-04-30 15:56:54,418 | INFO |   Ep 125/300 | Tr loss=0.1750 mae=0.447 r2=0.469 | Vl loss=0.1820 mae=0.454 r2=0.384 | Te loss=0.1061 mae=0.355 r2=0.571 | ES 32/50
  Ep 126/300 | Tr loss=0.1739 mae=0.445 r2=0.468 | Vl loss=0.1804 mae=0.452 r2=0.391 | Te loss=0.1066 mae=0.354 r2=0.569 | ES 33/50
2026-04-30 15:57:11,802 | INFO |   Ep 126/300 | Tr loss=0.1739 mae=0.445 r2=0.468 | Vl loss=0.1804 mae=0.452 r2=0.391 | Te loss=0.1066 mae=0.354 r2=0.569 | ES 33/50
  Ep 127/300 | Tr loss=0.1726 mae=0.447 r2=0.467 | Vl loss=0.1827 mae=0.452 r2=0.380 | Te loss=0.1072 mae=0.354 r2=0.567 | ES 34/50
2026-04-30 15:57:28,813 | INFO |   Ep 127/300 | Tr loss=0.1726 mae=0.447 r2=0.467 | Vl loss=0.1827 mae=0.452 r2=0.380 | Te loss=0.1072 mae=0.354 r2=0.567 | ES 34/50
  Ep 128/300 | Tr loss=0.1719 mae=0.449 r2=0.470 | Vl loss=0.1815 mae=0.454 r2=0.387 | Te loss=0.1060 mae=0.356 r2=0.571 | ES 35/50
2026-04-30 15:57:45,971 | INFO |   Ep 128/300 | Tr loss=0.1719 mae=0.449 r2=0.470 | Vl loss=0.1815 mae=0.454 r2=0.387 | Te loss=0.1060 mae=0.356 r2=0.571 | ES 35/50
  Ep 129/300 | Tr loss=0.1735 mae=0.449 r2=0.464 | Vl loss=0.1824 mae=0.457 r2=0.382 | Te loss=0.1076 mae=0.359 r2=0.565 | ES 36/50
2026-04-30 15:58:03,341 | INFO |   Ep 129/300 | Tr loss=0.1735 mae=0.449 r2=0.464 | Vl loss=0.1824 mae=0.457 r2=0.382 | Te loss=0.1076 mae=0.359 r2=0.565 | ES 36/50
  Ep 130/300 | Tr loss=0.1730 mae=0.447 r2=0.468 | Vl loss=0.1809 mae=0.450 r2=0.389 | Te loss=0.1061 mae=0.352 r2=0.572 | ES 37/50
2026-04-30 15:58:20,375 | INFO |   Ep 130/300 | Tr loss=0.1730 mae=0.447 r2=0.468 | Vl loss=0.1809 mae=0.450 r2=0.389 | Te loss=0.1061 mae=0.352 r2=0.572 | ES 37/50
  Ep 131/300 | Tr loss=0.1742 mae=0.447 r2=0.468 | Vl loss=0.1806 mae=0.447 r2=0.391 | Te loss=0.1056 mae=0.348 r2=0.575 | ES 38/50
2026-04-30 15:58:37,693 | INFO |   Ep 131/300 | Tr loss=0.1742 mae=0.447 r2=0.468 | Vl loss=0.1806 mae=0.447 r2=0.391 | Te loss=0.1056 mae=0.348 r2=0.575 | ES 38/50
  Ep 132/300 | Tr loss=0.1725 mae=0.447 r2=0.470 | Vl loss=0.1816 mae=0.455 r2=0.386 | Te loss=0.1068 mae=0.357 r2=0.568 | ES 39/50
2026-04-30 15:58:54,665 | INFO |   Ep 132/300 | Tr loss=0.1725 mae=0.447 r2=0.470 | Vl loss=0.1816 mae=0.455 r2=0.386 | Te loss=0.1068 mae=0.357 r2=0.568 | ES 39/50
  Ep 133/300 | Tr loss=0.1741 mae=0.446 r2=0.469 | Vl loss=0.1814 mae=0.457 r2=0.387 | Te loss=0.1067 mae=0.358 r2=0.568 | ES 40/50
2026-04-30 15:59:12,139 | INFO |   Ep 133/300 | Tr loss=0.1741 mae=0.446 r2=0.469 | Vl loss=0.1814 mae=0.457 r2=0.387 | Te loss=0.1067 mae=0.358 r2=0.568 | ES 40/50
  Ep 134/300 | Tr loss=0.1719 mae=0.446 r2=0.468 | Vl loss=0.1849 mae=0.471 r2=0.375 | Te loss=0.1105 mae=0.372 r2=0.552 | ES 41/50
2026-04-30 15:59:29,225 | INFO |   Ep 134/300 | Tr loss=0.1719 mae=0.446 r2=0.468 | Vl loss=0.1849 mae=0.471 r2=0.375 | Te loss=0.1105 mae=0.372 r2=0.552 | ES 41/50
  Ep 135/300 | Tr loss=0.1721 mae=0.448 r2=0.469 | Vl loss=0.1845 mae=0.470 r2=0.377 | Te loss=0.1103 mae=0.372 r2=0.552 | ES 42/50
2026-04-30 15:59:46,160 | INFO |   Ep 135/300 | Tr loss=0.1721 mae=0.448 r2=0.469 | Vl loss=0.1845 mae=0.470 r2=0.377 | Te loss=0.1103 mae=0.372 r2=0.552 | ES 42/50
  Ep 136/300 | Tr loss=0.1734 mae=0.447 r2=0.468 | Vl loss=0.1818 mae=0.456 r2=0.385 | Te loss=0.1072 mae=0.358 r2=0.566 | ES 43/50
2026-04-30 16:00:03,177 | INFO |   Ep 136/300 | Tr loss=0.1734 mae=0.447 r2=0.468 | Vl loss=0.1818 mae=0.456 r2=0.385 | Te loss=0.1072 mae=0.358 r2=0.566 | ES 43/50
  Ep 137/300 | Tr loss=0.1738 mae=0.447 r2=0.468 | Vl loss=0.1813 mae=0.449 r2=0.387 | Te loss=0.1058 mae=0.351 r2=0.573 | ES 44/50
2026-04-30 16:00:20,202 | INFO |   Ep 137/300 | Tr loss=0.1738 mae=0.447 r2=0.468 | Vl loss=0.1813 mae=0.449 r2=0.387 | Te loss=0.1058 mae=0.351 r2=0.573 | ES 44/50
  Ep 138/300 | Tr loss=0.1721 mae=0.444 r2=0.472 | Vl loss=0.1811 mae=0.451 r2=0.387 | Te loss=0.1060 mae=0.353 r2=0.572 | ES 45/50
2026-04-30 16:00:37,459 | INFO |   Ep 138/300 | Tr loss=0.1721 mae=0.444 r2=0.472 | Vl loss=0.1811 mae=0.451 r2=0.387 | Te loss=0.1060 mae=0.353 r2=0.572 | ES 45/50
  Ep 139/300 | Tr loss=0.1735 mae=0.448 r2=0.467 | Vl loss=0.1815 mae=0.452 r2=0.386 | Te loss=0.1066 mae=0.354 r2=0.569 | ES 46/50
2026-04-30 16:00:54,183 | INFO |   Ep 139/300 | Tr loss=0.1735 mae=0.448 r2=0.467 | Vl loss=0.1815 mae=0.452 r2=0.386 | Te loss=0.1066 mae=0.354 r2=0.569 | ES 46/50
  Ep 140/300 | Tr loss=0.1746 mae=0.447 r2=0.465 | Vl loss=0.1810 mae=0.451 r2=0.388 | Te loss=0.1062 mae=0.352 r2=0.571 | ES 47/50
2026-04-30 16:01:11,005 | INFO |   Ep 140/300 | Tr loss=0.1746 mae=0.447 r2=0.465 | Vl loss=0.1810 mae=0.451 r2=0.388 | Te loss=0.1062 mae=0.352 r2=0.571 | ES 47/50
  Ep 141/300 | Tr loss=0.1724 mae=0.445 r2=0.473 | Vl loss=0.1829 mae=0.455 r2=0.379 | Te loss=0.1076 mae=0.357 r2=0.565 | ES 48/50
2026-04-30 16:01:28,032 | INFO |   Ep 141/300 | Tr loss=0.1724 mae=0.445 r2=0.473 | Vl loss=0.1829 mae=0.455 r2=0.379 | Te loss=0.1076 mae=0.357 r2=0.565 | ES 48/50
  Ep 142/300 | Tr loss=0.1730 mae=0.450 r2=0.469 | Vl loss=0.1803 mae=0.451 r2=0.391 | Te loss=0.1062 mae=0.354 r2=0.571 | ES 49/50
2026-04-30 16:01:45,070 | INFO |   Ep 142/300 | Tr loss=0.1730 mae=0.450 r2=0.469 | Vl loss=0.1803 mae=0.451 r2=0.391 | Te loss=0.1062 mae=0.354 r2=0.571 | ES 49/50
  Ep 143/300 | Tr loss=0.1724 mae=0.446 r2=0.467 | Vl loss=0.1815 mae=0.449 r2=0.385 | Te loss=0.1072 mae=0.352 r2=0.568 | ES 50/50
2026-04-30 16:02:02,167 | INFO |   Ep 143/300 | Tr loss=0.1724 mae=0.446 r2=0.467 | Vl loss=0.1815 mae=0.449 r2=0.385 | Te loss=0.1072 mae=0.352 r2=0.568 | ES 50/50

  ⏹  Early stopping at epoch 143 (best=93)
2026-04-30 16:02:02,182 | INFO | Early stopping at epoch 143 best=93

✓ Training complete!

  ── Final Test Results (best epoch = 93) ──────────────────
  Loss : 0.1055
  RMSE : 0.4660
  MAE  : 0.3472
  R²   : 0.5758
  ✓ Saved → /mvdlph/masa/GCN_SingleView_Regression_Results/run_2026_04_30_15_21_05/plots/loss_curve.png
  ✓ Saved → /mvdlph/masa/GCN_SingleView_Regression_Results/run_2026_04_30_15_21_05/plots/rmse_mae.png
  ✓ Saved → /mvdlph/masa/GCN_SingleView_Regression_Results/run_2026_04_30_15_21_05/plots/r2_curve.png
  ✓ Saved → /mvdlph/masa/GCN_SingleView_Regression_Results/run_2026_04_30_15_21_05/plots/regression_scatter_test.png
  ✓ Saved → /mvdlph/masa/GCN_SingleView_Regression_Results/run_2026_04_30_15_21_05/plots/early_stopping.png
  ✓ History → /mvdlph/masa/GCN_SingleView_Regression_Results/run_2026_04_30_15_21_05/logs/training_history.json
============================================================
DIAGNOSTIC 1: Per-exercise skeleton variance (C0)
============================================================
  Exercise      X-var      Y-var      Z-var  Z/X ratio
-------------------------------------------------------
        E0     0.0410     0.0595     0.0066      0.161
        E1     0.0453     0.0614     0.0069      0.151
        E2     0.0427     0.0633     0.0079      0.185
        E3     0.0430     0.0608     0.0068      0.159
        E4     0.0427     0.0610     0.0070      0.163
        E5     0.0420     0.0610     0.0070      0.166
        E6     0.0376     0.0591     0.0059      0.157
        E7     0.0469     0.0682     0.0086      0.183
        E8     0.0487     0.0654     0.0081      0.165
        E9     0.0485     0.0687     0.0092      0.190

============================================================
DIAGNOSTIC 2: Quality score distribution per split
============================================================
 Train: mean=3.997 std=0.842 min=1.34 max=5.00 | correct=1123 erroneous=912
   Val: mean=4.180 std=0.790 min=1.98 max=5.00 | correct=1097 erroneous=468
  Test: mean=4.219 std=0.716 min=1.76 max=5.00 | correct=1050 erroneous=451
============================================================
  TRAINING SUMMARY — ST-GCN Regression (Single View)
============================================================
  Best Epoch       : 93  (stopped at 143)
  Best Val MAE     : 0.4465
  Best Val RMSE    : 0.6175
  Best Val R²      : 0.3885
────────────────────────────────────────────────────────────
  Test MAE         : 0.3472
  Test RMSE        : 0.4660
  Test R²          : 0.5758
============================================================
2026-04-30 16:02:12,430 | INFO | Best Epoch=93  stopped_epoch=143
2026-04-30 16:02:12,430 | INFO | Test MAE=0.3472
2026-04-30 16:02:12,431 | INFO | Test RMSE=0.4660
2026-04-30 16:02:12,431 | INFO | Test R²=0.5758

✓ Summary CSV saved → /mvdlph/masa/GCN_SingleView_Regression_Results/training_summary.csv
2026-04-30 16:02:12,435 | INFO | ✓ All done!
