✓ stdout → also writing to /mvdlph/masa/GCN_SingleView_Regression_Results/run_2026_05_09_09_57_29/logs/training_20260509_095729.log
2026-05-09 09:57:29,899 | INFO | ======================================================================
2026-05-09 09:57:29,899 | INFO | ST-GCN Single-View Regression | BZU Physiotherapy Dataset
2026-05-09 09:57:29,899 | INFO | Camera : CNone  |  Split : 70/15/15  |  Epochs : 300  |  Patience : 80
2026-05-09 09:57:29,899 | INFO | Log file : /mvdlph/masa/GCN_SingleView_Regression_Results/run_2026_05_09_09_57_29/logs/training_20260509_095729.log
2026-05-09 09:57:29,900 | INFO | ======================================================================
✓ parse_filename and load_skeleton defined

[TRAIN] NPZ files found : 9477
  Samples          : 9477
  Unique trials    : 327
  Quality mean±std : 4.127 ± 0.812
  Exercise dist    :
0     961
1     966
2     829
3     979
4     970
5     933
6     954
7     965
8     903
9    1017

[VALID] NPZ files found : 2790
  Samples          : 2790
  Unique trials    : 100
  Quality mean±std : 4.232 ± 0.741
  Exercise dist    :
0    326
1    316
2    295
3    298
4    322
5    312
6    302
7    304
8    181
9    134

[TEST] NPZ files found : 3108
  Samples          : 3108
  Unique trials    : 107
  Quality mean±std : 4.031 ± 0.777
  Exercise dist    :
0    465
1    326
2    258
3    319
4    287
5    321
6    314
7    319
8    317
9    182

Checking for corrupted files...
  [TRAIN] Removing 1 corrupted file(s)
  [TRAIN] Clean samples : 9476
  [VALID] Clean samples : 2790
  [TEST] Removing 2 corrupted file(s)
  [TEST] Clean samples : 3106

✓ No data-leakage detected across splits

════════════════════════════════════════════════════════════════════
  Split     Samples   Correct   Erroneous   Q mean   Q std   Q min   Q max
  ──────────────────────────────────────────────────────────────────
  Train        9476      6037        3439    4.127   0.812   1.340   5.000
  Val          2790      1905         885    4.232   0.741   2.280   5.000
  Test         3106      2015        1091    4.032   0.777   2.140   5.000
════════════════════════════════════════════════════════════════════

✓ Pre-split index ready  →  train / val / test DataFrames built
0    5147
1    5101
2    5124
Name: camera, dtype: int64

الكاميرات الموجودة: [0, 1, 2]
camera      0    1    2
exercise               
0         579  588  584
1         532  539  536
2         463  445  474
3         525  545  526
4         522  532  524
5         525  516  525
6         529  529  512
7         529  532  527
8         486  430  485
9         457  445  431
E0: correct=3 trials, erroneous=4 trials
E1: correct=3 trials, erroneous=4 trials
E2: correct=3 trials, erroneous=4 trials
E3: correct=3 trials, erroneous=4 trials
E4: correct=3 trials, erroneous=4 trials
E5: correct=3 trials, erroneous=4 trials
E6: correct=3 trials, erroneous=4 trials
E7: correct=3 trials, erroneous=4 trials
E8: correct=3 trials, erroneous=4 trials
E9: correct=3 trials, erroneous=4 trials
Frame length distribution (sample of 500 files):
  min    = 28
  max    = 301
  mean   = 100.0
  median = 91.0
  std    = 39.3

Percentiles:
   25th = 72
   50th = 91
   75th = 121
   90th = 145
   95th = 176
   99th = 231

Value counts (top 10):
    79 frames →   14 files (2.8%)
    91 frames →   12 files (2.4%)
    87 frames →   11 files (2.2%)
    68 frames →   11 files (2.2%)
    90 frames →   10 files (2.0%)
   107 frames →    9 files (1.8%)
    76 frames →    9 files (1.8%)
    71 frames →    9 files (1.8%)
    84 frames →    8 files (1.6%)
    81 frames →    8 files (1.6%)
✓ Skeleton visualisation helpers defined
person                                                     P0
exercise                                                    0
trial_id                                                   T0
segment                                                     0
filepath    /mvdlph/Dataset_CVDLPT_Videos_Segments_P0P15_M...
Name: 10, dtype: object
Skeleton shape : (61, 17, 3)
X range : [-0.369, 0.592]
Y range : [0.000, 0.994]
Z range : [-0.193, 0.198]
  ✓ Skeleton plot saved → /mvdlph/masa/GCN_SingleView_Regression_Results/run_2026_05_09_09_57_29/plots/sample_skeleton_3views.png
  ✓ Motion frames saved → /mvdlph/masa/GCN_SingleView_Regression_Results/run_2026_05_09_09_57_29/plots/sample_skeleton_motion.png
Axis ranges across all frames:
X: [-0.369, 0.592] — likely left/right
Y: [0.000, 0.994] — likely ???
Z: [-0.193, 0.198] — likely height

Hip  mean XYZ: [0.         0.32057488 0.        ]
Head mean XYZ: [-0.14265826  0.9668146  -0.18420231]

Difference (head - hip): [-0.14265826  0.6462397  -0.18420231]

Camera 0:
  Hip  XYZ: [0.    0.324 0.   ]
  Head XYZ: [-0.144  0.968 -0.183]
  X range: [-0.37, 0.59]
  Z range: [-0.19, 0.20]

Camera 1:
  Hip  XYZ: [0.    0.321 0.   ]
  Head XYZ: [-0.143  0.967 -0.184]
  X range: [-0.37, 0.59]
  Z range: [-0.19, 0.20]

Camera 2:
  Hip  XYZ: [0.    0.316 0.   ]
  Head XYZ: [-0.142  0.966 -0.185]
  X range: [-0.37, 0.59]
  Z range: [-0.19, 0.20]
✓ BZUDataset defined (regression only)
✓ Kipf GCN sanity check passed — output shape: torch.Size([2])
✓ Total trainable parameters: 681,485
✓ GCN_Regression (Kipf & Welling) defined
Device : cuda
GPU    : Tesla V100-PCIE-32GB
✓ centre_and_scale and run_epoch (regression) defined
=================================================================
Quality score distribution audit
=================================================================
  ✓ Saved → /mvdlph/masa/GCN_SingleView_Regression_Results/run_2026_05_09_09_57_29/plots/split_quality_distributions.png

Split    Type              n    mean     std    min    25%    50%    75%    max
----------------------------------------------------------------------
Train    Correct (T≤2)   6037   4.593   0.302   3.68   4.41   4.62   4.84   5.00
Train    Erroneous (T≥3)   3439   3.310   0.781   1.34   2.83   3.44   3.86   4.82

Val      Correct (T≤2)   1905   4.648   0.300   3.56   4.50   4.72   4.86   5.00
Val      Erroneous (T≥3)    885   3.337   0.601   2.28   2.85   3.20   3.80   4.72

Test     Correct (T≤2)   2015   4.491   0.417   3.40   4.20   4.58   4.80   5.00
Test     Erroneous (T≥3)   1091   3.183   0.535   2.14   2.74   3.22   3.54   4.38

=================================================================
Person distribution across splits
=================================================================
  Train : ['P0', 'P10', 'P14', 'P15', 'P2', 'P3', 'P4', 'P5', 'P7']
  Val   : ['P1', 'P11', 'P6']
  Test  : ['P12', 'P13', 'P8', 'P9']

Per-person quality mean per split:

  Train:
         mean    std  count
person                     
P0      4.509  0.341    857
P10     3.281  0.914   1499
P14     3.660  0.847   1354
P15     3.647  0.702   1412
P2      4.729  0.191    882
P3      4.594  0.221    864
P4      4.575  0.269    858
P5      4.663  0.261    880
P7      4.655  0.226    870

  Val:
         mean    std  count
person                     
P1      4.795  0.138    866
P11     3.523  0.699   1087
P6      4.570  0.280    837

  Test:
         mean    std  count
person                     
P12     3.148  0.661    668
P13     3.684  0.648    693
P8      4.603  0.324    872
P9      4.413  0.459    873

=================================================================
Exercise balance across splits
=================================================================
    Train  Val  Test  Train%  Val%  Test%
E0    961  326   464    10.1  11.7   14.9
E1    965  316   326    10.2  11.3   10.5
E2    829  295   258     8.7  10.6    8.3
E3    979  298   319    10.3  10.7   10.3
E4    970  322   286    10.2  11.5    9.2
E5    933  312   321     9.8  11.2   10.3
E6    954  302   314    10.1  10.8   10.1
E7    965  304   319    10.2  10.9   10.3
E8    903  181   317     9.5   6.5   10.2
E9   1017  134   182    10.7   4.8    5.9
✓ Plotting helpers (regression) defined
✓ EarlyStopping defined (monitoring MAE)
2026-05-09 09:58:00,731 | INFO | ======================================================================
2026-05-09 09:58:00,731 | INFO | STARTING REGRESSION TRAINING  (with Early Stopping on MAE)
2026-05-09 09:58:00,731 | INFO | ======================================================================
2026-05-09 09:58:00,732 | INFO | train=9476 val=2790 test=3106

════════════════════════════════════════════════════════════════════
  Camera CNone  |  Train: 9476  Val: 2790  Test: 3106
  Patience: 80  |  LR: 1e-4  |  Batch: 48
════════════════════════════════════════════════════════════════════
  Ep   1/300 | Tr loss=0.8601 mae=0.657 r2=-0.301 pcc=0.373 | Vl loss=0.3573 mae=0.402 r2=0.343 pcc=0.800 | ES 0/80 ★
2026-05-09 09:58:26,622 | INFO |   Ep   1/300 | Tr loss=0.8601 mae=0.657 r2=-0.301 pcc=0.373 | Vl loss=0.3573 mae=0.402 r2=0.343 pcc=0.800 | ES 0/80 ★
    ★ val_mae=0.4015  rmse=0.6003  r2=0.3425  pcc=0.8000
  Ep   2/300 | Tr loss=0.5956 mae=0.555 r2=0.096 pcc=0.576 | Vl loss=0.2620 mae=0.336 r2=0.518 pcc=0.830 | ES 0/80 ★
2026-05-09 09:58:52,621 | INFO |   Ep   2/300 | Tr loss=0.5956 mae=0.555 r2=0.096 pcc=0.576 | Vl loss=0.2620 mae=0.336 r2=0.518 pcc=0.830 | ES 0/80 ★
    ★ val_mae=0.3357  rmse=0.5143  r2=0.5175  pcc=0.8296
  Ep   3/300 | Tr loss=0.5176 mae=0.519 r2=0.215 pcc=0.617 | Vl loss=0.2184 mae=0.311 r2=0.598 pcc=0.824 | ES 0/80 ★
2026-05-09 09:59:18,308 | INFO |   Ep   3/300 | Tr loss=0.5176 mae=0.519 r2=0.215 pcc=0.617 | Vl loss=0.2184 mae=0.311 r2=0.598 pcc=0.824 | ES 0/80 ★
    ★ val_mae=0.3112  rmse=0.4695  r2=0.5979  pcc=0.8244
  Ep   4/300 | Tr loss=0.4867 mae=0.505 r2=0.263 pcc=0.631 | Vl loss=0.1886 mae=0.295 r2=0.653 pcc=0.826 | ES 0/80 ★
2026-05-09 09:59:43,796 | INFO |   Ep   4/300 | Tr loss=0.4867 mae=0.505 r2=0.263 pcc=0.631 | Vl loss=0.1886 mae=0.295 r2=0.653 pcc=0.826 | ES 0/80 ★
    ★ val_mae=0.2953  rmse=0.4363  r2=0.6527  pcc=0.8260
  Ep   5/300 | Tr loss=0.4389 mae=0.476 r2=0.335 pcc=0.654 | Vl loss=0.1908 mae=0.285 r2=0.648 pcc=0.825 | ES 0/80 ★
2026-05-09 10:00:09,704 | INFO |   Ep   5/300 | Tr loss=0.4389 mae=0.476 r2=0.335 pcc=0.654 | Vl loss=0.1908 mae=0.285 r2=0.648 pcc=0.825 | ES 0/80 ★
    ★ val_mae=0.2847  rmse=0.4395  r2=0.6476  pcc=0.8246
  Ep   6/300 | Tr loss=0.4068 mae=0.461 r2=0.383 pcc=0.672 | Vl loss=0.1920 mae=0.282 r2=0.645 pcc=0.826 | ES 0/80 ★
2026-05-09 10:00:35,060 | INFO |   Ep   6/300 | Tr loss=0.4068 mae=0.461 r2=0.383 pcc=0.672 | Vl loss=0.1920 mae=0.282 r2=0.645 pcc=0.826 | ES 0/80 ★
    ★ val_mae=0.2817  rmse=0.4412  r2=0.6448  pcc=0.8261
  Ep   7/300 | Tr loss=0.3898 mae=0.450 r2=0.409 pcc=0.680 | Vl loss=0.1966 mae=0.283 r2=0.636 pcc=0.834 | ES 1/80
2026-05-09 10:01:00,597 | INFO |   Ep   7/300 | Tr loss=0.3898 mae=0.450 r2=0.409 pcc=0.680 | Vl loss=0.1966 mae=0.283 r2=0.636 pcc=0.834 | ES 1/80
  Ep   8/300 | Tr loss=0.3818 mae=0.442 r2=0.421 pcc=0.683 | Vl loss=0.2006 mae=0.295 r2=0.629 pcc=0.827 | ES 2/80
2026-05-09 10:01:26,095 | INFO |   Ep   8/300 | Tr loss=0.3818 mae=0.442 r2=0.421 pcc=0.683 | Vl loss=0.2006 mae=0.295 r2=0.629 pcc=0.827 | ES 2/80
  Ep   9/300 | Tr loss=0.3644 mae=0.431 r2=0.447 pcc=0.693 | Vl loss=0.1859 mae=0.282 r2=0.656 pcc=0.838 | ES 3/80
2026-05-09 10:01:51,888 | INFO |   Ep   9/300 | Tr loss=0.3644 mae=0.431 r2=0.447 pcc=0.693 | Vl loss=0.1859 mae=0.282 r2=0.656 pcc=0.838 | ES 3/80
  Ep  10/300 | Tr loss=0.3605 mae=0.427 r2=0.453 pcc=0.693 | Vl loss=0.1979 mae=0.308 r2=0.634 pcc=0.833 | ES 4/80
2026-05-09 10:02:17,435 | INFO |   Ep  10/300 | Tr loss=0.3605 mae=0.427 r2=0.453 pcc=0.693 | Vl loss=0.1979 mae=0.308 r2=0.634 pcc=0.833 | ES 4/80
  Ep  11/300 | Tr loss=0.3464 mae=0.417 r2=0.474 pcc=0.704 | Vl loss=0.1995 mae=0.303 r2=0.631 pcc=0.830 | ES 5/80
2026-05-09 10:02:43,177 | INFO |   Ep  11/300 | Tr loss=0.3464 mae=0.417 r2=0.474 pcc=0.704 | Vl loss=0.1995 mae=0.303 r2=0.631 pcc=0.830 | ES 5/80
  Ep  12/300 | Tr loss=0.3405 mae=0.414 r2=0.484 pcc=0.709 | Vl loss=0.1977 mae=0.312 r2=0.634 pcc=0.836 | ES 6/80
2026-05-09 10:03:08,931 | INFO |   Ep  12/300 | Tr loss=0.3405 mae=0.414 r2=0.484 pcc=0.709 | Vl loss=0.1977 mae=0.312 r2=0.634 pcc=0.836 | ES 6/80
  Ep  13/300 | Tr loss=0.3407 mae=0.412 r2=0.484 pcc=0.708 | Vl loss=0.1982 mae=0.306 r2=0.633 pcc=0.839 | ES 7/80
2026-05-09 10:03:35,226 | INFO |   Ep  13/300 | Tr loss=0.3407 mae=0.412 r2=0.484 pcc=0.708 | Vl loss=0.1982 mae=0.306 r2=0.633 pcc=0.839 | ES 7/80
  Ep  14/300 | Tr loss=0.3365 mae=0.412 r2=0.490 pcc=0.711 | Vl loss=0.1970 mae=0.308 r2=0.635 pcc=0.834 | ES 8/80
2026-05-09 10:04:01,279 | INFO |   Ep  14/300 | Tr loss=0.3365 mae=0.412 r2=0.490 pcc=0.711 | Vl loss=0.1970 mae=0.308 r2=0.635 pcc=0.834 | ES 8/80
  Ep  15/300 | Tr loss=0.3291 mae=0.402 r2=0.501 pcc=0.716 | Vl loss=0.2113 mae=0.329 r2=0.609 pcc=0.837 | ES 9/80
2026-05-09 10:04:26,893 | INFO |   Ep  15/300 | Tr loss=0.3291 mae=0.402 r2=0.501 pcc=0.716 | Vl loss=0.2113 mae=0.329 r2=0.609 pcc=0.837 | ES 9/80
  Ep  16/300 | Tr loss=0.3266 mae=0.402 r2=0.506 pcc=0.718 | Vl loss=0.2120 mae=0.329 r2=0.607 pcc=0.836 | ES 10/80
2026-05-09 10:04:52,553 | INFO |   Ep  16/300 | Tr loss=0.3266 mae=0.402 r2=0.506 pcc=0.718 | Vl loss=0.2120 mae=0.329 r2=0.607 pcc=0.836 | ES 10/80
Epoch 00017: reducing learning rate of group 0 to 2.5000e-05.
  Ep  17/300 | Tr loss=0.3275 mae=0.402 r2=0.504 pcc=0.717 | Vl loss=0.2232 mae=0.341 r2=0.587 pcc=0.835 | ES 11/80
2026-05-09 10:05:18,242 | INFO |   Ep  17/300 | Tr loss=0.3275 mae=0.402 r2=0.504 pcc=0.717 | Vl loss=0.2232 mae=0.341 r2=0.587 pcc=0.835 | ES 11/80
  Ep  18/300 | Tr loss=0.3261 mae=0.399 r2=0.506 pcc=0.718 | Vl loss=0.2094 mae=0.332 r2=0.612 pcc=0.837 | ES 12/80
2026-05-09 10:05:43,691 | INFO |   Ep  18/300 | Tr loss=0.3261 mae=0.399 r2=0.506 pcc=0.718 | Vl loss=0.2094 mae=0.332 r2=0.612 pcc=0.837 | ES 12/80
  Ep  19/300 | Tr loss=0.3189 mae=0.395 r2=0.517 pcc=0.725 | Vl loss=0.2135 mae=0.336 r2=0.605 pcc=0.837 | ES 13/80
2026-05-09 10:06:09,125 | INFO |   Ep  19/300 | Tr loss=0.3189 mae=0.395 r2=0.517 pcc=0.725 | Vl loss=0.2135 mae=0.336 r2=0.605 pcc=0.837 | ES 13/80
  Ep  20/300 | Tr loss=0.3166 mae=0.395 r2=0.519 pcc=0.726 | Vl loss=0.2230 mae=0.345 r2=0.587 pcc=0.834 | ES 14/80
2026-05-09 10:06:34,681 | INFO |   Ep  20/300 | Tr loss=0.3166 mae=0.395 r2=0.519 pcc=0.726 | Vl loss=0.2230 mae=0.345 r2=0.587 pcc=0.834 | ES 14/80
  Ep  21/300 | Tr loss=0.3148 mae=0.393 r2=0.523 pcc=0.728 | Vl loss=0.2156 mae=0.337 r2=0.601 pcc=0.836 | ES 15/80
2026-05-09 10:07:00,088 | INFO |   Ep  21/300 | Tr loss=0.3148 mae=0.393 r2=0.523 pcc=0.728 | Vl loss=0.2156 mae=0.337 r2=0.601 pcc=0.836 | ES 15/80
  Ep  22/300 | Tr loss=0.3153 mae=0.394 r2=0.521 pcc=0.727 | Vl loss=0.2124 mae=0.333 r2=0.607 pcc=0.835 | ES 16/80
2026-05-09 10:07:25,719 | INFO |   Ep  22/300 | Tr loss=0.3153 mae=0.394 r2=0.521 pcc=0.727 | Vl loss=0.2124 mae=0.333 r2=0.607 pcc=0.835 | ES 16/80
  Ep  23/300 | Tr loss=0.3166 mae=0.393 r2=0.520 pcc=0.726 | Vl loss=0.2075 mae=0.332 r2=0.616 pcc=0.837 | ES 17/80
2026-05-09 10:07:51,073 | INFO |   Ep  23/300 | Tr loss=0.3166 mae=0.393 r2=0.520 pcc=0.726 | Vl loss=0.2075 mae=0.332 r2=0.616 pcc=0.837 | ES 17/80
  Ep  24/300 | Tr loss=0.3133 mae=0.391 r2=0.524 pcc=0.729 | Vl loss=0.2088 mae=0.331 r2=0.614 pcc=0.837 | ES 18/80
2026-05-09 10:08:16,734 | INFO |   Ep  24/300 | Tr loss=0.3133 mae=0.391 r2=0.524 pcc=0.729 | Vl loss=0.2088 mae=0.331 r2=0.614 pcc=0.837 | ES 18/80
  Ep  25/300 | Tr loss=0.3165 mae=0.390 r2=0.520 pcc=0.726 | Vl loss=0.2120 mae=0.336 r2=0.608 pcc=0.838 | ES 19/80
2026-05-09 10:08:42,770 | INFO |   Ep  25/300 | Tr loss=0.3165 mae=0.390 r2=0.520 pcc=0.726 | Vl loss=0.2120 mae=0.336 r2=0.608 pcc=0.838 | ES 19/80
  Ep  26/300 | Tr loss=0.3103 mae=0.386 r2=0.530 pcc=0.731 | Vl loss=0.2065 mae=0.328 r2=0.618 pcc=0.841 | ES 20/80
2026-05-09 10:09:08,280 | INFO |   Ep  26/300 | Tr loss=0.3103 mae=0.386 r2=0.530 pcc=0.731 | Vl loss=0.2065 mae=0.328 r2=0.618 pcc=0.841 | ES 20/80
  Ep  27/300 | Tr loss=0.3149 mae=0.389 r2=0.523 pcc=0.727 | Vl loss=0.2013 mae=0.321 r2=0.627 pcc=0.842 | ES 21/80
2026-05-09 10:09:34,154 | INFO |   Ep  27/300 | Tr loss=0.3149 mae=0.389 r2=0.523 pcc=0.727 | Vl loss=0.2013 mae=0.321 r2=0.627 pcc=0.842 | ES 21/80
Epoch 00028: reducing learning rate of group 0 to 1.2500e-05.
  Ep  28/300 | Tr loss=0.3068 mae=0.383 r2=0.535 pcc=0.735 | Vl loss=0.2034 mae=0.324 r2=0.624 pcc=0.842 | ES 22/80
2026-05-09 10:09:59,536 | INFO |   Ep  28/300 | Tr loss=0.3068 mae=0.383 r2=0.535 pcc=0.735 | Vl loss=0.2034 mae=0.324 r2=0.624 pcc=0.842 | ES 22/80
  Ep  29/300 | Tr loss=0.3095 mae=0.386 r2=0.531 pcc=0.733 | Vl loss=0.2029 mae=0.323 r2=0.624 pcc=0.842 | ES 23/80
2026-05-09 10:10:24,833 | INFO |   Ep  29/300 | Tr loss=0.3095 mae=0.386 r2=0.531 pcc=0.733 | Vl loss=0.2029 mae=0.323 r2=0.624 pcc=0.842 | ES 23/80
  Ep  30/300 | Tr loss=0.3093 mae=0.384 r2=0.531 pcc=0.733 | Vl loss=0.2037 mae=0.324 r2=0.623 pcc=0.842 | ES 24/80
2026-05-09 10:10:50,290 | INFO |   Ep  30/300 | Tr loss=0.3093 mae=0.384 r2=0.531 pcc=0.733 | Vl loss=0.2037 mae=0.324 r2=0.623 pcc=0.842 | ES 24/80
  Ep  31/300 | Tr loss=0.3033 mae=0.382 r2=0.540 pcc=0.738 | Vl loss=0.1988 mae=0.321 r2=0.632 pcc=0.844 | ES 25/80
2026-05-09 10:11:15,674 | INFO |   Ep  31/300 | Tr loss=0.3033 mae=0.382 r2=0.540 pcc=0.738 | Vl loss=0.1988 mae=0.321 r2=0.632 pcc=0.844 | ES 25/80
  Ep  32/300 | Tr loss=0.3094 mae=0.385 r2=0.531 pcc=0.732 | Vl loss=0.2018 mae=0.323 r2=0.627 pcc=0.842 | ES 26/80
2026-05-09 10:11:41,048 | INFO |   Ep  32/300 | Tr loss=0.3094 mae=0.385 r2=0.531 pcc=0.732 | Vl loss=0.2018 mae=0.323 r2=0.627 pcc=0.842 | ES 26/80
  Ep  33/300 | Tr loss=0.2996 mae=0.380 r2=0.545 pcc=0.741 | Vl loss=0.2018 mae=0.322 r2=0.627 pcc=0.843 | ES 27/80
2026-05-09 10:12:06,792 | INFO |   Ep  33/300 | Tr loss=0.2996 mae=0.380 r2=0.545 pcc=0.741 | Vl loss=0.2018 mae=0.322 r2=0.627 pcc=0.843 | ES 27/80
  Ep  34/300 | Tr loss=0.3080 mae=0.385 r2=0.533 pcc=0.734 | Vl loss=0.2051 mae=0.325 r2=0.620 pcc=0.841 | ES 28/80
2026-05-09 10:12:32,213 | INFO |   Ep  34/300 | Tr loss=0.3080 mae=0.385 r2=0.533 pcc=0.734 | Vl loss=0.2051 mae=0.325 r2=0.620 pcc=0.841 | ES 28/80
  Ep  35/300 | Tr loss=0.3018 mae=0.381 r2=0.542 pcc=0.739 | Vl loss=0.2087 mae=0.329 r2=0.614 pcc=0.841 | ES 29/80
2026-05-09 10:12:57,623 | INFO |   Ep  35/300 | Tr loss=0.3018 mae=0.381 r2=0.542 pcc=0.739 | Vl loss=0.2087 mae=0.329 r2=0.614 pcc=0.841 | ES 29/80
  Ep  36/300 | Tr loss=0.3041 mae=0.383 r2=0.538 pcc=0.737 | Vl loss=0.2017 mae=0.322 r2=0.627 pcc=0.842 | ES 30/80
2026-05-09 10:13:23,149 | INFO |   Ep  36/300 | Tr loss=0.3041 mae=0.383 r2=0.538 pcc=0.737 | Vl loss=0.2017 mae=0.322 r2=0.627 pcc=0.842 | ES 30/80
  Ep  37/300 | Tr loss=0.3033 mae=0.382 r2=0.540 pcc=0.738 | Vl loss=0.2065 mae=0.330 r2=0.618 pcc=0.840 | ES 31/80
2026-05-09 10:13:48,985 | INFO |   Ep  37/300 | Tr loss=0.3033 mae=0.382 r2=0.540 pcc=0.738 | Vl loss=0.2065 mae=0.330 r2=0.618 pcc=0.840 | ES 31/80
  Ep  38/300 | Tr loss=0.3041 mae=0.381 r2=0.539 pcc=0.737 | Vl loss=0.2035 mae=0.327 r2=0.623 pcc=0.842 | ES 32/80
2026-05-09 10:14:14,502 | INFO |   Ep  38/300 | Tr loss=0.3041 mae=0.381 r2=0.539 pcc=0.737 | Vl loss=0.2035 mae=0.327 r2=0.623 pcc=0.842 | ES 32/80
Epoch 00039: reducing learning rate of group 0 to 6.2500e-06.
  Ep  39/300 | Tr loss=0.3064 mae=0.382 r2=0.536 pcc=0.735 | Vl loss=0.1993 mae=0.322 r2=0.631 pcc=0.841 | ES 33/80
2026-05-09 10:14:40,020 | INFO |   Ep  39/300 | Tr loss=0.3064 mae=0.382 r2=0.536 pcc=0.735 | Vl loss=0.1993 mae=0.322 r2=0.631 pcc=0.841 | ES 33/80
  Ep  40/300 | Tr loss=0.3020 mae=0.379 r2=0.542 pcc=0.739 | Vl loss=0.2017 mae=0.324 r2=0.627 pcc=0.841 | ES 34/80
2026-05-09 10:15:05,609 | INFO |   Ep  40/300 | Tr loss=0.3020 mae=0.379 r2=0.542 pcc=0.739 | Vl loss=0.2017 mae=0.324 r2=0.627 pcc=0.841 | ES 34/80
  Ep  41/300 | Tr loss=0.3018 mae=0.379 r2=0.543 pcc=0.739 | Vl loss=0.2028 mae=0.325 r2=0.625 pcc=0.842 | ES 35/80
2026-05-09 10:15:31,148 | INFO |   Ep  41/300 | Tr loss=0.3018 mae=0.379 r2=0.543 pcc=0.739 | Vl loss=0.2028 mae=0.325 r2=0.625 pcc=0.842 | ES 35/80
  Ep  42/300 | Tr loss=0.3065 mae=0.381 r2=0.536 pcc=0.735 | Vl loss=0.2033 mae=0.325 r2=0.624 pcc=0.841 | ES 36/80
2026-05-09 10:15:56,730 | INFO |   Ep  42/300 | Tr loss=0.3065 mae=0.381 r2=0.536 pcc=0.735 | Vl loss=0.2033 mae=0.325 r2=0.624 pcc=0.841 | ES 36/80
  Ep  43/300 | Tr loss=0.3054 mae=0.381 r2=0.537 pcc=0.736 | Vl loss=0.2060 mae=0.329 r2=0.619 pcc=0.840 | ES 37/80
2026-05-09 10:16:22,312 | INFO |   Ep  43/300 | Tr loss=0.3054 mae=0.381 r2=0.537 pcc=0.736 | Vl loss=0.2060 mae=0.329 r2=0.619 pcc=0.840 | ES 37/80
  Ep  44/300 | Tr loss=0.3030 mae=0.380 r2=0.540 pcc=0.738 | Vl loss=0.1995 mae=0.322 r2=0.631 pcc=0.842 | ES 38/80
2026-05-09 10:16:47,831 | INFO |   Ep  44/300 | Tr loss=0.3030 mae=0.380 r2=0.540 pcc=0.738 | Vl loss=0.1995 mae=0.322 r2=0.631 pcc=0.842 | ES 38/80
  Ep  45/300 | Tr loss=0.3022 mae=0.381 r2=0.542 pcc=0.739 | Vl loss=0.2031 mae=0.325 r2=0.624 pcc=0.841 | ES 39/80
2026-05-09 10:17:13,387 | INFO |   Ep  45/300 | Tr loss=0.3022 mae=0.381 r2=0.542 pcc=0.739 | Vl loss=0.2031 mae=0.325 r2=0.624 pcc=0.841 | ES 39/80
  Ep  46/300 | Tr loss=0.3032 mae=0.380 r2=0.540 pcc=0.738 | Vl loss=0.2019 mae=0.324 r2=0.626 pcc=0.842 | ES 40/80
2026-05-09 10:17:39,092 | INFO |   Ep  46/300 | Tr loss=0.3032 mae=0.380 r2=0.540 pcc=0.738 | Vl loss=0.2019 mae=0.324 r2=0.626 pcc=0.842 | ES 40/80
  Ep  47/300 | Tr loss=0.3027 mae=0.381 r2=0.541 pcc=0.738 | Vl loss=0.2053 mae=0.327 r2=0.620 pcc=0.841 | ES 41/80
2026-05-09 10:18:04,814 | INFO |   Ep  47/300 | Tr loss=0.3027 mae=0.381 r2=0.541 pcc=0.738 | Vl loss=0.2053 mae=0.327 r2=0.620 pcc=0.841 | ES 41/80
  Ep  48/300 | Tr loss=0.3013 mae=0.380 r2=0.544 pcc=0.740 | Vl loss=0.2040 mae=0.326 r2=0.622 pcc=0.841 | ES 42/80
2026-05-09 10:18:30,995 | INFO |   Ep  48/300 | Tr loss=0.3013 mae=0.380 r2=0.544 pcc=0.740 | Vl loss=0.2040 mae=0.326 r2=0.622 pcc=0.841 | ES 42/80
  Ep  49/300 | Tr loss=0.2991 mae=0.377 r2=0.546 pcc=0.742 | Vl loss=0.2022 mae=0.324 r2=0.626 pcc=0.841 | ES 43/80
2026-05-09 10:18:56,578 | INFO |   Ep  49/300 | Tr loss=0.2991 mae=0.377 r2=0.546 pcc=0.742 | Vl loss=0.2022 mae=0.324 r2=0.626 pcc=0.841 | ES 43/80
Epoch 00050: reducing learning rate of group 0 to 3.1250e-06.
  Ep  50/300 | Tr loss=0.3019 mae=0.378 r2=0.542 pcc=0.739 | Vl loss=0.2073 mae=0.330 r2=0.616 pcc=0.840 | ES 44/80
2026-05-09 10:19:22,153 | INFO |   Ep  50/300 | Tr loss=0.3019 mae=0.378 r2=0.542 pcc=0.739 | Vl loss=0.2073 mae=0.330 r2=0.616 pcc=0.840 | ES 44/80
  Ep  51/300 | Tr loss=0.2986 mae=0.378 r2=0.547 pcc=0.741 | Vl loss=0.2088 mae=0.331 r2=0.614 pcc=0.840 | ES 45/80
2026-05-09 10:19:47,915 | INFO |   Ep  51/300 | Tr loss=0.2986 mae=0.378 r2=0.547 pcc=0.741 | Vl loss=0.2088 mae=0.331 r2=0.614 pcc=0.840 | ES 45/80
  Ep  52/300 | Tr loss=0.2993 mae=0.378 r2=0.547 pcc=0.742 | Vl loss=0.2042 mae=0.326 r2=0.622 pcc=0.842 | ES 46/80
2026-05-09 10:20:13,468 | INFO |   Ep  52/300 | Tr loss=0.2993 mae=0.378 r2=0.547 pcc=0.742 | Vl loss=0.2042 mae=0.326 r2=0.622 pcc=0.842 | ES 46/80
  Ep  53/300 | Tr loss=0.3016 mae=0.378 r2=0.543 pcc=0.739 | Vl loss=0.2055 mae=0.327 r2=0.620 pcc=0.842 | ES 47/80
2026-05-09 10:20:38,911 | INFO |   Ep  53/300 | Tr loss=0.3016 mae=0.378 r2=0.543 pcc=0.739 | Vl loss=0.2055 mae=0.327 r2=0.620 pcc=0.842 | ES 47/80
  Ep  54/300 | Tr loss=0.3024 mae=0.380 r2=0.541 pcc=0.738 | Vl loss=0.2060 mae=0.327 r2=0.619 pcc=0.841 | ES 48/80
2026-05-09 10:21:04,449 | INFO |   Ep  54/300 | Tr loss=0.3024 mae=0.380 r2=0.541 pcc=0.738 | Vl loss=0.2060 mae=0.327 r2=0.619 pcc=0.841 | ES 48/80
  Ep  55/300 | Tr loss=0.2998 mae=0.377 r2=0.545 pcc=0.741 | Vl loss=0.2038 mae=0.325 r2=0.623 pcc=0.842 | ES 49/80
2026-05-09 10:21:30,184 | INFO |   Ep  55/300 | Tr loss=0.2998 mae=0.377 r2=0.545 pcc=0.741 | Vl loss=0.2038 mae=0.325 r2=0.623 pcc=0.842 | ES 49/80
  Ep  56/300 | Tr loss=0.3027 mae=0.379 r2=0.540 pcc=0.738 | Vl loss=0.2036 mae=0.325 r2=0.623 pcc=0.842 | ES 50/80
2026-05-09 10:21:55,690 | INFO |   Ep  56/300 | Tr loss=0.3027 mae=0.379 r2=0.540 pcc=0.738 | Vl loss=0.2036 mae=0.325 r2=0.623 pcc=0.842 | ES 50/80
  Ep  57/300 | Tr loss=0.2973 mae=0.376 r2=0.549 pcc=0.743 | Vl loss=0.2054 mae=0.327 r2=0.620 pcc=0.842 | ES 51/80
2026-05-09 10:22:21,446 | INFO |   Ep  57/300 | Tr loss=0.2973 mae=0.376 r2=0.549 pcc=0.743 | Vl loss=0.2054 mae=0.327 r2=0.620 pcc=0.842 | ES 51/80
  Ep  58/300 | Tr loss=0.2989 mae=0.378 r2=0.548 pcc=0.742 | Vl loss=0.2029 mae=0.324 r2=0.625 pcc=0.843 | ES 52/80
2026-05-09 10:22:47,094 | INFO |   Ep  58/300 | Tr loss=0.2989 mae=0.378 r2=0.548 pcc=0.742 | Vl loss=0.2029 mae=0.324 r2=0.625 pcc=0.843 | ES 52/80
  Ep  59/300 | Tr loss=0.2966 mae=0.377 r2=0.551 pcc=0.744 | Vl loss=0.2061 mae=0.328 r2=0.619 pcc=0.842 | ES 53/80
2026-05-09 10:23:12,611 | INFO |   Ep  59/300 | Tr loss=0.2966 mae=0.377 r2=0.551 pcc=0.744 | Vl loss=0.2061 mae=0.328 r2=0.619 pcc=0.842 | ES 53/80
  Ep  60/300 | Tr loss=0.2999 mae=0.376 r2=0.545 pcc=0.740 | Vl loss=0.2045 mae=0.326 r2=0.622 pcc=0.843 | ES 54/80
2026-05-09 10:23:38,252 | INFO |   Ep  60/300 | Tr loss=0.2999 mae=0.376 r2=0.545 pcc=0.740 | Vl loss=0.2045 mae=0.326 r2=0.622 pcc=0.843 | ES 54/80
Epoch 00061: reducing learning rate of group 0 to 1.5625e-06.
  Ep  61/300 | Tr loss=0.3027 mae=0.378 r2=0.542 pcc=0.738 | Vl loss=0.2027 mae=0.325 r2=0.625 pcc=0.843 | ES 55/80
2026-05-09 10:24:03,908 | INFO |   Ep  61/300 | Tr loss=0.3027 mae=0.378 r2=0.542 pcc=0.738 | Vl loss=0.2027 mae=0.325 r2=0.625 pcc=0.843 | ES 55/80
  Ep  62/300 | Tr loss=0.2968 mae=0.377 r2=0.550 pcc=0.743 | Vl loss=0.2060 mae=0.328 r2=0.619 pcc=0.842 | ES 56/80
2026-05-09 10:24:29,559 | INFO |   Ep  62/300 | Tr loss=0.2968 mae=0.377 r2=0.550 pcc=0.743 | Vl loss=0.2060 mae=0.328 r2=0.619 pcc=0.842 | ES 56/80
  Ep  63/300 | Tr loss=0.2981 mae=0.378 r2=0.549 pcc=0.743 | Vl loss=0.2040 mae=0.326 r2=0.623 pcc=0.843 | ES 57/80
2026-05-09 10:24:55,042 | INFO |   Ep  63/300 | Tr loss=0.2981 mae=0.378 r2=0.549 pcc=0.743 | Vl loss=0.2040 mae=0.326 r2=0.623 pcc=0.843 | ES 57/80
  Ep  64/300 | Tr loss=0.2978 mae=0.376 r2=0.549 pcc=0.744 | Vl loss=0.2036 mae=0.325 r2=0.623 pcc=0.843 | ES 58/80
2026-05-09 10:25:20,660 | INFO |   Ep  64/300 | Tr loss=0.2978 mae=0.376 r2=0.549 pcc=0.744 | Vl loss=0.2036 mae=0.325 r2=0.623 pcc=0.843 | ES 58/80
  Ep  65/300 | Tr loss=0.3024 mae=0.378 r2=0.541 pcc=0.738 | Vl loss=0.2044 mae=0.326 r2=0.622 pcc=0.843 | ES 59/80
2026-05-09 10:25:46,383 | INFO |   Ep  65/300 | Tr loss=0.3024 mae=0.378 r2=0.541 pcc=0.738 | Vl loss=0.2044 mae=0.326 r2=0.622 pcc=0.843 | ES 59/80
  Ep  66/300 | Tr loss=0.2991 mae=0.377 r2=0.546 pcc=0.741 | Vl loss=0.2035 mae=0.325 r2=0.623 pcc=0.843 | ES 60/80
2026-05-09 10:26:11,877 | INFO |   Ep  66/300 | Tr loss=0.2991 mae=0.377 r2=0.546 pcc=0.741 | Vl loss=0.2035 mae=0.325 r2=0.623 pcc=0.843 | ES 60/80
  Ep  67/300 | Tr loss=0.2986 mae=0.376 r2=0.548 pcc=0.742 | Vl loss=0.2011 mae=0.323 r2=0.628 pcc=0.844 | ES 61/80
2026-05-09 10:26:37,418 | INFO |   Ep  67/300 | Tr loss=0.2986 mae=0.376 r2=0.548 pcc=0.742 | Vl loss=0.2011 mae=0.323 r2=0.628 pcc=0.844 | ES 61/80
  Ep  68/300 | Tr loss=0.2997 mae=0.377 r2=0.546 pcc=0.741 | Vl loss=0.2050 mae=0.327 r2=0.621 pcc=0.842 | ES 62/80
2026-05-09 10:27:02,842 | INFO |   Ep  68/300 | Tr loss=0.2997 mae=0.377 r2=0.546 pcc=0.741 | Vl loss=0.2050 mae=0.327 r2=0.621 pcc=0.842 | ES 62/80
  Ep  69/300 | Tr loss=0.2975 mae=0.375 r2=0.550 pcc=0.743 | Vl loss=0.2017 mae=0.324 r2=0.627 pcc=0.843 | ES 63/80
2026-05-09 10:27:28,549 | INFO |   Ep  69/300 | Tr loss=0.2975 mae=0.375 r2=0.550 pcc=0.743 | Vl loss=0.2017 mae=0.324 r2=0.627 pcc=0.843 | ES 63/80
  Ep  70/300 | Tr loss=0.2987 mae=0.377 r2=0.547 pcc=0.742 | Vl loss=0.2032 mae=0.325 r2=0.624 pcc=0.843 | ES 64/80
2026-05-09 10:27:54,074 | INFO |   Ep  70/300 | Tr loss=0.2987 mae=0.377 r2=0.547 pcc=0.742 | Vl loss=0.2032 mae=0.325 r2=0.624 pcc=0.843 | ES 64/80
  Ep  71/300 | Tr loss=0.2964 mae=0.374 r2=0.551 pcc=0.744 | Vl loss=0.2045 mae=0.326 r2=0.622 pcc=0.843 | ES 65/80
2026-05-09 10:28:19,605 | INFO |   Ep  71/300 | Tr loss=0.2964 mae=0.374 r2=0.551 pcc=0.744 | Vl loss=0.2045 mae=0.326 r2=0.622 pcc=0.843 | ES 65/80
Epoch 00072: reducing learning rate of group 0 to 1.0000e-06.
  Ep  72/300 | Tr loss=0.3023 mae=0.380 r2=0.541 pcc=0.738 | Vl loss=0.2034 mae=0.325 r2=0.624 pcc=0.843 | ES 66/80
2026-05-09 10:28:45,274 | INFO |   Ep  72/300 | Tr loss=0.3023 mae=0.380 r2=0.541 pcc=0.738 | Vl loss=0.2034 mae=0.325 r2=0.624 pcc=0.843 | ES 66/80
  Ep  73/300 | Tr loss=0.3004 mae=0.377 r2=0.544 pcc=0.740 | Vl loss=0.2043 mae=0.326 r2=0.622 pcc=0.843 | ES 67/80
2026-05-09 10:29:10,765 | INFO |   Ep  73/300 | Tr loss=0.3004 mae=0.377 r2=0.544 pcc=0.740 | Vl loss=0.2043 mae=0.326 r2=0.622 pcc=0.843 | ES 67/80
  Ep  74/300 | Tr loss=0.2940 mae=0.373 r2=0.554 pcc=0.746 | Vl loss=0.2013 mae=0.323 r2=0.627 pcc=0.844 | ES 68/80
2026-05-09 10:29:36,176 | INFO |   Ep  74/300 | Tr loss=0.2940 mae=0.373 r2=0.554 pcc=0.746 | Vl loss=0.2013 mae=0.323 r2=0.627 pcc=0.844 | ES 68/80
  Ep  75/300 | Tr loss=0.2998 mae=0.377 r2=0.545 pcc=0.741 | Vl loss=0.2022 mae=0.324 r2=0.626 pcc=0.844 | ES 69/80
2026-05-09 10:30:01,796 | INFO |   Ep  75/300 | Tr loss=0.2998 mae=0.377 r2=0.545 pcc=0.741 | Vl loss=0.2022 mae=0.324 r2=0.626 pcc=0.844 | ES 69/80
  Ep  76/300 | Tr loss=0.3004 mae=0.379 r2=0.545 pcc=0.741 | Vl loss=0.2005 mae=0.322 r2=0.629 pcc=0.844 | ES 70/80
2026-05-09 10:30:27,172 | INFO |   Ep  76/300 | Tr loss=0.3004 mae=0.379 r2=0.545 pcc=0.741 | Vl loss=0.2005 mae=0.322 r2=0.629 pcc=0.844 | ES 70/80
  Ep  77/300 | Tr loss=0.2979 mae=0.376 r2=0.548 pcc=0.743 | Vl loss=0.2044 mae=0.326 r2=0.622 pcc=0.843 | ES 71/80
2026-05-09 10:30:52,648 | INFO |   Ep  77/300 | Tr loss=0.2979 mae=0.376 r2=0.548 pcc=0.743 | Vl loss=0.2044 mae=0.326 r2=0.622 pcc=0.843 | ES 71/80
  Ep  78/300 | Tr loss=0.3035 mae=0.380 r2=0.540 pcc=0.737 | Vl loss=0.2055 mae=0.327 r2=0.620 pcc=0.843 | ES 72/80
2026-05-09 10:31:18,136 | INFO |   Ep  78/300 | Tr loss=0.3035 mae=0.380 r2=0.540 pcc=0.737 | Vl loss=0.2055 mae=0.327 r2=0.620 pcc=0.843 | ES 72/80
  Ep  79/300 | Tr loss=0.2991 mae=0.378 r2=0.546 pcc=0.742 | Vl loss=0.2042 mae=0.326 r2=0.622 pcc=0.843 | ES 73/80
2026-05-09 10:31:43,783 | INFO |   Ep  79/300 | Tr loss=0.2991 mae=0.378 r2=0.546 pcc=0.742 | Vl loss=0.2042 mae=0.326 r2=0.622 pcc=0.843 | ES 73/80
  Ep  80/300 | Tr loss=0.2999 mae=0.378 r2=0.546 pcc=0.741 | Vl loss=0.2028 mae=0.324 r2=0.625 pcc=0.843 | ES 74/80
2026-05-09 10:32:09,314 | INFO |   Ep  80/300 | Tr loss=0.2999 mae=0.378 r2=0.546 pcc=0.741 | Vl loss=0.2028 mae=0.324 r2=0.625 pcc=0.843 | ES 74/80
  Ep  81/300 | Tr loss=0.2967 mae=0.375 r2=0.550 pcc=0.744 | Vl loss=0.2022 mae=0.323 r2=0.626 pcc=0.843 | ES 75/80
2026-05-09 10:32:34,814 | INFO |   Ep  81/300 | Tr loss=0.2967 mae=0.375 r2=0.550 pcc=0.744 | Vl loss=0.2022 mae=0.323 r2=0.626 pcc=0.843 | ES 75/80
  Ep  82/300 | Tr loss=0.2960 mae=0.377 r2=0.551 pcc=0.744 | Vl loss=0.2019 mae=0.323 r2=0.626 pcc=0.844 | ES 76/80
2026-05-09 10:33:00,419 | INFO |   Ep  82/300 | Tr loss=0.2960 mae=0.377 r2=0.551 pcc=0.744 | Vl loss=0.2019 mae=0.323 r2=0.626 pcc=0.844 | ES 76/80
  Ep  83/300 | Tr loss=0.2954 mae=0.374 r2=0.552 pcc=0.745 | Vl loss=0.2035 mae=0.325 r2=0.623 pcc=0.843 | ES 77/80
2026-05-09 10:33:25,880 | INFO |   Ep  83/300 | Tr loss=0.2954 mae=0.374 r2=0.552 pcc=0.745 | Vl loss=0.2035 mae=0.325 r2=0.623 pcc=0.843 | ES 77/80
  Ep  84/300 | Tr loss=0.3000 mae=0.377 r2=0.545 pcc=0.741 | Vl loss=0.2046 mae=0.326 r2=0.621 pcc=0.843 | ES 78/80
2026-05-09 10:33:51,372 | INFO |   Ep  84/300 | Tr loss=0.3000 mae=0.377 r2=0.545 pcc=0.741 | Vl loss=0.2046 mae=0.326 r2=0.621 pcc=0.843 | ES 78/80
  Ep  85/300 | Tr loss=0.2965 mae=0.377 r2=0.551 pcc=0.744 | Vl loss=0.2050 mae=0.327 r2=0.621 pcc=0.843 | ES 79/80
2026-05-09 10:34:16,672 | INFO |   Ep  85/300 | Tr loss=0.2965 mae=0.377 r2=0.551 pcc=0.744 | Vl loss=0.2050 mae=0.327 r2=0.621 pcc=0.843 | ES 79/80
  Ep  86/300 | Tr loss=0.2968 mae=0.375 r2=0.550 pcc=0.744 | Vl loss=0.2023 mae=0.324 r2=0.626 pcc=0.844 | ES 80/80
2026-05-09 10:34:41,936 | INFO |   Ep  86/300 | Tr loss=0.2968 mae=0.375 r2=0.550 pcc=0.744 | Vl loss=0.2023 mae=0.324 r2=0.626 pcc=0.844 | ES 80/80

  ⏹  Early stopping at epoch 86 (best=6)
2026-05-09 10:34:41,936 | INFO | Early stopping at epoch 86 best=6

✓ Training complete!

  ── Final Test Results (best epoch = 6) ──────────────────
  Loss : 0.2860
  RMSE : 0.5352
  MAE  : 0.4015
  R²   : 0.5252
  ✓ Saved → /mvdlph/masa/GCN_SingleView_Regression_Results/run_2026_05_09_09_57_29/plots/loss_curve.png
  ✓ Saved → /mvdlph/masa/GCN_SingleView_Regression_Results/run_2026_05_09_09_57_29/plots/rmse_mae.png
  ✓ Saved → /mvdlph/masa/GCN_SingleView_Regression_Results/run_2026_05_09_09_57_29/plots/r2_curve.png
  ✓ Saved → /mvdlph/masa/GCN_SingleView_Regression_Results/run_2026_05_09_09_57_29/plots/pcc_curve.png
  ✓ Saved → /mvdlph/masa/GCN_SingleView_Regression_Results/run_2026_05_09_09_57_29/plots/regression_scatter_test.png
  ✓ Saved → /mvdlph/masa/GCN_SingleView_Regression_Results/run_2026_05_09_09_57_29/plots/early_stopping.png
  ✓ History → /mvdlph/masa/GCN_SingleView_Regression_Results/run_2026_05_09_09_57_29/logs/training_history.json
============================================================
DIAGNOSTIC 1: Per-exercise skeleton variance (C0)
============================================================
  Exercise      X-var      Y-var      Z-var  Z/X ratio
-------------------------------------------------------
        E0     0.0455     0.0698     0.0091      0.200
        E1     0.0456     0.0689     0.0094      0.207
        E2     0.0461     0.0698     0.0090      0.196
        E3     0.0483     0.0700     0.0095      0.196
        E4     0.0441     0.0676     0.0092      0.209
        E5     0.0519     0.0721     0.0101      0.194
        E6     0.0441     0.0721     0.0099      0.225
        E7     0.0453     0.0685     0.0093      0.205
        E8     0.0532     0.0713     0.0097      0.182
        E9     0.0485     0.0706     0.0090      0.186

============================================================
DIAGNOSTIC 2: Quality score distribution per split
============================================================
 Train: mean=4.127 std=0.812 min=1.34 max=5.00 | correct=6037 erroneous=3439
   Val: mean=4.232 std=0.741 min=2.28 max=5.00 | correct=1905 erroneous=885
  Test: mean=4.032 std=0.777 min=2.14 max=5.00 | correct=2015 erroneous=1091
========================================================================
  Exercise         n      MAE     RMSE       R²      PCC
────────────────────────────────────────────────────────────────────────
  E0             464   0.3557   0.4496   0.6700   0.8583
  E1             326   0.3636   0.5031   0.6307   0.8929
  E2             258   0.2801   0.3719   0.8008   0.8973
  E3             319   0.7485   0.8119  -0.4526   0.4346
  E4             286   0.5824   0.6280   0.3109   0.8166
  E5             321   0.4149   0.4953   0.2315   0.6782
  E6             314   0.1820   0.3531   0.7083   0.8510
  E7             319   0.4861   0.6574  -0.5127   0.3713
  E8             317   0.2889   0.5003   0.6116   0.7995
  E9             182   0.2678   0.3270  -2.1810  -0.0018
────────────────────────────────────────────────────────────────────────
  Overall       3106   0.4015   0.5352   0.5252   0.7626
========================================================================

  ✓ Per-exercise CSV → /mvdlph/masa/GCN_SingleView_Regression_Results/run_2026_05_09_09_57_29/logs/per_exercise_metrics.csv
  ✓ Per-exercise scatter grid → /mvdlph/masa/GCN_SingleView_Regression_Results/run_2026_05_09_09_57_29/plots/per_exercise_scatter.png
  ✓ Per-exercise bar chart → /mvdlph/masa/GCN_SingleView_Regression_Results/run_2026_05_09_09_57_29/plots/per_exercise_bar.png
============================================================
  TRAINING SUMMARY — ST-GCN Regression (Single View)
============================================================
  Best Epoch       : 6  (stopped at 86)
  Best Val MAE     : 0.2817
  Best Val RMSE    : 0.4412
  Best Val R²      : 0.6448
  Best Val PCC     : 0.8261
────────────────────────────────────────────────────────────
  Test MAE         : 0.4015
  Test RMSE        : 0.5352
  Test R²          : 0.5252
  Test PCC         : 0.7626
============================================================
2026-05-09 10:34:56,329 | INFO | Best Epoch=6  stopped_epoch=86
2026-05-09 10:34:56,329 | INFO | Test MAE=0.4015
2026-05-09 10:34:56,329 | INFO | Test RMSE=0.5352
2026-05-09 10:34:56,330 | INFO | Test R²=0.5252
2026-05-09 10:34:56,330 | INFO | Test PCC=0.7626

✓ Summary CSV (overall + per-exercise) → /mvdlph/masa/GCN_SingleView_Regression_Results/training_summary.csv
