✓ stdout → also writing to /mvdlph/masa/GCN_SingleView_Regression_Results/run_2026_05_07_21_31_40/logs/training_20260507_213140.log
2026-05-07 21:31:40,754 | INFO | ======================================================================
2026-05-07 21:31:40,754 | INFO | ST-GCN Single-View Regression | BZU Physiotherapy Dataset
2026-05-07 21:31:40,755 | INFO | Camera : CNone  |  Split : 70/15/15  |  Epochs : 300  |  Patience : 80
2026-05-07 21:31:40,755 | INFO | Log file : /mvdlph/masa/GCN_SingleView_Regression_Results/run_2026_05_07_21_31_40/logs/training_20260507_213140.log
2026-05-07 21:31:40,755 | INFO | ======================================================================
✓ parse_filename and load_skeleton defined
NPZ files found (all cameras) : 15375

✓ Total samples  (CNone) : 15375
✓ Unique trials              : 534
✓ Quality mean ± std         : 4.126 ± 0.795

✓ Exercise distribution:
0    1752
1    1608
2    1382
3    1596
4    1579
5    1566
6    1570
7    1588
8    1401
9    1333
Name: exercise, dtype: int64
Checking for corrupted files...
  Removing 3 corrupted files from index
    BAD: /mvdlph/Dataset_CVDLPT_Videos_Segments_P0P15_MMPose_human3d_motionbert_H36M_3D_1_2026/E0_P13_T5_C2_seg2_MMPose_human3d_motionbert_3D.npz
    BAD: /mvdlph/Dataset_CVDLPT_Videos_Segments_P0P15_MMPose_human3d_motionbert_H36M_3D_1_2026/E1_P14_T3_C2_seg6_MMPose_human3d_motionbert_3D.npz
    BAD: /mvdlph/Dataset_CVDLPT_Videos_Segments_P0P15_MMPose_human3d_motionbert_H36M_3D_1_2026/E4_P12_T3_C1_seg5_MMPose_human3d_motionbert_3D.npz
  Clean samples remaining: 15372

── Sample rows ──
    exercise person trial_id  segment  quality
0          0     P0       T0        0   4.3667
1          0     P0       T0        1   4.3667
2          0     P0       T0        2   4.3667
3          0     P0       T0        3   4.3667
4          0     P0       T0        4   4.3667
5          0     P0       T0        5   4.3667
6          0     P0       T0        6   4.3667
7          0     P0       T0        7   4.3667
8          0     P0       T0        8   4.3667
9          0     P0       T0        9   4.3667
10         0     P0       T0        0   4.3667
11         0     P0       T0        1   4.3667
12         0     P0       T0        2   4.3667
13         0     P0       T0        3   4.3667
14         0     P0       T0        4   4.3667
0    5147
1    5101
2    5124
Name: camera, dtype: int64

Total samples: 15372
0    5147
1    5101
2    5124
Name: camera, dtype: int64

الكاميرات الموجودة: [0, 1, 2]
camera      0    1    2
exercise               
0         579  588  584
1         532  539  536
2         463  445  474
3         525  545  526
4         522  532  524
5         525  516  525
6         529  529  512
7         529  532  527
8         486  430  485
9         457  445  431
E0: correct=3 trials, erroneous=4 trials
E1: correct=3 trials, erroneous=4 trials
E2: correct=3 trials, erroneous=4 trials
E3: correct=3 trials, erroneous=4 trials
E4: correct=3 trials, erroneous=4 trials
E5: correct=3 trials, erroneous=4 trials
E6: correct=3 trials, erroneous=4 trials
E7: correct=3 trials, erroneous=4 trials
E8: correct=3 trials, erroneous=4 trials
E9: correct=3 trials, erroneous=4 trials
Frame length distribution (sample of 500 files):
  min    = 31
  max    = 545
  mean   = 103.9
  median = 93.0
  std    = 51.5

Percentiles:
   25th = 73
   50th = 93
   75th = 120
   90th = 155
   95th = 178
   99th = 293

Value counts (top 10):
   104 frames →   10 files (2.0%)
    91 frames →   10 files (2.0%)
    73 frames →   10 files (2.0%)
    93 frames →    9 files (1.8%)
    88 frames →    9 files (1.8%)
    82 frames →    9 files (1.8%)
    78 frames →    9 files (1.8%)
    67 frames →    9 files (1.8%)
    65 frames →    9 files (1.8%)
   113 frames →    8 files (1.6%)
✓ Skeleton visualisation helpers defined
person                                                     P0
exercise                                                    0
trial_id                                                   T0
segment                                                     0
filepath    /mvdlph/Dataset_CVDLPT_Videos_Segments_P0P15_M...
Name: 10, dtype: object
Skeleton shape : (61, 17, 3)
X range : [-0.369, 0.592]
Y range : [0.000, 0.994]
Z range : [-0.193, 0.198]
  ✓ Skeleton plot saved → /mvdlph/masa/GCN_SingleView_Regression_Results/run_2026_05_07_21_31_40/plots/sample_skeleton_3views.png
  ✓ Motion frames saved → /mvdlph/masa/GCN_SingleView_Regression_Results/run_2026_05_07_21_31_40/plots/sample_skeleton_motion.png
Axis ranges across all frames:
X: [-0.369, 0.592] — likely left/right
Y: [0.000, 0.994] — likely ???
Z: [-0.193, 0.198] — likely height

Hip  mean XYZ: [0.         0.32057488 0.        ]
Head mean XYZ: [-0.14265826  0.9668146  -0.18420231]

Difference (head - hip): [-0.14265826  0.6462397  -0.18420231]

Camera 0:
  Hip  XYZ: [0.    0.324 0.   ]
  Head XYZ: [-0.144  0.968 -0.183]
  X range: [-0.37, 0.59]
  Z range: [-0.19, 0.20]

Camera 1:
  Hip  XYZ: [0.    0.321 0.   ]
  Head XYZ: [-0.143  0.967 -0.184]
  X range: [-0.37, 0.59]
  Z range: [-0.19, 0.20]

Camera 2:
  Hip  XYZ: [0.    0.316 0.   ]
  Head XYZ: [-0.142  0.966 -0.185]
  X range: [-0.37, 0.59]
  Z range: [-0.19, 0.20]
✓ BZUDataset defined (regression only)
✓ Kipf GCN sanity check passed — output shape: torch.Size([2])
✓ Total trainable parameters: 681,485
✓ GCN_Regression (Kipf & Welling) defined
Device : cuda
GPU    : Tesla V100-PCIE-32GB
✓ centre_and_scale and run_epoch (regression) defined

  Unique trial_keys : 534
  Correct           : 342
  Erroneous         : 192

  Correct split by quality bin:
    bin=0 [3.40–4.64] n=172 → 120 train / 26 val / 26 test
    bin=1 [4.64–5.00] n=170 → 119 train / 26 val / 25 test

  Erroneous split by quality bin:
    bin=0 [1.34–3.04] n=65 → 46 train / 10 val / 9 test
    bin=1 [3.05–3.66] n=65 → 46 train / 10 val / 9 test
    bin=2 [3.70–4.82] n=62 → 43 train / 9 val / 10 test

====================================================================
  Split     Samples   Correct   Erroneous   Q mean   Q std   Q min   Q max
  ------------------------------------------------------------------
  Train       10727      6950        3777    4.124   0.808   1.440   5.000
  Val          2304      1504         800    4.137   0.797   1.340   5.000
  Test         2341      1503         838    4.128   0.730   2.425   5.000
====================================================================

✓ Split ready
=================================================================
Quality score distribution audit
=================================================================
  ✓ Saved → /mvdlph/masa/GCN_SingleView_Regression_Results/run_2026_05_07_21_31_40/plots/split_quality_distributions.png

Split    Type              n    mean     std    min    25%    50%    75%    max
----------------------------------------------------------------------
Train    Correct (T≤2)   6950   4.584   0.328   3.56   4.38   4.64   4.86   5.00
Train    Erroneous (T≥3)   3777   3.279   0.744   1.44   2.74   3.34   3.78   4.82

Val      Correct (T≤2)   1504   4.612   0.292   3.47   4.48   4.58   4.84   5.00
Val      Erroneous (T≥3)    800   3.243   0.668   1.34   2.88   3.22   3.80   4.26

Test     Correct (T≤2)   1503   4.547   0.382   3.40   4.40   4.68   4.83   5.00
Test     Erroneous (T≥3)    838   3.375   0.588   2.42   2.85   3.28   3.84   4.42

=================================================================
Person distribution across splits
=================================================================
  Train : ['P0', 'P1', 'P10', 'P11', 'P12', 'P13', 'P14', 'P15', 'P2', 'P3', 'P4', 'P5', 'P6', 'P7', 'P8', 'P9']
  Val   : ['P0', 'P1', 'P10', 'P11', 'P12', 'P13', 'P14', 'P15', 'P2', 'P3', 'P4', 'P5', 'P6', 'P7', 'P8', 'P9']
  Test  : ['P0', 'P1', 'P10', 'P11', 'P12', 'P13', 'P14', 'P15', 'P2', 'P3', 'P4', 'P5', 'P6', 'P7', 'P8', 'P9']

Per-person quality mean per split:

  Train:
         mean    std  count
person                     
P0      4.569  0.327    600
P1      4.791  0.135    580
P10     3.268  0.955   1005
P11     3.506  0.758    656
P12     3.236  0.697    503
P13     3.799  0.618    444
P14     3.648  0.885   1084
P15     3.545  0.689    994
P2      4.726  0.208    483
P3      4.630  0.229    632
P4      4.563  0.287    703
P5      4.665  0.275    665
P6      4.497  0.288    483
P7      4.639  0.241    600
P8      4.546  0.333    692
P9      4.518  0.390    603

  Val:
         mean    std  count
person                     
P0      4.596  0.254    110
P1      4.724  0.153    134
P10     3.242  0.974    260
P11     3.785  0.569    267
P12     2.693  0.347     81
P13     3.654  0.635    138
P14     3.438  0.970    108
P15     3.936  0.591    171
P2      4.736  0.161    216
P3      4.422  0.170    122
P4      4.729  0.107     95
P5      4.746  0.164     92
P6      4.688  0.214    150
P7      4.556  0.174    120
P8      4.807  0.196     90
P9      4.274  0.471    150

  Test:
         mean    std  count
person                     
P0      4.198  0.273    147
P1      4.864  0.113    152
P10     3.384  0.612    234
P11     3.163  0.415    164
P12     3.062  0.452     84
P13     3.263  0.607    111
P14     3.895  0.216    162
P15     3.857  0.727    247
P2      4.729  0.180    183
P3      4.571  0.092    110
P4      4.460  0.061     60
P5      4.589  0.213    123
P6      4.658  0.250    204
P7      4.798  0.108    150
P8      4.833  0.095     90
P9      4.062  0.540    120

=================================================================
Exercise balance across splits
=================================================================
    Train  Val  Test  Train%  Val%  Test%
E0   1198  262   291    11.2  11.4   12.4
E1   1042  176   389     9.7   7.6   16.6
E2    987  187   208     9.2   8.1    8.9
E3   1115  303   178    10.4  13.2    7.6
E4   1283  174   121    12.0   7.6    5.2
E5    977  252   337     9.1  10.9   14.4
E6   1132  256   182    10.6  11.1    7.8
E7   1212  204   172    11.3   8.9    7.3
E8    892  298   211     8.3  12.9    9.0
E9    889  192   252     8.3   8.3   10.8
✓ Plotting helpers (regression) defined
✓ EarlyStopping defined (monitoring MAE)
2026-05-07 21:32:12,832 | INFO | ======================================================================
2026-05-07 21:32:12,832 | INFO | STARTING REGRESSION TRAINING  (with Early Stopping on MAE)
2026-05-07 21:32:12,833 | INFO | ======================================================================
2026-05-07 21:32:12,833 | INFO | train=10727 val=2304 test=2341

════════════════════════════════════════════════════════════════════
  Camera CNone  |  Train: 10727  Val: 2304  Test: 2341
  Patience: 80  |  LR: 1e-4  |  Batch: 48
════════════════════════════════════════════════════════════════════
  Ep   1/300 | Tr loss=0.9857 mae=0.704 r2=-0.513 pcc=0.421 | Vl loss=0.3106 mae=0.433 r2=0.511 pcc=0.780 | ES 0/80 ★
2026-05-07 21:32:41,353 | INFO |   Ep   1/300 | Tr loss=0.9857 mae=0.704 r2=-0.513 pcc=0.421 | Vl loss=0.3106 mae=0.433 r2=0.511 pcc=0.780 | ES 0/80 ★
    ★ val_mae=0.4333  rmse=0.5573  r2=0.5108  pcc=0.7796
  Ep   2/300 | Tr loss=0.4897 mae=0.508 r2=0.250 pcc=0.644 | Vl loss=0.3154 mae=0.427 r2=0.503 pcc=0.758 | ES 0/80 ★
2026-05-07 21:33:09,039 | INFO |   Ep   2/300 | Tr loss=0.4897 mae=0.508 r2=0.250 pcc=0.644 | Vl loss=0.3154 mae=0.427 r2=0.503 pcc=0.758 | ES 0/80 ★
    ★ val_mae=0.4266  rmse=0.5616  r2=0.5033  pcc=0.7581
  Ep   3/300 | Tr loss=0.4246 mae=0.477 r2=0.349 pcc=0.675 | Vl loss=0.2948 mae=0.397 r2=0.536 pcc=0.757 | ES 0/80 ★
2026-05-07 21:33:36,503 | INFO |   Ep   3/300 | Tr loss=0.4246 mae=0.477 r2=0.349 pcc=0.675 | Vl loss=0.2948 mae=0.397 r2=0.536 pcc=0.757 | ES 0/80 ★
    ★ val_mae=0.3966  rmse=0.5430  r2=0.5356  pcc=0.7567
  Ep   4/300 | Tr loss=0.3857 mae=0.457 r2=0.409 pcc=0.693 | Vl loss=0.2727 mae=0.369 r2=0.571 pcc=0.763 | ES 0/80 ★
2026-05-07 21:34:04,005 | INFO |   Ep   4/300 | Tr loss=0.3857 mae=0.457 r2=0.409 pcc=0.693 | Vl loss=0.2727 mae=0.369 r2=0.571 pcc=0.763 | ES 0/80 ★
    ★ val_mae=0.3685  rmse=0.5222  r2=0.5705  pcc=0.7629
  Ep   5/300 | Tr loss=0.3690 mae=0.446 r2=0.434 pcc=0.696 | Vl loss=0.2901 mae=0.368 r2=0.543 pcc=0.754 | ES 1/80
2026-05-07 21:34:31,322 | INFO |   Ep   5/300 | Tr loss=0.3690 mae=0.446 r2=0.434 pcc=0.696 | Vl loss=0.2901 mae=0.368 r2=0.543 pcc=0.754 | ES 1/80
  Ep   6/300 | Tr loss=0.3593 mae=0.434 r2=0.449 pcc=0.700 | Vl loss=0.2762 mae=0.357 r2=0.565 pcc=0.762 | ES 0/80 ★
2026-05-07 21:34:58,920 | INFO |   Ep   6/300 | Tr loss=0.3593 mae=0.434 r2=0.449 pcc=0.700 | Vl loss=0.2762 mae=0.357 r2=0.565 pcc=0.762 | ES 0/80 ★
    ★ val_mae=0.3569  rmse=0.5255  r2=0.5650  pcc=0.7616
  Ep   7/300 | Tr loss=0.3358 mae=0.417 r2=0.485 pcc=0.714 | Vl loss=0.2892 mae=0.372 r2=0.544 pcc=0.762 | ES 1/80
2026-05-07 21:35:26,456 | INFO |   Ep   7/300 | Tr loss=0.3358 mae=0.417 r2=0.485 pcc=0.714 | Vl loss=0.2892 mae=0.372 r2=0.544 pcc=0.762 | ES 1/80
  Ep   8/300 | Tr loss=0.3321 mae=0.415 r2=0.491 pcc=0.717 | Vl loss=0.2674 mae=0.352 r2=0.579 pcc=0.773 | ES 0/80 ★
2026-05-07 21:35:53,963 | INFO |   Ep   8/300 | Tr loss=0.3321 mae=0.415 r2=0.491 pcc=0.717 | Vl loss=0.2674 mae=0.352 r2=0.579 pcc=0.773 | ES 0/80 ★
    ★ val_mae=0.3524  rmse=0.5171  r2=0.5788  pcc=0.7734
  Ep   9/300 | Tr loss=0.3287 mae=0.409 r2=0.498 pcc=0.717 | Vl loss=0.2886 mae=0.385 r2=0.545 pcc=0.767 | ES 1/80
2026-05-07 21:36:21,659 | INFO |   Ep   9/300 | Tr loss=0.3287 mae=0.409 r2=0.498 pcc=0.717 | Vl loss=0.2886 mae=0.385 r2=0.545 pcc=0.767 | ES 1/80
  Ep  10/300 | Tr loss=0.3243 mae=0.408 r2=0.503 pcc=0.719 | Vl loss=0.2764 mae=0.361 r2=0.565 pcc=0.768 | ES 2/80
2026-05-07 21:36:49,257 | INFO |   Ep  10/300 | Tr loss=0.3243 mae=0.408 r2=0.503 pcc=0.719 | Vl loss=0.2764 mae=0.361 r2=0.565 pcc=0.768 | ES 2/80
  Ep  11/300 | Tr loss=0.3121 mae=0.401 r2=0.522 pcc=0.729 | Vl loss=0.2693 mae=0.363 r2=0.576 pcc=0.775 | ES 3/80
2026-05-07 21:37:16,797 | INFO |   Ep  11/300 | Tr loss=0.3121 mae=0.401 r2=0.522 pcc=0.729 | Vl loss=0.2693 mae=0.363 r2=0.576 pcc=0.775 | ES 3/80
  Ep  12/300 | Tr loss=0.3079 mae=0.396 r2=0.528 pcc=0.732 | Vl loss=0.2869 mae=0.382 r2=0.548 pcc=0.770 | ES 4/80
2026-05-07 21:37:44,428 | INFO |   Ep  12/300 | Tr loss=0.3079 mae=0.396 r2=0.528 pcc=0.732 | Vl loss=0.2869 mae=0.382 r2=0.548 pcc=0.770 | ES 4/80
  Ep  13/300 | Tr loss=0.3040 mae=0.392 r2=0.534 pcc=0.737 | Vl loss=0.2764 mae=0.371 r2=0.565 pcc=0.773 | ES 5/80
2026-05-07 21:38:11,937 | INFO |   Ep  13/300 | Tr loss=0.3040 mae=0.392 r2=0.534 pcc=0.737 | Vl loss=0.2764 mae=0.371 r2=0.565 pcc=0.773 | ES 5/80
  Ep  14/300 | Tr loss=0.3035 mae=0.391 r2=0.535 pcc=0.736 | Vl loss=0.2832 mae=0.367 r2=0.554 pcc=0.770 | ES 6/80
2026-05-07 21:38:39,507 | INFO |   Ep  14/300 | Tr loss=0.3035 mae=0.391 r2=0.535 pcc=0.736 | Vl loss=0.2832 mae=0.367 r2=0.554 pcc=0.770 | ES 6/80
  Ep  15/300 | Tr loss=0.3010 mae=0.388 r2=0.539 pcc=0.739 | Vl loss=0.2886 mae=0.371 r2=0.545 pcc=0.769 | ES 7/80
2026-05-07 21:39:07,192 | INFO |   Ep  15/300 | Tr loss=0.3010 mae=0.388 r2=0.539 pcc=0.739 | Vl loss=0.2886 mae=0.371 r2=0.545 pcc=0.769 | ES 7/80
  Ep  16/300 | Tr loss=0.2951 mae=0.386 r2=0.548 pcc=0.744 | Vl loss=0.2848 mae=0.366 r2=0.551 pcc=0.765 | ES 8/80
2026-05-07 21:39:34,691 | INFO |   Ep  16/300 | Tr loss=0.2951 mae=0.386 r2=0.548 pcc=0.744 | Vl loss=0.2848 mae=0.366 r2=0.551 pcc=0.765 | ES 8/80
  Ep  17/300 | Tr loss=0.2946 mae=0.383 r2=0.549 pcc=0.745 | Vl loss=0.2876 mae=0.368 r2=0.547 pcc=0.765 | ES 9/80
2026-05-07 21:40:02,388 | INFO |   Ep  17/300 | Tr loss=0.2946 mae=0.383 r2=0.549 pcc=0.745 | Vl loss=0.2876 mae=0.368 r2=0.547 pcc=0.765 | ES 9/80
  Ep  18/300 | Tr loss=0.2909 mae=0.381 r2=0.554 pcc=0.747 | Vl loss=0.2736 mae=0.352 r2=0.569 pcc=0.775 | ES 10/80
2026-05-07 21:40:29,945 | INFO |   Ep  18/300 | Tr loss=0.2909 mae=0.381 r2=0.554 pcc=0.747 | Vl loss=0.2736 mae=0.352 r2=0.569 pcc=0.775 | ES 10/80
Epoch 00019: reducing learning rate of group 0 to 2.5000e-05.
  Ep  19/300 | Tr loss=0.2927 mae=0.382 r2=0.551 pcc=0.746 | Vl loss=0.2827 mae=0.359 r2=0.555 pcc=0.768 | ES 11/80
2026-05-07 21:40:57,765 | INFO |   Ep  19/300 | Tr loss=0.2927 mae=0.382 r2=0.551 pcc=0.746 | Vl loss=0.2827 mae=0.359 r2=0.555 pcc=0.768 | ES 11/80
  Ep  20/300 | Tr loss=0.2930 mae=0.381 r2=0.552 pcc=0.746 | Vl loss=0.2757 mae=0.351 r2=0.566 pcc=0.771 | ES 0/80 ★
2026-05-07 21:41:25,304 | INFO |   Ep  20/300 | Tr loss=0.2930 mae=0.381 r2=0.552 pcc=0.746 | Vl loss=0.2757 mae=0.351 r2=0.566 pcc=0.771 | ES 0/80 ★
    ★ val_mae=0.3506  rmse=0.5251  r2=0.5657  pcc=0.7706
  Ep  21/300 | Tr loss=0.2903 mae=0.379 r2=0.555 pcc=0.748 | Vl loss=0.2794 mae=0.358 r2=0.560 pcc=0.770 | ES 1/80
2026-05-07 21:41:52,874 | INFO |   Ep  21/300 | Tr loss=0.2903 mae=0.379 r2=0.555 pcc=0.748 | Vl loss=0.2794 mae=0.358 r2=0.560 pcc=0.770 | ES 1/80
  Ep  22/300 | Tr loss=0.2843 mae=0.376 r2=0.565 pcc=0.754 | Vl loss=0.2776 mae=0.352 r2=0.563 pcc=0.771 | ES 2/80
2026-05-07 21:42:20,354 | INFO |   Ep  22/300 | Tr loss=0.2843 mae=0.376 r2=0.565 pcc=0.754 | Vl loss=0.2776 mae=0.352 r2=0.563 pcc=0.771 | ES 2/80
  Ep  23/300 | Tr loss=0.2854 mae=0.376 r2=0.563 pcc=0.752 | Vl loss=0.2753 mae=0.351 r2=0.566 pcc=0.773 | ES 3/80
2026-05-07 21:42:47,744 | INFO |   Ep  23/300 | Tr loss=0.2854 mae=0.376 r2=0.563 pcc=0.752 | Vl loss=0.2753 mae=0.351 r2=0.566 pcc=0.773 | ES 3/80
  Ep  24/300 | Tr loss=0.2857 mae=0.377 r2=0.562 pcc=0.752 | Vl loss=0.2762 mae=0.355 r2=0.565 pcc=0.776 | ES 4/80
2026-05-07 21:43:15,346 | INFO |   Ep  24/300 | Tr loss=0.2857 mae=0.377 r2=0.562 pcc=0.752 | Vl loss=0.2762 mae=0.355 r2=0.565 pcc=0.776 | ES 4/80
  Ep  25/300 | Tr loss=0.2842 mae=0.377 r2=0.564 pcc=0.753 | Vl loss=0.2788 mae=0.349 r2=0.561 pcc=0.771 | ES 0/80 ★
2026-05-07 21:43:42,672 | INFO |   Ep  25/300 | Tr loss=0.2842 mae=0.377 r2=0.564 pcc=0.753 | Vl loss=0.2788 mae=0.349 r2=0.561 pcc=0.771 | ES 0/80 ★
    ★ val_mae=0.3488  rmse=0.5280  r2=0.5609  pcc=0.7713
  Ep  26/300 | Tr loss=0.2827 mae=0.375 r2=0.567 pcc=0.755 | Vl loss=0.2705 mae=0.353 r2=0.574 pcc=0.776 | ES 1/80
2026-05-07 21:44:10,269 | INFO |   Ep  26/300 | Tr loss=0.2827 mae=0.375 r2=0.567 pcc=0.755 | Vl loss=0.2705 mae=0.353 r2=0.574 pcc=0.776 | ES 1/80
  Ep  27/300 | Tr loss=0.2840 mae=0.374 r2=0.565 pcc=0.754 | Vl loss=0.2777 mae=0.353 r2=0.563 pcc=0.770 | ES 2/80
2026-05-07 21:44:38,159 | INFO |   Ep  27/300 | Tr loss=0.2840 mae=0.374 r2=0.565 pcc=0.754 | Vl loss=0.2777 mae=0.353 r2=0.563 pcc=0.770 | ES 2/80
  Ep  28/300 | Tr loss=0.2809 mae=0.371 r2=0.570 pcc=0.757 | Vl loss=0.2692 mae=0.345 r2=0.576 pcc=0.775 | ES 0/80 ★
2026-05-07 21:45:05,955 | INFO |   Ep  28/300 | Tr loss=0.2809 mae=0.371 r2=0.570 pcc=0.757 | Vl loss=0.2692 mae=0.345 r2=0.576 pcc=0.775 | ES 0/80 ★
    ★ val_mae=0.3448  rmse=0.5189  r2=0.5760  pcc=0.7750
  Ep  29/300 | Tr loss=0.2799 mae=0.370 r2=0.571 pcc=0.758 | Vl loss=0.2778 mae=0.356 r2=0.562 pcc=0.770 | ES 1/80
2026-05-07 21:45:33,526 | INFO |   Ep  29/300 | Tr loss=0.2799 mae=0.370 r2=0.571 pcc=0.758 | Vl loss=0.2778 mae=0.356 r2=0.562 pcc=0.770 | ES 1/80
  Ep  30/300 | Tr loss=0.2851 mae=0.374 r2=0.563 pcc=0.752 | Vl loss=0.2807 mae=0.354 r2=0.558 pcc=0.769 | ES 2/80
2026-05-07 21:46:01,173 | INFO |   Ep  30/300 | Tr loss=0.2851 mae=0.374 r2=0.563 pcc=0.752 | Vl loss=0.2807 mae=0.354 r2=0.558 pcc=0.769 | ES 2/80
  Ep  31/300 | Tr loss=0.2763 mae=0.368 r2=0.577 pcc=0.761 | Vl loss=0.2833 mae=0.357 r2=0.554 pcc=0.768 | ES 3/80
2026-05-07 21:46:28,692 | INFO |   Ep  31/300 | Tr loss=0.2763 mae=0.368 r2=0.577 pcc=0.761 | Vl loss=0.2833 mae=0.357 r2=0.554 pcc=0.768 | ES 3/80
  Ep  32/300 | Tr loss=0.2828 mae=0.374 r2=0.567 pcc=0.755 | Vl loss=0.2788 mae=0.355 r2=0.561 pcc=0.773 | ES 4/80
2026-05-07 21:46:56,367 | INFO |   Ep  32/300 | Tr loss=0.2828 mae=0.374 r2=0.567 pcc=0.755 | Vl loss=0.2788 mae=0.355 r2=0.561 pcc=0.773 | ES 4/80
  Ep  33/300 | Tr loss=0.2796 mae=0.372 r2=0.572 pcc=0.758 | Vl loss=0.2834 mae=0.359 r2=0.554 pcc=0.770 | ES 5/80
2026-05-07 21:47:23,801 | INFO |   Ep  33/300 | Tr loss=0.2796 mae=0.372 r2=0.572 pcc=0.758 | Vl loss=0.2834 mae=0.359 r2=0.554 pcc=0.770 | ES 5/80
  Ep  34/300 | Tr loss=0.2795 mae=0.369 r2=0.572 pcc=0.758 | Vl loss=0.2799 mae=0.357 r2=0.559 pcc=0.771 | ES 6/80
2026-05-07 21:47:51,332 | INFO |   Ep  34/300 | Tr loss=0.2795 mae=0.369 r2=0.572 pcc=0.758 | Vl loss=0.2799 mae=0.357 r2=0.559 pcc=0.771 | ES 6/80
  Ep  35/300 | Tr loss=0.2794 mae=0.370 r2=0.572 pcc=0.758 | Vl loss=0.2797 mae=0.356 r2=0.559 pcc=0.770 | ES 7/80
2026-05-07 21:48:19,064 | INFO |   Ep  35/300 | Tr loss=0.2794 mae=0.370 r2=0.572 pcc=0.758 | Vl loss=0.2797 mae=0.356 r2=0.559 pcc=0.770 | ES 7/80
  Ep  36/300 | Tr loss=0.2774 mae=0.368 r2=0.575 pcc=0.760 | Vl loss=0.2812 mae=0.358 r2=0.557 pcc=0.770 | ES 8/80
2026-05-07 21:48:46,407 | INFO |   Ep  36/300 | Tr loss=0.2774 mae=0.368 r2=0.575 pcc=0.760 | Vl loss=0.2812 mae=0.358 r2=0.557 pcc=0.770 | ES 8/80
  Ep  37/300 | Tr loss=0.2759 mae=0.367 r2=0.577 pcc=0.761 | Vl loss=0.2785 mae=0.355 r2=0.561 pcc=0.772 | ES 9/80
2026-05-07 21:49:14,060 | INFO |   Ep  37/300 | Tr loss=0.2759 mae=0.367 r2=0.577 pcc=0.761 | Vl loss=0.2785 mae=0.355 r2=0.561 pcc=0.772 | ES 9/80
  Ep  38/300 | Tr loss=0.2769 mae=0.370 r2=0.575 pcc=0.760 | Vl loss=0.2821 mae=0.359 r2=0.556 pcc=0.769 | ES 10/80
2026-05-07 21:49:41,616 | INFO |   Ep  38/300 | Tr loss=0.2769 mae=0.370 r2=0.575 pcc=0.760 | Vl loss=0.2821 mae=0.359 r2=0.556 pcc=0.769 | ES 10/80
Epoch 00039: reducing learning rate of group 0 to 1.2500e-05.
  Ep  39/300 | Tr loss=0.2753 mae=0.367 r2=0.579 pcc=0.762 | Vl loss=0.2791 mae=0.355 r2=0.560 pcc=0.770 | ES 11/80
2026-05-07 21:50:09,442 | INFO |   Ep  39/300 | Tr loss=0.2753 mae=0.367 r2=0.579 pcc=0.762 | Vl loss=0.2791 mae=0.355 r2=0.560 pcc=0.770 | ES 11/80
  Ep  40/300 | Tr loss=0.2773 mae=0.369 r2=0.575 pcc=0.760 | Vl loss=0.2785 mae=0.358 r2=0.561 pcc=0.771 | ES 12/80
2026-05-07 21:50:37,128 | INFO |   Ep  40/300 | Tr loss=0.2773 mae=0.369 r2=0.575 pcc=0.760 | Vl loss=0.2785 mae=0.358 r2=0.561 pcc=0.771 | ES 12/80
  Ep  41/300 | Tr loss=0.2789 mae=0.370 r2=0.573 pcc=0.759 | Vl loss=0.2829 mae=0.360 r2=0.554 pcc=0.769 | ES 13/80
2026-05-07 21:51:05,101 | INFO |   Ep  41/300 | Tr loss=0.2789 mae=0.370 r2=0.573 pcc=0.759 | Vl loss=0.2829 mae=0.360 r2=0.554 pcc=0.769 | ES 13/80
  Ep  42/300 | Tr loss=0.2747 mae=0.366 r2=0.579 pcc=0.762 | Vl loss=0.2848 mae=0.361 r2=0.551 pcc=0.768 | ES 14/80
2026-05-07 21:51:32,761 | INFO |   Ep  42/300 | Tr loss=0.2747 mae=0.366 r2=0.579 pcc=0.762 | Vl loss=0.2848 mae=0.361 r2=0.551 pcc=0.768 | ES 14/80
  Ep  43/300 | Tr loss=0.2784 mae=0.368 r2=0.574 pcc=0.759 | Vl loss=0.2872 mae=0.364 r2=0.548 pcc=0.767 | ES 15/80
2026-05-07 21:52:00,167 | INFO |   Ep  43/300 | Tr loss=0.2784 mae=0.368 r2=0.574 pcc=0.759 | Vl loss=0.2872 mae=0.364 r2=0.548 pcc=0.767 | ES 15/80
  Ep  44/300 | Tr loss=0.2773 mae=0.368 r2=0.575 pcc=0.760 | Vl loss=0.2842 mae=0.360 r2=0.552 pcc=0.767 | ES 16/80
2026-05-07 21:52:27,743 | INFO |   Ep  44/300 | Tr loss=0.2773 mae=0.368 r2=0.575 pcc=0.760 | Vl loss=0.2842 mae=0.360 r2=0.552 pcc=0.767 | ES 16/80
  Ep  45/300 | Tr loss=0.2712 mae=0.364 r2=0.585 pcc=0.766 | Vl loss=0.2845 mae=0.359 r2=0.552 pcc=0.768 | ES 17/80
2026-05-07 21:52:55,621 | INFO |   Ep  45/300 | Tr loss=0.2712 mae=0.364 r2=0.585 pcc=0.766 | Vl loss=0.2845 mae=0.359 r2=0.552 pcc=0.768 | ES 17/80
  Ep  46/300 | Tr loss=0.2730 mae=0.364 r2=0.582 pcc=0.764 | Vl loss=0.2870 mae=0.359 r2=0.548 pcc=0.767 | ES 18/80
2026-05-07 21:53:23,244 | INFO |   Ep  46/300 | Tr loss=0.2730 mae=0.364 r2=0.582 pcc=0.764 | Vl loss=0.2870 mae=0.359 r2=0.548 pcc=0.767 | ES 18/80
  Ep  47/300 | Tr loss=0.2744 mae=0.366 r2=0.580 pcc=0.762 | Vl loss=0.2827 mae=0.354 r2=0.555 pcc=0.769 | ES 19/80
2026-05-07 21:53:51,037 | INFO |   Ep  47/300 | Tr loss=0.2744 mae=0.366 r2=0.580 pcc=0.762 | Vl loss=0.2827 mae=0.354 r2=0.555 pcc=0.769 | ES 19/80
  Ep  48/300 | Tr loss=0.2729 mae=0.364 r2=0.582 pcc=0.764 | Vl loss=0.2781 mae=0.355 r2=0.562 pcc=0.772 | ES 20/80
2026-05-07 21:54:18,614 | INFO |   Ep  48/300 | Tr loss=0.2729 mae=0.364 r2=0.582 pcc=0.764 | Vl loss=0.2781 mae=0.355 r2=0.562 pcc=0.772 | ES 20/80
  Ep  49/300 | Tr loss=0.2724 mae=0.364 r2=0.583 pcc=0.765 | Vl loss=0.2786 mae=0.353 r2=0.561 pcc=0.772 | ES 21/80
2026-05-07 21:54:46,213 | INFO |   Ep  49/300 | Tr loss=0.2724 mae=0.364 r2=0.583 pcc=0.765 | Vl loss=0.2786 mae=0.353 r2=0.561 pcc=0.772 | ES 21/80
Epoch 00050: reducing learning rate of group 0 to 6.2500e-06.
  Ep  50/300 | Tr loss=0.2728 mae=0.366 r2=0.581 pcc=0.764 | Vl loss=0.2751 mae=0.352 r2=0.567 pcc=0.774 | ES 22/80
2026-05-07 21:55:13,727 | INFO |   Ep  50/300 | Tr loss=0.2728 mae=0.366 r2=0.581 pcc=0.764 | Vl loss=0.2751 mae=0.352 r2=0.567 pcc=0.774 | ES 22/80
  Ep  51/300 | Tr loss=0.2715 mae=0.365 r2=0.584 pcc=0.765 | Vl loss=0.2816 mae=0.359 r2=0.556 pcc=0.771 | ES 23/80
2026-05-07 21:55:41,363 | INFO |   Ep  51/300 | Tr loss=0.2715 mae=0.365 r2=0.584 pcc=0.765 | Vl loss=0.2816 mae=0.359 r2=0.556 pcc=0.771 | ES 23/80
  Ep  52/300 | Tr loss=0.2714 mae=0.363 r2=0.584 pcc=0.766 | Vl loss=0.2800 mae=0.357 r2=0.559 pcc=0.771 | ES 24/80
2026-05-07 21:56:09,166 | INFO |   Ep  52/300 | Tr loss=0.2714 mae=0.363 r2=0.584 pcc=0.766 | Vl loss=0.2800 mae=0.357 r2=0.559 pcc=0.771 | ES 24/80
  Ep  53/300 | Tr loss=0.2738 mae=0.363 r2=0.580 pcc=0.763 | Vl loss=0.2817 mae=0.360 r2=0.556 pcc=0.771 | ES 25/80
2026-05-07 21:56:36,863 | INFO |   Ep  53/300 | Tr loss=0.2738 mae=0.363 r2=0.580 pcc=0.763 | Vl loss=0.2817 mae=0.360 r2=0.556 pcc=0.771 | ES 25/80
  Ep  54/300 | Tr loss=0.2731 mae=0.364 r2=0.582 pcc=0.764 | Vl loss=0.2846 mae=0.363 r2=0.552 pcc=0.769 | ES 26/80
2026-05-07 21:57:04,723 | INFO |   Ep  54/300 | Tr loss=0.2731 mae=0.364 r2=0.582 pcc=0.764 | Vl loss=0.2846 mae=0.363 r2=0.552 pcc=0.769 | ES 26/80
  Ep  55/300 | Tr loss=0.2737 mae=0.364 r2=0.581 pcc=0.763 | Vl loss=0.2803 mae=0.357 r2=0.558 pcc=0.771 | ES 27/80
2026-05-07 21:57:32,477 | INFO |   Ep  55/300 | Tr loss=0.2737 mae=0.364 r2=0.581 pcc=0.763 | Vl loss=0.2803 mae=0.357 r2=0.558 pcc=0.771 | ES 27/80
  Ep  56/300 | Tr loss=0.2735 mae=0.365 r2=0.581 pcc=0.763 | Vl loss=0.2814 mae=0.358 r2=0.557 pcc=0.770 | ES 28/80
2026-05-07 21:57:59,956 | INFO |   Ep  56/300 | Tr loss=0.2735 mae=0.365 r2=0.581 pcc=0.763 | Vl loss=0.2814 mae=0.358 r2=0.557 pcc=0.770 | ES 28/80
  Ep  57/300 | Tr loss=0.2729 mae=0.366 r2=0.582 pcc=0.764 | Vl loss=0.2790 mae=0.357 r2=0.561 pcc=0.771 | ES 29/80
2026-05-07 21:58:27,561 | INFO |   Ep  57/300 | Tr loss=0.2729 mae=0.366 r2=0.582 pcc=0.764 | Vl loss=0.2790 mae=0.357 r2=0.561 pcc=0.771 | ES 29/80
  Ep  58/300 | Tr loss=0.2715 mae=0.364 r2=0.585 pcc=0.766 | Vl loss=0.2826 mae=0.360 r2=0.555 pcc=0.770 | ES 30/80
2026-05-07 21:58:55,172 | INFO |   Ep  58/300 | Tr loss=0.2715 mae=0.364 r2=0.585 pcc=0.766 | Vl loss=0.2826 mae=0.360 r2=0.555 pcc=0.770 | ES 30/80
  Ep  59/300 | Tr loss=0.2722 mae=0.364 r2=0.583 pcc=0.764 | Vl loss=0.2778 mae=0.352 r2=0.562 pcc=0.771 | ES 31/80
2026-05-07 21:59:22,856 | INFO |   Ep  59/300 | Tr loss=0.2722 mae=0.364 r2=0.583 pcc=0.764 | Vl loss=0.2778 mae=0.352 r2=0.562 pcc=0.771 | ES 31/80
  Ep  60/300 | Tr loss=0.2751 mae=0.365 r2=0.580 pcc=0.762 | Vl loss=0.2856 mae=0.361 r2=0.550 pcc=0.768 | ES 32/80
2026-05-07 21:59:50,565 | INFO |   Ep  60/300 | Tr loss=0.2751 mae=0.365 r2=0.580 pcc=0.762 | Vl loss=0.2856 mae=0.361 r2=0.550 pcc=0.768 | ES 32/80
Epoch 00061: reducing learning rate of group 0 to 3.1250e-06.
  Ep  61/300 | Tr loss=0.2707 mae=0.362 r2=0.586 pcc=0.767 | Vl loss=0.2850 mae=0.360 r2=0.551 pcc=0.768 | ES 33/80
2026-05-07 22:00:18,471 | INFO |   Ep  61/300 | Tr loss=0.2707 mae=0.362 r2=0.586 pcc=0.767 | Vl loss=0.2850 mae=0.360 r2=0.551 pcc=0.768 | ES 33/80
  Ep  62/300 | Tr loss=0.2756 mae=0.366 r2=0.578 pcc=0.761 | Vl loss=0.2858 mae=0.362 r2=0.550 pcc=0.768 | ES 34/80
2026-05-07 22:00:46,506 | INFO |   Ep  62/300 | Tr loss=0.2756 mae=0.366 r2=0.578 pcc=0.761 | Vl loss=0.2858 mae=0.362 r2=0.550 pcc=0.768 | ES 34/80
  Ep  63/300 | Tr loss=0.2738 mae=0.367 r2=0.580 pcc=0.763 | Vl loss=0.2831 mae=0.358 r2=0.554 pcc=0.769 | ES 35/80
2026-05-07 22:01:14,366 | INFO |   Ep  63/300 | Tr loss=0.2738 mae=0.367 r2=0.580 pcc=0.763 | Vl loss=0.2831 mae=0.358 r2=0.554 pcc=0.769 | ES 35/80
  Ep  64/300 | Tr loss=0.2730 mae=0.364 r2=0.582 pcc=0.764 | Vl loss=0.2846 mae=0.360 r2=0.552 pcc=0.768 | ES 36/80
2026-05-07 22:01:42,384 | INFO |   Ep  64/300 | Tr loss=0.2730 mae=0.364 r2=0.582 pcc=0.764 | Vl loss=0.2846 mae=0.360 r2=0.552 pcc=0.768 | ES 36/80
  Ep  65/300 | Tr loss=0.2727 mae=0.363 r2=0.583 pcc=0.764 | Vl loss=0.2798 mae=0.354 r2=0.559 pcc=0.770 | ES 37/80
2026-05-07 22:02:10,393 | INFO |   Ep  65/300 | Tr loss=0.2727 mae=0.363 r2=0.583 pcc=0.764 | Vl loss=0.2798 mae=0.354 r2=0.559 pcc=0.770 | ES 37/80
  Ep  66/300 | Tr loss=0.2746 mae=0.366 r2=0.579 pcc=0.762 | Vl loss=0.2821 mae=0.357 r2=0.556 pcc=0.770 | ES 38/80
2026-05-07 22:02:38,133 | INFO |   Ep  66/300 | Tr loss=0.2746 mae=0.366 r2=0.579 pcc=0.762 | Vl loss=0.2821 mae=0.357 r2=0.556 pcc=0.770 | ES 38/80
  Ep  67/300 | Tr loss=0.2714 mae=0.363 r2=0.584 pcc=0.765 | Vl loss=0.2830 mae=0.359 r2=0.554 pcc=0.769 | ES 39/80
2026-05-07 22:03:05,614 | INFO |   Ep  67/300 | Tr loss=0.2714 mae=0.363 r2=0.584 pcc=0.765 | Vl loss=0.2830 mae=0.359 r2=0.554 pcc=0.769 | ES 39/80
  Ep  68/300 | Tr loss=0.2712 mae=0.361 r2=0.585 pcc=0.765 | Vl loss=0.2852 mae=0.362 r2=0.551 pcc=0.769 | ES 40/80
2026-05-07 22:03:33,073 | INFO |   Ep  68/300 | Tr loss=0.2712 mae=0.361 r2=0.585 pcc=0.765 | Vl loss=0.2852 mae=0.362 r2=0.551 pcc=0.769 | ES 40/80
  Ep  69/300 | Tr loss=0.2698 mae=0.363 r2=0.586 pcc=0.767 | Vl loss=0.2787 mae=0.353 r2=0.561 pcc=0.771 | ES 41/80
2026-05-07 22:04:00,578 | INFO |   Ep  69/300 | Tr loss=0.2698 mae=0.363 r2=0.586 pcc=0.767 | Vl loss=0.2787 mae=0.353 r2=0.561 pcc=0.771 | ES 41/80
  Ep  70/300 | Tr loss=0.2730 mae=0.365 r2=0.581 pcc=0.764 | Vl loss=0.2834 mae=0.358 r2=0.554 pcc=0.769 | ES 42/80
2026-05-07 22:04:28,285 | INFO |   Ep  70/300 | Tr loss=0.2730 mae=0.365 r2=0.581 pcc=0.764 | Vl loss=0.2834 mae=0.358 r2=0.554 pcc=0.769 | ES 42/80
  Ep  71/300 | Tr loss=0.2709 mae=0.363 r2=0.585 pcc=0.766 | Vl loss=0.2824 mae=0.357 r2=0.555 pcc=0.770 | ES 43/80
2026-05-07 22:04:56,327 | INFO |   Ep  71/300 | Tr loss=0.2709 mae=0.363 r2=0.585 pcc=0.766 | Vl loss=0.2824 mae=0.357 r2=0.555 pcc=0.770 | ES 43/80
Epoch 00072: reducing learning rate of group 0 to 1.5625e-06.
  Ep  72/300 | Tr loss=0.2690 mae=0.361 r2=0.588 pcc=0.768 | Vl loss=0.2831 mae=0.358 r2=0.554 pcc=0.770 | ES 44/80
2026-05-07 22:05:23,987 | INFO |   Ep  72/300 | Tr loss=0.2690 mae=0.361 r2=0.588 pcc=0.768 | Vl loss=0.2831 mae=0.358 r2=0.554 pcc=0.770 | ES 44/80
  Ep  73/300 | Tr loss=0.2719 mae=0.365 r2=0.583 pcc=0.765 | Vl loss=0.2827 mae=0.358 r2=0.555 pcc=0.770 | ES 45/80
2026-05-07 22:05:51,609 | INFO |   Ep  73/300 | Tr loss=0.2719 mae=0.365 r2=0.583 pcc=0.765 | Vl loss=0.2827 mae=0.358 r2=0.555 pcc=0.770 | ES 45/80
  Ep  74/300 | Tr loss=0.2691 mae=0.361 r2=0.588 pcc=0.768 | Vl loss=0.2804 mae=0.354 r2=0.558 pcc=0.771 | ES 46/80
2026-05-07 22:06:19,096 | INFO |   Ep  74/300 | Tr loss=0.2691 mae=0.361 r2=0.588 pcc=0.768 | Vl loss=0.2804 mae=0.354 r2=0.558 pcc=0.771 | ES 46/80
  Ep  75/300 | Tr loss=0.2727 mae=0.363 r2=0.582 pcc=0.764 | Vl loss=0.2836 mae=0.359 r2=0.553 pcc=0.769 | ES 47/80
2026-05-07 22:06:46,770 | INFO |   Ep  75/300 | Tr loss=0.2727 mae=0.363 r2=0.582 pcc=0.764 | Vl loss=0.2836 mae=0.359 r2=0.553 pcc=0.769 | ES 47/80
  Ep  76/300 | Tr loss=0.2697 mae=0.364 r2=0.586 pcc=0.767 | Vl loss=0.2855 mae=0.362 r2=0.550 pcc=0.769 | ES 48/80
2026-05-07 22:07:14,460 | INFO |   Ep  76/300 | Tr loss=0.2697 mae=0.364 r2=0.586 pcc=0.767 | Vl loss=0.2855 mae=0.362 r2=0.550 pcc=0.769 | ES 48/80
  Ep  77/300 | Tr loss=0.2709 mae=0.363 r2=0.585 pcc=0.766 | Vl loss=0.2836 mae=0.359 r2=0.553 pcc=0.769 | ES 49/80
2026-05-07 22:07:42,136 | INFO |   Ep  77/300 | Tr loss=0.2709 mae=0.363 r2=0.585 pcc=0.766 | Vl loss=0.2836 mae=0.359 r2=0.553 pcc=0.769 | ES 49/80
  Ep  78/300 | Tr loss=0.2733 mae=0.365 r2=0.581 pcc=0.763 | Vl loss=0.2816 mae=0.358 r2=0.556 pcc=0.770 | ES 50/80
2026-05-07 22:08:09,602 | INFO |   Ep  78/300 | Tr loss=0.2733 mae=0.365 r2=0.581 pcc=0.763 | Vl loss=0.2816 mae=0.358 r2=0.556 pcc=0.770 | ES 50/80
  Ep  79/300 | Tr loss=0.2724 mae=0.363 r2=0.583 pcc=0.764 | Vl loss=0.2805 mae=0.356 r2=0.558 pcc=0.771 | ES 51/80
2026-05-07 22:08:37,671 | INFO |   Ep  79/300 | Tr loss=0.2724 mae=0.363 r2=0.583 pcc=0.764 | Vl loss=0.2805 mae=0.356 r2=0.558 pcc=0.771 | ES 51/80
  Ep  80/300 | Tr loss=0.2694 mae=0.362 r2=0.587 pcc=0.767 | Vl loss=0.2837 mae=0.360 r2=0.553 pcc=0.769 | ES 52/80
2026-05-07 22:09:05,234 | INFO |   Ep  80/300 | Tr loss=0.2694 mae=0.362 r2=0.587 pcc=0.767 | Vl loss=0.2837 mae=0.360 r2=0.553 pcc=0.769 | ES 52/80
  Ep  81/300 | Tr loss=0.2752 mae=0.366 r2=0.578 pcc=0.761 | Vl loss=0.2803 mae=0.355 r2=0.558 pcc=0.771 | ES 53/80
2026-05-07 22:09:32,915 | INFO |   Ep  81/300 | Tr loss=0.2752 mae=0.366 r2=0.578 pcc=0.761 | Vl loss=0.2803 mae=0.355 r2=0.558 pcc=0.771 | ES 53/80
  Ep  82/300 | Tr loss=0.2681 mae=0.361 r2=0.589 pcc=0.768 | Vl loss=0.2833 mae=0.360 r2=0.554 pcc=0.770 | ES 54/80
2026-05-07 22:10:00,577 | INFO |   Ep  82/300 | Tr loss=0.2681 mae=0.361 r2=0.589 pcc=0.768 | Vl loss=0.2833 mae=0.360 r2=0.554 pcc=0.770 | ES 54/80
Epoch 00083: reducing learning rate of group 0 to 1.0000e-06.
  Ep  83/300 | Tr loss=0.2695 mae=0.362 r2=0.587 pcc=0.767 | Vl loss=0.2826 mae=0.359 r2=0.555 pcc=0.770 | ES 55/80
2026-05-07 22:10:28,314 | INFO |   Ep  83/300 | Tr loss=0.2695 mae=0.362 r2=0.587 pcc=0.767 | Vl loss=0.2826 mae=0.359 r2=0.555 pcc=0.770 | ES 55/80
  Ep  84/300 | Tr loss=0.2684 mae=0.361 r2=0.589 pcc=0.768 | Vl loss=0.2810 mae=0.356 r2=0.557 pcc=0.771 | ES 56/80
2026-05-07 22:10:55,868 | INFO |   Ep  84/300 | Tr loss=0.2684 mae=0.361 r2=0.589 pcc=0.768 | Vl loss=0.2810 mae=0.356 r2=0.557 pcc=0.771 | ES 56/80
  Ep  85/300 | Tr loss=0.2701 mae=0.364 r2=0.586 pcc=0.766 | Vl loss=0.2819 mae=0.357 r2=0.556 pcc=0.770 | ES 57/80
2026-05-07 22:11:23,369 | INFO |   Ep  85/300 | Tr loss=0.2701 mae=0.364 r2=0.586 pcc=0.766 | Vl loss=0.2819 mae=0.357 r2=0.556 pcc=0.770 | ES 57/80
  Ep  86/300 | Tr loss=0.2692 mae=0.363 r2=0.587 pcc=0.767 | Vl loss=0.2825 mae=0.358 r2=0.555 pcc=0.770 | ES 58/80
2026-05-07 22:11:50,914 | INFO |   Ep  86/300 | Tr loss=0.2692 mae=0.363 r2=0.587 pcc=0.767 | Vl loss=0.2825 mae=0.358 r2=0.555 pcc=0.770 | ES 58/80
  Ep  87/300 | Tr loss=0.2714 mae=0.363 r2=0.584 pcc=0.765 | Vl loss=0.2843 mae=0.362 r2=0.552 pcc=0.769 | ES 59/80
2026-05-07 22:12:18,724 | INFO |   Ep  87/300 | Tr loss=0.2714 mae=0.363 r2=0.584 pcc=0.765 | Vl loss=0.2843 mae=0.362 r2=0.552 pcc=0.769 | ES 59/80
  Ep  88/300 | Tr loss=0.2674 mae=0.361 r2=0.590 pcc=0.769 | Vl loss=0.2817 mae=0.357 r2=0.556 pcc=0.770 | ES 60/80
2026-05-07 22:12:46,227 | INFO |   Ep  88/300 | Tr loss=0.2674 mae=0.361 r2=0.590 pcc=0.769 | Vl loss=0.2817 mae=0.357 r2=0.556 pcc=0.770 | ES 60/80
  Ep  89/300 | Tr loss=0.2710 mae=0.363 r2=0.585 pcc=0.766 | Vl loss=0.2814 mae=0.356 r2=0.557 pcc=0.770 | ES 61/80
2026-05-07 22:13:14,017 | INFO |   Ep  89/300 | Tr loss=0.2710 mae=0.363 r2=0.585 pcc=0.766 | Vl loss=0.2814 mae=0.356 r2=0.557 pcc=0.770 | ES 61/80
  Ep  90/300 | Tr loss=0.2737 mae=0.367 r2=0.581 pcc=0.763 | Vl loss=0.2822 mae=0.357 r2=0.555 pcc=0.770 | ES 62/80
2026-05-07 22:13:41,830 | INFO |   Ep  90/300 | Tr loss=0.2737 mae=0.367 r2=0.581 pcc=0.763 | Vl loss=0.2822 mae=0.357 r2=0.555 pcc=0.770 | ES 62/80
  Ep  91/300 | Tr loss=0.2715 mae=0.363 r2=0.584 pcc=0.765 | Vl loss=0.2815 mae=0.356 r2=0.557 pcc=0.770 | ES 63/80
2026-05-07 22:14:09,670 | INFO |   Ep  91/300 | Tr loss=0.2715 mae=0.363 r2=0.584 pcc=0.765 | Vl loss=0.2815 mae=0.356 r2=0.557 pcc=0.770 | ES 63/80
  Ep  92/300 | Tr loss=0.2725 mae=0.365 r2=0.582 pcc=0.764 | Vl loss=0.2852 mae=0.362 r2=0.551 pcc=0.769 | ES 64/80
2026-05-07 22:14:37,220 | INFO |   Ep  92/300 | Tr loss=0.2725 mae=0.365 r2=0.582 pcc=0.764 | Vl loss=0.2852 mae=0.362 r2=0.551 pcc=0.769 | ES 64/80
  Ep  93/300 | Tr loss=0.2700 mae=0.364 r2=0.586 pcc=0.767 | Vl loss=0.2819 mae=0.357 r2=0.556 pcc=0.770 | ES 65/80
2026-05-07 22:15:04,791 | INFO |   Ep  93/300 | Tr loss=0.2700 mae=0.364 r2=0.586 pcc=0.767 | Vl loss=0.2819 mae=0.357 r2=0.556 pcc=0.770 | ES 65/80
  Ep  94/300 | Tr loss=0.2708 mae=0.363 r2=0.586 pcc=0.766 | Vl loss=0.2829 mae=0.359 r2=0.554 pcc=0.770 | ES 66/80
2026-05-07 22:15:32,803 | INFO |   Ep  94/300 | Tr loss=0.2708 mae=0.363 r2=0.586 pcc=0.766 | Vl loss=0.2829 mae=0.359 r2=0.554 pcc=0.770 | ES 66/80
  Ep  95/300 | Tr loss=0.2696 mae=0.362 r2=0.587 pcc=0.767 | Vl loss=0.2821 mae=0.357 r2=0.556 pcc=0.770 | ES 67/80
2026-05-07 22:16:00,792 | INFO |   Ep  95/300 | Tr loss=0.2696 mae=0.362 r2=0.587 pcc=0.767 | Vl loss=0.2821 mae=0.357 r2=0.556 pcc=0.770 | ES 67/80
  Ep  96/300 | Tr loss=0.2654 mae=0.360 r2=0.593 pcc=0.771 | Vl loss=0.2807 mae=0.355 r2=0.558 pcc=0.770 | ES 68/80
2026-05-07 22:16:28,532 | INFO |   Ep  96/300 | Tr loss=0.2654 mae=0.360 r2=0.593 pcc=0.771 | Vl loss=0.2807 mae=0.355 r2=0.558 pcc=0.770 | ES 68/80
  Ep  97/300 | Tr loss=0.2680 mae=0.362 r2=0.589 pcc=0.768 | Vl loss=0.2829 mae=0.359 r2=0.554 pcc=0.770 | ES 69/80
2026-05-07 22:16:56,281 | INFO |   Ep  97/300 | Tr loss=0.2680 mae=0.362 r2=0.589 pcc=0.768 | Vl loss=0.2829 mae=0.359 r2=0.554 pcc=0.770 | ES 69/80
  Ep  98/300 | Tr loss=0.2703 mae=0.363 r2=0.586 pcc=0.766 | Vl loss=0.2818 mae=0.357 r2=0.556 pcc=0.770 | ES 70/80
2026-05-07 22:17:23,983 | INFO |   Ep  98/300 | Tr loss=0.2703 mae=0.363 r2=0.586 pcc=0.766 | Vl loss=0.2818 mae=0.357 r2=0.556 pcc=0.770 | ES 70/80
  Ep  99/300 | Tr loss=0.2729 mae=0.365 r2=0.582 pcc=0.764 | Vl loss=0.2827 mae=0.358 r2=0.555 pcc=0.770 | ES 71/80
2026-05-07 22:17:51,594 | INFO |   Ep  99/300 | Tr loss=0.2729 mae=0.365 r2=0.582 pcc=0.764 | Vl loss=0.2827 mae=0.358 r2=0.555 pcc=0.770 | ES 71/80
  Ep 100/300 | Tr loss=0.2692 mae=0.361 r2=0.587 pcc=0.767 | Vl loss=0.2821 mae=0.357 r2=0.556 pcc=0.770 | ES 72/80
2026-05-07 22:18:19,293 | INFO |   Ep 100/300 | Tr loss=0.2692 mae=0.361 r2=0.587 pcc=0.767 | Vl loss=0.2821 mae=0.357 r2=0.556 pcc=0.770 | ES 72/80
  Ep 101/300 | Tr loss=0.2653 mae=0.358 r2=0.593 pcc=0.771 | Vl loss=0.2811 mae=0.356 r2=0.557 pcc=0.770 | ES 73/80
2026-05-07 22:18:47,518 | INFO |   Ep 101/300 | Tr loss=0.2653 mae=0.358 r2=0.593 pcc=0.771 | Vl loss=0.2811 mae=0.356 r2=0.557 pcc=0.770 | ES 73/80
  Ep 102/300 | Tr loss=0.2690 mae=0.362 r2=0.587 pcc=0.767 | Vl loss=0.2822 mae=0.358 r2=0.556 pcc=0.770 | ES 74/80
2026-05-07 22:19:15,310 | INFO |   Ep 102/300 | Tr loss=0.2690 mae=0.362 r2=0.587 pcc=0.767 | Vl loss=0.2822 mae=0.358 r2=0.556 pcc=0.770 | ES 74/80
  Ep 103/300 | Tr loss=0.2681 mae=0.362 r2=0.590 pcc=0.769 | Vl loss=0.2820 mae=0.358 r2=0.556 pcc=0.770 | ES 75/80
2026-05-07 22:19:43,009 | INFO |   Ep 103/300 | Tr loss=0.2681 mae=0.362 r2=0.590 pcc=0.769 | Vl loss=0.2820 mae=0.358 r2=0.556 pcc=0.770 | ES 75/80
  Ep 104/300 | Tr loss=0.2715 mae=0.364 r2=0.584 pcc=0.765 | Vl loss=0.2793 mae=0.353 r2=0.560 pcc=0.771 | ES 76/80
2026-05-07 22:20:10,694 | INFO |   Ep 104/300 | Tr loss=0.2715 mae=0.364 r2=0.584 pcc=0.765 | Vl loss=0.2793 mae=0.353 r2=0.560 pcc=0.771 | ES 76/80
  Ep 105/300 | Tr loss=0.2677 mae=0.361 r2=0.590 pcc=0.769 | Vl loss=0.2823 mae=0.358 r2=0.555 pcc=0.770 | ES 77/80
2026-05-07 22:20:38,381 | INFO |   Ep 105/300 | Tr loss=0.2677 mae=0.361 r2=0.590 pcc=0.769 | Vl loss=0.2823 mae=0.358 r2=0.555 pcc=0.770 | ES 77/80
  Ep 106/300 | Tr loss=0.2694 mae=0.363 r2=0.587 pcc=0.767 | Vl loss=0.2807 mae=0.355 r2=0.558 pcc=0.771 | ES 78/80
2026-05-07 22:21:06,305 | INFO |   Ep 106/300 | Tr loss=0.2694 mae=0.363 r2=0.587 pcc=0.767 | Vl loss=0.2807 mae=0.355 r2=0.558 pcc=0.771 | ES 78/80
  Ep 107/300 | Tr loss=0.2665 mae=0.361 r2=0.591 pcc=0.770 | Vl loss=0.2833 mae=0.359 r2=0.554 pcc=0.770 | ES 79/80
2026-05-07 22:21:33,913 | INFO |   Ep 107/300 | Tr loss=0.2665 mae=0.361 r2=0.591 pcc=0.770 | Vl loss=0.2833 mae=0.359 r2=0.554 pcc=0.770 | ES 79/80
  Ep 108/300 | Tr loss=0.2687 mae=0.362 r2=0.589 pcc=0.768 | Vl loss=0.2804 mae=0.354 r2=0.558 pcc=0.771 | ES 80/80
2026-05-07 22:22:01,577 | INFO |   Ep 108/300 | Tr loss=0.2687 mae=0.362 r2=0.589 pcc=0.768 | Vl loss=0.2804 mae=0.354 r2=0.558 pcc=0.771 | ES 80/80

  ⏹  Early stopping at epoch 108 (best=28)
2026-05-07 22:22:01,578 | INFO | Early stopping at epoch 108 best=28

✓ Training complete!

  ── Final Test Results (best epoch = 28) ──────────────────
  Loss : 0.2227
  RMSE : 0.4730
  MAE  : 0.3548
  R²   : 0.5799
  ✓ Saved → /mvdlph/masa/GCN_SingleView_Regression_Results/run_2026_05_07_21_31_40/plots/loss_curve.png
  ✓ Saved → /mvdlph/masa/GCN_SingleView_Regression_Results/run_2026_05_07_21_31_40/plots/rmse_mae.png
  ✓ Saved → /mvdlph/masa/GCN_SingleView_Regression_Results/run_2026_05_07_21_31_40/plots/r2_curve.png
  ✓ Saved → /mvdlph/masa/GCN_SingleView_Regression_Results/run_2026_05_07_21_31_40/plots/pcc_curve.png
  ✓ Saved → /mvdlph/masa/GCN_SingleView_Regression_Results/run_2026_05_07_21_31_40/plots/regression_scatter_test.png
  ✓ Saved → /mvdlph/masa/GCN_SingleView_Regression_Results/run_2026_05_07_21_31_40/plots/early_stopping.png
  ✓ History → /mvdlph/masa/GCN_SingleView_Regression_Results/run_2026_05_07_21_31_40/logs/training_history.json
============================================================
DIAGNOSTIC 1: Per-exercise skeleton variance (C0)
============================================================
  Exercise      X-var      Y-var      Z-var  Z/X ratio
-------------------------------------------------------
        E0     0.0459     0.0678     0.0083      0.181
        E1     0.0503     0.0691     0.0089      0.178
        E2     0.0418     0.0730     0.0097      0.232
        E3     0.0478     0.0716     0.0102      0.213
        E4     0.0504     0.0719     0.0100      0.199
        E5     0.0437     0.0658     0.0087      0.199
        E6     0.0494     0.0712     0.0096      0.194
        E7     0.0497     0.0706     0.0095      0.192
        E8     0.0443     0.0672     0.0091      0.206
        E9     0.0512     0.0717     0.0097      0.190

============================================================
DIAGNOSTIC 2: Quality score distribution per split
============================================================
 Train: mean=4.124 std=0.808 min=1.44 max=5.00 | correct=6950 erroneous=3777
   Val: mean=4.137 std=0.797 min=1.34 max=5.00 | correct=1504 erroneous=800
  Test: mean=4.128 std=0.730 min=2.42 max=5.00 | correct=1503 erroneous=838
========================================================================
  Exercise         n      MAE     RMSE       R²      PCC
────────────────────────────────────────────────────────────────────────
  E0             291   0.3394   0.4424   0.6219   0.8292
  E1             389   0.3716   0.4467   0.7340   0.8625
  E2             208   0.2892   0.3693   0.2939   0.9326
  E3             178   0.3955   0.5131   0.2890   0.6320
  E4             121   0.4082   0.4777   0.5065   0.7429
  E5             337   0.2783   0.3759   0.4595   0.7626
  E6             182   0.3370   0.3997   0.4250   0.7478
  E7             172   0.4265   0.5810   0.2687   0.5282
  E8             211   0.3232   0.5197   0.7185   0.8830
  E9             252   0.4395   0.6127  -0.2677   0.5707
────────────────────────────────────────────────────────────────────────
  Overall       2341   0.3548   0.4730   0.5799   0.7757
========================================================================

  ✓ Per-exercise CSV → /mvdlph/masa/GCN_SingleView_Regression_Results/run_2026_05_07_21_31_40/logs/per_exercise_metrics.csv
  ✓ Per-exercise scatter grid → /mvdlph/masa/GCN_SingleView_Regression_Results/run_2026_05_07_21_31_40/plots/per_exercise_scatter.png
  ✓ Per-exercise bar chart → /mvdlph/masa/GCN_SingleView_Regression_Results/run_2026_05_07_21_31_40/plots/per_exercise_bar.png
============================================================
  TRAINING SUMMARY — ST-GCN Regression (Single View)
============================================================
  Best Epoch       : 28  (stopped at 108)
  Best Val MAE     : 0.3448
  Best Val RMSE    : 0.5189
  Best Val R²      : 0.5760
  Best Val PCC     : 0.7750
  Test PCC         : 0.7757
2026-05-07 22:22:13,570 | INFO | Best Epoch=28  stopped_epoch=108
2026-05-07 22:22:13,571 | INFO | Test MAE=0.3548
2026-05-07 22:22:13,571 | INFO | Test RMSE=0.4730
2026-05-07 22:22:13,571 | INFO | Test R²=0.5799

✓ Summary CSV (overall + per-exercise) → /mvdlph/masa/GCN_SingleView_Regression_Results/training_summary.csv
