✓ Logging to /mvdlph/masa/GCN_SingleView_Regression_Results/run_2026_06_06_01_21_07/logs/training_20260606_012108.log
2026-06-06 01:21:08,050 | INFO | ======================================================================
2026-06-06 01:21:08,050 | INFO | ST-GCN Mid-Fusion Multi-View Regression | BZU Physiotherapy Dataset
2026-06-06 01:21:08,050 | INFO | ======================================================================
✓ parse_filename and load_skeleton defined
✓ Skeleton visualisation helpers defined

[TRAIN] NPZ files found: 9477
  Samples          : 9477
  Unique trials    : 327
  Quality mean±std : 4.127 ± 0.812

[VALID] NPZ files found: 2790
  Samples          : 2790
  Unique trials    : 100
  Quality mean±std : 4.232 ± 0.741

[TEST] NPZ files found: 3108
  Samples          : 3108
  Unique trials    : 107
  Quality mean±std : 4.031 ± 0.777

Filtering camera completeness...
  [TRAIN] ⚠️  Skipped 246 files from 13 incomplete groups
  [VALID] ⚠️  Skipped 133 files from 8 incomplete groups
  [TEST] ✓ All groups have complete 3-camera coverage

Checking for corrupted files...
  [TRAIN] Removing 1 corrupted file(s)
  [TRAIN] Clean samples: 9230
  [VALID] Clean samples: 2657
  [TEST] Removing 2 corrupted file(s)
  [TEST] Clean samples: 3106

Excluding exercises...
  [TRAIN] Excluded E[3, 7, 9] → 2940 dropped, 6290 remain
  [VALID] Excluded E[3, 7, 9] → 656 dropped, 2001 remain
  [TEST] Excluded E[3, 7, 9] → 820 dropped, 2286 remain

  Exercise ID remap: {0: 0, 1: 1, 2: 2, 4: 3, 5: 4, 6: 5, 8: 6}

✓ No data-leakage detected across splits

════════════════════════════════════════════════════════════════════
  Split     Samples   Unique trials   Q mean   Q std
  ──────────────────────────────────────────────────────────────────
  Train        2061             216    4.142   0.844
  Val           651              69    4.203   0.803
  Test          751              79    4.069   0.814
════════════════════════════════════════════════════════════════════

✓ Multi-view index ready
0    3497
1    3547
2    3533
Name: camera, dtype: int64

الكاميرات الموجودة: [0, 1, 2]
camera      0    1    2
exercise               
0         569  577  573
1         532  539  536
2         433  445  444
3         522  532  524
4         506  516  515
5         509  508  512
6         426  430  429
E0: correct=3 trials, erroneous=4 trials
E1: correct=3 trials, erroneous=4 trials
E2: correct=3 trials, erroneous=4 trials
E3: correct=3 trials, erroneous=4 trials
E4: correct=3 trials, erroneous=4 trials
E5: correct=3 trials, erroneous=4 trials
E6: correct=3 trials, erroneous=4 trials

==================================================
  Train
==================================================
            mean     var  count
exercise                       
0         3.7666  0.9689    961
1         3.9712  0.7814    965
2         4.1213  0.5137    769
3         3.9478  0.9517    970
4         4.4163  0.2613    904
5         4.5599  0.3748    934
6         4.2859  0.5489    787

==================================================
  Val
==================================================
            mean     var  count
exercise                       
0         3.5421  0.8099    294
1         4.1279  0.5643    316
2         4.0944  0.7921    295
3         4.0298  0.7015    322
4         4.5072  0.2006    312
5         4.4658  0.2797    281
6         4.9000  0.0000    181

==================================================
  Test
==================================================
            mean     var  count
exercise                       
0         3.6497  0.6139    464
1         4.1929  0.6874    326
2         4.0202  0.6972    258
3         3.6531  0.5744    286
4         4.2727  0.3202    321
5         4.5168  0.4289    314
6         4.2798  0.6464    317

============================================================
  All Splits Combined
============================================================
                  mean     var  count
split exercise                       
Test  0         3.6497  0.6139    464
      1         4.1929  0.6874    326
      2         4.0202  0.6972    258
      3         3.6531  0.5744    286
      4         4.2727  0.3202    321
      5         4.5168  0.4289    314
      6         4.2798  0.6464    317
Train 0         3.7666  0.9689    961
      1         3.9712  0.7814    965
      2         4.1213  0.5137    769
      3         3.9478  0.9517    970
      4         4.4163  0.2613    904
      5         4.5599  0.3748    934
      6         4.2859  0.5489    787
Val   0         3.5421  0.8099    294
      1         4.1279  0.5643    316
      2         4.0944  0.7921    295
      3         4.0298  0.7015    322
      4         4.5072  0.2006    312
      5         4.4658  0.2797    281
      6         4.9000  0.0000    181
Frame length distribution (sample of 500 files):
  min    = 31
  max    = 917
  mean   = 102.3
  median = 92.0
  std    = 56.2

Percentiles:
   25th = 73
   50th = 92
   75th = 123
   90th = 151
   95th = 172
   99th = 239

Value counts (top 10):
    78 frames →   15 files (3.0%)
    76 frames →   11 files (2.2%)
    92 frames →   10 files (2.0%)
    77 frames →    9 files (1.8%)
    74 frames →    9 files (1.8%)
   125 frames →    8 files (1.6%)
    99 frames →    8 files (1.6%)
    79 frames →    8 files (1.6%)
    73 frames →    8 files (1.6%)
    61 frames →    8 files (1.6%)
person                                                     P0
exercise                                                    0
trial_id                                                   T0
segment                                                     0
filepath    /mvdlph/Dataset_CVDLPT_Videos_Segments_P0P15_M...
Name: 10, dtype: object
Skeleton shape : (61, 17, 3)
X range : [-0.369, 0.592]
Y range : [-0.193, 0.198]
Z range : [0.000, 0.994]
  ✓ Skeleton plot saved → /mvdlph/masa/GCN_SingleView_Regression_Results/run_2026_06_06_01_21_07/plots/sample_skeleton_3views.png
  ✓ Motion frames saved → /mvdlph/masa/GCN_SingleView_Regression_Results/run_2026_06_06_01_21_07/plots/sample_skeleton_motion.png
Axis ranges across all frames:
X: [-0.369, 0.592] — likely left/right
Y: [-0.193, 0.198] — likely ???
Z: [0.000, 0.994] — likely height

Hip  mean XYZ: [0.         0.         0.32057488]
Head mean XYZ: [-0.14265826 -0.18420231  0.9668146 ]

Difference (head - hip): [-0.14265826 -0.18420231  0.6462397 ]

Camera 0:
  Hip  XYZ: [0.    0.    0.324]
  Head XYZ: [-0.144 -0.183  0.968]
  X range: [-0.37, 0.59]
  Z range: [0.00, 0.99]

Camera 1:
  Hip  XYZ: [0.    0.    0.321]
  Head XYZ: [-0.143 -0.184  0.967]
  X range: [-0.37, 0.59]
  Z range: [0.00, 0.99]

Camera 2:
  Hip  XYZ: [0.    0.    0.316]
  Head XYZ: [-0.142 -0.185  0.966]
  X range: [-0.37, 0.59]
  Z range: [0.00, 0.99]
✓ BZUMultiViewDataset defined

✓ STGCN_MidFusion sanity check passed — output shape: torch.Size([2])
✓ Total trainable parameters: 3,112,988
✓ STGCN_MidFusion defined
Device : cuda
GPU    : Tesla V100-PCIE-32GB
✓ centre_and_scale and run_epoch defined
=================================================================
Quality score distribution audit
=================================================================
  ✓ Saved → /mvdlph/masa/GCN_SingleView_Regression_Results/run_2026_06_06_01_21_07/plots/split_quality_distributions.png

Split    Type              n    mean     std    min    25%    50%    75%    max
----------------------------------------------------------------------
Train    Correct (T≤2)   3925   4.654   0.319   3.68   4.48   4.74   4.90   5.00
Train    Erroneous (T≥3)   2365   3.301   0.759   1.34   2.86   3.44   3.84   4.67

Val      Correct (T≤2)   1347   4.674   0.338   3.56   4.64   4.82   4.90   5.00
Val      Erroneous (T≥3)    654   3.216   0.557   2.28   2.72   3.20   3.72   4.06

Test     Correct (T≤2)   1417   4.610   0.367   3.58   4.38   4.72   4.88   5.00
Test     Erroneous (T≥3)    869   3.171   0.495   2.18   2.70   3.22   3.48   4.28

=================================================================
Person distribution across splits
=================================================================
  Train : ['P0', 'P10', 'P14', 'P15', 'P2', 'P3', 'P4', 'P5', 'P7']
  Val   : ['P1', 'P11', 'P6']
  Test  : ['P12', 'P13', 'P8', 'P9']

Per-person quality mean per split:

  Train:
         mean    std  count
person                     
P0      4.572  0.395    521
P10     3.290  0.862   1041
P14     3.676  0.814    948
P15     3.582  0.745    947
P2      4.836  0.104    544
P3      4.646  0.200    511
P4      4.643  0.254    577
P5      4.756  0.236    607
P7      4.747  0.204    594

  Val:
         mean    std  count
person                     
P1      4.861  0.095    606
P11     3.412  0.669    814
P6      4.605  0.318    581

  Test:
         mean    std  count
person                     
P12     3.139  0.592    530
P13     3.632  0.620    555
P8      4.736  0.247    598
P9      4.606  0.363    603

=================================================================
Exercise balance across splits
=================================================================
    Train  Val  Test  Train%  Val%  Test%
E0    961  294   464    15.3  14.7   20.3
E1    965  316   326    15.3  15.8   14.3
E2    769  295   258    12.2  14.7   11.3
E3    970  322   286    15.4  16.1   12.5
E4    904  312   321    14.4  15.6   14.0
E5    934  281   314    14.8  14.0   13.7
E6    787  181   317    12.5   9.0   13.9
✓ Plotting helpers defined
✓ EarlyStopping defined
2026-06-06 01:21:39,711 | INFO | ======================================================================
2026-06-06 01:21:39,712 | INFO | STARTING MID-FUSION ST-GCN TRAINING  (Early Stopping on MAE)
2026-06-06 01:21:39,712 | INFO |   Encoder: 6→64 per camera  |  Fused: 192 channels
2026-06-06 01:21:39,713 | INFO |   train=2061  val=651  test=751
2026-06-06 01:21:39,713 | INFO | ======================================================================

════════════════════════════════════════════════════════════════════
  MID-FUSION | Train: 2061  Val: 651  Test: 751
  Encoder: 6→64 per cam → concat 192 channels → ST-GCN
  Patience: 100  |  LR: 0.0001  |  Batch: 24
════════════════════════════════════════════════════════════════════
  Ep   1/300 | Tr loss=0.4504 mae=0.819 r2=-0.227 pcc=0.237 | Vl loss=0.1376 mae=0.419 r2=0.542 pcc=0.872 | ES 0/100 ★
2026-06-06 01:22:03,243 | INFO |   Ep   1/300 | Tr loss=0.4504 mae=0.819 r2=-0.227 pcc=0.237 | Vl loss=0.1376 mae=0.419 r2=0.542 pcc=0.872 | ES 0/100 ★
    ★ val_mae=0.4190  rmse=0.5425  r2=0.5423  pcc=0.8725
  Ep   2/300 | Tr loss=0.2568 mae=0.581 r2=0.410 pcc=0.669 | Vl loss=0.1092 mae=0.390 r2=0.668 pcc=0.873 | ES 0/100 ★
2026-06-06 01:22:25,127 | INFO |   Ep   2/300 | Tr loss=0.2568 mae=0.581 r2=0.410 pcc=0.669 | Vl loss=0.1092 mae=0.390 r2=0.668 pcc=0.873 | ES 0/100 ★
    ★ val_mae=0.3903  rmse=0.4623  r2=0.6676  pcc=0.8730
  Ep   3/300 | Tr loss=0.2310 mae=0.547 r2=0.469 pcc=0.696 | Vl loss=0.0878 mae=0.323 r2=0.722 pcc=0.862 | ES 0/100 ★
2026-06-06 01:22:47,235 | INFO |   Ep   3/300 | Tr loss=0.2310 mae=0.547 r2=0.469 pcc=0.696 | Vl loss=0.0878 mae=0.323 r2=0.722 pcc=0.862 | ES 0/100 ★
    ★ val_mae=0.3226  rmse=0.4229  r2=0.7219  pcc=0.8619
  Ep   4/300 | Tr loss=0.2103 mae=0.516 r2=0.511 pcc=0.723 | Vl loss=0.1090 mae=0.361 r2=0.646 pcc=0.829 | ES 1/100
2026-06-06 01:23:09,229 | INFO |   Ep   4/300 | Tr loss=0.2103 mae=0.516 r2=0.511 pcc=0.723 | Vl loss=0.1090 mae=0.361 r2=0.646 pcc=0.829 | ES 1/100
  Ep   5/300 | Tr loss=0.2136 mae=0.519 r2=0.522 pcc=0.728 | Vl loss=0.0993 mae=0.328 r2=0.674 pcc=0.834 | ES 2/100
2026-06-06 01:23:31,009 | INFO |   Ep   5/300 | Tr loss=0.2136 mae=0.519 r2=0.522 pcc=0.728 | Vl loss=0.0993 mae=0.328 r2=0.674 pcc=0.834 | ES 2/100
  Ep   6/300 | Tr loss=0.2083 mae=0.510 r2=0.509 pcc=0.720 | Vl loss=0.1068 mae=0.363 r2=0.662 pcc=0.828 | ES 3/100
2026-06-06 01:23:52,461 | INFO |   Ep   6/300 | Tr loss=0.2083 mae=0.510 r2=0.509 pcc=0.720 | Vl loss=0.1068 mae=0.363 r2=0.662 pcc=0.828 | ES 3/100
  Ep   7/300 | Tr loss=0.2077 mae=0.516 r2=0.517 pcc=0.725 | Vl loss=0.2936 mae=0.657 r2=0.062 pcc=0.684 | ES 4/100
2026-06-06 01:24:13,940 | INFO |   Ep   7/300 | Tr loss=0.2077 mae=0.516 r2=0.517 pcc=0.725 | Vl loss=0.2936 mae=0.657 r2=0.062 pcc=0.684 | ES 4/100
  Ep   8/300 | Tr loss=0.1963 mae=0.497 r2=0.558 pcc=0.751 | Vl loss=0.2395 mae=0.602 r2=0.228 pcc=0.623 | ES 5/100
2026-06-06 01:24:35,276 | INFO |   Ep   8/300 | Tr loss=0.1963 mae=0.497 r2=0.558 pcc=0.751 | Vl loss=0.2395 mae=0.602 r2=0.228 pcc=0.623 | ES 5/100
  Ep   9/300 | Tr loss=0.1920 mae=0.488 r2=0.565 pcc=0.756 | Vl loss=0.2983 mae=0.654 r2=-0.035 pcc=0.594 | ES 6/100
2026-06-06 01:24:56,559 | INFO |   Ep   9/300 | Tr loss=0.1920 mae=0.488 r2=0.565 pcc=0.756 | Vl loss=0.2983 mae=0.654 r2=-0.035 pcc=0.594 | ES 6/100
  Ep  10/300 | Tr loss=0.1977 mae=0.492 r2=0.545 pcc=0.744 | Vl loss=0.3256 mae=0.719 r2=-0.114 pcc=0.557 | ES 7/100
2026-06-06 01:25:17,953 | INFO |   Ep  10/300 | Tr loss=0.1977 mae=0.492 r2=0.545 pcc=0.744 | Vl loss=0.3256 mae=0.719 r2=-0.114 pcc=0.557 | ES 7/100
  Ep  11/300 | Tr loss=0.1893 mae=0.482 r2=0.563 pcc=0.754 | Vl loss=0.3139 mae=0.689 r2=-0.073 pcc=0.676 | ES 8/100
2026-06-06 01:25:39,189 | INFO |   Ep  11/300 | Tr loss=0.1893 mae=0.482 r2=0.563 pcc=0.754 | Vl loss=0.3139 mae=0.689 r2=-0.073 pcc=0.676 | ES 8/100
  Ep  12/300 | Tr loss=0.1874 mae=0.485 r2=0.586 pcc=0.769 | Vl loss=0.2827 mae=0.655 r2=0.039 pcc=0.610 | ES 9/100
2026-06-06 01:26:00,356 | INFO |   Ep  12/300 | Tr loss=0.1874 mae=0.485 r2=0.586 pcc=0.769 | Vl loss=0.2827 mae=0.655 r2=0.039 pcc=0.610 | ES 9/100
  Ep  13/300 | Tr loss=0.1705 mae=0.455 r2=0.624 pcc=0.792 | Vl loss=0.2825 mae=0.656 r2=0.055 pcc=0.622 | ES 10/100
2026-06-06 01:26:21,574 | INFO |   Ep  13/300 | Tr loss=0.1705 mae=0.455 r2=0.624 pcc=0.792 | Vl loss=0.2825 mae=0.656 r2=0.055 pcc=0.622 | ES 10/100
  Ep  14/300 | Tr loss=0.1807 mae=0.464 r2=0.600 pcc=0.778 | Vl loss=0.3479 mae=0.724 r2=-0.194 pcc=0.625 | ES 11/100
2026-06-06 01:26:42,675 | INFO |   Ep  14/300 | Tr loss=0.1807 mae=0.464 r2=0.600 pcc=0.778 | Vl loss=0.3479 mae=0.724 r2=-0.194 pcc=0.625 | ES 11/100
  Ep  15/300 | Tr loss=0.1728 mae=0.457 r2=0.608 pcc=0.782 | Vl loss=0.1850 mae=0.511 r2=0.395 pcc=0.712 | ES 12/100
2026-06-06 01:27:06,354 | INFO |   Ep  15/300 | Tr loss=0.1728 mae=0.457 r2=0.608 pcc=0.782 | Vl loss=0.1850 mae=0.511 r2=0.395 pcc=0.712 | ES 12/100
  Ep  16/300 | Tr loss=0.1777 mae=0.465 r2=0.592 pcc=0.772 | Vl loss=0.2241 mae=0.557 r2=0.244 pcc=0.630 | ES 13/100
2026-06-06 01:27:33,303 | INFO |   Ep  16/300 | Tr loss=0.1777 mae=0.465 r2=0.592 pcc=0.772 | Vl loss=0.2241 mae=0.557 r2=0.244 pcc=0.630 | ES 13/100
  Ep  17/300 | Tr loss=0.1777 mae=0.461 r2=0.611 pcc=0.783 | Vl loss=0.2879 mae=0.649 r2=0.016 pcc=0.623 | ES 14/100
2026-06-06 01:28:01,709 | INFO |   Ep  17/300 | Tr loss=0.1777 mae=0.461 r2=0.611 pcc=0.783 | Vl loss=0.2879 mae=0.649 r2=0.016 pcc=0.623 | ES 14/100
  Ep  18/300 | Tr loss=0.1596 mae=0.442 r2=0.646 pcc=0.805 | Vl loss=0.1950 mae=0.497 r2=0.344 pcc=0.667 | ES 15/100
2026-06-06 01:28:30,177 | INFO |   Ep  18/300 | Tr loss=0.1596 mae=0.442 r2=0.646 pcc=0.805 | Vl loss=0.1950 mae=0.497 r2=0.344 pcc=0.667 | ES 15/100
  Ep  19/300 | Tr loss=0.1693 mae=0.452 r2=0.602 pcc=0.779 | Vl loss=0.1700 mae=0.452 r2=0.426 pcc=0.685 | ES 16/100
2026-06-06 01:28:58,517 | INFO |   Ep  19/300 | Tr loss=0.1693 mae=0.452 r2=0.602 pcc=0.779 | Vl loss=0.1700 mae=0.452 r2=0.426 pcc=0.685 | ES 16/100
  Ep  20/300 | Tr loss=0.1701 mae=0.454 r2=0.631 pcc=0.797 | Vl loss=0.2718 mae=0.627 r2=0.051 pcc=0.564 | ES 17/100
2026-06-06 01:29:27,512 | INFO |   Ep  20/300 | Tr loss=0.1701 mae=0.454 r2=0.631 pcc=0.797 | Vl loss=0.2718 mae=0.627 r2=0.051 pcc=0.564 | ES 17/100
  Ep  21/300 | Tr loss=0.1747 mae=0.460 r2=0.607 pcc=0.781 | Vl loss=0.3057 mae=0.671 r2=-0.064 pcc=0.549 | ES 18/100
2026-06-06 01:29:50,446 | INFO |   Ep  21/300 | Tr loss=0.1747 mae=0.460 r2=0.607 pcc=0.781 | Vl loss=0.3057 mae=0.671 r2=-0.064 pcc=0.549 | ES 18/100
  Ep  22/300 | Tr loss=0.1644 mae=0.440 r2=0.615 pcc=0.785 | Vl loss=0.2131 mae=0.516 r2=0.269 pcc=0.690 | ES 19/100
2026-06-06 01:30:11,829 | INFO |   Ep  22/300 | Tr loss=0.1644 mae=0.440 r2=0.615 pcc=0.785 | Vl loss=0.2131 mae=0.516 r2=0.269 pcc=0.690 | ES 19/100
  Ep  23/300 | Tr loss=0.1679 mae=0.448 r2=0.615 pcc=0.787 | Vl loss=0.2686 mae=0.627 r2=0.079 pcc=0.589 | ES 20/100
2026-06-06 01:30:33,145 | INFO |   Ep  23/300 | Tr loss=0.1679 mae=0.448 r2=0.615 pcc=0.787 | Vl loss=0.2686 mae=0.627 r2=0.079 pcc=0.589 | ES 20/100
  Ep  24/300 | Tr loss=0.1644 mae=0.448 r2=0.613 pcc=0.785 | Vl loss=0.2398 mae=0.596 r2=0.187 pcc=0.554 | ES 21/100
2026-06-06 01:30:54,328 | INFO |   Ep  24/300 | Tr loss=0.1644 mae=0.448 r2=0.613 pcc=0.785 | Vl loss=0.2398 mae=0.596 r2=0.187 pcc=0.554 | ES 21/100
  Ep  25/300 | Tr loss=0.1644 mae=0.441 r2=0.645 pcc=0.805 | Vl loss=0.2252 mae=0.542 r2=0.223 pcc=0.611 | ES 22/100
2026-06-06 01:31:15,670 | INFO |   Ep  25/300 | Tr loss=0.1644 mae=0.441 r2=0.645 pcc=0.805 | Vl loss=0.2252 mae=0.542 r2=0.223 pcc=0.611 | ES 22/100
  Ep  26/300 | Tr loss=0.1606 mae=0.440 r2=0.638 pcc=0.800 | Vl loss=0.2393 mae=0.559 r2=0.176 pcc=0.636 | ES 23/100
2026-06-06 01:31:37,403 | INFO |   Ep  26/300 | Tr loss=0.1606 mae=0.440 r2=0.638 pcc=0.800 | Vl loss=0.2393 mae=0.559 r2=0.176 pcc=0.636 | ES 23/100
  Ep  27/300 | Tr loss=0.1649 mae=0.448 r2=0.653 pcc=0.809 | Vl loss=0.1448 mae=0.394 r2=0.517 pcc=0.753 | ES 24/100
2026-06-06 01:31:58,736 | INFO |   Ep  27/300 | Tr loss=0.1649 mae=0.448 r2=0.653 pcc=0.809 | Vl loss=0.1448 mae=0.394 r2=0.517 pcc=0.753 | ES 24/100
  Ep  28/300 | Tr loss=0.1625 mae=0.440 r2=0.625 pcc=0.792 | Vl loss=0.1498 mae=0.423 r2=0.503 pcc=0.743 | ES 25/100
2026-06-06 01:32:20,008 | INFO |   Ep  28/300 | Tr loss=0.1625 mae=0.440 r2=0.625 pcc=0.792 | Vl loss=0.1498 mae=0.423 r2=0.503 pcc=0.743 | ES 25/100
  Ep  29/300 | Tr loss=0.1603 mae=0.435 r2=0.630 pcc=0.795 | Vl loss=0.1829 mae=0.496 r2=0.394 pcc=0.699 | ES 26/100
2026-06-06 01:32:41,286 | INFO |   Ep  29/300 | Tr loss=0.1603 mae=0.435 r2=0.630 pcc=0.795 | Vl loss=0.1829 mae=0.496 r2=0.394 pcc=0.699 | ES 26/100
  Ep  30/300 | Tr loss=0.1527 mae=0.427 r2=0.654 pcc=0.810 | Vl loss=0.2252 mae=0.557 r2=0.235 pcc=0.637 | ES 27/100
2026-06-06 01:33:02,394 | INFO |   Ep  30/300 | Tr loss=0.1527 mae=0.427 r2=0.654 pcc=0.810 | Vl loss=0.2252 mae=0.557 r2=0.235 pcc=0.637 | ES 27/100
  Ep  31/300 | Tr loss=0.1516 mae=0.420 r2=0.649 pcc=0.807 | Vl loss=0.1689 mae=0.458 r2=0.433 pcc=0.706 | ES 28/100
2026-06-06 01:33:23,661 | INFO |   Ep  31/300 | Tr loss=0.1516 mae=0.420 r2=0.649 pcc=0.807 | Vl loss=0.1689 mae=0.458 r2=0.433 pcc=0.706 | ES 28/100
  Ep  32/300 | Tr loss=0.1557 mae=0.431 r2=0.637 pcc=0.799 | Vl loss=0.2332 mae=0.542 r2=0.196 pcc=0.657 | ES 29/100
2026-06-06 01:33:45,070 | INFO |   Ep  32/300 | Tr loss=0.1557 mae=0.431 r2=0.637 pcc=0.799 | Vl loss=0.2332 mae=0.542 r2=0.196 pcc=0.657 | ES 29/100
  Ep  33/300 | Tr loss=0.1542 mae=0.432 r2=0.665 pcc=0.816 | Vl loss=0.2110 mae=0.501 r2=0.273 pcc=0.673 | ES 30/100
2026-06-06 01:34:08,466 | INFO |   Ep  33/300 | Tr loss=0.1542 mae=0.432 r2=0.665 pcc=0.816 | Vl loss=0.2110 mae=0.501 r2=0.273 pcc=0.673 | ES 30/100
  Ep  34/300 | Tr loss=0.1571 mae=0.433 r2=0.649 pcc=0.808 | Vl loss=0.1738 mae=0.453 r2=0.418 pcc=0.730 | ES 31/100
2026-06-06 01:34:29,768 | INFO |   Ep  34/300 | Tr loss=0.1571 mae=0.433 r2=0.649 pcc=0.808 | Vl loss=0.1738 mae=0.453 r2=0.418 pcc=0.730 | ES 31/100
  Ep  35/300 | Tr loss=0.1492 mae=0.424 r2=0.679 pcc=0.825 | Vl loss=0.2659 mae=0.592 r2=0.067 pcc=0.582 | ES 32/100
2026-06-06 01:34:50,981 | INFO |   Ep  35/300 | Tr loss=0.1492 mae=0.424 r2=0.679 pcc=0.825 | Vl loss=0.2659 mae=0.592 r2=0.067 pcc=0.582 | ES 32/100
  Ep  36/300 | Tr loss=0.1609 mae=0.433 r2=0.636 pcc=0.799 | Vl loss=0.2220 mae=0.529 r2=0.248 pcc=0.651 | ES 33/100
2026-06-06 01:35:12,394 | INFO |   Ep  36/300 | Tr loss=0.1609 mae=0.433 r2=0.636 pcc=0.799 | Vl loss=0.2220 mae=0.529 r2=0.248 pcc=0.651 | ES 33/100
  Ep  37/300 | Tr loss=0.1609 mae=0.442 r2=0.637 pcc=0.800 | Vl loss=0.1532 mae=0.428 r2=0.493 pcc=0.746 | ES 34/100
2026-06-06 01:35:34,534 | INFO |   Ep  37/300 | Tr loss=0.1609 mae=0.442 r2=0.637 pcc=0.800 | Vl loss=0.1532 mae=0.428 r2=0.493 pcc=0.746 | ES 34/100
  Ep  38/300 | Tr loss=0.1559 mae=0.427 r2=0.650 pcc=0.808 | Vl loss=0.2162 mae=0.532 r2=0.268 pcc=0.668 | ES 35/100
2026-06-06 01:35:56,019 | INFO |   Ep  38/300 | Tr loss=0.1559 mae=0.427 r2=0.650 pcc=0.808 | Vl loss=0.2162 mae=0.532 r2=0.268 pcc=0.668 | ES 35/100
  Ep  39/300 | Tr loss=0.1501 mae=0.424 r2=0.666 pcc=0.816 | Vl loss=0.1479 mae=0.414 r2=0.512 pcc=0.771 | ES 36/100
2026-06-06 01:36:17,249 | INFO |   Ep  39/300 | Tr loss=0.1501 mae=0.424 r2=0.666 pcc=0.816 | Vl loss=0.1479 mae=0.414 r2=0.512 pcc=0.771 | ES 36/100
  Ep  40/300 | Tr loss=0.1538 mae=0.429 r2=0.647 pcc=0.806 | Vl loss=0.1873 mae=0.487 r2=0.379 pcc=0.747 | ES 37/100
2026-06-06 01:36:38,358 | INFO |   Ep  40/300 | Tr loss=0.1538 mae=0.429 r2=0.647 pcc=0.806 | Vl loss=0.1873 mae=0.487 r2=0.379 pcc=0.747 | ES 37/100
  Ep  41/300 | Tr loss=0.1473 mae=0.418 r2=0.670 pcc=0.819 | Vl loss=0.1293 mae=0.381 r2=0.574 pcc=0.802 | ES 38/100
2026-06-06 01:36:59,477 | INFO |   Ep  41/300 | Tr loss=0.1473 mae=0.418 r2=0.670 pcc=0.819 | Vl loss=0.1293 mae=0.381 r2=0.574 pcc=0.802 | ES 38/100
  Ep  42/300 | Tr loss=0.1541 mae=0.426 r2=0.661 pcc=0.814 | Vl loss=0.1696 mae=0.443 r2=0.434 pcc=0.788 | ES 39/100
2026-06-06 01:37:20,529 | INFO |   Ep  42/300 | Tr loss=0.1541 mae=0.426 r2=0.661 pcc=0.814 | Vl loss=0.1696 mae=0.443 r2=0.434 pcc=0.788 | ES 39/100
  Ep  43/300 | Tr loss=0.1533 mae=0.429 r2=0.662 pcc=0.815 | Vl loss=0.1122 mae=0.323 r2=0.617 pcc=0.844 | ES 40/100
2026-06-06 01:37:41,846 | INFO |   Ep  43/300 | Tr loss=0.1533 mae=0.429 r2=0.662 pcc=0.815 | Vl loss=0.1122 mae=0.323 r2=0.617 pcc=0.844 | ES 40/100
  Ep  44/300 | Tr loss=0.1570 mae=0.434 r2=0.645 pcc=0.804 | Vl loss=0.1744 mae=0.451 r2=0.409 pcc=0.801 | ES 41/100
2026-06-06 01:38:03,272 | INFO |   Ep  44/300 | Tr loss=0.1570 mae=0.434 r2=0.645 pcc=0.804 | Vl loss=0.1744 mae=0.451 r2=0.409 pcc=0.801 | ES 41/100
  Ep  45/300 | Tr loss=0.1465 mae=0.417 r2=0.673 pcc=0.821 | Vl loss=0.1861 mae=0.470 r2=0.377 pcc=0.756 | ES 42/100
2026-06-06 01:38:24,748 | INFO |   Ep  45/300 | Tr loss=0.1465 mae=0.417 r2=0.673 pcc=0.821 | Vl loss=0.1861 mae=0.470 r2=0.377 pcc=0.756 | ES 42/100
  Ep  46/300 | Tr loss=0.1497 mae=0.414 r2=0.658 pcc=0.812 | Vl loss=0.0814 mae=0.256 r2=0.729 pcc=0.865 | ES 0/100 ★
2026-06-06 01:38:46,725 | INFO |   Ep  46/300 | Tr loss=0.1497 mae=0.414 r2=0.658 pcc=0.812 | Vl loss=0.0814 mae=0.256 r2=0.729 pcc=0.865 | ES 0/100 ★
    ★ val_mae=0.2560  rmse=0.4175  r2=0.7290  pcc=0.8649
  Ep  47/300 | Tr loss=0.1591 mae=0.435 r2=0.654 pcc=0.810 | Vl loss=0.1831 mae=0.476 r2=0.384 pcc=0.782 | ES 1/100
2026-06-06 01:39:07,972 | INFO |   Ep  47/300 | Tr loss=0.1591 mae=0.435 r2=0.654 pcc=0.810 | Vl loss=0.1831 mae=0.476 r2=0.384 pcc=0.782 | ES 1/100
  Ep  48/300 | Tr loss=0.1539 mae=0.431 r2=0.641 pcc=0.802 | Vl loss=0.1278 mae=0.371 r2=0.571 pcc=0.839 | ES 2/100
2026-06-06 01:39:30,509 | INFO |   Ep  48/300 | Tr loss=0.1539 mae=0.431 r2=0.641 pcc=0.802 | Vl loss=0.1278 mae=0.371 r2=0.571 pcc=0.839 | ES 2/100
  Ep  49/300 | Tr loss=0.1516 mae=0.423 r2=0.653 pcc=0.809 | Vl loss=0.0959 mae=0.282 r2=0.676 pcc=0.851 | ES 3/100
2026-06-06 01:39:56,472 | INFO |   Ep  49/300 | Tr loss=0.1516 mae=0.423 r2=0.653 pcc=0.809 | Vl loss=0.0959 mae=0.282 r2=0.676 pcc=0.851 | ES 3/100
  Ep  50/300 | Tr loss=0.1571 mae=0.432 r2=0.655 pcc=0.810 | Vl loss=0.0977 mae=0.282 r2=0.669 pcc=0.849 | ES 4/100
2026-06-06 01:40:24,915 | INFO |   Ep  50/300 | Tr loss=0.1571 mae=0.432 r2=0.655 pcc=0.810 | Vl loss=0.0977 mae=0.282 r2=0.669 pcc=0.849 | ES 4/100
  Ep  51/300 | Tr loss=0.1463 mae=0.412 r2=0.668 pcc=0.818 | Vl loss=0.1599 mae=0.445 r2=0.473 pcc=0.794 | ES 5/100
2026-06-06 01:40:54,043 | INFO |   Ep  51/300 | Tr loss=0.1463 mae=0.412 r2=0.668 pcc=0.818 | Vl loss=0.1599 mae=0.445 r2=0.473 pcc=0.794 | ES 5/100
  Ep  52/300 | Tr loss=0.1429 mae=0.408 r2=0.678 pcc=0.824 | Vl loss=0.1577 mae=0.434 r2=0.480 pcc=0.780 | ES 6/100
2026-06-06 01:41:22,652 | INFO |   Ep  52/300 | Tr loss=0.1429 mae=0.408 r2=0.678 pcc=0.824 | Vl loss=0.1577 mae=0.434 r2=0.480 pcc=0.780 | ES 6/100
  Ep  53/300 | Tr loss=0.1485 mae=0.413 r2=0.676 pcc=0.823 | Vl loss=0.2227 mae=0.544 r2=0.248 pcc=0.743 | ES 7/100
2026-06-06 01:41:52,252 | INFO |   Ep  53/300 | Tr loss=0.1485 mae=0.413 r2=0.676 pcc=0.823 | Vl loss=0.2227 mae=0.544 r2=0.248 pcc=0.743 | ES 7/100
  Ep  54/300 | Tr loss=0.1564 mae=0.429 r2=0.656 pcc=0.811 | Vl loss=0.2384 mae=0.567 r2=0.191 pcc=0.746 | ES 8/100
2026-06-06 01:42:17,472 | INFO |   Ep  54/300 | Tr loss=0.1564 mae=0.429 r2=0.656 pcc=0.811 | Vl loss=0.2384 mae=0.567 r2=0.191 pcc=0.746 | ES 8/100
  Ep  55/300 | Tr loss=0.1521 mae=0.426 r2=0.648 pcc=0.806 | Vl loss=0.1114 mae=0.338 r2=0.628 pcc=0.849 | ES 9/100
2026-06-06 01:42:38,893 | INFO |   Ep  55/300 | Tr loss=0.1521 mae=0.426 r2=0.648 pcc=0.806 | Vl loss=0.1114 mae=0.338 r2=0.628 pcc=0.849 | ES 9/100
  Ep  56/300 | Tr loss=0.1508 mae=0.420 r2=0.670 pcc=0.819 | Vl loss=0.1250 mae=0.351 r2=0.566 pcc=0.852 | ES 10/100
2026-06-06 01:43:00,048 | INFO |   Ep  56/300 | Tr loss=0.1508 mae=0.420 r2=0.670 pcc=0.819 | Vl loss=0.1250 mae=0.351 r2=0.566 pcc=0.852 | ES 10/100
  Ep  57/300 | Tr loss=0.1497 mae=0.418 r2=0.658 pcc=0.812 | Vl loss=0.1206 mae=0.366 r2=0.599 pcc=0.836 | ES 11/100
2026-06-06 01:43:21,691 | INFO |   Ep  57/300 | Tr loss=0.1497 mae=0.418 r2=0.658 pcc=0.812 | Vl loss=0.1206 mae=0.366 r2=0.599 pcc=0.836 | ES 11/100
  Ep  58/300 | Tr loss=0.1510 mae=0.421 r2=0.656 pcc=0.810 | Vl loss=0.1643 mae=0.455 r2=0.450 pcc=0.808 | ES 12/100
2026-06-06 01:43:43,452 | INFO |   Ep  58/300 | Tr loss=0.1510 mae=0.421 r2=0.656 pcc=0.810 | Vl loss=0.1643 mae=0.455 r2=0.450 pcc=0.808 | ES 12/100
  Ep  59/300 | Tr loss=0.1498 mae=0.422 r2=0.662 pcc=0.815 | Vl loss=0.1355 mae=0.371 r2=0.524 pcc=0.831 | ES 13/100
2026-06-06 01:44:05,045 | INFO |   Ep  59/300 | Tr loss=0.1498 mae=0.422 r2=0.662 pcc=0.815 | Vl loss=0.1355 mae=0.371 r2=0.524 pcc=0.831 | ES 13/100
  Ep  60/300 | Tr loss=0.1394 mae=0.402 r2=0.685 pcc=0.829 | Vl loss=0.1296 mae=0.363 r2=0.552 pcc=0.839 | ES 14/100
2026-06-06 01:44:26,711 | INFO |   Ep  60/300 | Tr loss=0.1394 mae=0.402 r2=0.685 pcc=0.829 | Vl loss=0.1296 mae=0.363 r2=0.552 pcc=0.839 | ES 14/100
  Ep  61/300 | Tr loss=0.1473 mae=0.416 r2=0.660 pcc=0.813 | Vl loss=0.1427 mae=0.391 r2=0.503 pcc=0.832 | ES 15/100
2026-06-06 01:44:47,927 | INFO |   Ep  61/300 | Tr loss=0.1473 mae=0.416 r2=0.660 pcc=0.813 | Vl loss=0.1427 mae=0.391 r2=0.503 pcc=0.832 | ES 15/100
  Ep  62/300 | Tr loss=0.1442 mae=0.409 r2=0.682 pcc=0.826 | Vl loss=0.1274 mae=0.347 r2=0.553 pcc=0.852 | ES 16/100
2026-06-06 01:45:09,303 | INFO |   Ep  62/300 | Tr loss=0.1442 mae=0.409 r2=0.682 pcc=0.826 | Vl loss=0.1274 mae=0.347 r2=0.553 pcc=0.852 | ES 16/100
  Ep  63/300 | Tr loss=0.1404 mae=0.402 r2=0.682 pcc=0.827 | Vl loss=0.1201 mae=0.321 r2=0.578 pcc=0.841 | ES 17/100
2026-06-06 01:45:30,772 | INFO |   Ep  63/300 | Tr loss=0.1404 mae=0.402 r2=0.682 pcc=0.827 | Vl loss=0.1201 mae=0.321 r2=0.578 pcc=0.841 | ES 17/100
  Ep  64/300 | Tr loss=0.1533 mae=0.418 r2=0.657 pcc=0.812 | Vl loss=0.1972 mae=0.520 r2=0.339 pcc=0.794 | ES 18/100
2026-06-06 01:45:52,508 | INFO |   Ep  64/300 | Tr loss=0.1533 mae=0.418 r2=0.657 pcc=0.812 | Vl loss=0.1972 mae=0.520 r2=0.339 pcc=0.794 | ES 18/100
  Ep  65/300 | Tr loss=0.1381 mae=0.400 r2=0.689 pcc=0.830 | Vl loss=0.1651 mae=0.441 r2=0.420 pcc=0.818 | ES 19/100
2026-06-06 01:46:13,899 | INFO |   Ep  65/300 | Tr loss=0.1381 mae=0.400 r2=0.689 pcc=0.830 | Vl loss=0.1651 mae=0.441 r2=0.420 pcc=0.818 | ES 19/100
  Ep  66/300 | Tr loss=0.1418 mae=0.405 r2=0.681 pcc=0.826 | Vl loss=0.1354 mae=0.387 r2=0.536 pcc=0.836 | ES 20/100
2026-06-06 01:46:35,528 | INFO |   Ep  66/300 | Tr loss=0.1418 mae=0.405 r2=0.681 pcc=0.826 | Vl loss=0.1354 mae=0.387 r2=0.536 pcc=0.836 | ES 20/100
  Ep  67/300 | Tr loss=0.1426 mae=0.399 r2=0.680 pcc=0.826 | Vl loss=0.1446 mae=0.410 r2=0.499 pcc=0.820 | ES 21/100
2026-06-06 01:46:56,885 | INFO |   Ep  67/300 | Tr loss=0.1426 mae=0.399 r2=0.680 pcc=0.826 | Vl loss=0.1446 mae=0.410 r2=0.499 pcc=0.820 | ES 21/100
  Ep  68/300 | Tr loss=0.1428 mae=0.409 r2=0.670 pcc=0.819 | Vl loss=0.1110 mae=0.314 r2=0.612 pcc=0.837 | ES 22/100
2026-06-06 01:47:18,994 | INFO |   Ep  68/300 | Tr loss=0.1428 mae=0.409 r2=0.670 pcc=0.819 | Vl loss=0.1110 mae=0.314 r2=0.612 pcc=0.837 | ES 22/100
  Ep  69/300 | Tr loss=0.1401 mae=0.406 r2=0.683 pcc=0.827 | Vl loss=0.1089 mae=0.315 r2=0.622 pcc=0.844 | ES 23/100
2026-06-06 01:47:40,164 | INFO |   Ep  69/300 | Tr loss=0.1401 mae=0.406 r2=0.683 pcc=0.827 | Vl loss=0.1089 mae=0.315 r2=0.622 pcc=0.844 | ES 23/100
  Ep  70/300 | Tr loss=0.1359 mae=0.393 r2=0.677 pcc=0.824 | Vl loss=0.1567 mae=0.423 r2=0.457 pcc=0.821 | ES 24/100
2026-06-06 01:48:01,581 | INFO |   Ep  70/300 | Tr loss=0.1359 mae=0.393 r2=0.677 pcc=0.824 | Vl loss=0.1567 mae=0.423 r2=0.457 pcc=0.821 | ES 24/100
  Ep  71/300 | Tr loss=0.1404 mae=0.400 r2=0.685 pcc=0.828 | Vl loss=0.1015 mae=0.294 r2=0.647 pcc=0.852 | ES 25/100
2026-06-06 01:48:23,080 | INFO |   Ep  71/300 | Tr loss=0.1404 mae=0.400 r2=0.685 pcc=0.828 | Vl loss=0.1015 mae=0.294 r2=0.647 pcc=0.852 | ES 25/100
  Ep  72/300 | Tr loss=0.1343 mae=0.395 r2=0.699 pcc=0.836 | Vl loss=0.1104 mae=0.310 r2=0.615 pcc=0.844 | ES 26/100
2026-06-06 01:48:44,342 | INFO |   Ep  72/300 | Tr loss=0.1343 mae=0.395 r2=0.699 pcc=0.836 | Vl loss=0.1104 mae=0.310 r2=0.615 pcc=0.844 | ES 26/100
  Ep  73/300 | Tr loss=0.1419 mae=0.403 r2=0.691 pcc=0.831 | Vl loss=0.1798 mae=0.463 r2=0.378 pcc=0.799 | ES 27/100
2026-06-06 01:49:05,932 | INFO |   Ep  73/300 | Tr loss=0.1419 mae=0.403 r2=0.691 pcc=0.831 | Vl loss=0.1798 mae=0.463 r2=0.378 pcc=0.799 | ES 27/100
  Ep  74/300 | Tr loss=0.1515 mae=0.414 r2=0.647 pcc=0.806 | Vl loss=0.1066 mae=0.301 r2=0.626 pcc=0.849 | ES 28/100
2026-06-06 01:49:27,062 | INFO |   Ep  74/300 | Tr loss=0.1515 mae=0.414 r2=0.647 pcc=0.806 | Vl loss=0.1066 mae=0.301 r2=0.626 pcc=0.849 | ES 28/100
  Ep  75/300 | Tr loss=0.1386 mae=0.397 r2=0.680 pcc=0.825 | Vl loss=0.1237 mae=0.337 r2=0.562 pcc=0.834 | ES 29/100
2026-06-06 01:49:48,429 | INFO |   Ep  75/300 | Tr loss=0.1386 mae=0.397 r2=0.680 pcc=0.825 | Vl loss=0.1237 mae=0.337 r2=0.562 pcc=0.834 | ES 29/100
  Ep  76/300 | Tr loss=0.1432 mae=0.406 r2=0.671 pcc=0.820 | Vl loss=0.2180 mae=0.546 r2=0.255 pcc=0.775 | ES 30/100
2026-06-06 01:50:10,174 | INFO |   Ep  76/300 | Tr loss=0.1432 mae=0.406 r2=0.671 pcc=0.820 | Vl loss=0.2180 mae=0.546 r2=0.255 pcc=0.775 | ES 30/100
  Ep  77/300 | Tr loss=0.1361 mae=0.397 r2=0.691 pcc=0.832 | Vl loss=0.2209 mae=0.544 r2=0.242 pcc=0.768 | ES 31/100
2026-06-06 01:50:31,664 | INFO |   Ep  77/300 | Tr loss=0.1361 mae=0.397 r2=0.691 pcc=0.832 | Vl loss=0.2209 mae=0.544 r2=0.242 pcc=0.768 | ES 31/100
  Ep  78/300 | Tr loss=0.1359 mae=0.393 r2=0.699 pcc=0.836 | Vl loss=0.1398 mae=0.398 r2=0.528 pcc=0.818 | ES 32/100
2026-06-06 01:50:52,716 | INFO |   Ep  78/300 | Tr loss=0.1359 mae=0.393 r2=0.699 pcc=0.836 | Vl loss=0.1398 mae=0.398 r2=0.528 pcc=0.818 | ES 32/100
  Ep  79/300 | Tr loss=0.1340 mae=0.390 r2=0.683 pcc=0.827 | Vl loss=0.1147 mae=0.314 r2=0.594 pcc=0.838 | ES 33/100
2026-06-06 01:51:13,879 | INFO |   Ep  79/300 | Tr loss=0.1340 mae=0.390 r2=0.683 pcc=0.827 | Vl loss=0.1147 mae=0.314 r2=0.594 pcc=0.838 | ES 33/100
  Ep  80/300 | Tr loss=0.1444 mae=0.402 r2=0.691 pcc=0.832 | Vl loss=0.1095 mae=0.306 r2=0.616 pcc=0.842 | ES 34/100
2026-06-06 01:51:35,101 | INFO |   Ep  80/300 | Tr loss=0.1444 mae=0.402 r2=0.691 pcc=0.832 | Vl loss=0.1095 mae=0.306 r2=0.616 pcc=0.842 | ES 34/100
  Ep  81/300 | Tr loss=0.1296 mae=0.379 r2=0.708 pcc=0.842 | Vl loss=0.1199 mae=0.326 r2=0.579 pcc=0.833 | ES 35/100
2026-06-06 01:51:56,431 | INFO |   Ep  81/300 | Tr loss=0.1296 mae=0.379 r2=0.708 pcc=0.842 | Vl loss=0.1199 mae=0.326 r2=0.579 pcc=0.833 | ES 35/100
  Ep  82/300 | Tr loss=0.1337 mae=0.389 r2=0.692 pcc=0.833 | Vl loss=0.1427 mae=0.353 r2=0.483 pcc=0.817 | ES 36/100
2026-06-06 01:52:18,344 | INFO |   Ep  82/300 | Tr loss=0.1337 mae=0.389 r2=0.692 pcc=0.833 | Vl loss=0.1427 mae=0.353 r2=0.483 pcc=0.817 | ES 36/100
  Ep  83/300 | Tr loss=0.1405 mae=0.395 r2=0.688 pcc=0.830 | Vl loss=0.1267 mae=0.327 r2=0.545 pcc=0.831 | ES 37/100
2026-06-06 01:52:44,373 | INFO |   Ep  83/300 | Tr loss=0.1405 mae=0.395 r2=0.688 pcc=0.830 | Vl loss=0.1267 mae=0.327 r2=0.545 pcc=0.831 | ES 37/100
  Ep  84/300 | Tr loss=0.1293 mae=0.382 r2=0.711 pcc=0.844 | Vl loss=0.1313 mae=0.336 r2=0.529 pcc=0.823 | ES 38/100
2026-06-06 01:53:13,301 | INFO |   Ep  84/300 | Tr loss=0.1293 mae=0.382 r2=0.711 pcc=0.844 | Vl loss=0.1313 mae=0.336 r2=0.529 pcc=0.823 | ES 38/100
  Ep  85/300 | Tr loss=0.1400 mae=0.397 r2=0.685 pcc=0.828 | Vl loss=0.1411 mae=0.350 r2=0.490 pcc=0.827 | ES 39/100
2026-06-06 01:53:41,729 | INFO |   Ep  85/300 | Tr loss=0.1400 mae=0.397 r2=0.685 pcc=0.828 | Vl loss=0.1411 mae=0.350 r2=0.490 pcc=0.827 | ES 39/100
  Ep  86/300 | Tr loss=0.1357 mae=0.391 r2=0.699 pcc=0.837 | Vl loss=0.1218 mae=0.324 r2=0.566 pcc=0.845 | ES 40/100
2026-06-06 01:54:10,151 | INFO |   Ep  86/300 | Tr loss=0.1357 mae=0.391 r2=0.699 pcc=0.837 | Vl loss=0.1218 mae=0.324 r2=0.566 pcc=0.845 | ES 40/100
  Ep  87/300 | Tr loss=0.1386 mae=0.399 r2=0.693 pcc=0.834 | Vl loss=0.2138 mae=0.529 r2=0.264 pcc=0.796 | ES 41/100
2026-06-06 01:54:38,056 | INFO |   Ep  87/300 | Tr loss=0.1386 mae=0.399 r2=0.693 pcc=0.834 | Vl loss=0.2138 mae=0.529 r2=0.264 pcc=0.796 | ES 41/100
  Ep  88/300 | Tr loss=0.1383 mae=0.393 r2=0.685 pcc=0.828 | Vl loss=0.1177 mae=0.318 r2=0.587 pcc=0.845 | ES 42/100
2026-06-06 01:54:59,444 | INFO |   Ep  88/300 | Tr loss=0.1383 mae=0.393 r2=0.685 pcc=0.828 | Vl loss=0.1177 mae=0.318 r2=0.587 pcc=0.845 | ES 42/100
  Ep  89/300 | Tr loss=0.1375 mae=0.394 r2=0.685 pcc=0.829 | Vl loss=0.1386 mae=0.380 r2=0.520 pcc=0.838 | ES 43/100
2026-06-06 01:55:20,895 | INFO |   Ep  89/300 | Tr loss=0.1375 mae=0.394 r2=0.685 pcc=0.829 | Vl loss=0.1386 mae=0.380 r2=0.520 pcc=0.838 | ES 43/100
  Ep  90/300 | Tr loss=0.1486 mae=0.408 r2=0.663 pcc=0.814 | Vl loss=0.2266 mae=0.560 r2=0.227 pcc=0.796 | ES 44/100
2026-06-06 01:55:42,678 | INFO |   Ep  90/300 | Tr loss=0.1486 mae=0.408 r2=0.663 pcc=0.814 | Vl loss=0.2266 mae=0.560 r2=0.227 pcc=0.796 | ES 44/100
  Ep  91/300 | Tr loss=0.1357 mae=0.391 r2=0.694 pcc=0.834 | Vl loss=0.1230 mae=0.323 r2=0.560 pcc=0.835 | ES 45/100
2026-06-06 01:56:04,095 | INFO |   Ep  91/300 | Tr loss=0.1357 mae=0.391 r2=0.694 pcc=0.834 | Vl loss=0.1230 mae=0.323 r2=0.560 pcc=0.835 | ES 45/100
  Ep  92/300 | Tr loss=0.1320 mae=0.385 r2=0.692 pcc=0.833 | Vl loss=0.1164 mae=0.334 r2=0.593 pcc=0.835 | ES 46/100
2026-06-06 01:56:25,451 | INFO |   Ep  92/300 | Tr loss=0.1320 mae=0.385 r2=0.692 pcc=0.833 | Vl loss=0.1164 mae=0.334 r2=0.593 pcc=0.835 | ES 46/100
  Ep  93/300 | Tr loss=0.1297 mae=0.379 r2=0.701 pcc=0.837 | Vl loss=0.1950 mae=0.511 r2=0.338 pcc=0.802 | ES 47/100
2026-06-06 01:56:46,978 | INFO |   Ep  93/300 | Tr loss=0.1297 mae=0.379 r2=0.701 pcc=0.837 | Vl loss=0.1950 mae=0.511 r2=0.338 pcc=0.802 | ES 47/100
  Ep  94/300 | Tr loss=0.1395 mae=0.398 r2=0.680 pcc=0.825 | Vl loss=0.1214 mae=0.336 r2=0.573 pcc=0.840 | ES 48/100
2026-06-06 01:57:08,788 | INFO |   Ep  94/300 | Tr loss=0.1395 mae=0.398 r2=0.680 pcc=0.825 | Vl loss=0.1214 mae=0.336 r2=0.573 pcc=0.840 | ES 48/100
  Ep  95/300 | Tr loss=0.1305 mae=0.382 r2=0.703 pcc=0.839 | Vl loss=0.1317 mae=0.375 r2=0.548 pcc=0.833 | ES 49/100
2026-06-06 01:57:30,053 | INFO |   Ep  95/300 | Tr loss=0.1305 mae=0.382 r2=0.703 pcc=0.839 | Vl loss=0.1317 mae=0.375 r2=0.548 pcc=0.833 | ES 49/100
  Ep  96/300 | Tr loss=0.1280 mae=0.377 r2=0.705 pcc=0.840 | Vl loss=0.1778 mae=0.469 r2=0.393 pcc=0.802 | ES 50/100
2026-06-06 01:57:51,304 | INFO |   Ep  96/300 | Tr loss=0.1280 mae=0.377 r2=0.705 pcc=0.840 | Vl loss=0.1778 mae=0.469 r2=0.393 pcc=0.802 | ES 50/100
Epoch 00097: reducing learning rate of group 0 to 5.0000e-05.
  Ep  97/300 | Tr loss=0.1302 mae=0.381 r2=0.705 pcc=0.840 | Vl loss=0.1885 mae=0.495 r2=0.364 pcc=0.799 | ES 51/100
2026-06-06 01:58:12,721 | INFO |   Ep  97/300 | Tr loss=0.1302 mae=0.381 r2=0.705 pcc=0.840 | Vl loss=0.1885 mae=0.495 r2=0.364 pcc=0.799 | ES 51/100
  Ep  98/300 | Tr loss=0.1365 mae=0.390 r2=0.689 pcc=0.831 | Vl loss=0.1563 mae=0.430 r2=0.464 pcc=0.820 | ES 52/100
2026-06-06 01:58:34,681 | INFO |   Ep  98/300 | Tr loss=0.1365 mae=0.390 r2=0.689 pcc=0.831 | Vl loss=0.1563 mae=0.430 r2=0.464 pcc=0.820 | ES 52/100
  Ep  99/300 | Tr loss=0.1253 mae=0.374 r2=0.718 pcc=0.847 | Vl loss=0.2442 mae=0.589 r2=0.167 pcc=0.762 | ES 53/100
2026-06-06 01:58:56,340 | INFO |   Ep  99/300 | Tr loss=0.1253 mae=0.374 r2=0.718 pcc=0.847 | Vl loss=0.2442 mae=0.589 r2=0.167 pcc=0.762 | ES 53/100
  Ep 100/300 | Tr loss=0.1314 mae=0.387 r2=0.710 pcc=0.843 | Vl loss=0.1207 mae=0.333 r2=0.578 pcc=0.842 | ES 54/100
2026-06-06 01:59:17,593 | INFO |   Ep 100/300 | Tr loss=0.1314 mae=0.387 r2=0.710 pcc=0.843 | Vl loss=0.1207 mae=0.333 r2=0.578 pcc=0.842 | ES 54/100
  Ep 101/300 | Tr loss=0.1202 mae=0.367 r2=0.731 pcc=0.855 | Vl loss=0.1220 mae=0.331 r2=0.571 pcc=0.839 | ES 55/100
2026-06-06 01:59:39,274 | INFO |   Ep 101/300 | Tr loss=0.1202 mae=0.367 r2=0.731 pcc=0.855 | Vl loss=0.1220 mae=0.331 r2=0.571 pcc=0.839 | ES 55/100
  Ep 102/300 | Tr loss=0.1315 mae=0.382 r2=0.695 pcc=0.834 | Vl loss=0.1244 mae=0.346 r2=0.566 pcc=0.841 | ES 56/100
2026-06-06 02:00:00,923 | INFO |   Ep 102/300 | Tr loss=0.1315 mae=0.382 r2=0.695 pcc=0.834 | Vl loss=0.1244 mae=0.346 r2=0.566 pcc=0.841 | ES 56/100
  Ep 103/300 | Tr loss=0.1379 mae=0.386 r2=0.694 pcc=0.833 | Vl loss=0.1098 mae=0.305 r2=0.613 pcc=0.847 | ES 57/100
2026-06-06 02:00:22,168 | INFO |   Ep 103/300 | Tr loss=0.1379 mae=0.386 r2=0.694 pcc=0.833 | Vl loss=0.1098 mae=0.305 r2=0.613 pcc=0.847 | ES 57/100
  Ep 104/300 | Tr loss=0.1313 mae=0.382 r2=0.706 pcc=0.841 | Vl loss=0.1298 mae=0.366 r2=0.548 pcc=0.840 | ES 58/100
2026-06-06 02:00:43,459 | INFO |   Ep 104/300 | Tr loss=0.1313 mae=0.382 r2=0.706 pcc=0.841 | Vl loss=0.1298 mae=0.366 r2=0.548 pcc=0.840 | ES 58/100
  Ep 105/300 | Tr loss=0.1280 mae=0.372 r2=0.720 pcc=0.849 | Vl loss=0.1289 mae=0.372 r2=0.556 pcc=0.839 | ES 59/100
2026-06-06 02:01:04,917 | INFO |   Ep 105/300 | Tr loss=0.1280 mae=0.372 r2=0.720 pcc=0.849 | Vl loss=0.1289 mae=0.372 r2=0.556 pcc=0.839 | ES 59/100
  Ep 106/300 | Tr loss=0.1219 mae=0.367 r2=0.716 pcc=0.847 | Vl loss=0.1577 mae=0.432 r2=0.460 pcc=0.813 | ES 60/100
2026-06-06 02:01:26,241 | INFO |   Ep 106/300 | Tr loss=0.1219 mae=0.367 r2=0.716 pcc=0.847 | Vl loss=0.1577 mae=0.432 r2=0.460 pcc=0.813 | ES 60/100
  Ep 107/300 | Tr loss=0.1309 mae=0.381 r2=0.704 pcc=0.840 | Vl loss=0.1100 mae=0.308 r2=0.614 pcc=0.845 | ES 61/100
2026-06-06 02:01:47,597 | INFO |   Ep 107/300 | Tr loss=0.1309 mae=0.381 r2=0.704 pcc=0.840 | Vl loss=0.1100 mae=0.308 r2=0.614 pcc=0.845 | ES 61/100
  Ep 108/300 | Tr loss=0.1258 mae=0.373 r2=0.724 pcc=0.851 | Vl loss=0.1163 mae=0.324 r2=0.591 pcc=0.841 | ES 62/100
2026-06-06 02:02:09,189 | INFO |   Ep 108/300 | Tr loss=0.1258 mae=0.373 r2=0.724 pcc=0.851 | Vl loss=0.1163 mae=0.324 r2=0.591 pcc=0.841 | ES 62/100
  Ep 109/300 | Tr loss=0.1342 mae=0.389 r2=0.702 pcc=0.838 | Vl loss=0.1553 mae=0.425 r2=0.462 pcc=0.830 | ES 63/100
2026-06-06 02:02:30,764 | INFO |   Ep 109/300 | Tr loss=0.1342 mae=0.389 r2=0.702 pcc=0.838 | Vl loss=0.1553 mae=0.425 r2=0.462 pcc=0.830 | ES 63/100
  Ep 110/300 | Tr loss=0.1325 mae=0.384 r2=0.701 pcc=0.838 | Vl loss=0.1192 mae=0.334 r2=0.581 pcc=0.854 | ES 64/100
2026-06-06 02:02:52,095 | INFO |   Ep 110/300 | Tr loss=0.1325 mae=0.384 r2=0.701 pcc=0.838 | Vl loss=0.1192 mae=0.334 r2=0.581 pcc=0.854 | ES 64/100
  Ep 111/300 | Tr loss=0.1288 mae=0.378 r2=0.711 pcc=0.843 | Vl loss=0.1272 mae=0.335 r2=0.546 pcc=0.849 | ES 65/100
2026-06-06 02:03:13,615 | INFO |   Ep 111/300 | Tr loss=0.1288 mae=0.378 r2=0.711 pcc=0.843 | Vl loss=0.1272 mae=0.335 r2=0.546 pcc=0.849 | ES 65/100
  Ep 112/300 | Tr loss=0.1215 mae=0.365 r2=0.711 pcc=0.844 | Vl loss=0.1265 mae=0.345 r2=0.551 pcc=0.845 | ES 66/100
2026-06-06 02:03:35,070 | INFO |   Ep 112/300 | Tr loss=0.1215 mae=0.365 r2=0.711 pcc=0.844 | Vl loss=0.1265 mae=0.345 r2=0.551 pcc=0.845 | ES 66/100
  Ep 113/300 | Tr loss=0.1246 mae=0.367 r2=0.721 pcc=0.850 | Vl loss=0.1261 mae=0.345 r2=0.551 pcc=0.849 | ES 67/100
2026-06-06 02:03:56,107 | INFO |   Ep 113/300 | Tr loss=0.1246 mae=0.367 r2=0.721 pcc=0.850 | Vl loss=0.1261 mae=0.345 r2=0.551 pcc=0.849 | ES 67/100
  Ep 114/300 | Tr loss=0.1181 mae=0.356 r2=0.730 pcc=0.855 | Vl loss=0.1190 mae=0.320 r2=0.574 pcc=0.849 | ES 68/100
2026-06-06 02:04:17,314 | INFO |   Ep 114/300 | Tr loss=0.1181 mae=0.356 r2=0.730 pcc=0.855 | Vl loss=0.1190 mae=0.320 r2=0.574 pcc=0.849 | ES 68/100
  Ep 115/300 | Tr loss=0.1227 mae=0.368 r2=0.709 pcc=0.843 | Vl loss=0.1186 mae=0.334 r2=0.583 pcc=0.842 | ES 69/100
2026-06-06 02:04:38,891 | INFO |   Ep 115/300 | Tr loss=0.1227 mae=0.368 r2=0.709 pcc=0.843 | Vl loss=0.1186 mae=0.334 r2=0.583 pcc=0.842 | ES 69/100
  Ep 116/300 | Tr loss=0.1174 mae=0.363 r2=0.735 pcc=0.857 | Vl loss=0.1225 mae=0.330 r2=0.564 pcc=0.850 | ES 70/100
2026-06-06 02:05:00,362 | INFO |   Ep 116/300 | Tr loss=0.1174 mae=0.363 r2=0.735 pcc=0.857 | Vl loss=0.1225 mae=0.330 r2=0.564 pcc=0.850 | ES 70/100
  Ep 117/300 | Tr loss=0.1205 mae=0.364 r2=0.727 pcc=0.853 | Vl loss=0.1330 mae=0.378 r2=0.536 pcc=0.843 | ES 71/100
2026-06-06 02:05:21,731 | INFO |   Ep 117/300 | Tr loss=0.1205 mae=0.364 r2=0.727 pcc=0.853 | Vl loss=0.1330 mae=0.378 r2=0.536 pcc=0.843 | ES 71/100
  Ep 118/300 | Tr loss=0.1269 mae=0.375 r2=0.717 pcc=0.847 | Vl loss=0.1506 mae=0.421 r2=0.475 pcc=0.827 | ES 72/100
2026-06-06 02:05:43,315 | INFO |   Ep 118/300 | Tr loss=0.1269 mae=0.375 r2=0.717 pcc=0.847 | Vl loss=0.1506 mae=0.421 r2=0.475 pcc=0.827 | ES 72/100
  Ep 119/300 | Tr loss=0.1218 mae=0.370 r2=0.720 pcc=0.849 | Vl loss=0.1152 mae=0.317 r2=0.592 pcc=0.839 | ES 73/100
2026-06-06 02:06:04,605 | INFO |   Ep 119/300 | Tr loss=0.1218 mae=0.370 r2=0.720 pcc=0.849 | Vl loss=0.1152 mae=0.317 r2=0.592 pcc=0.839 | ES 73/100
  Ep 120/300 | Tr loss=0.1201 mae=0.361 r2=0.724 pcc=0.851 | Vl loss=0.1306 mae=0.370 r2=0.542 pcc=0.834 | ES 74/100
2026-06-06 02:06:26,348 | INFO |   Ep 120/300 | Tr loss=0.1201 mae=0.361 r2=0.724 pcc=0.851 | Vl loss=0.1306 mae=0.370 r2=0.542 pcc=0.834 | ES 74/100
  Ep 121/300 | Tr loss=0.1211 mae=0.363 r2=0.733 pcc=0.857 | Vl loss=0.1257 mae=0.358 r2=0.558 pcc=0.840 | ES 75/100
2026-06-06 02:06:47,830 | INFO |   Ep 121/300 | Tr loss=0.1211 mae=0.363 r2=0.733 pcc=0.857 | Vl loss=0.1257 mae=0.358 r2=0.558 pcc=0.840 | ES 75/100
  Ep 122/300 | Tr loss=0.1286 mae=0.381 r2=0.713 pcc=0.845 | Vl loss=0.1112 mae=0.311 r2=0.607 pcc=0.848 | ES 76/100
2026-06-06 02:07:09,287 | INFO |   Ep 122/300 | Tr loss=0.1286 mae=0.381 r2=0.713 pcc=0.845 | Vl loss=0.1112 mae=0.311 r2=0.607 pcc=0.848 | ES 76/100
  Ep 123/300 | Tr loss=0.1309 mae=0.381 r2=0.701 pcc=0.838 | Vl loss=0.1211 mae=0.323 r2=0.565 pcc=0.850 | ES 77/100
2026-06-06 02:07:30,823 | INFO |   Ep 123/300 | Tr loss=0.1309 mae=0.381 r2=0.701 pcc=0.838 | Vl loss=0.1211 mae=0.323 r2=0.565 pcc=0.850 | ES 77/100
  Ep 124/300 | Tr loss=0.1161 mae=0.358 r2=0.738 pcc=0.859 | Vl loss=0.1197 mae=0.329 r2=0.575 pcc=0.851 | ES 78/100
2026-06-06 02:07:52,282 | INFO |   Ep 124/300 | Tr loss=0.1161 mae=0.358 r2=0.738 pcc=0.859 | Vl loss=0.1197 mae=0.329 r2=0.575 pcc=0.851 | ES 78/100
  Ep 125/300 | Tr loss=0.1185 mae=0.363 r2=0.734 pcc=0.857 | Vl loss=0.1223 mae=0.336 r2=0.566 pcc=0.849 | ES 79/100
2026-06-06 02:08:13,929 | INFO |   Ep 125/300 | Tr loss=0.1185 mae=0.363 r2=0.734 pcc=0.857 | Vl loss=0.1223 mae=0.336 r2=0.566 pcc=0.849 | ES 79/100
  Ep 126/300 | Tr loss=0.1271 mae=0.372 r2=0.702 pcc=0.839 | Vl loss=0.1210 mae=0.325 r2=0.568 pcc=0.852 | ES 80/100
2026-06-06 02:08:35,146 | INFO |   Ep 126/300 | Tr loss=0.1271 mae=0.372 r2=0.702 pcc=0.839 | Vl loss=0.1210 mae=0.325 r2=0.568 pcc=0.852 | ES 80/100
  Ep 127/300 | Tr loss=0.1216 mae=0.367 r2=0.715 pcc=0.846 | Vl loss=0.1167 mae=0.319 r2=0.582 pcc=0.849 | ES 81/100
2026-06-06 02:08:56,698 | INFO |   Ep 127/300 | Tr loss=0.1216 mae=0.367 r2=0.715 pcc=0.846 | Vl loss=0.1167 mae=0.319 r2=0.582 pcc=0.849 | ES 81/100
  Ep 128/300 | Tr loss=0.1250 mae=0.370 r2=0.714 pcc=0.845 | Vl loss=0.1160 mae=0.318 r2=0.585 pcc=0.854 | ES 82/100
2026-06-06 02:09:18,118 | INFO |   Ep 128/300 | Tr loss=0.1250 mae=0.370 r2=0.714 pcc=0.845 | Vl loss=0.1160 mae=0.318 r2=0.585 pcc=0.854 | ES 82/100
  Ep 129/300 | Tr loss=0.1235 mae=0.368 r2=0.716 pcc=0.846 | Vl loss=0.1210 mae=0.329 r2=0.570 pcc=0.845 | ES 83/100
2026-06-06 02:09:39,350 | INFO |   Ep 129/300 | Tr loss=0.1235 mae=0.368 r2=0.716 pcc=0.846 | Vl loss=0.1210 mae=0.329 r2=0.570 pcc=0.845 | ES 83/100
  Ep 130/300 | Tr loss=0.1223 mae=0.367 r2=0.731 pcc=0.855 | Vl loss=0.1163 mae=0.319 r2=0.587 pcc=0.858 | ES 84/100
2026-06-06 02:10:00,950 | INFO |   Ep 130/300 | Tr loss=0.1223 mae=0.367 r2=0.731 pcc=0.855 | Vl loss=0.1163 mae=0.319 r2=0.587 pcc=0.858 | ES 84/100
  Ep 131/300 | Tr loss=0.1306 mae=0.382 r2=0.709 pcc=0.843 | Vl loss=0.1149 mae=0.317 r2=0.591 pcc=0.852 | ES 85/100
2026-06-06 02:10:22,502 | INFO |   Ep 131/300 | Tr loss=0.1306 mae=0.382 r2=0.709 pcc=0.843 | Vl loss=0.1149 mae=0.317 r2=0.591 pcc=0.852 | ES 85/100
  Ep 132/300 | Tr loss=0.1224 mae=0.368 r2=0.708 pcc=0.842 | Vl loss=0.1294 mae=0.351 r2=0.538 pcc=0.844 | ES 86/100
2026-06-06 02:10:43,993 | INFO |   Ep 132/300 | Tr loss=0.1224 mae=0.368 r2=0.708 pcc=0.842 | Vl loss=0.1294 mae=0.351 r2=0.538 pcc=0.844 | ES 86/100
  Ep 133/300 | Tr loss=0.1317 mae=0.380 r2=0.703 pcc=0.839 | Vl loss=0.1105 mae=0.310 r2=0.608 pcc=0.856 | ES 87/100
2026-06-06 02:11:05,740 | INFO |   Ep 133/300 | Tr loss=0.1317 mae=0.380 r2=0.703 pcc=0.839 | Vl loss=0.1105 mae=0.310 r2=0.608 pcc=0.856 | ES 87/100
  Ep 134/300 | Tr loss=0.1224 mae=0.366 r2=0.717 pcc=0.847 | Vl loss=0.1148 mae=0.314 r2=0.588 pcc=0.853 | ES 88/100
2026-06-06 02:11:27,421 | INFO |   Ep 134/300 | Tr loss=0.1224 mae=0.366 r2=0.717 pcc=0.847 | Vl loss=0.1148 mae=0.314 r2=0.588 pcc=0.853 | ES 88/100
  Ep 135/300 | Tr loss=0.1249 mae=0.367 r2=0.709 pcc=0.844 | Vl loss=0.1151 mae=0.316 r2=0.591 pcc=0.848 | ES 89/100
2026-06-06 02:11:48,657 | INFO |   Ep 135/300 | Tr loss=0.1249 mae=0.367 r2=0.709 pcc=0.844 | Vl loss=0.1151 mae=0.316 r2=0.591 pcc=0.848 | ES 89/100
  Ep 136/300 | Tr loss=0.1231 mae=0.366 r2=0.727 pcc=0.852 | Vl loss=0.1169 mae=0.319 r2=0.582 pcc=0.852 | ES 90/100
2026-06-06 02:12:09,915 | INFO |   Ep 136/300 | Tr loss=0.1231 mae=0.366 r2=0.727 pcc=0.852 | Vl loss=0.1169 mae=0.319 r2=0.582 pcc=0.852 | ES 90/100
  Ep 137/300 | Tr loss=0.1208 mae=0.365 r2=0.721 pcc=0.850 | Vl loss=0.1123 mae=0.313 r2=0.601 pcc=0.853 | ES 91/100
2026-06-06 02:12:31,370 | INFO |   Ep 137/300 | Tr loss=0.1208 mae=0.365 r2=0.721 pcc=0.850 | Vl loss=0.1123 mae=0.313 r2=0.601 pcc=0.853 | ES 91/100
  Ep 138/300 | Tr loss=0.1259 mae=0.377 r2=0.720 pcc=0.849 | Vl loss=0.1209 mae=0.330 r2=0.569 pcc=0.850 | ES 92/100
2026-06-06 02:12:53,039 | INFO |   Ep 138/300 | Tr loss=0.1259 mae=0.377 r2=0.720 pcc=0.849 | Vl loss=0.1209 mae=0.330 r2=0.569 pcc=0.850 | ES 92/100
  Ep 139/300 | Tr loss=0.1195 mae=0.365 r2=0.734 pcc=0.857 | Vl loss=0.1176 mae=0.327 r2=0.583 pcc=0.856 | ES 93/100
2026-06-06 02:13:14,256 | INFO |   Ep 139/300 | Tr loss=0.1195 mae=0.365 r2=0.734 pcc=0.857 | Vl loss=0.1176 mae=0.327 r2=0.583 pcc=0.856 | ES 93/100
  Ep 140/300 | Tr loss=0.1281 mae=0.374 r2=0.705 pcc=0.841 | Vl loss=0.1105 mae=0.313 r2=0.608 pcc=0.850 | ES 94/100
2026-06-06 02:13:35,736 | INFO |   Ep 140/300 | Tr loss=0.1281 mae=0.374 r2=0.705 pcc=0.841 | Vl loss=0.1105 mae=0.313 r2=0.608 pcc=0.850 | ES 94/100
  Ep 141/300 | Tr loss=0.1217 mae=0.364 r2=0.725 pcc=0.852 | Vl loss=0.1077 mae=0.306 r2=0.618 pcc=0.853 | ES 95/100
2026-06-06 02:13:57,033 | INFO |   Ep 141/300 | Tr loss=0.1217 mae=0.364 r2=0.725 pcc=0.852 | Vl loss=0.1077 mae=0.306 r2=0.618 pcc=0.853 | ES 95/100
  Ep 142/300 | Tr loss=0.1212 mae=0.362 r2=0.729 pcc=0.854 | Vl loss=0.1212 mae=0.327 r2=0.567 pcc=0.851 | ES 96/100
2026-06-06 02:14:18,480 | INFO |   Ep 142/300 | Tr loss=0.1212 mae=0.362 r2=0.729 pcc=0.854 | Vl loss=0.1212 mae=0.327 r2=0.567 pcc=0.851 | ES 96/100
  Ep 143/300 | Tr loss=0.1293 mae=0.376 r2=0.711 pcc=0.845 | Vl loss=0.1125 mae=0.318 r2=0.604 pcc=0.855 | ES 97/100
2026-06-06 02:14:40,359 | INFO |   Ep 143/300 | Tr loss=0.1293 mae=0.376 r2=0.711 pcc=0.845 | Vl loss=0.1125 mae=0.318 r2=0.604 pcc=0.855 | ES 97/100
  Ep 144/300 | Tr loss=0.1321 mae=0.379 r2=0.698 pcc=0.836 | Vl loss=0.1121 mae=0.314 r2=0.605 pcc=0.849 | ES 98/100
2026-06-06 02:15:01,706 | INFO |   Ep 144/300 | Tr loss=0.1321 mae=0.379 r2=0.698 pcc=0.836 | Vl loss=0.1121 mae=0.314 r2=0.605 pcc=0.849 | ES 98/100
  Ep 145/300 | Tr loss=0.1282 mae=0.372 r2=0.709 pcc=0.842 | Vl loss=0.1157 mae=0.316 r2=0.591 pcc=0.851 | ES 99/100
2026-06-06 02:15:23,207 | INFO |   Ep 145/300 | Tr loss=0.1282 mae=0.372 r2=0.709 pcc=0.842 | Vl loss=0.1157 mae=0.316 r2=0.591 pcc=0.851 | ES 99/100
  Ep 146/300 | Tr loss=0.1301 mae=0.378 r2=0.697 pcc=0.836 | Vl loss=0.1149 mae=0.316 r2=0.593 pcc=0.849 | ES 100/100
2026-06-06 02:15:44,495 | INFO |   Ep 146/300 | Tr loss=0.1301 mae=0.378 r2=0.697 pcc=0.836 | Vl loss=0.1149 mae=0.316 r2=0.593 pcc=0.849 | ES 100/100

  ⏹  Early stopping at epoch 146 (best=46)
2026-06-06 02:15:44,496 | INFO | Early stopping at epoch 146 best=46

✓ Training complete!

  ── Final Test Results (best epoch = 46) ──────────────────
  Loss : 0.1738
  RMSE : 0.6117
  MAE  : 0.4606
  R²   : 0.4352
  PCC  : 0.7437
  ✓ Saved → /mvdlph/masa/GCN_SingleView_Regression_Results/run_2026_06_06_01_21_07/plots/loss_curve.png
  ✓ Saved → /mvdlph/masa/GCN_SingleView_Regression_Results/run_2026_06_06_01_21_07/plots/rmse_mae.png
  ✓ Saved → /mvdlph/masa/GCN_SingleView_Regression_Results/run_2026_06_06_01_21_07/plots/r2_curve.png
  ✓ Saved → /mvdlph/masa/GCN_SingleView_Regression_Results/run_2026_06_06_01_21_07/plots/pcc_curve.png
  ✓ Saved → /mvdlph/masa/GCN_SingleView_Regression_Results/run_2026_06_06_01_21_07/plots/regression_scatter_test.png
  ✓ Saved → /mvdlph/masa/GCN_SingleView_Regression_Results/run_2026_06_06_01_21_07/plots/early_stopping.png
  ✓ History JSON → /mvdlph/masa/GCN_SingleView_Regression_Results/run_2026_06_06_01_21_07/logs/training_history.json
  ✓ History NPZ → /mvdlph/masa/GCN_SingleView_Regression_Results/run_2026_06_06_01_21_07/logs/training_history.npz
  ✓ Test predictions NPZ → /mvdlph/masa/GCN_SingleView_Regression_Results/run_2026_06_06_01_21_07/logs/test_predictions.npz
============================================================
DIAGNOSTIC 1: Per-exercise skeleton variance
============================================================
  Exercise      X-var      Y-var      Z-var  Z/X ratio
-------------------------------------------------------
        E0     0.0427     0.0085     0.0664      1.557
        E1     0.0479     0.0096     0.0700      1.460
        E2     0.0455     0.0089     0.0671      1.474
        E3     0.0471     0.0093     0.0689      1.465
        E4     0.0468     0.0099     0.0703      1.502
        E5     0.0466     0.0092     0.0711      1.526
        E6     0.0464     0.0103     0.0710      1.529

============================================================
DIAGNOSTIC 2: Quality score distribution per split
============================================================
 Train: mean=4.145 std=0.843 min=1.34 max=5.00 | correct=3925 erroneous=2365
   Val: mean=4.198 std=0.804 min=2.28 max=5.00 | correct=1347 erroneous=654
  Test: mean=4.063 std=0.815 min=2.18 max=5.00 | correct=1417 erroneous=869
  ✓ History NPZ → /mvdlph/masa/GCN_SingleView_Regression_Results/run_2026_06_06_01_21_07/logs/training_history.npz
========================================================================
  Exercise         n      MAE     RMSE       R²      PCC
────────────────────────────────────────────────────────────────────────
  E0             152   0.5522   0.6916   0.2233   0.8590
  E1             107   0.4617   0.5999   0.4757   0.8866
  E2              86   0.4044   0.5572   0.5530   0.8971
  E3              92   0.6257   0.6700   0.2152   0.8061
  E4             106   0.3638   0.4415   0.3810   0.6964
  E5             104   0.3515   0.5199   0.3697   0.8465
  E6             104   0.4340   0.7139   0.2074   0.8204
────────────────────────────────────────────────────────────────────────
  Overall        751   0.4606   0.6117   0.4352   0.7437
========================================================================
  ✓ Per-exercise CSV → /mvdlph/masa/GCN_SingleView_Regression_Results/run_2026_06_06_01_21_07/logs/per_exercise_metrics.csv
  ✓ Per-exercise scatter grid → /mvdlph/masa/GCN_SingleView_Regression_Results/run_2026_06_06_01_21_07/plots/per_exercise_scatter.png
  ✓ Per-exercise bar chart → /mvdlph/masa/GCN_SingleView_Regression_Results/run_2026_06_06_01_21_07/plots/per_exercise_bar.png
  ✓ Per-exercise metrics NPZ → /mvdlph/masa/GCN_SingleView_Regression_Results/run_2026_06_06_01_21_07/logs/per_exercise_metrics.npz
============================================================
  TRAINING SUMMARY — ST-GCN Mid-Fusion (3 Cameras)
============================================================
  Fusion           : MID (6→64 per cam → concat 192)
  Best Epoch       : 46  (stopped at 146)
  Best Val MAE     : 0.2560
  Best Val RMSE    : 0.4175
  Best Val R²      : 0.7290
  Best Val PCC     : 0.8649
────────────────────────────────────────────────────────────
  Test MAE         : 0.4606
  Test RMSE        : 0.6117
  Test R²          : 0.4352
  Test PCC         : 0.7437
============================================================
2026-06-06 02:15:56,108 | INFO | Best Epoch=46  stopped_epoch=146
2026-06-06 02:15:56,109 | INFO | Test MAE=0.4606  RMSE=0.6117  R²=0.4352  PCC=0.7437

✓ Summary CSV → /mvdlph/masa/GCN_SingleView_Regression_Results/training_summary.csv
