✓ stdout → also writing to /mvdlph/masa/GCN_SingleView_Regression_Results/run_2026_05_24_10_05_34/logs/training_20260524_100535.log
2026-05-24 10:05:35,082 | INFO | ======================================================================
2026-05-24 10:05:35,083 | INFO | ST-GCN Single-View Regression | BZU Physiotherapy Dataset
2026-05-24 10:05:35,083 | INFO | Camera : C0  |  Split : 70/15/15  |  Epochs : 300  |  Patience : 100
2026-05-24 10:05:35,084 | INFO | Log file : /mvdlph/masa/GCN_SingleView_Regression_Results/run_2026_05_24_10_05_34/logs/training_20260524_100535.log
2026-05-24 10:05:35,085 | INFO | ======================================================================
✓ parse_filename and load_skeleton defined

[TRAIN] NPZ files found : 9477
  Samples          : 9477
  Unique trials    : 327
  Quality mean±std : 4.127 ± 0.812
  Exercise dist    :
0     961
1     966
2     829
3     979
4     970
5     933
6     954
7     965
8     903
9    1017
  Samples (after camera filter) : 9477

[VALID] NPZ files found : 2790
  Samples          : 2790
  Unique trials    : 100
  Quality mean±std : 4.232 ± 0.741
  Exercise dist    :
0    326
1    316
2    295
3    298
4    322
5    312
6    302
7    304
8    181
9    134
  Samples (after camera filter) : 2790

[TEST] NPZ files found : 3108
  Samples          : 3108
  Unique trials    : 107
  Quality mean±std : 4.031 ± 0.777
  Exercise dist    :
0    465
1    326
2    258
3    319
4    287
5    321
6    314
7    319
8    317
9    182
  Samples (after camera filter) : 3108
  [TRAIN] ⚠️  Skipped 246 files from 13 groups with incomplete camera coverage
  [TRAIN] Filtered to camera C0: 3044 samples
  [VALID] ⚠️  Skipped 133 files from 8 groups with incomplete camera coverage
       – E0_P1_T2  cameras=[0, 2]
       – E0_P1_T3  cameras=[1]
       – E3_P1_T2  cameras=[1]
       – E6_P6_T1  cameras=[0, 1]
       – E9_P1_T2  cameras=[0]
       – E9_P6_T0  cameras=[0, 2]
       – E9_P6_T1  cameras=[0, 2]
       – E9_P6_T2  cameras=[0, 2]
  [VALID] Filtered to camera C0: 880 samples
  [TEST] ✓ All groups have complete 3-camera coverage
  [TEST] Filtered to camera C0: 1033 samples

Checking for corrupted files...
  [TRAIN] Clean samples : 3044
  [VALID] Clean samples : 880
  [TEST] Clean samples : 1033

✓ Filtered to E0 only:
  Train : 318  Val : 95  Test : 156

✓ No data-leakage detected across splits

════════════════════════════════════════════════════════════════════
  Split     Samples   Correct   Erroneous   Q mean   Q std   Q min   Q max
  ──────────────────────────────────────────────────────────────────
  Train         318       206         112    3.765   0.985   1.340   4.740
  Val            95        59          36    3.561   0.901   2.280   4.680
  Test          156        78          78    3.645   0.784   2.300   4.750
════════════════════════════════════════════════════════════════════

✓ Pre-split index ready  →  train / val / test DataFrames built
0    569
Name: camera, dtype: int64

الكاميرات الموجودة: [0]
camera      0
exercise     
0         569
E0: correct=3 trials, erroneous=4 trials

==================================================
  Train
==================================================
            mean     var  count
exercise                       
0         3.7651  0.9697    318

==================================================
  Val
==================================================
            mean     var  count
exercise                       
0         3.5606  0.8122     95

==================================================
  Test
==================================================
           mean     var  count
exercise                      
0         3.645  0.6149    156

============================================================
  All Splits Combined
============================================================
                  mean     var  count
split exercise                       
Test  0         3.6450  0.6149    156
Train 0         3.7651  0.9697    318
Val   0         3.5606  0.8122     95
Frame length distribution (sample of 500 files):
  min    = 29
  max    = 154
  mean   = 66.9
  median = 63.0
  std    = 19.1

Percentiles:
   25th = 53
   50th = 63
   75th = 78
   90th = 91
   95th = 100
   99th = 121

Value counts (top 10):
    51 frames →   20 files (4.0%)
    54 frames →   19 files (3.8%)
    61 frames →   17 files (3.4%)
    78 frames →   15 files (3.0%)
    50 frames →   15 files (3.0%)
    75 frames →   14 files (2.8%)
    68 frames →   13 files (2.6%)
    59 frames →   13 files (2.6%)
    53 frames →   13 files (2.6%)
    52 frames →   13 files (2.6%)
✓ Skeleton visualisation helpers defined
person                                                     P0
exercise                                                    0
trial_id                                                   T1
segment                                                     0
filepath    /mvdlph/Dataset_CVDLPT_Videos_Segments_P0P15_M...
Name: 10, dtype: object
Skeleton shape : (81, 17, 3)
X range : [-0.369, 0.592]
Y range : [-0.193, 0.198]
Z range : [0.000, 0.994]
  ✓ Skeleton plot saved → /mvdlph/masa/GCN_SingleView_Regression_Results/run_2026_05_24_10_05_34/plots/sample_skeleton_3views.png
  ✓ Motion frames saved → /mvdlph/masa/GCN_SingleView_Regression_Results/run_2026_05_24_10_05_34/plots/sample_skeleton_motion.png
Axis ranges across all frames:
X: [-0.369, 0.592] — likely left/right
Y: [-0.193, 0.198] — likely ???
Z: [0.000, 0.994] — likely height

Hip  mean XYZ: [0.         0.         0.32353598]
Head mean XYZ: [-0.14399661 -0.18363096  0.9671082 ]

Difference (head - hip): [-0.14399661 -0.18363096  0.6435722 ]

Camera 0:
  Hip  XYZ: [0.    0.    0.324]
  Head XYZ: [-0.144 -0.183  0.968]
  X range: [-0.37, 0.59]
  Z range: [0.00, 0.99]

Camera 1: no file found

Camera 2: no file found
✓ BZUDataset defined (regression only)
Joint distances from Hip (body center):
  Joint  0 (Hip         ) distance=0  
  Joint  1 (R-Hip       ) distance=1  ─
  Joint  2 (R-Knee      ) distance=2  ──
  Joint  3 (R-Ankle     ) distance=3  ───
  Joint  4 (L-Hip       ) distance=1  ─
  Joint  5 (L-Knee      ) distance=2  ──
  Joint  6 (L-Ankle     ) distance=3  ───
  Joint  7 (Spine       ) distance=1  ─
  Joint  8 (Thorax      ) distance=2  ──
  Joint  9 (Neck        ) distance=3  ───
  Joint 10 (Head        ) distance=4  ────
  Joint 11 (L-Shoulder  ) distance=3  ───
  Joint 12 (L-Elbow     ) distance=4  ────
  Joint 13 (L-Wrist     ) distance=5  ─────
  Joint 14 (R-Shoulder  ) distance=3  ───
  Joint 15 (R-Elbow     ) distance=4  ────
  Joint 16 (R-Wrist     ) distance=5  ─────

✓ True ST-GCN sanity check passed — output shape: torch.Size([2])
✓ Total trainable parameters: 511,135
✓ STGCN_Regression (True ST-GCN, Yan et al. AAAI 2018) defined
Device : cuda
GPU    : Tesla V100-PCIE-32GB
✓ centre_and_scale and run_epoch (regression) defined
=================================================================
Quality score distribution audit
=================================================================
  ✓ Saved → /mvdlph/masa/GCN_SingleView_Regression_Results/run_2026_05_24_10_05_34/plots/split_quality_distributions.png

Split    Type              n    mean     std    min    25%    50%    75%    max
----------------------------------------------------------------------
Train    Correct (T≤2)    206   4.396   0.254   3.78   4.26   4.42   4.58   4.74
Train    Erroneous (T≥3)    112   2.604   0.742   1.34   2.08   2.52   3.05   3.88

Val      Correct (T≤2)     59   4.211   0.403   3.56   3.82   4.28   4.64   4.68
Val      Erroneous (T≥3)     36   2.495   0.176   2.28   2.35   2.49   2.63   2.72

Test     Correct (T≤2)     78   4.323   0.401   3.58   4.10   4.58   4.70   4.75
Test     Erroneous (T≥3)     78   2.967   0.382   2.30   2.80   3.18   3.34   3.44

=================================================================
Person distribution across splits
=================================================================
  Train : ['P0', 'P10', 'P14', 'P15', 'P2', 'P3', 'P4', 'P5', 'P7']
  Val   : ['P1', 'P11', 'P6']
  Test  : ['P12', 'P13', 'P8', 'P9']

Per-person quality mean per split:

  Train:
         mean    std  count
person                     
P0      4.262  0.086     30
P10     2.408  0.865     49
P14     3.184  0.961     45
P15     3.142  0.652     46
P2      4.733  0.010     30
P3      4.413  0.025     30
P4      4.473  0.078     30
P5      4.247  0.038     30
P7      4.559  0.066     28

  Val:
         mean    std  count
person                     
P1      4.660  0.021     20
P11     2.708  0.459     45
P6      4.107  0.208     30

  Test:
         mean    std  count
person                     
P12     2.930  0.507     47
P13     3.290  0.347     49
P8      4.653  0.053     30
P9      4.337  0.298     30

=================================================================
Exercise balance across splits
=================================================================
    Train  Val  Test  Train%   Val%  Test%
E0    318   95   156   100.0  100.0  100.0
✓ Plotting helpers (regression) defined
✓ EarlyStopping defined (monitoring MAE)
2026-05-24 10:05:57,789 | INFO | ======================================================================
2026-05-24 10:05:57,790 | INFO | STARTING REGRESSION TRAINING  (with Early Stopping on MAE)
2026-05-24 10:05:57,790 | INFO | ======================================================================
2026-05-24 10:05:57,791 | INFO | train=318 val=95 test=156

════════════════════════════════════════════════════════════════════
  Camera C0  |  Train: 318  Val: 95  Test: 156
  Patience: 100  |  LR: 1e-4  |  Batch: 48
════════════════════════════════════════════════════════════════════
  Ep   1/300 | Tr loss=0.8683 mae=1.294 r2=-1.262 pcc=0.274 | Vl loss=0.4513 mae=0.865 r2=-0.199 pcc=0.908 | ES 0/100 ★
2026-05-24 10:05:59,945 | INFO |   Ep   1/300 | Tr loss=0.8683 mae=1.294 r2=-1.262 pcc=0.274 | Vl loss=0.4513 mae=0.865 r2=-0.199 pcc=0.908 | ES 0/100 ★
    ★ val_mae=0.8645  rmse=0.9815  r2=-0.1987  pcc=0.9077
  Ep   2/300 | Tr loss=0.6916 mae=1.095 r2=-0.642 pcc=0.481 | Vl loss=1.9495 mae=2.442 r2=-7.425 pcc=-0.895 | ES 1/100
2026-05-24 10:06:01,167 | INFO |   Ep   2/300 | Tr loss=0.6916 mae=1.095 r2=-0.642 pcc=0.481 | Vl loss=1.9495 mae=2.442 r2=-7.425 pcc=-0.895 | ES 1/100
  Ep   3/300 | Tr loss=0.6648 mae=1.094 r2=-0.535 pcc=0.509 | Vl loss=1.9050 mae=2.397 r2=-7.153 pcc=-0.515 | ES 2/100
2026-05-24 10:06:02,299 | INFO |   Ep   3/300 | Tr loss=0.6648 mae=1.094 r2=-0.535 pcc=0.509 | Vl loss=1.9050 mae=2.397 r2=-7.153 pcc=-0.515 | ES 2/100
  Ep   4/300 | Tr loss=0.6214 mae=1.035 r2=-0.444 pcc=0.588 | Vl loss=1.9074 mae=2.400 r2=-7.184 pcc=-0.926 | ES 3/100
2026-05-24 10:06:03,413 | INFO |   Ep   4/300 | Tr loss=0.6214 mae=1.035 r2=-0.444 pcc=0.588 | Vl loss=1.9074 mae=2.400 r2=-7.184 pcc=-0.926 | ES 3/100
  Ep   5/300 | Tr loss=0.6201 mae=1.027 r2=-0.544 pcc=0.611 | Vl loss=1.8543 mae=2.346 r2=-6.925 pcc=-0.916 | ES 4/100
2026-05-24 10:06:04,515 | INFO |   Ep   5/300 | Tr loss=0.6201 mae=1.027 r2=-0.544 pcc=0.611 | Vl loss=1.8543 mae=2.346 r2=-6.925 pcc=-0.916 | ES 4/100
  Ep   6/300 | Tr loss=0.5664 mae=0.981 r2=-0.427 pcc=0.581 | Vl loss=1.6343 mae=2.119 r2=-5.837 pcc=-0.914 | ES 5/100
2026-05-24 10:06:05,619 | INFO |   Ep   6/300 | Tr loss=0.5664 mae=0.981 r2=-0.427 pcc=0.581 | Vl loss=1.6343 mae=2.119 r2=-5.837 pcc=-0.914 | ES 5/100
  Ep   7/300 | Tr loss=0.5735 mae=0.982 r2=-0.359 pcc=0.497 | Vl loss=1.2381 mae=1.635 r2=-3.858 pcc=-0.910 | ES 6/100
2026-05-24 10:06:06,729 | INFO |   Ep   7/300 | Tr loss=0.5735 mae=0.982 r2=-0.359 pcc=0.497 | Vl loss=1.2381 mae=1.635 r2=-3.858 pcc=-0.910 | ES 6/100
  Ep   8/300 | Tr loss=0.4913 mae=0.886 r2=-0.066 pcc=0.588 | Vl loss=0.8973 mae=1.267 r2=-2.051 pcc=-0.907 | ES 7/100
2026-05-24 10:06:07,819 | INFO |   Ep   8/300 | Tr loss=0.4913 mae=0.886 r2=-0.066 pcc=0.588 | Vl loss=0.8973 mae=1.267 r2=-2.051 pcc=-0.907 | ES 7/100
  Ep   9/300 | Tr loss=0.4686 mae=0.865 r2=-0.012 pcc=0.620 | Vl loss=0.8524 mae=1.224 r2=-1.817 pcc=-0.867 | ES 8/100
2026-05-24 10:06:08,909 | INFO |   Ep   9/300 | Tr loss=0.4686 mae=0.865 r2=-0.012 pcc=0.620 | Vl loss=0.8524 mae=1.224 r2=-1.817 pcc=-0.867 | ES 8/100
  Ep  10/300 | Tr loss=0.5025 mae=0.895 r2=-0.134 pcc=0.597 | Vl loss=0.9074 mae=1.280 r2=-2.069 pcc=-0.841 | ES 9/100
2026-05-24 10:06:10,006 | INFO |   Ep  10/300 | Tr loss=0.5025 mae=0.895 r2=-0.134 pcc=0.597 | Vl loss=0.9074 mae=1.280 r2=-2.069 pcc=-0.841 | ES 9/100
  Ep  11/300 | Tr loss=0.4587 mae=0.834 r2=-0.082 pcc=0.571 | Vl loss=0.6066 mae=0.987 r2=-0.773 pcc=0.619 | ES 10/100
2026-05-24 10:06:11,090 | INFO |   Ep  11/300 | Tr loss=0.4587 mae=0.834 r2=-0.082 pcc=0.571 | Vl loss=0.6066 mae=0.987 r2=-0.773 pcc=0.619 | ES 10/100
  Ep  12/300 | Tr loss=0.4223 mae=0.803 r2=0.132 pcc=0.626 | Vl loss=0.4036 mae=0.769 r2=-0.101 pcc=0.712 | ES 0/100 ★
2026-05-24 10:06:12,200 | INFO |   Ep  12/300 | Tr loss=0.4223 mae=0.803 r2=0.132 pcc=0.626 | Vl loss=0.4036 mae=0.769 r2=-0.101 pcc=0.712 | ES 0/100 ★
    ★ val_mae=0.7687  rmse=0.9406  r2=-0.1008  pcc=0.7121
  Ep  13/300 | Tr loss=0.4242 mae=0.796 r2=0.157 pcc=0.647 | Vl loss=0.3188 mae=0.662 r2=0.154 pcc=0.759 | ES 0/100 ★
2026-05-24 10:06:13,317 | INFO |   Ep  13/300 | Tr loss=0.4242 mae=0.796 r2=0.157 pcc=0.647 | Vl loss=0.3188 mae=0.662 r2=0.154 pcc=0.759 | ES 0/100 ★
    ★ val_mae=0.6615  rmse=0.8246  r2=0.1538  pcc=0.7593
  Ep  14/300 | Tr loss=0.3915 mae=0.757 r2=0.203 pcc=0.672 | Vl loss=0.4128 mae=0.775 r2=-0.152 pcc=0.682 | ES 1/100
2026-05-24 10:06:14,462 | INFO |   Ep  14/300 | Tr loss=0.3915 mae=0.757 r2=0.203 pcc=0.672 | Vl loss=0.4128 mae=0.775 r2=-0.152 pcc=0.682 | ES 1/100
  Ep  15/300 | Tr loss=0.3992 mae=0.760 r2=0.152 pcc=0.617 | Vl loss=0.1992 mae=0.488 r2=0.498 pcc=0.792 | ES 0/100 ★
2026-05-24 10:06:15,551 | INFO |   Ep  15/300 | Tr loss=0.3992 mae=0.760 r2=0.152 pcc=0.617 | Vl loss=0.1992 mae=0.488 r2=0.498 pcc=0.792 | ES 0/100 ★
    ★ val_mae=0.4884  rmse=0.6351  r2=0.4981  pcc=0.7916
  Ep  16/300 | Tr loss=0.3822 mae=0.754 r2=0.214 pcc=0.653 | Vl loss=0.1318 mae=0.405 r2=0.671 pcc=0.846 | ES 0/100 ★
2026-05-24 10:06:16,705 | INFO |   Ep  16/300 | Tr loss=0.3822 mae=0.754 r2=0.214 pcc=0.653 | Vl loss=0.1318 mae=0.405 r2=0.671 pcc=0.846 | ES 0/100 ★
    ★ val_mae=0.4047  rmse=0.5141  r2=0.6711  pcc=0.8465
  Ep  17/300 | Tr loss=0.3565 mae=0.705 r2=0.305 pcc=0.666 | Vl loss=0.1369 mae=0.419 r2=0.656 pcc=0.857 | ES 1/100
2026-05-24 10:06:17,825 | INFO |   Ep  17/300 | Tr loss=0.3565 mae=0.705 r2=0.305 pcc=0.666 | Vl loss=0.1369 mae=0.419 r2=0.656 pcc=0.857 | ES 1/100
  Ep  18/300 | Tr loss=0.3805 mae=0.755 r2=0.254 pcc=0.645 | Vl loss=0.1275 mae=0.402 r2=0.682 pcc=0.847 | ES 0/100 ★
2026-05-24 10:06:18,960 | INFO |   Ep  18/300 | Tr loss=0.3805 mae=0.755 r2=0.254 pcc=0.645 | Vl loss=0.1275 mae=0.402 r2=0.682 pcc=0.847 | ES 0/100 ★
    ★ val_mae=0.4024  rmse=0.5051  r2=0.6825  pcc=0.8467
  Ep  19/300 | Tr loss=0.3878 mae=0.763 r2=0.157 pcc=0.601 | Vl loss=0.1125 mae=0.390 r2=0.720 pcc=0.870 | ES 0/100 ★
2026-05-24 10:06:20,090 | INFO |   Ep  19/300 | Tr loss=0.3878 mae=0.763 r2=0.157 pcc=0.601 | Vl loss=0.1125 mae=0.390 r2=0.720 pcc=0.870 | ES 0/100 ★
    ★ val_mae=0.3902  rmse=0.4741  r2=0.7203  pcc=0.8696
  Ep  20/300 | Tr loss=0.3559 mae=0.703 r2=0.258 pcc=0.671 | Vl loss=0.1192 mae=0.405 r2=0.704 pcc=0.859 | ES 1/100
2026-05-24 10:06:21,192 | INFO |   Ep  20/300 | Tr loss=0.3559 mae=0.703 r2=0.258 pcc=0.671 | Vl loss=0.1192 mae=0.405 r2=0.704 pcc=0.859 | ES 1/100
  Ep  21/300 | Tr loss=0.3548 mae=0.717 r2=0.227 pcc=0.646 | Vl loss=0.1378 mae=0.395 r2=0.658 pcc=0.884 | ES 2/100
2026-05-24 10:06:22,279 | INFO |   Ep  21/300 | Tr loss=0.3548 mae=0.717 r2=0.227 pcc=0.646 | Vl loss=0.1378 mae=0.395 r2=0.658 pcc=0.884 | ES 2/100
  Ep  22/300 | Tr loss=0.3261 mae=0.689 r2=0.365 pcc=0.706 | Vl loss=0.1168 mae=0.405 r2=0.710 pcc=0.859 | ES 3/100
2026-05-24 10:06:23,381 | INFO |   Ep  22/300 | Tr loss=0.3261 mae=0.689 r2=0.365 pcc=0.706 | Vl loss=0.1168 mae=0.405 r2=0.710 pcc=0.859 | ES 3/100
  Ep  23/300 | Tr loss=0.3915 mae=0.776 r2=0.187 pcc=0.616 | Vl loss=0.1159 mae=0.395 r2=0.712 pcc=0.866 | ES 4/100
2026-05-24 10:06:24,470 | INFO |   Ep  23/300 | Tr loss=0.3915 mae=0.776 r2=0.187 pcc=0.616 | Vl loss=0.1159 mae=0.395 r2=0.712 pcc=0.866 | ES 4/100
  Ep  24/300 | Tr loss=0.2995 mae=0.654 r2=0.436 pcc=0.720 | Vl loss=0.1180 mae=0.396 r2=0.706 pcc=0.866 | ES 5/100
2026-05-24 10:06:25,571 | INFO |   Ep  24/300 | Tr loss=0.2995 mae=0.654 r2=0.436 pcc=0.720 | Vl loss=0.1180 mae=0.396 r2=0.706 pcc=0.866 | ES 5/100
  Ep  25/300 | Tr loss=0.2515 mae=0.590 r2=0.509 pcc=0.766 | Vl loss=0.1210 mae=0.402 r2=0.698 pcc=0.861 | ES 6/100
2026-05-24 10:06:26,679 | INFO |   Ep  25/300 | Tr loss=0.2515 mae=0.590 r2=0.509 pcc=0.766 | Vl loss=0.1210 mae=0.402 r2=0.698 pcc=0.861 | ES 6/100
  Ep  26/300 | Tr loss=0.3023 mae=0.659 r2=0.376 pcc=0.685 | Vl loss=0.1152 mae=0.393 r2=0.713 pcc=0.856 | ES 7/100
2026-05-24 10:06:27,775 | INFO |   Ep  26/300 | Tr loss=0.3023 mae=0.659 r2=0.376 pcc=0.685 | Vl loss=0.1152 mae=0.393 r2=0.713 pcc=0.856 | ES 7/100
  Ep  27/300 | Tr loss=0.3305 mae=0.683 r2=0.365 pcc=0.680 | Vl loss=0.1343 mae=0.401 r2=0.664 pcc=0.881 | ES 8/100
2026-05-24 10:06:28,912 | INFO |   Ep  27/300 | Tr loss=0.3305 mae=0.683 r2=0.365 pcc=0.680 | Vl loss=0.1343 mae=0.401 r2=0.664 pcc=0.881 | ES 8/100
  Ep  28/300 | Tr loss=0.2859 mae=0.645 r2=0.387 pcc=0.713 | Vl loss=0.1401 mae=0.420 r2=0.643 pcc=0.875 | ES 9/100
2026-05-24 10:06:30,031 | INFO |   Ep  28/300 | Tr loss=0.2859 mae=0.645 r2=0.387 pcc=0.713 | Vl loss=0.1401 mae=0.420 r2=0.643 pcc=0.875 | ES 9/100
  Ep  29/300 | Tr loss=0.3143 mae=0.676 r2=0.383 pcc=0.686 | Vl loss=0.1494 mae=0.424 r2=0.620 pcc=0.883 | ES 10/100
2026-05-24 10:06:31,109 | INFO |   Ep  29/300 | Tr loss=0.3143 mae=0.676 r2=0.383 pcc=0.686 | Vl loss=0.1494 mae=0.424 r2=0.620 pcc=0.883 | ES 10/100
  Ep  30/300 | Tr loss=0.2720 mae=0.613 r2=0.439 pcc=0.728 | Vl loss=0.1722 mae=0.478 r2=0.554 pcc=0.885 | ES 11/100
2026-05-24 10:06:32,202 | INFO |   Ep  30/300 | Tr loss=0.2720 mae=0.613 r2=0.439 pcc=0.728 | Vl loss=0.1722 mae=0.478 r2=0.554 pcc=0.885 | ES 11/100
  Ep  31/300 | Tr loss=0.2906 mae=0.645 r2=0.445 pcc=0.724 | Vl loss=0.1610 mae=0.469 r2=0.582 pcc=0.876 | ES 12/100
2026-05-24 10:06:33,316 | INFO |   Ep  31/300 | Tr loss=0.2906 mae=0.645 r2=0.445 pcc=0.724 | Vl loss=0.1610 mae=0.469 r2=0.582 pcc=0.876 | ES 12/100
  Ep  32/300 | Tr loss=0.2979 mae=0.645 r2=0.446 pcc=0.718 | Vl loss=0.1664 mae=0.480 r2=0.568 pcc=0.873 | ES 13/100
2026-05-24 10:06:34,401 | INFO |   Ep  32/300 | Tr loss=0.2979 mae=0.645 r2=0.446 pcc=0.718 | Vl loss=0.1664 mae=0.480 r2=0.568 pcc=0.873 | ES 13/100
  Ep  33/300 | Tr loss=0.2352 mae=0.576 r2=0.557 pcc=0.781 | Vl loss=0.1575 mae=0.453 r2=0.594 pcc=0.869 | ES 14/100
2026-05-24 10:06:35,497 | INFO |   Ep  33/300 | Tr loss=0.2352 mae=0.576 r2=0.557 pcc=0.781 | Vl loss=0.1575 mae=0.453 r2=0.594 pcc=0.869 | ES 14/100
  Ep  34/300 | Tr loss=0.3070 mae=0.658 r2=0.389 pcc=0.706 | Vl loss=0.1509 mae=0.441 r2=0.611 pcc=0.873 | ES 15/100
2026-05-24 10:06:36,587 | INFO |   Ep  34/300 | Tr loss=0.3070 mae=0.658 r2=0.389 pcc=0.706 | Vl loss=0.1509 mae=0.441 r2=0.611 pcc=0.873 | ES 15/100
  Ep  35/300 | Tr loss=0.2874 mae=0.646 r2=0.459 pcc=0.727 | Vl loss=0.1362 mae=0.408 r2=0.652 pcc=0.878 | ES 16/100
2026-05-24 10:06:37,671 | INFO |   Ep  35/300 | Tr loss=0.2874 mae=0.646 r2=0.459 pcc=0.727 | Vl loss=0.1362 mae=0.408 r2=0.652 pcc=0.878 | ES 16/100
  Ep  36/300 | Tr loss=0.2904 mae=0.638 r2=0.442 pcc=0.706 | Vl loss=0.1445 mae=0.431 r2=0.628 pcc=0.882 | ES 17/100
2026-05-24 10:06:38,760 | INFO |   Ep  36/300 | Tr loss=0.2904 mae=0.638 r2=0.442 pcc=0.706 | Vl loss=0.1445 mae=0.431 r2=0.628 pcc=0.882 | ES 17/100
  Ep  37/300 | Tr loss=0.2542 mae=0.588 r2=0.504 pcc=0.745 | Vl loss=0.1510 mae=0.446 r2=0.611 pcc=0.879 | ES 18/100
2026-05-24 10:06:39,838 | INFO |   Ep  37/300 | Tr loss=0.2542 mae=0.588 r2=0.504 pcc=0.745 | Vl loss=0.1510 mae=0.446 r2=0.611 pcc=0.879 | ES 18/100
  Ep  38/300 | Tr loss=0.2584 mae=0.603 r2=0.531 pcc=0.767 | Vl loss=0.1574 mae=0.455 r2=0.595 pcc=0.881 | ES 19/100
2026-05-24 10:06:40,924 | INFO |   Ep  38/300 | Tr loss=0.2584 mae=0.603 r2=0.531 pcc=0.767 | Vl loss=0.1574 mae=0.455 r2=0.595 pcc=0.881 | ES 19/100
  Ep  39/300 | Tr loss=0.3153 mae=0.668 r2=0.379 pcc=0.699 | Vl loss=0.1354 mae=0.406 r2=0.654 pcc=0.877 | ES 20/100
2026-05-24 10:06:42,012 | INFO |   Ep  39/300 | Tr loss=0.3153 mae=0.668 r2=0.379 pcc=0.699 | Vl loss=0.1354 mae=0.406 r2=0.654 pcc=0.877 | ES 20/100
  Ep  40/300 | Tr loss=0.2598 mae=0.603 r2=0.510 pcc=0.750 | Vl loss=0.1443 mae=0.393 r2=0.637 pcc=0.867 | ES 21/100
2026-05-24 10:06:43,092 | INFO |   Ep  40/300 | Tr loss=0.2598 mae=0.603 r2=0.510 pcc=0.750 | Vl loss=0.1443 mae=0.393 r2=0.637 pcc=0.867 | ES 21/100
  Ep  41/300 | Tr loss=0.2597 mae=0.597 r2=0.507 pcc=0.748 | Vl loss=0.1612 mae=0.435 r2=0.586 pcc=0.877 | ES 22/100
2026-05-24 10:06:44,169 | INFO |   Ep  41/300 | Tr loss=0.2597 mae=0.597 r2=0.507 pcc=0.748 | Vl loss=0.1612 mae=0.435 r2=0.586 pcc=0.877 | ES 22/100
  Ep  42/300 | Tr loss=0.2855 mae=0.603 r2=0.468 pcc=0.732 | Vl loss=0.2234 mae=0.553 r2=0.416 pcc=0.868 | ES 23/100
2026-05-24 10:06:45,254 | INFO |   Ep  42/300 | Tr loss=0.2855 mae=0.603 r2=0.468 pcc=0.732 | Vl loss=0.2234 mae=0.553 r2=0.416 pcc=0.868 | ES 23/100
  Ep  43/300 | Tr loss=0.2603 mae=0.602 r2=0.493 pcc=0.725 | Vl loss=0.1621 mae=0.440 r2=0.582 pcc=0.870 | ES 24/100
2026-05-24 10:06:46,332 | INFO |   Ep  43/300 | Tr loss=0.2603 mae=0.602 r2=0.493 pcc=0.725 | Vl loss=0.1621 mae=0.440 r2=0.582 pcc=0.870 | ES 24/100
  Ep  44/300 | Tr loss=0.2958 mae=0.644 r2=0.458 pcc=0.713 | Vl loss=0.1281 mae=0.391 r2=0.675 pcc=0.876 | ES 25/100
2026-05-24 10:06:47,437 | INFO |   Ep  44/300 | Tr loss=0.2958 mae=0.644 r2=0.458 pcc=0.713 | Vl loss=0.1281 mae=0.391 r2=0.675 pcc=0.876 | ES 25/100
  Ep  45/300 | Tr loss=0.2633 mae=0.613 r2=0.508 pcc=0.747 | Vl loss=0.1398 mae=0.387 r2=0.647 pcc=0.868 | ES 0/100 ★
2026-05-24 10:06:48,565 | INFO |   Ep  45/300 | Tr loss=0.2633 mae=0.613 r2=0.508 pcc=0.747 | Vl loss=0.1398 mae=0.387 r2=0.647 pcc=0.868 | ES 0/100 ★
    ★ val_mae=0.3869  rmse=0.5327  r2=0.6469  pcc=0.8677
  Ep  46/300 | Tr loss=0.2608 mae=0.595 r2=0.523 pcc=0.750 | Vl loss=0.1603 mae=0.422 r2=0.595 pcc=0.864 | ES 1/100
2026-05-24 10:06:49,691 | INFO |   Ep  46/300 | Tr loss=0.2608 mae=0.595 r2=0.523 pcc=0.750 | Vl loss=0.1603 mae=0.422 r2=0.595 pcc=0.864 | ES 1/100
  Ep  47/300 | Tr loss=0.2608 mae=0.590 r2=0.522 pcc=0.747 | Vl loss=0.1510 mae=0.410 r2=0.618 pcc=0.871 | ES 2/100
2026-05-24 10:06:50,834 | INFO |   Ep  47/300 | Tr loss=0.2608 mae=0.590 r2=0.522 pcc=0.747 | Vl loss=0.1510 mae=0.410 r2=0.618 pcc=0.871 | ES 2/100
  Ep  48/300 | Tr loss=0.2538 mae=0.575 r2=0.479 pcc=0.718 | Vl loss=0.1256 mae=0.365 r2=0.683 pcc=0.881 | ES 0/100 ★
2026-05-24 10:06:52,051 | INFO |   Ep  48/300 | Tr loss=0.2538 mae=0.575 r2=0.479 pcc=0.718 | Vl loss=0.1256 mae=0.365 r2=0.683 pcc=0.881 | ES 0/100 ★
    ★ val_mae=0.3645  rmse=0.5048  r2=0.6830  pcc=0.8811
  Ep  49/300 | Tr loss=0.2839 mae=0.631 r2=0.439 pcc=0.686 | Vl loss=0.1061 mae=0.351 r2=0.733 pcc=0.891 | ES 0/100 ★
2026-05-24 10:06:53,218 | INFO |   Ep  49/300 | Tr loss=0.2839 mae=0.631 r2=0.439 pcc=0.686 | Vl loss=0.1061 mae=0.351 r2=0.733 pcc=0.891 | ES 0/100 ★
    ★ val_mae=0.3512  rmse=0.4635  r2=0.7327  pcc=0.8907
  Ep  50/300 | Tr loss=0.2850 mae=0.626 r2=0.499 pcc=0.719 | Vl loss=0.1236 mae=0.385 r2=0.689 pcc=0.882 | ES 1/100
2026-05-24 10:06:54,414 | INFO |   Ep  50/300 | Tr loss=0.2850 mae=0.626 r2=0.499 pcc=0.719 | Vl loss=0.1236 mae=0.385 r2=0.689 pcc=0.882 | ES 1/100
  Ep  51/300 | Tr loss=0.2834 mae=0.648 r2=0.436 pcc=0.707 | Vl loss=0.1286 mae=0.396 r2=0.675 pcc=0.879 | ES 2/100
2026-05-24 10:06:55,602 | INFO |   Ep  51/300 | Tr loss=0.2834 mae=0.648 r2=0.436 pcc=0.707 | Vl loss=0.1286 mae=0.396 r2=0.675 pcc=0.879 | ES 2/100
  Ep  52/300 | Tr loss=0.2420 mae=0.570 r2=0.536 pcc=0.751 | Vl loss=0.1231 mae=0.385 r2=0.688 pcc=0.882 | ES 3/100
2026-05-24 10:06:56,831 | INFO |   Ep  52/300 | Tr loss=0.2420 mae=0.570 r2=0.536 pcc=0.751 | Vl loss=0.1231 mae=0.385 r2=0.688 pcc=0.882 | ES 3/100
  Ep  53/300 | Tr loss=0.2364 mae=0.576 r2=0.510 pcc=0.741 | Vl loss=0.1290 mae=0.396 r2=0.671 pcc=0.885 | ES 4/100
2026-05-24 10:06:58,026 | INFO |   Ep  53/300 | Tr loss=0.2364 mae=0.576 r2=0.510 pcc=0.741 | Vl loss=0.1290 mae=0.396 r2=0.671 pcc=0.885 | ES 4/100
  Ep  54/300 | Tr loss=0.2518 mae=0.570 r2=0.504 pcc=0.739 | Vl loss=0.1397 mae=0.417 r2=0.640 pcc=0.883 | ES 5/100
2026-05-24 10:06:59,182 | INFO |   Ep  54/300 | Tr loss=0.2518 mae=0.570 r2=0.504 pcc=0.739 | Vl loss=0.1397 mae=0.417 r2=0.640 pcc=0.883 | ES 5/100
  Ep  55/300 | Tr loss=0.2503 mae=0.570 r2=0.495 pcc=0.735 | Vl loss=0.1541 mae=0.417 r2=0.605 pcc=0.869 | ES 6/100
2026-05-24 10:07:00,282 | INFO |   Ep  55/300 | Tr loss=0.2503 mae=0.570 r2=0.495 pcc=0.735 | Vl loss=0.1541 mae=0.417 r2=0.605 pcc=0.869 | ES 6/100
  Ep  56/300 | Tr loss=0.2368 mae=0.569 r2=0.531 pcc=0.745 | Vl loss=0.1409 mae=0.397 r2=0.640 pcc=0.873 | ES 7/100
2026-05-24 10:07:01,370 | INFO |   Ep  56/300 | Tr loss=0.2368 mae=0.569 r2=0.531 pcc=0.745 | Vl loss=0.1409 mae=0.397 r2=0.640 pcc=0.873 | ES 7/100
  Ep  57/300 | Tr loss=0.2557 mae=0.595 r2=0.475 pcc=0.706 | Vl loss=0.1314 mae=0.399 r2=0.663 pcc=0.886 | ES 8/100
2026-05-24 10:07:02,462 | INFO |   Ep  57/300 | Tr loss=0.2557 mae=0.595 r2=0.475 pcc=0.706 | Vl loss=0.1314 mae=0.399 r2=0.663 pcc=0.886 | ES 8/100
  Ep  58/300 | Tr loss=0.2481 mae=0.583 r2=0.496 pcc=0.724 | Vl loss=0.1342 mae=0.395 r2=0.656 pcc=0.878 | ES 9/100
2026-05-24 10:07:03,543 | INFO |   Ep  58/300 | Tr loss=0.2481 mae=0.583 r2=0.496 pcc=0.724 | Vl loss=0.1342 mae=0.395 r2=0.656 pcc=0.878 | ES 9/100
  Ep  59/300 | Tr loss=0.2867 mae=0.621 r2=0.478 pcc=0.706 | Vl loss=0.1475 mae=0.405 r2=0.626 pcc=0.868 | ES 10/100
2026-05-24 10:07:04,630 | INFO |   Ep  59/300 | Tr loss=0.2867 mae=0.621 r2=0.478 pcc=0.706 | Vl loss=0.1475 mae=0.405 r2=0.626 pcc=0.868 | ES 10/100
  Ep  60/300 | Tr loss=0.2440 mae=0.575 r2=0.550 pcc=0.751 | Vl loss=0.1297 mae=0.383 r2=0.669 pcc=0.879 | ES 11/100
2026-05-24 10:07:05,713 | INFO |   Ep  60/300 | Tr loss=0.2440 mae=0.575 r2=0.550 pcc=0.751 | Vl loss=0.1297 mae=0.383 r2=0.669 pcc=0.879 | ES 11/100
  Ep  61/300 | Tr loss=0.2363 mae=0.563 r2=0.543 pcc=0.746 | Vl loss=0.1306 mae=0.392 r2=0.667 pcc=0.875 | ES 12/100
2026-05-24 10:07:06,805 | INFO |   Ep  61/300 | Tr loss=0.2363 mae=0.563 r2=0.543 pcc=0.746 | Vl loss=0.1306 mae=0.392 r2=0.667 pcc=0.875 | ES 12/100
  Ep  62/300 | Tr loss=0.2605 mae=0.586 r2=0.540 pcc=0.752 | Vl loss=0.1362 mae=0.397 r2=0.654 pcc=0.867 | ES 13/100
2026-05-24 10:07:07,886 | INFO |   Ep  62/300 | Tr loss=0.2605 mae=0.586 r2=0.540 pcc=0.752 | Vl loss=0.1362 mae=0.397 r2=0.654 pcc=0.867 | ES 13/100
  Ep  63/300 | Tr loss=0.2558 mae=0.586 r2=0.505 pcc=0.738 | Vl loss=0.1637 mae=0.441 r2=0.588 pcc=0.856 | ES 14/100
2026-05-24 10:07:08,974 | INFO |   Ep  63/300 | Tr loss=0.2558 mae=0.586 r2=0.505 pcc=0.738 | Vl loss=0.1637 mae=0.441 r2=0.588 pcc=0.856 | ES 14/100
  Ep  64/300 | Tr loss=0.2437 mae=0.570 r2=0.546 pcc=0.758 | Vl loss=0.1822 mae=0.471 r2=0.543 pcc=0.857 | ES 15/100
2026-05-24 10:07:10,065 | INFO |   Ep  64/300 | Tr loss=0.2437 mae=0.570 r2=0.546 pcc=0.758 | Vl loss=0.1822 mae=0.471 r2=0.543 pcc=0.857 | ES 15/100
  Ep  65/300 | Tr loss=0.2264 mae=0.535 r2=0.551 pcc=0.751 | Vl loss=0.1250 mae=0.374 r2=0.684 pcc=0.877 | ES 16/100
2026-05-24 10:07:11,197 | INFO |   Ep  65/300 | Tr loss=0.2264 mae=0.535 r2=0.551 pcc=0.751 | Vl loss=0.1250 mae=0.374 r2=0.684 pcc=0.877 | ES 16/100
  Ep  66/300 | Tr loss=0.2322 mae=0.552 r2=0.540 pcc=0.744 | Vl loss=0.1304 mae=0.393 r2=0.672 pcc=0.873 | ES 17/100
2026-05-24 10:07:12,289 | INFO |   Ep  66/300 | Tr loss=0.2322 mae=0.552 r2=0.540 pcc=0.744 | Vl loss=0.1304 mae=0.393 r2=0.672 pcc=0.873 | ES 17/100
  Ep  67/300 | Tr loss=0.2220 mae=0.537 r2=0.576 pcc=0.767 | Vl loss=0.1625 mae=0.444 r2=0.592 pcc=0.864 | ES 18/100
2026-05-24 10:07:13,386 | INFO |   Ep  67/300 | Tr loss=0.2220 mae=0.537 r2=0.576 pcc=0.767 | Vl loss=0.1625 mae=0.444 r2=0.592 pcc=0.864 | ES 18/100
  Ep  68/300 | Tr loss=0.2243 mae=0.548 r2=0.560 pcc=0.761 | Vl loss=0.1746 mae=0.454 r2=0.560 pcc=0.858 | ES 19/100
2026-05-24 10:07:14,481 | INFO |   Ep  68/300 | Tr loss=0.2243 mae=0.548 r2=0.560 pcc=0.761 | Vl loss=0.1746 mae=0.454 r2=0.560 pcc=0.858 | ES 19/100
  Ep  69/300 | Tr loss=0.2278 mae=0.550 r2=0.559 pcc=0.760 | Vl loss=0.1661 mae=0.442 r2=0.582 pcc=0.862 | ES 20/100
2026-05-24 10:07:15,612 | INFO |   Ep  69/300 | Tr loss=0.2278 mae=0.550 r2=0.559 pcc=0.760 | Vl loss=0.1661 mae=0.442 r2=0.582 pcc=0.862 | ES 20/100
  Ep  70/300 | Tr loss=0.2827 mae=0.624 r2=0.494 pcc=0.716 | Vl loss=0.1211 mae=0.370 r2=0.693 pcc=0.878 | ES 21/100
2026-05-24 10:07:16,719 | INFO |   Ep  70/300 | Tr loss=0.2827 mae=0.624 r2=0.494 pcc=0.716 | Vl loss=0.1211 mae=0.370 r2=0.693 pcc=0.878 | ES 21/100
  Ep  71/300 | Tr loss=0.2761 mae=0.606 r2=0.479 pcc=0.704 | Vl loss=0.1236 mae=0.374 r2=0.685 pcc=0.880 | ES 22/100
2026-05-24 10:07:17,878 | INFO |   Ep  71/300 | Tr loss=0.2761 mae=0.606 r2=0.479 pcc=0.704 | Vl loss=0.1236 mae=0.374 r2=0.685 pcc=0.880 | ES 22/100
  Ep  72/300 | Tr loss=0.2284 mae=0.552 r2=0.551 pcc=0.758 | Vl loss=0.1423 mae=0.398 r2=0.639 pcc=0.874 | ES 23/100
2026-05-24 10:07:19,024 | INFO |   Ep  72/300 | Tr loss=0.2284 mae=0.552 r2=0.551 pcc=0.758 | Vl loss=0.1423 mae=0.398 r2=0.639 pcc=0.874 | ES 23/100
  Ep  73/300 | Tr loss=0.2114 mae=0.522 r2=0.598 pcc=0.785 | Vl loss=0.2316 mae=0.529 r2=0.413 pcc=0.864 | ES 24/100
2026-05-24 10:07:20,162 | INFO |   Ep  73/300 | Tr loss=0.2114 mae=0.522 r2=0.598 pcc=0.785 | Vl loss=0.2316 mae=0.529 r2=0.413 pcc=0.864 | ES 24/100
  Ep  74/300 | Tr loss=0.2592 mae=0.594 r2=0.470 pcc=0.700 | Vl loss=0.1759 mae=0.461 r2=0.555 pcc=0.874 | ES 25/100
2026-05-24 10:07:21,285 | INFO |   Ep  74/300 | Tr loss=0.2592 mae=0.594 r2=0.470 pcc=0.700 | Vl loss=0.1759 mae=0.461 r2=0.555 pcc=0.874 | ES 25/100
  Ep  75/300 | Tr loss=0.2280 mae=0.548 r2=0.555 pcc=0.754 | Vl loss=0.1600 mae=0.436 r2=0.593 pcc=0.874 | ES 26/100
2026-05-24 10:07:22,462 | INFO |   Ep  75/300 | Tr loss=0.2280 mae=0.548 r2=0.555 pcc=0.754 | Vl loss=0.1600 mae=0.436 r2=0.593 pcc=0.874 | ES 26/100
  Ep  76/300 | Tr loss=0.2548 mae=0.590 r2=0.480 pcc=0.716 | Vl loss=0.1307 mae=0.378 r2=0.665 pcc=0.886 | ES 27/100
2026-05-24 10:07:23,609 | INFO |   Ep  76/300 | Tr loss=0.2548 mae=0.590 r2=0.480 pcc=0.716 | Vl loss=0.1307 mae=0.378 r2=0.665 pcc=0.886 | ES 27/100
  Ep  77/300 | Tr loss=0.2369 mae=0.557 r2=0.565 pcc=0.755 | Vl loss=0.1352 mae=0.390 r2=0.658 pcc=0.877 | ES 28/100
2026-05-24 10:07:24,735 | INFO |   Ep  77/300 | Tr loss=0.2369 mae=0.557 r2=0.565 pcc=0.755 | Vl loss=0.1352 mae=0.390 r2=0.658 pcc=0.877 | ES 28/100
  Ep  78/300 | Tr loss=0.2779 mae=0.608 r2=0.476 pcc=0.701 | Vl loss=0.1156 mae=0.373 r2=0.708 pcc=0.881 | ES 29/100
2026-05-24 10:07:25,846 | INFO |   Ep  78/300 | Tr loss=0.2779 mae=0.608 r2=0.476 pcc=0.701 | Vl loss=0.1156 mae=0.373 r2=0.708 pcc=0.881 | ES 29/100
  Ep  79/300 | Tr loss=0.2400 mae=0.566 r2=0.544 pcc=0.752 | Vl loss=0.1214 mae=0.383 r2=0.692 pcc=0.885 | ES 30/100
2026-05-24 10:07:26,939 | INFO |   Ep  79/300 | Tr loss=0.2400 mae=0.566 r2=0.544 pcc=0.752 | Vl loss=0.1214 mae=0.383 r2=0.692 pcc=0.885 | ES 30/100
  Ep  80/300 | Tr loss=0.2165 mae=0.526 r2=0.584 pcc=0.774 | Vl loss=0.1350 mae=0.395 r2=0.655 pcc=0.875 | ES 31/100
2026-05-24 10:07:28,039 | INFO |   Ep  80/300 | Tr loss=0.2165 mae=0.526 r2=0.584 pcc=0.774 | Vl loss=0.1350 mae=0.395 r2=0.655 pcc=0.875 | ES 31/100
  Ep  81/300 | Tr loss=0.2152 mae=0.514 r2=0.620 pcc=0.792 | Vl loss=0.1604 mae=0.428 r2=0.594 pcc=0.864 | ES 32/100
2026-05-24 10:07:29,151 | INFO |   Ep  81/300 | Tr loss=0.2152 mae=0.514 r2=0.620 pcc=0.792 | Vl loss=0.1604 mae=0.428 r2=0.594 pcc=0.864 | ES 32/100
  Ep  82/300 | Tr loss=0.2212 mae=0.531 r2=0.625 pcc=0.796 | Vl loss=0.1806 mae=0.459 r2=0.544 pcc=0.857 | ES 33/100
2026-05-24 10:07:30,307 | INFO |   Ep  82/300 | Tr loss=0.2212 mae=0.531 r2=0.625 pcc=0.796 | Vl loss=0.1806 mae=0.459 r2=0.544 pcc=0.857 | ES 33/100
  Ep  83/300 | Tr loss=0.2377 mae=0.553 r2=0.527 pcc=0.748 | Vl loss=0.1742 mae=0.451 r2=0.562 pcc=0.864 | ES 34/100
2026-05-24 10:07:31,460 | INFO |   Ep  83/300 | Tr loss=0.2377 mae=0.553 r2=0.527 pcc=0.748 | Vl loss=0.1742 mae=0.451 r2=0.562 pcc=0.864 | ES 34/100
  Ep  84/300 | Tr loss=0.2442 mae=0.567 r2=0.554 pcc=0.762 | Vl loss=0.1939 mae=0.478 r2=0.515 pcc=0.863 | ES 35/100
2026-05-24 10:07:32,527 | INFO |   Ep  84/300 | Tr loss=0.2442 mae=0.567 r2=0.554 pcc=0.762 | Vl loss=0.1939 mae=0.478 r2=0.515 pcc=0.863 | ES 35/100
  Ep  85/300 | Tr loss=0.2475 mae=0.569 r2=0.549 pcc=0.746 | Vl loss=0.1657 mae=0.440 r2=0.584 pcc=0.871 | ES 36/100
2026-05-24 10:07:33,593 | INFO |   Ep  85/300 | Tr loss=0.2475 mae=0.569 r2=0.549 pcc=0.746 | Vl loss=0.1657 mae=0.440 r2=0.584 pcc=0.871 | ES 36/100
  Ep  86/300 | Tr loss=0.2357 mae=0.538 r2=0.541 pcc=0.744 | Vl loss=0.1743 mae=0.451 r2=0.563 pcc=0.867 | ES 37/100
2026-05-24 10:07:34,680 | INFO |   Ep  86/300 | Tr loss=0.2357 mae=0.538 r2=0.541 pcc=0.744 | Vl loss=0.1743 mae=0.451 r2=0.563 pcc=0.867 | ES 37/100
  Ep  87/300 | Tr loss=0.2333 mae=0.538 r2=0.571 pcc=0.761 | Vl loss=0.1982 mae=0.486 r2=0.505 pcc=0.853 | ES 38/100
2026-05-24 10:07:35,744 | INFO |   Ep  87/300 | Tr loss=0.2333 mae=0.538 r2=0.571 pcc=0.761 | Vl loss=0.1982 mae=0.486 r2=0.505 pcc=0.853 | ES 38/100
  Ep  88/300 | Tr loss=0.2225 mae=0.540 r2=0.606 pcc=0.779 | Vl loss=0.1267 mae=0.386 r2=0.685 pcc=0.866 | ES 39/100
2026-05-24 10:07:36,809 | INFO |   Ep  88/300 | Tr loss=0.2225 mae=0.540 r2=0.606 pcc=0.779 | Vl loss=0.1267 mae=0.386 r2=0.685 pcc=0.866 | ES 39/100
  Ep  89/300 | Tr loss=0.2288 mae=0.548 r2=0.611 pcc=0.785 | Vl loss=0.1421 mae=0.409 r2=0.646 pcc=0.859 | ES 40/100
2026-05-24 10:07:37,899 | INFO |   Ep  89/300 | Tr loss=0.2288 mae=0.548 r2=0.611 pcc=0.785 | Vl loss=0.1421 mae=0.409 r2=0.646 pcc=0.859 | ES 40/100
  Ep  90/300 | Tr loss=0.2534 mae=0.570 r2=0.583 pcc=0.772 | Vl loss=0.1679 mae=0.439 r2=0.580 pcc=0.853 | ES 41/100
2026-05-24 10:07:38,995 | INFO |   Ep  90/300 | Tr loss=0.2534 mae=0.570 r2=0.583 pcc=0.772 | Vl loss=0.1679 mae=0.439 r2=0.580 pcc=0.853 | ES 41/100
  Ep  91/300 | Tr loss=0.2648 mae=0.589 r2=0.478 pcc=0.724 | Vl loss=0.1319 mae=0.381 r2=0.665 pcc=0.875 | ES 42/100
2026-05-24 10:07:40,088 | INFO |   Ep  91/300 | Tr loss=0.2648 mae=0.589 r2=0.478 pcc=0.724 | Vl loss=0.1319 mae=0.381 r2=0.665 pcc=0.875 | ES 42/100
  Ep  92/300 | Tr loss=0.2332 mae=0.561 r2=0.526 pcc=0.742 | Vl loss=0.1484 mae=0.412 r2=0.625 pcc=0.876 | ES 43/100
2026-05-24 10:07:41,215 | INFO |   Ep  92/300 | Tr loss=0.2332 mae=0.561 r2=0.526 pcc=0.742 | Vl loss=0.1484 mae=0.412 r2=0.625 pcc=0.876 | ES 43/100
  Ep  93/300 | Tr loss=0.2379 mae=0.565 r2=0.495 pcc=0.716 | Vl loss=0.1278 mae=0.374 r2=0.676 pcc=0.884 | ES 44/100
2026-05-24 10:07:42,323 | INFO |   Ep  93/300 | Tr loss=0.2379 mae=0.565 r2=0.495 pcc=0.716 | Vl loss=0.1278 mae=0.374 r2=0.676 pcc=0.884 | ES 44/100
  Ep  94/300 | Tr loss=0.2329 mae=0.563 r2=0.576 pcc=0.767 | Vl loss=0.1361 mae=0.390 r2=0.653 pcc=0.883 | ES 45/100
2026-05-24 10:07:43,406 | INFO |   Ep  94/300 | Tr loss=0.2329 mae=0.563 r2=0.576 pcc=0.767 | Vl loss=0.1361 mae=0.390 r2=0.653 pcc=0.883 | ES 45/100
  Ep  95/300 | Tr loss=0.2587 mae=0.581 r2=0.527 pcc=0.730 | Vl loss=0.1544 mae=0.422 r2=0.606 pcc=0.875 | ES 46/100
2026-05-24 10:07:44,482 | INFO |   Ep  95/300 | Tr loss=0.2587 mae=0.581 r2=0.527 pcc=0.730 | Vl loss=0.1544 mae=0.422 r2=0.606 pcc=0.875 | ES 46/100
  Ep  96/300 | Tr loss=0.2927 mae=0.612 r2=0.477 pcc=0.705 | Vl loss=0.1584 mae=0.428 r2=0.597 pcc=0.871 | ES 47/100
2026-05-24 10:07:45,560 | INFO |   Ep  96/300 | Tr loss=0.2927 mae=0.612 r2=0.477 pcc=0.705 | Vl loss=0.1584 mae=0.428 r2=0.597 pcc=0.871 | ES 47/100
  Ep  97/300 | Tr loss=0.1969 mae=0.497 r2=0.601 pcc=0.779 | Vl loss=0.1511 mae=0.416 r2=0.618 pcc=0.871 | ES 48/100
2026-05-24 10:07:46,638 | INFO |   Ep  97/300 | Tr loss=0.1969 mae=0.497 r2=0.601 pcc=0.779 | Vl loss=0.1511 mae=0.416 r2=0.618 pcc=0.871 | ES 48/100
  Ep  98/300 | Tr loss=0.2538 mae=0.581 r2=0.494 pcc=0.707 | Vl loss=0.1244 mae=0.372 r2=0.688 pcc=0.877 | ES 49/100
2026-05-24 10:07:47,716 | INFO |   Ep  98/300 | Tr loss=0.2538 mae=0.581 r2=0.494 pcc=0.707 | Vl loss=0.1244 mae=0.372 r2=0.688 pcc=0.877 | ES 49/100
  Ep  99/300 | Tr loss=0.2373 mae=0.556 r2=0.550 pcc=0.748 | Vl loss=0.1308 mae=0.377 r2=0.670 pcc=0.876 | ES 50/100
2026-05-24 10:07:48,830 | INFO |   Ep  99/300 | Tr loss=0.2373 mae=0.556 r2=0.550 pcc=0.748 | Vl loss=0.1308 mae=0.377 r2=0.670 pcc=0.876 | ES 50/100
Epoch 00100: reducing learning rate of group 0 to 5.0000e-05.
  Ep 100/300 | Tr loss=0.2423 mae=0.568 r2=0.550 pcc=0.747 | Vl loss=0.1364 mae=0.385 r2=0.653 pcc=0.878 | ES 51/100
2026-05-24 10:07:49,926 | INFO |   Ep 100/300 | Tr loss=0.2423 mae=0.568 r2=0.550 pcc=0.747 | Vl loss=0.1364 mae=0.385 r2=0.653 pcc=0.878 | ES 51/100
  Ep 101/300 | Tr loss=0.2346 mae=0.549 r2=0.560 pcc=0.754 | Vl loss=0.1497 mae=0.411 r2=0.618 pcc=0.875 | ES 52/100
2026-05-24 10:07:51,013 | INFO |   Ep 101/300 | Tr loss=0.2346 mae=0.549 r2=0.560 pcc=0.754 | Vl loss=0.1497 mae=0.411 r2=0.618 pcc=0.875 | ES 52/100
  Ep 102/300 | Tr loss=0.2244 mae=0.529 r2=0.562 pcc=0.755 | Vl loss=0.1530 mae=0.418 r2=0.610 pcc=0.874 | ES 53/100
2026-05-24 10:07:52,103 | INFO |   Ep 102/300 | Tr loss=0.2244 mae=0.529 r2=0.562 pcc=0.755 | Vl loss=0.1530 mae=0.418 r2=0.610 pcc=0.874 | ES 53/100
  Ep 103/300 | Tr loss=0.2546 mae=0.568 r2=0.529 pcc=0.731 | Vl loss=0.1644 mae=0.440 r2=0.582 pcc=0.871 | ES 54/100
2026-05-24 10:07:53,183 | INFO |   Ep 103/300 | Tr loss=0.2546 mae=0.568 r2=0.529 pcc=0.731 | Vl loss=0.1644 mae=0.440 r2=0.582 pcc=0.871 | ES 54/100
  Ep 104/300 | Tr loss=0.2193 mae=0.521 r2=0.606 pcc=0.781 | Vl loss=0.1835 mae=0.469 r2=0.536 pcc=0.866 | ES 55/100
2026-05-24 10:07:54,274 | INFO |   Ep 104/300 | Tr loss=0.2193 mae=0.521 r2=0.606 pcc=0.781 | Vl loss=0.1835 mae=0.469 r2=0.536 pcc=0.866 | ES 55/100
  Ep 105/300 | Tr loss=0.2180 mae=0.509 r2=0.576 pcc=0.763 | Vl loss=0.1690 mae=0.448 r2=0.572 pcc=0.870 | ES 56/100
2026-05-24 10:07:55,347 | INFO |   Ep 105/300 | Tr loss=0.2180 mae=0.509 r2=0.576 pcc=0.763 | Vl loss=0.1690 mae=0.448 r2=0.572 pcc=0.870 | ES 56/100
  Ep 106/300 | Tr loss=0.2467 mae=0.568 r2=0.538 pcc=0.738 | Vl loss=0.1572 mae=0.429 r2=0.601 pcc=0.873 | ES 57/100
2026-05-24 10:07:56,427 | INFO |   Ep 106/300 | Tr loss=0.2467 mae=0.568 r2=0.538 pcc=0.738 | Vl loss=0.1572 mae=0.429 r2=0.601 pcc=0.873 | ES 57/100
  Ep 107/300 | Tr loss=0.2187 mae=0.529 r2=0.587 pcc=0.769 | Vl loss=0.2170 mae=0.509 r2=0.453 pcc=0.859 | ES 58/100
2026-05-24 10:07:57,516 | INFO |   Ep 107/300 | Tr loss=0.2187 mae=0.529 r2=0.587 pcc=0.769 | Vl loss=0.2170 mae=0.509 r2=0.453 pcc=0.859 | ES 58/100
  Ep 108/300 | Tr loss=0.2193 mae=0.517 r2=0.556 pcc=0.751 | Vl loss=0.1768 mae=0.456 r2=0.555 pcc=0.865 | ES 59/100
2026-05-24 10:07:58,599 | INFO |   Ep 108/300 | Tr loss=0.2193 mae=0.517 r2=0.556 pcc=0.751 | Vl loss=0.1768 mae=0.456 r2=0.555 pcc=0.865 | ES 59/100
  Ep 109/300 | Tr loss=0.2501 mae=0.562 r2=0.539 pcc=0.740 | Vl loss=0.1824 mae=0.463 r2=0.541 pcc=0.861 | ES 60/100
2026-05-24 10:07:59,678 | INFO |   Ep 109/300 | Tr loss=0.2501 mae=0.562 r2=0.539 pcc=0.740 | Vl loss=0.1824 mae=0.463 r2=0.541 pcc=0.861 | ES 60/100
  Ep 110/300 | Tr loss=0.2751 mae=0.607 r2=0.474 pcc=0.698 | Vl loss=0.1664 mae=0.441 r2=0.582 pcc=0.868 | ES 61/100
2026-05-24 10:08:00,757 | INFO |   Ep 110/300 | Tr loss=0.2751 mae=0.607 r2=0.474 pcc=0.698 | Vl loss=0.1664 mae=0.441 r2=0.582 pcc=0.868 | ES 61/100
  Ep 111/300 | Tr loss=0.2189 mae=0.527 r2=0.610 pcc=0.789 | Vl loss=0.2001 mae=0.486 r2=0.498 pcc=0.861 | ES 62/100
2026-05-24 10:08:01,847 | INFO |   Ep 111/300 | Tr loss=0.2189 mae=0.527 r2=0.610 pcc=0.789 | Vl loss=0.2001 mae=0.486 r2=0.498 pcc=0.861 | ES 62/100
  Ep 112/300 | Tr loss=0.2376 mae=0.545 r2=0.535 pcc=0.739 | Vl loss=0.2021 mae=0.489 r2=0.492 pcc=0.861 | ES 63/100
2026-05-24 10:08:02,932 | INFO |   Ep 112/300 | Tr loss=0.2376 mae=0.545 r2=0.535 pcc=0.739 | Vl loss=0.2021 mae=0.489 r2=0.492 pcc=0.861 | ES 63/100
  Ep 113/300 | Tr loss=0.2630 mae=0.580 r2=0.468 pcc=0.696 | Vl loss=0.1862 mae=0.469 r2=0.533 pcc=0.866 | ES 64/100
2026-05-24 10:08:04,027 | INFO |   Ep 113/300 | Tr loss=0.2630 mae=0.580 r2=0.468 pcc=0.696 | Vl loss=0.1862 mae=0.469 r2=0.533 pcc=0.866 | ES 64/100
  Ep 114/300 | Tr loss=0.2146 mae=0.530 r2=0.583 pcc=0.764 | Vl loss=0.1819 mae=0.465 r2=0.545 pcc=0.866 | ES 65/100
2026-05-24 10:08:05,119 | INFO |   Ep 114/300 | Tr loss=0.2146 mae=0.530 r2=0.583 pcc=0.764 | Vl loss=0.1819 mae=0.465 r2=0.545 pcc=0.866 | ES 65/100
  Ep 115/300 | Tr loss=0.2128 mae=0.511 r2=0.611 pcc=0.788 | Vl loss=0.1787 mae=0.459 r2=0.551 pcc=0.865 | ES 66/100
2026-05-24 10:08:06,205 | INFO |   Ep 115/300 | Tr loss=0.2128 mae=0.511 r2=0.611 pcc=0.788 | Vl loss=0.1787 mae=0.459 r2=0.551 pcc=0.865 | ES 66/100
  Ep 116/300 | Tr loss=0.2496 mae=0.550 r2=0.547 pcc=0.744 | Vl loss=0.1532 mae=0.422 r2=0.614 pcc=0.872 | ES 67/100
2026-05-24 10:08:07,302 | INFO |   Ep 116/300 | Tr loss=0.2496 mae=0.550 r2=0.547 pcc=0.744 | Vl loss=0.1532 mae=0.422 r2=0.614 pcc=0.872 | ES 67/100
  Ep 117/300 | Tr loss=0.2057 mae=0.519 r2=0.594 pcc=0.773 | Vl loss=0.1496 mae=0.416 r2=0.623 pcc=0.873 | ES 68/100
2026-05-24 10:08:08,457 | INFO |   Ep 117/300 | Tr loss=0.2057 mae=0.519 r2=0.594 pcc=0.773 | Vl loss=0.1496 mae=0.416 r2=0.623 pcc=0.873 | ES 68/100
  Ep 118/300 | Tr loss=0.2474 mae=0.555 r2=0.583 pcc=0.767 | Vl loss=0.1464 mae=0.411 r2=0.631 pcc=0.874 | ES 69/100
2026-05-24 10:08:09,618 | INFO |   Ep 118/300 | Tr loss=0.2474 mae=0.555 r2=0.583 pcc=0.767 | Vl loss=0.1464 mae=0.411 r2=0.631 pcc=0.874 | ES 69/100
  Ep 119/300 | Tr loss=0.2219 mae=0.533 r2=0.582 pcc=0.766 | Vl loss=0.1866 mae=0.470 r2=0.531 pcc=0.864 | ES 70/100
2026-05-24 10:08:10,729 | INFO |   Ep 119/300 | Tr loss=0.2219 mae=0.533 r2=0.582 pcc=0.766 | Vl loss=0.1866 mae=0.470 r2=0.531 pcc=0.864 | ES 70/100
  Ep 120/300 | Tr loss=0.2354 mae=0.543 r2=0.562 pcc=0.754 | Vl loss=0.2008 mae=0.489 r2=0.495 pcc=0.860 | ES 71/100
2026-05-24 10:08:11,828 | INFO |   Ep 120/300 | Tr loss=0.2354 mae=0.543 r2=0.562 pcc=0.754 | Vl loss=0.2008 mae=0.489 r2=0.495 pcc=0.860 | ES 71/100
  Ep 121/300 | Tr loss=0.2346 mae=0.539 r2=0.543 pcc=0.741 | Vl loss=0.1454 mae=0.406 r2=0.633 pcc=0.873 | ES 72/100
2026-05-24 10:08:12,932 | INFO |   Ep 121/300 | Tr loss=0.2346 mae=0.539 r2=0.543 pcc=0.741 | Vl loss=0.1454 mae=0.406 r2=0.633 pcc=0.873 | ES 72/100
  Ep 122/300 | Tr loss=0.2632 mae=0.588 r2=0.539 pcc=0.737 | Vl loss=0.1864 mae=0.469 r2=0.532 pcc=0.863 | ES 73/100
2026-05-24 10:08:14,032 | INFO |   Ep 122/300 | Tr loss=0.2632 mae=0.588 r2=0.539 pcc=0.737 | Vl loss=0.1864 mae=0.469 r2=0.532 pcc=0.863 | ES 73/100
  Ep 123/300 | Tr loss=0.2209 mae=0.526 r2=0.556 pcc=0.752 | Vl loss=0.2193 mae=0.510 r2=0.448 pcc=0.855 | ES 74/100
2026-05-24 10:08:15,150 | INFO |   Ep 123/300 | Tr loss=0.2209 mae=0.526 r2=0.556 pcc=0.752 | Vl loss=0.2193 mae=0.510 r2=0.448 pcc=0.855 | ES 74/100
  Ep 124/300 | Tr loss=0.1918 mae=0.493 r2=0.631 pcc=0.798 | Vl loss=0.2190 mae=0.510 r2=0.449 pcc=0.856 | ES 75/100
2026-05-24 10:08:16,277 | INFO |   Ep 124/300 | Tr loss=0.1918 mae=0.493 r2=0.631 pcc=0.798 | Vl loss=0.2190 mae=0.510 r2=0.449 pcc=0.856 | ES 75/100
  Ep 125/300 | Tr loss=0.2387 mae=0.545 r2=0.544 pcc=0.741 | Vl loss=0.1873 mae=0.471 r2=0.529 pcc=0.863 | ES 76/100
2026-05-24 10:08:17,461 | INFO |   Ep 125/300 | Tr loss=0.2387 mae=0.545 r2=0.544 pcc=0.741 | Vl loss=0.1873 mae=0.471 r2=0.529 pcc=0.863 | ES 76/100
  Ep 126/300 | Tr loss=0.2091 mae=0.509 r2=0.603 pcc=0.777 | Vl loss=0.1585 mae=0.432 r2=0.600 pcc=0.870 | ES 77/100
2026-05-24 10:08:18,573 | INFO |   Ep 126/300 | Tr loss=0.2091 mae=0.509 r2=0.603 pcc=0.777 | Vl loss=0.1585 mae=0.432 r2=0.600 pcc=0.870 | ES 77/100
  Ep 127/300 | Tr loss=0.1944 mae=0.474 r2=0.637 pcc=0.799 | Vl loss=0.1675 mae=0.444 r2=0.577 pcc=0.866 | ES 78/100
2026-05-24 10:08:19,703 | INFO |   Ep 127/300 | Tr loss=0.1944 mae=0.474 r2=0.637 pcc=0.799 | Vl loss=0.1675 mae=0.444 r2=0.577 pcc=0.866 | ES 78/100
  Ep 128/300 | Tr loss=0.2321 mae=0.535 r2=0.530 pcc=0.740 | Vl loss=0.1845 mae=0.468 r2=0.535 pcc=0.862 | ES 79/100
2026-05-24 10:08:20,804 | INFO |   Ep 128/300 | Tr loss=0.2321 mae=0.535 r2=0.530 pcc=0.740 | Vl loss=0.1845 mae=0.468 r2=0.535 pcc=0.862 | ES 79/100
  Ep 129/300 | Tr loss=0.2411 mae=0.554 r2=0.539 pcc=0.736 | Vl loss=0.1664 mae=0.443 r2=0.580 pcc=0.866 | ES 80/100
2026-05-24 10:08:21,905 | INFO |   Ep 129/300 | Tr loss=0.2411 mae=0.554 r2=0.539 pcc=0.736 | Vl loss=0.1664 mae=0.443 r2=0.580 pcc=0.866 | ES 80/100
  Ep 130/300 | Tr loss=0.2193 mae=0.518 r2=0.602 pcc=0.780 | Vl loss=0.1549 mae=0.424 r2=0.608 pcc=0.871 | ES 81/100
2026-05-24 10:08:23,002 | INFO |   Ep 130/300 | Tr loss=0.2193 mae=0.518 r2=0.602 pcc=0.780 | Vl loss=0.1549 mae=0.424 r2=0.608 pcc=0.871 | ES 81/100
  Ep 131/300 | Tr loss=0.2227 mae=0.527 r2=0.552 pcc=0.748 | Vl loss=0.1543 mae=0.424 r2=0.608 pcc=0.873 | ES 82/100
2026-05-24 10:08:24,132 | INFO |   Ep 131/300 | Tr loss=0.2227 mae=0.527 r2=0.552 pcc=0.748 | Vl loss=0.1543 mae=0.424 r2=0.608 pcc=0.873 | ES 82/100
  Ep 132/300 | Tr loss=0.2359 mae=0.541 r2=0.568 pcc=0.757 | Vl loss=0.1604 mae=0.437 r2=0.593 pcc=0.874 | ES 83/100
2026-05-24 10:08:25,249 | INFO |   Ep 132/300 | Tr loss=0.2359 mae=0.541 r2=0.568 pcc=0.757 | Vl loss=0.1604 mae=0.437 r2=0.593 pcc=0.874 | ES 83/100
  Ep 133/300 | Tr loss=0.2354 mae=0.552 r2=0.570 pcc=0.755 | Vl loss=0.1850 mae=0.473 r2=0.532 pcc=0.867 | ES 84/100
2026-05-24 10:08:26,346 | INFO |   Ep 133/300 | Tr loss=0.2354 mae=0.552 r2=0.570 pcc=0.755 | Vl loss=0.1850 mae=0.473 r2=0.532 pcc=0.867 | ES 84/100
  Ep 134/300 | Tr loss=0.2234 mae=0.527 r2=0.525 pcc=0.732 | Vl loss=0.1580 mae=0.435 r2=0.599 pcc=0.876 | ES 85/100
2026-05-24 10:08:27,450 | INFO |   Ep 134/300 | Tr loss=0.2234 mae=0.527 r2=0.525 pcc=0.732 | Vl loss=0.1580 mae=0.435 r2=0.599 pcc=0.876 | ES 85/100
  Ep 135/300 | Tr loss=0.2342 mae=0.544 r2=0.548 pcc=0.742 | Vl loss=0.1546 mae=0.429 r2=0.608 pcc=0.877 | ES 86/100
2026-05-24 10:08:28,569 | INFO |   Ep 135/300 | Tr loss=0.2342 mae=0.544 r2=0.548 pcc=0.742 | Vl loss=0.1546 mae=0.429 r2=0.608 pcc=0.877 | ES 86/100
  Ep 136/300 | Tr loss=0.2147 mae=0.521 r2=0.554 pcc=0.746 | Vl loss=0.1551 mae=0.429 r2=0.609 pcc=0.875 | ES 87/100
2026-05-24 10:08:29,830 | INFO |   Ep 136/300 | Tr loss=0.2147 mae=0.521 r2=0.554 pcc=0.746 | Vl loss=0.1551 mae=0.429 r2=0.609 pcc=0.875 | ES 87/100
  Ep 137/300 | Tr loss=0.2421 mae=0.547 r2=0.541 pcc=0.737 | Vl loss=0.1678 mae=0.446 r2=0.578 pcc=0.871 | ES 88/100
2026-05-24 10:08:31,068 | INFO |   Ep 137/300 | Tr loss=0.2421 mae=0.547 r2=0.541 pcc=0.737 | Vl loss=0.1678 mae=0.446 r2=0.578 pcc=0.871 | ES 88/100
  Ep 138/300 | Tr loss=0.1803 mae=0.478 r2=0.645 pcc=0.804 | Vl loss=0.1826 mae=0.465 r2=0.540 pcc=0.867 | ES 89/100
2026-05-24 10:08:32,142 | INFO |   Ep 138/300 | Tr loss=0.1803 mae=0.478 r2=0.645 pcc=0.804 | Vl loss=0.1826 mae=0.465 r2=0.540 pcc=0.867 | ES 89/100
  Ep 139/300 | Tr loss=0.2300 mae=0.540 r2=0.541 pcc=0.739 | Vl loss=0.1679 mae=0.444 r2=0.576 pcc=0.870 | ES 90/100
2026-05-24 10:08:33,238 | INFO |   Ep 139/300 | Tr loss=0.2300 mae=0.540 r2=0.541 pcc=0.739 | Vl loss=0.1679 mae=0.444 r2=0.576 pcc=0.870 | ES 90/100
  Ep 140/300 | Tr loss=0.2216 mae=0.525 r2=0.577 pcc=0.761 | Vl loss=0.1457 mae=0.406 r2=0.630 pcc=0.878 | ES 91/100
2026-05-24 10:08:34,332 | INFO |   Ep 140/300 | Tr loss=0.2216 mae=0.525 r2=0.577 pcc=0.761 | Vl loss=0.1457 mae=0.406 r2=0.630 pcc=0.878 | ES 91/100
  Ep 141/300 | Tr loss=0.2077 mae=0.500 r2=0.615 pcc=0.786 | Vl loss=0.1559 mae=0.425 r2=0.603 pcc=0.876 | ES 92/100
2026-05-24 10:08:35,413 | INFO |   Ep 141/300 | Tr loss=0.2077 mae=0.500 r2=0.615 pcc=0.786 | Vl loss=0.1559 mae=0.425 r2=0.603 pcc=0.876 | ES 92/100
  Ep 142/300 | Tr loss=0.2453 mae=0.549 r2=0.556 pcc=0.753 | Vl loss=0.1574 mae=0.429 r2=0.601 pcc=0.874 | ES 93/100
2026-05-24 10:08:36,505 | INFO |   Ep 142/300 | Tr loss=0.2453 mae=0.549 r2=0.556 pcc=0.753 | Vl loss=0.1574 mae=0.429 r2=0.601 pcc=0.874 | ES 93/100
  Ep 143/300 | Tr loss=0.2231 mae=0.523 r2=0.568 pcc=0.758 | Vl loss=0.1328 mae=0.382 r2=0.664 pcc=0.880 | ES 94/100
2026-05-24 10:08:37,662 | INFO |   Ep 143/300 | Tr loss=0.2231 mae=0.523 r2=0.568 pcc=0.758 | Vl loss=0.1328 mae=0.382 r2=0.664 pcc=0.880 | ES 94/100
  Ep 144/300 | Tr loss=0.2262 mae=0.531 r2=0.602 pcc=0.780 | Vl loss=0.1744 mae=0.454 r2=0.561 pcc=0.870 | ES 95/100
2026-05-24 10:08:38,738 | INFO |   Ep 144/300 | Tr loss=0.2262 mae=0.531 r2=0.602 pcc=0.780 | Vl loss=0.1744 mae=0.454 r2=0.561 pcc=0.870 | ES 95/100
  Ep 145/300 | Tr loss=0.2157 mae=0.512 r2=0.589 pcc=0.773 | Vl loss=0.1620 mae=0.437 r2=0.590 pcc=0.876 | ES 96/100
2026-05-24 10:08:39,832 | INFO |   Ep 145/300 | Tr loss=0.2157 mae=0.512 r2=0.589 pcc=0.773 | Vl loss=0.1620 mae=0.437 r2=0.590 pcc=0.876 | ES 96/100
  Ep 146/300 | Tr loss=0.2133 mae=0.527 r2=0.560 pcc=0.750 | Vl loss=0.1291 mae=0.373 r2=0.670 pcc=0.888 | ES 97/100
2026-05-24 10:08:40,910 | INFO |   Ep 146/300 | Tr loss=0.2133 mae=0.527 r2=0.560 pcc=0.750 | Vl loss=0.1291 mae=0.373 r2=0.670 pcc=0.888 | ES 97/100
  Ep 147/300 | Tr loss=0.2850 mae=0.596 r2=0.509 pcc=0.715 | Vl loss=0.1344 mae=0.386 r2=0.658 pcc=0.884 | ES 98/100
2026-05-24 10:08:41,994 | INFO |   Ep 147/300 | Tr loss=0.2850 mae=0.596 r2=0.509 pcc=0.715 | Vl loss=0.1344 mae=0.386 r2=0.658 pcc=0.884 | ES 98/100
  Ep 148/300 | Tr loss=0.2439 mae=0.550 r2=0.560 pcc=0.749 | Vl loss=0.1252 mae=0.367 r2=0.682 pcc=0.885 | ES 99/100
2026-05-24 10:08:43,080 | INFO |   Ep 148/300 | Tr loss=0.2439 mae=0.550 r2=0.560 pcc=0.749 | Vl loss=0.1252 mae=0.367 r2=0.682 pcc=0.885 | ES 99/100
  Ep 149/300 | Tr loss=0.2187 mae=0.521 r2=0.550 pcc=0.748 | Vl loss=0.1174 mae=0.357 r2=0.701 pcc=0.890 | ES 100/100
2026-05-24 10:08:44,162 | INFO |   Ep 149/300 | Tr loss=0.2187 mae=0.521 r2=0.550 pcc=0.748 | Vl loss=0.1174 mae=0.357 r2=0.701 pcc=0.890 | ES 100/100

  ⏹  Early stopping at epoch 149 (best=49)
2026-05-24 10:08:44,163 | INFO | Early stopping at epoch 149 best=49

✓ Training complete!

  ── Final Test Results (best epoch = 49) ──────────────────
  Loss : 0.1913
  RMSE : 0.6825
  MAE  : 0.5404
  R²   : 0.2377
  ✓ Saved → /mvdlph/masa/GCN_SingleView_Regression_Results/run_2026_05_24_10_05_34/plots/loss_curve.png
  ✓ Saved → /mvdlph/masa/GCN_SingleView_Regression_Results/run_2026_05_24_10_05_34/plots/rmse_mae.png
  ✓ Saved → /mvdlph/masa/GCN_SingleView_Regression_Results/run_2026_05_24_10_05_34/plots/r2_curve.png
  ✓ Saved → /mvdlph/masa/GCN_SingleView_Regression_Results/run_2026_05_24_10_05_34/plots/pcc_curve.png
  ✓ Saved → /mvdlph/masa/GCN_SingleView_Regression_Results/run_2026_05_24_10_05_34/plots/regression_scatter_test.png
  ✓ Saved → /mvdlph/masa/GCN_SingleView_Regression_Results/run_2026_05_24_10_05_34/plots/early_stopping.png
  ✓ History → /mvdlph/masa/GCN_SingleView_Regression_Results/run_2026_05_24_10_05_34/logs/training_history.json
============================================================
DIAGNOSTIC 1: Per-exercise skeleton variance (C0)
============================================================
  Exercise      X-var      Y-var      Z-var  Z/X ratio
-------------------------------------------------------
        E0     0.0457     0.0104     0.0719      1.575

============================================================
DIAGNOSTIC 2: Quality score distribution per split
============================================================
 Train: mean=3.765 std=0.985 min=1.34 max=4.74 | correct=206 erroneous=112
   Val: mean=3.561 std=0.901 min=2.28 max=4.68 | correct=59 erroneous=36
  Test: mean=3.645 std=0.784 min=2.30 max=4.75 | correct=78 erroneous=78
  ✓ History NPZ → /mvdlph/masa/GCN_SingleView_Regression_Results/run_2026_05_24_10_05_34/logs/training_history.npz
  ✓ Test predictions NPZ → /mvdlph/masa/GCN_SingleView_Regression_Results/run_2026_05_24_10_05_34/logs/test_predictions.npz
========================================================================
  Exercise         n      MAE     RMSE       R²      PCC
────────────────────────────────────────────────────────────────────────
  E0             156   0.5404   0.6825   0.2377   0.8620
────────────────────────────────────────────────────────────────────────
  Overall        156   0.5404   0.6825   0.2377   0.8620
========================================================================

  ✓ Per-exercise CSV → /mvdlph/masa/GCN_SingleView_Regression_Results/run_2026_05_24_10_05_34/logs/per_exercise_metrics.csv
  ✓ Per-exercise scatter grid → /mvdlph/masa/GCN_SingleView_Regression_Results/run_2026_05_24_10_05_34/plots/per_exercise_scatter.png
  ✓ Per-exercise bar chart → /mvdlph/masa/GCN_SingleView_Regression_Results/run_2026_05_24_10_05_34/plots/per_exercise_bar.png
  ✓ Per-exercise metrics NPZ → /mvdlph/masa/GCN_SingleView_Regression_Results/run_2026_05_24_10_05_34/logs/per_exercise_metrics.npz
============================================================
  TRAINING SUMMARY — ST-GCN Regression (Single View)
============================================================
  Best Epoch       : 49  (stopped at 149)
  Best Val MAE     : 0.3512
  Best Val RMSE    : 0.4635
  Best Val R²      : 0.7327
  Best Val PCC     : 0.8907
────────────────────────────────────────────────────────────
  Test MAE         : 0.5404
  Test RMSE        : 0.6825
  Test R²          : 0.2377
  Test PCC         : 0.8620
============================================================
2026-05-24 10:08:47,370 | INFO | Best Epoch=49  stopped_epoch=149
2026-05-24 10:08:47,370 | INFO | Test MAE=0.5404
2026-05-24 10:08:47,371 | INFO | Test RMSE=0.6825
2026-05-24 10:08:47,372 | INFO | Test R²=0.2377
2026-05-24 10:08:47,372 | INFO | Test PCC=0.8620

✓ Summary CSV (overall + per-exercise) → /mvdlph/masa/GCN_SingleView_Regression_Results/training_summary.csv
