✓ stdout → also writing to /mvdlph/masa/GCN_EarlyFusion_MultiView_Results/run_2026_05_16_10_18_28/logs/training_20260516_101828.log
2026-05-16 10:18:28,564 | INFO | ======================================================================
2026-05-16 10:18:28,565 | INFO | ST-GCN Early Fusion Multi-View Regression | BZU Physiotherapy Dataset
2026-05-16 10:18:28,565 | INFO | Mode : Early Fusion (C0+C1+C2)  |  Epochs : 300  |  Patience : 100
2026-05-16 10:18:28,566 | INFO | Log file : /mvdlph/masa/GCN_EarlyFusion_MultiView_Results/run_2026_05_16_10_18_28/logs/training_20260516_101828.log
2026-05-16 10:18:28,566 | INFO | ======================================================================
✓ parse_filename and load_skeleton defined

[TRAIN] NPZ files found : 9477
  ⚠️  Skipped 283 groups with incomplete camera coverage
  Complete multi-view samples : 3003
  Unique trials              : 314
  Quality mean±std           : 4.111 ± 0.816
  Exercise dist:
0    317
1    317
2    249
3    319
4    320
5    292
6    307
7    317
8    260
9    305

[VALID] NPZ files found : 2790
  ⚠️  Skipped 126 groups with incomplete camera coverage
  Complete multi-view samples : 866
  Unique trials              : 92
  Quality mean±std           : 4.219 ± 0.751
  Exercise dist:
0     95
1    101
2     97
3     94
4    105
5    102
6     93
7    101
8     58
9     20

[TEST] NPZ files found : 3108
  ⚠️  Skipped 22 groups with incomplete camera coverage
  Complete multi-view samples : 1024
  Unique trials              : 107
  Quality mean±std           : 4.033 ± 0.777
  Exercise dist:
0    153
1    107
2     86
3    106
4     93
5    106
6    104
7    106
8    104
9     59

Checking for corrupted files...
  [TRAIN] Removing 1 corrupted multi-view sample(s)
  [TRAIN] Clean samples : 3002
  [VALID] Clean samples : 866
  [TEST] Removing 2 corrupted multi-view sample(s)
  [TEST] Clean samples : 1022

✓ No data-leakage detected across splits

════════════════════════════════════════════════════════════════════
  Split     Samples   Correct   Erroneous   Q mean   Q std   Q min   Q max
  ──────────────────────────────────────────────────────────────────
  Train        3002      1889        1113    4.111   0.816   1.340   5.000
  Val           866       583         283    4.219   0.751   2.280   5.000
  Test         1022       665         357    4.035   0.777   2.140   5.000
════════════════════════════════════════════════════════════════════

✓ Multi-view index ready  →  train / val / test DataFrames built

============================================================
Multi-view sample completeness per exercise
============================================================
exercise
0    564
1    524
2    432
3    519
4    517
5    500
6    504
7    524
8    422
9    384

Per-person sample counts across splits:
  Train : ['P0', 'P10', 'P14', 'P15', 'P2', 'P3', 'P4', 'P5', 'P7']  (3002 samples)
  Val   : ['P1', 'P11', 'P6']  (866 samples)
  Test  : ['P12', 'P13', 'P8', 'P9']  (1022 samples)
E0: correct=3 trials, erroneous=4 trials
E1: correct=3 trials, erroneous=4 trials
E2: correct=3 trials, erroneous=4 trials
E3: correct=3 trials, erroneous=4 trials
E4: correct=3 trials, erroneous=4 trials
E5: correct=3 trials, erroneous=4 trials
E6: correct=3 trials, erroneous=4 trials
E7: correct=3 trials, erroneous=4 trials
E8: correct=3 trials, erroneous=4 trials
E9: correct=3 trials, erroneous=4 trials
Frame length distribution (sample of 500 files, C0):
  min    = 20
  max    = 729
  mean   = 90.7
  median = 86.0
  std    = 41.1

Percentiles:
   25th = 67
   50th = 86
   75th = 107
   90th = 129
   95th = 143
   99th = 176

Value counts (top 10):
    61 frames →   14 files (2.8%)
    74 frames →   12 files (2.4%)
    90 frames →   11 files (2.2%)
    86 frames →   10 files (2.0%)
   101 frames →    9 files (1.8%)
    83 frames →    9 files (1.8%)
    69 frames →    9 files (1.8%)
    67 frames →    9 files (1.8%)
   105 frames →    8 files (1.6%)
    89 frames →    8 files (1.6%)
✓ Skeleton visualisation helpers defined
person      P0
exercise     0
trial_id    T1
segment      0
Name: 10, dtype: object

Camera C0  shape: (81, 17, 3)
  X [-0.369, 0.592]
  Y [-0.193, 0.198]
  Z [0.000, 0.994]
  Hip  mean XYZ : [0.    0.    0.324]
  Head mean XYZ : [-0.144 -0.184  0.967]
  Head - Hip    : [-0.144 -0.184  0.644]
  ✓ Skeleton plot saved → /mvdlph/masa/GCN_EarlyFusion_MultiView_Results/run_2026_05_16_10_18_28/plots/sample_skeleton_C0_3views.png
  ✓ Motion frames saved → /mvdlph/masa/GCN_EarlyFusion_MultiView_Results/run_2026_05_16_10_18_28/plots/sample_skeleton_C0_motion.png

Camera C1  shape: (78, 17, 3)
  X [-0.369, 0.592]
  Y [-0.193, 0.198]
  Z [0.000, 0.994]
  Hip  mean XYZ : [0.    0.    0.325]
  Head mean XYZ : [-0.145 -0.184  0.968]
  Head - Hip    : [-0.145 -0.184  0.643]
  ✓ Skeleton plot saved → /mvdlph/masa/GCN_EarlyFusion_MultiView_Results/run_2026_05_16_10_18_28/plots/sample_skeleton_C1_3views.png
  ✓ Motion frames saved → /mvdlph/masa/GCN_EarlyFusion_MultiView_Results/run_2026_05_16_10_18_28/plots/sample_skeleton_C1_motion.png

Camera C2  shape: (64, 17, 3)
  X [-0.369, 0.592]
  Y [-0.193, 0.198]
  Z [0.000, 0.994]
  Hip  mean XYZ : [0.    0.    0.323]
  Head mean XYZ : [-0.143 -0.184  0.967]
  Head - Hip    : [-0.143 -0.184  0.645]
  ✓ Skeleton plot saved → /mvdlph/masa/GCN_EarlyFusion_MultiView_Results/run_2026_05_16_10_18_28/plots/sample_skeleton_C2_3views.png
  ✓ Motion frames saved → /mvdlph/masa/GCN_EarlyFusion_MultiView_Results/run_2026_05_16_10_18_28/plots/sample_skeleton_C2_motion.png

✓ Skeleton visualisation saved for all 3 cameras

Comparing cameras for E0_P0_T0 seg0:

Camera C0:
  Hip  XYZ : [0.    0.    0.324]
  Head XYZ : [-0.144 -0.183  0.968]
  X range  : [-0.37, 0.59]
  Z range  : [0.00, 0.99]
Camera C1:
  Hip  XYZ : [0.    0.    0.321]
  Head XYZ : [-0.143 -0.184  0.967]
  X range  : [-0.37, 0.59]
  Z range  : [0.00, 0.99]
Camera C2:
  Hip  XYZ : [0.    0.    0.316]
  Head XYZ : [-0.142 -0.185  0.966]
  X range  : [-0.37, 0.59]
  Z range  : [0.00, 0.99]
✓ BZUDataset_EarlyFusion defined  (T × 17 × 18 = 3 views × pos+vel)
Joint distances from Hip:
  Joint  0 (Hip         ) distance=0
  Joint  1 (R-Hip       ) distance=1
  Joint  2 (R-Knee      ) distance=2
  Joint  3 (R-Ankle     ) distance=3
  Joint  4 (L-Hip       ) distance=1
  Joint  5 (L-Knee      ) distance=2
  Joint  6 (L-Ankle     ) distance=3
  Joint  7 (Spine       ) distance=1
  Joint  8 (Thorax      ) distance=2
  Joint  9 (Neck        ) distance=3
  Joint 10 (Head        ) distance=4
  Joint 11 (L-Shoulder  ) distance=3
  Joint 12 (L-Elbow     ) distance=4
  Joint 13 (L-Wrist     ) distance=5
  Joint 14 (R-Shoulder  ) distance=3
  Joint 15 (R-Elbow     ) distance=4
  Joint 16 (R-Wrist     ) distance=5

✓ ST-GCN early fusion sanity check passed — output shape: torch.Size([2])
✓ Total trainable parameters: 3,072,032
✓ STGCN_Regression (in_features=18, Early Fusion) defined
Device : cuda
GPU    : Tesla V100-PCIE-32GB
✓ centre_and_scale_early and run_epoch defined
=================================================================
Quality score distribution audit
=================================================================
  ✓ Saved → /mvdlph/masa/GCN_EarlyFusion_MultiView_Results/run_2026_05_16_10_18_28/plots/split_quality_distributions.png

Split    Type              n    mean     std    min    25%    50%    75%    max
----------------------------------------------------------------------
Train    Correct (T≤2)   1889   4.584   0.305   3.68   4.40   4.60   4.83   5.00
Train    Erroneous (T≥3)   1113   3.308   0.782   1.34   2.83   3.44   3.86   4.82

Val      Correct (T≤2)    583   4.653   0.306   3.56   4.50   4.74   4.90   5.00
Val      Erroneous (T≥3)    283   3.324   0.585   2.28   2.85   3.20   3.72   4.54

Test     Correct (T≤2)    665   4.491   0.418   3.40   4.20   4.62   4.80   5.00
Test     Erroneous (T≥3)    357   3.185   0.539   2.14   2.78   3.22   3.56   4.38

=================================================================
Person distribution across splits
=================================================================
  Train : ['P0', 'P10', 'P14', 'P15', 'P2', 'P3', 'P4', 'P5', 'P7']
  Val   : ['P1', 'P11', 'P6']
  Test  : ['P12', 'P13', 'P8', 'P9']

Per-person quality mean per split:

  Train:
         mean    std  count
person                     
P0      4.491  0.353    257
P10     3.291  0.918    488
P14     3.660  0.849    449
P15     3.640  0.704    446
P2      4.723  0.193    269
P3      4.570  0.216    258
P4      4.565  0.268    264
P5      4.662  0.261    289
P7      4.652  0.226    282

  Val:
         mean    std  count
person                     
P1      4.805  0.134    268
P11     3.528  0.700    352
P6      4.569  0.289    246

  Test:
         mean    std  count
person                     
P12     3.153  0.664    220
P13     3.691  0.653    227
P8      4.605  0.324    286
P9      4.412  0.460    289

=================================================================
Exercise balance across splits
=================================================================
    Train  Val  Test  Train%  Val%  Test%
E0    317   95   152    10.6  11.0   14.9
E1    316  101   107    10.5  11.7   10.5
E2    249   97    86     8.3  11.2    8.4
E3    319   94   106    10.6  10.9   10.4
E4    320  105    92    10.7  12.1    9.0
E5    292  102   106     9.7  11.8   10.4
E6    307   93   104    10.2  10.7   10.2
E7    317  101   106    10.6  11.7   10.4
E8    260   58   104     8.7   6.7   10.2
E9    305   20    59    10.2   2.3    5.8
✓ Plotting helpers defined
✓ EarlyStopping defined (monitoring val MAE)
✓ Early-fusion ST-GCN  |  in_features=18  |  params=3,072,032
2026-05-16 10:18:53,418 | INFO | ======================================================================
2026-05-16 10:18:53,419 | INFO | STARTING TRAINING — Early Fusion Multi-View ST-GCN Regression
2026-05-16 10:18:53,420 | INFO | train=3002  val=866  test=1022
2026-05-16 10:18:53,420 | INFO | in_features=18 | Patience=100 | LR=0.0001 | Batch=48
2026-05-16 10:18:53,421 | INFO | ======================================================================

════════════════════════════════════════════════════════════════════
  EARLY FUSION MULTI-VIEW  (C0 + C1 + C2 → 18 features)
  Train: 3002  Val: 866  Test: 1022
  Patience: 100  |  LR: 0.0001  |  Batch: 48
════════════════════════════════════════════════════════════════════
  Ep   1/300 | Tr loss=0.3588 mae=0.684 r2=-0.361 pcc=0.310 | Vl loss=0.2606 mae=0.548 r2=-0.132 pcc=0.562 | ES 0/100 ★
2026-05-16 10:19:18,770 | INFO |   Ep   1/300 | Tr loss=0.3588 mae=0.684 r2=-0.361 pcc=0.310 | Vl loss=0.2606 mae=0.548 r2=-0.132 pcc=0.562 | ES 0/100 ★
    ★ val_mae=0.5483  rmse=0.7981  r2=-0.1317  pcc=0.5625
  Ep   2/300 | Tr loss=0.2232 mae=0.510 r2=0.247 pcc=0.597 | Vl loss=0.2437 mae=0.520 r2=-0.050 pcc=0.597 | ES 0/100 ★
2026-05-16 10:19:43,069 | INFO |   Ep   2/300 | Tr loss=0.2232 mae=0.510 r2=0.247 pcc=0.597 | Vl loss=0.2437 mae=0.520 r2=-0.050 pcc=0.597 | ES 0/100 ★
    ★ val_mae=0.5199  rmse=0.7687  r2=-0.0498  pcc=0.5973
  Ep   3/300 | Tr loss=0.2000 mae=0.476 r2=0.331 pcc=0.617 | Vl loss=0.2266 mae=0.489 r2=0.027 pcc=0.588 | ES 0/100 ★
2026-05-16 10:20:07,164 | INFO |   Ep   3/300 | Tr loss=0.2000 mae=0.476 r2=0.331 pcc=0.617 | Vl loss=0.2266 mae=0.489 r2=0.027 pcc=0.588 | ES 0/100 ★
    ★ val_mae=0.4894  rmse=0.7402  r2=0.0267  pcc=0.5883
  Ep   4/300 | Tr loss=0.1874 mae=0.457 r2=0.383 pcc=0.642 | Vl loss=0.2073 mae=0.465 r2=0.104 pcc=0.600 | ES 0/100 ★
2026-05-16 10:20:31,318 | INFO |   Ep   4/300 | Tr loss=0.1874 mae=0.457 r2=0.383 pcc=0.642 | Vl loss=0.2073 mae=0.465 r2=0.104 pcc=0.600 | ES 0/100 ★
    ★ val_mae=0.4649  rmse=0.7101  r2=0.1043  pcc=0.5998
  Ep   5/300 | Tr loss=0.1768 mae=0.440 r2=0.423 pcc=0.667 | Vl loss=0.2010 mae=0.456 r2=0.137 pcc=0.621 | ES 0/100 ★
2026-05-16 10:20:55,722 | INFO |   Ep   5/300 | Tr loss=0.1768 mae=0.440 r2=0.423 pcc=0.667 | Vl loss=0.2010 mae=0.456 r2=0.137 pcc=0.621 | ES 0/100 ★
    ★ val_mae=0.4565  rmse=0.6970  r2=0.1370  pcc=0.6213
  Ep   6/300 | Tr loss=0.1728 mae=0.432 r2=0.430 pcc=0.668 | Vl loss=0.1817 mae=0.422 r2=0.233 pcc=0.651 | ES 0/100 ★
2026-05-16 10:21:20,057 | INFO |   Ep   6/300 | Tr loss=0.1728 mae=0.432 r2=0.430 pcc=0.668 | Vl loss=0.1817 mae=0.422 r2=0.233 pcc=0.651 | ES 0/100 ★
    ★ val_mae=0.4217  rmse=0.6571  r2=0.2331  pcc=0.6509
  Ep   7/300 | Tr loss=0.1732 mae=0.431 r2=0.438 pcc=0.674 | Vl loss=0.1936 mae=0.443 r2=0.178 pcc=0.620 | ES 1/100
2026-05-16 10:21:44,350 | INFO |   Ep   7/300 | Tr loss=0.1732 mae=0.431 r2=0.438 pcc=0.674 | Vl loss=0.1936 mae=0.443 r2=0.178 pcc=0.620 | ES 1/100
  Ep   8/300 | Tr loss=0.1683 mae=0.427 r2=0.456 pcc=0.683 | Vl loss=0.1865 mae=0.426 r2=0.208 pcc=0.637 | ES 2/100
2026-05-16 10:22:08,409 | INFO |   Ep   8/300 | Tr loss=0.1683 mae=0.427 r2=0.456 pcc=0.683 | Vl loss=0.1865 mae=0.426 r2=0.208 pcc=0.637 | ES 2/100
  Ep   9/300 | Tr loss=0.1614 mae=0.415 r2=0.474 pcc=0.694 | Vl loss=0.1886 mae=0.427 r2=0.198 pcc=0.627 | ES 3/100
2026-05-16 10:22:32,433 | INFO |   Ep   9/300 | Tr loss=0.1614 mae=0.415 r2=0.474 pcc=0.694 | Vl loss=0.1886 mae=0.427 r2=0.198 pcc=0.627 | ES 3/100
  Ep  10/300 | Tr loss=0.1590 mae=0.409 r2=0.486 pcc=0.703 | Vl loss=0.1918 mae=0.434 r2=0.189 pcc=0.627 | ES 4/100
2026-05-16 10:22:56,731 | INFO |   Ep  10/300 | Tr loss=0.1590 mae=0.409 r2=0.486 pcc=0.703 | Vl loss=0.1918 mae=0.434 r2=0.189 pcc=0.627 | ES 4/100
  Ep  11/300 | Tr loss=0.1592 mae=0.411 r2=0.488 pcc=0.703 | Vl loss=0.1751 mae=0.405 r2=0.280 pcc=0.643 | ES 0/100 ★
2026-05-16 10:23:21,003 | INFO |   Ep  11/300 | Tr loss=0.1592 mae=0.411 r2=0.488 pcc=0.703 | Vl loss=0.1751 mae=0.405 r2=0.280 pcc=0.643 | ES 0/100 ★
    ★ val_mae=0.4047  rmse=0.6364  r2=0.2805  pcc=0.6432
  Ep  12/300 | Tr loss=0.1624 mae=0.415 r2=0.474 pcc=0.695 | Vl loss=0.1695 mae=0.396 r2=0.308 pcc=0.647 | ES 0/100 ★
2026-05-16 10:23:45,329 | INFO |   Ep  12/300 | Tr loss=0.1624 mae=0.415 r2=0.474 pcc=0.695 | Vl loss=0.1695 mae=0.396 r2=0.308 pcc=0.647 | ES 0/100 ★
    ★ val_mae=0.3963  rmse=0.6243  r2=0.3076  pcc=0.6468
  Ep  13/300 | Tr loss=0.1517 mae=0.398 r2=0.515 pcc=0.720 | Vl loss=0.1763 mae=0.408 r2=0.286 pcc=0.656 | ES 1/100
2026-05-16 10:24:09,460 | INFO |   Ep  13/300 | Tr loss=0.1517 mae=0.398 r2=0.515 pcc=0.720 | Vl loss=0.1763 mae=0.408 r2=0.286 pcc=0.656 | ES 1/100
  Ep  14/300 | Tr loss=0.1586 mae=0.409 r2=0.490 pcc=0.705 | Vl loss=0.1270 mae=0.361 r2=0.510 pcc=0.728 | ES 0/100 ★
2026-05-16 10:24:33,418 | INFO |   Ep  14/300 | Tr loss=0.1586 mae=0.409 r2=0.490 pcc=0.705 | Vl loss=0.1270 mae=0.361 r2=0.510 pcc=0.728 | ES 0/100 ★
    ★ val_mae=0.3609  rmse=0.5250  r2=0.5104  pcc=0.7279
  Ep  15/300 | Tr loss=0.1559 mae=0.402 r2=0.507 pcc=0.716 | Vl loss=0.1210 mae=0.349 r2=0.537 pcc=0.741 | ES 0/100 ★
2026-05-16 10:24:57,945 | INFO |   Ep  15/300 | Tr loss=0.1559 mae=0.402 r2=0.507 pcc=0.716 | Vl loss=0.1210 mae=0.349 r2=0.537 pcc=0.741 | ES 0/100 ★
    ★ val_mae=0.3494  rmse=0.5104  r2=0.5371  pcc=0.7409
  Ep  16/300 | Tr loss=0.1562 mae=0.401 r2=0.498 pcc=0.710 | Vl loss=0.1000 mae=0.324 r2=0.621 pcc=0.808 | ES 0/100 ★
2026-05-16 10:25:22,174 | INFO |   Ep  16/300 | Tr loss=0.1562 mae=0.401 r2=0.498 pcc=0.710 | Vl loss=0.1000 mae=0.324 r2=0.621 pcc=0.808 | ES 0/100 ★
    ★ val_mae=0.3237  rmse=0.4621  r2=0.6206  pcc=0.8079
  Ep  17/300 | Tr loss=0.1530 mae=0.398 r2=0.506 pcc=0.715 | Vl loss=0.1032 mae=0.331 r2=0.605 pcc=0.791 | ES 1/100
2026-05-16 10:25:46,348 | INFO |   Ep  17/300 | Tr loss=0.1530 mae=0.398 r2=0.506 pcc=0.715 | Vl loss=0.1032 mae=0.331 r2=0.605 pcc=0.791 | ES 1/100
  Ep  18/300 | Tr loss=0.1500 mae=0.393 r2=0.519 pcc=0.723 | Vl loss=0.1177 mae=0.354 r2=0.546 pcc=0.785 | ES 2/100
2026-05-16 10:26:10,762 | INFO |   Ep  18/300 | Tr loss=0.1500 mae=0.393 r2=0.519 pcc=0.723 | Vl loss=0.1177 mae=0.354 r2=0.546 pcc=0.785 | ES 2/100
  Ep  19/300 | Tr loss=0.1482 mae=0.393 r2=0.523 pcc=0.726 | Vl loss=0.1247 mae=0.352 r2=0.515 pcc=0.756 | ES 3/100
2026-05-16 10:26:35,450 | INFO |   Ep  19/300 | Tr loss=0.1482 mae=0.393 r2=0.523 pcc=0.726 | Vl loss=0.1247 mae=0.352 r2=0.515 pcc=0.756 | ES 3/100
  Ep  20/300 | Tr loss=0.1500 mae=0.393 r2=0.521 pcc=0.725 | Vl loss=0.1408 mae=0.367 r2=0.432 pcc=0.800 | ES 4/100
2026-05-16 10:26:59,791 | INFO |   Ep  20/300 | Tr loss=0.1500 mae=0.393 r2=0.521 pcc=0.725 | Vl loss=0.1408 mae=0.367 r2=0.432 pcc=0.800 | ES 4/100
  Ep  21/300 | Tr loss=0.1452 mae=0.387 r2=0.533 pcc=0.732 | Vl loss=0.1154 mae=0.338 r2=0.552 pcc=0.773 | ES 5/100
2026-05-16 10:27:23,889 | INFO |   Ep  21/300 | Tr loss=0.1452 mae=0.387 r2=0.533 pcc=0.732 | Vl loss=0.1154 mae=0.338 r2=0.552 pcc=0.773 | ES 5/100
  Ep  22/300 | Tr loss=0.1439 mae=0.384 r2=0.538 pcc=0.735 | Vl loss=0.1283 mae=0.336 r2=0.487 pcc=0.785 | ES 6/100
2026-05-16 10:27:48,059 | INFO |   Ep  22/300 | Tr loss=0.1439 mae=0.384 r2=0.538 pcc=0.735 | Vl loss=0.1283 mae=0.336 r2=0.487 pcc=0.785 | ES 6/100
  Ep  23/300 | Tr loss=0.1439 mae=0.383 r2=0.536 pcc=0.735 | Vl loss=0.1429 mae=0.350 r2=0.414 pcc=0.801 | ES 7/100
2026-05-16 10:28:12,297 | INFO |   Ep  23/300 | Tr loss=0.1439 mae=0.383 r2=0.536 pcc=0.735 | Vl loss=0.1429 mae=0.350 r2=0.414 pcc=0.801 | ES 7/100
  Ep  24/300 | Tr loss=0.1418 mae=0.380 r2=0.542 pcc=0.739 | Vl loss=0.1532 mae=0.380 r2=0.371 pcc=0.780 | ES 8/100
2026-05-16 10:28:36,470 | INFO |   Ep  24/300 | Tr loss=0.1418 mae=0.380 r2=0.542 pcc=0.739 | Vl loss=0.1532 mae=0.380 r2=0.371 pcc=0.780 | ES 8/100
  Ep  25/300 | Tr loss=0.1421 mae=0.378 r2=0.545 pcc=0.740 | Vl loss=0.1464 mae=0.389 r2=0.433 pcc=0.743 | ES 9/100
2026-05-16 10:29:00,489 | INFO |   Ep  25/300 | Tr loss=0.1421 mae=0.378 r2=0.545 pcc=0.740 | Vl loss=0.1464 mae=0.389 r2=0.433 pcc=0.743 | ES 9/100
  Ep  26/300 | Tr loss=0.1412 mae=0.380 r2=0.545 pcc=0.740 | Vl loss=0.1620 mae=0.398 r2=0.337 pcc=0.819 | ES 10/100
2026-05-16 10:29:24,751 | INFO |   Ep  26/300 | Tr loss=0.1412 mae=0.380 r2=0.545 pcc=0.740 | Vl loss=0.1620 mae=0.398 r2=0.337 pcc=0.819 | ES 10/100
  Ep  27/300 | Tr loss=0.1416 mae=0.377 r2=0.542 pcc=0.740 | Vl loss=0.1006 mae=0.306 r2=0.610 pcc=0.802 | ES 0/100 ★
2026-05-16 10:29:48,984 | INFO |   Ep  27/300 | Tr loss=0.1416 mae=0.377 r2=0.542 pcc=0.740 | Vl loss=0.1006 mae=0.306 r2=0.610 pcc=0.802 | ES 0/100 ★
    ★ val_mae=0.3058  rmse=0.4685  r2=0.6101  pcc=0.8022
  Ep  28/300 | Tr loss=0.1437 mae=0.382 r2=0.535 pcc=0.734 | Vl loss=0.1527 mae=0.371 r2=0.366 pcc=0.793 | ES 1/100
2026-05-16 10:30:13,099 | INFO |   Ep  28/300 | Tr loss=0.1437 mae=0.382 r2=0.535 pcc=0.734 | Vl loss=0.1527 mae=0.371 r2=0.366 pcc=0.793 | ES 1/100
  Ep  29/300 | Tr loss=0.1412 mae=0.378 r2=0.542 pcc=0.738 | Vl loss=0.1922 mae=0.452 r2=0.204 pcc=0.832 | ES 2/100
2026-05-16 10:30:37,196 | INFO |   Ep  29/300 | Tr loss=0.1412 mae=0.378 r2=0.542 pcc=0.738 | Vl loss=0.1922 mae=0.452 r2=0.204 pcc=0.832 | ES 2/100
  Ep  30/300 | Tr loss=0.1396 mae=0.374 r2=0.548 pcc=0.743 | Vl loss=0.2070 mae=0.497 r2=0.163 pcc=0.818 | ES 3/100
2026-05-16 10:31:01,236 | INFO |   Ep  30/300 | Tr loss=0.1396 mae=0.374 r2=0.548 pcc=0.743 | Vl loss=0.2070 mae=0.497 r2=0.163 pcc=0.818 | ES 3/100
  Ep  31/300 | Tr loss=0.1380 mae=0.374 r2=0.557 pcc=0.748 | Vl loss=0.1568 mae=0.413 r2=0.377 pcc=0.828 | ES 4/100
2026-05-16 10:31:25,371 | INFO |   Ep  31/300 | Tr loss=0.1380 mae=0.374 r2=0.557 pcc=0.748 | Vl loss=0.1568 mae=0.413 r2=0.377 pcc=0.828 | ES 4/100
  Ep  32/300 | Tr loss=0.1380 mae=0.369 r2=0.556 pcc=0.747 | Vl loss=0.1940 mae=0.484 r2=0.225 pcc=0.841 | ES 5/100
2026-05-16 10:31:49,774 | INFO |   Ep  32/300 | Tr loss=0.1380 mae=0.369 r2=0.556 pcc=0.747 | Vl loss=0.1940 mae=0.484 r2=0.225 pcc=0.841 | ES 5/100
  Ep  33/300 | Tr loss=0.1366 mae=0.369 r2=0.558 pcc=0.749 | Vl loss=0.1464 mae=0.397 r2=0.419 pcc=0.834 | ES 6/100
2026-05-16 10:32:13,952 | INFO |   Ep  33/300 | Tr loss=0.1366 mae=0.369 r2=0.558 pcc=0.749 | Vl loss=0.1464 mae=0.397 r2=0.419 pcc=0.834 | ES 6/100
  Ep  34/300 | Tr loss=0.1353 mae=0.369 r2=0.565 pcc=0.753 | Vl loss=0.1196 mae=0.349 r2=0.534 pcc=0.839 | ES 7/100
2026-05-16 10:32:38,186 | INFO |   Ep  34/300 | Tr loss=0.1353 mae=0.369 r2=0.565 pcc=0.753 | Vl loss=0.1196 mae=0.349 r2=0.534 pcc=0.839 | ES 7/100
  Ep  35/300 | Tr loss=0.1340 mae=0.363 r2=0.568 pcc=0.755 | Vl loss=0.1920 mae=0.489 r2=0.250 pcc=0.837 | ES 8/100
2026-05-16 10:33:02,253 | INFO |   Ep  35/300 | Tr loss=0.1340 mae=0.363 r2=0.568 pcc=0.755 | Vl loss=0.1920 mae=0.489 r2=0.250 pcc=0.837 | ES 8/100
  Ep  36/300 | Tr loss=0.1339 mae=0.364 r2=0.568 pcc=0.755 | Vl loss=0.1127 mae=0.349 r2=0.571 pcc=0.828 | ES 9/100
2026-05-16 10:33:26,529 | INFO |   Ep  36/300 | Tr loss=0.1339 mae=0.364 r2=0.568 pcc=0.755 | Vl loss=0.1127 mae=0.349 r2=0.571 pcc=0.828 | ES 9/100
  Ep  37/300 | Tr loss=0.1382 mae=0.370 r2=0.552 pcc=0.744 | Vl loss=0.1367 mae=0.380 r2=0.451 pcc=0.860 | ES 10/100
2026-05-16 10:33:50,612 | INFO |   Ep  37/300 | Tr loss=0.1382 mae=0.370 r2=0.552 pcc=0.744 | Vl loss=0.1367 mae=0.380 r2=0.451 pcc=0.860 | ES 10/100
  Ep  38/300 | Tr loss=0.1356 mae=0.366 r2=0.559 pcc=0.750 | Vl loss=0.1331 mae=0.376 r2=0.477 pcc=0.846 | ES 11/100
2026-05-16 10:34:14,669 | INFO |   Ep  38/300 | Tr loss=0.1356 mae=0.366 r2=0.559 pcc=0.750 | Vl loss=0.1331 mae=0.376 r2=0.477 pcc=0.846 | ES 11/100
  Ep  39/300 | Tr loss=0.1360 mae=0.368 r2=0.563 pcc=0.751 | Vl loss=0.1401 mae=0.398 r2=0.452 pcc=0.844 | ES 12/100
2026-05-16 10:34:38,683 | INFO |   Ep  39/300 | Tr loss=0.1360 mae=0.368 r2=0.563 pcc=0.751 | Vl loss=0.1401 mae=0.398 r2=0.452 pcc=0.844 | ES 12/100
  Ep  40/300 | Tr loss=0.1377 mae=0.369 r2=0.554 pcc=0.746 | Vl loss=0.1432 mae=0.392 r2=0.445 pcc=0.843 | ES 13/100
2026-05-16 10:35:02,742 | INFO |   Ep  40/300 | Tr loss=0.1377 mae=0.369 r2=0.554 pcc=0.746 | Vl loss=0.1432 mae=0.392 r2=0.445 pcc=0.843 | ES 13/100
  Ep  41/300 | Tr loss=0.1312 mae=0.358 r2=0.576 pcc=0.760 | Vl loss=0.1104 mae=0.338 r2=0.582 pcc=0.840 | ES 14/100
2026-05-16 10:35:27,029 | INFO |   Ep  41/300 | Tr loss=0.1312 mae=0.358 r2=0.576 pcc=0.760 | Vl loss=0.1104 mae=0.338 r2=0.582 pcc=0.840 | ES 14/100
  Ep  42/300 | Tr loss=0.1324 mae=0.360 r2=0.571 pcc=0.758 | Vl loss=0.1010 mae=0.340 r2=0.631 pcc=0.856 | ES 15/100
2026-05-16 10:35:51,077 | INFO |   Ep  42/300 | Tr loss=0.1324 mae=0.360 r2=0.571 pcc=0.758 | Vl loss=0.1010 mae=0.340 r2=0.631 pcc=0.856 | ES 15/100
  Ep  43/300 | Tr loss=0.1361 mae=0.364 r2=0.559 pcc=0.748 | Vl loss=0.1179 mae=0.384 r2=0.572 pcc=0.847 | ES 16/100
2026-05-16 10:36:15,528 | INFO |   Ep  43/300 | Tr loss=0.1361 mae=0.364 r2=0.559 pcc=0.748 | Vl loss=0.1179 mae=0.384 r2=0.572 pcc=0.847 | ES 16/100
  Ep  44/300 | Tr loss=0.1331 mae=0.362 r2=0.568 pcc=0.755 | Vl loss=0.1136 mae=0.369 r2=0.580 pcc=0.848 | ES 17/100
2026-05-16 10:36:39,660 | INFO |   Ep  44/300 | Tr loss=0.1331 mae=0.362 r2=0.568 pcc=0.755 | Vl loss=0.1136 mae=0.369 r2=0.580 pcc=0.848 | ES 17/100
  Ep  45/300 | Tr loss=0.1298 mae=0.356 r2=0.583 pcc=0.764 | Vl loss=0.1463 mae=0.423 r2=0.444 pcc=0.848 | ES 18/100
2026-05-16 10:37:04,163 | INFO |   Ep  45/300 | Tr loss=0.1298 mae=0.356 r2=0.583 pcc=0.764 | Vl loss=0.1463 mae=0.423 r2=0.444 pcc=0.848 | ES 18/100
  Ep  46/300 | Tr loss=0.1329 mae=0.360 r2=0.573 pcc=0.758 | Vl loss=0.1511 mae=0.416 r2=0.418 pcc=0.825 | ES 19/100
2026-05-16 10:37:28,519 | INFO |   Ep  46/300 | Tr loss=0.1329 mae=0.360 r2=0.573 pcc=0.758 | Vl loss=0.1511 mae=0.416 r2=0.418 pcc=0.825 | ES 19/100
  Ep  47/300 | Tr loss=0.1304 mae=0.357 r2=0.578 pcc=0.761 | Vl loss=0.1609 mae=0.436 r2=0.384 pcc=0.824 | ES 20/100
2026-05-16 10:37:52,775 | INFO |   Ep  47/300 | Tr loss=0.1304 mae=0.357 r2=0.578 pcc=0.761 | Vl loss=0.1609 mae=0.436 r2=0.384 pcc=0.824 | ES 20/100
  Ep  48/300 | Tr loss=0.1338 mae=0.362 r2=0.567 pcc=0.755 | Vl loss=0.1079 mae=0.345 r2=0.595 pcc=0.838 | ES 21/100
2026-05-16 10:38:16,903 | INFO |   Ep  48/300 | Tr loss=0.1338 mae=0.362 r2=0.567 pcc=0.755 | Vl loss=0.1079 mae=0.345 r2=0.595 pcc=0.838 | ES 21/100
  Ep  49/300 | Tr loss=0.1286 mae=0.357 r2=0.584 pcc=0.765 | Vl loss=0.1176 mae=0.375 r2=0.559 pcc=0.835 | ES 22/100
2026-05-16 10:38:41,381 | INFO |   Ep  49/300 | Tr loss=0.1286 mae=0.357 r2=0.584 pcc=0.765 | Vl loss=0.1176 mae=0.375 r2=0.559 pcc=0.835 | ES 22/100
  Ep  50/300 | Tr loss=0.1293 mae=0.357 r2=0.585 pcc=0.766 | Vl loss=0.1511 mae=0.426 r2=0.420 pcc=0.835 | ES 23/100
2026-05-16 10:39:05,897 | INFO |   Ep  50/300 | Tr loss=0.1293 mae=0.357 r2=0.585 pcc=0.766 | Vl loss=0.1511 mae=0.426 r2=0.420 pcc=0.835 | ES 23/100
  Ep  51/300 | Tr loss=0.1322 mae=0.357 r2=0.570 pcc=0.756 | Vl loss=0.1563 mae=0.439 r2=0.400 pcc=0.845 | ES 24/100
2026-05-16 10:39:30,480 | INFO |   Ep  51/300 | Tr loss=0.1322 mae=0.357 r2=0.570 pcc=0.756 | Vl loss=0.1563 mae=0.439 r2=0.400 pcc=0.845 | ES 24/100
  Ep  52/300 | Tr loss=0.1310 mae=0.359 r2=0.577 pcc=0.761 | Vl loss=0.1363 mae=0.392 r2=0.477 pcc=0.836 | ES 25/100
2026-05-16 10:39:54,684 | INFO |   Ep  52/300 | Tr loss=0.1310 mae=0.359 r2=0.577 pcc=0.761 | Vl loss=0.1363 mae=0.392 r2=0.477 pcc=0.836 | ES 25/100
  Ep  53/300 | Tr loss=0.1296 mae=0.356 r2=0.581 pcc=0.764 | Vl loss=0.1232 mae=0.381 r2=0.543 pcc=0.833 | ES 26/100
2026-05-16 10:40:19,252 | INFO |   Ep  53/300 | Tr loss=0.1296 mae=0.356 r2=0.581 pcc=0.764 | Vl loss=0.1232 mae=0.381 r2=0.543 pcc=0.833 | ES 26/100
  Ep  54/300 | Tr loss=0.1296 mae=0.354 r2=0.582 pcc=0.763 | Vl loss=0.1364 mae=0.392 r2=0.482 pcc=0.841 | ES 27/100
2026-05-16 10:40:43,637 | INFO |   Ep  54/300 | Tr loss=0.1296 mae=0.354 r2=0.582 pcc=0.763 | Vl loss=0.1364 mae=0.392 r2=0.482 pcc=0.841 | ES 27/100
  Ep  55/300 | Tr loss=0.1282 mae=0.353 r2=0.586 pcc=0.767 | Vl loss=0.1005 mae=0.339 r2=0.622 pcc=0.842 | ES 28/100
2026-05-16 10:41:07,692 | INFO |   Ep  55/300 | Tr loss=0.1282 mae=0.353 r2=0.586 pcc=0.767 | Vl loss=0.1005 mae=0.339 r2=0.622 pcc=0.842 | ES 28/100
  Ep  56/300 | Tr loss=0.1284 mae=0.353 r2=0.585 pcc=0.766 | Vl loss=0.1370 mae=0.411 r2=0.491 pcc=0.840 | ES 29/100
2026-05-16 10:41:32,033 | INFO |   Ep  56/300 | Tr loss=0.1284 mae=0.353 r2=0.585 pcc=0.766 | Vl loss=0.1370 mae=0.411 r2=0.491 pcc=0.840 | ES 29/100
  Ep  57/300 | Tr loss=0.1276 mae=0.350 r2=0.589 pcc=0.769 | Vl loss=0.0940 mae=0.343 r2=0.654 pcc=0.841 | ES 30/100
2026-05-16 10:41:56,382 | INFO |   Ep  57/300 | Tr loss=0.1276 mae=0.350 r2=0.589 pcc=0.769 | Vl loss=0.0940 mae=0.343 r2=0.654 pcc=0.841 | ES 30/100
  Ep  58/300 | Tr loss=0.1278 mae=0.350 r2=0.586 pcc=0.766 | Vl loss=0.0867 mae=0.315 r2=0.678 pcc=0.858 | ES 31/100
2026-05-16 10:42:20,748 | INFO |   Ep  58/300 | Tr loss=0.1278 mae=0.350 r2=0.586 pcc=0.766 | Vl loss=0.0867 mae=0.315 r2=0.678 pcc=0.858 | ES 31/100
  Ep  59/300 | Tr loss=0.1268 mae=0.349 r2=0.588 pcc=0.768 | Vl loss=0.1106 mae=0.364 r2=0.590 pcc=0.839 | ES 32/100
2026-05-16 10:42:44,912 | INFO |   Ep  59/300 | Tr loss=0.1268 mae=0.349 r2=0.588 pcc=0.768 | Vl loss=0.1106 mae=0.364 r2=0.590 pcc=0.839 | ES 32/100
  Ep  60/300 | Tr loss=0.1292 mae=0.355 r2=0.582 pcc=0.764 | Vl loss=0.1084 mae=0.364 r2=0.595 pcc=0.828 | ES 33/100
2026-05-16 10:43:08,869 | INFO |   Ep  60/300 | Tr loss=0.1292 mae=0.355 r2=0.582 pcc=0.764 | Vl loss=0.1084 mae=0.364 r2=0.595 pcc=0.828 | ES 33/100
  Ep  61/300 | Tr loss=0.1260 mae=0.348 r2=0.596 pcc=0.772 | Vl loss=0.1018 mae=0.346 r2=0.617 pcc=0.831 | ES 34/100
2026-05-16 10:43:33,155 | INFO |   Ep  61/300 | Tr loss=0.1260 mae=0.348 r2=0.596 pcc=0.772 | Vl loss=0.1018 mae=0.346 r2=0.617 pcc=0.831 | ES 34/100
  Ep  62/300 | Tr loss=0.1274 mae=0.352 r2=0.586 pcc=0.767 | Vl loss=0.0927 mae=0.326 r2=0.650 pcc=0.835 | ES 35/100
2026-05-16 10:43:57,239 | INFO |   Ep  62/300 | Tr loss=0.1274 mae=0.352 r2=0.586 pcc=0.767 | Vl loss=0.0927 mae=0.326 r2=0.650 pcc=0.835 | ES 35/100
  Ep  63/300 | Tr loss=0.1265 mae=0.348 r2=0.594 pcc=0.772 | Vl loss=0.0890 mae=0.324 r2=0.667 pcc=0.853 | ES 36/100
2026-05-16 10:44:21,373 | INFO |   Ep  63/300 | Tr loss=0.1265 mae=0.348 r2=0.594 pcc=0.772 | Vl loss=0.0890 mae=0.324 r2=0.667 pcc=0.853 | ES 36/100
  Ep  64/300 | Tr loss=0.1251 mae=0.347 r2=0.593 pcc=0.771 | Vl loss=0.1024 mae=0.340 r2=0.609 pcc=0.833 | ES 37/100
2026-05-16 10:44:45,424 | INFO |   Ep  64/300 | Tr loss=0.1251 mae=0.347 r2=0.593 pcc=0.771 | Vl loss=0.1024 mae=0.340 r2=0.609 pcc=0.833 | ES 37/100
  Ep  65/300 | Tr loss=0.1269 mae=0.348 r2=0.591 pcc=0.770 | Vl loss=0.0975 mae=0.344 r2=0.634 pcc=0.841 | ES 38/100
2026-05-16 10:45:09,688 | INFO |   Ep  65/300 | Tr loss=0.1269 mae=0.348 r2=0.591 pcc=0.770 | Vl loss=0.0975 mae=0.344 r2=0.634 pcc=0.841 | ES 38/100
  Ep  66/300 | Tr loss=0.1244 mae=0.345 r2=0.598 pcc=0.774 | Vl loss=0.1114 mae=0.376 r2=0.584 pcc=0.825 | ES 39/100
2026-05-16 10:45:33,807 | INFO |   Ep  66/300 | Tr loss=0.1244 mae=0.345 r2=0.598 pcc=0.774 | Vl loss=0.1114 mae=0.376 r2=0.584 pcc=0.825 | ES 39/100
  Ep  67/300 | Tr loss=0.1254 mae=0.346 r2=0.595 pcc=0.772 | Vl loss=0.1431 mae=0.443 r2=0.465 pcc=0.823 | ES 40/100
2026-05-16 10:45:57,857 | INFO |   Ep  67/300 | Tr loss=0.1254 mae=0.346 r2=0.595 pcc=0.772 | Vl loss=0.1431 mae=0.443 r2=0.465 pcc=0.823 | ES 40/100
  Ep  68/300 | Tr loss=0.1234 mae=0.341 r2=0.605 pcc=0.779 | Vl loss=0.1291 mae=0.411 r2=0.521 pcc=0.851 | ES 41/100
2026-05-16 10:46:21,937 | INFO |   Ep  68/300 | Tr loss=0.1234 mae=0.341 r2=0.605 pcc=0.779 | Vl loss=0.1291 mae=0.411 r2=0.521 pcc=0.851 | ES 41/100
  Ep  69/300 | Tr loss=0.1269 mae=0.348 r2=0.592 pcc=0.770 | Vl loss=0.0970 mae=0.354 r2=0.640 pcc=0.848 | ES 42/100
2026-05-16 10:46:46,008 | INFO |   Ep  69/300 | Tr loss=0.1269 mae=0.348 r2=0.592 pcc=0.770 | Vl loss=0.0970 mae=0.354 r2=0.640 pcc=0.848 | ES 42/100
  Ep  70/300 | Tr loss=0.1265 mae=0.348 r2=0.587 pcc=0.767 | Vl loss=0.1298 mae=0.426 r2=0.523 pcc=0.823 | ES 43/100
2026-05-16 10:47:10,085 | INFO |   Ep  70/300 | Tr loss=0.1265 mae=0.348 r2=0.587 pcc=0.767 | Vl loss=0.1298 mae=0.426 r2=0.523 pcc=0.823 | ES 43/100
  Ep  71/300 | Tr loss=0.1257 mae=0.348 r2=0.594 pcc=0.771 | Vl loss=0.1329 mae=0.423 r2=0.504 pcc=0.825 | ES 44/100
2026-05-16 10:47:34,469 | INFO |   Ep  71/300 | Tr loss=0.1257 mae=0.348 r2=0.594 pcc=0.771 | Vl loss=0.1329 mae=0.423 r2=0.504 pcc=0.825 | ES 44/100
  Ep  72/300 | Tr loss=0.1212 mae=0.339 r2=0.611 pcc=0.782 | Vl loss=0.1585 mae=0.462 r2=0.407 pcc=0.797 | ES 45/100
2026-05-16 10:47:58,795 | INFO |   Ep  72/300 | Tr loss=0.1212 mae=0.339 r2=0.611 pcc=0.782 | Vl loss=0.1585 mae=0.462 r2=0.407 pcc=0.797 | ES 45/100
  Ep  73/300 | Tr loss=0.1242 mae=0.343 r2=0.598 pcc=0.774 | Vl loss=0.1709 mae=0.465 r2=0.349 pcc=0.804 | ES 46/100
2026-05-16 10:48:23,135 | INFO |   Ep  73/300 | Tr loss=0.1242 mae=0.343 r2=0.598 pcc=0.774 | Vl loss=0.1709 mae=0.465 r2=0.349 pcc=0.804 | ES 46/100
  Ep  74/300 | Tr loss=0.1235 mae=0.342 r2=0.603 pcc=0.777 | Vl loss=0.1149 mae=0.383 r2=0.570 pcc=0.833 | ES 47/100
2026-05-16 10:48:47,441 | INFO |   Ep  74/300 | Tr loss=0.1235 mae=0.342 r2=0.603 pcc=0.777 | Vl loss=0.1149 mae=0.383 r2=0.570 pcc=0.833 | ES 47/100
  Ep  75/300 | Tr loss=0.1206 mae=0.336 r2=0.612 pcc=0.783 | Vl loss=0.1402 mae=0.440 r2=0.480 pcc=0.804 | ES 48/100
2026-05-16 10:49:11,624 | INFO |   Ep  75/300 | Tr loss=0.1206 mae=0.336 r2=0.612 pcc=0.783 | Vl loss=0.1402 mae=0.440 r2=0.480 pcc=0.804 | ES 48/100
  Ep  76/300 | Tr loss=0.1244 mae=0.347 r2=0.597 pcc=0.774 | Vl loss=0.1333 mae=0.432 r2=0.510 pcc=0.813 | ES 49/100
2026-05-16 10:49:35,964 | INFO |   Ep  76/300 | Tr loss=0.1244 mae=0.347 r2=0.597 pcc=0.774 | Vl loss=0.1333 mae=0.432 r2=0.510 pcc=0.813 | ES 49/100
  Ep  77/300 | Tr loss=0.1251 mae=0.348 r2=0.597 pcc=0.774 | Vl loss=0.1139 mae=0.376 r2=0.575 pcc=0.821 | ES 50/100
2026-05-16 10:50:00,212 | INFO |   Ep  77/300 | Tr loss=0.1251 mae=0.348 r2=0.597 pcc=0.774 | Vl loss=0.1139 mae=0.376 r2=0.575 pcc=0.821 | ES 50/100
Epoch 00078: reducing learning rate of group 0 to 5.0000e-05.
  Ep  78/300 | Tr loss=0.1241 mae=0.343 r2=0.598 pcc=0.774 | Vl loss=0.1121 mae=0.383 r2=0.584 pcc=0.835 | ES 51/100
2026-05-16 10:50:24,319 | INFO |   Ep  78/300 | Tr loss=0.1241 mae=0.343 r2=0.598 pcc=0.774 | Vl loss=0.1121 mae=0.383 r2=0.584 pcc=0.835 | ES 51/100
  Ep  79/300 | Tr loss=0.1208 mae=0.340 r2=0.609 pcc=0.781 | Vl loss=0.1209 mae=0.410 r2=0.553 pcc=0.827 | ES 52/100
2026-05-16 10:50:48,451 | INFO |   Ep  79/300 | Tr loss=0.1208 mae=0.340 r2=0.609 pcc=0.781 | Vl loss=0.1209 mae=0.410 r2=0.553 pcc=0.827 | ES 52/100
  Ep  80/300 | Tr loss=0.1214 mae=0.339 r2=0.608 pcc=0.780 | Vl loss=0.1232 mae=0.402 r2=0.543 pcc=0.844 | ES 53/100
2026-05-16 10:51:12,628 | INFO |   Ep  80/300 | Tr loss=0.1214 mae=0.339 r2=0.608 pcc=0.780 | Vl loss=0.1232 mae=0.402 r2=0.543 pcc=0.844 | ES 53/100
  Ep  81/300 | Tr loss=0.1212 mae=0.341 r2=0.611 pcc=0.782 | Vl loss=0.1432 mae=0.435 r2=0.461 pcc=0.819 | ES 54/100
2026-05-16 10:51:36,808 | INFO |   Ep  81/300 | Tr loss=0.1212 mae=0.341 r2=0.611 pcc=0.782 | Vl loss=0.1432 mae=0.435 r2=0.461 pcc=0.819 | ES 54/100
  Ep  82/300 | Tr loss=0.1192 mae=0.337 r2=0.615 pcc=0.785 | Vl loss=0.1215 mae=0.415 r2=0.555 pcc=0.825 | ES 55/100
2026-05-16 10:52:01,026 | INFO |   Ep  82/300 | Tr loss=0.1192 mae=0.337 r2=0.615 pcc=0.785 | Vl loss=0.1215 mae=0.415 r2=0.555 pcc=0.825 | ES 55/100
  Ep  83/300 | Tr loss=0.1198 mae=0.336 r2=0.611 pcc=0.783 | Vl loss=0.1550 mae=0.461 r2=0.425 pcc=0.829 | ES 56/100
2026-05-16 10:52:25,360 | INFO |   Ep  83/300 | Tr loss=0.1198 mae=0.336 r2=0.611 pcc=0.783 | Vl loss=0.1550 mae=0.461 r2=0.425 pcc=0.829 | ES 56/100
  Ep  84/300 | Tr loss=0.1182 mae=0.333 r2=0.617 pcc=0.786 | Vl loss=0.1150 mae=0.401 r2=0.580 pcc=0.841 | ES 57/100
2026-05-16 10:52:49,977 | INFO |   Ep  84/300 | Tr loss=0.1182 mae=0.333 r2=0.617 pcc=0.786 | Vl loss=0.1150 mae=0.401 r2=0.580 pcc=0.841 | ES 57/100
  Ep  85/300 | Tr loss=0.1196 mae=0.337 r2=0.613 pcc=0.783 | Vl loss=0.1220 mae=0.393 r2=0.545 pcc=0.843 | ES 58/100
2026-05-16 10:53:14,182 | INFO |   Ep  85/300 | Tr loss=0.1196 mae=0.337 r2=0.613 pcc=0.783 | Vl loss=0.1220 mae=0.393 r2=0.545 pcc=0.843 | ES 58/100
  Ep  86/300 | Tr loss=0.1194 mae=0.333 r2=0.613 pcc=0.784 | Vl loss=0.1283 mae=0.409 r2=0.522 pcc=0.838 | ES 59/100
2026-05-16 10:53:38,387 | INFO |   Ep  86/300 | Tr loss=0.1194 mae=0.333 r2=0.613 pcc=0.784 | Vl loss=0.1283 mae=0.409 r2=0.522 pcc=0.838 | ES 59/100
  Ep  87/300 | Tr loss=0.1181 mae=0.334 r2=0.621 pcc=0.789 | Vl loss=0.1071 mae=0.385 r2=0.607 pcc=0.843 | ES 60/100
2026-05-16 10:54:02,527 | INFO |   Ep  87/300 | Tr loss=0.1181 mae=0.334 r2=0.621 pcc=0.789 | Vl loss=0.1071 mae=0.385 r2=0.607 pcc=0.843 | ES 60/100
  Ep  88/300 | Tr loss=0.1193 mae=0.335 r2=0.613 pcc=0.784 | Vl loss=0.1079 mae=0.391 r2=0.602 pcc=0.837 | ES 61/100
2026-05-16 10:54:26,747 | INFO |   Ep  88/300 | Tr loss=0.1193 mae=0.335 r2=0.613 pcc=0.784 | Vl loss=0.1079 mae=0.391 r2=0.602 pcc=0.837 | ES 61/100
  Ep  89/300 | Tr loss=0.1204 mae=0.336 r2=0.611 pcc=0.782 | Vl loss=0.1237 mae=0.422 r2=0.544 pcc=0.836 | ES 62/100
2026-05-16 10:54:51,001 | INFO |   Ep  89/300 | Tr loss=0.1204 mae=0.336 r2=0.611 pcc=0.782 | Vl loss=0.1237 mae=0.422 r2=0.544 pcc=0.836 | ES 62/100
  Ep  90/300 | Tr loss=0.1165 mae=0.331 r2=0.624 pcc=0.790 | Vl loss=0.1082 mae=0.387 r2=0.602 pcc=0.844 | ES 63/100
2026-05-16 10:55:15,364 | INFO |   Ep  90/300 | Tr loss=0.1165 mae=0.331 r2=0.624 pcc=0.790 | Vl loss=0.1082 mae=0.387 r2=0.602 pcc=0.844 | ES 63/100
  Ep  91/300 | Tr loss=0.1171 mae=0.333 r2=0.621 pcc=0.789 | Vl loss=0.1034 mae=0.376 r2=0.618 pcc=0.843 | ES 64/100
2026-05-16 10:55:39,678 | INFO |   Ep  91/300 | Tr loss=0.1171 mae=0.333 r2=0.621 pcc=0.789 | Vl loss=0.1034 mae=0.376 r2=0.618 pcc=0.843 | ES 64/100
  Ep  92/300 | Tr loss=0.1162 mae=0.330 r2=0.623 pcc=0.790 | Vl loss=0.1148 mae=0.381 r2=0.566 pcc=0.826 | ES 65/100
2026-05-16 10:56:03,837 | INFO |   Ep  92/300 | Tr loss=0.1162 mae=0.330 r2=0.623 pcc=0.790 | Vl loss=0.1148 mae=0.381 r2=0.566 pcc=0.826 | ES 65/100
  Ep  93/300 | Tr loss=0.1200 mae=0.336 r2=0.614 pcc=0.784 | Vl loss=0.1185 mae=0.385 r2=0.556 pcc=0.837 | ES 66/100
2026-05-16 10:56:28,070 | INFO |   Ep  93/300 | Tr loss=0.1200 mae=0.336 r2=0.614 pcc=0.784 | Vl loss=0.1185 mae=0.385 r2=0.556 pcc=0.837 | ES 66/100
  Ep  94/300 | Tr loss=0.1206 mae=0.338 r2=0.608 pcc=0.781 | Vl loss=0.1140 mae=0.405 r2=0.579 pcc=0.824 | ES 67/100
2026-05-16 10:56:52,090 | INFO |   Ep  94/300 | Tr loss=0.1206 mae=0.338 r2=0.608 pcc=0.781 | Vl loss=0.1140 mae=0.405 r2=0.579 pcc=0.824 | ES 67/100
  Ep  95/300 | Tr loss=0.1197 mae=0.336 r2=0.615 pcc=0.785 | Vl loss=0.1150 mae=0.408 r2=0.576 pcc=0.819 | ES 68/100
2026-05-16 10:57:16,129 | INFO |   Ep  95/300 | Tr loss=0.1197 mae=0.336 r2=0.615 pcc=0.785 | Vl loss=0.1150 mae=0.408 r2=0.576 pcc=0.819 | ES 68/100
  Ep  96/300 | Tr loss=0.1218 mae=0.340 r2=0.607 pcc=0.780 | Vl loss=0.1319 mae=0.438 r2=0.513 pcc=0.811 | ES 69/100
2026-05-16 10:57:40,734 | INFO |   Ep  96/300 | Tr loss=0.1218 mae=0.340 r2=0.607 pcc=0.780 | Vl loss=0.1319 mae=0.438 r2=0.513 pcc=0.811 | ES 69/100
  Ep  97/300 | Tr loss=0.1167 mae=0.332 r2=0.624 pcc=0.791 | Vl loss=0.1115 mae=0.393 r2=0.586 pcc=0.816 | ES 70/100
2026-05-16 10:58:05,135 | INFO |   Ep  97/300 | Tr loss=0.1167 mae=0.332 r2=0.624 pcc=0.791 | Vl loss=0.1115 mae=0.393 r2=0.586 pcc=0.816 | ES 70/100
  Ep  98/300 | Tr loss=0.1200 mae=0.335 r2=0.613 pcc=0.784 | Vl loss=0.1164 mae=0.398 r2=0.567 pcc=0.802 | ES 71/100
2026-05-16 10:58:29,601 | INFO |   Ep  98/300 | Tr loss=0.1200 mae=0.335 r2=0.613 pcc=0.784 | Vl loss=0.1164 mae=0.398 r2=0.567 pcc=0.802 | ES 71/100
  Ep  99/300 | Tr loss=0.1189 mae=0.335 r2=0.616 pcc=0.785 | Vl loss=0.1210 mae=0.416 r2=0.556 pcc=0.802 | ES 72/100
2026-05-16 10:58:54,049 | INFO |   Ep  99/300 | Tr loss=0.1189 mae=0.335 r2=0.616 pcc=0.785 | Vl loss=0.1210 mae=0.416 r2=0.556 pcc=0.802 | ES 72/100
  Ep 100/300 | Tr loss=0.1177 mae=0.331 r2=0.619 pcc=0.788 | Vl loss=0.1185 mae=0.408 r2=0.562 pcc=0.805 | ES 73/100
2026-05-16 10:59:18,439 | INFO |   Ep 100/300 | Tr loss=0.1177 mae=0.331 r2=0.619 pcc=0.788 | Vl loss=0.1185 mae=0.408 r2=0.562 pcc=0.805 | ES 73/100
  Ep 101/300 | Tr loss=0.1162 mae=0.327 r2=0.629 pcc=0.793 | Vl loss=0.1157 mae=0.389 r2=0.570 pcc=0.809 | ES 74/100
2026-05-16 10:59:42,787 | INFO |   Ep 101/300 | Tr loss=0.1162 mae=0.327 r2=0.629 pcc=0.793 | Vl loss=0.1157 mae=0.389 r2=0.570 pcc=0.809 | ES 74/100
  Ep 102/300 | Tr loss=0.1175 mae=0.333 r2=0.623 pcc=0.790 | Vl loss=0.0948 mae=0.354 r2=0.648 pcc=0.836 | ES 75/100
2026-05-16 11:00:07,176 | INFO |   Ep 102/300 | Tr loss=0.1175 mae=0.333 r2=0.623 pcc=0.790 | Vl loss=0.0948 mae=0.354 r2=0.648 pcc=0.836 | ES 75/100
  Ep 103/300 | Tr loss=0.1153 mae=0.328 r2=0.632 pcc=0.796 | Vl loss=0.1113 mae=0.389 r2=0.588 pcc=0.824 | ES 76/100
2026-05-16 11:00:31,579 | INFO |   Ep 103/300 | Tr loss=0.1153 mae=0.328 r2=0.632 pcc=0.796 | Vl loss=0.1113 mae=0.389 r2=0.588 pcc=0.824 | ES 76/100
  Ep 104/300 | Tr loss=0.1196 mae=0.334 r2=0.615 pcc=0.785 | Vl loss=0.1187 mae=0.413 r2=0.564 pcc=0.828 | ES 77/100
2026-05-16 11:00:56,022 | INFO |   Ep 104/300 | Tr loss=0.1196 mae=0.334 r2=0.615 pcc=0.785 | Vl loss=0.1187 mae=0.413 r2=0.564 pcc=0.828 | ES 77/100
  Ep 105/300 | Tr loss=0.1187 mae=0.333 r2=0.616 pcc=0.786 | Vl loss=0.1236 mae=0.421 r2=0.547 pcc=0.813 | ES 78/100
2026-05-16 11:01:20,276 | INFO |   Ep 105/300 | Tr loss=0.1187 mae=0.333 r2=0.616 pcc=0.786 | Vl loss=0.1236 mae=0.421 r2=0.547 pcc=0.813 | ES 78/100
  Ep 106/300 | Tr loss=0.1180 mae=0.333 r2=0.620 pcc=0.788 | Vl loss=0.1230 mae=0.428 r2=0.548 pcc=0.811 | ES 79/100
2026-05-16 11:01:44,614 | INFO |   Ep 106/300 | Tr loss=0.1180 mae=0.333 r2=0.620 pcc=0.788 | Vl loss=0.1230 mae=0.428 r2=0.548 pcc=0.811 | ES 79/100
  Ep 107/300 | Tr loss=0.1172 mae=0.332 r2=0.623 pcc=0.790 | Vl loss=0.1249 mae=0.430 r2=0.542 pcc=0.819 | ES 80/100
2026-05-16 11:02:08,659 | INFO |   Ep 107/300 | Tr loss=0.1172 mae=0.332 r2=0.623 pcc=0.790 | Vl loss=0.1249 mae=0.430 r2=0.542 pcc=0.819 | ES 80/100
  Ep 108/300 | Tr loss=0.1176 mae=0.329 r2=0.622 pcc=0.790 | Vl loss=0.1038 mae=0.382 r2=0.616 pcc=0.838 | ES 81/100
2026-05-16 11:02:32,955 | INFO |   Ep 108/300 | Tr loss=0.1176 mae=0.329 r2=0.622 pcc=0.790 | Vl loss=0.1038 mae=0.382 r2=0.616 pcc=0.838 | ES 81/100
  Ep 109/300 | Tr loss=0.1150 mae=0.327 r2=0.630 pcc=0.794 | Vl loss=0.1223 mae=0.409 r2=0.545 pcc=0.817 | ES 82/100
2026-05-16 11:02:57,093 | INFO |   Ep 109/300 | Tr loss=0.1150 mae=0.327 r2=0.630 pcc=0.794 | Vl loss=0.1223 mae=0.409 r2=0.545 pcc=0.817 | ES 82/100
  Ep 110/300 | Tr loss=0.1141 mae=0.324 r2=0.635 pcc=0.798 | Vl loss=0.1011 mae=0.376 r2=0.626 pcc=0.836 | ES 83/100
2026-05-16 11:03:21,334 | INFO |   Ep 110/300 | Tr loss=0.1141 mae=0.324 r2=0.635 pcc=0.798 | Vl loss=0.1011 mae=0.376 r2=0.626 pcc=0.836 | ES 83/100
  Ep 111/300 | Tr loss=0.1153 mae=0.327 r2=0.628 pcc=0.793 | Vl loss=0.1253 mae=0.430 r2=0.539 pcc=0.804 | ES 84/100
2026-05-16 11:03:45,447 | INFO |   Ep 111/300 | Tr loss=0.1153 mae=0.327 r2=0.628 pcc=0.793 | Vl loss=0.1253 mae=0.430 r2=0.539 pcc=0.804 | ES 84/100
  Ep 112/300 | Tr loss=0.1139 mae=0.323 r2=0.633 pcc=0.796 | Vl loss=0.1306 mae=0.418 r2=0.514 pcc=0.817 | ES 85/100
2026-05-16 11:04:09,574 | INFO |   Ep 112/300 | Tr loss=0.1139 mae=0.323 r2=0.633 pcc=0.796 | Vl loss=0.1306 mae=0.418 r2=0.514 pcc=0.817 | ES 85/100
  Ep 113/300 | Tr loss=0.1143 mae=0.325 r2=0.632 pcc=0.796 | Vl loss=0.1119 mae=0.397 r2=0.588 pcc=0.835 | ES 86/100
2026-05-16 11:04:33,757 | INFO |   Ep 113/300 | Tr loss=0.1143 mae=0.325 r2=0.632 pcc=0.796 | Vl loss=0.1119 mae=0.397 r2=0.588 pcc=0.835 | ES 86/100
  Ep 114/300 | Tr loss=0.1144 mae=0.327 r2=0.633 pcc=0.796 | Vl loss=0.1217 mae=0.406 r2=0.548 pcc=0.833 | ES 87/100
2026-05-16 11:04:58,186 | INFO |   Ep 114/300 | Tr loss=0.1144 mae=0.327 r2=0.633 pcc=0.796 | Vl loss=0.1217 mae=0.406 r2=0.548 pcc=0.833 | ES 87/100
  Ep 115/300 | Tr loss=0.1152 mae=0.327 r2=0.631 pcc=0.795 | Vl loss=0.1022 mae=0.377 r2=0.621 pcc=0.836 | ES 88/100
2026-05-16 11:05:22,736 | INFO |   Ep 115/300 | Tr loss=0.1152 mae=0.327 r2=0.631 pcc=0.795 | Vl loss=0.1022 mae=0.377 r2=0.621 pcc=0.836 | ES 88/100
  Ep 116/300 | Tr loss=0.1121 mae=0.320 r2=0.636 pcc=0.798 | Vl loss=0.0954 mae=0.346 r2=0.641 pcc=0.837 | ES 89/100
2026-05-16 11:05:47,194 | INFO |   Ep 116/300 | Tr loss=0.1121 mae=0.320 r2=0.636 pcc=0.798 | Vl loss=0.0954 mae=0.346 r2=0.641 pcc=0.837 | ES 89/100
  Ep 117/300 | Tr loss=0.1134 mae=0.325 r2=0.637 pcc=0.799 | Vl loss=0.0937 mae=0.348 r2=0.647 pcc=0.835 | ES 90/100
2026-05-16 11:06:11,495 | INFO |   Ep 117/300 | Tr loss=0.1134 mae=0.325 r2=0.637 pcc=0.799 | Vl loss=0.0937 mae=0.348 r2=0.647 pcc=0.835 | ES 90/100
  Ep 118/300 | Tr loss=0.1152 mae=0.329 r2=0.630 pcc=0.795 | Vl loss=0.0911 mae=0.346 r2=0.659 pcc=0.839 | ES 91/100
2026-05-16 11:06:36,180 | INFO |   Ep 118/300 | Tr loss=0.1152 mae=0.329 r2=0.630 pcc=0.795 | Vl loss=0.0911 mae=0.346 r2=0.659 pcc=0.839 | ES 91/100
  Ep 119/300 | Tr loss=0.1132 mae=0.326 r2=0.636 pcc=0.798 | Vl loss=0.1030 mae=0.374 r2=0.613 pcc=0.828 | ES 92/100
2026-05-16 11:07:00,525 | INFO |   Ep 119/300 | Tr loss=0.1132 mae=0.326 r2=0.636 pcc=0.798 | Vl loss=0.1030 mae=0.374 r2=0.613 pcc=0.828 | ES 92/100
  Ep 120/300 | Tr loss=0.1170 mae=0.331 r2=0.622 pcc=0.789 | Vl loss=0.0952 mae=0.355 r2=0.644 pcc=0.831 | ES 93/100
2026-05-16 11:07:24,696 | INFO |   Ep 120/300 | Tr loss=0.1170 mae=0.331 r2=0.622 pcc=0.789 | Vl loss=0.0952 mae=0.355 r2=0.644 pcc=0.831 | ES 93/100
  Ep 121/300 | Tr loss=0.1129 mae=0.325 r2=0.635 pcc=0.798 | Vl loss=0.0946 mae=0.359 r2=0.649 pcc=0.839 | ES 94/100
2026-05-16 11:07:48,769 | INFO |   Ep 121/300 | Tr loss=0.1129 mae=0.325 r2=0.635 pcc=0.798 | Vl loss=0.0946 mae=0.359 r2=0.649 pcc=0.839 | ES 94/100
  Ep 122/300 | Tr loss=0.1131 mae=0.327 r2=0.636 pcc=0.798 | Vl loss=0.0924 mae=0.350 r2=0.659 pcc=0.843 | ES 95/100
2026-05-16 11:08:13,196 | INFO |   Ep 122/300 | Tr loss=0.1131 mae=0.327 r2=0.636 pcc=0.798 | Vl loss=0.0924 mae=0.350 r2=0.659 pcc=0.843 | ES 95/100
  Ep 123/300 | Tr loss=0.1130 mae=0.325 r2=0.637 pcc=0.798 | Vl loss=0.1016 mae=0.373 r2=0.621 pcc=0.826 | ES 96/100
2026-05-16 11:08:37,438 | INFO |   Ep 123/300 | Tr loss=0.1130 mae=0.325 r2=0.637 pcc=0.798 | Vl loss=0.1016 mae=0.373 r2=0.621 pcc=0.826 | ES 96/100
  Ep 124/300 | Tr loss=0.1138 mae=0.323 r2=0.634 pcc=0.797 | Vl loss=0.1048 mae=0.376 r2=0.610 pcc=0.823 | ES 97/100
2026-05-16 11:09:01,534 | INFO |   Ep 124/300 | Tr loss=0.1138 mae=0.323 r2=0.634 pcc=0.797 | Vl loss=0.1048 mae=0.376 r2=0.610 pcc=0.823 | ES 97/100
  Ep 125/300 | Tr loss=0.1145 mae=0.328 r2=0.631 pcc=0.795 | Vl loss=0.1169 mae=0.407 r2=0.568 pcc=0.810 | ES 98/100
2026-05-16 11:09:26,047 | INFO |   Ep 125/300 | Tr loss=0.1145 mae=0.328 r2=0.631 pcc=0.795 | Vl loss=0.1169 mae=0.407 r2=0.568 pcc=0.810 | ES 98/100
  Ep 126/300 | Tr loss=0.1123 mae=0.324 r2=0.636 pcc=0.798 | Vl loss=0.1108 mae=0.383 r2=0.591 pcc=0.804 | ES 99/100
2026-05-16 11:09:50,207 | INFO |   Ep 126/300 | Tr loss=0.1123 mae=0.324 r2=0.636 pcc=0.798 | Vl loss=0.1108 mae=0.383 r2=0.591 pcc=0.804 | ES 99/100
  Ep 127/300 | Tr loss=0.1151 mae=0.329 r2=0.630 pcc=0.795 | Vl loss=0.1019 mae=0.374 r2=0.622 pcc=0.836 | ES 100/100
2026-05-16 11:10:14,617 | INFO |   Ep 127/300 | Tr loss=0.1151 mae=0.329 r2=0.630 pcc=0.795 | Vl loss=0.1019 mae=0.374 r2=0.622 pcc=0.836 | ES 100/100

  ⏹  Early stopping at epoch 127 (best=27)
2026-05-16 11:10:14,618 | INFO | Early stopping at epoch 127  best=27

✓ Training complete!

  ── Final Test Results (best epoch = 27) ──────────────────
  Loss : 0.2211
  RMSE : 0.6995
  MAE  : 0.5184
  R²   : 0.1877
  PCC  : 0.6055
  ✓ Saved → /mvdlph/masa/GCN_EarlyFusion_MultiView_Results/run_2026_05_16_10_18_28/plots/loss_curve.png
  ✓ Saved → /mvdlph/masa/GCN_EarlyFusion_MultiView_Results/run_2026_05_16_10_18_28/plots/rmse_mae.png
  ✓ Saved → /mvdlph/masa/GCN_EarlyFusion_MultiView_Results/run_2026_05_16_10_18_28/plots/r2_curve.png
  ✓ Saved → /mvdlph/masa/GCN_EarlyFusion_MultiView_Results/run_2026_05_16_10_18_28/plots/pcc_curve.png
  ✓ Saved → /mvdlph/masa/GCN_EarlyFusion_MultiView_Results/run_2026_05_16_10_18_28/plots/regression_scatter_test_earlyfusion.png
  ✓ Saved → /mvdlph/masa/GCN_EarlyFusion_MultiView_Results/run_2026_05_16_10_18_28/plots/early_stopping.png
  ✓ History → /mvdlph/masa/GCN_EarlyFusion_MultiView_Results/run_2026_05_16_10_18_28/logs/training_history.json
  ✓ Predictions NPZ saved
============================================================
DIAGNOSTIC 1: Per-exercise skeleton variance (C0)
============================================================
  Exercise      X-var      Y-var      Z-var  Z/X ratio
-------------------------------------------------------
        E0     0.0423     0.0105     0.0711      1.680
        E1     0.0528     0.0103     0.0734      1.391
        E2     0.0445     0.0103     0.0731      1.643
        E3     0.0475     0.0104     0.0723      1.521
        E4     0.0543     0.0102     0.0739      1.360
        E5     0.0496     0.0104     0.0723      1.457
        E6     0.0447     0.0106     0.0714      1.596
        E7     0.0486     0.0104     0.0722      1.485
        E8     0.0541     0.0104     0.0735      1.358
        E9     0.0451     0.0101     0.0771      1.710

============================================================
DIAGNOSTIC 2: Quality score distribution per split
============================================================
 Train: mean=4.111 std=0.816 min=1.34 max=5.00 | correct=1889 erroneous=1113
   Val: mean=4.219 std=0.751 min=2.28 max=5.00 | correct=583 erroneous=283
  Test: mean=4.035 std=0.777 min=2.14 max=5.00 | correct=665 erroneous=357
========================================================================
  Exercise         n      MAE     RMSE       R²      PCC
────────────────────────────────────────────────────────────────────────
  E0             152   0.3757   0.4812   0.6240   0.8290
  E1             107   0.5186   0.6245   0.4319   0.8230
  E2              86   0.6842   0.9400  -0.2725   0.8508
  E3             106   0.8302   0.9097  -0.8202   0.3293
  E4              92   0.7234   0.8310  -0.2074   0.8063
  E5             106   0.4124   0.5451   0.0562   0.7204
  E6             104   0.4317   0.6266   0.0841   0.8318
  E7             106   0.4731   0.5988  -0.2510   0.3585
  E8             104   0.5201   0.8872  -0.2243   0.8320
  E9              59   0.1863   0.2510  -0.8747  -0.0452
────────────────────────────────────────────────────────────────────────
  Overall       1022   0.5184   0.6995   0.1877   0.6055
========================================================================

  ✓ Per-exercise CSV → /mvdlph/masa/GCN_EarlyFusion_MultiView_Results/run_2026_05_16_10_18_28/logs/per_exercise_metrics.csv
  ✓ Per-exercise scatter grid → /mvdlph/masa/GCN_EarlyFusion_MultiView_Results/run_2026_05_16_10_18_28/plots/per_exercise_scatter.png
  ✓ Per-exercise bar chart → /mvdlph/masa/GCN_EarlyFusion_MultiView_Results/run_2026_05_16_10_18_28/plots/per_exercise_bar.png
  ✓ Per-exercise metrics NPZ saved
============================================================
  TRAINING SUMMARY — Early Fusion Multi-View ST-GCN
============================================================
  Mode             : Early Fusion (C0 + C1 + C2, in_features=18)
  Best Epoch       : 27  (stopped at 127)
  Best Val MAE     : 0.3058
  Best Val RMSE    : 0.4685
  Best Val R²      : 0.6101
  Best Val PCC     : 0.8022
────────────────────────────────────────────────────────────
  Test MAE         : 0.5184
  Test RMSE        : 0.6995
  Test R²          : 0.1877
  Test PCC         : 0.6055
============================================================
2026-05-16 11:10:28,198 | INFO | [EarlyFusion] Best Epoch=27  stopped=127
2026-05-16 11:10:28,199 | INFO | [EarlyFusion] Test MAE=0.5184
2026-05-16 11:10:28,199 | INFO | [EarlyFusion] Test RMSE=0.6995
2026-05-16 11:10:28,200 | INFO | [EarlyFusion] Test R²=0.1877
2026-05-16 11:10:28,200 | INFO | [EarlyFusion] Test PCC=0.6055

✓ Summary CSV → /mvdlph/masa/GCN_EarlyFusion_MultiView_Results/training_summary.csv
