✓ stdout → also writing to /mvdlph/masa/GCN_SingleView_Regression_Results/logs/training_20260429_152701.log
2026-04-29 15:27:01,967 | INFO | ======================================================================
2026-04-29 15:27:01,967 | INFO | ST-GCN Single-View Regression | BZU Physiotherapy Dataset
2026-04-29 15:27:01,967 | INFO | Camera : C1  |  Split : 70/15/15  |  Epochs : 200  |  Patience : 30
2026-04-29 15:27:01,967 | INFO | Log file : /mvdlph/masa/GCN_SingleView_Regression_Results/logs/training_20260429_152701.log
2026-04-29 15:27:01,968 | INFO | ======================================================================
✓ parse_filename and load_skeleton defined
NPZ files found (all cameras) : 15375

✓ Total samples  (C1) : 5102
✓ Unique trials              : 61
✓ Quality mean ± std         : 4.118 ± 0.797

✓ Exercise distribution:
0    588
1    539
2    445
3    545
4    533
5    516
6    529
7    532
8    430
9    445
Name: exercise, dtype: int64
Checking for corrupted files...
  Removing 1 corrupted files from index
    BAD: /mvdlph/Dataset_CVDLPT_Videos_Segments_P0P15_MMPose_human3d_motionbert_H36M_3D_1_2026/E4_P12_T3_C1_seg5_MMPose_human3d_motionbert_3D.npz
  Clean samples remaining: 5101

── Sample rows ──
    exercise person trial_id  segment  quality
0          0     P0       T0        0   4.3667
1          0     P0       T0        1   4.3667
2          0     P0       T0        2   4.3667
3          0     P0       T0        3   4.3667
4          0     P0       T0        4   4.3667
5          0     P0       T0        5   4.3667
6          0     P0       T0        6   4.3667
7          0     P0       T0        7   4.3667
8          0     P0       T0        8   4.3667
9          0     P0       T0        9   4.3667
10         0     P0       T1        0   4.2600
11         0     P0       T1        1   4.2600
12         0     P0       T1        2   4.2600
13         0     P0       T1        3   4.2600
14         0     P0       T1        4   4.2600
1    5101
Name: camera, dtype: int64

Total samples: 5101
✓ Skeleton visualisation helpers defined
person                                                     P0
exercise                                                    0
trial_id                                                   T1
segment                                                     0
filepath    /mvdlph/Dataset_CVDLPT_Videos_Segments_P0P15_M...
Name: 10, dtype: object
Skeleton shape : (78, 17, 3)
X range : [-0.369, 0.592]
Y range : [-0.193, 0.198]
Z range : [0.000, 0.994]
  ✓ Skeleton plot saved → /mvdlph/masa/GCN_SingleView_Regression_Results/plots/sample_skeleton_3views.png
  ✓ Motion frames saved → /mvdlph/masa/GCN_SingleView_Regression_Results/plots/sample_skeleton_motion.png
✓ BZUDataset defined (regression only)
✓ ST-GCN regression model defined
Device : cuda
GPU    : Tesla V100-PCIE-32GB
✓ centre_and_scale and run_epoch (regression) defined
Correct trials:   36 → train=26, val=5, test=5
Erroneous trials: 25 → train=19, val=3, test=3
  Train: 3777 samples | Val: 686 | Test: 638

✓ Train / Val / Test split ready
✓ Plotting helpers (regression) defined
✓ EarlyStopping defined (monitoring MAE)
2026-04-29 15:27:13,324 | INFO | ======================================================================
2026-04-29 15:27:13,324 | INFO | STARTING REGRESSION TRAINING  (with Early Stopping on MAE)
2026-04-29 15:27:13,324 | INFO | ======================================================================
2026-04-29 15:27:13,324 | INFO | train=3777 val=686 test=638

════════════════════════════════════════════════════════════════════
  Camera C1  |  Train: 3777  Val: 686  Test: 638
  Patience: 30  |  LR: 0.0003  |  Batch: 48
════════════════════════════════════════════════════════════════════
  Ep   1/200 | Tr loss=0.4028 mae=0.736 r2=-0.531 | Vl loss=0.1780 mae=0.475 r2=0.364 | Te loss=0.2177 mae=0.528 r2=-0.152 | ES 0/30 ★
2026-04-29 15:27:28,144 | INFO |   Ep   1/200 | Tr loss=0.4028 mae=0.736 r2=-0.531 | Vl loss=0.1780 mae=0.475 r2=0.364 | Te loss=0.2177 mae=0.528 r2=-0.152 | ES 0/30 ★
    ★ val_mae=0.4751  rmse=0.6170  r2=0.3636
  Ep   2/200 | Tr loss=0.2553 mae=0.572 r2=0.161 | Vl loss=0.1269 mae=0.411 r2=0.567 | Te loss=0.2260 mae=0.535 r2=-0.207 | ES 0/30 ★
2026-04-29 15:27:41,820 | INFO |   Ep   2/200 | Tr loss=0.2553 mae=0.572 r2=0.161 | Vl loss=0.1269 mae=0.411 r2=0.567 | Te loss=0.2260 mae=0.535 r2=-0.207 | ES 0/30 ★
    ★ val_mae=0.4111  rmse=0.5087  r2=0.5674
  Ep   3/200 | Tr loss=0.2237 mae=0.532 r2=0.285 | Vl loss=0.1329 mae=0.422 r2=0.543 | Te loss=0.1955 mae=0.492 r2=-0.007 | ES 1/30
2026-04-29 15:27:55,442 | INFO |   Ep   3/200 | Tr loss=0.2237 mae=0.532 r2=0.285 | Vl loss=0.1329 mae=0.422 r2=0.543 | Te loss=0.1955 mae=0.492 r2=-0.007 | ES 1/30
  Ep   4/200 | Tr loss=0.2226 mae=0.531 r2=0.295 | Vl loss=0.1319 mae=0.421 r2=0.548 | Te loss=0.2003 mae=0.494 r2=-0.040 | ES 2/30
2026-04-29 15:28:09,203 | INFO |   Ep   4/200 | Tr loss=0.2226 mae=0.531 r2=0.295 | Vl loss=0.1319 mae=0.421 r2=0.548 | Te loss=0.2003 mae=0.494 r2=-0.040 | ES 2/30
  Ep   5/200 | Tr loss=0.2093 mae=0.513 r2=0.340 | Vl loss=0.1281 mae=0.414 r2=0.564 | Te loss=0.2179 mae=0.518 r2=-0.156 | ES 3/30
2026-04-29 15:28:22,859 | INFO |   Ep   5/200 | Tr loss=0.2093 mae=0.513 r2=0.340 | Vl loss=0.1281 mae=0.414 r2=0.564 | Te loss=0.2179 mae=0.518 r2=-0.156 | ES 3/30
  Ep   6/200 | Tr loss=0.2105 mae=0.511 r2=0.333 | Vl loss=0.1310 mae=0.419 r2=0.551 | Te loss=0.2011 mae=0.497 r2=-0.044 | ES 4/30
2026-04-29 15:28:36,570 | INFO |   Ep   6/200 | Tr loss=0.2105 mae=0.511 r2=0.333 | Vl loss=0.1310 mae=0.419 r2=0.551 | Te loss=0.2011 mae=0.497 r2=-0.044 | ES 4/30
  Ep   7/200 | Tr loss=0.2034 mae=0.499 r2=0.361 | Vl loss=0.1268 mae=0.411 r2=0.567 | Te loss=0.2163 mae=0.522 r2=-0.140 | ES 5/30
2026-04-29 15:28:50,292 | INFO |   Ep   7/200 | Tr loss=0.2034 mae=0.499 r2=0.361 | Vl loss=0.1268 mae=0.411 r2=0.567 | Te loss=0.2163 mae=0.522 r2=-0.140 | ES 5/30
  Ep   8/200 | Tr loss=0.2037 mae=0.499 r2=0.358 | Vl loss=0.1274 mae=0.413 r2=0.565 | Te loss=0.2141 mae=0.519 r2=-0.126 | ES 6/30
2026-04-29 15:29:03,869 | INFO |   Ep   8/200 | Tr loss=0.2037 mae=0.499 r2=0.358 | Vl loss=0.1274 mae=0.413 r2=0.565 | Te loss=0.2141 mae=0.519 r2=-0.126 | ES 6/30
  Ep   9/200 | Tr loss=0.2010 mae=0.498 r2=0.366 | Vl loss=0.3982 mae=0.736 r2=-0.782 | Te loss=0.3916 mae=0.754 r2=-1.386 | ES 7/30
2026-04-29 15:29:17,618 | INFO |   Ep   9/200 | Tr loss=0.2010 mae=0.498 r2=0.366 | Vl loss=0.3982 mae=0.736 r2=-0.782 | Te loss=0.3916 mae=0.754 r2=-1.386 | ES 7/30
  Ep  10/200 | Tr loss=0.2024 mae=0.499 r2=0.362 | Vl loss=0.1266 mae=0.410 r2=0.566 | Te loss=0.2044 mae=0.503 r2=-0.070 | ES 0/30 ★
2026-04-29 15:29:31,592 | INFO |   Ep  10/200 | Tr loss=0.2024 mae=0.499 r2=0.362 | Vl loss=0.1266 mae=0.410 r2=0.566 | Te loss=0.2044 mae=0.503 r2=-0.070 | ES 0/30 ★
    ★ val_mae=0.4099  rmse=0.5093  r2=0.5663
  Ep  11/200 | Tr loss=0.1948 mae=0.484 r2=0.386 | Vl loss=0.0912 mae=0.327 r2=0.675 | Te loss=0.1442 mae=0.411 r2=0.225 | ES 0/30 ★
2026-04-29 15:29:45,471 | INFO |   Ep  11/200 | Tr loss=0.1948 mae=0.484 r2=0.386 | Vl loss=0.0912 mae=0.327 r2=0.675 | Te loss=0.1442 mae=0.411 r2=0.225 | ES 0/30 ★
    ★ val_mae=0.3271  rmse=0.4407  r2=0.6752
  Ep  12/200 | Tr loss=0.1923 mae=0.482 r2=0.397 | Vl loss=0.0933 mae=0.336 r2=0.666 | Te loss=0.1298 mae=0.395 r2=0.297 | ES 1/30
2026-04-29 15:29:59,099 | INFO |   Ep  12/200 | Tr loss=0.1923 mae=0.482 r2=0.397 | Vl loss=0.0933 mae=0.336 r2=0.666 | Te loss=0.1298 mae=0.395 r2=0.297 | ES 1/30
  Ep  13/200 | Tr loss=0.1895 mae=0.472 r2=0.405 | Vl loss=0.0877 mae=0.327 r2=0.687 | Te loss=0.1417 mae=0.415 r2=0.226 | ES 0/30 ★
2026-04-29 15:30:12,799 | INFO |   Ep  13/200 | Tr loss=0.1895 mae=0.472 r2=0.405 | Vl loss=0.0877 mae=0.327 r2=0.687 | Te loss=0.1417 mae=0.415 r2=0.226 | ES 0/30 ★
    ★ val_mae=0.3265  rmse=0.4324  r2=0.6874
  Ep  14/200 | Tr loss=0.1884 mae=0.473 r2=0.408 | Vl loss=0.0935 mae=0.347 r2=0.667 | Te loss=0.1385 mae=0.413 r2=0.235 | ES 1/30
2026-04-29 15:30:26,489 | INFO |   Ep  14/200 | Tr loss=0.1884 mae=0.473 r2=0.408 | Vl loss=0.0935 mae=0.347 r2=0.667 | Te loss=0.1385 mae=0.413 r2=0.235 | ES 1/30
  Ep  15/200 | Tr loss=0.1839 mae=0.463 r2=0.423 | Vl loss=0.0919 mae=0.341 r2=0.672 | Te loss=0.1388 mae=0.413 r2=0.234 | ES 2/30
2026-04-29 15:30:40,200 | INFO |   Ep  15/200 | Tr loss=0.1839 mae=0.463 r2=0.423 | Vl loss=0.0919 mae=0.341 r2=0.672 | Te loss=0.1388 mae=0.413 r2=0.234 | ES 2/30
  Ep  16/200 | Tr loss=0.1836 mae=0.464 r2=0.423 | Vl loss=0.0902 mae=0.338 r2=0.679 | Te loss=0.1427 mae=0.419 r2=0.210 | ES 3/30
2026-04-29 15:30:53,808 | INFO |   Ep  16/200 | Tr loss=0.1836 mae=0.464 r2=0.423 | Vl loss=0.0902 mae=0.338 r2=0.679 | Te loss=0.1427 mae=0.419 r2=0.210 | ES 3/30
  Ep  17/200 | Tr loss=0.1845 mae=0.466 r2=0.420 | Vl loss=0.0861 mae=0.320 r2=0.695 | Te loss=0.1524 mae=0.426 r2=0.170 | ES 0/30 ★
2026-04-29 15:31:07,416 | INFO |   Ep  17/200 | Tr loss=0.1845 mae=0.466 r2=0.420 | Vl loss=0.0861 mae=0.320 r2=0.695 | Te loss=0.1524 mae=0.426 r2=0.170 | ES 0/30 ★
    ★ val_mae=0.3197  rmse=0.4272  r2=0.6949
  Ep  18/200 | Tr loss=0.1848 mae=0.466 r2=0.421 | Vl loss=0.0865 mae=0.320 r2=0.694 | Te loss=0.1529 mae=0.424 r2=0.167 | ES 1/30
2026-04-29 15:31:21,108 | INFO |   Ep  18/200 | Tr loss=0.1848 mae=0.466 r2=0.421 | Vl loss=0.0865 mae=0.320 r2=0.694 | Te loss=0.1529 mae=0.424 r2=0.167 | ES 1/30
  Ep  19/200 | Tr loss=0.1831 mae=0.465 r2=0.427 | Vl loss=0.0889 mae=0.333 r2=0.684 | Te loss=0.1431 mae=0.419 r2=0.210 | ES 2/30
2026-04-29 15:31:34,814 | INFO |   Ep  19/200 | Tr loss=0.1831 mae=0.465 r2=0.427 | Vl loss=0.0889 mae=0.333 r2=0.684 | Te loss=0.1431 mae=0.419 r2=0.210 | ES 2/30
  Ep  20/200 | Tr loss=0.1792 mae=0.457 r2=0.437 | Vl loss=0.0912 mae=0.340 r2=0.675 | Te loss=0.1410 mae=0.416 r2=0.221 | ES 3/30
2026-04-29 15:31:48,490 | INFO |   Ep  20/200 | Tr loss=0.1792 mae=0.457 r2=0.437 | Vl loss=0.0912 mae=0.340 r2=0.675 | Te loss=0.1410 mae=0.416 r2=0.221 | ES 3/30
  Ep  21/200 | Tr loss=0.1825 mae=0.461 r2=0.427 | Vl loss=0.0946 mae=0.357 r2=0.665 | Te loss=0.1478 mae=0.428 r2=0.174 | ES 4/30
2026-04-29 15:32:02,161 | INFO |   Ep  21/200 | Tr loss=0.1825 mae=0.461 r2=0.427 | Vl loss=0.0946 mae=0.357 r2=0.665 | Te loss=0.1478 mae=0.428 r2=0.174 | ES 4/30
  Ep  22/200 | Tr loss=0.1806 mae=0.458 r2=0.434 | Vl loss=0.1008 mae=0.374 r2=0.643 | Te loss=0.1422 mae=0.417 r2=0.208 | ES 5/30
2026-04-29 15:32:15,671 | INFO |   Ep  22/200 | Tr loss=0.1806 mae=0.458 r2=0.434 | Vl loss=0.1008 mae=0.374 r2=0.643 | Te loss=0.1422 mae=0.417 r2=0.208 | ES 5/30
  Ep  23/200 | Tr loss=0.1821 mae=0.463 r2=0.429 | Vl loss=0.0894 mae=0.337 r2=0.682 | Te loss=0.1449 mae=0.422 r2=0.197 | ES 6/30
2026-04-29 15:32:29,211 | INFO |   Ep  23/200 | Tr loss=0.1821 mae=0.463 r2=0.429 | Vl loss=0.0894 mae=0.337 r2=0.682 | Te loss=0.1449 mae=0.422 r2=0.197 | ES 6/30
  Ep  24/200 | Tr loss=0.1781 mae=0.455 r2=0.441 | Vl loss=0.0903 mae=0.339 r2=0.679 | Te loss=0.1422 mae=0.417 r2=0.214 | ES 7/30
2026-04-29 15:32:42,924 | INFO |   Ep  24/200 | Tr loss=0.1781 mae=0.455 r2=0.441 | Vl loss=0.0903 mae=0.339 r2=0.679 | Te loss=0.1422 mae=0.417 r2=0.214 | ES 7/30
  Ep  25/200 | Tr loss=0.1801 mae=0.460 r2=0.435 | Vl loss=0.0951 mae=0.359 r2=0.663 | Te loss=0.1472 mae=0.426 r2=0.178 | ES 8/30
2026-04-29 15:32:56,496 | INFO |   Ep  25/200 | Tr loss=0.1801 mae=0.460 r2=0.435 | Vl loss=0.0951 mae=0.359 r2=0.663 | Te loss=0.1472 mae=0.426 r2=0.178 | ES 8/30
  Ep  26/200 | Tr loss=0.1793 mae=0.457 r2=0.438 | Vl loss=0.0895 mae=0.339 r2=0.682 | Te loss=0.1490 mae=0.429 r2=0.169 | ES 9/30
2026-04-29 15:33:10,075 | INFO |   Ep  26/200 | Tr loss=0.1793 mae=0.457 r2=0.438 | Vl loss=0.0895 mae=0.339 r2=0.682 | Te loss=0.1490 mae=0.429 r2=0.169 | ES 9/30
  Ep  27/200 | Tr loss=0.1798 mae=0.459 r2=0.437 | Vl loss=0.1000 mae=0.374 r2=0.646 | Te loss=0.1465 mae=0.425 r2=0.181 | ES 10/30
2026-04-29 15:33:23,703 | INFO |   Ep  27/200 | Tr loss=0.1798 mae=0.459 r2=0.437 | Vl loss=0.1000 mae=0.374 r2=0.646 | Te loss=0.1465 mae=0.425 r2=0.181 | ES 10/30
  Ep  28/200 | Tr loss=0.1787 mae=0.458 r2=0.440 | Vl loss=0.0967 mae=0.357 r2=0.656 | Te loss=0.1370 mae=0.409 r2=0.242 | ES 11/30
2026-04-29 15:33:37,273 | INFO |   Ep  28/200 | Tr loss=0.1787 mae=0.458 r2=0.440 | Vl loss=0.0967 mae=0.357 r2=0.656 | Te loss=0.1370 mae=0.409 r2=0.242 | ES 11/30
  Ep  29/200 | Tr loss=0.1782 mae=0.455 r2=0.440 | Vl loss=0.0947 mae=0.357 r2=0.664 | Te loss=0.1470 mae=0.426 r2=0.179 | ES 12/30
2026-04-29 15:33:50,818 | INFO |   Ep  29/200 | Tr loss=0.1782 mae=0.455 r2=0.440 | Vl loss=0.0947 mae=0.357 r2=0.664 | Te loss=0.1470 mae=0.426 r2=0.179 | ES 12/30
  Ep  30/200 | Tr loss=0.1796 mae=0.457 r2=0.437 | Vl loss=0.0930 mae=0.352 r2=0.670 | Te loss=0.1462 mae=0.424 r2=0.185 | ES 13/30
2026-04-29 15:34:04,354 | INFO |   Ep  30/200 | Tr loss=0.1796 mae=0.457 r2=0.437 | Vl loss=0.0930 mae=0.352 r2=0.670 | Te loss=0.1462 mae=0.424 r2=0.185 | ES 13/30
  Ep  31/200 | Tr loss=0.1795 mae=0.456 r2=0.436 | Vl loss=0.0947 mae=0.355 r2=0.663 | Te loss=0.1433 mae=0.422 r2=0.204 | ES 14/30
2026-04-29 15:34:17,891 | INFO |   Ep  31/200 | Tr loss=0.1795 mae=0.456 r2=0.436 | Vl loss=0.0947 mae=0.355 r2=0.663 | Te loss=0.1433 mae=0.422 r2=0.204 | ES 14/30
  Ep  32/200 | Tr loss=0.1790 mae=0.458 r2=0.437 | Vl loss=0.0905 mae=0.342 r2=0.678 | Te loss=0.1460 mae=0.425 r2=0.188 | ES 15/30
2026-04-29 15:34:31,438 | INFO |   Ep  32/200 | Tr loss=0.1790 mae=0.458 r2=0.437 | Vl loss=0.0905 mae=0.342 r2=0.678 | Te loss=0.1460 mae=0.425 r2=0.188 | ES 15/30
  Ep  33/200 | Tr loss=0.1772 mae=0.454 r2=0.445 | Vl loss=0.0910 mae=0.343 r2=0.676 | Te loss=0.1446 mae=0.423 r2=0.197 | ES 16/30
2026-04-29 15:34:44,987 | INFO |   Ep  33/200 | Tr loss=0.1772 mae=0.454 r2=0.445 | Vl loss=0.0910 mae=0.343 r2=0.676 | Te loss=0.1446 mae=0.423 r2=0.197 | ES 16/30
  Ep  34/200 | Tr loss=0.1779 mae=0.453 r2=0.442 | Vl loss=0.0905 mae=0.342 r2=0.679 | Te loss=0.1484 mae=0.429 r2=0.173 | ES 17/30
2026-04-29 15:34:58,554 | INFO |   Ep  34/200 | Tr loss=0.1779 mae=0.453 r2=0.442 | Vl loss=0.0905 mae=0.342 r2=0.679 | Te loss=0.1484 mae=0.429 r2=0.173 | ES 17/30
  Ep  35/200 | Tr loss=0.1785 mae=0.456 r2=0.440 | Vl loss=0.1002 mae=0.375 r2=0.645 | Te loss=0.1464 mae=0.425 r2=0.181 | ES 18/30
2026-04-29 15:35:12,058 | INFO |   Ep  35/200 | Tr loss=0.1785 mae=0.456 r2=0.440 | Vl loss=0.1002 mae=0.375 r2=0.645 | Te loss=0.1464 mae=0.425 r2=0.181 | ES 18/30
  Ep  36/200 | Tr loss=0.1774 mae=0.453 r2=0.443 | Vl loss=0.0895 mae=0.336 r2=0.681 | Te loss=0.1428 mae=0.419 r2=0.210 | ES 19/30
2026-04-29 15:35:25,693 | INFO |   Ep  36/200 | Tr loss=0.1774 mae=0.453 r2=0.443 | Vl loss=0.0895 mae=0.336 r2=0.681 | Te loss=0.1428 mae=0.419 r2=0.210 | ES 19/30
  Ep  37/200 | Tr loss=0.1769 mae=0.452 r2=0.445 | Vl loss=0.0902 mae=0.336 r2=0.678 | Te loss=0.1397 mae=0.415 r2=0.232 | ES 20/30
2026-04-29 15:35:39,396 | INFO |   Ep  37/200 | Tr loss=0.1769 mae=0.452 r2=0.445 | Vl loss=0.0902 mae=0.336 r2=0.678 | Te loss=0.1397 mae=0.415 r2=0.232 | ES 20/30
  Ep  38/200 | Tr loss=0.1783 mae=0.455 r2=0.441 | Vl loss=0.0900 mae=0.339 r2=0.680 | Te loss=0.1443 mae=0.422 r2=0.200 | ES 21/30
2026-04-29 15:35:53,081 | INFO |   Ep  38/200 | Tr loss=0.1783 mae=0.455 r2=0.441 | Vl loss=0.0900 mae=0.339 r2=0.680 | Te loss=0.1443 mae=0.422 r2=0.200 | ES 21/30
  Ep  39/200 | Tr loss=0.1770 mae=0.454 r2=0.444 | Vl loss=0.0874 mae=0.330 r2=0.689 | Te loss=0.1461 mae=0.423 r2=0.192 | ES 22/30
2026-04-29 15:36:06,616 | INFO |   Ep  39/200 | Tr loss=0.1770 mae=0.454 r2=0.444 | Vl loss=0.0874 mae=0.330 r2=0.689 | Te loss=0.1461 mae=0.423 r2=0.192 | ES 22/30
  Ep  40/200 | Tr loss=0.1768 mae=0.453 r2=0.446 | Vl loss=0.0961 mae=0.361 r2=0.659 | Te loss=0.1446 mae=0.423 r2=0.195 | ES 23/30
2026-04-29 15:36:20,240 | INFO |   Ep  40/200 | Tr loss=0.1768 mae=0.453 r2=0.446 | Vl loss=0.0961 mae=0.361 r2=0.659 | Te loss=0.1446 mae=0.423 r2=0.195 | ES 23/30
  Ep  41/200 | Tr loss=0.1770 mae=0.452 r2=0.444 | Vl loss=0.1006 mae=0.377 r2=0.644 | Te loss=0.1469 mae=0.427 r2=0.179 | ES 24/30
2026-04-29 15:36:33,903 | INFO |   Ep  41/200 | Tr loss=0.1770 mae=0.452 r2=0.444 | Vl loss=0.1006 mae=0.377 r2=0.644 | Te loss=0.1469 mae=0.427 r2=0.179 | ES 24/30
  Ep  42/200 | Tr loss=0.1765 mae=0.453 r2=0.447 | Vl loss=0.0931 mae=0.345 r2=0.668 | Te loss=0.1365 mae=0.409 r2=0.248 | ES 25/30
2026-04-29 15:36:47,616 | INFO |   Ep  42/200 | Tr loss=0.1765 mae=0.453 r2=0.447 | Vl loss=0.0931 mae=0.345 r2=0.668 | Te loss=0.1365 mae=0.409 r2=0.248 | ES 25/30
  Ep  43/200 | Tr loss=0.1765 mae=0.453 r2=0.445 | Vl loss=0.0940 mae=0.349 r2=0.665 | Te loss=0.1373 mae=0.410 r2=0.242 | ES 26/30
2026-04-29 15:37:01,314 | INFO |   Ep  43/200 | Tr loss=0.1765 mae=0.453 r2=0.445 | Vl loss=0.0940 mae=0.349 r2=0.665 | Te loss=0.1373 mae=0.410 r2=0.242 | ES 26/30
  Ep  44/200 | Tr loss=0.1764 mae=0.454 r2=0.446 | Vl loss=0.0988 mae=0.361 r2=0.648 | Te loss=0.1329 mae=0.402 r2=0.267 | ES 27/30
2026-04-29 15:37:14,837 | INFO |   Ep  44/200 | Tr loss=0.1764 mae=0.454 r2=0.446 | Vl loss=0.0988 mae=0.361 r2=0.648 | Te loss=0.1329 mae=0.402 r2=0.267 | ES 27/30
  Ep  45/200 | Tr loss=0.1778 mae=0.456 r2=0.442 | Vl loss=0.0917 mae=0.343 r2=0.674 | Te loss=0.1411 mae=0.417 r2=0.219 | ES 28/30
2026-04-29 15:37:28,577 | INFO |   Ep  45/200 | Tr loss=0.1778 mae=0.456 r2=0.442 | Vl loss=0.0917 mae=0.343 r2=0.674 | Te loss=0.1411 mae=0.417 r2=0.219 | ES 28/30
  Ep  46/200 | Tr loss=0.1762 mae=0.452 r2=0.447 | Vl loss=0.0998 mae=0.373 r2=0.647 | Te loss=0.1450 mae=0.423 r2=0.191 | ES 29/30
2026-04-29 15:37:42,490 | INFO |   Ep  46/200 | Tr loss=0.1762 mae=0.452 r2=0.447 | Vl loss=0.0998 mae=0.373 r2=0.647 | Te loss=0.1450 mae=0.423 r2=0.191 | ES 29/30
  Ep  47/200 | Tr loss=0.1763 mae=0.453 r2=0.447 | Vl loss=0.0917 mae=0.340 r2=0.673 | Te loss=0.1370 mae=0.409 r2=0.247 | ES 30/30
2026-04-29 15:37:56,147 | INFO |   Ep  47/200 | Tr loss=0.1763 mae=0.453 r2=0.447 | Vl loss=0.0917 mae=0.340 r2=0.673 | Te loss=0.1370 mae=0.409 r2=0.247 | ES 30/30

  ⏹  Early stopping at epoch 47 (best=17)
2026-04-29 15:37:56,148 | INFO | Early stopping at epoch 47 best=17

✓ Training complete!

  ── Final Test Results (best epoch = 17) ──────────────────
  Loss : 0.1524
  RMSE : 0.5676
  MAE  : 0.4260
  R²   : 0.1701
  ✓ Saved → /mvdlph/masa/GCN_SingleView_Regression_Results/plots/loss_curve.png
  ✓ Saved → /mvdlph/masa/GCN_SingleView_Regression_Results/plots/rmse_mae.png
  ✓ Saved → /mvdlph/masa/GCN_SingleView_Regression_Results/plots/r2_curve.png
  ✓ Saved → /mvdlph/masa/GCN_SingleView_Regression_Results/plots/regression_scatter_test.png
  ✓ Saved → /mvdlph/masa/GCN_SingleView_Regression_Results/plots/early_stopping.png
  ✓ History → /mvdlph/masa/GCN_SingleView_Regression_Results/logs/training_history.json
============================================================
DIAGNOSTIC 1: Per-exercise skeleton variance (C0)
============================================================
  Exercise      X-var      Y-var      Z-var  Z/X ratio
-------------------------------------------------------
        E0     0.0410     0.0066     0.0595      1.451
        E1     0.0453     0.0069     0.0614      1.354
        E2     0.0427     0.0079     0.0633      1.483
        E3     0.0430     0.0068     0.0608      1.415
        E4     0.0427     0.0070     0.0610      1.430
        E5     0.0420     0.0070     0.0610      1.452
        E6     0.0376     0.0059     0.0591      1.571
        E7     0.0469     0.0086     0.0682      1.454
        E8     0.0487     0.0081     0.0654      1.343
        E9     0.0485     0.0092     0.0687      1.417

============================================================
DIAGNOSTIC 2: Quality score distribution per split
============================================================
 Train: mean=4.086 std=0.824 min=1.34 max=5.00 | correct=2350 erroneous=1427
   Val: mean=4.211 std=0.774 min=2.00 max=5.00 | correct=465 erroneous=221
  Test: mean=4.213 std=0.624 min=2.18 max=5.00 | correct=455 erroneous=183
============================================================
  TRAINING SUMMARY — ST-GCN Regression (Single View)
============================================================
  Best Epoch       : 17  (stopped at 47)
  Best Val MAE     : 0.3197
  Best Val RMSE    : 0.4272
  Best Val R²      : 0.6949
────────────────────────────────────────────────────────────
  Test MAE         : 0.4260
  Test RMSE        : 0.5676
  Test R²          : 0.1701
============================================================
2026-04-29 15:37:59,704 | INFO | Best Epoch=17  stopped_epoch=47
2026-04-29 15:37:59,704 | INFO | Test MAE=0.4260
2026-04-29 15:37:59,705 | INFO | Test RMSE=0.5676
2026-04-29 15:37:59,705 | INFO | Test R²=0.1701

✓ Summary CSV saved → /mvdlph/masa/GCN_SingleView_Regression_Results/training_summary.csv
2026-04-29 15:37:59,710 | INFO | ✓ All done!
