✓ stdout → also writing to /mvdlph/masa/GCN_SingleView_Regression_Results/logs/training_20260429_151034.log
2026-04-29 15:10:34,791 | INFO | ======================================================================
2026-04-29 15:10:34,791 | INFO | ST-GCN Single-View Regression | BZU Physiotherapy Dataset
2026-04-29 15:10:34,792 | INFO | Camera : C1  |  Split : 70/15/15  |  Epochs : 200  |  Patience : 30
2026-04-29 15:10:34,792 | INFO | Log file : /mvdlph/masa/GCN_SingleView_Regression_Results/logs/training_20260429_151034.log
2026-04-29 15:10:34,792 | INFO | ======================================================================
✓ parse_filename and load_skeleton defined
NPZ files found (all cameras) : 15375

✓ Total samples  (C1) : 5102
✓ Unique trials              : 61
✓ Quality mean ± std         : 4.118 ± 0.797

✓ Exercise distribution:
0    588
1    539
2    445
3    545
4    533
5    516
6    529
7    532
8    430
9    445
Name: exercise, dtype: int64
Checking for corrupted files...
  Removing 1 corrupted files from index
    BAD: /mvdlph/Dataset_CVDLPT_Videos_Segments_P0P15_MMPose_human3d_motionbert_H36M_3D_1_2026/E4_P12_T3_C1_seg5_MMPose_human3d_motionbert_3D.npz
  Clean samples remaining: 5101

── Sample rows ──
    exercise person trial_id  segment  quality
0          0     P0       T0        0   4.3667
1          0     P0       T0        1   4.3667
2          0     P0       T0        2   4.3667
3          0     P0       T0        3   4.3667
4          0     P0       T0        4   4.3667
5          0     P0       T0        5   4.3667
6          0     P0       T0        6   4.3667
7          0     P0       T0        7   4.3667
8          0     P0       T0        8   4.3667
9          0     P0       T0        9   4.3667
10         0     P0       T1        0   4.2600
11         0     P0       T1        1   4.2600
12         0     P0       T1        2   4.2600
13         0     P0       T1        3   4.2600
14         0     P0       T1        4   4.2600
1    5101
Name: camera, dtype: int64

Total samples: 5101
✓ Skeleton visualisation helpers defined
person                                                     P0
exercise                                                    0
trial_id                                                   T1
segment                                                     0
filepath    /mvdlph/Dataset_CVDLPT_Videos_Segments_P0P15_M...
Name: 10, dtype: object
Skeleton shape : (78, 17, 3)
X range : [-0.369, 0.592]
Y range : [-0.193, 0.198]
Z range : [0.000, 0.994]
  ✓ Skeleton plot saved → /mvdlph/masa/GCN_SingleView_Regression_Results/plots/sample_skeleton_3views.png
  ✓ Motion frames saved → /mvdlph/masa/GCN_SingleView_Regression_Results/plots/sample_skeleton_motion.png
✓ BZUDataset defined (regression only)
✓ ST-GCN regression model defined
Device : cuda
GPU    : Tesla V100-PCIE-32GB
✓ centre_and_scale and run_epoch (regression) defined
Correct trials:   36 → train=26, val=5, test=5
Erroneous trials: 25 → train=19, val=3, test=3
  Train: 3777 samples | Val: 686 | Test: 638

✓ Train / Val / Test split ready
✓ Plotting helpers (regression) defined
✓ EarlyStopping defined (monitoring MAE)
2026-04-29 15:10:49,242 | INFO | ======================================================================
2026-04-29 15:10:49,242 | INFO | STARTING REGRESSION TRAINING  (with Early Stopping on MAE)
2026-04-29 15:10:49,243 | INFO | ======================================================================
2026-04-29 15:10:49,243 | INFO | train=3777 val=686 test=638

════════════════════════════════════════════════════════════════════
  Camera C1  |  Train: 3777  Val: 686  Test: 638
  Patience: 30  |  LR: 0.0003  |  Batch: 48
════════════════════════════════════════════════════════════════════
  Ep   1/200 | Tr loss=0.4274 mae=0.764 r2=-0.625 | Vl loss=0.1353 mae=0.419 r2=0.537 | Te loss=0.2274 mae=0.529 r2=-0.230 | ES 0/30 ★
2026-04-29 15:11:10,679 | INFO |   Ep   1/200 | Tr loss=0.4274 mae=0.764 r2=-0.625 | Vl loss=0.1353 mae=0.419 r2=0.537 | Te loss=0.2274 mae=0.529 r2=-0.230 | ES 0/30 ★
    ★ val_mae=0.4190  rmse=0.5262  r2=0.5371
  Ep   2/200 | Tr loss=0.3096 mae=0.639 r2=-0.066 | Vl loss=0.2764 mae=0.590 r2=-0.213 | Te loss=0.1712 mae=0.451 r2=0.131 | ES 1/30
2026-04-29 15:11:30,748 | INFO |   Ep   2/200 | Tr loss=0.3096 mae=0.639 r2=-0.066 | Vl loss=0.2764 mae=0.590 r2=-0.213 | Te loss=0.1712 mae=0.451 r2=0.131 | ES 1/30
  Ep   3/200 | Tr loss=0.2894 mae=0.615 r2=0.028 | Vl loss=0.1321 mae=0.420 r2=0.545 | Te loss=0.2004 mae=0.502 r2=-0.037 | ES 2/30
2026-04-29 15:11:50,776 | INFO |   Ep   3/200 | Tr loss=0.2894 mae=0.615 r2=0.028 | Vl loss=0.1321 mae=0.420 r2=0.545 | Te loss=0.2004 mae=0.502 r2=-0.037 | ES 2/30
  Ep   4/200 | Tr loss=0.2474 mae=0.557 r2=0.187 | Vl loss=0.1309 mae=0.420 r2=0.551 | Te loss=0.1999 mae=0.497 r2=-0.035 | ES 3/30
2026-04-29 15:12:10,839 | INFO |   Ep   4/200 | Tr loss=0.2474 mae=0.557 r2=0.187 | Vl loss=0.1309 mae=0.420 r2=0.551 | Te loss=0.1999 mae=0.497 r2=-0.035 | ES 3/30
  Ep   5/200 | Tr loss=0.2208 mae=0.533 r2=0.302 | Vl loss=0.1331 mae=0.423 r2=0.543 | Te loss=0.1964 mae=0.490 r2=-0.015 | ES 4/30
2026-04-29 15:12:30,921 | INFO |   Ep   5/200 | Tr loss=0.2208 mae=0.533 r2=0.302 | Vl loss=0.1331 mae=0.423 r2=0.543 | Te loss=0.1964 mae=0.490 r2=-0.015 | ES 4/30
  Ep   6/200 | Tr loss=0.2108 mae=0.510 r2=0.335 | Vl loss=0.1256 mae=0.406 r2=0.572 | Te loss=0.2348 mae=0.552 r2=-0.259 | ES 0/30 ★
2026-04-29 15:12:50,620 | INFO |   Ep   6/200 | Tr loss=0.2108 mae=0.510 r2=0.335 | Vl loss=0.1256 mae=0.406 r2=0.572 | Te loss=0.2348 mae=0.552 r2=-0.259 | ES 0/30 ★
    ★ val_mae=0.4058  rmse=0.5062  r2=0.5716
  Ep   7/200 | Tr loss=0.2097 mae=0.511 r2=0.340 | Vl loss=0.1284 mae=0.416 r2=0.561 | Te loss=0.2098 mae=0.512 r2=-0.099 | ES 1/30
2026-04-29 15:13:10,738 | INFO |   Ep   7/200 | Tr loss=0.2097 mae=0.511 r2=0.340 | Vl loss=0.1284 mae=0.416 r2=0.561 | Te loss=0.2098 mae=0.512 r2=-0.099 | ES 1/30
  Ep   8/200 | Tr loss=0.2067 mae=0.505 r2=0.349 | Vl loss=0.1297 mae=0.417 r2=0.555 | Te loss=0.2028 mae=0.504 r2=-0.052 | ES 2/30
2026-04-29 15:13:30,807 | INFO |   Ep   8/200 | Tr loss=0.2067 mae=0.505 r2=0.349 | Vl loss=0.1297 mae=0.417 r2=0.555 | Te loss=0.2028 mae=0.504 r2=-0.052 | ES 2/30
  Ep   9/200 | Tr loss=0.2035 mae=0.502 r2=0.360 | Vl loss=0.1308 mae=0.419 r2=0.552 | Te loss=0.2030 mae=0.499 r2=-0.057 | ES 3/30
2026-04-29 15:13:51,071 | INFO |   Ep   9/200 | Tr loss=0.2035 mae=0.502 r2=0.360 | Vl loss=0.1308 mae=0.419 r2=0.552 | Te loss=0.2030 mae=0.499 r2=-0.057 | ES 3/30
  Ep  10/200 | Tr loss=0.2025 mae=0.500 r2=0.365 | Vl loss=0.1304 mae=0.419 r2=0.554 | Te loss=0.2052 mae=0.501 r2=-0.071 | ES 4/30
2026-04-29 15:14:11,167 | INFO |   Ep  10/200 | Tr loss=0.2025 mae=0.500 r2=0.365 | Vl loss=0.1304 mae=0.419 r2=0.554 | Te loss=0.2052 mae=0.501 r2=-0.071 | ES 4/30
  Ep  11/200 | Tr loss=0.1994 mae=0.495 r2=0.372 | Vl loss=0.1281 mae=0.416 r2=0.562 | Te loss=0.2098 mae=0.512 r2=-0.099 | ES 5/30
2026-04-29 15:14:31,183 | INFO |   Ep  11/200 | Tr loss=0.1994 mae=0.495 r2=0.372 | Vl loss=0.1281 mae=0.416 r2=0.562 | Te loss=0.2098 mae=0.512 r2=-0.099 | ES 5/30
  Ep  12/200 | Tr loss=0.1989 mae=0.496 r2=0.375 | Vl loss=0.1288 mae=0.417 r2=0.560 | Te loss=0.2077 mae=0.509 r2=-0.085 | ES 6/30
2026-04-29 15:14:51,298 | INFO |   Ep  12/200 | Tr loss=0.1989 mae=0.496 r2=0.375 | Vl loss=0.1288 mae=0.417 r2=0.560 | Te loss=0.2077 mae=0.509 r2=-0.085 | ES 6/30
  Ep  13/200 | Tr loss=0.1972 mae=0.491 r2=0.383 | Vl loss=0.1287 mae=0.416 r2=0.560 | Te loss=0.2078 mae=0.508 r2=-0.086 | ES 7/30
2026-04-29 15:15:11,483 | INFO |   Ep  13/200 | Tr loss=0.1972 mae=0.491 r2=0.383 | Vl loss=0.1287 mae=0.416 r2=0.560 | Te loss=0.2078 mae=0.508 r2=-0.086 | ES 7/30
  Ep  14/200 | Tr loss=0.1987 mae=0.496 r2=0.377 | Vl loss=0.1098 mae=0.366 r2=0.619 | Te loss=0.1775 mae=0.459 r2=0.071 | ES 0/30 ★
2026-04-29 15:15:31,367 | INFO |   Ep  14/200 | Tr loss=0.1987 mae=0.496 r2=0.377 | Vl loss=0.1098 mae=0.366 r2=0.619 | Te loss=0.1775 mae=0.459 r2=0.071 | ES 0/30 ★
    ★ val_mae=0.3663  rmse=0.4775  r2=0.6189
  Ep  15/200 | Tr loss=0.1952 mae=0.489 r2=0.388 | Vl loss=0.1293 mae=0.417 r2=0.557 | Te loss=0.2041 mae=0.505 r2=-0.061 | ES 1/30
2026-04-29 15:15:51,274 | INFO |   Ep  15/200 | Tr loss=0.1952 mae=0.489 r2=0.388 | Vl loss=0.1293 mae=0.417 r2=0.557 | Te loss=0.2041 mae=0.505 r2=-0.061 | ES 1/30
