✓ stdout → also writing to /mvdlph/masa/GCN_SingleView_Regression_Results/run_2026_05_21_10_00_55/logs/training_20260521_100055.log
2026-05-21 10:00:55,206 | INFO | ======================================================================
2026-05-21 10:00:55,206 | INFO | ST-GCN Single-View Regression | BZU Physiotherapy Dataset
2026-05-21 10:00:55,206 | INFO | Camera : C1  |  Split : 70/15/15  |  Epochs : 300  |  Patience : 100
2026-05-21 10:00:55,207 | INFO | Log file : /mvdlph/masa/GCN_SingleView_Regression_Results/run_2026_05_21_10_00_55/logs/training_20260521_100055.log
2026-05-21 10:00:55,207 | INFO | ======================================================================
✓ parse_filename and load_skeleton defined

[TRAIN] NPZ files found : 9477
  Samples          : 9477
  Unique trials    : 327
  Quality mean±std : 4.127 ± 0.812
  Exercise dist    :
0     961
1     966
2     829
3     979
4     970
5     933
6     954
7     965
8     903
9    1017
  Samples (after camera filter) : 9477

[VALID] NPZ files found : 2790
  Samples          : 2790
  Unique trials    : 100
  Quality mean±std : 4.232 ± 0.741
  Exercise dist    :
0    326
1    316
2    295
3    298
4    322
5    312
6    302
7    304
8    181
9    134
  Samples (after camera filter) : 2790

[TEST] NPZ files found : 3108
  Samples          : 3108
  Unique trials    : 107
  Quality mean±std : 4.031 ± 0.777
  Exercise dist    :
0    465
1    326
2    258
3    319
4    287
5    321
6    314
7    319
8    317
9    182
  Samples (after camera filter) : 3108
  [TRAIN] ⚠️  Skipped 246 files from 13 groups with incomplete camera coverage
  [TRAIN] Filtered to camera C1: 3122 samples
  [VALID] ⚠️  Skipped 133 files from 8 groups with incomplete camera coverage
       – E0_P1_T2  cameras=[0, 2]
       – E0_P1_T3  cameras=[1]
       – E3_P1_T2  cameras=[1]
       – E6_P6_T1  cameras=[0, 1]
       – E9_P1_T2  cameras=[0]
       – E9_P6_T0  cameras=[0, 2]
       – E9_P6_T1  cameras=[0, 2]
       – E9_P6_T2  cameras=[0, 2]
  [VALID] Filtered to camera C1: 893 samples
  [TEST] ✓ All groups have complete 3-camera coverage
  [TEST] Filtered to camera C1: 1045 samples

Checking for corrupted files...
  [TRAIN] Clean samples : 3122
  [VALID] Clean samples : 893
  [TEST] Removing 1 corrupted file(s)
  [TEST] Clean samples : 1044

✓ No data-leakage detected across splits

════════════════════════════════════════════════════════════════════
  Split     Samples   Correct   Erroneous   Q mean   Q std   Q min   Q max
  ──────────────────────────────────────────────────────────────────
  Train        3122      1959        1163    4.110   0.813   1.340   5.000
  Val           893       602         291    4.213   0.756   2.280   5.000
  Test         1044       678         366    4.032   0.776   2.140   5.000
════════════════════════════════════════════════════════════════════

✓ Pre-split index ready  →  train / val / test DataFrames built
1    5059
Name: camera, dtype: int64

الكاميرات الموجودة: [1]
camera      1
exercise     
0         577
1         539
2         445
3         535
4         532
5         516
6         508
7         532
8         430
9         445
E0: correct=3 trials, erroneous=4 trials
E1: correct=3 trials, erroneous=4 trials
E2: correct=3 trials, erroneous=4 trials
E3: correct=3 trials, erroneous=4 trials
E4: correct=3 trials, erroneous=4 trials
E5: correct=3 trials, erroneous=4 trials
E6: correct=3 trials, erroneous=4 trials
E7: correct=3 trials, erroneous=4 trials
E8: correct=3 trials, erroneous=4 trials
E9: correct=3 trials, erroneous=4 trials

==================================================
  Train
==================================================
            mean     var  count
exercise                       
0         3.7666  0.9718    320
1         3.9667  0.7830    324
2         4.1325  0.5110    260
3         4.0071  0.8223    332
4         3.9495  0.9530    324
5         4.4218  0.2588    307
6         4.5603  0.3739    309
7         4.1030  0.3970    324
8         4.2837  0.5503    262
9         3.9969  0.4410    360

==================================================
  Val
==================================================
            mean     var  count
exercise                       
0         3.5279  0.8228    101
1         4.1240  0.5649    105
2         4.1038  0.7978     99
3         4.0662  0.4836     96
4         4.0420  0.6964    111
5         4.5205  0.1965    102
6         4.4628  0.2834     94
7         4.3881  0.1658    101
8         4.9000  0.0000     61
9         4.5667  0.0000     23

==================================================
  Test
==================================================
            mean     var  count
exercise                       
0         3.6450  0.6149    156
1         4.1964  0.6900    110
2         4.0202  0.7026     86
3         3.5162  0.4563    107
4         3.6668  0.5720     97
5         4.2680  0.3249    107
6         4.5183  0.4310    105
7         4.1194  0.2867    107
8         4.2774  0.6492    107
9         4.3893  0.0341     62

============================================================
  All Splits Combined
============================================================
                  mean     var  count
split exercise                       
Test  0         3.6450  0.6149    156
      1         4.1964  0.6900    110
      2         4.0202  0.7026     86
      3         3.5162  0.4563    107
      4         3.6668  0.5720     97
      5         4.2680  0.3249    107
      6         4.5183  0.4310    105
      7         4.1194  0.2867    107
      8         4.2774  0.6492    107
      9         4.3893  0.0341     62
Train 0         3.7666  0.9718    320
      1         3.9667  0.7830    324
      2         4.1325  0.5110    260
      3         4.0071  0.8223    332
      4         3.9495  0.9530    324
      5         4.4218  0.2588    307
      6         4.5603  0.3739    309
      7         4.1030  0.3970    324
      8         4.2837  0.5503    262
      9         3.9969  0.4410    360
Val   0         3.5279  0.8228    101
      1         4.1240  0.5649    105
      2         4.1038  0.7978     99
      3         4.0662  0.4836     96
      4         4.0420  0.6964    111
      5         4.5205  0.1965    102
      6         4.4628  0.2834     94
      7         4.3881  0.1658    101
      8         4.9000  0.0000     61
      9         4.5667  0.0000     23
Frame length distribution (sample of 500 files):
  min    = 32
  max    = 299
  mean   = 113.6
  median = 106.0
  std    = 43.2

Percentiles:
   25th = 84
   50th = 106
   75th = 131
   90th = 165
   95th = 197
   99th = 273

Value counts (top 10):
   107 frames →   13 files (2.6%)
   109 frames →   12 files (2.4%)
   121 frames →   11 files (2.2%)
   105 frames →   11 files (2.2%)
   103 frames →   11 files (2.2%)
   101 frames →   11 files (2.2%)
    89 frames →   11 files (2.2%)
    71 frames →   11 files (2.2%)
   131 frames →    9 files (1.8%)
   117 frames →    8 files (1.6%)
✓ Skeleton visualisation helpers defined
person                                                     P0
exercise                                                    0
trial_id                                                   T1
segment                                                     0
filepath    /mvdlph/Dataset_CVDLPT_Videos_Segments_P0P15_M...
Name: 10, dtype: object
Skeleton shape : (78, 17, 3)
X range : [-0.369, 0.592]
Y range : [-0.193, 0.198]
Z range : [0.000, 0.994]
  ✓ Skeleton plot saved → /mvdlph/masa/GCN_SingleView_Regression_Results/run_2026_05_21_10_00_55/plots/sample_skeleton_3views.png
  ✓ Motion frames saved → /mvdlph/masa/GCN_SingleView_Regression_Results/run_2026_05_21_10_00_55/plots/sample_skeleton_motion.png
Axis ranges across all frames:
X: [-0.369, 0.592] — likely left/right
Y: [-0.193, 0.198] — likely ???
Z: [0.000, 0.994] — likely height

Hip  mean XYZ: [0.         0.         0.32506496]
Head mean XYZ: [-0.14453253 -0.18355224  0.96798235]

Difference (head - hip): [-0.14453253 -0.18355224  0.6429174 ]

Camera 0: no file found

Camera 1:
  Hip  XYZ: [0.    0.    0.321]
  Head XYZ: [-0.143 -0.184  0.967]
  X range: [-0.37, 0.59]
  Z range: [0.00, 0.99]

Camera 2: no file found
✓ BZUDataset defined (regression only)
Joint distances from Hip (body center):
  Joint  0 (Hip         ) distance=0  
  Joint  1 (R-Hip       ) distance=1  ─
  Joint  2 (R-Knee      ) distance=2  ──
  Joint  3 (R-Ankle     ) distance=3  ───
  Joint  4 (L-Hip       ) distance=1  ─
  Joint  5 (L-Knee      ) distance=2  ──
  Joint  6 (L-Ankle     ) distance=3  ───
  Joint  7 (Spine       ) distance=1  ─
  Joint  8 (Thorax      ) distance=2  ──
  Joint  9 (Neck        ) distance=3  ───
  Joint 10 (Head        ) distance=4  ────
  Joint 11 (L-Shoulder  ) distance=3  ───
  Joint 12 (L-Elbow     ) distance=4  ────
  Joint 13 (L-Wrist     ) distance=5  ─────
  Joint 14 (R-Shoulder  ) distance=3  ───
  Joint 15 (R-Elbow     ) distance=4  ────
  Joint 16 (R-Wrist     ) distance=5  ─────

✓ True ST-GCN sanity check passed — output shape: torch.Size([2])
✓ Total trainable parameters: 3,069,320
✓ STGCN_Regression (True ST-GCN, Yan et al. AAAI 2018) defined
Device : cuda
GPU    : Tesla V100-PCIE-32GB
✓ centre_and_scale and run_epoch (regression) defined
=================================================================
Quality score distribution audit
=================================================================
  ✓ Saved → /mvdlph/masa/GCN_SingleView_Regression_Results/run_2026_05_21_10_00_55/plots/split_quality_distributions.png

Split    Type              n    mean     std    min    25%    50%    75%    max
----------------------------------------------------------------------
Train    Correct (T≤2)   1959   4.584   0.303   3.68   4.40   4.60   4.83   5.00
Train    Erroneous (T≥3)   1163   3.313   0.777   1.34   2.83   3.44   3.86   4.82

Val      Correct (T≤2)    602   4.650   0.307   3.56   4.50   4.73   4.89   5.00
Val      Erroneous (T≥3)    291   3.309   0.588   2.28   2.85   3.20   3.72   4.54

Test     Correct (T≤2)    678   4.490   0.417   3.40   4.20   4.58   4.80   5.00
Test     Erroneous (T≥3)    366   3.183   0.534   2.14   2.78   3.22   3.52   4.38

=================================================================
Person distribution across splits
=================================================================
  Train : ['P0', 'P10', 'P14', 'P15', 'P2', 'P3', 'P4', 'P5', 'P7']
  Val   : ['P1', 'P11', 'P6']
  Test  : ['P12', 'P13', 'P8', 'P9']

Per-person quality mean per split:

  Train:
         mean    std  count
person                     
P0      4.497  0.348    267
P10     3.283  0.913    501
P14     3.661  0.847    452
P15     3.653  0.701    493
P2      4.716  0.197    279
P3      4.570  0.214    264
P4      4.564  0.268    272
P5      4.661  0.261    297
P7      4.655  0.226    297

  Val:
         mean    std  count
person                     
P1      4.803  0.135    274
P11     3.517  0.704    363
P6      4.570  0.288    256

  Test:
         mean    std  count
person                     
P12     3.148  0.662    223
P13     3.681  0.647    233
P8      4.599  0.326    294
P9      4.415  0.458    294

=================================================================
Exercise balance across splits
=================================================================
    Train  Val  Test  Train%  Val%  Test%
E0    320  101   156    10.2  11.3   14.9
E1    324  105   110    10.4  11.8   10.5
E2    260   99    86     8.3  11.1    8.2
E3    332   96   107    10.6  10.8   10.2
E4    324  111    97    10.4  12.4    9.3
E5    307  102   107     9.8  11.4   10.2
E6    309   94   105     9.9  10.5   10.1
E7    324  101   107    10.4  11.3   10.2
E8    262   61   107     8.4   6.8   10.2
E9    360   23    62    11.5   2.6    5.9
✓ Plotting helpers (regression) defined
✓ EarlyStopping defined (monitoring MAE)
Train before mirroring: 3122
Train after  mirroring: 6244
2026-05-21 10:01:17,637 | INFO | ======================================================================
2026-05-21 10:01:17,638 | INFO | STARTING REGRESSION TRAINING  (with Early Stopping on MAE)
2026-05-21 10:01:17,639 | INFO | ======================================================================
2026-05-21 10:01:17,639 | INFO | train=3122 val=893 test=1044

════════════════════════════════════════════════════════════════════
  Camera C1  |  Train: 3122  Val: 893  Test: 1044
  Patience: 100  |  LR: 1e-4  |  Batch: 48
════════════════════════════════════════════════════════════════════
  Ep   1/300 | Tr loss=0.3634 mae=0.709 r2=0.038 pcc=0.488 | Vl loss=0.4849 mae=0.906 r2=-0.801 pcc=0.756 | ES 0/100 ★
2026-05-21 10:01:51,232 | INFO |   Ep   1/300 | Tr loss=0.3634 mae=0.709 r2=0.038 pcc=0.488 | Vl loss=0.4849 mae=0.906 r2=-0.801 pcc=0.756 | ES 0/100 ★
    ★ val_mae=0.9064  rmse=1.0138  r2=-0.8014  pcc=0.7557
  Ep   2/300 | Tr loss=0.2602 mae=0.585 r2=0.373 pcc=0.639 | Vl loss=0.6616 mae=1.090 r2=-1.562 pcc=0.720 | ES 1/100
2026-05-21 10:02:23,470 | INFO |   Ep   2/300 | Tr loss=0.2602 mae=0.585 r2=0.373 pcc=0.639 | Vl loss=0.6616 mae=1.090 r2=-1.562 pcc=0.720 | ES 1/100
  Ep   3/300 | Tr loss=0.2403 mae=0.556 r2=0.431 pcc=0.671 | Vl loss=0.4381 mae=0.849 r2=-0.604 pcc=0.695 | ES 0/100 ★
2026-05-21 10:02:55,791 | INFO |   Ep   3/300 | Tr loss=0.2403 mae=0.556 r2=0.431 pcc=0.671 | Vl loss=0.4381 mae=0.849 r2=-0.604 pcc=0.695 | ES 0/100 ★
    ★ val_mae=0.8495  rmse=0.9565  r2=-0.6035  pcc=0.6950
  Ep   4/300 | Tr loss=0.2143 mae=0.518 r2=0.493 pcc=0.709 | Vl loss=0.1664 mae=0.496 r2=0.395 pcc=0.802 | ES 0/100 ★
2026-05-21 10:03:27,849 | INFO |   Ep   4/300 | Tr loss=0.2143 mae=0.518 r2=0.493 pcc=0.709 | Vl loss=0.1664 mae=0.496 r2=0.395 pcc=0.802 | ES 0/100 ★
    ★ val_mae=0.4962  rmse=0.5877  r2=0.3947  pcc=0.8023
  Ep   5/300 | Tr loss=0.2217 mae=0.525 r2=0.484 pcc=0.703 | Vl loss=0.2207 mae=0.580 r2=0.203 pcc=0.780 | ES 1/100
2026-05-21 10:03:59,861 | INFO |   Ep   5/300 | Tr loss=0.2217 mae=0.525 r2=0.484 pcc=0.703 | Vl loss=0.2207 mae=0.580 r2=0.203 pcc=0.780 | ES 1/100
  Ep   6/300 | Tr loss=0.1984 mae=0.498 r2=0.531 pcc=0.733 | Vl loss=0.1331 mae=0.432 r2=0.518 pcc=0.806 | ES 0/100 ★
2026-05-21 10:04:32,193 | INFO |   Ep   6/300 | Tr loss=0.1984 mae=0.498 r2=0.531 pcc=0.733 | Vl loss=0.1331 mae=0.432 r2=0.518 pcc=0.806 | ES 0/100 ★
    ★ val_mae=0.4318  rmse=0.5243  r2=0.5183  pcc=0.8064
  Ep   7/300 | Tr loss=0.1961 mae=0.487 r2=0.534 pcc=0.735 | Vl loss=0.1112 mae=0.359 r2=0.584 pcc=0.824 | ES 0/100 ★
2026-05-21 10:05:04,475 | INFO |   Ep   7/300 | Tr loss=0.1961 mae=0.487 r2=0.534 pcc=0.735 | Vl loss=0.1112 mae=0.359 r2=0.584 pcc=0.824 | ES 0/100 ★
    ★ val_mae=0.3592  rmse=0.4869  r2=0.5845  pcc=0.8239
  Ep   8/300 | Tr loss=0.2006 mae=0.494 r2=0.530 pcc=0.732 | Vl loss=0.1047 mae=0.330 r2=0.608 pcc=0.841 | ES 0/100 ★
2026-05-21 10:05:36,610 | INFO |   Ep   8/300 | Tr loss=0.2006 mae=0.494 r2=0.530 pcc=0.732 | Vl loss=0.1047 mae=0.330 r2=0.608 pcc=0.841 | ES 0/100 ★
    ★ val_mae=0.3299  rmse=0.4729  r2=0.6080  pcc=0.8406
  Ep   9/300 | Tr loss=0.1902 mae=0.477 r2=0.570 pcc=0.758 | Vl loss=0.1282 mae=0.335 r2=0.494 pcc=0.811 | ES 1/100
2026-05-21 10:06:08,935 | INFO |   Ep   9/300 | Tr loss=0.1902 mae=0.477 r2=0.570 pcc=0.758 | Vl loss=0.1282 mae=0.335 r2=0.494 pcc=0.811 | ES 1/100
  Ep  10/300 | Tr loss=0.1930 mae=0.485 r2=0.554 pcc=0.748 | Vl loss=0.1227 mae=0.380 r2=0.541 pcc=0.820 | ES 2/100
2026-05-21 10:06:40,966 | INFO |   Ep  10/300 | Tr loss=0.1930 mae=0.485 r2=0.554 pcc=0.748 | Vl loss=0.1227 mae=0.380 r2=0.541 pcc=0.820 | ES 2/100
  Ep  11/300 | Tr loss=0.1915 mae=0.483 r2=0.556 pcc=0.748 | Vl loss=0.1180 mae=0.383 r2=0.563 pcc=0.827 | ES 3/100
2026-05-21 10:07:13,180 | INFO |   Ep  11/300 | Tr loss=0.1915 mae=0.483 r2=0.556 pcc=0.748 | Vl loss=0.1180 mae=0.383 r2=0.563 pcc=0.827 | ES 3/100
  Ep  12/300 | Tr loss=0.1776 mae=0.465 r2=0.561 pcc=0.752 | Vl loss=0.0881 mae=0.294 r2=0.672 pcc=0.839 | ES 0/100 ★
2026-05-21 10:07:45,243 | INFO |   Ep  12/300 | Tr loss=0.1776 mae=0.465 r2=0.561 pcc=0.752 | Vl loss=0.0881 mae=0.294 r2=0.672 pcc=0.839 | ES 0/100 ★
    ★ val_mae=0.2936  rmse=0.4325  r2=0.6722  pcc=0.8385
  Ep  13/300 | Tr loss=0.1867 mae=0.474 r2=0.563 pcc=0.753 | Vl loss=0.0878 mae=0.282 r2=0.675 pcc=0.841 | ES 0/100 ★
2026-05-21 10:08:17,357 | INFO |   Ep  13/300 | Tr loss=0.1867 mae=0.474 r2=0.563 pcc=0.753 | Vl loss=0.0878 mae=0.282 r2=0.675 pcc=0.841 | ES 0/100 ★
    ★ val_mae=0.2823  rmse=0.4304  r2=0.6753  pcc=0.8408
  Ep  14/300 | Tr loss=0.1914 mae=0.479 r2=0.552 pcc=0.746 | Vl loss=0.1141 mae=0.325 r2=0.556 pcc=0.832 | ES 1/100
2026-05-21 10:08:49,399 | INFO |   Ep  14/300 | Tr loss=0.1914 mae=0.479 r2=0.552 pcc=0.746 | Vl loss=0.1141 mae=0.325 r2=0.556 pcc=0.832 | ES 1/100
  Ep  15/300 | Tr loss=0.1886 mae=0.477 r2=0.552 pcc=0.745 | Vl loss=0.1113 mae=0.314 r2=0.568 pcc=0.832 | ES 2/100
2026-05-21 10:09:21,679 | INFO |   Ep  15/300 | Tr loss=0.1886 mae=0.477 r2=0.552 pcc=0.745 | Vl loss=0.1113 mae=0.314 r2=0.568 pcc=0.832 | ES 2/100
  Ep  16/300 | Tr loss=0.1868 mae=0.476 r2=0.558 pcc=0.749 | Vl loss=0.1102 mae=0.312 r2=0.568 pcc=0.827 | ES 3/100
2026-05-21 10:09:53,825 | INFO |   Ep  16/300 | Tr loss=0.1868 mae=0.476 r2=0.558 pcc=0.749 | Vl loss=0.1102 mae=0.312 r2=0.568 pcc=0.827 | ES 3/100
  Ep  17/300 | Tr loss=0.1893 mae=0.473 r2=0.559 pcc=0.749 | Vl loss=0.1275 mae=0.336 r2=0.495 pcc=0.823 | ES 4/100
2026-05-21 10:10:26,005 | INFO |   Ep  17/300 | Tr loss=0.1893 mae=0.473 r2=0.559 pcc=0.749 | Vl loss=0.1275 mae=0.336 r2=0.495 pcc=0.823 | ES 4/100
  Ep  18/300 | Tr loss=0.1807 mae=0.464 r2=0.572 pcc=0.758 | Vl loss=0.1361 mae=0.361 r2=0.453 pcc=0.825 | ES 5/100
2026-05-21 10:10:58,321 | INFO |   Ep  18/300 | Tr loss=0.1807 mae=0.464 r2=0.572 pcc=0.758 | Vl loss=0.1361 mae=0.361 r2=0.453 pcc=0.825 | ES 5/100
  Ep  19/300 | Tr loss=0.1801 mae=0.463 r2=0.574 pcc=0.759 | Vl loss=0.1197 mae=0.330 r2=0.526 pcc=0.821 | ES 6/100
2026-05-21 10:11:30,401 | INFO |   Ep  19/300 | Tr loss=0.1801 mae=0.463 r2=0.574 pcc=0.759 | Vl loss=0.1197 mae=0.330 r2=0.526 pcc=0.821 | ES 6/100
  Ep  20/300 | Tr loss=0.1759 mae=0.457 r2=0.588 pcc=0.768 | Vl loss=0.1393 mae=0.347 r2=0.430 pcc=0.807 | ES 7/100
2026-05-21 10:12:02,694 | INFO |   Ep  20/300 | Tr loss=0.1759 mae=0.457 r2=0.588 pcc=0.768 | Vl loss=0.1393 mae=0.347 r2=0.430 pcc=0.807 | ES 7/100
  Ep  21/300 | Tr loss=0.1776 mae=0.463 r2=0.574 pcc=0.760 | Vl loss=0.1301 mae=0.353 r2=0.482 pcc=0.821 | ES 8/100
2026-05-21 10:12:35,006 | INFO |   Ep  21/300 | Tr loss=0.1776 mae=0.463 r2=0.574 pcc=0.760 | Vl loss=0.1301 mae=0.353 r2=0.482 pcc=0.821 | ES 8/100
  Ep  22/300 | Tr loss=0.1772 mae=0.461 r2=0.585 pcc=0.767 | Vl loss=0.1299 mae=0.370 r2=0.495 pcc=0.816 | ES 9/100
2026-05-21 10:13:07,224 | INFO |   Ep  22/300 | Tr loss=0.1772 mae=0.461 r2=0.585 pcc=0.767 | Vl loss=0.1299 mae=0.370 r2=0.495 pcc=0.816 | ES 9/100
  Ep  23/300 | Tr loss=0.1810 mae=0.457 r2=0.593 pcc=0.771 | Vl loss=0.1243 mae=0.329 r2=0.507 pcc=0.823 | ES 10/100
2026-05-21 10:13:39,391 | INFO |   Ep  23/300 | Tr loss=0.1810 mae=0.457 r2=0.593 pcc=0.771 | Vl loss=0.1243 mae=0.329 r2=0.507 pcc=0.823 | ES 10/100
  Ep  24/300 | Tr loss=0.1743 mae=0.456 r2=0.582 pcc=0.765 | Vl loss=0.1225 mae=0.325 r2=0.510 pcc=0.815 | ES 11/100
2026-05-21 10:14:11,709 | INFO |   Ep  24/300 | Tr loss=0.1743 mae=0.456 r2=0.582 pcc=0.765 | Vl loss=0.1225 mae=0.325 r2=0.510 pcc=0.815 | ES 11/100
  Ep  25/300 | Tr loss=0.1722 mae=0.454 r2=0.591 pcc=0.770 | Vl loss=0.1348 mae=0.372 r2=0.463 pcc=0.812 | ES 12/100
2026-05-21 10:14:43,876 | INFO |   Ep  25/300 | Tr loss=0.1722 mae=0.454 r2=0.591 pcc=0.770 | Vl loss=0.1348 mae=0.372 r2=0.463 pcc=0.812 | ES 12/100
  Ep  26/300 | Tr loss=0.1802 mae=0.454 r2=0.593 pcc=0.772 | Vl loss=0.1264 mae=0.336 r2=0.495 pcc=0.823 | ES 13/100
2026-05-21 10:15:16,101 | INFO |   Ep  26/300 | Tr loss=0.1802 mae=0.454 r2=0.593 pcc=0.772 | Vl loss=0.1264 mae=0.336 r2=0.495 pcc=0.823 | ES 13/100
  Ep  27/300 | Tr loss=0.1673 mae=0.443 r2=0.602 pcc=0.778 | Vl loss=0.1291 mae=0.365 r2=0.494 pcc=0.821 | ES 14/100
2026-05-21 10:15:48,373 | INFO |   Ep  27/300 | Tr loss=0.1673 mae=0.443 r2=0.602 pcc=0.778 | Vl loss=0.1291 mae=0.365 r2=0.494 pcc=0.821 | ES 14/100
  Ep  28/300 | Tr loss=0.1733 mae=0.452 r2=0.593 pcc=0.771 | Vl loss=0.1379 mae=0.353 r2=0.436 pcc=0.817 | ES 15/100
2026-05-21 10:16:20,556 | INFO |   Ep  28/300 | Tr loss=0.1733 mae=0.452 r2=0.593 pcc=0.771 | Vl loss=0.1379 mae=0.353 r2=0.436 pcc=0.817 | ES 15/100
  Ep  29/300 | Tr loss=0.1758 mae=0.457 r2=0.577 pcc=0.761 | Vl loss=0.1144 mae=0.319 r2=0.549 pcc=0.821 | ES 16/100
2026-05-21 10:16:52,772 | INFO |   Ep  29/300 | Tr loss=0.1758 mae=0.457 r2=0.577 pcc=0.761 | Vl loss=0.1144 mae=0.319 r2=0.549 pcc=0.821 | ES 16/100
  Ep  30/300 | Tr loss=0.1725 mae=0.453 r2=0.590 pcc=0.769 | Vl loss=0.1214 mae=0.324 r2=0.518 pcc=0.822 | ES 17/100
2026-05-21 10:17:25,009 | INFO |   Ep  30/300 | Tr loss=0.1725 mae=0.453 r2=0.590 pcc=0.769 | Vl loss=0.1214 mae=0.324 r2=0.518 pcc=0.822 | ES 17/100
  Ep  31/300 | Tr loss=0.1732 mae=0.449 r2=0.591 pcc=0.769 | Vl loss=0.1370 mae=0.361 r2=0.450 pcc=0.813 | ES 18/100
2026-05-21 10:17:57,196 | INFO |   Ep  31/300 | Tr loss=0.1732 mae=0.449 r2=0.591 pcc=0.769 | Vl loss=0.1370 mae=0.361 r2=0.450 pcc=0.813 | ES 18/100
  Ep  32/300 | Tr loss=0.1705 mae=0.449 r2=0.596 pcc=0.773 | Vl loss=0.1360 mae=0.354 r2=0.450 pcc=0.812 | ES 19/100
2026-05-21 10:18:29,283 | INFO |   Ep  32/300 | Tr loss=0.1705 mae=0.449 r2=0.596 pcc=0.773 | Vl loss=0.1360 mae=0.354 r2=0.450 pcc=0.812 | ES 19/100
  Ep  33/300 | Tr loss=0.1741 mae=0.457 r2=0.581 pcc=0.764 | Vl loss=0.1348 mae=0.342 r2=0.455 pcc=0.816 | ES 20/100
2026-05-21 10:19:01,316 | INFO |   Ep  33/300 | Tr loss=0.1741 mae=0.457 r2=0.581 pcc=0.764 | Vl loss=0.1348 mae=0.342 r2=0.455 pcc=0.816 | ES 20/100
  Ep  34/300 | Tr loss=0.1691 mae=0.447 r2=0.602 pcc=0.777 | Vl loss=0.1276 mae=0.335 r2=0.489 pcc=0.819 | ES 21/100
2026-05-21 10:19:33,526 | INFO |   Ep  34/300 | Tr loss=0.1691 mae=0.447 r2=0.602 pcc=0.777 | Vl loss=0.1276 mae=0.335 r2=0.489 pcc=0.819 | ES 21/100
  Ep  35/300 | Tr loss=0.1707 mae=0.449 r2=0.595 pcc=0.773 | Vl loss=0.1326 mae=0.338 r2=0.469 pcc=0.815 | ES 22/100
2026-05-21 10:20:05,838 | INFO |   Ep  35/300 | Tr loss=0.1707 mae=0.449 r2=0.595 pcc=0.773 | Vl loss=0.1326 mae=0.338 r2=0.469 pcc=0.815 | ES 22/100
  Ep  36/300 | Tr loss=0.1693 mae=0.446 r2=0.600 pcc=0.775 | Vl loss=0.1520 mae=0.395 r2=0.387 pcc=0.804 | ES 23/100
2026-05-21 10:20:38,053 | INFO |   Ep  36/300 | Tr loss=0.1693 mae=0.446 r2=0.600 pcc=0.775 | Vl loss=0.1520 mae=0.395 r2=0.387 pcc=0.804 | ES 23/100
  Ep  37/300 | Tr loss=0.1625 mae=0.437 r2=0.612 pcc=0.784 | Vl loss=0.1551 mae=0.397 r2=0.369 pcc=0.800 | ES 24/100
2026-05-21 10:21:10,117 | INFO |   Ep  37/300 | Tr loss=0.1625 mae=0.437 r2=0.612 pcc=0.784 | Vl loss=0.1551 mae=0.397 r2=0.369 pcc=0.800 | ES 24/100
  Ep  38/300 | Tr loss=0.1678 mae=0.443 r2=0.608 pcc=0.781 | Vl loss=0.1425 mae=0.360 r2=0.419 pcc=0.811 | ES 25/100
2026-05-21 10:21:42,229 | INFO |   Ep  38/300 | Tr loss=0.1678 mae=0.443 r2=0.608 pcc=0.781 | Vl loss=0.1425 mae=0.360 r2=0.419 pcc=0.811 | ES 25/100
  Ep  39/300 | Tr loss=0.1682 mae=0.443 r2=0.600 pcc=0.776 | Vl loss=0.1378 mae=0.354 r2=0.446 pcc=0.809 | ES 26/100
2026-05-21 10:22:14,315 | INFO |   Ep  39/300 | Tr loss=0.1682 mae=0.443 r2=0.600 pcc=0.776 | Vl loss=0.1378 mae=0.354 r2=0.446 pcc=0.809 | ES 26/100
  Ep  40/300 | Tr loss=0.1716 mae=0.448 r2=0.600 pcc=0.775 | Vl loss=0.1261 mae=0.330 r2=0.502 pcc=0.816 | ES 27/100
2026-05-21 10:22:46,674 | INFO |   Ep  40/300 | Tr loss=0.1716 mae=0.448 r2=0.600 pcc=0.775 | Vl loss=0.1261 mae=0.330 r2=0.502 pcc=0.816 | ES 27/100
  Ep  41/300 | Tr loss=0.1652 mae=0.441 r2=0.608 pcc=0.781 | Vl loss=0.1527 mae=0.401 r2=0.387 pcc=0.798 | ES 28/100
2026-05-21 10:23:18,893 | INFO |   Ep  41/300 | Tr loss=0.1652 mae=0.441 r2=0.608 pcc=0.781 | Vl loss=0.1527 mae=0.401 r2=0.387 pcc=0.798 | ES 28/100
  Ep  42/300 | Tr loss=0.1658 mae=0.442 r2=0.609 pcc=0.781 | Vl loss=0.1419 mae=0.377 r2=0.434 pcc=0.796 | ES 29/100
2026-05-21 10:23:51,229 | INFO |   Ep  42/300 | Tr loss=0.1658 mae=0.442 r2=0.609 pcc=0.781 | Vl loss=0.1419 mae=0.377 r2=0.434 pcc=0.796 | ES 29/100
  Ep  43/300 | Tr loss=0.1640 mae=0.433 r2=0.617 pcc=0.786 | Vl loss=0.1509 mae=0.394 r2=0.396 pcc=0.805 | ES 30/100
2026-05-21 10:24:23,434 | INFO |   Ep  43/300 | Tr loss=0.1640 mae=0.433 r2=0.617 pcc=0.786 | Vl loss=0.1509 mae=0.394 r2=0.396 pcc=0.805 | ES 30/100
  Ep  44/300 | Tr loss=0.1656 mae=0.433 r2=0.609 pcc=0.781 | Vl loss=0.1398 mae=0.356 r2=0.435 pcc=0.796 | ES 31/100
2026-05-21 10:24:55,682 | INFO |   Ep  44/300 | Tr loss=0.1656 mae=0.433 r2=0.609 pcc=0.781 | Vl loss=0.1398 mae=0.356 r2=0.435 pcc=0.796 | ES 31/100
  Ep  45/300 | Tr loss=0.1609 mae=0.434 r2=0.607 pcc=0.780 | Vl loss=0.1457 mae=0.383 r2=0.420 pcc=0.800 | ES 32/100
2026-05-21 10:25:27,935 | INFO |   Ep  45/300 | Tr loss=0.1609 mae=0.434 r2=0.607 pcc=0.780 | Vl loss=0.1457 mae=0.383 r2=0.420 pcc=0.800 | ES 32/100
  Ep  46/300 | Tr loss=0.1690 mae=0.443 r2=0.596 pcc=0.773 | Vl loss=0.1212 mae=0.328 r2=0.519 pcc=0.810 | ES 33/100
2026-05-21 10:26:00,131 | INFO |   Ep  46/300 | Tr loss=0.1690 mae=0.443 r2=0.596 pcc=0.773 | Vl loss=0.1212 mae=0.328 r2=0.519 pcc=0.810 | ES 33/100
  Ep  47/300 | Tr loss=0.1709 mae=0.447 r2=0.611 pcc=0.783 | Vl loss=0.1620 mae=0.427 r2=0.358 pcc=0.797 | ES 34/100
2026-05-21 10:26:32,567 | INFO |   Ep  47/300 | Tr loss=0.1709 mae=0.447 r2=0.611 pcc=0.783 | Vl loss=0.1620 mae=0.427 r2=0.358 pcc=0.797 | ES 34/100
  Ep  48/300 | Tr loss=0.1637 mae=0.438 r2=0.606 pcc=0.780 | Vl loss=0.1309 mae=0.358 r2=0.491 pcc=0.819 | ES 35/100
2026-05-21 10:27:05,104 | INFO |   Ep  48/300 | Tr loss=0.1637 mae=0.438 r2=0.606 pcc=0.780 | Vl loss=0.1309 mae=0.358 r2=0.491 pcc=0.819 | ES 35/100
  Ep  49/300 | Tr loss=0.1602 mae=0.432 r2=0.619 pcc=0.787 | Vl loss=0.1449 mae=0.382 r2=0.427 pcc=0.802 | ES 36/100
2026-05-21 10:27:37,331 | INFO |   Ep  49/300 | Tr loss=0.1602 mae=0.432 r2=0.619 pcc=0.787 | Vl loss=0.1449 mae=0.382 r2=0.427 pcc=0.802 | ES 36/100
  Ep  50/300 | Tr loss=0.1669 mae=0.441 r2=0.604 pcc=0.778 | Vl loss=0.2019 mae=0.517 r2=0.225 pcc=0.788 | ES 37/100
2026-05-21 10:28:09,614 | INFO |   Ep  50/300 | Tr loss=0.1669 mae=0.441 r2=0.604 pcc=0.778 | Vl loss=0.2019 mae=0.517 r2=0.225 pcc=0.788 | ES 37/100
  Ep  51/300 | Tr loss=0.1657 mae=0.434 r2=0.617 pcc=0.787 | Vl loss=0.1382 mae=0.364 r2=0.447 pcc=0.806 | ES 38/100
2026-05-21 10:28:41,735 | INFO |   Ep  51/300 | Tr loss=0.1657 mae=0.434 r2=0.617 pcc=0.787 | Vl loss=0.1382 mae=0.364 r2=0.447 pcc=0.806 | ES 38/100
  Ep  52/300 | Tr loss=0.1665 mae=0.438 r2=0.606 pcc=0.780 | Vl loss=0.1538 mae=0.405 r2=0.391 pcc=0.798 | ES 39/100
2026-05-21 10:29:14,069 | INFO |   Ep  52/300 | Tr loss=0.1665 mae=0.438 r2=0.606 pcc=0.780 | Vl loss=0.1538 mae=0.405 r2=0.391 pcc=0.798 | ES 39/100
  Ep  53/300 | Tr loss=0.1615 mae=0.426 r2=0.617 pcc=0.786 | Vl loss=0.1367 mae=0.350 r2=0.454 pcc=0.811 | ES 40/100
2026-05-21 10:29:46,538 | INFO |   Ep  53/300 | Tr loss=0.1615 mae=0.426 r2=0.617 pcc=0.786 | Vl loss=0.1367 mae=0.350 r2=0.454 pcc=0.811 | ES 40/100
  Ep  54/300 | Tr loss=0.1571 mae=0.427 r2=0.620 pcc=0.788 | Vl loss=0.1437 mae=0.393 r2=0.439 pcc=0.813 | ES 41/100
2026-05-21 10:30:19,058 | INFO |   Ep  54/300 | Tr loss=0.1571 mae=0.427 r2=0.620 pcc=0.788 | Vl loss=0.1437 mae=0.393 r2=0.439 pcc=0.813 | ES 41/100
  Ep  55/300 | Tr loss=0.1647 mae=0.436 r2=0.611 pcc=0.783 | Vl loss=0.1602 mae=0.439 r2=0.389 pcc=0.807 | ES 42/100
2026-05-21 10:30:51,509 | INFO |   Ep  55/300 | Tr loss=0.1647 mae=0.436 r2=0.611 pcc=0.783 | Vl loss=0.1602 mae=0.439 r2=0.389 pcc=0.807 | ES 42/100
  Ep  56/300 | Tr loss=0.1582 mae=0.428 r2=0.631 pcc=0.795 | Vl loss=0.1377 mae=0.369 r2=0.460 pcc=0.814 | ES 43/100
2026-05-21 10:31:23,779 | INFO |   Ep  56/300 | Tr loss=0.1582 mae=0.428 r2=0.631 pcc=0.795 | Vl loss=0.1377 mae=0.369 r2=0.460 pcc=0.814 | ES 43/100
  Ep  57/300 | Tr loss=0.1630 mae=0.430 r2=0.620 pcc=0.788 | Vl loss=0.1220 mae=0.345 r2=0.527 pcc=0.824 | ES 44/100
2026-05-21 10:31:56,177 | INFO |   Ep  57/300 | Tr loss=0.1630 mae=0.430 r2=0.620 pcc=0.788 | Vl loss=0.1220 mae=0.345 r2=0.527 pcc=0.824 | ES 44/100
  Ep  58/300 | Tr loss=0.1622 mae=0.429 r2=0.618 pcc=0.787 | Vl loss=0.1321 mae=0.363 r2=0.483 pcc=0.821 | ES 45/100
2026-05-21 10:32:28,555 | INFO |   Ep  58/300 | Tr loss=0.1622 mae=0.429 r2=0.618 pcc=0.787 | Vl loss=0.1321 mae=0.363 r2=0.483 pcc=0.821 | ES 45/100
  Ep  59/300 | Tr loss=0.1584 mae=0.425 r2=0.636 pcc=0.798 | Vl loss=0.1133 mae=0.323 r2=0.564 pcc=0.829 | ES 46/100
2026-05-21 10:33:00,752 | INFO |   Ep  59/300 | Tr loss=0.1584 mae=0.425 r2=0.636 pcc=0.798 | Vl loss=0.1133 mae=0.323 r2=0.564 pcc=0.829 | ES 46/100
  Ep  60/300 | Tr loss=0.1654 mae=0.432 r2=0.607 pcc=0.781 | Vl loss=0.1118 mae=0.318 r2=0.570 pcc=0.828 | ES 47/100
2026-05-21 10:33:32,968 | INFO |   Ep  60/300 | Tr loss=0.1654 mae=0.432 r2=0.607 pcc=0.781 | Vl loss=0.1118 mae=0.318 r2=0.570 pcc=0.828 | ES 47/100
  Ep  61/300 | Tr loss=0.1573 mae=0.425 r2=0.635 pcc=0.797 | Vl loss=0.1317 mae=0.340 r2=0.477 pcc=0.816 | ES 48/100
2026-05-21 10:34:05,093 | INFO |   Ep  61/300 | Tr loss=0.1573 mae=0.425 r2=0.635 pcc=0.797 | Vl loss=0.1317 mae=0.340 r2=0.477 pcc=0.816 | ES 48/100
  Ep  62/300 | Tr loss=0.1588 mae=0.426 r2=0.629 pcc=0.794 | Vl loss=0.1201 mae=0.337 r2=0.536 pcc=0.825 | ES 49/100
2026-05-21 10:34:37,258 | INFO |   Ep  62/300 | Tr loss=0.1588 mae=0.426 r2=0.629 pcc=0.794 | Vl loss=0.1201 mae=0.337 r2=0.536 pcc=0.825 | ES 49/100
  Ep  63/300 | Tr loss=0.1558 mae=0.422 r2=0.629 pcc=0.794 | Vl loss=0.1186 mae=0.336 r2=0.542 pcc=0.826 | ES 50/100
2026-05-21 10:35:09,522 | INFO |   Ep  63/300 | Tr loss=0.1558 mae=0.422 r2=0.629 pcc=0.794 | Vl loss=0.1186 mae=0.336 r2=0.542 pcc=0.826 | ES 50/100
  Ep  64/300 | Tr loss=0.1621 mae=0.426 r2=0.626 pcc=0.792 | Vl loss=0.1243 mae=0.330 r2=0.508 pcc=0.818 | ES 51/100
2026-05-21 10:35:41,741 | INFO |   Ep  64/300 | Tr loss=0.1621 mae=0.426 r2=0.626 pcc=0.792 | Vl loss=0.1243 mae=0.330 r2=0.508 pcc=0.818 | ES 51/100
  Ep  65/300 | Tr loss=0.1589 mae=0.425 r2=0.621 pcc=0.789 | Vl loss=0.1212 mae=0.327 r2=0.524 pcc=0.824 | ES 52/100
2026-05-21 10:36:13,947 | INFO |   Ep  65/300 | Tr loss=0.1589 mae=0.425 r2=0.621 pcc=0.789 | Vl loss=0.1212 mae=0.327 r2=0.524 pcc=0.824 | ES 52/100
  Ep  66/300 | Tr loss=0.1553 mae=0.420 r2=0.629 pcc=0.794 | Vl loss=0.1092 mae=0.307 r2=0.578 pcc=0.829 | ES 53/100
2026-05-21 10:36:46,157 | INFO |   Ep  66/300 | Tr loss=0.1553 mae=0.420 r2=0.629 pcc=0.794 | Vl loss=0.1092 mae=0.307 r2=0.578 pcc=0.829 | ES 53/100
  Ep  67/300 | Tr loss=0.1550 mae=0.420 r2=0.626 pcc=0.792 | Vl loss=0.1089 mae=0.301 r2=0.580 pcc=0.835 | ES 54/100
2026-05-21 10:37:18,417 | INFO |   Ep  67/300 | Tr loss=0.1550 mae=0.420 r2=0.626 pcc=0.792 | Vl loss=0.1089 mae=0.301 r2=0.580 pcc=0.835 | ES 54/100
  Ep  68/300 | Tr loss=0.1567 mae=0.418 r2=0.630 pcc=0.795 | Vl loss=0.1157 mae=0.326 r2=0.555 pcc=0.834 | ES 55/100
2026-05-21 10:37:50,909 | INFO |   Ep  68/300 | Tr loss=0.1567 mae=0.418 r2=0.630 pcc=0.795 | Vl loss=0.1157 mae=0.326 r2=0.555 pcc=0.834 | ES 55/100
  Ep  69/300 | Tr loss=0.1607 mae=0.426 r2=0.621 pcc=0.789 | Vl loss=0.1083 mae=0.314 r2=0.588 pcc=0.835 | ES 56/100
2026-05-21 10:38:23,258 | INFO |   Ep  69/300 | Tr loss=0.1607 mae=0.426 r2=0.621 pcc=0.789 | Vl loss=0.1083 mae=0.314 r2=0.588 pcc=0.835 | ES 56/100
  Ep  70/300 | Tr loss=0.1671 mae=0.438 r2=0.617 pcc=0.786 | Vl loss=0.0989 mae=0.297 r2=0.627 pcc=0.840 | ES 57/100
2026-05-21 10:38:55,413 | INFO |   Ep  70/300 | Tr loss=0.1671 mae=0.438 r2=0.617 pcc=0.786 | Vl loss=0.0989 mae=0.297 r2=0.627 pcc=0.840 | ES 57/100
  Ep  71/300 | Tr loss=0.1561 mae=0.417 r2=0.636 pcc=0.798 | Vl loss=0.1051 mae=0.301 r2=0.600 pcc=0.838 | ES 58/100
2026-05-21 10:39:27,597 | INFO |   Ep  71/300 | Tr loss=0.1561 mae=0.417 r2=0.636 pcc=0.798 | Vl loss=0.1051 mae=0.301 r2=0.600 pcc=0.838 | ES 58/100
  Ep  72/300 | Tr loss=0.1553 mae=0.421 r2=0.628 pcc=0.794 | Vl loss=0.1165 mae=0.331 r2=0.552 pcc=0.827 | ES 59/100
2026-05-21 10:40:00,010 | INFO |   Ep  72/300 | Tr loss=0.1553 mae=0.421 r2=0.628 pcc=0.794 | Vl loss=0.1165 mae=0.331 r2=0.552 pcc=0.827 | ES 59/100
  Ep  73/300 | Tr loss=0.1575 mae=0.424 r2=0.620 pcc=0.789 | Vl loss=0.1077 mae=0.294 r2=0.588 pcc=0.830 | ES 60/100
2026-05-21 10:40:32,228 | INFO |   Ep  73/300 | Tr loss=0.1575 mae=0.424 r2=0.620 pcc=0.789 | Vl loss=0.1077 mae=0.294 r2=0.588 pcc=0.830 | ES 60/100
  Ep  74/300 | Tr loss=0.1602 mae=0.425 r2=0.630 pcc=0.795 | Vl loss=0.1017 mae=0.291 r2=0.614 pcc=0.838 | ES 61/100
2026-05-21 10:41:04,467 | INFO |   Ep  74/300 | Tr loss=0.1602 mae=0.425 r2=0.630 pcc=0.795 | Vl loss=0.1017 mae=0.291 r2=0.614 pcc=0.838 | ES 61/100
  Ep  75/300 | Tr loss=0.1540 mae=0.419 r2=0.625 pcc=0.791 | Vl loss=0.1059 mae=0.298 r2=0.596 pcc=0.834 | ES 62/100
2026-05-21 10:41:36,825 | INFO |   Ep  75/300 | Tr loss=0.1540 mae=0.419 r2=0.625 pcc=0.791 | Vl loss=0.1059 mae=0.298 r2=0.596 pcc=0.834 | ES 62/100
  Ep  76/300 | Tr loss=0.1570 mae=0.425 r2=0.629 pcc=0.794 | Vl loss=0.1100 mae=0.303 r2=0.575 pcc=0.832 | ES 63/100
2026-05-21 10:42:09,190 | INFO |   Ep  76/300 | Tr loss=0.1570 mae=0.425 r2=0.629 pcc=0.794 | Vl loss=0.1100 mae=0.303 r2=0.575 pcc=0.832 | ES 63/100
  Ep  77/300 | Tr loss=0.1513 mae=0.413 r2=0.642 pcc=0.802 | Vl loss=0.1097 mae=0.309 r2=0.579 pcc=0.834 | ES 64/100
2026-05-21 10:42:41,442 | INFO |   Ep  77/300 | Tr loss=0.1513 mae=0.413 r2=0.642 pcc=0.802 | Vl loss=0.1097 mae=0.309 r2=0.579 pcc=0.834 | ES 64/100
  Ep  78/300 | Tr loss=0.1595 mae=0.426 r2=0.619 pcc=0.788 | Vl loss=0.1018 mae=0.295 r2=0.614 pcc=0.841 | ES 65/100
2026-05-21 10:43:13,657 | INFO |   Ep  78/300 | Tr loss=0.1595 mae=0.426 r2=0.619 pcc=0.788 | Vl loss=0.1018 mae=0.295 r2=0.614 pcc=0.841 | ES 65/100
  Ep  79/300 | Tr loss=0.1596 mae=0.427 r2=0.624 pcc=0.790 | Vl loss=0.1063 mae=0.308 r2=0.594 pcc=0.843 | ES 66/100
2026-05-21 10:43:45,804 | INFO |   Ep  79/300 | Tr loss=0.1596 mae=0.427 r2=0.624 pcc=0.790 | Vl loss=0.1063 mae=0.308 r2=0.594 pcc=0.843 | ES 66/100
  Ep  80/300 | Tr loss=0.1527 mae=0.411 r2=0.640 pcc=0.801 | Vl loss=0.1103 mae=0.306 r2=0.575 pcc=0.838 | ES 67/100
2026-05-21 10:44:18,156 | INFO |   Ep  80/300 | Tr loss=0.1527 mae=0.411 r2=0.640 pcc=0.801 | Vl loss=0.1103 mae=0.306 r2=0.575 pcc=0.838 | ES 67/100
  Ep  81/300 | Tr loss=0.1534 mae=0.415 r2=0.638 pcc=0.800 | Vl loss=0.1147 mae=0.319 r2=0.555 pcc=0.833 | ES 68/100
2026-05-21 10:44:50,257 | INFO |   Ep  81/300 | Tr loss=0.1534 mae=0.415 r2=0.638 pcc=0.800 | Vl loss=0.1147 mae=0.319 r2=0.555 pcc=0.833 | ES 68/100
  Ep  82/300 | Tr loss=0.1452 mae=0.406 r2=0.651 pcc=0.808 | Vl loss=0.1019 mae=0.294 r2=0.612 pcc=0.839 | ES 69/100
2026-05-21 10:45:22,331 | INFO |   Ep  82/300 | Tr loss=0.1452 mae=0.406 r2=0.651 pcc=0.808 | Vl loss=0.1019 mae=0.294 r2=0.612 pcc=0.839 | ES 69/100
  Ep  83/300 | Tr loss=0.1594 mae=0.424 r2=0.630 pcc=0.795 | Vl loss=0.1109 mae=0.310 r2=0.574 pcc=0.832 | ES 70/100
2026-05-21 10:45:54,445 | INFO |   Ep  83/300 | Tr loss=0.1594 mae=0.424 r2=0.630 pcc=0.795 | Vl loss=0.1109 mae=0.310 r2=0.574 pcc=0.832 | ES 70/100
  Ep  84/300 | Tr loss=0.1621 mae=0.428 r2=0.610 pcc=0.783 | Vl loss=0.0987 mae=0.297 r2=0.631 pcc=0.844 | ES 71/100
2026-05-21 10:46:26,566 | INFO |   Ep  84/300 | Tr loss=0.1621 mae=0.428 r2=0.610 pcc=0.783 | Vl loss=0.0987 mae=0.297 r2=0.631 pcc=0.844 | ES 71/100
  Ep  85/300 | Tr loss=0.1489 mae=0.407 r2=0.643 pcc=0.803 | Vl loss=0.0953 mae=0.282 r2=0.641 pcc=0.845 | ES 0/100 ★
2026-05-21 10:46:58,939 | INFO |   Ep  85/300 | Tr loss=0.1489 mae=0.407 r2=0.643 pcc=0.803 | Vl loss=0.0953 mae=0.282 r2=0.641 pcc=0.845 | ES 0/100 ★
    ★ val_mae=0.2819  rmse=0.4523  r2=0.6414  pcc=0.8451
  Ep  86/300 | Tr loss=0.1556 mae=0.420 r2=0.629 pcc=0.794 | Vl loss=0.0982 mae=0.288 r2=0.629 pcc=0.841 | ES 1/100
2026-05-21 10:47:31,114 | INFO |   Ep  86/300 | Tr loss=0.1556 mae=0.420 r2=0.629 pcc=0.794 | Vl loss=0.0982 mae=0.288 r2=0.629 pcc=0.841 | ES 1/100
  Ep  87/300 | Tr loss=0.1571 mae=0.420 r2=0.640 pcc=0.800 | Vl loss=0.1099 mae=0.304 r2=0.576 pcc=0.843 | ES 2/100
2026-05-21 10:48:03,390 | INFO |   Ep  87/300 | Tr loss=0.1571 mae=0.420 r2=0.640 pcc=0.800 | Vl loss=0.1099 mae=0.304 r2=0.576 pcc=0.843 | ES 2/100
  Ep  88/300 | Tr loss=0.1566 mae=0.420 r2=0.625 pcc=0.791 | Vl loss=0.1016 mae=0.301 r2=0.615 pcc=0.840 | ES 3/100
2026-05-21 10:48:35,643 | INFO |   Ep  88/300 | Tr loss=0.1566 mae=0.420 r2=0.625 pcc=0.791 | Vl loss=0.1016 mae=0.301 r2=0.615 pcc=0.840 | ES 3/100
  Ep  89/300 | Tr loss=0.1518 mae=0.415 r2=0.635 pcc=0.798 | Vl loss=0.1043 mae=0.296 r2=0.603 pcc=0.839 | ES 4/100
2026-05-21 10:49:08,054 | INFO |   Ep  89/300 | Tr loss=0.1518 mae=0.415 r2=0.635 pcc=0.798 | Vl loss=0.1043 mae=0.296 r2=0.603 pcc=0.839 | ES 4/100
  Ep  90/300 | Tr loss=0.1506 mae=0.411 r2=0.631 pcc=0.795 | Vl loss=0.1103 mae=0.315 r2=0.579 pcc=0.837 | ES 5/100
2026-05-21 10:49:40,341 | INFO |   Ep  90/300 | Tr loss=0.1506 mae=0.411 r2=0.631 pcc=0.795 | Vl loss=0.1103 mae=0.315 r2=0.579 pcc=0.837 | ES 5/100
  Ep  91/300 | Tr loss=0.1535 mae=0.417 r2=0.636 pcc=0.798 | Vl loss=0.1054 mae=0.300 r2=0.599 pcc=0.838 | ES 6/100
2026-05-21 10:50:12,563 | INFO |   Ep  91/300 | Tr loss=0.1535 mae=0.417 r2=0.636 pcc=0.798 | Vl loss=0.1054 mae=0.300 r2=0.599 pcc=0.838 | ES 6/100
  Ep  92/300 | Tr loss=0.1634 mae=0.426 r2=0.617 pcc=0.787 | Vl loss=0.1173 mae=0.315 r2=0.539 pcc=0.824 | ES 7/100
2026-05-21 10:50:44,714 | INFO |   Ep  92/300 | Tr loss=0.1634 mae=0.426 r2=0.617 pcc=0.787 | Vl loss=0.1173 mae=0.315 r2=0.539 pcc=0.824 | ES 7/100
  Ep  93/300 | Tr loss=0.1560 mae=0.420 r2=0.633 pcc=0.797 | Vl loss=0.1129 mae=0.324 r2=0.570 pcc=0.825 | ES 8/100
2026-05-21 10:51:16,952 | INFO |   Ep  93/300 | Tr loss=0.1560 mae=0.420 r2=0.633 pcc=0.797 | Vl loss=0.1129 mae=0.324 r2=0.570 pcc=0.825 | ES 8/100
  Ep  94/300 | Tr loss=0.1532 mae=0.413 r2=0.640 pcc=0.801 | Vl loss=0.1170 mae=0.317 r2=0.541 pcc=0.826 | ES 9/100
2026-05-21 10:51:49,455 | INFO |   Ep  94/300 | Tr loss=0.1532 mae=0.413 r2=0.640 pcc=0.801 | Vl loss=0.1170 mae=0.317 r2=0.541 pcc=0.826 | ES 9/100
  Ep  95/300 | Tr loss=0.1501 mae=0.409 r2=0.648 pcc=0.806 | Vl loss=0.1166 mae=0.314 r2=0.539 pcc=0.824 | ES 10/100
2026-05-21 10:52:21,549 | INFO |   Ep  95/300 | Tr loss=0.1501 mae=0.409 r2=0.648 pcc=0.806 | Vl loss=0.1166 mae=0.314 r2=0.539 pcc=0.824 | ES 10/100
  Ep  96/300 | Tr loss=0.1583 mae=0.423 r2=0.625 pcc=0.792 | Vl loss=0.1100 mae=0.308 r2=0.570 pcc=0.819 | ES 11/100
2026-05-21 10:52:53,589 | INFO |   Ep  96/300 | Tr loss=0.1583 mae=0.423 r2=0.625 pcc=0.792 | Vl loss=0.1100 mae=0.308 r2=0.570 pcc=0.819 | ES 11/100
  Ep  97/300 | Tr loss=0.1527 mae=0.415 r2=0.637 pcc=0.798 | Vl loss=0.1172 mae=0.318 r2=0.537 pcc=0.816 | ES 12/100
2026-05-21 10:53:26,298 | INFO |   Ep  97/300 | Tr loss=0.1527 mae=0.415 r2=0.637 pcc=0.798 | Vl loss=0.1172 mae=0.318 r2=0.537 pcc=0.816 | ES 12/100
  Ep  98/300 | Tr loss=0.1515 mae=0.413 r2=0.642 pcc=0.802 | Vl loss=0.1221 mae=0.322 r2=0.520 pcc=0.820 | ES 13/100
2026-05-21 10:53:58,537 | INFO |   Ep  98/300 | Tr loss=0.1515 mae=0.413 r2=0.642 pcc=0.802 | Vl loss=0.1221 mae=0.322 r2=0.520 pcc=0.820 | ES 13/100
  Ep  99/300 | Tr loss=0.1511 mae=0.407 r2=0.640 pcc=0.801 | Vl loss=0.1233 mae=0.332 r2=0.518 pcc=0.822 | ES 14/100
2026-05-21 10:54:30,693 | INFO |   Ep  99/300 | Tr loss=0.1511 mae=0.407 r2=0.640 pcc=0.801 | Vl loss=0.1233 mae=0.332 r2=0.518 pcc=0.822 | ES 14/100
  Ep 100/300 | Tr loss=0.1522 mae=0.411 r2=0.649 pcc=0.806 | Vl loss=0.1153 mae=0.314 r2=0.553 pcc=0.824 | ES 15/100
2026-05-21 10:55:02,815 | INFO |   Ep 100/300 | Tr loss=0.1522 mae=0.411 r2=0.649 pcc=0.806 | Vl loss=0.1153 mae=0.314 r2=0.553 pcc=0.824 | ES 15/100
  Ep 101/300 | Tr loss=0.1516 mae=0.410 r2=0.637 pcc=0.799 | Vl loss=0.1146 mae=0.313 r2=0.551 pcc=0.824 | ES 16/100
2026-05-21 10:55:35,068 | INFO |   Ep 101/300 | Tr loss=0.1516 mae=0.410 r2=0.637 pcc=0.799 | Vl loss=0.1146 mae=0.313 r2=0.551 pcc=0.824 | ES 16/100
  Ep 102/300 | Tr loss=0.1599 mae=0.414 r2=0.639 pcc=0.800 | Vl loss=0.1030 mae=0.297 r2=0.609 pcc=0.830 | ES 17/100
2026-05-21 10:56:07,442 | INFO |   Ep 102/300 | Tr loss=0.1599 mae=0.414 r2=0.639 pcc=0.800 | Vl loss=0.1030 mae=0.297 r2=0.609 pcc=0.830 | ES 17/100
  Ep 103/300 | Tr loss=0.1553 mae=0.418 r2=0.627 pcc=0.793 | Vl loss=0.1100 mae=0.304 r2=0.572 pcc=0.822 | ES 18/100
2026-05-21 10:56:39,828 | INFO |   Ep 103/300 | Tr loss=0.1553 mae=0.418 r2=0.627 pcc=0.793 | Vl loss=0.1100 mae=0.304 r2=0.572 pcc=0.822 | ES 18/100
  Ep 104/300 | Tr loss=0.1513 mae=0.404 r2=0.650 pcc=0.807 | Vl loss=0.0979 mae=0.284 r2=0.628 pcc=0.835 | ES 19/100
2026-05-21 10:57:11,911 | INFO |   Ep 104/300 | Tr loss=0.1513 mae=0.404 r2=0.650 pcc=0.807 | Vl loss=0.0979 mae=0.284 r2=0.628 pcc=0.835 | ES 19/100
  Ep 105/300 | Tr loss=0.1580 mae=0.419 r2=0.631 pcc=0.795 | Vl loss=0.1155 mae=0.315 r2=0.549 pcc=0.820 | ES 20/100
2026-05-21 10:57:44,246 | INFO |   Ep 105/300 | Tr loss=0.1580 mae=0.419 r2=0.631 pcc=0.795 | Vl loss=0.1155 mae=0.315 r2=0.549 pcc=0.820 | ES 20/100
  Ep 106/300 | Tr loss=0.1499 mae=0.409 r2=0.647 pcc=0.805 | Vl loss=0.1132 mae=0.314 r2=0.561 pcc=0.823 | ES 21/100
2026-05-21 10:58:16,477 | INFO |   Ep 106/300 | Tr loss=0.1499 mae=0.409 r2=0.647 pcc=0.805 | Vl loss=0.1132 mae=0.314 r2=0.561 pcc=0.823 | ES 21/100
  Ep 107/300 | Tr loss=0.1531 mae=0.411 r2=0.636 pcc=0.798 | Vl loss=0.1243 mae=0.324 r2=0.507 pcc=0.821 | ES 22/100
2026-05-21 10:58:48,705 | INFO |   Ep 107/300 | Tr loss=0.1531 mae=0.411 r2=0.636 pcc=0.798 | Vl loss=0.1243 mae=0.324 r2=0.507 pcc=0.821 | ES 22/100
  Ep 108/300 | Tr loss=0.1516 mae=0.408 r2=0.651 pcc=0.808 | Vl loss=0.1104 mae=0.301 r2=0.572 pcc=0.827 | ES 23/100
2026-05-21 10:59:21,182 | INFO |   Ep 108/300 | Tr loss=0.1516 mae=0.408 r2=0.651 pcc=0.808 | Vl loss=0.1104 mae=0.301 r2=0.572 pcc=0.827 | ES 23/100
  Ep 109/300 | Tr loss=0.1496 mae=0.407 r2=0.647 pcc=0.805 | Vl loss=0.1097 mae=0.308 r2=0.580 pcc=0.824 | ES 24/100
2026-05-21 10:59:53,478 | INFO |   Ep 109/300 | Tr loss=0.1496 mae=0.407 r2=0.647 pcc=0.805 | Vl loss=0.1097 mae=0.308 r2=0.580 pcc=0.824 | ES 24/100
  Ep 110/300 | Tr loss=0.1491 mae=0.406 r2=0.648 pcc=0.805 | Vl loss=0.1117 mae=0.304 r2=0.565 pcc=0.820 | ES 25/100
2026-05-21 11:00:25,605 | INFO |   Ep 110/300 | Tr loss=0.1491 mae=0.406 r2=0.648 pcc=0.805 | Vl loss=0.1117 mae=0.304 r2=0.565 pcc=0.820 | ES 25/100
  Ep 111/300 | Tr loss=0.1447 mae=0.401 r2=0.650 pcc=0.807 | Vl loss=0.1203 mae=0.315 r2=0.524 pcc=0.820 | ES 26/100
2026-05-21 11:00:57,902 | INFO |   Ep 111/300 | Tr loss=0.1447 mae=0.401 r2=0.650 pcc=0.807 | Vl loss=0.1203 mae=0.315 r2=0.524 pcc=0.820 | ES 26/100
  Ep 112/300 | Tr loss=0.1546 mae=0.415 r2=0.630 pcc=0.795 | Vl loss=0.1069 mae=0.300 r2=0.588 pcc=0.822 | ES 27/100
2026-05-21 11:01:30,295 | INFO |   Ep 112/300 | Tr loss=0.1546 mae=0.415 r2=0.630 pcc=0.795 | Vl loss=0.1069 mae=0.300 r2=0.588 pcc=0.822 | ES 27/100
  Ep 113/300 | Tr loss=0.1557 mae=0.414 r2=0.630 pcc=0.795 | Vl loss=0.1072 mae=0.297 r2=0.586 pcc=0.820 | ES 28/100
2026-05-21 11:02:02,566 | INFO |   Ep 113/300 | Tr loss=0.1557 mae=0.414 r2=0.630 pcc=0.795 | Vl loss=0.1072 mae=0.297 r2=0.586 pcc=0.820 | ES 28/100
  Ep 114/300 | Tr loss=0.1501 mae=0.406 r2=0.647 pcc=0.805 | Vl loss=0.1116 mae=0.308 r2=0.568 pcc=0.817 | ES 29/100
2026-05-21 11:02:35,017 | INFO |   Ep 114/300 | Tr loss=0.1501 mae=0.406 r2=0.647 pcc=0.805 | Vl loss=0.1116 mae=0.308 r2=0.568 pcc=0.817 | ES 29/100
  Ep 115/300 | Tr loss=0.1510 mae=0.407 r2=0.645 pcc=0.803 | Vl loss=0.1058 mae=0.297 r2=0.595 pcc=0.818 | ES 30/100
2026-05-21 11:03:07,595 | INFO |   Ep 115/300 | Tr loss=0.1510 mae=0.407 r2=0.645 pcc=0.803 | Vl loss=0.1058 mae=0.297 r2=0.595 pcc=0.818 | ES 30/100
  Ep 116/300 | Tr loss=0.1479 mae=0.403 r2=0.649 pcc=0.806 | Vl loss=0.1118 mae=0.304 r2=0.564 pcc=0.822 | ES 31/100
2026-05-21 11:03:39,741 | INFO |   Ep 116/300 | Tr loss=0.1479 mae=0.403 r2=0.649 pcc=0.806 | Vl loss=0.1118 mae=0.304 r2=0.564 pcc=0.822 | ES 31/100
  Ep 117/300 | Tr loss=0.1551 mae=0.413 r2=0.644 pcc=0.804 | Vl loss=0.1149 mae=0.310 r2=0.553 pcc=0.824 | ES 32/100
2026-05-21 11:04:12,288 | INFO |   Ep 117/300 | Tr loss=0.1551 mae=0.413 r2=0.644 pcc=0.804 | Vl loss=0.1149 mae=0.310 r2=0.553 pcc=0.824 | ES 32/100
  Ep 118/300 | Tr loss=0.1470 mae=0.402 r2=0.653 pcc=0.808 | Vl loss=0.1222 mae=0.321 r2=0.519 pcc=0.819 | ES 33/100
2026-05-21 11:04:44,448 | INFO |   Ep 118/300 | Tr loss=0.1470 mae=0.402 r2=0.653 pcc=0.808 | Vl loss=0.1222 mae=0.321 r2=0.519 pcc=0.819 | ES 33/100
  Ep 119/300 | Tr loss=0.1482 mae=0.401 r2=0.657 pcc=0.811 | Vl loss=0.1110 mae=0.304 r2=0.571 pcc=0.815 | ES 34/100
2026-05-21 11:05:17,037 | INFO |   Ep 119/300 | Tr loss=0.1482 mae=0.401 r2=0.657 pcc=0.811 | Vl loss=0.1110 mae=0.304 r2=0.571 pcc=0.815 | ES 34/100
  Ep 120/300 | Tr loss=0.1515 mae=0.407 r2=0.638 pcc=0.799 | Vl loss=0.1133 mae=0.309 r2=0.560 pcc=0.817 | ES 35/100
2026-05-21 11:05:49,157 | INFO |   Ep 120/300 | Tr loss=0.1515 mae=0.407 r2=0.638 pcc=0.799 | Vl loss=0.1133 mae=0.309 r2=0.560 pcc=0.817 | ES 35/100
  Ep 121/300 | Tr loss=0.1456 mae=0.399 r2=0.651 pcc=0.808 | Vl loss=0.1137 mae=0.314 r2=0.558 pcc=0.817 | ES 36/100
2026-05-21 11:06:21,227 | INFO |   Ep 121/300 | Tr loss=0.1456 mae=0.399 r2=0.651 pcc=0.808 | Vl loss=0.1137 mae=0.314 r2=0.558 pcc=0.817 | ES 36/100
  Ep 122/300 | Tr loss=0.1467 mae=0.397 r2=0.657 pcc=0.811 | Vl loss=0.1160 mae=0.317 r2=0.548 pcc=0.820 | ES 37/100
2026-05-21 11:06:53,330 | INFO |   Ep 122/300 | Tr loss=0.1467 mae=0.397 r2=0.657 pcc=0.811 | Vl loss=0.1160 mae=0.317 r2=0.548 pcc=0.820 | ES 37/100
  Ep 123/300 | Tr loss=0.1477 mae=0.403 r2=0.651 pcc=0.808 | Vl loss=0.1202 mae=0.319 r2=0.527 pcc=0.817 | ES 38/100
2026-05-21 11:07:25,561 | INFO |   Ep 123/300 | Tr loss=0.1477 mae=0.403 r2=0.651 pcc=0.808 | Vl loss=0.1202 mae=0.319 r2=0.527 pcc=0.817 | ES 38/100
  Ep 124/300 | Tr loss=0.1547 mae=0.415 r2=0.635 pcc=0.798 | Vl loss=0.1206 mae=0.318 r2=0.525 pcc=0.808 | ES 39/100
2026-05-21 11:07:57,699 | INFO |   Ep 124/300 | Tr loss=0.1547 mae=0.415 r2=0.635 pcc=0.798 | Vl loss=0.1206 mae=0.318 r2=0.525 pcc=0.808 | ES 39/100
  Ep 125/300 | Tr loss=0.1514 mae=0.402 r2=0.647 pcc=0.806 | Vl loss=0.1174 mae=0.312 r2=0.540 pcc=0.818 | ES 40/100
2026-05-21 11:08:29,887 | INFO |   Ep 125/300 | Tr loss=0.1514 mae=0.402 r2=0.647 pcc=0.806 | Vl loss=0.1174 mae=0.312 r2=0.540 pcc=0.818 | ES 40/100
  Ep 126/300 | Tr loss=0.1532 mae=0.409 r2=0.639 pcc=0.800 | Vl loss=0.1191 mae=0.316 r2=0.529 pcc=0.819 | ES 41/100
2026-05-21 11:09:02,288 | INFO |   Ep 126/300 | Tr loss=0.1532 mae=0.409 r2=0.639 pcc=0.800 | Vl loss=0.1191 mae=0.316 r2=0.529 pcc=0.819 | ES 41/100
  Ep 127/300 | Tr loss=0.1558 mae=0.416 r2=0.632 pcc=0.796 | Vl loss=0.1111 mae=0.302 r2=0.567 pcc=0.816 | ES 42/100
2026-05-21 11:09:34,711 | INFO |   Ep 127/300 | Tr loss=0.1558 mae=0.416 r2=0.632 pcc=0.796 | Vl loss=0.1111 mae=0.302 r2=0.567 pcc=0.816 | ES 42/100
  Ep 128/300 | Tr loss=0.1486 mae=0.404 r2=0.633 pcc=0.796 | Vl loss=0.1156 mae=0.307 r2=0.547 pcc=0.818 | ES 43/100
2026-05-21 11:10:07,054 | INFO |   Ep 128/300 | Tr loss=0.1486 mae=0.404 r2=0.633 pcc=0.796 | Vl loss=0.1156 mae=0.307 r2=0.547 pcc=0.818 | ES 43/100
  Ep 129/300 | Tr loss=0.1483 mae=0.397 r2=0.662 pcc=0.814 | Vl loss=0.1223 mae=0.330 r2=0.521 pcc=0.814 | ES 44/100
2026-05-21 11:10:39,214 | INFO |   Ep 129/300 | Tr loss=0.1483 mae=0.397 r2=0.662 pcc=0.814 | Vl loss=0.1223 mae=0.330 r2=0.521 pcc=0.814 | ES 44/100
  Ep 130/300 | Tr loss=0.1489 mae=0.404 r2=0.651 pcc=0.807 | Vl loss=0.1162 mae=0.306 r2=0.543 pcc=0.816 | ES 45/100
2026-05-21 11:11:11,571 | INFO |   Ep 130/300 | Tr loss=0.1489 mae=0.404 r2=0.651 pcc=0.807 | Vl loss=0.1162 mae=0.306 r2=0.543 pcc=0.816 | ES 45/100
  Ep 131/300 | Tr loss=0.1461 mae=0.400 r2=0.653 pcc=0.809 | Vl loss=0.1129 mae=0.308 r2=0.563 pcc=0.819 | ES 46/100
2026-05-21 11:11:43,709 | INFO |   Ep 131/300 | Tr loss=0.1461 mae=0.400 r2=0.653 pcc=0.809 | Vl loss=0.1129 mae=0.308 r2=0.563 pcc=0.819 | ES 46/100
  Ep 132/300 | Tr loss=0.1459 mae=0.399 r2=0.650 pcc=0.807 | Vl loss=0.1191 mae=0.318 r2=0.532 pcc=0.823 | ES 47/100
2026-05-21 11:12:16,012 | INFO |   Ep 132/300 | Tr loss=0.1459 mae=0.399 r2=0.650 pcc=0.807 | Vl loss=0.1191 mae=0.318 r2=0.532 pcc=0.823 | ES 47/100
  Ep 133/300 | Tr loss=0.1462 mae=0.399 r2=0.649 pcc=0.806 | Vl loss=0.1164 mae=0.313 r2=0.546 pcc=0.816 | ES 48/100
2026-05-21 11:12:48,347 | INFO |   Ep 133/300 | Tr loss=0.1462 mae=0.399 r2=0.649 pcc=0.806 | Vl loss=0.1164 mae=0.313 r2=0.546 pcc=0.816 | ES 48/100
  Ep 134/300 | Tr loss=0.1486 mae=0.399 r2=0.648 pcc=0.806 | Vl loss=0.1087 mae=0.305 r2=0.584 pcc=0.823 | ES 49/100
2026-05-21 11:13:20,628 | INFO |   Ep 134/300 | Tr loss=0.1486 mae=0.399 r2=0.648 pcc=0.806 | Vl loss=0.1087 mae=0.305 r2=0.584 pcc=0.823 | ES 49/100
  Ep 135/300 | Tr loss=0.1527 mae=0.405 r2=0.646 pcc=0.805 | Vl loss=0.1132 mae=0.306 r2=0.558 pcc=0.823 | ES 50/100
2026-05-21 11:13:52,636 | INFO |   Ep 135/300 | Tr loss=0.1527 mae=0.405 r2=0.646 pcc=0.805 | Vl loss=0.1132 mae=0.306 r2=0.558 pcc=0.823 | ES 50/100
  Ep 136/300 | Tr loss=0.1502 mae=0.403 r2=0.647 pcc=0.805 | Vl loss=0.1138 mae=0.311 r2=0.557 pcc=0.826 | ES 51/100
2026-05-21 11:14:25,046 | INFO |   Ep 136/300 | Tr loss=0.1502 mae=0.403 r2=0.647 pcc=0.805 | Vl loss=0.1138 mae=0.311 r2=0.557 pcc=0.826 | ES 51/100
  Ep 137/300 | Tr loss=0.1543 mae=0.408 r2=0.642 pcc=0.802 | Vl loss=0.1036 mae=0.296 r2=0.603 pcc=0.824 | ES 52/100
2026-05-21 11:14:57,511 | INFO |   Ep 137/300 | Tr loss=0.1543 mae=0.408 r2=0.642 pcc=0.802 | Vl loss=0.1036 mae=0.296 r2=0.603 pcc=0.824 | ES 52/100
  Ep 138/300 | Tr loss=0.1411 mae=0.391 r2=0.653 pcc=0.809 | Vl loss=0.1149 mae=0.318 r2=0.555 pcc=0.821 | ES 53/100
2026-05-21 11:15:29,824 | INFO |   Ep 138/300 | Tr loss=0.1411 mae=0.391 r2=0.653 pcc=0.809 | Vl loss=0.1149 mae=0.318 r2=0.555 pcc=0.821 | ES 53/100
  Ep 139/300 | Tr loss=0.1516 mae=0.404 r2=0.650 pcc=0.807 | Vl loss=0.1162 mae=0.314 r2=0.544 pcc=0.823 | ES 54/100
2026-05-21 11:16:02,234 | INFO |   Ep 139/300 | Tr loss=0.1516 mae=0.404 r2=0.650 pcc=0.807 | Vl loss=0.1162 mae=0.314 r2=0.544 pcc=0.823 | ES 54/100
  Ep 140/300 | Tr loss=0.1495 mae=0.403 r2=0.650 pcc=0.807 | Vl loss=0.1157 mae=0.312 r2=0.546 pcc=0.824 | ES 55/100
2026-05-21 11:16:34,537 | INFO |   Ep 140/300 | Tr loss=0.1495 mae=0.403 r2=0.650 pcc=0.807 | Vl loss=0.1157 mae=0.312 r2=0.546 pcc=0.824 | ES 55/100
  Ep 141/300 | Tr loss=0.1437 mae=0.397 r2=0.655 pcc=0.810 | Vl loss=0.1110 mae=0.308 r2=0.568 pcc=0.818 | ES 56/100
2026-05-21 11:17:06,719 | INFO |   Ep 141/300 | Tr loss=0.1437 mae=0.397 r2=0.655 pcc=0.810 | Vl loss=0.1110 mae=0.308 r2=0.568 pcc=0.818 | ES 56/100
  Ep 142/300 | Tr loss=0.1517 mae=0.401 r2=0.653 pcc=0.809 | Vl loss=0.1107 mae=0.304 r2=0.570 pcc=0.823 | ES 57/100
2026-05-21 11:17:38,859 | INFO |   Ep 142/300 | Tr loss=0.1517 mae=0.401 r2=0.653 pcc=0.809 | Vl loss=0.1107 mae=0.304 r2=0.570 pcc=0.823 | ES 57/100
  Ep 143/300 | Tr loss=0.1468 mae=0.400 r2=0.654 pcc=0.810 | Vl loss=0.1144 mae=0.311 r2=0.554 pcc=0.823 | ES 58/100
2026-05-21 11:18:11,078 | INFO |   Ep 143/300 | Tr loss=0.1468 mae=0.400 r2=0.654 pcc=0.810 | Vl loss=0.1144 mae=0.311 r2=0.554 pcc=0.823 | ES 58/100
  Ep 144/300 | Tr loss=0.1422 mae=0.395 r2=0.663 pcc=0.815 | Vl loss=0.1225 mae=0.317 r2=0.517 pcc=0.817 | ES 59/100
2026-05-21 11:18:43,437 | INFO |   Ep 144/300 | Tr loss=0.1422 mae=0.395 r2=0.663 pcc=0.815 | Vl loss=0.1225 mae=0.317 r2=0.517 pcc=0.817 | ES 59/100
  Ep 145/300 | Tr loss=0.1399 mae=0.390 r2=0.673 pcc=0.821 | Vl loss=0.1199 mae=0.317 r2=0.525 pcc=0.820 | ES 60/100
2026-05-21 11:19:15,714 | INFO |   Ep 145/300 | Tr loss=0.1399 mae=0.390 r2=0.673 pcc=0.821 | Vl loss=0.1199 mae=0.317 r2=0.525 pcc=0.820 | ES 60/100
  Ep 146/300 | Tr loss=0.1464 mae=0.400 r2=0.645 pcc=0.804 | Vl loss=0.1163 mae=0.313 r2=0.542 pcc=0.819 | ES 61/100
2026-05-21 11:19:48,103 | INFO |   Ep 146/300 | Tr loss=0.1464 mae=0.400 r2=0.645 pcc=0.804 | Vl loss=0.1163 mae=0.313 r2=0.542 pcc=0.819 | ES 61/100
  Ep 147/300 | Tr loss=0.1485 mae=0.405 r2=0.645 pcc=0.804 | Vl loss=0.1104 mae=0.306 r2=0.566 pcc=0.815 | ES 62/100
2026-05-21 11:20:20,231 | INFO |   Ep 147/300 | Tr loss=0.1485 mae=0.405 r2=0.645 pcc=0.804 | Vl loss=0.1104 mae=0.306 r2=0.566 pcc=0.815 | ES 62/100
  Ep 148/300 | Tr loss=0.1468 mae=0.399 r2=0.659 pcc=0.812 | Vl loss=0.1112 mae=0.302 r2=0.564 pcc=0.817 | ES 63/100
2026-05-21 11:20:52,854 | INFO |   Ep 148/300 | Tr loss=0.1468 mae=0.399 r2=0.659 pcc=0.812 | Vl loss=0.1112 mae=0.302 r2=0.564 pcc=0.817 | ES 63/100
  Ep 149/300 | Tr loss=0.1533 mae=0.405 r2=0.642 pcc=0.802 | Vl loss=0.1058 mae=0.301 r2=0.593 pcc=0.817 | ES 64/100
2026-05-21 11:21:25,048 | INFO |   Ep 149/300 | Tr loss=0.1533 mae=0.405 r2=0.642 pcc=0.802 | Vl loss=0.1058 mae=0.301 r2=0.593 pcc=0.817 | ES 64/100
  Ep 150/300 | Tr loss=0.1484 mae=0.406 r2=0.641 pcc=0.802 | Vl loss=0.1082 mae=0.307 r2=0.585 pcc=0.820 | ES 65/100
2026-05-21 11:21:57,301 | INFO |   Ep 150/300 | Tr loss=0.1484 mae=0.406 r2=0.641 pcc=0.802 | Vl loss=0.1082 mae=0.307 r2=0.585 pcc=0.820 | ES 65/100
  Ep 151/300 | Tr loss=0.1476 mae=0.400 r2=0.656 pcc=0.811 | Vl loss=0.1076 mae=0.304 r2=0.583 pcc=0.822 | ES 66/100
2026-05-21 11:22:29,397 | INFO |   Ep 151/300 | Tr loss=0.1476 mae=0.400 r2=0.656 pcc=0.811 | Vl loss=0.1076 mae=0.304 r2=0.583 pcc=0.822 | ES 66/100
  Ep 152/300 | Tr loss=0.1414 mae=0.393 r2=0.661 pcc=0.814 | Vl loss=0.1074 mae=0.308 r2=0.586 pcc=0.819 | ES 67/100
2026-05-21 11:23:01,821 | INFO |   Ep 152/300 | Tr loss=0.1414 mae=0.393 r2=0.661 pcc=0.814 | Vl loss=0.1074 mae=0.308 r2=0.586 pcc=0.819 | ES 67/100
  Ep 153/300 | Tr loss=0.1413 mae=0.395 r2=0.660 pcc=0.813 | Vl loss=0.1022 mae=0.296 r2=0.608 pcc=0.818 | ES 68/100
2026-05-21 11:23:33,984 | INFO |   Ep 153/300 | Tr loss=0.1413 mae=0.395 r2=0.660 pcc=0.813 | Vl loss=0.1022 mae=0.296 r2=0.608 pcc=0.818 | ES 68/100
  Ep 154/300 | Tr loss=0.1441 mae=0.398 r2=0.654 pcc=0.809 | Vl loss=0.1246 mae=0.329 r2=0.511 pcc=0.811 | ES 69/100
2026-05-21 11:24:06,247 | INFO |   Ep 154/300 | Tr loss=0.1441 mae=0.398 r2=0.654 pcc=0.809 | Vl loss=0.1246 mae=0.329 r2=0.511 pcc=0.811 | ES 69/100
  Ep 155/300 | Tr loss=0.1452 mae=0.398 r2=0.658 pcc=0.812 | Vl loss=0.1086 mae=0.300 r2=0.577 pcc=0.822 | ES 70/100
2026-05-21 11:24:38,502 | INFO |   Ep 155/300 | Tr loss=0.1452 mae=0.398 r2=0.658 pcc=0.812 | Vl loss=0.1086 mae=0.300 r2=0.577 pcc=0.822 | ES 70/100
  Ep 156/300 | Tr loss=0.1433 mae=0.392 r2=0.662 pcc=0.814 | Vl loss=0.1200 mae=0.322 r2=0.526 pcc=0.812 | ES 71/100
2026-05-21 11:25:11,102 | INFO |   Ep 156/300 | Tr loss=0.1433 mae=0.392 r2=0.662 pcc=0.814 | Vl loss=0.1200 mae=0.322 r2=0.526 pcc=0.812 | ES 71/100
  Ep 157/300 | Tr loss=0.1466 mae=0.399 r2=0.656 pcc=0.811 | Vl loss=0.1201 mae=0.318 r2=0.524 pcc=0.812 | ES 72/100
2026-05-21 11:25:43,555 | INFO |   Ep 157/300 | Tr loss=0.1466 mae=0.399 r2=0.656 pcc=0.811 | Vl loss=0.1201 mae=0.318 r2=0.524 pcc=0.812 | ES 72/100
  Ep 158/300 | Tr loss=0.1461 mae=0.399 r2=0.657 pcc=0.811 | Vl loss=0.1235 mae=0.322 r2=0.511 pcc=0.819 | ES 73/100
2026-05-21 11:26:16,041 | INFO |   Ep 158/300 | Tr loss=0.1461 mae=0.399 r2=0.657 pcc=0.811 | Vl loss=0.1235 mae=0.322 r2=0.511 pcc=0.819 | ES 73/100
  Ep 159/300 | Tr loss=0.1498 mae=0.401 r2=0.642 pcc=0.803 | Vl loss=0.1085 mae=0.304 r2=0.583 pcc=0.825 | ES 74/100
2026-05-21 11:26:48,276 | INFO |   Ep 159/300 | Tr loss=0.1498 mae=0.401 r2=0.642 pcc=0.803 | Vl loss=0.1085 mae=0.304 r2=0.583 pcc=0.825 | ES 74/100
  Ep 160/300 | Tr loss=0.1468 mae=0.398 r2=0.660 pcc=0.813 | Vl loss=0.1156 mae=0.312 r2=0.547 pcc=0.815 | ES 75/100
2026-05-21 11:27:20,536 | INFO |   Ep 160/300 | Tr loss=0.1468 mae=0.398 r2=0.660 pcc=0.813 | Vl loss=0.1156 mae=0.312 r2=0.547 pcc=0.815 | ES 75/100
  Ep 161/300 | Tr loss=0.1575 mae=0.420 r2=0.628 pcc=0.793 | Vl loss=0.1157 mae=0.315 r2=0.549 pcc=0.812 | ES 76/100
2026-05-21 11:27:52,733 | INFO |   Ep 161/300 | Tr loss=0.1575 mae=0.420 r2=0.628 pcc=0.793 | Vl loss=0.1157 mae=0.315 r2=0.549 pcc=0.812 | ES 76/100
  Ep 162/300 | Tr loss=0.1487 mae=0.401 r2=0.651 pcc=0.807 | Vl loss=0.1185 mae=0.316 r2=0.535 pcc=0.814 | ES 77/100
2026-05-21 11:28:24,909 | INFO |   Ep 162/300 | Tr loss=0.1487 mae=0.401 r2=0.651 pcc=0.807 | Vl loss=0.1185 mae=0.316 r2=0.535 pcc=0.814 | ES 77/100
  Ep 163/300 | Tr loss=0.1440 mae=0.396 r2=0.654 pcc=0.810 | Vl loss=0.1246 mae=0.329 r2=0.503 pcc=0.811 | ES 78/100
2026-05-21 11:28:57,267 | INFO |   Ep 163/300 | Tr loss=0.1440 mae=0.396 r2=0.654 pcc=0.810 | Vl loss=0.1246 mae=0.329 r2=0.503 pcc=0.811 | ES 78/100
  Ep 164/300 | Tr loss=0.1421 mae=0.394 r2=0.654 pcc=0.810 | Vl loss=0.1183 mae=0.314 r2=0.537 pcc=0.817 | ES 79/100
2026-05-21 11:29:29,579 | INFO |   Ep 164/300 | Tr loss=0.1421 mae=0.394 r2=0.654 pcc=0.810 | Vl loss=0.1183 mae=0.314 r2=0.537 pcc=0.817 | ES 79/100
  Ep 165/300 | Tr loss=0.1448 mae=0.396 r2=0.651 pcc=0.807 | Vl loss=0.1232 mae=0.328 r2=0.517 pcc=0.814 | ES 80/100
2026-05-21 11:30:01,988 | INFO |   Ep 165/300 | Tr loss=0.1448 mae=0.396 r2=0.651 pcc=0.807 | Vl loss=0.1232 mae=0.328 r2=0.517 pcc=0.814 | ES 80/100
  Ep 166/300 | Tr loss=0.1514 mae=0.401 r2=0.645 pcc=0.804 | Vl loss=0.1235 mae=0.325 r2=0.514 pcc=0.818 | ES 81/100
2026-05-21 11:30:34,213 | INFO |   Ep 166/300 | Tr loss=0.1514 mae=0.401 r2=0.645 pcc=0.804 | Vl loss=0.1235 mae=0.325 r2=0.514 pcc=0.818 | ES 81/100
  Ep 167/300 | Tr loss=0.1419 mae=0.393 r2=0.661 pcc=0.814 | Vl loss=0.1246 mae=0.327 r2=0.504 pcc=0.813 | ES 82/100
2026-05-21 11:31:06,226 | INFO |   Ep 167/300 | Tr loss=0.1419 mae=0.393 r2=0.661 pcc=0.814 | Vl loss=0.1246 mae=0.327 r2=0.504 pcc=0.813 | ES 82/100
  Ep 168/300 | Tr loss=0.1397 mae=0.393 r2=0.675 pcc=0.822 | Vl loss=0.1238 mae=0.320 r2=0.504 pcc=0.810 | ES 83/100
2026-05-21 11:31:38,536 | INFO |   Ep 168/300 | Tr loss=0.1397 mae=0.393 r2=0.675 pcc=0.822 | Vl loss=0.1238 mae=0.320 r2=0.504 pcc=0.810 | ES 83/100
  Ep 169/300 | Tr loss=0.1472 mae=0.400 r2=0.656 pcc=0.811 | Vl loss=0.1249 mae=0.326 r2=0.504 pcc=0.819 | ES 84/100
2026-05-21 11:32:10,920 | INFO |   Ep 169/300 | Tr loss=0.1472 mae=0.400 r2=0.656 pcc=0.811 | Vl loss=0.1249 mae=0.326 r2=0.504 pcc=0.819 | ES 84/100
  Ep 170/300 | Tr loss=0.1414 mae=0.392 r2=0.668 pcc=0.818 | Vl loss=0.1241 mae=0.321 r2=0.508 pcc=0.817 | ES 85/100
2026-05-21 11:32:43,103 | INFO |   Ep 170/300 | Tr loss=0.1414 mae=0.392 r2=0.668 pcc=0.818 | Vl loss=0.1241 mae=0.321 r2=0.508 pcc=0.817 | ES 85/100
  Ep 171/300 | Tr loss=0.1512 mae=0.406 r2=0.649 pcc=0.806 | Vl loss=0.1269 mae=0.327 r2=0.492 pcc=0.814 | ES 86/100
2026-05-21 11:33:15,360 | INFO |   Ep 171/300 | Tr loss=0.1512 mae=0.406 r2=0.649 pcc=0.806 | Vl loss=0.1269 mae=0.327 r2=0.492 pcc=0.814 | ES 86/100
  Ep 172/300 | Tr loss=0.1493 mae=0.402 r2=0.650 pcc=0.806 | Vl loss=0.1309 mae=0.336 r2=0.475 pcc=0.817 | ES 87/100
2026-05-21 11:33:47,704 | INFO |   Ep 172/300 | Tr loss=0.1493 mae=0.402 r2=0.650 pcc=0.806 | Vl loss=0.1309 mae=0.336 r2=0.475 pcc=0.817 | ES 87/100
  Ep 173/300 | Tr loss=0.1508 mae=0.404 r2=0.653 pcc=0.809 | Vl loss=0.1300 mae=0.335 r2=0.478 pcc=0.813 | ES 88/100
2026-05-21 11:34:19,832 | INFO |   Ep 173/300 | Tr loss=0.1508 mae=0.404 r2=0.653 pcc=0.809 | Vl loss=0.1300 mae=0.335 r2=0.478 pcc=0.813 | ES 88/100
  Ep 174/300 | Tr loss=0.1322 mae=0.379 r2=0.687 pcc=0.829 | Vl loss=0.1318 mae=0.336 r2=0.473 pcc=0.817 | ES 89/100
2026-05-21 11:34:52,073 | INFO |   Ep 174/300 | Tr loss=0.1322 mae=0.379 r2=0.687 pcc=0.829 | Vl loss=0.1318 mae=0.336 r2=0.473 pcc=0.817 | ES 89/100
  Ep 175/300 | Tr loss=0.1495 mae=0.403 r2=0.651 pcc=0.808 | Vl loss=0.1282 mae=0.329 r2=0.485 pcc=0.813 | ES 90/100
2026-05-21 11:35:24,245 | INFO |   Ep 175/300 | Tr loss=0.1495 mae=0.403 r2=0.651 pcc=0.808 | Vl loss=0.1282 mae=0.329 r2=0.485 pcc=0.813 | ES 90/100
  Ep 176/300 | Tr loss=0.1503 mae=0.402 r2=0.655 pcc=0.810 | Vl loss=0.1233 mae=0.330 r2=0.509 pcc=0.816 | ES 91/100
2026-05-21 11:35:56,541 | INFO |   Ep 176/300 | Tr loss=0.1503 mae=0.402 r2=0.655 pcc=0.810 | Vl loss=0.1233 mae=0.330 r2=0.509 pcc=0.816 | ES 91/100
  Ep 177/300 | Tr loss=0.1488 mae=0.404 r2=0.638 pcc=0.799 | Vl loss=0.1300 mae=0.338 r2=0.481 pcc=0.812 | ES 92/100
2026-05-21 11:36:28,674 | INFO |   Ep 177/300 | Tr loss=0.1488 mae=0.404 r2=0.638 pcc=0.799 | Vl loss=0.1300 mae=0.338 r2=0.481 pcc=0.812 | ES 92/100
  Ep 178/300 | Tr loss=0.1444 mae=0.396 r2=0.663 pcc=0.815 | Vl loss=0.1245 mae=0.325 r2=0.505 pcc=0.813 | ES 93/100
2026-05-21 11:37:01,027 | INFO |   Ep 178/300 | Tr loss=0.1444 mae=0.396 r2=0.663 pcc=0.815 | Vl loss=0.1245 mae=0.325 r2=0.505 pcc=0.813 | ES 93/100
  Ep 179/300 | Tr loss=0.1367 mae=0.385 r2=0.675 pcc=0.822 | Vl loss=0.1263 mae=0.332 r2=0.497 pcc=0.808 | ES 94/100
2026-05-21 11:37:33,150 | INFO |   Ep 179/300 | Tr loss=0.1367 mae=0.385 r2=0.675 pcc=0.822 | Vl loss=0.1263 mae=0.332 r2=0.497 pcc=0.808 | ES 94/100
  Ep 180/300 | Tr loss=0.1396 mae=0.388 r2=0.671 pcc=0.820 | Vl loss=0.1242 mae=0.331 r2=0.510 pcc=0.812 | ES 95/100
2026-05-21 11:38:05,472 | INFO |   Ep 180/300 | Tr loss=0.1396 mae=0.388 r2=0.671 pcc=0.820 | Vl loss=0.1242 mae=0.331 r2=0.510 pcc=0.812 | ES 95/100
  Ep 181/300 | Tr loss=0.1388 mae=0.389 r2=0.664 pcc=0.815 | Vl loss=0.1222 mae=0.324 r2=0.514 pcc=0.813 | ES 96/100
2026-05-21 11:38:37,750 | INFO |   Ep 181/300 | Tr loss=0.1388 mae=0.389 r2=0.664 pcc=0.815 | Vl loss=0.1222 mae=0.324 r2=0.514 pcc=0.813 | ES 96/100
  Ep 182/300 | Tr loss=0.1407 mae=0.391 r2=0.659 pcc=0.813 | Vl loss=0.1126 mae=0.315 r2=0.563 pcc=0.824 | ES 97/100
2026-05-21 11:39:09,829 | INFO |   Ep 182/300 | Tr loss=0.1407 mae=0.391 r2=0.659 pcc=0.813 | Vl loss=0.1126 mae=0.315 r2=0.563 pcc=0.824 | ES 97/100
  Ep 183/300 | Tr loss=0.1410 mae=0.392 r2=0.671 pcc=0.820 | Vl loss=0.1252 mae=0.329 r2=0.503 pcc=0.815 | ES 98/100
2026-05-21 11:39:42,113 | INFO |   Ep 183/300 | Tr loss=0.1410 mae=0.392 r2=0.671 pcc=0.820 | Vl loss=0.1252 mae=0.329 r2=0.503 pcc=0.815 | ES 98/100
  Ep 184/300 | Tr loss=0.1409 mae=0.390 r2=0.651 pcc=0.808 | Vl loss=0.1228 mae=0.326 r2=0.515 pcc=0.816 | ES 99/100
2026-05-21 11:40:14,432 | INFO |   Ep 184/300 | Tr loss=0.1409 mae=0.390 r2=0.651 pcc=0.808 | Vl loss=0.1228 mae=0.326 r2=0.515 pcc=0.816 | ES 99/100
  Ep 185/300 | Tr loss=0.1492 mae=0.398 r2=0.654 pcc=0.809 | Vl loss=0.1255 mae=0.330 r2=0.499 pcc=0.813 | ES 100/100
2026-05-21 11:40:46,766 | INFO |   Ep 185/300 | Tr loss=0.1492 mae=0.398 r2=0.654 pcc=0.809 | Vl loss=0.1255 mae=0.330 r2=0.499 pcc=0.813 | ES 100/100

  ⏹  Early stopping at epoch 185 (best=85)
2026-05-21 11:40:46,767 | INFO | Early stopping at epoch 185 best=85

✓ Training complete!

  ── Final Test Results (best epoch = 85) ──────────────────
  Loss : 0.1730
  RMSE : 0.6023
  MAE  : 0.4405
  R²   : 0.3968
  ✓ Saved → /mvdlph/masa/GCN_SingleView_Regression_Results/run_2026_05_21_10_00_55/plots/loss_curve.png
  ✓ Saved → /mvdlph/masa/GCN_SingleView_Regression_Results/run_2026_05_21_10_00_55/plots/rmse_mae.png
  ✓ Saved → /mvdlph/masa/GCN_SingleView_Regression_Results/run_2026_05_21_10_00_55/plots/r2_curve.png
  ✓ Saved → /mvdlph/masa/GCN_SingleView_Regression_Results/run_2026_05_21_10_00_55/plots/pcc_curve.png
  ✓ Saved → /mvdlph/masa/GCN_SingleView_Regression_Results/run_2026_05_21_10_00_55/plots/regression_scatter_test.png
  ✓ Saved → /mvdlph/masa/GCN_SingleView_Regression_Results/run_2026_05_21_10_00_55/plots/early_stopping.png
  ✓ History → /mvdlph/masa/GCN_SingleView_Regression_Results/run_2026_05_21_10_00_55/logs/training_history.json
============================================================
DIAGNOSTIC 1: Per-exercise skeleton variance (C0)
============================================================
  Exercise      X-var      Y-var      Z-var  Z/X ratio
-------------------------------------------------------
        E0     0.0371     0.0069     0.0591      1.592
        E1     0.0453     0.0078     0.0642      1.416
        E2     0.0429     0.0082     0.0643      1.497
        E3     0.0394     0.0057     0.0565      1.435
        E4     0.0496     0.0083     0.0669      1.347
        E5     0.0410     0.0065     0.0605      1.477
        E6     0.0457     0.0076     0.0638      1.395
        E7     0.0411     0.0071     0.0608      1.480
        E8     0.0457     0.0077     0.0646      1.414
        E9     0.0421     0.0075     0.0637      1.513

============================================================
DIAGNOSTIC 2: Quality score distribution per split
============================================================
 Train: mean=4.110 std=0.813 min=1.34 max=5.00 | correct=1959 erroneous=1163
   Val: mean=4.213 std=0.756 min=2.28 max=5.00 | correct=602 erroneous=291
  Test: mean=4.032 std=0.776 min=2.14 max=5.00 | correct=678 erroneous=366
  ✓ History NPZ → /mvdlph/masa/GCN_SingleView_Regression_Results/run_2026_05_21_10_00_55/logs/training_history.npz
  ✓ Test predictions NPZ → /mvdlph/masa/GCN_SingleView_Regression_Results/run_2026_05_21_10_00_55/logs/test_predictions.npz
========================================================================
  Exercise         n      MAE     RMSE       R²      PCC
────────────────────────────────────────────────────────────────────────
  E0             156   0.5369   0.6980   0.2025   0.8585
  E1             110   0.3580   0.4745   0.6707   0.8819
  E2              86   0.3131   0.4272   0.7372   0.8678
  E3             107   0.9915   1.0507  -1.4419   0.2324
  E4              97   0.5702   0.6609   0.2284   0.8225
  E5             107   0.3843   0.4521   0.3649   0.7005
  E6             105   0.2059   0.3512   0.7111   0.8515
  E7             107   0.3865   0.5738  -0.1590   0.3682
  E8             107   0.3077   0.5080   0.5988   0.8034
  E9              62   0.1833   0.2566  -0.9602  -0.1262
────────────────────────────────────────────────────────────────────────
  Overall       1044   0.4405   0.6023   0.3968   0.7205
========================================================================

  ✓ Per-exercise CSV → /mvdlph/masa/GCN_SingleView_Regression_Results/run_2026_05_21_10_00_55/logs/per_exercise_metrics.csv
  ✓ Per-exercise scatter grid → /mvdlph/masa/GCN_SingleView_Regression_Results/run_2026_05_21_10_00_55/plots/per_exercise_scatter.png
  ✓ Per-exercise bar chart → /mvdlph/masa/GCN_SingleView_Regression_Results/run_2026_05_21_10_00_55/plots/per_exercise_bar.png
  ✓ Per-exercise metrics NPZ → /mvdlph/masa/GCN_SingleView_Regression_Results/run_2026_05_21_10_00_55/logs/per_exercise_metrics.npz
============================================================
  TRAINING SUMMARY — ST-GCN Regression (Single View)
============================================================
  Best Epoch       : 85  (stopped at 185)
  Best Val MAE     : 0.2819
  Best Val RMSE    : 0.4523
  Best Val R²      : 0.6414
  Best Val PCC     : 0.8451
────────────────────────────────────────────────────────────
  Test MAE         : 0.4405
  Test RMSE        : 0.6023
  Test R²          : 0.3968
  Test PCC         : 0.7205
============================================================
2026-05-21 11:40:56,388 | INFO | Best Epoch=85  stopped_epoch=185
2026-05-21 11:40:56,388 | INFO | Test MAE=0.4405
2026-05-21 11:40:56,389 | INFO | Test RMSE=0.6023
2026-05-21 11:40:56,390 | INFO | Test R²=0.3968
2026-05-21 11:40:56,390 | INFO | Test PCC=0.7205

✓ Summary CSV (overall + per-exercise) → /mvdlph/masa/GCN_SingleView_Regression_Results/training_summary.csv
