✓ stdout → also writing to /mvdlph/masa/GCN_MultiView_EarlyFusion_Results/run_2026_05_12_18_20_05/logs/training_20260512_182005.log
2026-05-12 18:20:05,597 | INFO | ======================================================================
2026-05-12 18:20:05,597 | INFO | ST-GCN Multi-View Early Fusion | Cameras=[0, 1, 2] | FusedJoints=51
2026-05-12 18:20:05,597 | INFO | Epochs=300 | Patience=40 | Batch=32 | LR=5e-05
2026-05-12 18:20:05,598 | INFO | Single-View Baseline: MAE=0.4076 RMSE=0.5569 R²=0.4859 PCC=0.7443
2026-05-12 18:20:05,598 | INFO | ======================================================================
✓ parse_filename and load_skeleton defined

[TRAIN] NPZ files found : 9477
  Unique segments      : 3286
  Unique trial keys    : 327
  Quality mean±std     : 4.138 ± 0.808
  Views available dist :
1      98
2     185
3    3003

[VALID] NPZ files found : 2790
  Unique segments      : 992
  Unique trial keys    : 100
  Quality mean±std     : 4.246 ± 0.732
  Views available dist :
1     60
2     66
3    866

[TEST] NPZ files found : 3108
  Unique segments      : 1046
  Unique trial keys    : 107
  Quality mean±std     : 4.032 ± 0.776
  Views available dist :
1       8
2      14
3    1024

Checking for corrupted files...
  [TRAIN] Clean samples : 3286
  [VALID] Clean samples : 992
  [TEST] Clean samples : 1046

✓ No data-leakage detected across splits

════════════════════════════════════════════════════════════════════════
  Split      Segs   Correct   Erroneous   Q mean   Q std   Q min   Q max
  ──────────────────────────────────────────────────────────────────────
  Train      3286      2113        1173    4.138   0.808   1.340   5.000
  Val         992       683         309    4.246   0.732   2.280   5.000
  Test       1046       679         367    4.032   0.776   2.140   5.000
════════════════════════════════════════════════════════════════════════

✓ Multi-view index ready  →  train / val / test DataFrames built

============================================================
Camera availability per split:
============================================================

  Train:
    Camera 0: 3174/3286 segments (96.6%)
    Camera 1: 3132/3286 segments (95.3%)
    Camera 2: 3171/3286 segments (96.5%)

  Val:
    Camera 0: 940/992 segments (94.8%)
    Camera 1: 925/992 segments (93.2%)
    Camera 2: 925/992 segments (93.2%)

  Test:
    Camera 0: 1033/1046 segments (98.8%)
    Camera 1: 1045/1046 segments (99.9%)
    Camera 2: 1030/1046 segments (98.5%)

============================================================
View completeness per split:
============================================================
  Train: {1: 98, 2: 185, 3: 3003}
  Val: {1: 60, 2: 66, 3: 866}
  Test: {1: 8, 2: 14, 3: 1024}
✓ Skeleton visualisation helpers defined
person      P0
exercise     0
trial_id    T1
segment      0
Name: 10, dtype: object
Skeleton shape : (81, 17, 3)
  ✓ Skeleton plot saved → /mvdlph/masa/GCN_MultiView_EarlyFusion_Results/run_2026_05_12_18_20_05/plots/sample_skeleton_3views.png
✓ Preprocessing helpers defined (vectorised normalise_length)
✓ BZUMultiViewDataset defined (early fusion, cameras=[0, 1, 2])
  Sample shape: torch.Size([100, 51, 6])  (expected T=100, V*J=51, C=6)
✓ Dataset shape check passed
✓ GCN_MultiView_Regression sanity check passed — output shape: torch.Size([2])
✓ Total trainable parameters: 743,693
✓ Multi-view adjacency: intra-view=49, cross-view per block=17
Device : cuda
GPU    : Tesla V100-PCIE-32GB
✓ run_epoch defined (optimiser=None for val/test)
=================================================================
Quality score distribution audit
=================================================================
  ✓ Saved → /mvdlph/masa/GCN_MultiView_EarlyFusion_Results/run_2026_05_12_18_20_05/plots/split_quality_distributions.png
✓ Plotting helpers defined (with single-view baseline lines)
✓ EarlyStopping defined (monitoring val MAE)
DataLoader num_workers = 4
2026-05-12 18:20:20,274 | INFO | ======================================================================
2026-05-12 18:20:20,274 | INFO | STARTING MULTI-VIEW EARLY FUSION TRAINING
2026-05-12 18:20:20,275 | INFO | Cameras=[0, 1, 2]  FusedJoints=51  CrossViewEdges=True
2026-05-12 18:20:20,276 | INFO | Loss=SmoothL1(Huber)  LR=5e-05  WD=0.001  Batch=32
2026-05-12 18:20:20,276 | INFO | train=3286 val=992 test=1046
2026-05-12 18:20:20,277 | INFO | ======================================================================

════════════════════════════════════════════════════════════════════════
  Multi-View Early Fusion  |  Cameras: [0, 1, 2]  |  Fused joints: 51
  Train: 3286  Val: 992  Test: 1046
  Loss : SmoothL1 (Huber)  |  LR: 5e-05  |  WD: 0.001
  Patience: 40  |  Batch: 32  |  Workers: 4
  Single-View Baseline: MAE=0.4076 RMSE=0.5569 R²=0.4859 PCC=0.7443
════════════════════════════════════════════════════════════════════════
  Ep   1/300 | Tr loss=0.5766 mae=0.967 r2=-1.402 pcc=0.099 | Vl loss=0.2609 mae=0.649 r2=-0.019 pcc=0.802 | ES 0/40 ★
2026-05-12 18:20:27,537 | INFO |   Ep   1/300 | Tr loss=0.5766 mae=0.967 r2=-1.402 pcc=0.099 | Vl loss=0.2609 mae=0.649 r2=-0.019 pcc=0.802 | ES 0/40 ★
    ★ val_mae=0.6493  rmse=0.7382  r2=-0.0186  pcc=0.8025
  Ep   2/300 | Tr loss=0.4651 mae=0.835 r2=-0.825 pcc=0.282 | Vl loss=0.2017 mae=0.564 r2=0.222 pcc=0.806 | ES 0/40 ★
2026-05-12 18:20:33,641 | INFO |   Ep   2/300 | Tr loss=0.4651 mae=0.835 r2=-0.825 pcc=0.282 | Vl loss=0.2017 mae=0.564 r2=0.222 pcc=0.806 | ES 0/40 ★
    ★ val_mae=0.5639  rmse=0.6453  r2=0.2217  pcc=0.8065
  Ep   3/300 | Tr loss=0.3812 mae=0.734 r2=-0.457 pcc=0.417 | Vl loss=0.2122 mae=0.559 r2=0.157 pcc=0.808 | ES 0/40 ★
2026-05-12 18:20:39,720 | INFO |   Ep   3/300 | Tr loss=0.3812 mae=0.734 r2=-0.457 pcc=0.417 | Vl loss=0.2122 mae=0.559 r2=0.157 pcc=0.808 | ES 0/40 ★
    ★ val_mae=0.5588  rmse=0.6715  r2=0.1573  pcc=0.8076
  Ep   4/300 | Tr loss=0.3300 mae=0.668 r2=-0.207 pcc=0.459 | Vl loss=0.1786 mae=0.491 r2=0.284 pcc=0.815 | ES 0/40 ★
2026-05-12 18:20:45,714 | INFO |   Ep   4/300 | Tr loss=0.3300 mae=0.668 r2=-0.207 pcc=0.459 | Vl loss=0.1786 mae=0.491 r2=0.284 pcc=0.815 | ES 0/40 ★
    ★ val_mae=0.4913  rmse=0.6191  r2=0.2836  pcc=0.8154
  Ep   5/300 | Tr loss=0.2956 mae=0.621 r2=-0.054 pcc=0.484 | Vl loss=0.1619 mae=0.460 r2=0.351 pcc=0.806 | ES 0/40 ★
2026-05-12 18:20:51,783 | INFO |   Ep   5/300 | Tr loss=0.2956 mae=0.621 r2=-0.054 pcc=0.484 | Vl loss=0.1619 mae=0.460 r2=0.351 pcc=0.806 | ES 0/40 ★
    ★ val_mae=0.4595  rmse=0.5892  r2=0.3512  pcc=0.8060
  Ep   6/300 | Tr loss=0.2783 mae=0.597 r2=0.007 pcc=0.500 | Vl loss=0.1471 mae=0.418 r2=0.405 pcc=0.809 | ES 0/40 ★
2026-05-12 18:20:57,933 | INFO |   Ep   6/300 | Tr loss=0.2783 mae=0.597 r2=0.007 pcc=0.500 | Vl loss=0.1471 mae=0.418 r2=0.405 pcc=0.809 | ES 0/40 ★
    ★ val_mae=0.4178  rmse=0.5644  r2=0.4046  pcc=0.8087
  Ep   7/300 | Tr loss=0.2594 mae=0.571 r2=0.080 pcc=0.519 | Vl loss=0.1278 mae=0.398 r2=0.500 pcc=0.810 | ES 0/40 ★
2026-05-12 18:21:03,953 | INFO |   Ep   7/300 | Tr loss=0.2594 mae=0.571 r2=0.080 pcc=0.519 | Vl loss=0.1278 mae=0.398 r2=0.500 pcc=0.810 | ES 0/40 ★
    ★ val_mae=0.3982  rmse=0.5173  r2=0.4998  pcc=0.8102
  Ep   8/300 | Tr loss=0.2492 mae=0.556 r2=0.119 pcc=0.525 | Vl loss=0.1187 mae=0.375 r2=0.535 pcc=0.815 | ES 0/40 ★
2026-05-12 18:21:09,850 | INFO |   Ep   8/300 | Tr loss=0.2492 mae=0.556 r2=0.119 pcc=0.525 | Vl loss=0.1187 mae=0.375 r2=0.535 pcc=0.815 | ES 0/40 ★
    ★ val_mae=0.3747  rmse=0.4986  r2=0.5353  pcc=0.8155
  Ep   9/300 | Tr loss=0.2291 mae=0.528 r2=0.208 pcc=0.566 | Vl loss=0.1141 mae=0.354 r2=0.552 pcc=0.818 | ES 0/40 ★
2026-05-12 18:21:15,841 | INFO |   Ep   9/300 | Tr loss=0.2291 mae=0.528 r2=0.208 pcc=0.566 | Vl loss=0.1141 mae=0.354 r2=0.552 pcc=0.818 | ES 0/40 ★
    ★ val_mae=0.3538  rmse=0.4898  r2=0.5516  pcc=0.8176
  Ep  10/300 | Tr loss=0.2143 mae=0.506 r2=0.269 pcc=0.597 | Vl loss=0.1182 mae=0.341 r2=0.527 pcc=0.821 | ES 0/40 ★
2026-05-12 18:21:21,829 | INFO |   Ep  10/300 | Tr loss=0.2143 mae=0.506 r2=0.269 pcc=0.597 | Vl loss=0.1182 mae=0.341 r2=0.527 pcc=0.821 | ES 0/40 ★
    ★ val_mae=0.3406  rmse=0.5032  r2=0.5267  pcc=0.8210
  Ep  11/300 | Tr loss=0.2085 mae=0.497 r2=0.281 pcc=0.598 | Vl loss=0.0981 mae=0.302 r2=0.616 pcc=0.828 | ES 0/40 ★
2026-05-12 18:21:27,781 | INFO |   Ep  11/300 | Tr loss=0.2085 mae=0.497 r2=0.281 pcc=0.598 | Vl loss=0.0981 mae=0.302 r2=0.616 pcc=0.828 | ES 0/40 ★
    ★ val_mae=0.3019  rmse=0.4534  r2=0.6159  pcc=0.8281
  Ep  12/300 | Tr loss=0.2138 mae=0.503 r2=0.268 pcc=0.584 | Vl loss=0.1021 mae=0.309 r2=0.598 pcc=0.829 | ES 1/40
2026-05-12 18:21:33,717 | INFO |   Ep  12/300 | Tr loss=0.2138 mae=0.503 r2=0.268 pcc=0.584 | Vl loss=0.1021 mae=0.309 r2=0.598 pcc=0.829 | ES 1/40
  Ep  13/300 | Tr loss=0.2019 mae=0.487 r2=0.308 pcc=0.599 | Vl loss=0.1057 mae=0.297 r2=0.579 pcc=0.831 | ES 0/40 ★
2026-05-12 18:21:39,599 | INFO |   Ep  13/300 | Tr loss=0.2019 mae=0.487 r2=0.308 pcc=0.599 | Vl loss=0.1057 mae=0.297 r2=0.579 pcc=0.831 | ES 0/40 ★
    ★ val_mae=0.2973  rmse=0.4745  r2=0.5793  pcc=0.8308
  Ep  14/300 | Tr loss=0.1882 mae=0.469 r2=0.370 pcc=0.642 | Vl loss=0.0971 mae=0.282 r2=0.616 pcc=0.833 | ES 0/40 ★
2026-05-12 18:21:45,522 | INFO |   Ep  14/300 | Tr loss=0.1882 mae=0.469 r2=0.370 pcc=0.642 | Vl loss=0.0971 mae=0.282 r2=0.616 pcc=0.833 | ES 0/40 ★
    ★ val_mae=0.2824  rmse=0.4532  r2=0.6161  pcc=0.8334
  Ep  15/300 | Tr loss=0.1936 mae=0.473 r2=0.346 pcc=0.621 | Vl loss=0.0952 mae=0.284 r2=0.626 pcc=0.835 | ES 1/40
2026-05-12 18:21:51,525 | INFO |   Ep  15/300 | Tr loss=0.1936 mae=0.473 r2=0.346 pcc=0.621 | Vl loss=0.0952 mae=0.284 r2=0.626 pcc=0.835 | ES 1/40
  Ep  16/300 | Tr loss=0.1833 mae=0.461 r2=0.387 pcc=0.647 | Vl loss=0.0914 mae=0.273 r2=0.641 pcc=0.837 | ES 0/40 ★
2026-05-12 18:21:57,447 | INFO |   Ep  16/300 | Tr loss=0.1833 mae=0.461 r2=0.387 pcc=0.647 | Vl loss=0.0914 mae=0.273 r2=0.641 pcc=0.837 | ES 0/40 ★
    ★ val_mae=0.2730  rmse=0.4384  r2=0.6408  pcc=0.8371
  Ep  17/300 | Tr loss=0.1878 mae=0.466 r2=0.368 pcc=0.632 | Vl loss=0.0872 mae=0.267 r2=0.660 pcc=0.837 | ES 0/40 ★
2026-05-12 18:22:03,519 | INFO |   Ep  17/300 | Tr loss=0.1878 mae=0.466 r2=0.368 pcc=0.632 | Vl loss=0.0872 mae=0.267 r2=0.660 pcc=0.837 | ES 0/40 ★
    ★ val_mae=0.2670  rmse=0.4265  r2=0.6600  pcc=0.8372
  Ep  18/300 | Tr loss=0.1782 mae=0.450 r2=0.403 pcc=0.651 | Vl loss=0.0874 mae=0.267 r2=0.658 pcc=0.842 | ES 0/40 ★
2026-05-12 18:22:09,461 | INFO |   Ep  18/300 | Tr loss=0.1782 mae=0.450 r2=0.403 pcc=0.651 | Vl loss=0.0874 mae=0.267 r2=0.658 pcc=0.842 | ES 0/40 ★
    ★ val_mae=0.2669  rmse=0.4278  r2=0.6580  pcc=0.8423
  Ep  19/300 | Tr loss=0.1762 mae=0.445 r2=0.412 pcc=0.656 | Vl loss=0.0848 mae=0.264 r2=0.670 pcc=0.842 | ES 0/40 ★
2026-05-12 18:22:15,487 | INFO |   Ep  19/300 | Tr loss=0.1762 mae=0.445 r2=0.412 pcc=0.656 | Vl loss=0.0848 mae=0.264 r2=0.670 pcc=0.842 | ES 0/40 ★
    ★ val_mae=0.2636  rmse=0.4204  r2=0.6697  pcc=0.8418
  Ep  20/300 | Tr loss=0.1758 mae=0.444 r2=0.412 pcc=0.657 | Vl loss=0.0904 mae=0.271 r2=0.643 pcc=0.843 | ES 1/40
2026-05-12 18:22:21,484 | INFO |   Ep  20/300 | Tr loss=0.1758 mae=0.444 r2=0.412 pcc=0.657 | Vl loss=0.0904 mae=0.271 r2=0.643 pcc=0.843 | ES 1/40
  Ep  21/300 | Tr loss=0.1757 mae=0.443 r2=0.412 pcc=0.655 | Vl loss=0.0891 mae=0.268 r2=0.648 pcc=0.843 | ES 2/40
2026-05-12 18:22:27,407 | INFO |   Ep  21/300 | Tr loss=0.1757 mae=0.443 r2=0.412 pcc=0.655 | Vl loss=0.0891 mae=0.268 r2=0.648 pcc=0.843 | ES 2/40
  Ep  22/300 | Tr loss=0.1686 mae=0.434 r2=0.440 pcc=0.674 | Vl loss=0.0942 mae=0.275 r2=0.626 pcc=0.840 | ES 3/40
2026-05-12 18:22:33,373 | INFO |   Ep  22/300 | Tr loss=0.1686 mae=0.434 r2=0.440 pcc=0.674 | Vl loss=0.0942 mae=0.275 r2=0.626 pcc=0.840 | ES 3/40
  Ep  23/300 | Tr loss=0.1693 mae=0.433 r2=0.439 pcc=0.673 | Vl loss=0.0955 mae=0.279 r2=0.621 pcc=0.843 | ES 4/40
2026-05-12 18:22:39,270 | INFO |   Ep  23/300 | Tr loss=0.1693 mae=0.433 r2=0.439 pcc=0.673 | Vl loss=0.0955 mae=0.279 r2=0.621 pcc=0.843 | ES 4/40
  Ep  24/300 | Tr loss=0.1704 mae=0.436 r2=0.436 pcc=0.671 | Vl loss=0.0906 mae=0.272 r2=0.643 pcc=0.843 | ES 5/40
2026-05-12 18:22:45,214 | INFO |   Ep  24/300 | Tr loss=0.1704 mae=0.436 r2=0.436 pcc=0.671 | Vl loss=0.0906 mae=0.272 r2=0.643 pcc=0.843 | ES 5/40
  Ep  25/300 | Tr loss=0.1668 mae=0.430 r2=0.449 pcc=0.678 | Vl loss=0.0898 mae=0.273 r2=0.646 pcc=0.847 | ES 6/40
2026-05-12 18:22:51,198 | INFO |   Ep  25/300 | Tr loss=0.1668 mae=0.430 r2=0.449 pcc=0.678 | Vl loss=0.0898 mae=0.273 r2=0.646 pcc=0.847 | ES 6/40
  Ep  26/300 | Tr loss=0.1631 mae=0.425 r2=0.462 pcc=0.689 | Vl loss=0.0835 mae=0.260 r2=0.673 pcc=0.848 | ES 0/40 ★
2026-05-12 18:22:57,155 | INFO |   Ep  26/300 | Tr loss=0.1631 mae=0.425 r2=0.462 pcc=0.689 | Vl loss=0.0835 mae=0.260 r2=0.673 pcc=0.848 | ES 0/40 ★
    ★ val_mae=0.2605  rmse=0.4180  r2=0.6735  pcc=0.8476
  Ep  27/300 | Tr loss=0.1693 mae=0.431 r2=0.438 pcc=0.670 | Vl loss=0.0825 mae=0.260 r2=0.678 pcc=0.848 | ES 0/40 ★
2026-05-12 18:23:03,236 | INFO |   Ep  27/300 | Tr loss=0.1693 mae=0.431 r2=0.438 pcc=0.670 | Vl loss=0.0825 mae=0.260 r2=0.678 pcc=0.848 | ES 0/40 ★
    ★ val_mae=0.2602  rmse=0.4150  r2=0.6780  pcc=0.8480
  Ep  28/300 | Tr loss=0.1626 mae=0.421 r2=0.466 pcc=0.689 | Vl loss=0.0851 mae=0.264 r2=0.667 pcc=0.848 | ES 1/40
2026-05-12 18:23:09,201 | INFO |   Ep  28/300 | Tr loss=0.1626 mae=0.421 r2=0.466 pcc=0.689 | Vl loss=0.0851 mae=0.264 r2=0.667 pcc=0.848 | ES 1/40
  Ep  29/300 | Tr loss=0.1594 mae=0.415 r2=0.475 pcc=0.694 | Vl loss=0.0930 mae=0.275 r2=0.632 pcc=0.848 | ES 2/40
2026-05-12 18:23:15,131 | INFO |   Ep  29/300 | Tr loss=0.1594 mae=0.415 r2=0.475 pcc=0.694 | Vl loss=0.0930 mae=0.275 r2=0.632 pcc=0.848 | ES 2/40
  Ep  30/300 | Tr loss=0.1624 mae=0.423 r2=0.466 pcc=0.688 | Vl loss=0.0994 mae=0.288 r2=0.603 pcc=0.849 | ES 3/40
2026-05-12 18:23:21,176 | INFO |   Ep  30/300 | Tr loss=0.1624 mae=0.423 r2=0.466 pcc=0.688 | Vl loss=0.0994 mae=0.288 r2=0.603 pcc=0.849 | ES 3/40
  Ep  31/300 | Tr loss=0.1583 mae=0.418 r2=0.479 pcc=0.698 | Vl loss=0.0907 mae=0.276 r2=0.640 pcc=0.849 | ES 4/40
2026-05-12 18:23:27,097 | INFO |   Ep  31/300 | Tr loss=0.1583 mae=0.418 r2=0.479 pcc=0.698 | Vl loss=0.0907 mae=0.276 r2=0.640 pcc=0.849 | ES 4/40
  Ep  32/300 | Tr loss=0.1568 mae=0.411 r2=0.482 pcc=0.699 | Vl loss=0.0897 mae=0.271 r2=0.645 pcc=0.850 | ES 5/40
2026-05-12 18:23:33,182 | INFO |   Ep  32/300 | Tr loss=0.1568 mae=0.411 r2=0.482 pcc=0.699 | Vl loss=0.0897 mae=0.271 r2=0.645 pcc=0.850 | ES 5/40
  Ep  33/300 | Tr loss=0.1571 mae=0.413 r2=0.481 pcc=0.698 | Vl loss=0.0915 mae=0.274 r2=0.638 pcc=0.849 | ES 6/40
2026-05-12 18:23:39,124 | INFO |   Ep  33/300 | Tr loss=0.1571 mae=0.413 r2=0.481 pcc=0.698 | Vl loss=0.0915 mae=0.274 r2=0.638 pcc=0.849 | ES 6/40
  Ep  34/300 | Tr loss=0.1570 mae=0.412 r2=0.484 pcc=0.700 | Vl loss=0.0877 mae=0.269 r2=0.655 pcc=0.848 | ES 7/40
2026-05-12 18:23:45,212 | INFO |   Ep  34/300 | Tr loss=0.1570 mae=0.412 r2=0.484 pcc=0.700 | Vl loss=0.0877 mae=0.269 r2=0.655 pcc=0.848 | ES 7/40
  Ep  35/300 | Tr loss=0.1536 mae=0.405 r2=0.494 pcc=0.706 | Vl loss=0.1105 mae=0.306 r2=0.554 pcc=0.847 | ES 8/40
2026-05-12 18:23:51,172 | INFO |   Ep  35/300 | Tr loss=0.1536 mae=0.405 r2=0.494 pcc=0.706 | Vl loss=0.1105 mae=0.306 r2=0.554 pcc=0.847 | ES 8/40
  Ep  36/300 | Tr loss=0.1567 mae=0.409 r2=0.486 pcc=0.701 | Vl loss=0.0948 mae=0.288 r2=0.624 pcc=0.847 | ES 9/40
2026-05-12 18:23:57,181 | INFO |   Ep  36/300 | Tr loss=0.1567 mae=0.409 r2=0.486 pcc=0.701 | Vl loss=0.0948 mae=0.288 r2=0.624 pcc=0.847 | ES 9/40
  Ep  37/300 | Tr loss=0.1501 mae=0.399 r2=0.507 pcc=0.715 | Vl loss=0.0807 mae=0.259 r2=0.686 pcc=0.853 | ES 0/40 ★
2026-05-12 18:24:03,174 | INFO |   Ep  37/300 | Tr loss=0.1501 mae=0.399 r2=0.507 pcc=0.715 | Vl loss=0.0807 mae=0.259 r2=0.686 pcc=0.853 | ES 0/40 ★
    ★ val_mae=0.2592  rmse=0.4101  r2=0.6856  pcc=0.8528
  Ep  38/300 | Tr loss=0.1551 mae=0.408 r2=0.486 pcc=0.701 | Vl loss=0.0861 mae=0.267 r2=0.662 pcc=0.851 | ES 1/40
2026-05-12 18:24:09,299 | INFO |   Ep  38/300 | Tr loss=0.1551 mae=0.408 r2=0.486 pcc=0.701 | Vl loss=0.0861 mae=0.267 r2=0.662 pcc=0.851 | ES 1/40
  Ep  39/300 | Tr loss=0.1473 mae=0.396 r2=0.520 pcc=0.723 | Vl loss=0.0869 mae=0.270 r2=0.658 pcc=0.851 | ES 2/40
2026-05-12 18:24:15,244 | INFO |   Ep  39/300 | Tr loss=0.1473 mae=0.396 r2=0.520 pcc=0.723 | Vl loss=0.0869 mae=0.270 r2=0.658 pcc=0.851 | ES 2/40
  Ep  40/300 | Tr loss=0.1512 mae=0.404 r2=0.506 pcc=0.714 | Vl loss=0.0852 mae=0.264 r2=0.665 pcc=0.853 | ES 3/40
2026-05-12 18:24:21,308 | INFO |   Ep  40/300 | Tr loss=0.1512 mae=0.404 r2=0.506 pcc=0.714 | Vl loss=0.0852 mae=0.264 r2=0.665 pcc=0.853 | ES 3/40
  Ep  41/300 | Tr loss=0.1500 mae=0.397 r2=0.509 pcc=0.716 | Vl loss=0.1005 mae=0.292 r2=0.599 pcc=0.852 | ES 4/40
2026-05-12 18:24:27,291 | INFO |   Ep  41/300 | Tr loss=0.1500 mae=0.397 r2=0.509 pcc=0.716 | Vl loss=0.1005 mae=0.292 r2=0.599 pcc=0.852 | ES 4/40
  Ep  42/300 | Tr loss=0.1442 mae=0.388 r2=0.526 pcc=0.726 | Vl loss=0.1043 mae=0.301 r2=0.583 pcc=0.851 | ES 5/40
2026-05-12 18:24:33,260 | INFO |   Ep  42/300 | Tr loss=0.1442 mae=0.388 r2=0.526 pcc=0.726 | Vl loss=0.1043 mae=0.301 r2=0.583 pcc=0.851 | ES 5/40
  Ep  43/300 | Tr loss=0.1495 mae=0.396 r2=0.513 pcc=0.719 | Vl loss=0.0901 mae=0.275 r2=0.644 pcc=0.853 | ES 6/40
2026-05-12 18:24:39,353 | INFO |   Ep  43/300 | Tr loss=0.1495 mae=0.396 r2=0.513 pcc=0.719 | Vl loss=0.0901 mae=0.275 r2=0.644 pcc=0.853 | ES 6/40
  Ep  44/300 | Tr loss=0.1502 mae=0.397 r2=0.508 pcc=0.715 | Vl loss=0.0914 mae=0.275 r2=0.639 pcc=0.852 | ES 7/40
2026-05-12 18:24:45,357 | INFO |   Ep  44/300 | Tr loss=0.1502 mae=0.397 r2=0.508 pcc=0.715 | Vl loss=0.0914 mae=0.275 r2=0.639 pcc=0.852 | ES 7/40
  Ep  45/300 | Tr loss=0.1478 mae=0.394 r2=0.516 pcc=0.721 | Vl loss=0.0897 mae=0.272 r2=0.646 pcc=0.853 | ES 8/40
2026-05-12 18:24:51,393 | INFO |   Ep  45/300 | Tr loss=0.1478 mae=0.394 r2=0.516 pcc=0.721 | Vl loss=0.0897 mae=0.272 r2=0.646 pcc=0.853 | ES 8/40
  Ep  46/300 | Tr loss=0.1436 mae=0.388 r2=0.529 pcc=0.729 | Vl loss=0.0996 mae=0.289 r2=0.602 pcc=0.857 | ES 9/40
2026-05-12 18:24:57,430 | INFO |   Ep  46/300 | Tr loss=0.1436 mae=0.388 r2=0.529 pcc=0.729 | Vl loss=0.0996 mae=0.289 r2=0.602 pcc=0.857 | ES 9/40
  Ep  47/300 | Tr loss=0.1429 mae=0.386 r2=0.533 pcc=0.732 | Vl loss=0.0872 mae=0.270 r2=0.656 pcc=0.856 | ES 10/40
2026-05-12 18:25:03,377 | INFO |   Ep  47/300 | Tr loss=0.1429 mae=0.386 r2=0.533 pcc=0.732 | Vl loss=0.0872 mae=0.270 r2=0.656 pcc=0.856 | ES 10/40
  Ep  48/300 | Tr loss=0.1495 mae=0.395 r2=0.512 pcc=0.718 | Vl loss=0.0874 mae=0.269 r2=0.654 pcc=0.857 | ES 11/40
2026-05-12 18:25:09,515 | INFO |   Ep  48/300 | Tr loss=0.1495 mae=0.395 r2=0.512 pcc=0.718 | Vl loss=0.0874 mae=0.269 r2=0.654 pcc=0.857 | ES 11/40
  Ep  49/300 | Tr loss=0.1477 mae=0.393 r2=0.513 pcc=0.720 | Vl loss=0.0928 mae=0.279 r2=0.632 pcc=0.860 | ES 12/40
2026-05-12 18:25:15,451 | INFO |   Ep  49/300 | Tr loss=0.1477 mae=0.393 r2=0.513 pcc=0.720 | Vl loss=0.0928 mae=0.279 r2=0.632 pcc=0.860 | ES 12/40
  Ep  50/300 | Tr loss=0.1438 mae=0.389 r2=0.529 pcc=0.729 | Vl loss=0.0942 mae=0.281 r2=0.626 pcc=0.859 | ES 13/40
2026-05-12 18:25:21,347 | INFO |   Ep  50/300 | Tr loss=0.1438 mae=0.389 r2=0.529 pcc=0.729 | Vl loss=0.0942 mae=0.281 r2=0.626 pcc=0.859 | ES 13/40
  Ep  51/300 | Tr loss=0.1428 mae=0.383 r2=0.531 pcc=0.730 | Vl loss=0.0883 mae=0.270 r2=0.651 pcc=0.859 | ES 14/40
2026-05-12 18:25:27,368 | INFO |   Ep  51/300 | Tr loss=0.1428 mae=0.383 r2=0.531 pcc=0.730 | Vl loss=0.0883 mae=0.270 r2=0.651 pcc=0.859 | ES 14/40
  Ep  52/300 | Tr loss=0.1434 mae=0.387 r2=0.532 pcc=0.731 | Vl loss=0.0923 mae=0.276 r2=0.635 pcc=0.857 | ES 15/40
2026-05-12 18:25:33,327 | INFO |   Ep  52/300 | Tr loss=0.1434 mae=0.387 r2=0.532 pcc=0.731 | Vl loss=0.0923 mae=0.276 r2=0.635 pcc=0.857 | ES 15/40
  Ep  53/300 | Tr loss=0.1422 mae=0.384 r2=0.531 pcc=0.730 | Vl loss=0.1024 mae=0.292 r2=0.591 pcc=0.856 | ES 16/40
2026-05-12 18:25:39,212 | INFO |   Ep  53/300 | Tr loss=0.1422 mae=0.384 r2=0.531 pcc=0.730 | Vl loss=0.1024 mae=0.292 r2=0.591 pcc=0.856 | ES 16/40
  Ep  54/300 | Tr loss=0.1455 mae=0.387 r2=0.523 pcc=0.726 | Vl loss=0.0961 mae=0.284 r2=0.618 pcc=0.860 | ES 17/40
2026-05-12 18:25:45,095 | INFO |   Ep  54/300 | Tr loss=0.1455 mae=0.387 r2=0.523 pcc=0.726 | Vl loss=0.0961 mae=0.284 r2=0.618 pcc=0.860 | ES 17/40
  Ep  55/300 | Tr loss=0.1435 mae=0.386 r2=0.534 pcc=0.732 | Vl loss=0.1033 mae=0.292 r2=0.586 pcc=0.857 | ES 18/40
2026-05-12 18:25:51,046 | INFO |   Ep  55/300 | Tr loss=0.1435 mae=0.386 r2=0.534 pcc=0.732 | Vl loss=0.1033 mae=0.292 r2=0.586 pcc=0.857 | ES 18/40
  Ep  56/300 | Tr loss=0.1406 mae=0.379 r2=0.541 pcc=0.737 | Vl loss=0.0914 mae=0.274 r2=0.637 pcc=0.862 | ES 19/40
2026-05-12 18:25:57,038 | INFO |   Ep  56/300 | Tr loss=0.1406 mae=0.379 r2=0.541 pcc=0.737 | Vl loss=0.0914 mae=0.274 r2=0.637 pcc=0.862 | ES 19/40
  Ep  57/300 | Tr loss=0.1447 mae=0.388 r2=0.523 pcc=0.726 | Vl loss=0.0892 mae=0.271 r2=0.648 pcc=0.860 | ES 20/40
2026-05-12 18:26:02,998 | INFO |   Ep  57/300 | Tr loss=0.1447 mae=0.388 r2=0.523 pcc=0.726 | Vl loss=0.0892 mae=0.271 r2=0.648 pcc=0.860 | ES 20/40
Epoch 00058: reducing learning rate of group 0 to 2.5000e-05.
  Ep  58/300 | Tr loss=0.1397 mae=0.381 r2=0.544 pcc=0.740 | Vl loss=0.0822 mae=0.261 r2=0.678 pcc=0.864 | ES 21/40
2026-05-12 18:26:08,847 | INFO |   Ep  58/300 | Tr loss=0.1397 mae=0.381 r2=0.544 pcc=0.740 | Vl loss=0.0822 mae=0.261 r2=0.678 pcc=0.864 | ES 21/40
  Ep  59/300 | Tr loss=0.1419 mae=0.379 r2=0.535 pcc=0.733 | Vl loss=0.0888 mae=0.272 r2=0.650 pcc=0.864 | ES 22/40
2026-05-12 18:26:14,744 | INFO |   Ep  59/300 | Tr loss=0.1419 mae=0.379 r2=0.535 pcc=0.733 | Vl loss=0.0888 mae=0.272 r2=0.650 pcc=0.864 | ES 22/40
  Ep  60/300 | Tr loss=0.1408 mae=0.381 r2=0.540 pcc=0.737 | Vl loss=0.0831 mae=0.263 r2=0.674 pcc=0.863 | ES 23/40
2026-05-12 18:26:20,609 | INFO |   Ep  60/300 | Tr loss=0.1408 mae=0.381 r2=0.540 pcc=0.737 | Vl loss=0.0831 mae=0.263 r2=0.674 pcc=0.863 | ES 23/40
  Ep  61/300 | Tr loss=0.1382 mae=0.376 r2=0.550 pcc=0.743 | Vl loss=0.0844 mae=0.265 r2=0.667 pcc=0.862 | ES 24/40
2026-05-12 18:26:27,075 | INFO |   Ep  61/300 | Tr loss=0.1382 mae=0.376 r2=0.550 pcc=0.743 | Vl loss=0.0844 mae=0.265 r2=0.667 pcc=0.862 | ES 24/40
  Ep  62/300 | Tr loss=0.1384 mae=0.377 r2=0.547 pcc=0.741 | Vl loss=0.0878 mae=0.269 r2=0.653 pcc=0.862 | ES 25/40
2026-05-12 18:26:33,134 | INFO |   Ep  62/300 | Tr loss=0.1384 mae=0.377 r2=0.547 pcc=0.741 | Vl loss=0.0878 mae=0.269 r2=0.653 pcc=0.862 | ES 25/40
  Ep  63/300 | Tr loss=0.1385 mae=0.376 r2=0.550 pcc=0.742 | Vl loss=0.0861 mae=0.266 r2=0.660 pcc=0.863 | ES 26/40
2026-05-12 18:26:39,143 | INFO |   Ep  63/300 | Tr loss=0.1385 mae=0.376 r2=0.550 pcc=0.742 | Vl loss=0.0861 mae=0.266 r2=0.660 pcc=0.863 | ES 26/40
  Ep  64/300 | Tr loss=0.1373 mae=0.377 r2=0.552 pcc=0.744 | Vl loss=0.0879 mae=0.270 r2=0.652 pcc=0.863 | ES 27/40
2026-05-12 18:26:45,055 | INFO |   Ep  64/300 | Tr loss=0.1373 mae=0.377 r2=0.552 pcc=0.744 | Vl loss=0.0879 mae=0.270 r2=0.652 pcc=0.863 | ES 27/40
  Ep  65/300 | Tr loss=0.1384 mae=0.378 r2=0.547 pcc=0.740 | Vl loss=0.0900 mae=0.273 r2=0.643 pcc=0.861 | ES 28/40
2026-05-12 18:26:51,221 | INFO |   Ep  65/300 | Tr loss=0.1384 mae=0.378 r2=0.547 pcc=0.740 | Vl loss=0.0900 mae=0.273 r2=0.643 pcc=0.861 | ES 28/40
  Ep  66/300 | Tr loss=0.1344 mae=0.370 r2=0.560 pcc=0.750 | Vl loss=0.0942 mae=0.282 r2=0.623 pcc=0.861 | ES 29/40
2026-05-12 18:26:57,086 | INFO |   Ep  66/300 | Tr loss=0.1344 mae=0.370 r2=0.560 pcc=0.750 | Vl loss=0.0942 mae=0.282 r2=0.623 pcc=0.861 | ES 29/40
  Ep  67/300 | Tr loss=0.1334 mae=0.369 r2=0.563 pcc=0.752 | Vl loss=0.0814 mae=0.262 r2=0.680 pcc=0.862 | ES 30/40
2026-05-12 18:27:02,952 | INFO |   Ep  67/300 | Tr loss=0.1334 mae=0.369 r2=0.563 pcc=0.752 | Vl loss=0.0814 mae=0.262 r2=0.680 pcc=0.862 | ES 30/40
  Ep  68/300 | Tr loss=0.1344 mae=0.367 r2=0.557 pcc=0.747 | Vl loss=0.0849 mae=0.269 r2=0.665 pcc=0.862 | ES 31/40
2026-05-12 18:27:08,869 | INFO |   Ep  68/300 | Tr loss=0.1344 mae=0.367 r2=0.557 pcc=0.747 | Vl loss=0.0849 mae=0.269 r2=0.665 pcc=0.862 | ES 31/40
  Ep  69/300 | Tr loss=0.1380 mae=0.374 r2=0.545 pcc=0.739 | Vl loss=0.0865 mae=0.271 r2=0.657 pcc=0.862 | ES 32/40
2026-05-12 18:27:14,829 | INFO |   Ep  69/300 | Tr loss=0.1380 mae=0.374 r2=0.545 pcc=0.739 | Vl loss=0.0865 mae=0.271 r2=0.657 pcc=0.862 | ES 32/40
  Ep  70/300 | Tr loss=0.1380 mae=0.372 r2=0.545 pcc=0.739 | Vl loss=0.0872 mae=0.271 r2=0.655 pcc=0.862 | ES 33/40
2026-05-12 18:27:20,706 | INFO |   Ep  70/300 | Tr loss=0.1380 mae=0.372 r2=0.545 pcc=0.739 | Vl loss=0.0872 mae=0.271 r2=0.655 pcc=0.862 | ES 33/40
  Ep  71/300 | Tr loss=0.1346 mae=0.371 r2=0.562 pcc=0.751 | Vl loss=0.0844 mae=0.268 r2=0.666 pcc=0.862 | ES 34/40
2026-05-12 18:27:26,600 | INFO |   Ep  71/300 | Tr loss=0.1346 mae=0.371 r2=0.562 pcc=0.751 | Vl loss=0.0844 mae=0.268 r2=0.666 pcc=0.862 | ES 34/40
  Ep  72/300 | Tr loss=0.1377 mae=0.373 r2=0.548 pcc=0.741 | Vl loss=0.0851 mae=0.268 r2=0.663 pcc=0.861 | ES 35/40
2026-05-12 18:27:32,541 | INFO |   Ep  72/300 | Tr loss=0.1377 mae=0.373 r2=0.548 pcc=0.741 | Vl loss=0.0851 mae=0.268 r2=0.663 pcc=0.861 | ES 35/40
  Ep  73/300 | Tr loss=0.1346 mae=0.368 r2=0.557 pcc=0.748 | Vl loss=0.0904 mae=0.276 r2=0.639 pcc=0.860 | ES 36/40
2026-05-12 18:27:38,435 | INFO |   Ep  73/300 | Tr loss=0.1346 mae=0.368 r2=0.557 pcc=0.748 | Vl loss=0.0904 mae=0.276 r2=0.639 pcc=0.860 | ES 36/40
  Ep  74/300 | Tr loss=0.1351 mae=0.369 r2=0.555 pcc=0.746 | Vl loss=0.0874 mae=0.270 r2=0.653 pcc=0.862 | ES 37/40
2026-05-12 18:27:44,287 | INFO |   Ep  74/300 | Tr loss=0.1351 mae=0.369 r2=0.555 pcc=0.746 | Vl loss=0.0874 mae=0.270 r2=0.653 pcc=0.862 | ES 37/40
  Ep  75/300 | Tr loss=0.1376 mae=0.374 r2=0.549 pcc=0.742 | Vl loss=0.0873 mae=0.270 r2=0.653 pcc=0.862 | ES 38/40
2026-05-12 18:27:50,165 | INFO |   Ep  75/300 | Tr loss=0.1376 mae=0.374 r2=0.549 pcc=0.742 | Vl loss=0.0873 mae=0.270 r2=0.653 pcc=0.862 | ES 38/40
  Ep  76/300 | Tr loss=0.1329 mae=0.366 r2=0.564 pcc=0.753 | Vl loss=0.0844 mae=0.267 r2=0.666 pcc=0.861 | ES 39/40
2026-05-12 18:27:56,077 | INFO |   Ep  76/300 | Tr loss=0.1329 mae=0.366 r2=0.564 pcc=0.753 | Vl loss=0.0844 mae=0.267 r2=0.666 pcc=0.861 | ES 39/40
  Ep  77/300 | Tr loss=0.1348 mae=0.367 r2=0.556 pcc=0.747 | Vl loss=0.0889 mae=0.273 r2=0.646 pcc=0.861 | ES 40/40
2026-05-12 18:28:02,130 | INFO |   Ep  77/300 | Tr loss=0.1348 mae=0.367 r2=0.556 pcc=0.747 | Vl loss=0.0889 mae=0.273 r2=0.646 pcc=0.861 | ES 40/40

  ⏹  Early stopping at epoch 77 (best=37)
2026-05-12 18:28:02,131 | INFO | Early stopping at epoch 77 best=37

✓ Training complete!

  ── Final Test Results (best epoch = 37) ──────────────────
  Metric     Multi-View EF   Single-View         Δ
  ──────────────────────────────────────────────────
  Loss              0.1445
  RMSE              0.5496        0.5569  -0.0073 ↑
  MAE               0.3933        0.4076  -0.0143 ↑
  R²                0.4986        0.4859  +0.0127 ↑
  PCC               0.7574        0.7443  +0.0131 ↑
  ✓ Saved → /mvdlph/masa/GCN_MultiView_EarlyFusion_Results/run_2026_05_12_18_20_05/plots/loss_curve.png
  ✓ Saved → /mvdlph/masa/GCN_MultiView_EarlyFusion_Results/run_2026_05_12_18_20_05/plots/rmse_mae.png
  ✓ Saved → /mvdlph/masa/GCN_MultiView_EarlyFusion_Results/run_2026_05_12_18_20_05/plots/r2_curve.png
  ✓ Saved → /mvdlph/masa/GCN_MultiView_EarlyFusion_Results/run_2026_05_12_18_20_05/plots/pcc_curve.png
  ✓ Saved → /mvdlph/masa/GCN_MultiView_EarlyFusion_Results/run_2026_05_12_18_20_05/plots/regression_scatter_test.png
  ✓ Saved → /mvdlph/masa/GCN_MultiView_EarlyFusion_Results/run_2026_05_12_18_20_05/plots/early_stopping.png
  ✓ Saved → /mvdlph/masa/GCN_MultiView_EarlyFusion_Results/run_2026_05_12_18_20_05/plots/comparison_sv_vs_mv_early_fusion.png
  ✓ History → /mvdlph/masa/GCN_MultiView_EarlyFusion_Results/run_2026_05_12_18_20_05/logs/training_history.json
========================================================================
  Exercise         n      MAE     RMSE       R²      PCC
────────────────────────────────────────────────────────────────────────
  E0             156   0.3780   0.4813   0.6208   0.8578
  E1             110   0.3600   0.5403   0.5731   0.8874
  E2              86   0.2560   0.3586   0.8148   0.9040
  E3             107   0.8464   0.9331  -0.9260   0.4105
  E4              98   0.6153   0.6658   0.2219   0.8193
  E5             108   0.3433   0.4540   0.3576   0.6958
  E6             105   0.1792   0.3591   0.6979   0.8491
  E7             107   0.4071   0.5864  -0.2108   0.3663
  E8             107   0.2734   0.4747   0.6496   0.8071
  E9              62   0.1820   0.2295  -0.5681  -0.2218
────────────────────────────────────────────────────────────────────────
  Overall       1046   0.3933   0.5496   0.4986   0.7574
========================================================================

  ✓ Per-exercise CSV → /mvdlph/masa/GCN_MultiView_EarlyFusion_Results/run_2026_05_12_18_20_05/logs/per_exercise_metrics.csv
  ✓ Per-exercise scatter grid → /mvdlph/masa/GCN_MultiView_EarlyFusion_Results/run_2026_05_12_18_20_05/plots/per_exercise_scatter.png
  ✓ Per-exercise bar chart → /mvdlph/masa/GCN_MultiView_EarlyFusion_Results/run_2026_05_12_18_20_05/plots/per_exercise_bar.png
=================================================================
  TRAINING SUMMARY — Multi-View Early Fusion
  Cameras: [0, 1, 2]  |  Fused joints: 51
=================================================================
  Best Epoch       : 37  (stopped at 77)
  Best Val MAE     : 0.2592
  Best Val RMSE    : 0.4101
  Best Val R²      : 0.6856
  Best Val PCC     : 0.8528
─────────────────────────────────────────────────────────────────
  Metric     Multi-View EF   Single-View         Δ
  ────────────────────────────────────────────────
  MAE               0.3933        0.4076  -0.0143 ↑
  RMSE              0.5496        0.5569  -0.0073 ↑
  R²                0.4986        0.4859  +0.0127 ↑
  PCC               0.7574        0.7443  +0.0131 ↑
=================================================================
2026-05-12 18:28:09,812 | INFO | Multi-View Early Fusion Summary: Best=37 stopped=77
2026-05-12 18:28:09,812 | INFO | Test MAE=0.3933 RMSE=0.5496 R²=0.4986 PCC=0.7574
2026-05-12 18:28:09,812 | INFO | vs SV: ΔMAE=-0.0143 ΔR²=+0.0127

✓ Summary CSV (includes single-view baseline) → /mvdlph/masa/GCN_MultiView_EarlyFusion_Results/training_summary.csv
