✓ stdout → also writing to /mvdlph/masa/GCN_SingleView_Regression_Results/run_2026_05_19_18_53_27/logs/training_20260519_185327.log
2026-05-19 18:53:27,291 | INFO | ======================================================================
2026-05-19 18:53:27,292 | INFO | ST-GCN Single-View Regression | BZU Physiotherapy Dataset
2026-05-19 18:53:27,292 | INFO | Camera : C0  |  Split : 70/15/15  |  Epochs : 300  |  Patience : 100
2026-05-19 18:53:27,293 | INFO | Log file : /mvdlph/masa/GCN_SingleView_Regression_Results/run_2026_05_19_18_53_27/logs/training_20260519_185327.log
2026-05-19 18:53:27,293 | INFO | ======================================================================
✓ parse_filename and load_skeleton defined

[TRAIN] NPZ files found : 9477
  Samples          : 9477
  Unique trials    : 327
  Quality mean±std : 4.127 ± 0.812
  Exercise dist    :
0     961
1     966
2     829
3     979
4     970
5     933
6     954
7     965
8     903
9    1017
  Samples (after camera filter) : 9477

[VALID] NPZ files found : 2790
  Samples          : 2790
  Unique trials    : 100
  Quality mean±std : 4.232 ± 0.741
  Exercise dist    :
0    326
1    316
2    295
3    298
4    322
5    312
6    302
7    304
8    181
9    134
  Samples (after camera filter) : 2790

[TEST] NPZ files found : 3108
  Samples          : 3108
  Unique trials    : 107
  Quality mean±std : 4.031 ± 0.777
  Exercise dist    :
0    465
1    326
2    258
3    319
4    287
5    321
6    314
7    319
8    317
9    182
  Samples (after camera filter) : 3108
  [TRAIN] ⚠️  Skipped 246 files from 13 groups with incomplete camera coverage
  [TRAIN] Filtered to camera C0: 3044 samples
  [VALID] ⚠️  Skipped 133 files from 8 groups with incomplete camera coverage
       – E0_P1_T2  cameras=[0, 2]
       – E0_P1_T3  cameras=[1]
       – E3_P1_T2  cameras=[1]
       – E6_P6_T1  cameras=[0, 1]
       – E9_P1_T2  cameras=[0]
       – E9_P6_T0  cameras=[0, 2]
       – E9_P6_T1  cameras=[0, 2]
       – E9_P6_T2  cameras=[0, 2]
  [VALID] Filtered to camera C0: 880 samples
  [TEST] ✓ All groups have complete 3-camera coverage
  [TEST] Filtered to camera C0: 1033 samples

Checking for corrupted files...
  [TRAIN] Clean samples : 3044
  [VALID] Clean samples : 880
  [TEST] Clean samples : 1033

✓ No data-leakage detected across splits

════════════════════════════════════════════════════════════════════
  Split     Samples   Correct   Erroneous   Q mean   Q std   Q min   Q max
  ──────────────────────────────────────────────────────────────────
  Train        3044      1901        1143    4.107   0.816   1.340   5.000
  Val           880       587         293    4.211   0.752   2.280   5.000
  Test         1033       670         363    4.031   0.777   2.140   5.000
════════════════════════════════════════════════════════════════════

✓ Pre-split index ready  →  train / val / test DataFrames built
0    4957
Name: camera, dtype: int64

الكاميرات الموجودة: [0]
camera      0
exercise     
0         569
1         532
2         433
3         525
4         522
5         506
6         509
7         529
8         426
9         406
E0: correct=3 trials, erroneous=4 trials
E1: correct=3 trials, erroneous=4 trials
E2: correct=3 trials, erroneous=4 trials
E3: correct=3 trials, erroneous=4 trials
E4: correct=3 trials, erroneous=4 trials
E5: correct=3 trials, erroneous=4 trials
E6: correct=3 trials, erroneous=4 trials
E7: correct=3 trials, erroneous=4 trials
E8: correct=3 trials, erroneous=4 trials
E9: correct=3 trials, erroneous=4 trials

==================================================
  Train
==================================================
            mean     var  count
exercise                       
0         3.7651  0.9697    318
1         3.9786  0.7764    319
2         4.1099  0.5108    250
3         3.9960  0.8426    322
4         3.9426  0.9567    321
5         4.4124  0.2612    295
6         4.5579  0.3776    311
7         4.0918  0.4079    321
8         4.2837  0.5503    262
9         4.0053  0.4436    325

==================================================
  Val
==================================================
            mean     var  count
exercise                       
0         3.5606  0.8122     95
1         4.1060  0.5809    105
2         4.0887  0.8026     97
3         4.0563  0.4882     97
4         4.0174  0.7152    106
5         4.5008  0.2044    105
6         4.4628  0.2834     94
7         4.3884  0.1642    102
8         4.9000  0.0000     59
9         4.5667  0.0000     20

==================================================
  Test
==================================================
            mean     var  count
exercise                       
0         3.6450  0.6149    156
1         4.1986  0.6908    108
2         4.0202  0.7026     86
3         3.5122  0.4590    106
4         3.6573  0.5755     95
5         4.2777  0.3179    106
6         4.5137  0.4329    104
7         4.1206  0.2893    106
8         4.2822  0.6489    105
9         4.3864  0.0342     61

============================================================
  All Splits Combined
============================================================
                  mean     var  count
split exercise                       
Test  0         3.6450  0.6149    156
      1         4.1986  0.6908    108
      2         4.0202  0.7026     86
      3         3.5122  0.4590    106
      4         3.6573  0.5755     95
      5         4.2777  0.3179    106
      6         4.5137  0.4329    104
      7         4.1206  0.2893    106
      8         4.2822  0.6489    105
      9         4.3864  0.0342     61
Train 0         3.7651  0.9697    318
      1         3.9786  0.7764    319
      2         4.1099  0.5108    250
      3         3.9960  0.8426    322
      4         3.9426  0.9567    321
      5         4.4124  0.2612    295
      6         4.5579  0.3776    311
      7         4.0918  0.4079    321
      8         4.2837  0.5503    262
      9         4.0053  0.4436    325
Val   0         3.5606  0.8122     95
      1         4.1060  0.5809    105
      2         4.0887  0.8026     97
      3         4.0563  0.4882     97
      4         4.0174  0.7152    106
      5         4.5008  0.2044    105
      6         4.4628  0.2834     94
      7         4.3884  0.1642    102
      8         4.9000  0.0000     59
      9         4.5667  0.0000     20
Frame length distribution (sample of 500 files):
  min    = 27
  max    = 756
  mean   = 92.0
  median = 85.0
  std    = 43.6

Percentiles:
   25th = 67
   50th = 85
   75th = 108
   90th = 135
   95th = 154
   99th = 180

Value counts (top 10):
    67 frames →   13 files (2.6%)
    68 frames →   11 files (2.2%)
    78 frames →   10 files (2.0%)
    62 frames →   10 files (2.0%)
    53 frames →   10 files (2.0%)
   106 frames →    9 files (1.8%)
    79 frames →    9 files (1.8%)
    76 frames →    9 files (1.8%)
    71 frames →    9 files (1.8%)
    60 frames →    9 files (1.8%)
✓ Skeleton visualisation helpers defined
person                                                     P0
exercise                                                    0
trial_id                                                   T1
segment                                                     0
filepath    /mvdlph/Dataset_CVDLPT_Videos_Segments_P0P15_M...
Name: 10, dtype: object
Skeleton shape : (81, 17, 3)
X range : [-0.369, 0.592]
Y range : [-0.193, 0.198]
Z range : [0.000, 0.994]
  ✓ Skeleton plot saved → /mvdlph/masa/GCN_SingleView_Regression_Results/run_2026_05_19_18_53_27/plots/sample_skeleton_3views.png
  ✓ Motion frames saved → /mvdlph/masa/GCN_SingleView_Regression_Results/run_2026_05_19_18_53_27/plots/sample_skeleton_motion.png
Axis ranges across all frames:
X: [-0.369, 0.592] — likely left/right
Y: [-0.193, 0.198] — likely ???
Z: [0.000, 0.994] — likely height

Hip  mean XYZ: [0.         0.         0.32353598]
Head mean XYZ: [-0.14399661 -0.18363096  0.9671082 ]

Difference (head - hip): [-0.14399661 -0.18363096  0.6435722 ]

Camera 0:
  Hip  XYZ: [0.    0.    0.324]
  Head XYZ: [-0.144 -0.183  0.968]
  X range: [-0.37, 0.59]
  Z range: [0.00, 0.99]

Camera 1: no file found

Camera 2: no file found
✓ BZUDataset defined (regression only)
Joint distances from Hip (body center):
  Joint  0 (Hip         ) distance=0  
  Joint  1 (R-Hip       ) distance=1  ─
  Joint  2 (R-Knee      ) distance=2  ──
  Joint  3 (R-Ankle     ) distance=3  ───
  Joint  4 (L-Hip       ) distance=1  ─
  Joint  5 (L-Knee      ) distance=2  ──
  Joint  6 (L-Ankle     ) distance=3  ───
  Joint  7 (Spine       ) distance=1  ─
  Joint  8 (Thorax      ) distance=2  ──
  Joint  9 (Neck        ) distance=3  ───
  Joint 10 (Head        ) distance=4  ────
  Joint 11 (L-Shoulder  ) distance=3  ───
  Joint 12 (L-Elbow     ) distance=4  ────
  Joint 13 (L-Wrist     ) distance=5  ─────
  Joint 14 (R-Shoulder  ) distance=3  ───
  Joint 15 (R-Elbow     ) distance=4  ────
  Joint 16 (R-Wrist     ) distance=5  ─────

✓ True ST-GCN sanity check passed — output shape: torch.Size([2])
✓ Total trainable parameters: 3,069,320
✓ STGCN_Regression (True ST-GCN, Yan et al. AAAI 2018) defined
Device : cuda
GPU    : Tesla V100-PCIE-32GB
✓ centre_and_scale and run_epoch (regression) defined
=================================================================
Quality score distribution audit
=================================================================
  ✓ Saved → /mvdlph/masa/GCN_SingleView_Regression_Results/run_2026_05_19_18_53_27/plots/split_quality_distributions.png

Split    Type              n    mean     std    min    25%    50%    75%    max
----------------------------------------------------------------------
Train    Correct (T≤2)   1901   4.584   0.305   3.68   4.40   4.60   4.83   5.00
Train    Erroneous (T≥3)   1143   3.314   0.782   1.34   2.83   3.44   3.88   4.82

Val      Correct (T≤2)    587   4.653   0.305   3.56   4.50   4.74   4.90   5.00
Val      Erroneous (T≥3)    293   3.325   0.581   2.28   2.85   3.20   3.72   4.54

Test     Correct (T≤2)    670   4.491   0.417   3.40   4.20   4.58   4.80   5.00
Test     Erroneous (T≥3)    363   3.183   0.536   2.14   2.74   3.22   3.54   4.38

=================================================================
Person distribution across splits
=================================================================
  Train : ['P0', 'P10', 'P14', 'P15', 'P2', 'P3', 'P4', 'P5', 'P7']
  Val   : ['P1', 'P11', 'P6']
  Test  : ['P12', 'P13', 'P8', 'P9']

Per-person quality mean per split:

  Train:
         mean    std  count
person                     
P0      4.492  0.354    259
P10     3.288  0.918    493
P14     3.660  0.847    452
P15     3.642  0.704    469
P2      4.724  0.192    271
P3      4.571  0.217    259
P4      4.564  0.268    269
P5      4.663  0.261    290
P7      4.652  0.226    282

  Val:
         mean    std  count
person                     
P1      4.805  0.134    268
P11     3.528  0.696    364
P6      4.570  0.289    248

  Test:
         mean    std  count
person                     
P12     3.148  0.663    222
P13     3.685  0.649    231
P8      4.602  0.324    290
P9      4.413  0.460    290

=================================================================
Exercise balance across splits
=================================================================
    Train  Val  Test  Train%  Val%  Test%
E0    318   95   156    10.4  10.8   15.1
E1    319  105   108    10.5  11.9   10.5
E2    250   97    86     8.2  11.0    8.3
E3    322   97   106    10.6  11.0   10.3
E4    321  106    95    10.5  12.0    9.2
E5    295  105   106     9.7  11.9   10.3
E6    311   94   104    10.2  10.7   10.1
E7    321  102   106    10.5  11.6   10.3
E8    262   59   105     8.6   6.7   10.2
E9    325   20    61    10.7   2.3    5.9
✓ Plotting helpers (regression) defined
✓ EarlyStopping defined (monitoring MAE)
Train before mirroring: 3044
Train after  mirroring: 6088
2026-05-19 18:53:50,109 | INFO | ======================================================================
2026-05-19 18:53:50,110 | INFO | STARTING REGRESSION TRAINING  (with Early Stopping on MAE)
2026-05-19 18:53:50,110 | INFO | ======================================================================
2026-05-19 18:53:50,111 | INFO | train=3044 val=880 test=1033

════════════════════════════════════════════════════════════════════
  Camera C0  |  Train: 3044  Val: 880  Test: 1033
  Patience: 100  |  LR: 1e-4  |  Batch: 48
════════════════════════════════════════════════════════════════════
  Ep   1/300 | Tr loss=0.3736 mae=0.723 r2=-0.004 pcc=0.468 | Vl loss=0.4646 mae=0.887 r2=-0.782 pcc=0.625 | ES 0/100 ★
2026-05-19 18:54:22,231 | INFO |   Ep   1/300 | Tr loss=0.3736 mae=0.723 r2=-0.004 pcc=0.468 | Vl loss=0.4646 mae=0.887 r2=-0.782 pcc=0.625 | ES 0/100 ★
    ★ val_mae=0.8866  rmse=1.0038  r2=-0.7820  pcc=0.6252
  Ep   2/300 | Tr loss=0.2619 mae=0.583 r2=0.374 pcc=0.641 | Vl loss=0.2412 mae=0.613 r2=0.108 pcc=0.703 | ES 0/100 ★
2026-05-19 18:54:53,349 | INFO |   Ep   2/300 | Tr loss=0.2619 mae=0.583 r2=0.374 pcc=0.641 | Vl loss=0.2412 mae=0.613 r2=0.108 pcc=0.703 | ES 0/100 ★
    ★ val_mae=0.6135  rmse=0.7101  r2=0.1081  pcc=0.7029
  Ep   3/300 | Tr loss=0.2432 mae=0.561 r2=0.437 pcc=0.674 | Vl loss=0.4369 mae=0.849 r2=-0.666 pcc=0.522 | ES 1/100
2026-05-19 18:55:24,372 | INFO |   Ep   3/300 | Tr loss=0.2432 mae=0.561 r2=0.437 pcc=0.674 | Vl loss=0.4369 mae=0.849 r2=-0.666 pcc=0.522 | ES 1/100
  Ep   4/300 | Tr loss=0.2439 mae=0.562 r2=0.423 pcc=0.662 | Vl loss=0.1162 mae=0.354 r2=0.552 pcc=0.801 | ES 0/100 ★
2026-05-19 18:55:55,355 | INFO |   Ep   4/300 | Tr loss=0.2439 mae=0.562 r2=0.423 pcc=0.662 | Vl loss=0.1162 mae=0.354 r2=0.552 pcc=0.801 | ES 0/100 ★
    ★ val_mae=0.3544  rmse=0.5033  r2=0.5520  pcc=0.8005
  Ep   5/300 | Tr loss=0.2277 mae=0.539 r2=0.477 pcc=0.696 | Vl loss=0.5512 mae=0.976 r2=-1.195 pcc=0.420 | ES 1/100
2026-05-19 18:56:26,379 | INFO |   Ep   5/300 | Tr loss=0.2277 mae=0.539 r2=0.477 pcc=0.696 | Vl loss=0.5512 mae=0.976 r2=-1.195 pcc=0.420 | ES 1/100
  Ep   6/300 | Tr loss=0.2151 mae=0.522 r2=0.501 pcc=0.712 | Vl loss=0.1813 mae=0.514 r2=0.306 pcc=0.791 | ES 2/100
2026-05-19 18:56:57,379 | INFO |   Ep   6/300 | Tr loss=0.2151 mae=0.522 r2=0.501 pcc=0.712 | Vl loss=0.1813 mae=0.514 r2=0.306 pcc=0.791 | ES 2/100
  Ep   7/300 | Tr loss=0.2112 mae=0.517 r2=0.499 pcc=0.710 | Vl loss=0.2697 mae=0.650 r2=-0.019 pcc=0.734 | ES 3/100
2026-05-19 18:57:28,454 | INFO |   Ep   7/300 | Tr loss=0.2112 mae=0.517 r2=0.499 pcc=0.710 | Vl loss=0.2697 mae=0.650 r2=-0.019 pcc=0.734 | ES 3/100
  Ep   8/300 | Tr loss=0.2094 mae=0.513 r2=0.521 pcc=0.724 | Vl loss=0.1785 mae=0.496 r2=0.325 pcc=0.803 | ES 4/100
2026-05-19 18:57:59,534 | INFO |   Ep   8/300 | Tr loss=0.2094 mae=0.513 r2=0.521 pcc=0.724 | Vl loss=0.1785 mae=0.496 r2=0.325 pcc=0.803 | ES 4/100
  Ep   9/300 | Tr loss=0.2099 mae=0.512 r2=0.521 pcc=0.725 | Vl loss=0.3242 mae=0.711 r2=-0.244 pcc=0.669 | ES 5/100
2026-05-19 18:58:30,657 | INFO |   Ep   9/300 | Tr loss=0.2099 mae=0.512 r2=0.521 pcc=0.725 | Vl loss=0.3242 mae=0.711 r2=-0.244 pcc=0.669 | ES 5/100
  Ep  10/300 | Tr loss=0.2087 mae=0.512 r2=0.523 pcc=0.725 | Vl loss=0.1593 mae=0.464 r2=0.392 pcc=0.818 | ES 6/100
2026-05-19 18:59:01,636 | INFO |   Ep  10/300 | Tr loss=0.2087 mae=0.512 r2=0.523 pcc=0.725 | Vl loss=0.1593 mae=0.464 r2=0.392 pcc=0.818 | ES 6/100
  Ep  11/300 | Tr loss=0.2014 mae=0.502 r2=0.536 pcc=0.734 | Vl loss=0.1274 mae=0.392 r2=0.506 pcc=0.814 | ES 7/100
2026-05-19 18:59:32,648 | INFO |   Ep  11/300 | Tr loss=0.2014 mae=0.502 r2=0.536 pcc=0.734 | Vl loss=0.1274 mae=0.392 r2=0.506 pcc=0.814 | ES 7/100
  Ep  12/300 | Tr loss=0.2100 mae=0.513 r2=0.516 pcc=0.720 | Vl loss=0.4694 mae=0.885 r2=-0.849 pcc=0.534 | ES 8/100
2026-05-19 19:00:03,529 | INFO |   Ep  12/300 | Tr loss=0.2100 mae=0.513 r2=0.516 pcc=0.720 | Vl loss=0.4694 mae=0.885 r2=-0.849 pcc=0.534 | ES 8/100
  Ep  13/300 | Tr loss=0.2026 mae=0.506 r2=0.520 pcc=0.724 | Vl loss=0.1734 mae=0.494 r2=0.337 pcc=0.796 | ES 9/100
2026-05-19 19:00:34,525 | INFO |   Ep  13/300 | Tr loss=0.2026 mae=0.506 r2=0.520 pcc=0.724 | Vl loss=0.1734 mae=0.494 r2=0.337 pcc=0.796 | ES 9/100
  Ep  14/300 | Tr loss=0.2043 mae=0.505 r2=0.527 pcc=0.727 | Vl loss=0.1605 mae=0.468 r2=0.386 pcc=0.823 | ES 10/100
2026-05-19 19:01:05,668 | INFO |   Ep  14/300 | Tr loss=0.2043 mae=0.505 r2=0.527 pcc=0.727 | Vl loss=0.1605 mae=0.468 r2=0.386 pcc=0.823 | ES 10/100
  Ep  15/300 | Tr loss=0.2045 mae=0.504 r2=0.532 pcc=0.731 | Vl loss=0.1172 mae=0.352 r2=0.539 pcc=0.832 | ES 0/100 ★
2026-05-19 19:01:36,628 | INFO |   Ep  15/300 | Tr loss=0.2045 mae=0.504 r2=0.532 pcc=0.731 | Vl loss=0.1172 mae=0.352 r2=0.539 pcc=0.832 | ES 0/100 ★
    ★ val_mae=0.3525  rmse=0.5104  r2=0.5393  pcc=0.8317
  Ep  16/300 | Tr loss=0.1995 mae=0.495 r2=0.533 pcc=0.732 | Vl loss=0.1897 mae=0.521 r2=0.273 pcc=0.802 | ES 1/100
2026-05-19 19:02:07,674 | INFO |   Ep  16/300 | Tr loss=0.1995 mae=0.495 r2=0.533 pcc=0.732 | Vl loss=0.1897 mae=0.521 r2=0.273 pcc=0.802 | ES 1/100
  Ep  17/300 | Tr loss=0.1989 mae=0.496 r2=0.537 pcc=0.734 | Vl loss=0.1096 mae=0.338 r2=0.571 pcc=0.823 | ES 0/100 ★
2026-05-19 19:02:38,630 | INFO |   Ep  17/300 | Tr loss=0.1989 mae=0.496 r2=0.537 pcc=0.734 | Vl loss=0.1096 mae=0.338 r2=0.571 pcc=0.823 | ES 0/100 ★
    ★ val_mae=0.3377  rmse=0.4924  r2=0.5712  pcc=0.8229
  Ep  18/300 | Tr loss=0.1999 mae=0.501 r2=0.535 pcc=0.733 | Vl loss=0.2241 mae=0.582 r2=0.157 pcc=0.757 | ES 1/100
2026-05-19 19:03:09,736 | INFO |   Ep  18/300 | Tr loss=0.1999 mae=0.501 r2=0.535 pcc=0.733 | Vl loss=0.2241 mae=0.582 r2=0.157 pcc=0.757 | ES 1/100
  Ep  19/300 | Tr loss=0.2009 mae=0.502 r2=0.530 pcc=0.729 | Vl loss=0.2010 mae=0.541 r2=0.239 pcc=0.782 | ES 2/100
2026-05-19 19:03:40,797 | INFO |   Ep  19/300 | Tr loss=0.2009 mae=0.502 r2=0.530 pcc=0.729 | Vl loss=0.2010 mae=0.541 r2=0.239 pcc=0.782 | ES 2/100
  Ep  20/300 | Tr loss=0.1973 mae=0.496 r2=0.542 pcc=0.738 | Vl loss=0.1111 mae=0.342 r2=0.569 pcc=0.821 | ES 3/100
2026-05-19 19:04:11,821 | INFO |   Ep  20/300 | Tr loss=0.1973 mae=0.496 r2=0.542 pcc=0.738 | Vl loss=0.1111 mae=0.342 r2=0.569 pcc=0.821 | ES 3/100
  Ep  21/300 | Tr loss=0.1974 mae=0.493 r2=0.541 pcc=0.736 | Vl loss=0.1218 mae=0.357 r2=0.520 pcc=0.827 | ES 4/100
2026-05-19 19:04:42,900 | INFO |   Ep  21/300 | Tr loss=0.1974 mae=0.493 r2=0.541 pcc=0.736 | Vl loss=0.1218 mae=0.357 r2=0.520 pcc=0.827 | ES 4/100
  Ep  22/300 | Tr loss=0.1975 mae=0.495 r2=0.535 pcc=0.733 | Vl loss=0.1380 mae=0.418 r2=0.464 pcc=0.826 | ES 5/100
2026-05-19 19:05:13,903 | INFO |   Ep  22/300 | Tr loss=0.1975 mae=0.495 r2=0.535 pcc=0.733 | Vl loss=0.1380 mae=0.418 r2=0.464 pcc=0.826 | ES 5/100
  Ep  23/300 | Tr loss=0.1959 mae=0.492 r2=0.547 pcc=0.740 | Vl loss=0.1122 mae=0.318 r2=0.553 pcc=0.821 | ES 0/100 ★
2026-05-19 19:05:44,839 | INFO |   Ep  23/300 | Tr loss=0.1959 mae=0.492 r2=0.547 pcc=0.740 | Vl loss=0.1122 mae=0.318 r2=0.553 pcc=0.821 | ES 0/100 ★
    ★ val_mae=0.3185  rmse=0.5029  r2=0.5527  pcc=0.8205
  Ep  24/300 | Tr loss=0.1960 mae=0.491 r2=0.550 pcc=0.742 | Vl loss=0.1073 mae=0.329 r2=0.578 pcc=0.833 | ES 1/100
2026-05-19 19:06:15,695 | INFO |   Ep  24/300 | Tr loss=0.1960 mae=0.491 r2=0.550 pcc=0.742 | Vl loss=0.1073 mae=0.329 r2=0.578 pcc=0.833 | ES 1/100
  Ep  25/300 | Tr loss=0.1966 mae=0.492 r2=0.542 pcc=0.737 | Vl loss=0.1418 mae=0.411 r2=0.443 pcc=0.825 | ES 2/100
2026-05-19 19:06:46,782 | INFO |   Ep  25/300 | Tr loss=0.1966 mae=0.492 r2=0.542 pcc=0.737 | Vl loss=0.1418 mae=0.411 r2=0.443 pcc=0.825 | ES 2/100
  Ep  26/300 | Tr loss=0.2001 mae=0.498 r2=0.540 pcc=0.736 | Vl loss=0.1919 mae=0.519 r2=0.276 pcc=0.807 | ES 3/100
2026-05-19 19:07:17,652 | INFO |   Ep  26/300 | Tr loss=0.2001 mae=0.498 r2=0.540 pcc=0.736 | Vl loss=0.1919 mae=0.519 r2=0.276 pcc=0.807 | ES 3/100
  Ep  27/300 | Tr loss=0.1953 mae=0.489 r2=0.549 pcc=0.742 | Vl loss=0.2010 mae=0.532 r2=0.209 pcc=0.824 | ES 4/100
2026-05-19 19:07:48,645 | INFO |   Ep  27/300 | Tr loss=0.1953 mae=0.489 r2=0.549 pcc=0.742 | Vl loss=0.2010 mae=0.532 r2=0.209 pcc=0.824 | ES 4/100
  Ep  28/300 | Tr loss=0.1918 mae=0.484 r2=0.550 pcc=0.743 | Vl loss=0.1179 mae=0.327 r2=0.526 pcc=0.828 | ES 5/100
2026-05-19 19:08:19,638 | INFO |   Ep  28/300 | Tr loss=0.1918 mae=0.484 r2=0.550 pcc=0.743 | Vl loss=0.1179 mae=0.327 r2=0.526 pcc=0.828 | ES 5/100
  Ep  29/300 | Tr loss=0.1933 mae=0.487 r2=0.548 pcc=0.741 | Vl loss=0.1299 mae=0.354 r2=0.470 pcc=0.823 | ES 6/100
2026-05-19 19:08:50,625 | INFO |   Ep  29/300 | Tr loss=0.1933 mae=0.487 r2=0.548 pcc=0.741 | Vl loss=0.1299 mae=0.354 r2=0.470 pcc=0.823 | ES 6/100
  Ep  30/300 | Tr loss=0.1932 mae=0.485 r2=0.554 pcc=0.745 | Vl loss=0.1295 mae=0.366 r2=0.480 pcc=0.824 | ES 7/100
2026-05-19 19:09:21,655 | INFO |   Ep  30/300 | Tr loss=0.1932 mae=0.485 r2=0.554 pcc=0.745 | Vl loss=0.1295 mae=0.366 r2=0.480 pcc=0.824 | ES 7/100
  Ep  31/300 | Tr loss=0.1890 mae=0.482 r2=0.566 pcc=0.753 | Vl loss=0.0969 mae=0.318 r2=0.629 pcc=0.833 | ES 0/100 ★
2026-05-19 19:09:52,685 | INFO |   Ep  31/300 | Tr loss=0.1890 mae=0.482 r2=0.566 pcc=0.753 | Vl loss=0.0969 mae=0.318 r2=0.629 pcc=0.833 | ES 0/100 ★
    ★ val_mae=0.3181  rmse=0.4579  r2=0.6292  pcc=0.8329
  Ep  32/300 | Tr loss=0.1933 mae=0.485 r2=0.555 pcc=0.746 | Vl loss=0.1072 mae=0.343 r2=0.589 pcc=0.834 | ES 1/100
2026-05-19 19:10:23,626 | INFO |   Ep  32/300 | Tr loss=0.1933 mae=0.485 r2=0.555 pcc=0.746 | Vl loss=0.1072 mae=0.343 r2=0.589 pcc=0.834 | ES 1/100
  Ep  33/300 | Tr loss=0.1943 mae=0.490 r2=0.548 pcc=0.741 | Vl loss=0.0946 mae=0.289 r2=0.636 pcc=0.835 | ES 0/100 ★
2026-05-19 19:10:54,606 | INFO |   Ep  33/300 | Tr loss=0.1943 mae=0.490 r2=0.548 pcc=0.741 | Vl loss=0.0946 mae=0.289 r2=0.636 pcc=0.835 | ES 0/100 ★
    ★ val_mae=0.2894  rmse=0.4539  r2=0.6356  pcc=0.8349
  Ep  34/300 | Tr loss=0.1869 mae=0.474 r2=0.565 pcc=0.752 | Vl loss=0.0923 mae=0.298 r2=0.646 pcc=0.834 | ES 1/100
2026-05-19 19:11:25,618 | INFO |   Ep  34/300 | Tr loss=0.1869 mae=0.474 r2=0.565 pcc=0.752 | Vl loss=0.0923 mae=0.298 r2=0.646 pcc=0.834 | ES 1/100
  Ep  35/300 | Tr loss=0.1928 mae=0.487 r2=0.557 pcc=0.747 | Vl loss=0.1088 mae=0.352 r2=0.588 pcc=0.831 | ES 2/100
2026-05-19 19:11:56,508 | INFO |   Ep  35/300 | Tr loss=0.1928 mae=0.487 r2=0.557 pcc=0.747 | Vl loss=0.1088 mae=0.352 r2=0.588 pcc=0.831 | ES 2/100
  Ep  36/300 | Tr loss=0.1823 mae=0.471 r2=0.578 pcc=0.761 | Vl loss=0.0938 mae=0.299 r2=0.640 pcc=0.832 | ES 3/100
2026-05-19 19:12:27,451 | INFO |   Ep  36/300 | Tr loss=0.1823 mae=0.471 r2=0.578 pcc=0.761 | Vl loss=0.0938 mae=0.299 r2=0.640 pcc=0.832 | ES 3/100
  Ep  37/300 | Tr loss=0.1861 mae=0.476 r2=0.562 pcc=0.750 | Vl loss=0.1038 mae=0.332 r2=0.607 pcc=0.834 | ES 4/100
2026-05-19 19:12:58,506 | INFO |   Ep  37/300 | Tr loss=0.1861 mae=0.476 r2=0.562 pcc=0.750 | Vl loss=0.1038 mae=0.332 r2=0.607 pcc=0.834 | ES 4/100
  Ep  38/300 | Tr loss=0.1856 mae=0.471 r2=0.572 pcc=0.757 | Vl loss=0.1026 mae=0.334 r2=0.612 pcc=0.828 | ES 5/100
2026-05-19 19:13:29,737 | INFO |   Ep  38/300 | Tr loss=0.1856 mae=0.471 r2=0.572 pcc=0.757 | Vl loss=0.1026 mae=0.334 r2=0.612 pcc=0.828 | ES 5/100
  Ep  39/300 | Tr loss=0.1839 mae=0.473 r2=0.577 pcc=0.760 | Vl loss=0.1239 mae=0.388 r2=0.532 pcc=0.815 | ES 6/100
2026-05-19 19:14:00,679 | INFO |   Ep  39/300 | Tr loss=0.1839 mae=0.473 r2=0.577 pcc=0.760 | Vl loss=0.1239 mae=0.388 r2=0.532 pcc=0.815 | ES 6/100
  Ep  40/300 | Tr loss=0.1882 mae=0.475 r2=0.569 pcc=0.755 | Vl loss=0.0983 mae=0.321 r2=0.626 pcc=0.831 | ES 7/100
2026-05-19 19:14:31,762 | INFO |   Ep  40/300 | Tr loss=0.1882 mae=0.475 r2=0.569 pcc=0.755 | Vl loss=0.0983 mae=0.321 r2=0.626 pcc=0.831 | ES 7/100
  Ep  41/300 | Tr loss=0.1837 mae=0.467 r2=0.575 pcc=0.759 | Vl loss=0.1104 mae=0.361 r2=0.587 pcc=0.837 | ES 8/100
2026-05-19 19:15:02,695 | INFO |   Ep  41/300 | Tr loss=0.1837 mae=0.467 r2=0.575 pcc=0.759 | Vl loss=0.1104 mae=0.361 r2=0.587 pcc=0.837 | ES 8/100
  Ep  42/300 | Tr loss=0.1846 mae=0.468 r2=0.578 pcc=0.761 | Vl loss=0.1357 mae=0.415 r2=0.490 pcc=0.826 | ES 9/100
2026-05-19 19:15:33,624 | INFO |   Ep  42/300 | Tr loss=0.1846 mae=0.468 r2=0.578 pcc=0.761 | Vl loss=0.1357 mae=0.415 r2=0.490 pcc=0.826 | ES 9/100
  Ep  43/300 | Tr loss=0.1816 mae=0.467 r2=0.575 pcc=0.759 | Vl loss=0.1054 mae=0.333 r2=0.598 pcc=0.831 | ES 10/100
2026-05-19 19:16:04,694 | INFO |   Ep  43/300 | Tr loss=0.1816 mae=0.467 r2=0.575 pcc=0.759 | Vl loss=0.1054 mae=0.333 r2=0.598 pcc=0.831 | ES 10/100
  Ep  44/300 | Tr loss=0.1846 mae=0.469 r2=0.570 pcc=0.755 | Vl loss=0.1067 mae=0.338 r2=0.592 pcc=0.833 | ES 11/100
2026-05-19 19:16:35,668 | INFO |   Ep  44/300 | Tr loss=0.1846 mae=0.469 r2=0.570 pcc=0.755 | Vl loss=0.1067 mae=0.338 r2=0.592 pcc=0.833 | ES 11/100
  Ep  45/300 | Tr loss=0.1832 mae=0.466 r2=0.568 pcc=0.754 | Vl loss=0.1208 mae=0.387 r2=0.545 pcc=0.825 | ES 12/100
2026-05-19 19:17:06,605 | INFO |   Ep  45/300 | Tr loss=0.1832 mae=0.466 r2=0.568 pcc=0.754 | Vl loss=0.1208 mae=0.387 r2=0.545 pcc=0.825 | ES 12/100
  Ep  46/300 | Tr loss=0.1771 mae=0.459 r2=0.580 pcc=0.762 | Vl loss=0.1092 mae=0.349 r2=0.587 pcc=0.834 | ES 13/100
2026-05-19 19:17:37,524 | INFO |   Ep  46/300 | Tr loss=0.1771 mae=0.459 r2=0.580 pcc=0.762 | Vl loss=0.1092 mae=0.349 r2=0.587 pcc=0.834 | ES 13/100
  Ep  47/300 | Tr loss=0.1795 mae=0.461 r2=0.573 pcc=0.758 | Vl loss=0.0981 mae=0.317 r2=0.630 pcc=0.833 | ES 14/100
2026-05-19 19:18:08,466 | INFO |   Ep  47/300 | Tr loss=0.1795 mae=0.461 r2=0.573 pcc=0.758 | Vl loss=0.0981 mae=0.317 r2=0.630 pcc=0.833 | ES 14/100
  Ep  48/300 | Tr loss=0.1843 mae=0.469 r2=0.580 pcc=0.762 | Vl loss=0.1067 mae=0.336 r2=0.591 pcc=0.826 | ES 15/100
2026-05-19 19:18:39,356 | INFO |   Ep  48/300 | Tr loss=0.1843 mae=0.469 r2=0.580 pcc=0.762 | Vl loss=0.1067 mae=0.336 r2=0.591 pcc=0.826 | ES 15/100
  Ep  49/300 | Tr loss=0.1814 mae=0.464 r2=0.567 pcc=0.754 | Vl loss=0.1316 mae=0.396 r2=0.501 pcc=0.819 | ES 16/100
2026-05-19 19:19:10,249 | INFO |   Ep  49/300 | Tr loss=0.1814 mae=0.464 r2=0.567 pcc=0.754 | Vl loss=0.1316 mae=0.396 r2=0.501 pcc=0.819 | ES 16/100
  Ep  50/300 | Tr loss=0.1744 mae=0.452 r2=0.594 pcc=0.771 | Vl loss=0.1054 mae=0.327 r2=0.598 pcc=0.829 | ES 17/100
2026-05-19 19:19:41,160 | INFO |   Ep  50/300 | Tr loss=0.1744 mae=0.452 r2=0.594 pcc=0.771 | Vl loss=0.1054 mae=0.327 r2=0.598 pcc=0.829 | ES 17/100
  Ep  51/300 | Tr loss=0.1732 mae=0.452 r2=0.591 pcc=0.769 | Vl loss=0.1074 mae=0.327 r2=0.583 pcc=0.827 | ES 18/100
2026-05-19 19:20:12,224 | INFO |   Ep  51/300 | Tr loss=0.1732 mae=0.452 r2=0.591 pcc=0.769 | Vl loss=0.1074 mae=0.327 r2=0.583 pcc=0.827 | ES 18/100
  Ep  52/300 | Tr loss=0.1763 mae=0.456 r2=0.595 pcc=0.772 | Vl loss=0.1040 mae=0.316 r2=0.599 pcc=0.833 | ES 19/100
2026-05-19 19:20:43,447 | INFO |   Ep  52/300 | Tr loss=0.1763 mae=0.456 r2=0.595 pcc=0.772 | Vl loss=0.1040 mae=0.316 r2=0.599 pcc=0.833 | ES 19/100
  Ep  53/300 | Tr loss=0.1811 mae=0.464 r2=0.581 pcc=0.763 | Vl loss=0.1085 mae=0.323 r2=0.579 pcc=0.828 | ES 20/100
2026-05-19 19:21:14,541 | INFO |   Ep  53/300 | Tr loss=0.1811 mae=0.464 r2=0.581 pcc=0.763 | Vl loss=0.1085 mae=0.323 r2=0.579 pcc=0.828 | ES 20/100
  Ep  54/300 | Tr loss=0.1776 mae=0.456 r2=0.584 pcc=0.765 | Vl loss=0.1040 mae=0.326 r2=0.602 pcc=0.820 | ES 21/100
2026-05-19 19:21:45,809 | INFO |   Ep  54/300 | Tr loss=0.1776 mae=0.456 r2=0.584 pcc=0.765 | Vl loss=0.1040 mae=0.326 r2=0.602 pcc=0.820 | ES 21/100
  Ep  55/300 | Tr loss=0.1777 mae=0.454 r2=0.581 pcc=0.763 | Vl loss=0.0935 mae=0.291 r2=0.641 pcc=0.823 | ES 22/100
2026-05-19 19:22:17,208 | INFO |   Ep  55/300 | Tr loss=0.1777 mae=0.454 r2=0.581 pcc=0.763 | Vl loss=0.0935 mae=0.291 r2=0.641 pcc=0.823 | ES 22/100
  Ep  56/300 | Tr loss=0.1784 mae=0.455 r2=0.585 pcc=0.765 | Vl loss=0.0995 mae=0.309 r2=0.618 pcc=0.832 | ES 23/100
2026-05-19 19:22:49,087 | INFO |   Ep  56/300 | Tr loss=0.1784 mae=0.455 r2=0.585 pcc=0.765 | Vl loss=0.0995 mae=0.309 r2=0.618 pcc=0.832 | ES 23/100
  Ep  57/300 | Tr loss=0.1788 mae=0.457 r2=0.590 pcc=0.768 | Vl loss=0.1035 mae=0.314 r2=0.598 pcc=0.830 | ES 24/100
2026-05-19 19:23:20,453 | INFO |   Ep  57/300 | Tr loss=0.1788 mae=0.457 r2=0.590 pcc=0.768 | Vl loss=0.1035 mae=0.314 r2=0.598 pcc=0.830 | ES 24/100
  Ep  58/300 | Tr loss=0.1776 mae=0.454 r2=0.593 pcc=0.770 | Vl loss=0.1025 mae=0.318 r2=0.606 pcc=0.826 | ES 25/100
2026-05-19 19:23:51,604 | INFO |   Ep  58/300 | Tr loss=0.1776 mae=0.454 r2=0.593 pcc=0.770 | Vl loss=0.1025 mae=0.318 r2=0.606 pcc=0.826 | ES 25/100
  Ep  59/300 | Tr loss=0.1769 mae=0.454 r2=0.595 pcc=0.772 | Vl loss=0.1024 mae=0.322 r2=0.607 pcc=0.822 | ES 26/100
2026-05-19 19:24:22,517 | INFO |   Ep  59/300 | Tr loss=0.1769 mae=0.454 r2=0.595 pcc=0.772 | Vl loss=0.1024 mae=0.322 r2=0.607 pcc=0.822 | ES 26/100
  Ep  60/300 | Tr loss=0.1769 mae=0.455 r2=0.587 pcc=0.766 | Vl loss=0.0997 mae=0.308 r2=0.615 pcc=0.829 | ES 27/100
2026-05-19 19:24:53,520 | INFO |   Ep  60/300 | Tr loss=0.1769 mae=0.455 r2=0.587 pcc=0.766 | Vl loss=0.0997 mae=0.308 r2=0.615 pcc=0.829 | ES 27/100
  Ep  61/300 | Tr loss=0.1710 mae=0.446 r2=0.600 pcc=0.775 | Vl loss=0.1003 mae=0.309 r2=0.612 pcc=0.823 | ES 28/100
2026-05-19 19:25:24,422 | INFO |   Ep  61/300 | Tr loss=0.1710 mae=0.446 r2=0.600 pcc=0.775 | Vl loss=0.1003 mae=0.309 r2=0.612 pcc=0.823 | ES 28/100
  Ep  62/300 | Tr loss=0.1774 mae=0.456 r2=0.582 pcc=0.763 | Vl loss=0.0969 mae=0.311 r2=0.631 pcc=0.829 | ES 29/100
2026-05-19 19:25:55,422 | INFO |   Ep  62/300 | Tr loss=0.1774 mae=0.456 r2=0.582 pcc=0.763 | Vl loss=0.0969 mae=0.311 r2=0.631 pcc=0.829 | ES 29/100
  Ep  63/300 | Tr loss=0.1751 mae=0.451 r2=0.602 pcc=0.776 | Vl loss=0.0984 mae=0.309 r2=0.624 pcc=0.825 | ES 30/100
2026-05-19 19:26:26,483 | INFO |   Ep  63/300 | Tr loss=0.1751 mae=0.451 r2=0.602 pcc=0.776 | Vl loss=0.0984 mae=0.309 r2=0.624 pcc=0.825 | ES 30/100
  Ep  64/300 | Tr loss=0.1744 mae=0.449 r2=0.590 pcc=0.768 | Vl loss=0.1057 mae=0.338 r2=0.600 pcc=0.823 | ES 31/100
2026-05-19 19:26:57,394 | INFO |   Ep  64/300 | Tr loss=0.1744 mae=0.449 r2=0.590 pcc=0.768 | Vl loss=0.1057 mae=0.338 r2=0.600 pcc=0.823 | ES 31/100
  Ep  65/300 | Tr loss=0.1696 mae=0.443 r2=0.607 pcc=0.780 | Vl loss=0.1215 mae=0.372 r2=0.537 pcc=0.815 | ES 32/100
2026-05-19 19:27:28,313 | INFO |   Ep  65/300 | Tr loss=0.1696 mae=0.443 r2=0.607 pcc=0.780 | Vl loss=0.1215 mae=0.372 r2=0.537 pcc=0.815 | ES 32/100
  Ep  66/300 | Tr loss=0.1711 mae=0.446 r2=0.605 pcc=0.778 | Vl loss=0.1089 mae=0.352 r2=0.595 pcc=0.814 | ES 33/100
2026-05-19 19:27:59,447 | INFO |   Ep  66/300 | Tr loss=0.1711 mae=0.446 r2=0.605 pcc=0.778 | Vl loss=0.1089 mae=0.352 r2=0.595 pcc=0.814 | ES 33/100
  Ep  67/300 | Tr loss=0.1649 mae=0.436 r2=0.607 pcc=0.779 | Vl loss=0.1002 mae=0.315 r2=0.615 pcc=0.825 | ES 34/100
2026-05-19 19:28:30,521 | INFO |   Ep  67/300 | Tr loss=0.1649 mae=0.436 r2=0.607 pcc=0.779 | Vl loss=0.1002 mae=0.315 r2=0.615 pcc=0.825 | ES 34/100
  Ep  68/300 | Tr loss=0.1684 mae=0.438 r2=0.609 pcc=0.781 | Vl loss=0.1097 mae=0.330 r2=0.573 pcc=0.822 | ES 35/100
2026-05-19 19:29:01,734 | INFO |   Ep  68/300 | Tr loss=0.1684 mae=0.438 r2=0.609 pcc=0.781 | Vl loss=0.1097 mae=0.330 r2=0.573 pcc=0.822 | ES 35/100
  Ep  69/300 | Tr loss=0.1689 mae=0.442 r2=0.595 pcc=0.772 | Vl loss=0.1029 mae=0.324 r2=0.610 pcc=0.818 | ES 36/100
2026-05-19 19:29:32,826 | INFO |   Ep  69/300 | Tr loss=0.1689 mae=0.442 r2=0.595 pcc=0.772 | Vl loss=0.1029 mae=0.324 r2=0.610 pcc=0.818 | ES 36/100
  Ep  70/300 | Tr loss=0.1692 mae=0.444 r2=0.611 pcc=0.782 | Vl loss=0.1445 mae=0.423 r2=0.456 pcc=0.793 | ES 37/100
2026-05-19 19:30:03,788 | INFO |   Ep  70/300 | Tr loss=0.1692 mae=0.444 r2=0.611 pcc=0.782 | Vl loss=0.1445 mae=0.423 r2=0.456 pcc=0.793 | ES 37/100
  Ep  71/300 | Tr loss=0.1726 mae=0.448 r2=0.599 pcc=0.774 | Vl loss=0.1070 mae=0.335 r2=0.592 pcc=0.825 | ES 38/100
2026-05-19 19:30:34,757 | INFO |   Ep  71/300 | Tr loss=0.1726 mae=0.448 r2=0.599 pcc=0.774 | Vl loss=0.1070 mae=0.335 r2=0.592 pcc=0.825 | ES 38/100
  Ep  72/300 | Tr loss=0.1811 mae=0.460 r2=0.586 pcc=0.766 | Vl loss=0.1028 mae=0.315 r2=0.604 pcc=0.826 | ES 39/100
2026-05-19 19:31:05,698 | INFO |   Ep  72/300 | Tr loss=0.1811 mae=0.460 r2=0.586 pcc=0.766 | Vl loss=0.1028 mae=0.315 r2=0.604 pcc=0.826 | ES 39/100
  Ep  73/300 | Tr loss=0.1754 mae=0.451 r2=0.585 pcc=0.765 | Vl loss=0.0908 mae=0.300 r2=0.656 pcc=0.828 | ES 40/100
2026-05-19 19:31:36,700 | INFO |   Ep  73/300 | Tr loss=0.1754 mae=0.451 r2=0.585 pcc=0.765 | Vl loss=0.0908 mae=0.300 r2=0.656 pcc=0.828 | ES 40/100
  Ep  74/300 | Tr loss=0.1724 mae=0.447 r2=0.599 pcc=0.774 | Vl loss=0.0963 mae=0.310 r2=0.631 pcc=0.820 | ES 41/100
2026-05-19 19:32:07,696 | INFO |   Ep  74/300 | Tr loss=0.1724 mae=0.447 r2=0.599 pcc=0.774 | Vl loss=0.0963 mae=0.310 r2=0.631 pcc=0.820 | ES 41/100
  Ep  75/300 | Tr loss=0.1745 mae=0.448 r2=0.590 pcc=0.768 | Vl loss=0.1036 mae=0.324 r2=0.603 pcc=0.818 | ES 42/100
2026-05-19 19:32:38,637 | INFO |   Ep  75/300 | Tr loss=0.1745 mae=0.448 r2=0.590 pcc=0.768 | Vl loss=0.1036 mae=0.324 r2=0.603 pcc=0.818 | ES 42/100
  Ep  76/300 | Tr loss=0.1728 mae=0.447 r2=0.606 pcc=0.779 | Vl loss=0.1037 mae=0.326 r2=0.603 pcc=0.817 | ES 43/100
2026-05-19 19:33:09,575 | INFO |   Ep  76/300 | Tr loss=0.1728 mae=0.447 r2=0.606 pcc=0.779 | Vl loss=0.1037 mae=0.326 r2=0.603 pcc=0.817 | ES 43/100
  Ep  77/300 | Tr loss=0.1703 mae=0.444 r2=0.596 pcc=0.772 | Vl loss=0.1051 mae=0.328 r2=0.599 pcc=0.822 | ES 44/100
2026-05-19 19:33:40,622 | INFO |   Ep  77/300 | Tr loss=0.1703 mae=0.444 r2=0.596 pcc=0.772 | Vl loss=0.1051 mae=0.328 r2=0.599 pcc=0.822 | ES 44/100
  Ep  78/300 | Tr loss=0.1718 mae=0.444 r2=0.597 pcc=0.773 | Vl loss=0.1016 mae=0.328 r2=0.625 pcc=0.823 | ES 45/100
2026-05-19 19:34:11,776 | INFO |   Ep  78/300 | Tr loss=0.1718 mae=0.444 r2=0.597 pcc=0.773 | Vl loss=0.1016 mae=0.328 r2=0.625 pcc=0.823 | ES 45/100
  Ep  79/300 | Tr loss=0.1712 mae=0.442 r2=0.605 pcc=0.778 | Vl loss=0.0970 mae=0.307 r2=0.629 pcc=0.825 | ES 46/100
2026-05-19 19:34:42,786 | INFO |   Ep  79/300 | Tr loss=0.1712 mae=0.442 r2=0.605 pcc=0.778 | Vl loss=0.0970 mae=0.307 r2=0.629 pcc=0.825 | ES 46/100
  Ep  80/300 | Tr loss=0.1717 mae=0.443 r2=0.600 pcc=0.775 | Vl loss=0.0952 mae=0.305 r2=0.638 pcc=0.828 | ES 47/100
2026-05-19 19:35:13,840 | INFO |   Ep  80/300 | Tr loss=0.1717 mae=0.443 r2=0.600 pcc=0.775 | Vl loss=0.0952 mae=0.305 r2=0.638 pcc=0.828 | ES 47/100
  Ep  81/300 | Tr loss=0.1724 mae=0.445 r2=0.599 pcc=0.774 | Vl loss=0.1099 mae=0.332 r2=0.574 pcc=0.820 | ES 48/100
2026-05-19 19:35:45,104 | INFO |   Ep  81/300 | Tr loss=0.1724 mae=0.445 r2=0.599 pcc=0.774 | Vl loss=0.1099 mae=0.332 r2=0.574 pcc=0.820 | ES 48/100
  Ep  82/300 | Tr loss=0.1666 mae=0.436 r2=0.606 pcc=0.779 | Vl loss=0.0975 mae=0.311 r2=0.628 pcc=0.823 | ES 49/100
2026-05-19 19:36:16,792 | INFO |   Ep  82/300 | Tr loss=0.1666 mae=0.436 r2=0.606 pcc=0.779 | Vl loss=0.0975 mae=0.311 r2=0.628 pcc=0.823 | ES 49/100
  Ep  83/300 | Tr loss=0.1652 mae=0.433 r2=0.612 pcc=0.782 | Vl loss=0.1133 mae=0.351 r2=0.571 pcc=0.819 | ES 50/100
2026-05-19 19:36:47,935 | INFO |   Ep  83/300 | Tr loss=0.1652 mae=0.433 r2=0.612 pcc=0.782 | Vl loss=0.1133 mae=0.351 r2=0.571 pcc=0.819 | ES 50/100
  Ep  84/300 | Tr loss=0.1676 mae=0.439 r2=0.605 pcc=0.778 | Vl loss=0.1113 mae=0.350 r2=0.580 pcc=0.815 | ES 51/100
2026-05-19 19:37:19,076 | INFO |   Ep  84/300 | Tr loss=0.1676 mae=0.439 r2=0.605 pcc=0.778 | Vl loss=0.1113 mae=0.350 r2=0.580 pcc=0.815 | ES 51/100
  Ep  85/300 | Tr loss=0.1730 mae=0.445 r2=0.596 pcc=0.772 | Vl loss=0.0972 mae=0.310 r2=0.632 pcc=0.825 | ES 52/100
2026-05-19 19:37:50,349 | INFO |   Ep  85/300 | Tr loss=0.1730 mae=0.445 r2=0.596 pcc=0.772 | Vl loss=0.0972 mae=0.310 r2=0.632 pcc=0.825 | ES 52/100
  Ep  86/300 | Tr loss=0.1783 mae=0.455 r2=0.587 pcc=0.767 | Vl loss=0.1109 mae=0.350 r2=0.584 pcc=0.816 | ES 53/100
2026-05-19 19:38:22,138 | INFO |   Ep  86/300 | Tr loss=0.1783 mae=0.455 r2=0.587 pcc=0.767 | Vl loss=0.1109 mae=0.350 r2=0.584 pcc=0.816 | ES 53/100
  Ep  87/300 | Tr loss=0.1682 mae=0.437 r2=0.614 pcc=0.784 | Vl loss=0.0992 mae=0.317 r2=0.622 pcc=0.824 | ES 54/100
2026-05-19 19:38:53,714 | INFO |   Ep  87/300 | Tr loss=0.1682 mae=0.437 r2=0.614 pcc=0.784 | Vl loss=0.0992 mae=0.317 r2=0.622 pcc=0.824 | ES 54/100
  Ep  88/300 | Tr loss=0.1719 mae=0.444 r2=0.592 pcc=0.770 | Vl loss=0.0978 mae=0.302 r2=0.623 pcc=0.827 | ES 55/100
2026-05-19 19:39:24,959 | INFO |   Ep  88/300 | Tr loss=0.1719 mae=0.444 r2=0.592 pcc=0.770 | Vl loss=0.0978 mae=0.302 r2=0.623 pcc=0.827 | ES 55/100
  Ep  89/300 | Tr loss=0.1672 mae=0.436 r2=0.606 pcc=0.779 | Vl loss=0.1060 mae=0.325 r2=0.595 pcc=0.828 | ES 56/100
2026-05-19 19:39:56,255 | INFO |   Ep  89/300 | Tr loss=0.1672 mae=0.436 r2=0.606 pcc=0.779 | Vl loss=0.1060 mae=0.325 r2=0.595 pcc=0.828 | ES 56/100
  Ep  90/300 | Tr loss=0.1711 mae=0.444 r2=0.603 pcc=0.777 | Vl loss=0.1049 mae=0.324 r2=0.601 pcc=0.824 | ES 57/100
2026-05-19 19:40:27,451 | INFO |   Ep  90/300 | Tr loss=0.1711 mae=0.444 r2=0.603 pcc=0.777 | Vl loss=0.1049 mae=0.324 r2=0.601 pcc=0.824 | ES 57/100
  Ep  91/300 | Tr loss=0.1713 mae=0.445 r2=0.601 pcc=0.775 | Vl loss=0.0944 mae=0.306 r2=0.642 pcc=0.825 | ES 58/100
2026-05-19 19:40:58,681 | INFO |   Ep  91/300 | Tr loss=0.1713 mae=0.445 r2=0.601 pcc=0.775 | Vl loss=0.0944 mae=0.306 r2=0.642 pcc=0.825 | ES 58/100
  Ep  92/300 | Tr loss=0.1721 mae=0.442 r2=0.604 pcc=0.778 | Vl loss=0.1080 mae=0.345 r2=0.593 pcc=0.822 | ES 59/100
2026-05-19 19:41:29,750 | INFO |   Ep  92/300 | Tr loss=0.1721 mae=0.442 r2=0.604 pcc=0.778 | Vl loss=0.1080 mae=0.345 r2=0.593 pcc=0.822 | ES 59/100
  Ep  93/300 | Tr loss=0.1664 mae=0.438 r2=0.612 pcc=0.783 | Vl loss=0.1013 mae=0.314 r2=0.610 pcc=0.821 | ES 60/100
2026-05-19 19:42:00,823 | INFO |   Ep  93/300 | Tr loss=0.1664 mae=0.438 r2=0.612 pcc=0.783 | Vl loss=0.1013 mae=0.314 r2=0.610 pcc=0.821 | ES 60/100
  Ep  94/300 | Tr loss=0.1684 mae=0.438 r2=0.603 pcc=0.777 | Vl loss=0.0986 mae=0.315 r2=0.624 pcc=0.829 | ES 61/100
2026-05-19 19:42:31,742 | INFO |   Ep  94/300 | Tr loss=0.1684 mae=0.438 r2=0.603 pcc=0.777 | Vl loss=0.0986 mae=0.315 r2=0.624 pcc=0.829 | ES 61/100
  Ep  95/300 | Tr loss=0.1700 mae=0.440 r2=0.612 pcc=0.782 | Vl loss=0.1134 mae=0.358 r2=0.574 pcc=0.819 | ES 62/100
2026-05-19 19:43:02,786 | INFO |   Ep  95/300 | Tr loss=0.1700 mae=0.440 r2=0.612 pcc=0.782 | Vl loss=0.1134 mae=0.358 r2=0.574 pcc=0.819 | ES 62/100
  Ep  96/300 | Tr loss=0.1682 mae=0.438 r2=0.606 pcc=0.778 | Vl loss=0.0982 mae=0.306 r2=0.621 pcc=0.823 | ES 63/100
2026-05-19 19:43:33,765 | INFO |   Ep  96/300 | Tr loss=0.1682 mae=0.438 r2=0.606 pcc=0.778 | Vl loss=0.0982 mae=0.306 r2=0.621 pcc=0.823 | ES 63/100
  Ep  97/300 | Tr loss=0.1656 mae=0.434 r2=0.604 pcc=0.778 | Vl loss=0.1093 mae=0.337 r2=0.583 pcc=0.816 | ES 64/100
2026-05-19 19:44:04,783 | INFO |   Ep  97/300 | Tr loss=0.1656 mae=0.434 r2=0.604 pcc=0.778 | Vl loss=0.1093 mae=0.337 r2=0.583 pcc=0.816 | ES 64/100
  Ep  98/300 | Tr loss=0.1717 mae=0.443 r2=0.592 pcc=0.770 | Vl loss=0.1086 mae=0.337 r2=0.587 pcc=0.819 | ES 65/100
2026-05-19 19:44:35,937 | INFO |   Ep  98/300 | Tr loss=0.1717 mae=0.443 r2=0.592 pcc=0.770 | Vl loss=0.1086 mae=0.337 r2=0.587 pcc=0.819 | ES 65/100
  Ep  99/300 | Tr loss=0.1640 mae=0.430 r2=0.618 pcc=0.786 | Vl loss=0.1023 mae=0.311 r2=0.605 pcc=0.821 | ES 66/100
2026-05-19 19:45:06,921 | INFO |   Ep  99/300 | Tr loss=0.1640 mae=0.430 r2=0.618 pcc=0.786 | Vl loss=0.1023 mae=0.311 r2=0.605 pcc=0.821 | ES 66/100
  Ep 100/300 | Tr loss=0.1702 mae=0.442 r2=0.594 pcc=0.771 | Vl loss=0.1067 mae=0.329 r2=0.594 pcc=0.819 | ES 67/100
2026-05-19 19:45:37,899 | INFO |   Ep 100/300 | Tr loss=0.1702 mae=0.442 r2=0.594 pcc=0.771 | Vl loss=0.1067 mae=0.329 r2=0.594 pcc=0.819 | ES 67/100
  Ep 101/300 | Tr loss=0.1659 mae=0.436 r2=0.614 pcc=0.784 | Vl loss=0.1108 mae=0.345 r2=0.584 pcc=0.817 | ES 68/100
2026-05-19 19:46:08,819 | INFO |   Ep 101/300 | Tr loss=0.1659 mae=0.436 r2=0.614 pcc=0.784 | Vl loss=0.1108 mae=0.345 r2=0.584 pcc=0.817 | ES 68/100
  Ep 102/300 | Tr loss=0.1703 mae=0.440 r2=0.603 pcc=0.777 | Vl loss=0.1050 mae=0.331 r2=0.599 pcc=0.822 | ES 69/100
2026-05-19 19:46:39,807 | INFO |   Ep 102/300 | Tr loss=0.1703 mae=0.440 r2=0.603 pcc=0.777 | Vl loss=0.1050 mae=0.331 r2=0.599 pcc=0.822 | ES 69/100
  Ep 103/300 | Tr loss=0.1686 mae=0.437 r2=0.610 pcc=0.781 | Vl loss=0.1033 mae=0.326 r2=0.607 pcc=0.824 | ES 70/100
2026-05-19 19:47:10,821 | INFO |   Ep 103/300 | Tr loss=0.1686 mae=0.437 r2=0.610 pcc=0.781 | Vl loss=0.1033 mae=0.326 r2=0.607 pcc=0.824 | ES 70/100
  Ep 104/300 | Tr loss=0.1657 mae=0.432 r2=0.612 pcc=0.783 | Vl loss=0.1086 mae=0.339 r2=0.593 pcc=0.816 | ES 71/100
2026-05-19 19:47:42,211 | INFO |   Ep 104/300 | Tr loss=0.1657 mae=0.432 r2=0.612 pcc=0.783 | Vl loss=0.1086 mae=0.339 r2=0.593 pcc=0.816 | ES 71/100
  Ep 105/300 | Tr loss=0.1687 mae=0.438 r2=0.611 pcc=0.782 | Vl loss=0.0936 mae=0.304 r2=0.643 pcc=0.827 | ES 72/100
2026-05-19 19:48:13,543 | INFO |   Ep 105/300 | Tr loss=0.1687 mae=0.438 r2=0.611 pcc=0.782 | Vl loss=0.0936 mae=0.304 r2=0.643 pcc=0.827 | ES 72/100
  Ep 106/300 | Tr loss=0.1694 mae=0.440 r2=0.605 pcc=0.778 | Vl loss=0.1068 mae=0.329 r2=0.596 pcc=0.818 | ES 73/100
2026-05-19 19:48:44,926 | INFO |   Ep 106/300 | Tr loss=0.1694 mae=0.440 r2=0.605 pcc=0.778 | Vl loss=0.1068 mae=0.329 r2=0.596 pcc=0.818 | ES 73/100
  Ep 107/300 | Tr loss=0.1699 mae=0.439 r2=0.601 pcc=0.776 | Vl loss=0.0994 mae=0.317 r2=0.624 pcc=0.825 | ES 74/100
2026-05-19 19:49:16,059 | INFO |   Ep 107/300 | Tr loss=0.1699 mae=0.439 r2=0.601 pcc=0.776 | Vl loss=0.0994 mae=0.317 r2=0.624 pcc=0.825 | ES 74/100
  Ep 108/300 | Tr loss=0.1685 mae=0.439 r2=0.607 pcc=0.779 | Vl loss=0.1063 mae=0.332 r2=0.601 pcc=0.817 | ES 75/100
2026-05-19 19:49:47,243 | INFO |   Ep 108/300 | Tr loss=0.1685 mae=0.439 r2=0.607 pcc=0.779 | Vl loss=0.1063 mae=0.332 r2=0.601 pcc=0.817 | ES 75/100
  Ep 109/300 | Tr loss=0.1604 mae=0.423 r2=0.620 pcc=0.788 | Vl loss=0.0963 mae=0.304 r2=0.636 pcc=0.824 | ES 76/100
2026-05-19 19:50:18,370 | INFO |   Ep 109/300 | Tr loss=0.1604 mae=0.423 r2=0.620 pcc=0.788 | Vl loss=0.0963 mae=0.304 r2=0.636 pcc=0.824 | ES 76/100
  Ep 110/300 | Tr loss=0.1738 mae=0.447 r2=0.591 pcc=0.769 | Vl loss=0.1042 mae=0.328 r2=0.605 pcc=0.820 | ES 77/100
2026-05-19 19:50:49,811 | INFO |   Ep 110/300 | Tr loss=0.1738 mae=0.447 r2=0.591 pcc=0.769 | Vl loss=0.1042 mae=0.328 r2=0.605 pcc=0.820 | ES 77/100
  Ep 111/300 | Tr loss=0.1700 mae=0.439 r2=0.617 pcc=0.786 | Vl loss=0.1081 mae=0.331 r2=0.591 pcc=0.817 | ES 78/100
2026-05-19 19:51:20,978 | INFO |   Ep 111/300 | Tr loss=0.1700 mae=0.439 r2=0.617 pcc=0.786 | Vl loss=0.1081 mae=0.331 r2=0.591 pcc=0.817 | ES 78/100
  Ep 112/300 | Tr loss=0.1735 mae=0.440 r2=0.591 pcc=0.769 | Vl loss=0.1093 mae=0.336 r2=0.581 pcc=0.823 | ES 79/100
2026-05-19 19:51:52,197 | INFO |   Ep 112/300 | Tr loss=0.1735 mae=0.440 r2=0.591 pcc=0.769 | Vl loss=0.1093 mae=0.336 r2=0.581 pcc=0.823 | ES 79/100
  Ep 113/300 | Tr loss=0.1732 mae=0.445 r2=0.600 pcc=0.775 | Vl loss=0.0940 mae=0.305 r2=0.646 pcc=0.831 | ES 80/100
2026-05-19 19:52:23,689 | INFO |   Ep 113/300 | Tr loss=0.1732 mae=0.445 r2=0.600 pcc=0.775 | Vl loss=0.0940 mae=0.305 r2=0.646 pcc=0.831 | ES 80/100
  Ep 114/300 | Tr loss=0.1701 mae=0.439 r2=0.597 pcc=0.773 | Vl loss=0.1033 mae=0.315 r2=0.606 pcc=0.823 | ES 81/100
2026-05-19 19:52:54,815 | INFO |   Ep 114/300 | Tr loss=0.1701 mae=0.439 r2=0.597 pcc=0.773 | Vl loss=0.1033 mae=0.315 r2=0.606 pcc=0.823 | ES 81/100
  Ep 115/300 | Tr loss=0.1653 mae=0.433 r2=0.606 pcc=0.779 | Vl loss=0.1005 mae=0.327 r2=0.625 pcc=0.820 | ES 82/100
2026-05-19 19:53:26,112 | INFO |   Ep 115/300 | Tr loss=0.1653 mae=0.433 r2=0.606 pcc=0.779 | Vl loss=0.1005 mae=0.327 r2=0.625 pcc=0.820 | ES 82/100
  Ep 116/300 | Tr loss=0.1684 mae=0.438 r2=0.597 pcc=0.773 | Vl loss=0.1060 mae=0.328 r2=0.598 pcc=0.826 | ES 83/100
2026-05-19 19:53:57,338 | INFO |   Ep 116/300 | Tr loss=0.1684 mae=0.438 r2=0.597 pcc=0.773 | Vl loss=0.1060 mae=0.328 r2=0.598 pcc=0.826 | ES 83/100
  Ep 117/300 | Tr loss=0.1723 mae=0.445 r2=0.592 pcc=0.770 | Vl loss=0.1052 mae=0.334 r2=0.606 pcc=0.823 | ES 84/100
2026-05-19 19:54:28,662 | INFO |   Ep 117/300 | Tr loss=0.1723 mae=0.445 r2=0.592 pcc=0.770 | Vl loss=0.1052 mae=0.334 r2=0.606 pcc=0.823 | ES 84/100
  Ep 118/300 | Tr loss=0.1599 mae=0.425 r2=0.616 pcc=0.785 | Vl loss=0.1023 mae=0.323 r2=0.610 pcc=0.819 | ES 85/100
2026-05-19 19:54:59,816 | INFO |   Ep 118/300 | Tr loss=0.1599 mae=0.425 r2=0.616 pcc=0.785 | Vl loss=0.1023 mae=0.323 r2=0.610 pcc=0.819 | ES 85/100
  Ep 119/300 | Tr loss=0.1681 mae=0.437 r2=0.612 pcc=0.782 | Vl loss=0.1008 mae=0.321 r2=0.619 pcc=0.825 | ES 86/100
2026-05-19 19:55:31,134 | INFO |   Ep 119/300 | Tr loss=0.1681 mae=0.437 r2=0.612 pcc=0.782 | Vl loss=0.1008 mae=0.321 r2=0.619 pcc=0.825 | ES 86/100
  Ep 120/300 | Tr loss=0.1762 mae=0.446 r2=0.596 pcc=0.772 | Vl loss=0.1057 mae=0.333 r2=0.604 pcc=0.821 | ES 87/100
2026-05-19 19:56:02,416 | INFO |   Ep 120/300 | Tr loss=0.1762 mae=0.446 r2=0.596 pcc=0.772 | Vl loss=0.1057 mae=0.333 r2=0.604 pcc=0.821 | ES 87/100
  Ep 121/300 | Tr loss=0.1685 mae=0.435 r2=0.599 pcc=0.774 | Vl loss=0.1111 mae=0.344 r2=0.585 pcc=0.822 | ES 88/100
2026-05-19 19:56:33,627 | INFO |   Ep 121/300 | Tr loss=0.1685 mae=0.435 r2=0.599 pcc=0.774 | Vl loss=0.1111 mae=0.344 r2=0.585 pcc=0.822 | ES 88/100
  Ep 122/300 | Tr loss=0.1661 mae=0.434 r2=0.623 pcc=0.790 | Vl loss=0.1048 mae=0.328 r2=0.607 pcc=0.822 | ES 89/100
2026-05-19 19:57:04,880 | INFO |   Ep 122/300 | Tr loss=0.1661 mae=0.434 r2=0.623 pcc=0.790 | Vl loss=0.1048 mae=0.328 r2=0.607 pcc=0.822 | ES 89/100
  Ep 123/300 | Tr loss=0.1701 mae=0.439 r2=0.601 pcc=0.776 | Vl loss=0.1067 mae=0.335 r2=0.597 pcc=0.820 | ES 90/100
2026-05-19 19:57:36,030 | INFO |   Ep 123/300 | Tr loss=0.1701 mae=0.439 r2=0.601 pcc=0.776 | Vl loss=0.1067 mae=0.335 r2=0.597 pcc=0.820 | ES 90/100
  Ep 124/300 | Tr loss=0.1696 mae=0.438 r2=0.606 pcc=0.779 | Vl loss=0.1069 mae=0.332 r2=0.593 pcc=0.819 | ES 91/100
2026-05-19 19:58:07,515 | INFO |   Ep 124/300 | Tr loss=0.1696 mae=0.438 r2=0.606 pcc=0.779 | Vl loss=0.1069 mae=0.332 r2=0.593 pcc=0.819 | ES 91/100
  Ep 125/300 | Tr loss=0.1674 mae=0.436 r2=0.606 pcc=0.779 | Vl loss=0.1097 mae=0.340 r2=0.583 pcc=0.818 | ES 92/100
2026-05-19 19:58:39,058 | INFO |   Ep 125/300 | Tr loss=0.1674 mae=0.436 r2=0.606 pcc=0.779 | Vl loss=0.1097 mae=0.340 r2=0.583 pcc=0.818 | ES 92/100
  Ep 126/300 | Tr loss=0.1655 mae=0.434 r2=0.613 pcc=0.783 | Vl loss=0.1053 mae=0.332 r2=0.601 pcc=0.819 | ES 93/100
2026-05-19 19:59:10,446 | INFO |   Ep 126/300 | Tr loss=0.1655 mae=0.434 r2=0.613 pcc=0.783 | Vl loss=0.1053 mae=0.332 r2=0.601 pcc=0.819 | ES 93/100
  Ep 127/300 | Tr loss=0.1693 mae=0.438 r2=0.604 pcc=0.777 | Vl loss=0.0964 mae=0.317 r2=0.643 pcc=0.821 | ES 94/100
2026-05-19 19:59:41,973 | INFO |   Ep 127/300 | Tr loss=0.1693 mae=0.438 r2=0.604 pcc=0.777 | Vl loss=0.0964 mae=0.317 r2=0.643 pcc=0.821 | ES 94/100
  Ep 128/300 | Tr loss=0.1662 mae=0.434 r2=0.612 pcc=0.782 | Vl loss=0.1026 mae=0.322 r2=0.613 pcc=0.824 | ES 95/100
2026-05-19 20:00:13,186 | INFO |   Ep 128/300 | Tr loss=0.1662 mae=0.434 r2=0.612 pcc=0.782 | Vl loss=0.1026 mae=0.322 r2=0.613 pcc=0.824 | ES 95/100
  Ep 129/300 | Tr loss=0.1705 mae=0.440 r2=0.601 pcc=0.776 | Vl loss=0.1014 mae=0.315 r2=0.617 pcc=0.827 | ES 96/100
2026-05-19 20:00:44,714 | INFO |   Ep 129/300 | Tr loss=0.1705 mae=0.440 r2=0.601 pcc=0.776 | Vl loss=0.1014 mae=0.315 r2=0.617 pcc=0.827 | ES 96/100
  Ep 130/300 | Tr loss=0.1737 mae=0.444 r2=0.591 pcc=0.769 | Vl loss=0.1023 mae=0.328 r2=0.617 pcc=0.827 | ES 97/100
2026-05-19 20:01:16,198 | INFO |   Ep 130/300 | Tr loss=0.1737 mae=0.444 r2=0.591 pcc=0.769 | Vl loss=0.1023 mae=0.328 r2=0.617 pcc=0.827 | ES 97/100
  Ep 131/300 | Tr loss=0.1613 mae=0.428 r2=0.616 pcc=0.785 | Vl loss=0.1028 mae=0.328 r2=0.613 pcc=0.817 | ES 98/100
2026-05-19 20:01:47,606 | INFO |   Ep 131/300 | Tr loss=0.1613 mae=0.428 r2=0.616 pcc=0.785 | Vl loss=0.1028 mae=0.328 r2=0.613 pcc=0.817 | ES 98/100
  Ep 132/300 | Tr loss=0.1595 mae=0.423 r2=0.625 pcc=0.791 | Vl loss=0.1102 mae=0.342 r2=0.582 pcc=0.820 | ES 99/100
2026-05-19 20:02:18,899 | INFO |   Ep 132/300 | Tr loss=0.1595 mae=0.423 r2=0.625 pcc=0.791 | Vl loss=0.1102 mae=0.342 r2=0.582 pcc=0.820 | ES 99/100
  Ep 133/300 | Tr loss=0.1659 mae=0.431 r2=0.603 pcc=0.777 | Vl loss=0.1118 mae=0.345 r2=0.572 pcc=0.821 | ES 100/100
2026-05-19 20:02:50,017 | INFO |   Ep 133/300 | Tr loss=0.1659 mae=0.431 r2=0.603 pcc=0.777 | Vl loss=0.1118 mae=0.345 r2=0.572 pcc=0.821 | ES 100/100

  ⏹  Early stopping at epoch 133 (best=33)
2026-05-19 20:02:50,017 | INFO | Early stopping at epoch 133 best=33

✓ Training complete!

  ── Final Test Results (best epoch = 33) ──────────────────
  Loss : 0.1467
  RMSE : 0.5552
  MAE  : 0.4145
  R²   : 0.4890
  ✓ Saved → /mvdlph/masa/GCN_SingleView_Regression_Results/run_2026_05_19_18_53_27/plots/loss_curve.png
  ✓ Saved → /mvdlph/masa/GCN_SingleView_Regression_Results/run_2026_05_19_18_53_27/plots/rmse_mae.png
  ✓ Saved → /mvdlph/masa/GCN_SingleView_Regression_Results/run_2026_05_19_18_53_27/plots/r2_curve.png
  ✓ Saved → /mvdlph/masa/GCN_SingleView_Regression_Results/run_2026_05_19_18_53_27/plots/pcc_curve.png
  ✓ Saved → /mvdlph/masa/GCN_SingleView_Regression_Results/run_2026_05_19_18_53_27/plots/regression_scatter_test.png
  ✓ Saved → /mvdlph/masa/GCN_SingleView_Regression_Results/run_2026_05_19_18_53_27/plots/early_stopping.png
  ✓ History → /mvdlph/masa/GCN_SingleView_Regression_Results/run_2026_05_19_18_53_27/logs/training_history.json
============================================================
DIAGNOSTIC 1: Per-exercise skeleton variance (C0)
============================================================
  Exercise      X-var      Y-var      Z-var  Z/X ratio
-------------------------------------------------------
        E0     0.0451     0.0104     0.0718      1.591
        E1     0.0454     0.0105     0.0716      1.579
        E2     0.0445     0.0103     0.0738      1.661
        E3     0.0490     0.0104     0.0726      1.482
        E4     0.0529     0.0103     0.0735      1.389
        E5     0.0493     0.0104     0.0724      1.467
        E6     0.0473     0.0105     0.0720      1.521
        E7     0.0525     0.0103     0.0731      1.390
        E8     0.0466     0.0105     0.0718      1.543
        E9     0.0490     0.0102     0.0755      1.542

============================================================
DIAGNOSTIC 2: Quality score distribution per split
============================================================
 Train: mean=4.107 std=0.816 min=1.34 max=5.00 | correct=1901 erroneous=1143
   Val: mean=4.211 std=0.752 min=2.28 max=5.00 | correct=587 erroneous=293
  Test: mean=4.031 std=0.777 min=2.14 max=5.00 | correct=670 erroneous=363
  ✓ History NPZ → /mvdlph/masa/GCN_SingleView_Regression_Results/run_2026_05_19_18_53_27/logs/training_history.npz
  ✓ Test predictions NPZ → /mvdlph/masa/GCN_SingleView_Regression_Results/run_2026_05_19_18_53_27/logs/test_predictions.npz
========================================================================
  Exercise         n      MAE     RMSE       R²      PCC
────────────────────────────────────────────────────────────────────────
  E0             156   0.4004   0.5064   0.5803   0.8565
  E1             108   0.4141   0.5592   0.5430   0.8551
  E2              86   0.3110   0.4024   0.7669   0.8895
  E3             106   0.8200   0.9069  -0.8091   0.3925
  E4              95   0.5368   0.6031   0.3612   0.8134
  E5             106   0.3454   0.4392   0.3873   0.6906
  E6             104   0.2669   0.3860   0.6524   0.8510
  E7             106   0.4378   0.6303  -0.3862   0.3669
  E8             105   0.2935   0.4903   0.6259   0.8001
  E9              61   0.2413   0.3041  -1.7507  -0.3187
────────────────────────────────────────────────────────────────────────
  Overall       1033   0.4145   0.5552   0.4890   0.7423
========================================================================

  ✓ Per-exercise CSV → /mvdlph/masa/GCN_SingleView_Regression_Results/run_2026_05_19_18_53_27/logs/per_exercise_metrics.csv
  ✓ Per-exercise scatter grid → /mvdlph/masa/GCN_SingleView_Regression_Results/run_2026_05_19_18_53_27/plots/per_exercise_scatter.png
  ✓ Per-exercise bar chart → /mvdlph/masa/GCN_SingleView_Regression_Results/run_2026_05_19_18_53_27/plots/per_exercise_bar.png
  ✓ Per-exercise metrics NPZ → /mvdlph/masa/GCN_SingleView_Regression_Results/run_2026_05_19_18_53_27/logs/per_exercise_metrics.npz
============================================================
  TRAINING SUMMARY — ST-GCN Regression (Single View)
============================================================
  Best Epoch       : 33  (stopped at 133)
  Best Val MAE     : 0.2894
  Best Val RMSE    : 0.4539
  Best Val R²      : 0.6356
  Best Val PCC     : 0.8349
────────────────────────────────────────────────────────────
  Test MAE         : 0.4145
  Test RMSE        : 0.5552
  Test R²          : 0.4890
  Test PCC         : 0.7423
============================================================
2026-05-19 20:02:59,081 | INFO | Best Epoch=33  stopped_epoch=133
2026-05-19 20:02:59,082 | INFO | Test MAE=0.4145
2026-05-19 20:02:59,082 | INFO | Test RMSE=0.5552
2026-05-19 20:02:59,082 | INFO | Test R²=0.4890
2026-05-19 20:02:59,083 | INFO | Test PCC=0.7423

✓ Summary CSV (overall + per-exercise) → /mvdlph/masa/GCN_SingleView_Regression_Results/training_summary.csv
