✓ stdout → also writing to /mvdlph/masa/GCN_SingleView_Regression_Results/run_2026_05_16_19_06_18/logs/training_20260516_190618.log
2026-05-16 19:06:18,499 | INFO | ======================================================================
2026-05-16 19:06:18,499 | INFO | ST-GCN Single-View Regression | BZU Physiotherapy Dataset
2026-05-16 19:06:18,500 | INFO | Camera : CNone  |  Split : 70/15/15  |  Epochs : 300  |  Patience : 100
2026-05-16 19:06:18,500 | INFO | Log file : /mvdlph/masa/GCN_SingleView_Regression_Results/run_2026_05_16_19_06_18/logs/training_20260516_190618.log
2026-05-16 19:06:18,500 | INFO | ======================================================================
✓ parse_filename and load_skeleton defined

[TRAIN] NPZ files found : 9477
  Samples          : 9477
  Unique trials    : 327
  Quality mean±std : 4.127 ± 0.812
  Exercise dist    :
0     961
1     966
2     829
3     979
4     970
5     933
6     954
7     965
8     903
9    1017

[VALID] NPZ files found : 2790
  Samples          : 2790
  Unique trials    : 100
  Quality mean±std : 4.232 ± 0.741
  Exercise dist    :
0    326
1    316
2    295
3    298
4    322
5    312
6    302
7    304
8    181
9    134

[TEST] NPZ files found : 3108
  Samples          : 3108
  Unique trials    : 107
  Quality mean±std : 4.031 ± 0.777
  Exercise dist    :
0    465
1    326
2    258
3    319
4    287
5    321
6    314
7    319
8    317
9    182

Checking for corrupted files...
  [TRAIN] Removing 1 corrupted file(s)
  [TRAIN] Clean samples : 9476
  [VALID] Clean samples : 2790
  [TEST] Removing 2 corrupted file(s)
  [TEST] Clean samples : 3106

✓ No data-leakage detected across splits

════════════════════════════════════════════════════════════════════
  Split     Samples   Correct   Erroneous   Q mean   Q std   Q min   Q max
  ──────────────────────────────────────────────────────────────────
  Train        9476      6037        3439    4.127   0.812   1.340   5.000
  Val          2790      1905         885    4.232   0.741   2.280   5.000
  Test         3106      2015        1091    4.032   0.777   2.140   5.000
════════════════════════════════════════════════════════════════════

✓ Pre-split index ready  →  train / val / test DataFrames built
0    5147
1    5101
2    5124
Name: camera, dtype: int64

الكاميرات الموجودة: [0, 1, 2]
camera      0    1    2
exercise               
0         579  588  584
1         532  539  536
2         463  445  474
3         525  545  526
4         522  532  524
5         525  516  525
6         529  529  512
7         529  532  527
8         486  430  485
9         457  445  431
E0: correct=3 trials, erroneous=4 trials
E1: correct=3 trials, erroneous=4 trials
E2: correct=3 trials, erroneous=4 trials
E3: correct=3 trials, erroneous=4 trials
E4: correct=3 trials, erroneous=4 trials
E5: correct=3 trials, erroneous=4 trials
E6: correct=3 trials, erroneous=4 trials
E7: correct=3 trials, erroneous=4 trials
E8: correct=3 trials, erroneous=4 trials
E9: correct=3 trials, erroneous=4 trials

==================================================
  Train
==================================================
            mean     var  count
exercise                       
0         3.7666  0.9689    961
1         3.9712  0.7814    965
2         4.1627  0.4985    829
3         3.9960  0.8372    979
4         3.9478  0.9517    970
5         4.4218  0.2541    933
6         4.5691  0.3709    954
7         4.0967  0.4032    965
8         4.3614  0.5171    903
9         4.0178  0.4347   1017

==================================================
  Val
==================================================
            mean     var  count
exercise                       
0         3.6531  0.8438    326
1         4.1279  0.5643    316
2         4.0944  0.7921    295
3         4.0860  0.4841    298
4         4.0298  0.7015    322
5         4.5072  0.2006    312
6         4.4960  0.2724    302
7         4.3882  0.1642    304
8         4.9000  0.0000    181
9         4.5095  0.0031    134

==================================================
  Test
==================================================
            mean     var  count
exercise                       
0         3.6497  0.6139    464
1         4.1929  0.6874    326
2         4.0202  0.6972    258
3         3.5135  0.4552    319
4         3.6531  0.5744    286
5         4.2727  0.3202    321
6         4.5168  0.4289    314
7         4.1202  0.2866    319
8         4.2798  0.6464    317
9         4.3854  0.0338    182

============================================================
  All Splits Combined
============================================================
                  mean     var  count
split exercise                       
Test  0         3.6497  0.6139    464
      1         4.1929  0.6874    326
      2         4.0202  0.6972    258
      3         3.5135  0.4552    319
      4         3.6531  0.5744    286
      5         4.2727  0.3202    321
      6         4.5168  0.4289    314
      7         4.1202  0.2866    319
      8         4.2798  0.6464    317
      9         4.3854  0.0338    182
Train 0         3.7666  0.9689    961
      1         3.9712  0.7814    965
      2         4.1627  0.4985    829
      3         3.9960  0.8372    979
      4         3.9478  0.9517    970
      5         4.4218  0.2541    933
      6         4.5691  0.3709    954
      7         4.0967  0.4032    965
      8         4.3614  0.5171    903
      9         4.0178  0.4347   1017
Val   0         3.6531  0.8438    326
      1         4.1279  0.5643    316
      2         4.0944  0.7921    295
      3         4.0860  0.4841    298
      4         4.0298  0.7015    322
      5         4.5072  0.2006    312
      6         4.4960  0.2724    302
      7         4.3882  0.1642    304
      8         4.9000  0.0000    181
      9         4.5095  0.0031    134
Frame length distribution (sample of 500 files):
  min    = 28
  max    = 301
  mean   = 100.0
  median = 91.0
  std    = 39.3

Percentiles:
   25th = 72
   50th = 91
   75th = 121
   90th = 145
   95th = 176
   99th = 231

Value counts (top 10):
    79 frames →   14 files (2.8%)
    91 frames →   12 files (2.4%)
    87 frames →   11 files (2.2%)
    68 frames →   11 files (2.2%)
    90 frames →   10 files (2.0%)
   107 frames →    9 files (1.8%)
    76 frames →    9 files (1.8%)
    71 frames →    9 files (1.8%)
    84 frames →    8 files (1.6%)
    81 frames →    8 files (1.6%)
✓ Skeleton visualisation helpers defined
person                                                     P0
exercise                                                    0
trial_id                                                   T0
segment                                                     0
filepath    /mvdlph/Dataset_CVDLPT_Videos_Segments_P0P15_M...
Name: 10, dtype: object
Skeleton shape : (61, 17, 3)
X range : [-0.369, 0.592]
Y range : [-0.193, 0.198]
Z range : [0.000, 0.994]
  ✓ Skeleton plot saved → /mvdlph/masa/GCN_SingleView_Regression_Results/run_2026_05_16_19_06_18/plots/sample_skeleton_3views.png
  ✓ Motion frames saved → /mvdlph/masa/GCN_SingleView_Regression_Results/run_2026_05_16_19_06_18/plots/sample_skeleton_motion.png
Axis ranges across all frames:
X: [-0.369, 0.592] — likely left/right
Y: [-0.193, 0.198] — likely ???
Z: [0.000, 0.994] — likely height

Hip  mean XYZ: [0.         0.         0.32057488]
Head mean XYZ: [-0.14265826 -0.18420231  0.9668146 ]

Difference (head - hip): [-0.14265826 -0.18420231  0.6462397 ]

Camera 0:
  Hip  XYZ: [0.    0.    0.324]
  Head XYZ: [-0.144 -0.183  0.968]
  X range: [-0.37, 0.59]
  Z range: [0.00, 0.99]

Camera 1:
  Hip  XYZ: [0.    0.    0.321]
  Head XYZ: [-0.143 -0.184  0.967]
  X range: [-0.37, 0.59]
  Z range: [0.00, 0.99]

Camera 2:
  Hip  XYZ: [0.    0.    0.316]
  Head XYZ: [-0.142 -0.185  0.966]
  X range: [-0.37, 0.59]
  Z range: [0.00, 0.99]
✓ BZUDataset defined (regression only)
Joint distances from Hip (body center):
  Joint  0 (Hip         ) distance=0  
  Joint  1 (R-Hip       ) distance=1  ─
  Joint  2 (R-Knee      ) distance=2  ──
  Joint  3 (R-Ankle     ) distance=3  ───
  Joint  4 (L-Hip       ) distance=1  ─
  Joint  5 (L-Knee      ) distance=2  ──
  Joint  6 (L-Ankle     ) distance=3  ───
  Joint  7 (Spine       ) distance=1  ─
  Joint  8 (Thorax      ) distance=2  ──
  Joint  9 (Neck        ) distance=3  ───
  Joint 10 (Head        ) distance=4  ────
  Joint 11 (L-Shoulder  ) distance=3  ───
  Joint 12 (L-Elbow     ) distance=4  ────
  Joint 13 (L-Wrist     ) distance=5  ─────
  Joint 14 (R-Shoulder  ) distance=3  ───
  Joint 15 (R-Elbow     ) distance=4  ────
  Joint 16 (R-Wrist     ) distance=5  ─────

✓ True ST-GCN sanity check passed — output shape: torch.Size([2])
✓ Total trainable parameters: 3,069,320
✓ STGCN_Regression (True ST-GCN, Yan et al. AAAI 2018) defined
Device : cuda
GPU    : Tesla V100-PCIE-32GB
✓ centre_and_scale and run_epoch (regression) defined
=================================================================
Quality score distribution audit
=================================================================
  ✓ Saved → /mvdlph/masa/GCN_SingleView_Regression_Results/run_2026_05_16_19_06_18/plots/split_quality_distributions.png

Split    Type              n    mean     std    min    25%    50%    75%    max
----------------------------------------------------------------------
Train    Correct (T≤2)   6037   4.593   0.302   3.68   4.41   4.62   4.84   5.00
Train    Erroneous (T≥3)   3439   3.310   0.781   1.34   2.83   3.44   3.86   4.82

Val      Correct (T≤2)   1905   4.648   0.300   3.56   4.50   4.72   4.86   5.00
Val      Erroneous (T≥3)    885   3.337   0.601   2.28   2.85   3.20   3.80   4.72

Test     Correct (T≤2)   2015   4.491   0.417   3.40   4.20   4.58   4.80   5.00
Test     Erroneous (T≥3)   1091   3.183   0.535   2.14   2.74   3.22   3.54   4.38

=================================================================
Person distribution across splits
=================================================================
  Train : ['P0', 'P10', 'P14', 'P15', 'P2', 'P3', 'P4', 'P5', 'P7']
  Val   : ['P1', 'P11', 'P6']
  Test  : ['P12', 'P13', 'P8', 'P9']

Per-person quality mean per split:

  Train:
         mean    std  count
person                     
P0      4.509  0.341    857
P10     3.281  0.914   1499
P14     3.660  0.847   1354
P15     3.647  0.702   1412
P2      4.729  0.191    882
P3      4.594  0.221    864
P4      4.575  0.269    858
P5      4.663  0.261    880
P7      4.655  0.226    870

  Val:
         mean    std  count
person                     
P1      4.795  0.138    866
P11     3.523  0.699   1087
P6      4.570  0.280    837

  Test:
         mean    std  count
person                     
P12     3.148  0.661    668
P13     3.684  0.648    693
P8      4.603  0.324    872
P9      4.413  0.459    873

=================================================================
Exercise balance across splits
=================================================================
    Train  Val  Test  Train%  Val%  Test%
E0    961  326   464    10.1  11.7   14.9
E1    965  316   326    10.2  11.3   10.5
E2    829  295   258     8.7  10.6    8.3
E3    979  298   319    10.3  10.7   10.3
E4    970  322   286    10.2  11.5    9.2
E5    933  312   321     9.8  11.2   10.3
E6    954  302   314    10.1  10.8   10.1
E7    965  304   319    10.2  10.9   10.3
E8    903  181   317     9.5   6.5   10.2
E9   1017  134   182    10.7   4.8    5.9
✓ Plotting helpers (regression) defined
✓ EarlyStopping defined (monitoring MAE)
2026-05-16 19:06:48,877 | INFO | ======================================================================
2026-05-16 19:06:48,878 | INFO | STARTING REGRESSION TRAINING  (with Early Stopping on MAE)
2026-05-16 19:06:48,879 | INFO | ======================================================================
2026-05-16 19:06:48,879 | INFO | train=9476 val=2790 test=3106

════════════════════════════════════════════════════════════════════
  Camera CNone  |  Train: 9476  Val: 2790  Test: 3106
  Patience: 100  |  LR: 1e-4  |  Batch: 48
════════════════════════════════════════════════════════════════════
  Ep   1/300 | Tr loss=0.2228 mae=0.500 r2=0.217 pcc=0.542 | Vl loss=0.2262 mae=0.467 r2=0.042 pcc=0.473 | ES 0/100 ★
2026-05-16 19:07:28,695 | INFO |   Ep   1/300 | Tr loss=0.2228 mae=0.500 r2=0.217 pcc=0.542 | Vl loss=0.2262 mae=0.467 r2=0.042 pcc=0.473 | ES 0/100 ★
    ★ val_mae=0.4673  rmse=0.7246  r2=0.0423  pcc=0.4733
  Ep   2/300 | Tr loss=0.1741 mae=0.428 r2=0.423 pcc=0.661 | Vl loss=0.1480 mae=0.386 r2=0.422 pcc=0.670 | ES 0/100 ★
2026-05-16 19:08:07,516 | INFO |   Ep   2/300 | Tr loss=0.1741 mae=0.428 r2=0.423 pcc=0.661 | Vl loss=0.1480 mae=0.386 r2=0.422 pcc=0.670 | ES 0/100 ★
    ★ val_mae=0.3862  rmse=0.5627  r2=0.4224  pcc=0.6703
  Ep   3/300 | Tr loss=0.1604 mae=0.408 r2=0.475 pcc=0.694 | Vl loss=0.1153 mae=0.356 r2=0.561 pcc=0.763 | ES 0/100 ★
2026-05-16 19:08:46,494 | INFO |   Ep   3/300 | Tr loss=0.1604 mae=0.408 r2=0.475 pcc=0.694 | Vl loss=0.1153 mae=0.356 r2=0.561 pcc=0.763 | ES 0/100 ★
    ★ val_mae=0.3558  rmse=0.4906  r2=0.5609  pcc=0.7629
  Ep   4/300 | Tr loss=0.1540 mae=0.396 r2=0.498 pcc=0.709 | Vl loss=0.0989 mae=0.322 r2=0.626 pcc=0.795 | ES 0/100 ★
2026-05-16 19:09:25,186 | INFO |   Ep   4/300 | Tr loss=0.1540 mae=0.396 r2=0.498 pcc=0.709 | Vl loss=0.0989 mae=0.322 r2=0.626 pcc=0.795 | ES 0/100 ★
    ★ val_mae=0.3221  rmse=0.4526  r2=0.6263  pcc=0.7952
  Ep   5/300 | Tr loss=0.1508 mae=0.390 r2=0.511 pcc=0.717 | Vl loss=0.0784 mae=0.283 r2=0.704 pcc=0.847 | ES 0/100 ★
2026-05-16 19:10:03,801 | INFO |   Ep   5/300 | Tr loss=0.1508 mae=0.390 r2=0.511 pcc=0.717 | Vl loss=0.0784 mae=0.283 r2=0.704 pcc=0.847 | ES 0/100 ★
    ★ val_mae=0.2832  rmse=0.4027  r2=0.7041  pcc=0.8473
  Ep   6/300 | Tr loss=0.1491 mae=0.388 r2=0.515 pcc=0.720 | Vl loss=0.0803 mae=0.285 r2=0.695 pcc=0.837 | ES 1/100
2026-05-16 19:10:42,140 | INFO |   Ep   6/300 | Tr loss=0.1491 mae=0.388 r2=0.515 pcc=0.720 | Vl loss=0.0803 mae=0.285 r2=0.695 pcc=0.837 | ES 1/100
  Ep   7/300 | Tr loss=0.1458 mae=0.382 r2=0.527 pcc=0.728 | Vl loss=0.0750 mae=0.269 r2=0.717 pcc=0.848 | ES 0/100 ★
2026-05-16 19:11:20,594 | INFO |   Ep   7/300 | Tr loss=0.1458 mae=0.382 r2=0.527 pcc=0.728 | Vl loss=0.0750 mae=0.269 r2=0.717 pcc=0.848 | ES 0/100 ★
    ★ val_mae=0.2686  rmse=0.3936  r2=0.7174  pcc=0.8477
  Ep   8/300 | Tr loss=0.1441 mae=0.378 r2=0.533 pcc=0.731 | Vl loss=0.0783 mae=0.272 r2=0.702 pcc=0.858 | ES 1/100
2026-05-16 19:11:59,269 | INFO |   Ep   8/300 | Tr loss=0.1441 mae=0.378 r2=0.533 pcc=0.731 | Vl loss=0.0783 mae=0.272 r2=0.702 pcc=0.858 | ES 1/100
  Ep   9/300 | Tr loss=0.1431 mae=0.377 r2=0.537 pcc=0.734 | Vl loss=0.0760 mae=0.260 r2=0.709 pcc=0.857 | ES 0/100 ★
2026-05-16 19:12:38,141 | INFO |   Ep   9/300 | Tr loss=0.1431 mae=0.377 r2=0.537 pcc=0.734 | Vl loss=0.0760 mae=0.260 r2=0.709 pcc=0.857 | ES 0/100 ★
    ★ val_mae=0.2599  rmse=0.3997  r2=0.7086  pcc=0.8574
  Ep  10/300 | Tr loss=0.1422 mae=0.374 r2=0.540 pcc=0.736 | Vl loss=0.0773 mae=0.271 r2=0.706 pcc=0.851 | ES 1/100
2026-05-16 19:13:16,753 | INFO |   Ep  10/300 | Tr loss=0.1422 mae=0.374 r2=0.540 pcc=0.736 | Vl loss=0.0773 mae=0.271 r2=0.706 pcc=0.851 | ES 1/100
  Ep  11/300 | Tr loss=0.1413 mae=0.373 r2=0.543 pcc=0.738 | Vl loss=0.0809 mae=0.264 r2=0.687 pcc=0.862 | ES 2/100
2026-05-16 19:13:55,191 | INFO |   Ep  11/300 | Tr loss=0.1413 mae=0.373 r2=0.543 pcc=0.738 | Vl loss=0.0809 mae=0.264 r2=0.687 pcc=0.862 | ES 2/100
  Ep  12/300 | Tr loss=0.1403 mae=0.372 r2=0.546 pcc=0.740 | Vl loss=0.0713 mae=0.255 r2=0.730 pcc=0.860 | ES 0/100 ★
2026-05-16 19:14:33,627 | INFO |   Ep  12/300 | Tr loss=0.1403 mae=0.372 r2=0.546 pcc=0.740 | Vl loss=0.0713 mae=0.255 r2=0.730 pcc=0.860 | ES 0/100 ★
    ★ val_mae=0.2551  rmse=0.3846  r2=0.7302  pcc=0.8600
  Ep  13/300 | Tr loss=0.1388 mae=0.367 r2=0.549 pcc=0.742 | Vl loss=0.1021 mae=0.295 r2=0.592 pcc=0.863 | ES 1/100
2026-05-16 19:15:12,083 | INFO |   Ep  13/300 | Tr loss=0.1388 mae=0.367 r2=0.549 pcc=0.742 | Vl loss=0.1021 mae=0.295 r2=0.592 pcc=0.863 | ES 1/100
  Ep  14/300 | Tr loss=0.1377 mae=0.366 r2=0.555 pcc=0.746 | Vl loss=0.0918 mae=0.282 r2=0.639 pcc=0.862 | ES 2/100
2026-05-16 19:15:50,455 | INFO |   Ep  14/300 | Tr loss=0.1377 mae=0.366 r2=0.555 pcc=0.746 | Vl loss=0.0918 mae=0.282 r2=0.639 pcc=0.862 | ES 2/100
  Ep  15/300 | Tr loss=0.1379 mae=0.365 r2=0.553 pcc=0.745 | Vl loss=0.0793 mae=0.265 r2=0.693 pcc=0.859 | ES 3/100
2026-05-16 19:16:29,149 | INFO |   Ep  15/300 | Tr loss=0.1379 mae=0.365 r2=0.553 pcc=0.745 | Vl loss=0.0793 mae=0.265 r2=0.693 pcc=0.859 | ES 3/100
  Ep  16/300 | Tr loss=0.1378 mae=0.365 r2=0.554 pcc=0.745 | Vl loss=0.0724 mae=0.257 r2=0.726 pcc=0.866 | ES 4/100
2026-05-16 19:17:07,668 | INFO |   Ep  16/300 | Tr loss=0.1378 mae=0.365 r2=0.554 pcc=0.745 | Vl loss=0.0724 mae=0.257 r2=0.726 pcc=0.866 | ES 4/100
  Ep  17/300 | Tr loss=0.1367 mae=0.363 r2=0.557 pcc=0.747 | Vl loss=0.0856 mae=0.282 r2=0.669 pcc=0.857 | ES 5/100
2026-05-16 19:17:46,123 | INFO |   Ep  17/300 | Tr loss=0.1367 mae=0.363 r2=0.557 pcc=0.747 | Vl loss=0.0856 mae=0.282 r2=0.669 pcc=0.857 | ES 5/100
  Ep  18/300 | Tr loss=0.1344 mae=0.359 r2=0.564 pcc=0.752 | Vl loss=0.0881 mae=0.283 r2=0.661 pcc=0.859 | ES 6/100
2026-05-16 19:18:24,609 | INFO |   Ep  18/300 | Tr loss=0.1344 mae=0.359 r2=0.564 pcc=0.752 | Vl loss=0.0881 mae=0.283 r2=0.661 pcc=0.859 | ES 6/100
  Ep  19/300 | Tr loss=0.1358 mae=0.360 r2=0.560 pcc=0.749 | Vl loss=0.0898 mae=0.297 r2=0.659 pcc=0.854 | ES 7/100
2026-05-16 19:19:03,096 | INFO |   Ep  19/300 | Tr loss=0.1358 mae=0.360 r2=0.560 pcc=0.749 | Vl loss=0.0898 mae=0.297 r2=0.659 pcc=0.854 | ES 7/100
  Ep  20/300 | Tr loss=0.1336 mae=0.357 r2=0.568 pcc=0.755 | Vl loss=0.0899 mae=0.294 r2=0.652 pcc=0.848 | ES 8/100
2026-05-16 19:19:41,735 | INFO |   Ep  20/300 | Tr loss=0.1336 mae=0.357 r2=0.568 pcc=0.755 | Vl loss=0.0899 mae=0.294 r2=0.652 pcc=0.848 | ES 8/100
  Ep  21/300 | Tr loss=0.1334 mae=0.358 r2=0.568 pcc=0.754 | Vl loss=0.0796 mae=0.278 r2=0.700 pcc=0.860 | ES 9/100
2026-05-16 19:20:20,414 | INFO |   Ep  21/300 | Tr loss=0.1334 mae=0.358 r2=0.568 pcc=0.754 | Vl loss=0.0796 mae=0.278 r2=0.700 pcc=0.860 | ES 9/100
  Ep  22/300 | Tr loss=0.1338 mae=0.356 r2=0.566 pcc=0.753 | Vl loss=0.0728 mae=0.257 r2=0.724 pcc=0.857 | ES 10/100
2026-05-16 19:20:58,927 | INFO |   Ep  22/300 | Tr loss=0.1338 mae=0.356 r2=0.566 pcc=0.753 | Vl loss=0.0728 mae=0.257 r2=0.724 pcc=0.857 | ES 10/100
  Ep  23/300 | Tr loss=0.1318 mae=0.353 r2=0.573 pcc=0.757 | Vl loss=0.0719 mae=0.260 r2=0.728 pcc=0.858 | ES 11/100
2026-05-16 19:21:37,432 | INFO |   Ep  23/300 | Tr loss=0.1318 mae=0.353 r2=0.573 pcc=0.757 | Vl loss=0.0719 mae=0.260 r2=0.728 pcc=0.858 | ES 11/100
  Ep  24/300 | Tr loss=0.1317 mae=0.353 r2=0.572 pcc=0.757 | Vl loss=0.0743 mae=0.267 r2=0.717 pcc=0.852 | ES 12/100
2026-05-16 19:22:16,007 | INFO |   Ep  24/300 | Tr loss=0.1317 mae=0.353 r2=0.572 pcc=0.757 | Vl loss=0.0743 mae=0.267 r2=0.717 pcc=0.852 | ES 12/100
  Ep  25/300 | Tr loss=0.1311 mae=0.352 r2=0.574 pcc=0.758 | Vl loss=0.0796 mae=0.269 r2=0.695 pcc=0.855 | ES 13/100
2026-05-16 19:22:54,664 | INFO |   Ep  25/300 | Tr loss=0.1311 mae=0.352 r2=0.574 pcc=0.758 | Vl loss=0.0796 mae=0.269 r2=0.695 pcc=0.855 | ES 13/100
  Ep  26/300 | Tr loss=0.1319 mae=0.353 r2=0.574 pcc=0.758 | Vl loss=0.0843 mae=0.273 r2=0.671 pcc=0.842 | ES 14/100
2026-05-16 19:23:33,071 | INFO |   Ep  26/300 | Tr loss=0.1319 mae=0.353 r2=0.574 pcc=0.758 | Vl loss=0.0843 mae=0.273 r2=0.671 pcc=0.842 | ES 14/100
  Ep  27/300 | Tr loss=0.1303 mae=0.352 r2=0.577 pcc=0.760 | Vl loss=0.0807 mae=0.278 r2=0.689 pcc=0.853 | ES 15/100
2026-05-16 19:24:11,611 | INFO |   Ep  27/300 | Tr loss=0.1303 mae=0.352 r2=0.577 pcc=0.760 | Vl loss=0.0807 mae=0.278 r2=0.689 pcc=0.853 | ES 15/100
  Ep  28/300 | Tr loss=0.1305 mae=0.352 r2=0.576 pcc=0.760 | Vl loss=0.0810 mae=0.270 r2=0.687 pcc=0.846 | ES 16/100
2026-05-16 19:24:50,210 | INFO |   Ep  28/300 | Tr loss=0.1305 mae=0.352 r2=0.576 pcc=0.760 | Vl loss=0.0810 mae=0.270 r2=0.687 pcc=0.846 | ES 16/100
  Ep  29/300 | Tr loss=0.1301 mae=0.351 r2=0.578 pcc=0.761 | Vl loss=0.0806 mae=0.275 r2=0.691 pcc=0.851 | ES 17/100
2026-05-16 19:25:29,238 | INFO |   Ep  29/300 | Tr loss=0.1301 mae=0.351 r2=0.578 pcc=0.761 | Vl loss=0.0806 mae=0.275 r2=0.691 pcc=0.851 | ES 17/100
  Ep  30/300 | Tr loss=0.1283 mae=0.347 r2=0.584 pcc=0.765 | Vl loss=0.0775 mae=0.284 r2=0.707 pcc=0.850 | ES 18/100
2026-05-16 19:26:07,869 | INFO |   Ep  30/300 | Tr loss=0.1283 mae=0.347 r2=0.584 pcc=0.765 | Vl loss=0.0775 mae=0.284 r2=0.707 pcc=0.850 | ES 18/100
  Ep  31/300 | Tr loss=0.1278 mae=0.347 r2=0.585 pcc=0.765 | Vl loss=0.0796 mae=0.280 r2=0.697 pcc=0.846 | ES 19/100
2026-05-16 19:26:46,522 | INFO |   Ep  31/300 | Tr loss=0.1278 mae=0.347 r2=0.585 pcc=0.765 | Vl loss=0.0796 mae=0.280 r2=0.697 pcc=0.846 | ES 19/100
  Ep  32/300 | Tr loss=0.1286 mae=0.348 r2=0.583 pcc=0.764 | Vl loss=0.0816 mae=0.276 r2=0.684 pcc=0.849 | ES 20/100
2026-05-16 19:27:24,911 | INFO |   Ep  32/300 | Tr loss=0.1286 mae=0.348 r2=0.583 pcc=0.764 | Vl loss=0.0816 mae=0.276 r2=0.684 pcc=0.849 | ES 20/100
  Ep  33/300 | Tr loss=0.1278 mae=0.347 r2=0.586 pcc=0.766 | Vl loss=0.0761 mae=0.271 r2=0.710 pcc=0.852 | ES 21/100
2026-05-16 19:28:03,525 | INFO |   Ep  33/300 | Tr loss=0.1278 mae=0.347 r2=0.586 pcc=0.766 | Vl loss=0.0761 mae=0.271 r2=0.710 pcc=0.852 | ES 21/100
  Ep  34/300 | Tr loss=0.1268 mae=0.346 r2=0.589 pcc=0.768 | Vl loss=0.0813 mae=0.276 r2=0.684 pcc=0.845 | ES 22/100
2026-05-16 19:28:42,264 | INFO |   Ep  34/300 | Tr loss=0.1268 mae=0.346 r2=0.589 pcc=0.768 | Vl loss=0.0813 mae=0.276 r2=0.684 pcc=0.845 | ES 22/100
  Ep  35/300 | Tr loss=0.1271 mae=0.344 r2=0.586 pcc=0.766 | Vl loss=0.0822 mae=0.276 r2=0.682 pcc=0.844 | ES 23/100
2026-05-16 19:29:21,035 | INFO |   Ep  35/300 | Tr loss=0.1271 mae=0.344 r2=0.586 pcc=0.766 | Vl loss=0.0822 mae=0.276 r2=0.682 pcc=0.844 | ES 23/100
  Ep  36/300 | Tr loss=0.1277 mae=0.346 r2=0.585 pcc=0.765 | Vl loss=0.0942 mae=0.306 r2=0.633 pcc=0.838 | ES 24/100
2026-05-16 19:29:59,848 | INFO |   Ep  36/300 | Tr loss=0.1277 mae=0.346 r2=0.585 pcc=0.765 | Vl loss=0.0942 mae=0.306 r2=0.633 pcc=0.838 | ES 24/100
  Ep  37/300 | Tr loss=0.1258 mae=0.344 r2=0.593 pcc=0.770 | Vl loss=0.0817 mae=0.280 r2=0.684 pcc=0.848 | ES 25/100
2026-05-16 19:30:38,430 | INFO |   Ep  37/300 | Tr loss=0.1258 mae=0.344 r2=0.593 pcc=0.770 | Vl loss=0.0817 mae=0.280 r2=0.684 pcc=0.848 | ES 25/100
  Ep  38/300 | Tr loss=0.1263 mae=0.344 r2=0.591 pcc=0.769 | Vl loss=0.0856 mae=0.285 r2=0.668 pcc=0.835 | ES 26/100
2026-05-16 19:31:16,871 | INFO |   Ep  38/300 | Tr loss=0.1263 mae=0.344 r2=0.591 pcc=0.769 | Vl loss=0.0856 mae=0.285 r2=0.668 pcc=0.835 | ES 26/100
  Ep  39/300 | Tr loss=0.1262 mae=0.344 r2=0.593 pcc=0.770 | Vl loss=0.0813 mae=0.280 r2=0.688 pcc=0.833 | ES 27/100
2026-05-16 19:31:55,369 | INFO |   Ep  39/300 | Tr loss=0.1262 mae=0.344 r2=0.593 pcc=0.770 | Vl loss=0.0813 mae=0.280 r2=0.688 pcc=0.833 | ES 27/100
  Ep  40/300 | Tr loss=0.1269 mae=0.345 r2=0.590 pcc=0.769 | Vl loss=0.0785 mae=0.271 r2=0.697 pcc=0.838 | ES 28/100
2026-05-16 19:32:33,769 | INFO |   Ep  40/300 | Tr loss=0.1269 mae=0.345 r2=0.590 pcc=0.769 | Vl loss=0.0785 mae=0.271 r2=0.697 pcc=0.838 | ES 28/100
  Ep  41/300 | Tr loss=0.1267 mae=0.344 r2=0.590 pcc=0.768 | Vl loss=0.0812 mae=0.286 r2=0.691 pcc=0.839 | ES 29/100
2026-05-16 19:33:12,436 | INFO |   Ep  41/300 | Tr loss=0.1267 mae=0.344 r2=0.590 pcc=0.768 | Vl loss=0.0812 mae=0.286 r2=0.691 pcc=0.839 | ES 29/100
  Ep  42/300 | Tr loss=0.1251 mae=0.342 r2=0.595 pcc=0.772 | Vl loss=0.0742 mae=0.272 r2=0.718 pcc=0.849 | ES 30/100
2026-05-16 19:33:51,039 | INFO |   Ep  42/300 | Tr loss=0.1251 mae=0.342 r2=0.595 pcc=0.772 | Vl loss=0.0742 mae=0.272 r2=0.718 pcc=0.849 | ES 30/100
  Ep  43/300 | Tr loss=0.1243 mae=0.341 r2=0.597 pcc=0.773 | Vl loss=0.0801 mae=0.281 r2=0.691 pcc=0.837 | ES 31/100
2026-05-16 19:34:29,617 | INFO |   Ep  43/300 | Tr loss=0.1243 mae=0.341 r2=0.597 pcc=0.773 | Vl loss=0.0801 mae=0.281 r2=0.691 pcc=0.837 | ES 31/100
  Ep  44/300 | Tr loss=0.1245 mae=0.340 r2=0.596 pcc=0.772 | Vl loss=0.0852 mae=0.289 r2=0.669 pcc=0.833 | ES 32/100
2026-05-16 19:35:08,220 | INFO |   Ep  44/300 | Tr loss=0.1245 mae=0.340 r2=0.596 pcc=0.772 | Vl loss=0.0852 mae=0.289 r2=0.669 pcc=0.833 | ES 32/100
  Ep  45/300 | Tr loss=0.1252 mae=0.342 r2=0.594 pcc=0.771 | Vl loss=0.0820 mae=0.278 r2=0.680 pcc=0.833 | ES 33/100
2026-05-16 19:35:46,841 | INFO |   Ep  45/300 | Tr loss=0.1252 mae=0.342 r2=0.594 pcc=0.771 | Vl loss=0.0820 mae=0.278 r2=0.680 pcc=0.833 | ES 33/100
  Ep  46/300 | Tr loss=0.1249 mae=0.341 r2=0.596 pcc=0.773 | Vl loss=0.0919 mae=0.296 r2=0.634 pcc=0.835 | ES 34/100
2026-05-16 19:36:25,315 | INFO |   Ep  46/300 | Tr loss=0.1249 mae=0.341 r2=0.596 pcc=0.773 | Vl loss=0.0919 mae=0.296 r2=0.634 pcc=0.835 | ES 34/100
  Ep  47/300 | Tr loss=0.1248 mae=0.341 r2=0.594 pcc=0.771 | Vl loss=0.0870 mae=0.294 r2=0.660 pcc=0.836 | ES 35/100
2026-05-16 19:37:03,828 | INFO |   Ep  47/300 | Tr loss=0.1248 mae=0.341 r2=0.594 pcc=0.771 | Vl loss=0.0870 mae=0.294 r2=0.660 pcc=0.836 | ES 35/100
  Ep  48/300 | Tr loss=0.1247 mae=0.340 r2=0.597 pcc=0.773 | Vl loss=0.0843 mae=0.290 r2=0.672 pcc=0.833 | ES 36/100
2026-05-16 19:37:42,501 | INFO |   Ep  48/300 | Tr loss=0.1247 mae=0.340 r2=0.597 pcc=0.773 | Vl loss=0.0843 mae=0.290 r2=0.672 pcc=0.833 | ES 36/100
  Ep  49/300 | Tr loss=0.1232 mae=0.340 r2=0.603 pcc=0.776 | Vl loss=0.1024 mae=0.312 r2=0.585 pcc=0.816 | ES 37/100
2026-05-16 19:38:21,144 | INFO |   Ep  49/300 | Tr loss=0.1232 mae=0.340 r2=0.603 pcc=0.776 | Vl loss=0.1024 mae=0.312 r2=0.585 pcc=0.816 | ES 37/100
  Ep  50/300 | Tr loss=0.1240 mae=0.339 r2=0.597 pcc=0.773 | Vl loss=0.0873 mae=0.296 r2=0.656 pcc=0.825 | ES 38/100
2026-05-16 19:38:59,908 | INFO |   Ep  50/300 | Tr loss=0.1240 mae=0.339 r2=0.597 pcc=0.773 | Vl loss=0.0873 mae=0.296 r2=0.656 pcc=0.825 | ES 38/100
  Ep  51/300 | Tr loss=0.1247 mae=0.340 r2=0.598 pcc=0.773 | Vl loss=0.0884 mae=0.303 r2=0.657 pcc=0.826 | ES 39/100
2026-05-16 19:39:38,460 | INFO |   Ep  51/300 | Tr loss=0.1247 mae=0.340 r2=0.598 pcc=0.773 | Vl loss=0.0884 mae=0.303 r2=0.657 pcc=0.826 | ES 39/100
  Ep  52/300 | Tr loss=0.1238 mae=0.339 r2=0.599 pcc=0.774 | Vl loss=0.1012 mae=0.318 r2=0.600 pcc=0.819 | ES 40/100
2026-05-16 19:40:16,894 | INFO |   Ep  52/300 | Tr loss=0.1238 mae=0.339 r2=0.599 pcc=0.774 | Vl loss=0.1012 mae=0.318 r2=0.600 pcc=0.819 | ES 40/100
  Ep  53/300 | Tr loss=0.1233 mae=0.338 r2=0.602 pcc=0.776 | Vl loss=0.0919 mae=0.309 r2=0.642 pcc=0.820 | ES 41/100
2026-05-16 19:40:55,478 | INFO |   Ep  53/300 | Tr loss=0.1233 mae=0.338 r2=0.602 pcc=0.776 | Vl loss=0.0919 mae=0.309 r2=0.642 pcc=0.820 | ES 41/100
  Ep  54/300 | Tr loss=0.1224 mae=0.337 r2=0.604 pcc=0.778 | Vl loss=0.0906 mae=0.302 r2=0.645 pcc=0.824 | ES 42/100
2026-05-16 19:41:34,152 | INFO |   Ep  54/300 | Tr loss=0.1224 mae=0.337 r2=0.604 pcc=0.778 | Vl loss=0.0906 mae=0.302 r2=0.645 pcc=0.824 | ES 42/100
  Ep  55/300 | Tr loss=0.1240 mae=0.340 r2=0.598 pcc=0.773 | Vl loss=0.0877 mae=0.299 r2=0.658 pcc=0.824 | ES 43/100
2026-05-16 19:42:12,708 | INFO |   Ep  55/300 | Tr loss=0.1240 mae=0.340 r2=0.598 pcc=0.773 | Vl loss=0.0877 mae=0.299 r2=0.658 pcc=0.824 | ES 43/100
  Ep  56/300 | Tr loss=0.1236 mae=0.340 r2=0.601 pcc=0.775 | Vl loss=0.0973 mae=0.318 r2=0.616 pcc=0.822 | ES 44/100
2026-05-16 19:42:51,582 | INFO |   Ep  56/300 | Tr loss=0.1236 mae=0.340 r2=0.601 pcc=0.775 | Vl loss=0.0973 mae=0.318 r2=0.616 pcc=0.822 | ES 44/100
  Ep  57/300 | Tr loss=0.1234 mae=0.338 r2=0.600 pcc=0.775 | Vl loss=0.1025 mae=0.336 r2=0.600 pcc=0.823 | ES 45/100
2026-05-16 19:43:30,327 | INFO |   Ep  57/300 | Tr loss=0.1234 mae=0.338 r2=0.600 pcc=0.775 | Vl loss=0.1025 mae=0.336 r2=0.600 pcc=0.823 | ES 45/100
  Ep  58/300 | Tr loss=0.1222 mae=0.337 r2=0.605 pcc=0.778 | Vl loss=0.0923 mae=0.304 r2=0.638 pcc=0.822 | ES 46/100
2026-05-16 19:44:09,045 | INFO |   Ep  58/300 | Tr loss=0.1222 mae=0.337 r2=0.605 pcc=0.778 | Vl loss=0.0923 mae=0.304 r2=0.638 pcc=0.822 | ES 46/100
  Ep  59/300 | Tr loss=0.1225 mae=0.339 r2=0.604 pcc=0.777 | Vl loss=0.0867 mae=0.291 r2=0.662 pcc=0.824 | ES 47/100
2026-05-16 19:44:47,910 | INFO |   Ep  59/300 | Tr loss=0.1225 mae=0.339 r2=0.604 pcc=0.777 | Vl loss=0.0867 mae=0.291 r2=0.662 pcc=0.824 | ES 47/100
  Ep  60/300 | Tr loss=0.1225 mae=0.337 r2=0.603 pcc=0.777 | Vl loss=0.0920 mae=0.305 r2=0.640 pcc=0.811 | ES 48/100
2026-05-16 19:45:26,509 | INFO |   Ep  60/300 | Tr loss=0.1225 mae=0.337 r2=0.603 pcc=0.777 | Vl loss=0.0920 mae=0.305 r2=0.640 pcc=0.811 | ES 48/100
  Ep  61/300 | Tr loss=0.1220 mae=0.336 r2=0.606 pcc=0.779 | Vl loss=0.0945 mae=0.312 r2=0.626 pcc=0.816 | ES 49/100
2026-05-16 19:46:05,475 | INFO |   Ep  61/300 | Tr loss=0.1220 mae=0.336 r2=0.606 pcc=0.779 | Vl loss=0.0945 mae=0.312 r2=0.626 pcc=0.816 | ES 49/100
  Ep  62/300 | Tr loss=0.1224 mae=0.337 r2=0.605 pcc=0.778 | Vl loss=0.0931 mae=0.306 r2=0.640 pcc=0.817 | ES 50/100
2026-05-16 19:46:44,053 | INFO |   Ep  62/300 | Tr loss=0.1224 mae=0.337 r2=0.605 pcc=0.778 | Vl loss=0.0931 mae=0.306 r2=0.640 pcc=0.817 | ES 50/100
Epoch 00063: reducing learning rate of group 0 to 5.0000e-05.
  Ep  63/300 | Tr loss=0.1219 mae=0.336 r2=0.604 pcc=0.778 | Vl loss=0.0951 mae=0.309 r2=0.627 pcc=0.814 | ES 51/100
2026-05-16 19:47:22,743 | INFO |   Ep  63/300 | Tr loss=0.1219 mae=0.336 r2=0.604 pcc=0.778 | Vl loss=0.0951 mae=0.309 r2=0.627 pcc=0.814 | ES 51/100
  Ep  64/300 | Tr loss=0.1206 mae=0.334 r2=0.608 pcc=0.780 | Vl loss=0.0879 mae=0.295 r2=0.660 pcc=0.824 | ES 52/100
2026-05-16 19:48:01,469 | INFO |   Ep  64/300 | Tr loss=0.1206 mae=0.334 r2=0.608 pcc=0.780 | Vl loss=0.0879 mae=0.295 r2=0.660 pcc=0.824 | ES 52/100
  Ep  65/300 | Tr loss=0.1209 mae=0.334 r2=0.609 pcc=0.781 | Vl loss=0.0874 mae=0.301 r2=0.662 pcc=0.821 | ES 53/100
2026-05-16 19:48:40,160 | INFO |   Ep  65/300 | Tr loss=0.1209 mae=0.334 r2=0.609 pcc=0.781 | Vl loss=0.0874 mae=0.301 r2=0.662 pcc=0.821 | ES 53/100
  Ep  66/300 | Tr loss=0.1215 mae=0.336 r2=0.606 pcc=0.779 | Vl loss=0.0909 mae=0.305 r2=0.647 pcc=0.818 | ES 54/100
2026-05-16 19:49:18,841 | INFO |   Ep  66/300 | Tr loss=0.1215 mae=0.336 r2=0.606 pcc=0.779 | Vl loss=0.0909 mae=0.305 r2=0.647 pcc=0.818 | ES 54/100
  Ep  67/300 | Tr loss=0.1210 mae=0.334 r2=0.607 pcc=0.779 | Vl loss=0.0898 mae=0.300 r2=0.650 pcc=0.822 | ES 55/100
2026-05-16 19:49:57,924 | INFO |   Ep  67/300 | Tr loss=0.1210 mae=0.334 r2=0.607 pcc=0.779 | Vl loss=0.0898 mae=0.300 r2=0.650 pcc=0.822 | ES 55/100
  Ep  68/300 | Tr loss=0.1206 mae=0.333 r2=0.611 pcc=0.782 | Vl loss=0.0861 mae=0.292 r2=0.665 pcc=0.826 | ES 56/100
2026-05-16 19:50:36,419 | INFO |   Ep  68/300 | Tr loss=0.1206 mae=0.333 r2=0.611 pcc=0.782 | Vl loss=0.0861 mae=0.292 r2=0.665 pcc=0.826 | ES 56/100
  Ep  69/300 | Tr loss=0.1195 mae=0.332 r2=0.613 pcc=0.783 | Vl loss=0.0935 mae=0.313 r2=0.636 pcc=0.819 | ES 57/100
2026-05-16 19:51:14,900 | INFO |   Ep  69/300 | Tr loss=0.1195 mae=0.332 r2=0.613 pcc=0.783 | Vl loss=0.0935 mae=0.313 r2=0.636 pcc=0.819 | ES 57/100
  Ep  70/300 | Tr loss=0.1195 mae=0.333 r2=0.615 pcc=0.784 | Vl loss=0.0945 mae=0.318 r2=0.634 pcc=0.815 | ES 58/100
2026-05-16 19:51:53,380 | INFO |   Ep  70/300 | Tr loss=0.1195 mae=0.333 r2=0.615 pcc=0.784 | Vl loss=0.0945 mae=0.318 r2=0.634 pcc=0.815 | ES 58/100
  Ep  71/300 | Tr loss=0.1206 mae=0.334 r2=0.611 pcc=0.782 | Vl loss=0.0900 mae=0.312 r2=0.656 pcc=0.819 | ES 59/100
2026-05-16 19:52:31,935 | INFO |   Ep  71/300 | Tr loss=0.1206 mae=0.334 r2=0.611 pcc=0.782 | Vl loss=0.0900 mae=0.312 r2=0.656 pcc=0.819 | ES 59/100
  Ep  72/300 | Tr loss=0.1203 mae=0.332 r2=0.610 pcc=0.781 | Vl loss=0.0923 mae=0.307 r2=0.638 pcc=0.823 | ES 60/100
2026-05-16 19:53:10,796 | INFO |   Ep  72/300 | Tr loss=0.1203 mae=0.332 r2=0.610 pcc=0.781 | Vl loss=0.0923 mae=0.307 r2=0.638 pcc=0.823 | ES 60/100
  Ep  73/300 | Tr loss=0.1192 mae=0.332 r2=0.615 pcc=0.784 | Vl loss=0.0903 mae=0.310 r2=0.651 pcc=0.821 | ES 61/100
2026-05-16 19:53:49,496 | INFO |   Ep  73/300 | Tr loss=0.1192 mae=0.332 r2=0.615 pcc=0.784 | Vl loss=0.0903 mae=0.310 r2=0.651 pcc=0.821 | ES 61/100
  Ep  74/300 | Tr loss=0.1197 mae=0.332 r2=0.613 pcc=0.783 | Vl loss=0.0911 mae=0.306 r2=0.644 pcc=0.817 | ES 62/100
2026-05-16 19:54:28,554 | INFO |   Ep  74/300 | Tr loss=0.1197 mae=0.332 r2=0.613 pcc=0.783 | Vl loss=0.0911 mae=0.306 r2=0.644 pcc=0.817 | ES 62/100
  Ep  75/300 | Tr loss=0.1200 mae=0.332 r2=0.610 pcc=0.781 | Vl loss=0.0935 mae=0.314 r2=0.636 pcc=0.809 | ES 63/100
2026-05-16 19:55:07,966 | INFO |   Ep  75/300 | Tr loss=0.1200 mae=0.332 r2=0.610 pcc=0.781 | Vl loss=0.0935 mae=0.314 r2=0.636 pcc=0.809 | ES 63/100
  Ep  76/300 | Tr loss=0.1201 mae=0.332 r2=0.610 pcc=0.781 | Vl loss=0.0894 mae=0.307 r2=0.653 pcc=0.820 | ES 64/100
2026-05-16 19:55:46,402 | INFO |   Ep  76/300 | Tr loss=0.1201 mae=0.332 r2=0.610 pcc=0.781 | Vl loss=0.0894 mae=0.307 r2=0.653 pcc=0.820 | ES 64/100
  Ep  77/300 | Tr loss=0.1198 mae=0.332 r2=0.613 pcc=0.783 | Vl loss=0.0930 mae=0.318 r2=0.638 pcc=0.818 | ES 65/100
2026-05-16 19:56:24,979 | INFO |   Ep  77/300 | Tr loss=0.1198 mae=0.332 r2=0.613 pcc=0.783 | Vl loss=0.0930 mae=0.318 r2=0.638 pcc=0.818 | ES 65/100
  Ep  78/300 | Tr loss=0.1195 mae=0.332 r2=0.613 pcc=0.783 | Vl loss=0.0898 mae=0.308 r2=0.652 pcc=0.819 | ES 66/100
2026-05-16 19:57:03,552 | INFO |   Ep  78/300 | Tr loss=0.1195 mae=0.332 r2=0.613 pcc=0.783 | Vl loss=0.0898 mae=0.308 r2=0.652 pcc=0.819 | ES 66/100
  Ep  79/300 | Tr loss=0.1191 mae=0.332 r2=0.615 pcc=0.784 | Vl loss=0.0918 mae=0.309 r2=0.645 pcc=0.817 | ES 67/100
2026-05-16 19:57:42,058 | INFO |   Ep  79/300 | Tr loss=0.1191 mae=0.332 r2=0.615 pcc=0.784 | Vl loss=0.0918 mae=0.309 r2=0.645 pcc=0.817 | ES 67/100
  Ep  80/300 | Tr loss=0.1194 mae=0.332 r2=0.614 pcc=0.784 | Vl loss=0.0924 mae=0.312 r2=0.642 pcc=0.816 | ES 68/100
2026-05-16 19:58:20,521 | INFO |   Ep  80/300 | Tr loss=0.1194 mae=0.332 r2=0.614 pcc=0.784 | Vl loss=0.0924 mae=0.312 r2=0.642 pcc=0.816 | ES 68/100
  Ep  81/300 | Tr loss=0.1185 mae=0.331 r2=0.617 pcc=0.785 | Vl loss=0.0921 mae=0.315 r2=0.643 pcc=0.814 | ES 69/100
2026-05-16 19:58:59,104 | INFO |   Ep  81/300 | Tr loss=0.1185 mae=0.331 r2=0.617 pcc=0.785 | Vl loss=0.0921 mae=0.315 r2=0.643 pcc=0.814 | ES 69/100
  Ep  82/300 | Tr loss=0.1193 mae=0.331 r2=0.614 pcc=0.784 | Vl loss=0.0952 mae=0.313 r2=0.627 pcc=0.811 | ES 70/100
2026-05-16 19:59:37,675 | INFO |   Ep  82/300 | Tr loss=0.1193 mae=0.331 r2=0.614 pcc=0.784 | Vl loss=0.0952 mae=0.313 r2=0.627 pcc=0.811 | ES 70/100
  Ep  83/300 | Tr loss=0.1198 mae=0.332 r2=0.611 pcc=0.782 | Vl loss=0.0902 mae=0.307 r2=0.651 pcc=0.818 | ES 71/100
2026-05-16 20:00:16,178 | INFO |   Ep  83/300 | Tr loss=0.1198 mae=0.332 r2=0.611 pcc=0.782 | Vl loss=0.0902 mae=0.307 r2=0.651 pcc=0.818 | ES 71/100
  Ep  84/300 | Tr loss=0.1193 mae=0.331 r2=0.614 pcc=0.784 | Vl loss=0.0909 mae=0.305 r2=0.647 pcc=0.815 | ES 72/100
2026-05-16 20:00:54,658 | INFO |   Ep  84/300 | Tr loss=0.1193 mae=0.331 r2=0.614 pcc=0.784 | Vl loss=0.0909 mae=0.305 r2=0.647 pcc=0.815 | ES 72/100
  Ep  85/300 | Tr loss=0.1189 mae=0.331 r2=0.616 pcc=0.785 | Vl loss=0.0953 mae=0.314 r2=0.629 pcc=0.809 | ES 73/100
2026-05-16 20:01:33,401 | INFO |   Ep  85/300 | Tr loss=0.1189 mae=0.331 r2=0.616 pcc=0.785 | Vl loss=0.0953 mae=0.314 r2=0.629 pcc=0.809 | ES 73/100
  Ep  86/300 | Tr loss=0.1184 mae=0.330 r2=0.617 pcc=0.786 | Vl loss=0.0915 mae=0.310 r2=0.646 pcc=0.813 | ES 74/100
2026-05-16 20:02:11,954 | INFO |   Ep  86/300 | Tr loss=0.1184 mae=0.330 r2=0.617 pcc=0.786 | Vl loss=0.0915 mae=0.310 r2=0.646 pcc=0.813 | ES 74/100
  Ep  87/300 | Tr loss=0.1181 mae=0.330 r2=0.617 pcc=0.786 | Vl loss=0.0923 mae=0.316 r2=0.642 pcc=0.820 | ES 75/100
2026-05-16 20:02:50,778 | INFO |   Ep  87/300 | Tr loss=0.1181 mae=0.330 r2=0.617 pcc=0.786 | Vl loss=0.0923 mae=0.316 r2=0.642 pcc=0.820 | ES 75/100
  Ep  88/300 | Tr loss=0.1190 mae=0.330 r2=0.615 pcc=0.784 | Vl loss=0.0927 mae=0.318 r2=0.642 pcc=0.814 | ES 76/100
2026-05-16 20:03:29,518 | INFO |   Ep  88/300 | Tr loss=0.1190 mae=0.330 r2=0.615 pcc=0.784 | Vl loss=0.0927 mae=0.318 r2=0.642 pcc=0.814 | ES 76/100
  Ep  89/300 | Tr loss=0.1197 mae=0.332 r2=0.611 pcc=0.782 | Vl loss=0.0899 mae=0.307 r2=0.654 pcc=0.821 | ES 77/100
2026-05-16 20:04:08,160 | INFO |   Ep  89/300 | Tr loss=0.1197 mae=0.332 r2=0.611 pcc=0.782 | Vl loss=0.0899 mae=0.307 r2=0.654 pcc=0.821 | ES 77/100
  Ep  90/300 | Tr loss=0.1188 mae=0.331 r2=0.615 pcc=0.784 | Vl loss=0.0906 mae=0.309 r2=0.653 pcc=0.817 | ES 78/100
2026-05-16 20:04:46,887 | INFO |   Ep  90/300 | Tr loss=0.1188 mae=0.331 r2=0.615 pcc=0.784 | Vl loss=0.0906 mae=0.309 r2=0.653 pcc=0.817 | ES 78/100
  Ep  91/300 | Tr loss=0.1197 mae=0.332 r2=0.611 pcc=0.782 | Vl loss=0.0919 mae=0.315 r2=0.643 pcc=0.817 | ES 79/100
2026-05-16 20:05:25,425 | INFO |   Ep  91/300 | Tr loss=0.1197 mae=0.332 r2=0.611 pcc=0.782 | Vl loss=0.0919 mae=0.315 r2=0.643 pcc=0.817 | ES 79/100
  Ep  92/300 | Tr loss=0.1179 mae=0.329 r2=0.617 pcc=0.786 | Vl loss=0.0933 mae=0.320 r2=0.641 pcc=0.807 | ES 80/100
2026-05-16 20:06:03,847 | INFO |   Ep  92/300 | Tr loss=0.1179 mae=0.329 r2=0.617 pcc=0.786 | Vl loss=0.0933 mae=0.320 r2=0.641 pcc=0.807 | ES 80/100
  Ep  93/300 | Tr loss=0.1184 mae=0.330 r2=0.616 pcc=0.785 | Vl loss=0.0931 mae=0.318 r2=0.642 pcc=0.813 | ES 81/100
2026-05-16 20:06:42,411 | INFO |   Ep  93/300 | Tr loss=0.1184 mae=0.330 r2=0.616 pcc=0.785 | Vl loss=0.0931 mae=0.318 r2=0.642 pcc=0.813 | ES 81/100
  Ep  94/300 | Tr loss=0.1188 mae=0.331 r2=0.617 pcc=0.786 | Vl loss=0.0909 mae=0.313 r2=0.651 pcc=0.815 | ES 82/100
2026-05-16 20:07:21,145 | INFO |   Ep  94/300 | Tr loss=0.1188 mae=0.331 r2=0.617 pcc=0.786 | Vl loss=0.0909 mae=0.313 r2=0.651 pcc=0.815 | ES 82/100
  Ep  95/300 | Tr loss=0.1182 mae=0.331 r2=0.616 pcc=0.785 | Vl loss=0.0900 mae=0.309 r2=0.657 pcc=0.817 | ES 83/100
2026-05-16 20:07:59,692 | INFO |   Ep  95/300 | Tr loss=0.1182 mae=0.331 r2=0.616 pcc=0.785 | Vl loss=0.0900 mae=0.309 r2=0.657 pcc=0.817 | ES 83/100
  Ep  96/300 | Tr loss=0.1176 mae=0.328 r2=0.619 pcc=0.787 | Vl loss=0.0949 mae=0.318 r2=0.632 pcc=0.808 | ES 84/100
2026-05-16 20:08:38,211 | INFO |   Ep  96/300 | Tr loss=0.1176 mae=0.328 r2=0.619 pcc=0.787 | Vl loss=0.0949 mae=0.318 r2=0.632 pcc=0.808 | ES 84/100
  Ep  97/300 | Tr loss=0.1172 mae=0.329 r2=0.620 pcc=0.788 | Vl loss=0.0899 mae=0.315 r2=0.659 pcc=0.822 | ES 85/100
2026-05-16 20:09:16,802 | INFO |   Ep  97/300 | Tr loss=0.1172 mae=0.329 r2=0.620 pcc=0.788 | Vl loss=0.0899 mae=0.315 r2=0.659 pcc=0.822 | ES 85/100
  Ep  98/300 | Tr loss=0.1174 mae=0.328 r2=0.620 pcc=0.787 | Vl loss=0.0962 mae=0.327 r2=0.627 pcc=0.817 | ES 86/100
2026-05-16 20:09:55,311 | INFO |   Ep  98/300 | Tr loss=0.1174 mae=0.328 r2=0.620 pcc=0.787 | Vl loss=0.0962 mae=0.327 r2=0.627 pcc=0.817 | ES 86/100
  Ep  99/300 | Tr loss=0.1183 mae=0.329 r2=0.617 pcc=0.786 | Vl loss=0.0923 mae=0.324 r2=0.645 pcc=0.821 | ES 87/100
2026-05-16 20:10:33,992 | INFO |   Ep  99/300 | Tr loss=0.1183 mae=0.329 r2=0.617 pcc=0.786 | Vl loss=0.0923 mae=0.324 r2=0.645 pcc=0.821 | ES 87/100
  Ep 100/300 | Tr loss=0.1187 mae=0.331 r2=0.613 pcc=0.783 | Vl loss=0.0918 mae=0.320 r2=0.646 pcc=0.816 | ES 88/100
2026-05-16 20:11:12,711 | INFO |   Ep 100/300 | Tr loss=0.1187 mae=0.331 r2=0.613 pcc=0.783 | Vl loss=0.0918 mae=0.320 r2=0.646 pcc=0.816 | ES 88/100
  Ep 101/300 | Tr loss=0.1179 mae=0.328 r2=0.619 pcc=0.787 | Vl loss=0.0929 mae=0.321 r2=0.642 pcc=0.815 | ES 89/100
2026-05-16 20:11:51,377 | INFO |   Ep 101/300 | Tr loss=0.1179 mae=0.328 r2=0.619 pcc=0.787 | Vl loss=0.0929 mae=0.321 r2=0.642 pcc=0.815 | ES 89/100
  Ep 102/300 | Tr loss=0.1191 mae=0.331 r2=0.615 pcc=0.784 | Vl loss=0.0928 mae=0.323 r2=0.641 pcc=0.814 | ES 90/100
2026-05-16 20:12:29,942 | INFO |   Ep 102/300 | Tr loss=0.1191 mae=0.331 r2=0.615 pcc=0.784 | Vl loss=0.0928 mae=0.323 r2=0.641 pcc=0.814 | ES 90/100
  Ep 103/300 | Tr loss=0.1181 mae=0.329 r2=0.616 pcc=0.785 | Vl loss=0.0949 mae=0.322 r2=0.636 pcc=0.807 | ES 91/100
2026-05-16 20:13:08,340 | INFO |   Ep 103/300 | Tr loss=0.1181 mae=0.329 r2=0.616 pcc=0.785 | Vl loss=0.0949 mae=0.322 r2=0.636 pcc=0.807 | ES 91/100
  Ep 104/300 | Tr loss=0.1178 mae=0.329 r2=0.617 pcc=0.786 | Vl loss=0.0939 mae=0.322 r2=0.637 pcc=0.814 | ES 92/100
2026-05-16 20:13:46,913 | INFO |   Ep 104/300 | Tr loss=0.1178 mae=0.329 r2=0.617 pcc=0.786 | Vl loss=0.0939 mae=0.322 r2=0.637 pcc=0.814 | ES 92/100
  Ep 105/300 | Tr loss=0.1175 mae=0.330 r2=0.619 pcc=0.787 | Vl loss=0.0938 mae=0.317 r2=0.638 pcc=0.810 | ES 93/100
2026-05-16 20:14:25,823 | INFO |   Ep 105/300 | Tr loss=0.1175 mae=0.330 r2=0.619 pcc=0.787 | Vl loss=0.0938 mae=0.317 r2=0.638 pcc=0.810 | ES 93/100
  Ep 106/300 | Tr loss=0.1179 mae=0.329 r2=0.617 pcc=0.786 | Vl loss=0.0917 mae=0.318 r2=0.647 pcc=0.816 | ES 94/100
2026-05-16 20:15:04,262 | INFO |   Ep 106/300 | Tr loss=0.1179 mae=0.329 r2=0.617 pcc=0.786 | Vl loss=0.0917 mae=0.318 r2=0.647 pcc=0.816 | ES 94/100
  Ep 107/300 | Tr loss=0.1176 mae=0.328 r2=0.620 pcc=0.788 | Vl loss=0.0939 mae=0.318 r2=0.637 pcc=0.812 | ES 95/100
2026-05-16 20:15:42,751 | INFO |   Ep 107/300 | Tr loss=0.1176 mae=0.328 r2=0.620 pcc=0.788 | Vl loss=0.0939 mae=0.318 r2=0.637 pcc=0.812 | ES 95/100
  Ep 108/300 | Tr loss=0.1168 mae=0.328 r2=0.620 pcc=0.788 | Vl loss=0.0947 mae=0.325 r2=0.639 pcc=0.816 | ES 96/100
2026-05-16 20:16:21,211 | INFO |   Ep 108/300 | Tr loss=0.1168 mae=0.328 r2=0.620 pcc=0.788 | Vl loss=0.0947 mae=0.325 r2=0.639 pcc=0.816 | ES 96/100
  Ep 109/300 | Tr loss=0.1178 mae=0.329 r2=0.619 pcc=0.787 | Vl loss=0.0964 mae=0.324 r2=0.629 pcc=0.810 | ES 97/100
2026-05-16 20:16:59,981 | INFO |   Ep 109/300 | Tr loss=0.1178 mae=0.329 r2=0.619 pcc=0.787 | Vl loss=0.0964 mae=0.324 r2=0.629 pcc=0.810 | ES 97/100
  Ep 110/300 | Tr loss=0.1180 mae=0.330 r2=0.618 pcc=0.786 | Vl loss=0.0889 mae=0.313 r2=0.666 pcc=0.825 | ES 98/100
2026-05-16 20:17:38,297 | INFO |   Ep 110/300 | Tr loss=0.1180 mae=0.330 r2=0.618 pcc=0.786 | Vl loss=0.0889 mae=0.313 r2=0.666 pcc=0.825 | ES 98/100
  Ep 111/300 | Tr loss=0.1166 mae=0.326 r2=0.623 pcc=0.790 | Vl loss=0.0898 mae=0.316 r2=0.660 pcc=0.825 | ES 99/100
2026-05-16 20:18:16,708 | INFO |   Ep 111/300 | Tr loss=0.1166 mae=0.326 r2=0.623 pcc=0.790 | Vl loss=0.0898 mae=0.316 r2=0.660 pcc=0.825 | ES 99/100
  Ep 112/300 | Tr loss=0.1167 mae=0.327 r2=0.619 pcc=0.787 | Vl loss=0.0942 mae=0.323 r2=0.642 pcc=0.819 | ES 100/100
2026-05-16 20:18:55,375 | INFO |   Ep 112/300 | Tr loss=0.1167 mae=0.327 r2=0.619 pcc=0.787 | Vl loss=0.0942 mae=0.323 r2=0.642 pcc=0.819 | ES 100/100

  ⏹  Early stopping at epoch 112 (best=12)
2026-05-16 20:18:55,375 | INFO | Early stopping at epoch 112 best=12

✓ Training complete!

  ── Final Test Results (best epoch = 12) ──────────────────
  Loss : 0.1344
  RMSE : 0.5252
  MAE  : 0.3974
  R²   : 0.5428
  ✓ Saved → /mvdlph/masa/GCN_SingleView_Regression_Results/run_2026_05_16_19_06_18/plots/loss_curve.png
  ✓ Saved → /mvdlph/masa/GCN_SingleView_Regression_Results/run_2026_05_16_19_06_18/plots/rmse_mae.png
  ✓ Saved → /mvdlph/masa/GCN_SingleView_Regression_Results/run_2026_05_16_19_06_18/plots/r2_curve.png
  ✓ Saved → /mvdlph/masa/GCN_SingleView_Regression_Results/run_2026_05_16_19_06_18/plots/pcc_curve.png
  ✓ Saved → /mvdlph/masa/GCN_SingleView_Regression_Results/run_2026_05_16_19_06_18/plots/regression_scatter_test.png
  ✓ Saved → /mvdlph/masa/GCN_SingleView_Regression_Results/run_2026_05_16_19_06_18/plots/early_stopping.png
  ✓ History → /mvdlph/masa/GCN_SingleView_Regression_Results/run_2026_05_16_19_06_18/logs/training_history.json
============================================================
DIAGNOSTIC 1: Per-exercise skeleton variance (C0)
============================================================
  Exercise      X-var      Y-var      Z-var  Z/X ratio
-------------------------------------------------------
        E0     0.0455     0.0091     0.0698      1.536
        E1     0.0456     0.0094     0.0689      1.510
        E2     0.0461     0.0090     0.0698      1.516
        E3     0.0483     0.0095     0.0700      1.449
        E4     0.0441     0.0092     0.0676      1.533
        E5     0.0519     0.0101     0.0721      1.389
        E6     0.0441     0.0099     0.0721      1.634
        E7     0.0453     0.0093     0.0685      1.513
        E8     0.0532     0.0097     0.0713      1.341
        E9     0.0485     0.0090     0.0706      1.455

============================================================
DIAGNOSTIC 2: Quality score distribution per split
============================================================
 Train: mean=4.127 std=0.812 min=1.34 max=5.00 | correct=6037 erroneous=3439
   Val: mean=4.232 std=0.741 min=2.28 max=5.00 | correct=1905 erroneous=885
  Test: mean=4.032 std=0.777 min=2.14 max=5.00 | correct=2015 erroneous=1091
  ✓ History NPZ → /mvdlph/masa/GCN_SingleView_Regression_Results/run_2026_05_16_19_06_18/logs/training_history.npz
  ✓ Test predictions NPZ → /mvdlph/masa/GCN_SingleView_Regression_Results/run_2026_05_16_19_06_18/logs/test_predictions.npz
========================================================================
  Exercise         n      MAE     RMSE       R²      PCC
────────────────────────────────────────────────────────────────────────
  E0             464   0.3711   0.4491   0.6708   0.8528
  E1             326   0.4106   0.5326   0.5861   0.8796
  E2             258   0.2935   0.3965   0.7737   0.8839
  E3             319   0.7817   0.8492  -0.5894   0.4193
  E4             286   0.6068   0.6475   0.2675   0.8157
  E5             321   0.3260   0.4288   0.4241   0.6856
  E6             314   0.2302   0.3614   0.6945   0.8403
  E7             319   0.3757   0.5124   0.0812   0.3614
  E8             317   0.3143   0.5296   0.5647   0.7825
  E9             182   0.1826   0.2019  -0.2128  -0.1032
────────────────────────────────────────────────────────────────────────
  Overall       3106   0.3974   0.5252   0.5428   0.7530
========================================================================

  ✓ Per-exercise CSV → /mvdlph/masa/GCN_SingleView_Regression_Results/run_2026_05_16_19_06_18/logs/per_exercise_metrics.csv
  ✓ Per-exercise scatter grid → /mvdlph/masa/GCN_SingleView_Regression_Results/run_2026_05_16_19_06_18/plots/per_exercise_scatter.png
  ✓ Per-exercise bar chart → /mvdlph/masa/GCN_SingleView_Regression_Results/run_2026_05_16_19_06_18/plots/per_exercise_bar.png
  ✓ Per-exercise metrics NPZ → /mvdlph/masa/GCN_SingleView_Regression_Results/run_2026_05_16_19_06_18/logs/per_exercise_metrics.npz
============================================================
  TRAINING SUMMARY — ST-GCN Regression (Single View)
============================================================
  Best Epoch       : 12  (stopped at 112)
  Best Val MAE     : 0.2551
  Best Val RMSE    : 0.3846
  Best Val R²      : 0.7302
  Best Val PCC     : 0.8600
────────────────────────────────────────────────────────────
  Test MAE         : 0.3974
  Test RMSE        : 0.5252
  Test R²          : 0.5428
  Test PCC         : 0.7530
============================================================
2026-05-16 20:19:12,470 | INFO | Best Epoch=12  stopped_epoch=112
2026-05-16 20:19:12,470 | INFO | Test MAE=0.3974
2026-05-16 20:19:12,471 | INFO | Test RMSE=0.5252
2026-05-16 20:19:12,471 | INFO | Test R²=0.5428
2026-05-16 20:19:12,472 | INFO | Test PCC=0.7530

✓ Summary CSV (overall + per-exercise) → /mvdlph/masa/GCN_SingleView_Regression_Results/training_summary.csv
