✓ stdout → also writing to /mvdlph/masa/GCN_SingleView_Regression_Results/run_2026_05_19_20_03_56/logs/training_20260519_200356.log
2026-05-19 20:03:56,234 | INFO | ======================================================================
2026-05-19 20:03:56,235 | INFO | ST-GCN Single-View Regression | BZU Physiotherapy Dataset
2026-05-19 20:03:56,235 | INFO | Camera : CNone  |  Split : 70/15/15  |  Epochs : 300  |  Patience : 100
2026-05-19 20:03:56,235 | INFO | Log file : /mvdlph/masa/GCN_SingleView_Regression_Results/run_2026_05_19_20_03_56/logs/training_20260519_200356.log
2026-05-19 20:03:56,236 | INFO | ======================================================================
✓ parse_filename and load_skeleton defined

[TRAIN] NPZ files found : 9477
  Samples          : 9477
  Unique trials    : 327
  Quality mean±std : 4.127 ± 0.812
  Exercise dist    :
0     961
1     966
2     829
3     979
4     970
5     933
6     954
7     965
8     903
9    1017
  Samples (after camera filter) : 9477

[VALID] NPZ files found : 2790
  Samples          : 2790
  Unique trials    : 100
  Quality mean±std : 4.232 ± 0.741
  Exercise dist    :
0    326
1    316
2    295
3    298
4    322
5    312
6    302
7    304
8    181
9    134
  Samples (after camera filter) : 2790

[TEST] NPZ files found : 3108
  Samples          : 3108
  Unique trials    : 107
  Quality mean±std : 4.031 ± 0.777
  Exercise dist    :
0    465
1    326
2    258
3    319
4    287
5    321
6    314
7    319
8    317
9    182
  Samples (after camera filter) : 3108
  [TRAIN] ⚠️  Skipped 246 files from 13 groups with incomplete camera coverage
  [VALID] ⚠️  Skipped 133 files from 8 groups with incomplete camera coverage
       – E0_P1_T2  cameras=[0, 2]
       – E0_P1_T3  cameras=[1]
       – E3_P1_T2  cameras=[1]
       – E6_P6_T1  cameras=[0, 1]
       – E9_P1_T2  cameras=[0]
       – E9_P6_T0  cameras=[0, 2]
       – E9_P6_T1  cameras=[0, 2]
       – E9_P6_T2  cameras=[0, 2]
  [TEST] ✓ All groups have complete 3-camera coverage

Checking for corrupted files...
  [TRAIN] Removing 1 corrupted file(s)
  [TRAIN] Clean samples : 9230
  [VALID] Clean samples : 2657
  [TEST] Removing 2 corrupted file(s)
  [TEST] Clean samples : 3106

✓ No data-leakage detected across splits

════════════════════════════════════════════════════════════════════
  Split     Samples   Correct   Erroneous   Q mean   Q std   Q min   Q max
  ──────────────────────────────────────────────────────────────────
  Train        9230      5791        3439    4.110   0.816   1.340   5.000
  Val          2657      1783         874    4.213   0.753   2.280   5.000
  Test         3106      2015        1091    4.032   0.777   2.140   5.000
════════════════════════════════════════════════════════════════════

✓ Pre-split index ready  →  train / val / test DataFrames built
0    4957
1    5059
2    4977
Name: camera, dtype: int64

الكاميرات الموجودة: [0, 1, 2]
camera      0    1    2
exercise               
0         569  577  573
1         532  539  536
2         433  445  444
3         525  535  526
4         522  532  524
5         506  516  515
6         509  508  512
7         529  532  527
8         426  430  429
9         406  445  391
E0: correct=3 trials, erroneous=4 trials
E1: correct=3 trials, erroneous=4 trials
E2: correct=3 trials, erroneous=4 trials
E3: correct=3 trials, erroneous=4 trials
E4: correct=3 trials, erroneous=4 trials
E5: correct=3 trials, erroneous=4 trials
E6: correct=3 trials, erroneous=4 trials
E7: correct=3 trials, erroneous=4 trials
E8: correct=3 trials, erroneous=4 trials
E9: correct=3 trials, erroneous=4 trials

==================================================
  Train
==================================================
            mean     var  count
exercise                       
0         3.7666  0.9689    961
1         3.9712  0.7814    965
2         4.1213  0.5137    769
3         3.9960  0.8372    979
4         3.9478  0.9517    970
5         4.4163  0.2613    904
6         4.5599  0.3748    934
7         4.0967  0.4032    965
8         4.2859  0.5489    787
9         4.0087  0.4398    996

==================================================
  Val
==================================================
            mean     var  count
exercise                       
0         3.5421  0.8099    294
1         4.1279  0.5643    316
2         4.0944  0.7921    295
3         4.0612  0.4826    288
4         4.0298  0.7015    322
5         4.5072  0.2006    312
6         4.4658  0.2797    281
7         4.3882  0.1642    304
8         4.9000  0.0000    181
9         4.5667  0.0000     64

==================================================
  Test
==================================================
            mean     var  count
exercise                       
0         3.6497  0.6139    464
1         4.1929  0.6874    326
2         4.0202  0.6972    258
3         3.5135  0.4552    319
4         3.6531  0.5744    286
5         4.2727  0.3202    321
6         4.5168  0.4289    314
7         4.1202  0.2866    319
8         4.2798  0.6464    317
9         4.3854  0.0338    182

============================================================
  All Splits Combined
============================================================
                  mean     var  count
split exercise                       
Test  0         3.6497  0.6139    464
      1         4.1929  0.6874    326
      2         4.0202  0.6972    258
      3         3.5135  0.4552    319
      4         3.6531  0.5744    286
      5         4.2727  0.3202    321
      6         4.5168  0.4289    314
      7         4.1202  0.2866    319
      8         4.2798  0.6464    317
      9         4.3854  0.0338    182
Train 0         3.7666  0.9689    961
      1         3.9712  0.7814    965
      2         4.1213  0.5137    769
      3         3.9960  0.8372    979
      4         3.9478  0.9517    970
      5         4.4163  0.2613    904
      6         4.5599  0.3748    934
      7         4.0967  0.4032    965
      8         4.2859  0.5489    787
      9         4.0087  0.4398    996
Val   0         3.5421  0.8099    294
      1         4.1279  0.5643    316
      2         4.0944  0.7921    295
      3         4.0612  0.4826    288
      4         4.0298  0.7015    322
      5         4.5072  0.2006    312
      6         4.4658  0.2797    281
      7         4.3882  0.1642    304
      8         4.9000  0.0000    181
      9         4.5667  0.0000     64
Frame length distribution (sample of 500 files):
  min    = 31
  max    = 545
  mean   = 100.3
  median = 91.0
  std    = 44.9

Percentiles:
   25th = 73
   50th = 91
   75th = 122
   90th = 147
   95th = 165
   99th = 227

Value counts (top 10):
    81 frames →   13 files (2.6%)
    75 frames →   10 files (2.0%)
    74 frames →   10 files (2.0%)
   113 frames →    9 files (1.8%)
    83 frames →    9 files (1.8%)
    79 frames →    9 files (1.8%)
    77 frames →    9 files (1.8%)
    73 frames →    9 files (1.8%)
    68 frames →    9 files (1.8%)
    91 frames →    8 files (1.6%)
✓ Skeleton visualisation helpers defined
person                                                     P0
exercise                                                    0
trial_id                                                   T0
segment                                                     0
filepath    /mvdlph/Dataset_CVDLPT_Videos_Segments_P0P15_M...
Name: 10, dtype: object
Skeleton shape : (61, 17, 3)
X range : [-0.369, 0.592]
Y range : [-0.193, 0.198]
Z range : [0.000, 0.994]
  ✓ Skeleton plot saved → /mvdlph/masa/GCN_SingleView_Regression_Results/run_2026_05_19_20_03_56/plots/sample_skeleton_3views.png
  ✓ Motion frames saved → /mvdlph/masa/GCN_SingleView_Regression_Results/run_2026_05_19_20_03_56/plots/sample_skeleton_motion.png
Axis ranges across all frames:
X: [-0.369, 0.592] — likely left/right
Y: [-0.193, 0.198] — likely ???
Z: [0.000, 0.994] — likely height

Hip  mean XYZ: [0.         0.         0.32057488]
Head mean XYZ: [-0.14265826 -0.18420231  0.9668146 ]

Difference (head - hip): [-0.14265826 -0.18420231  0.6462397 ]

Camera 0:
  Hip  XYZ: [0.    0.    0.324]
  Head XYZ: [-0.144 -0.183  0.968]
  X range: [-0.37, 0.59]
  Z range: [0.00, 0.99]

Camera 1:
  Hip  XYZ: [0.    0.    0.321]
  Head XYZ: [-0.143 -0.184  0.967]
  X range: [-0.37, 0.59]
  Z range: [0.00, 0.99]

Camera 2:
  Hip  XYZ: [0.    0.    0.316]
  Head XYZ: [-0.142 -0.185  0.966]
  X range: [-0.37, 0.59]
  Z range: [0.00, 0.99]
✓ BZUDataset defined (regression only)
Joint distances from Hip (body center):
  Joint  0 (Hip         ) distance=0  
  Joint  1 (R-Hip       ) distance=1  ─
  Joint  2 (R-Knee      ) distance=2  ──
  Joint  3 (R-Ankle     ) distance=3  ───
  Joint  4 (L-Hip       ) distance=1  ─
  Joint  5 (L-Knee      ) distance=2  ──
  Joint  6 (L-Ankle     ) distance=3  ───
  Joint  7 (Spine       ) distance=1  ─
  Joint  8 (Thorax      ) distance=2  ──
  Joint  9 (Neck        ) distance=3  ───
  Joint 10 (Head        ) distance=4  ────
  Joint 11 (L-Shoulder  ) distance=3  ───
  Joint 12 (L-Elbow     ) distance=4  ────
  Joint 13 (L-Wrist     ) distance=5  ─────
  Joint 14 (R-Shoulder  ) distance=3  ───
  Joint 15 (R-Elbow     ) distance=4  ────
  Joint 16 (R-Wrist     ) distance=5  ─────

✓ True ST-GCN sanity check passed — output shape: torch.Size([2])
✓ Total trainable parameters: 3,069,320
✓ STGCN_Regression (True ST-GCN, Yan et al. AAAI 2018) defined
Device : cuda
GPU    : Tesla V100-PCIE-32GB
✓ centre_and_scale and run_epoch (regression) defined
=================================================================
Quality score distribution audit
=================================================================
  ✓ Saved → /mvdlph/masa/GCN_SingleView_Regression_Results/run_2026_05_19_20_03_56/plots/split_quality_distributions.png

Split    Type              n    mean     std    min    25%    50%    75%    max
----------------------------------------------------------------------
Train    Correct (T≤2)   5791   4.585   0.304   3.68   4.40   4.60   4.83   5.00
Train    Erroneous (T≥3)   3439   3.310   0.781   1.34   2.83   3.44   3.86   4.82

Val      Correct (T≤2)   1783   4.652   0.306   3.56   4.50   4.74   4.90   5.00
Val      Erroneous (T≥3)    874   3.319   0.584   2.28   2.85   3.20   3.72   4.54

Test     Correct (T≤2)   2015   4.491   0.417   3.40   4.20   4.58   4.80   5.00
Test     Erroneous (T≥3)   1091   3.183   0.535   2.14   2.74   3.22   3.54   4.38

=================================================================
Person distribution across splits
=================================================================
  Train : ['P0', 'P10', 'P14', 'P15', 'P2', 'P3', 'P4', 'P5', 'P7']
  Val   : ['P1', 'P11', 'P6']
  Test  : ['P12', 'P13', 'P8', 'P9']

Per-person quality mean per split:

  Train:
         mean    std  count
person                     
P0      4.494  0.351    787
P10     3.281  0.914   1499
P14     3.660  0.847   1354
P15     3.647  0.702   1412
P2      4.720  0.194    826
P3      4.571  0.215    785
P4      4.567  0.267    817
P5      4.663  0.261    880
P7      4.655  0.226    870

  Val:
         mean    std  count
person                     
P1      4.804  0.134    814
P11     3.523  0.699   1087
P6      4.570  0.288    756

  Test:
         mean    std  count
person                     
P12     3.148  0.661    668
P13     3.684  0.648    693
P8      4.603  0.324    872
P9      4.413  0.459    873

=================================================================
Exercise balance across splits
=================================================================
    Train  Val  Test  Train%  Val%  Test%
E0    961  294   464    10.4  11.1   14.9
E1    965  316   326    10.5  11.9   10.5
E2    769  295   258     8.3  11.1    8.3
E3    979  288   319    10.6  10.8   10.3
E4    970  322   286    10.5  12.1    9.2
E5    904  312   321     9.8  11.7   10.3
E6    934  281   314    10.1  10.6   10.1
E7    965  304   319    10.5  11.4   10.3
E8    787  181   317     8.5   6.8   10.2
E9    996   64   182    10.8   2.4    5.9
✓ Plotting helpers (regression) defined
✓ EarlyStopping defined (monitoring MAE)
Train before mirroring: 9230
Train after  mirroring: 18460
2026-05-19 20:04:26,033 | INFO | ======================================================================
2026-05-19 20:04:26,034 | INFO | STARTING REGRESSION TRAINING  (with Early Stopping on MAE)
2026-05-19 20:04:26,034 | INFO | ======================================================================
2026-05-19 20:04:26,035 | INFO | train=9230 val=2657 test=3106

════════════════════════════════════════════════════════════════════
  Camera CNone  |  Train: 9230  Val: 2657  Test: 3106
  Patience: 100  |  LR: 1e-4  |  Batch: 48
════════════════════════════════════════════════════════════════════
  Ep   1/300 | Tr loss=0.2950 mae=0.626 r2=0.268 pcc=0.588 | Vl loss=0.1093 mae=0.317 r2=0.591 pcc=0.800 | ES 0/100 ★
2026-05-19 20:06:01,371 | INFO |   Ep   1/300 | Tr loss=0.2950 mae=0.626 r2=0.268 pcc=0.588 | Vl loss=0.1093 mae=0.317 r2=0.591 pcc=0.800 | ES 0/100 ★
    ★ val_mae=0.3173  rmse=0.4816  r2=0.5908  pcc=0.8001
  Ep   2/300 | Tr loss=0.2316 mae=0.546 r2=0.461 pcc=0.687 | Vl loss=0.3692 mae=0.773 r2=-0.349 pcc=0.684 | ES 1/100
2026-05-19 20:07:35,432 | INFO |   Ep   2/300 | Tr loss=0.2316 mae=0.546 r2=0.461 pcc=0.687 | Vl loss=0.3692 mae=0.773 r2=-0.349 pcc=0.684 | ES 1/100
  Ep   3/300 | Tr loss=0.2130 mae=0.519 r2=0.510 pcc=0.717 | Vl loss=0.1167 mae=0.370 r2=0.565 pcc=0.826 | ES 2/100
2026-05-19 20:09:09,382 | INFO |   Ep   3/300 | Tr loss=0.2130 mae=0.519 r2=0.510 pcc=0.717 | Vl loss=0.1167 mae=0.370 r2=0.565 pcc=0.826 | ES 2/100
  Ep   4/300 | Tr loss=0.2081 mae=0.512 r2=0.516 pcc=0.721 | Vl loss=0.1028 mae=0.326 r2=0.615 pcc=0.833 | ES 3/100
2026-05-19 20:10:43,409 | INFO |   Ep   4/300 | Tr loss=0.2081 mae=0.512 r2=0.516 pcc=0.721 | Vl loss=0.1028 mae=0.326 r2=0.615 pcc=0.833 | ES 3/100
  Ep   5/300 | Tr loss=0.2014 mae=0.502 r2=0.530 pcc=0.730 | Vl loss=0.1212 mae=0.374 r2=0.543 pcc=0.830 | ES 4/100
2026-05-19 20:12:18,089 | INFO |   Ep   5/300 | Tr loss=0.2014 mae=0.502 r2=0.530 pcc=0.730 | Vl loss=0.1212 mae=0.374 r2=0.543 pcc=0.830 | ES 4/100
  Ep   6/300 | Tr loss=0.2001 mae=0.498 r2=0.534 pcc=0.732 | Vl loss=0.1266 mae=0.392 r2=0.528 pcc=0.835 | ES 5/100
2026-05-19 20:13:52,284 | INFO |   Ep   6/300 | Tr loss=0.2001 mae=0.498 r2=0.534 pcc=0.732 | Vl loss=0.1266 mae=0.392 r2=0.528 pcc=0.835 | ES 5/100
  Ep   7/300 | Tr loss=0.1975 mae=0.493 r2=0.540 pcc=0.736 | Vl loss=0.1025 mae=0.322 r2=0.615 pcc=0.836 | ES 6/100
2026-05-19 20:15:26,733 | INFO |   Ep   7/300 | Tr loss=0.1975 mae=0.493 r2=0.540 pcc=0.736 | Vl loss=0.1025 mae=0.322 r2=0.615 pcc=0.836 | ES 6/100
  Ep   8/300 | Tr loss=0.1971 mae=0.493 r2=0.543 pcc=0.738 | Vl loss=0.1397 mae=0.434 r2=0.490 pcc=0.834 | ES 7/100
2026-05-19 20:17:01,614 | INFO |   Ep   8/300 | Tr loss=0.1971 mae=0.493 r2=0.543 pcc=0.738 | Vl loss=0.1397 mae=0.434 r2=0.490 pcc=0.834 | ES 7/100
  Ep   9/300 | Tr loss=0.1942 mae=0.487 r2=0.547 pcc=0.740 | Vl loss=0.1705 mae=0.501 r2=0.384 pcc=0.829 | ES 8/100
2026-05-19 20:18:36,297 | INFO |   Ep   9/300 | Tr loss=0.1942 mae=0.487 r2=0.547 pcc=0.740 | Vl loss=0.1705 mae=0.501 r2=0.384 pcc=0.829 | ES 8/100
  Ep  10/300 | Tr loss=0.1942 mae=0.486 r2=0.552 pcc=0.744 | Vl loss=0.1694 mae=0.493 r2=0.384 pcc=0.824 | ES 9/100
2026-05-19 20:20:10,765 | INFO |   Ep  10/300 | Tr loss=0.1942 mae=0.486 r2=0.552 pcc=0.744 | Vl loss=0.1694 mae=0.493 r2=0.384 pcc=0.824 | ES 9/100
  Ep  11/300 | Tr loss=0.1941 mae=0.484 r2=0.549 pcc=0.742 | Vl loss=0.1021 mae=0.331 r2=0.620 pcc=0.836 | ES 10/100
2026-05-19 20:21:45,351 | INFO |   Ep  11/300 | Tr loss=0.1941 mae=0.484 r2=0.549 pcc=0.742 | Vl loss=0.1021 mae=0.331 r2=0.620 pcc=0.836 | ES 10/100
  Ep  12/300 | Tr loss=0.1850 mae=0.471 r2=0.569 pcc=0.755 | Vl loss=0.1551 mae=0.454 r2=0.425 pcc=0.827 | ES 11/100
2026-05-19 20:23:20,160 | INFO |   Ep  12/300 | Tr loss=0.1850 mae=0.471 r2=0.569 pcc=0.755 | Vl loss=0.1551 mae=0.454 r2=0.425 pcc=0.827 | ES 11/100
  Ep  13/300 | Tr loss=0.1859 mae=0.472 r2=0.568 pcc=0.754 | Vl loss=0.0946 mae=0.294 r2=0.645 pcc=0.842 | ES 0/100 ★
2026-05-19 20:24:54,791 | INFO |   Ep  13/300 | Tr loss=0.1859 mae=0.472 r2=0.568 pcc=0.754 | Vl loss=0.0946 mae=0.294 r2=0.645 pcc=0.842 | ES 0/100 ★
    ★ val_mae=0.2937  rmse=0.4483  r2=0.6455  pcc=0.8417
  Ep  14/300 | Tr loss=0.1863 mae=0.472 r2=0.570 pcc=0.756 | Vl loss=0.1071 mae=0.333 r2=0.595 pcc=0.823 | ES 1/100
2026-05-19 20:26:29,635 | INFO |   Ep  14/300 | Tr loss=0.1863 mae=0.472 r2=0.570 pcc=0.756 | Vl loss=0.1071 mae=0.333 r2=0.595 pcc=0.823 | ES 1/100
  Ep  15/300 | Tr loss=0.1860 mae=0.471 r2=0.565 pcc=0.753 | Vl loss=0.1322 mae=0.412 r2=0.510 pcc=0.821 | ES 2/100
2026-05-19 20:28:04,039 | INFO |   Ep  15/300 | Tr loss=0.1860 mae=0.471 r2=0.565 pcc=0.753 | Vl loss=0.1322 mae=0.412 r2=0.510 pcc=0.821 | ES 2/100
  Ep  16/300 | Tr loss=0.1825 mae=0.466 r2=0.575 pcc=0.758 | Vl loss=0.1351 mae=0.409 r2=0.498 pcc=0.821 | ES 3/100
2026-05-19 20:29:38,294 | INFO |   Ep  16/300 | Tr loss=0.1825 mae=0.466 r2=0.575 pcc=0.758 | Vl loss=0.1351 mae=0.409 r2=0.498 pcc=0.821 | ES 3/100
  Ep  17/300 | Tr loss=0.1766 mae=0.456 r2=0.587 pcc=0.767 | Vl loss=0.1175 mae=0.373 r2=0.565 pcc=0.835 | ES 4/100
2026-05-19 20:31:12,552 | INFO |   Ep  17/300 | Tr loss=0.1766 mae=0.456 r2=0.587 pcc=0.767 | Vl loss=0.1175 mae=0.373 r2=0.565 pcc=0.835 | ES 4/100
  Ep  18/300 | Tr loss=0.1840 mae=0.466 r2=0.572 pcc=0.757 | Vl loss=0.0941 mae=0.302 r2=0.648 pcc=0.830 | ES 5/100
2026-05-19 20:32:46,884 | INFO |   Ep  18/300 | Tr loss=0.1840 mae=0.466 r2=0.572 pcc=0.757 | Vl loss=0.0941 mae=0.302 r2=0.648 pcc=0.830 | ES 5/100
  Ep  19/300 | Tr loss=0.1821 mae=0.463 r2=0.578 pcc=0.761 | Vl loss=0.1011 mae=0.311 r2=0.617 pcc=0.829 | ES 6/100
2026-05-19 20:34:21,147 | INFO |   Ep  19/300 | Tr loss=0.1821 mae=0.463 r2=0.578 pcc=0.761 | Vl loss=0.1011 mae=0.311 r2=0.617 pcc=0.829 | ES 6/100
  Ep  20/300 | Tr loss=0.1773 mae=0.455 r2=0.588 pcc=0.768 | Vl loss=0.1096 mae=0.335 r2=0.588 pcc=0.828 | ES 7/100
2026-05-19 20:35:55,356 | INFO |   Ep  20/300 | Tr loss=0.1773 mae=0.455 r2=0.588 pcc=0.768 | Vl loss=0.1096 mae=0.335 r2=0.588 pcc=0.828 | ES 7/100
  Ep  21/300 | Tr loss=0.1770 mae=0.454 r2=0.588 pcc=0.767 | Vl loss=0.1037 mae=0.316 r2=0.605 pcc=0.826 | ES 8/100
2026-05-19 20:37:29,888 | INFO |   Ep  21/300 | Tr loss=0.1770 mae=0.454 r2=0.588 pcc=0.767 | Vl loss=0.1037 mae=0.316 r2=0.605 pcc=0.826 | ES 8/100
  Ep  22/300 | Tr loss=0.1739 mae=0.451 r2=0.593 pcc=0.770 | Vl loss=0.1093 mae=0.340 r2=0.590 pcc=0.823 | ES 9/100
2026-05-19 20:39:04,468 | INFO |   Ep  22/300 | Tr loss=0.1739 mae=0.451 r2=0.593 pcc=0.770 | Vl loss=0.1093 mae=0.340 r2=0.590 pcc=0.823 | ES 9/100
  Ep  23/300 | Tr loss=0.1737 mae=0.449 r2=0.592 pcc=0.770 | Vl loss=0.1127 mae=0.335 r2=0.572 pcc=0.822 | ES 10/100
2026-05-19 20:40:38,697 | INFO |   Ep  23/300 | Tr loss=0.1737 mae=0.449 r2=0.592 pcc=0.770 | Vl loss=0.1127 mae=0.335 r2=0.572 pcc=0.822 | ES 10/100
  Ep  24/300 | Tr loss=0.1770 mae=0.455 r2=0.588 pcc=0.768 | Vl loss=0.1139 mae=0.346 r2=0.569 pcc=0.816 | ES 11/100
2026-05-19 20:42:13,150 | INFO |   Ep  24/300 | Tr loss=0.1770 mae=0.455 r2=0.588 pcc=0.768 | Vl loss=0.1139 mae=0.346 r2=0.569 pcc=0.816 | ES 11/100
  Ep  25/300 | Tr loss=0.1750 mae=0.451 r2=0.593 pcc=0.770 | Vl loss=0.1774 mae=0.501 r2=0.356 pcc=0.786 | ES 12/100
2026-05-19 20:43:47,604 | INFO |   Ep  25/300 | Tr loss=0.1750 mae=0.451 r2=0.593 pcc=0.770 | Vl loss=0.1774 mae=0.501 r2=0.356 pcc=0.786 | ES 12/100
  Ep  26/300 | Tr loss=0.1740 mae=0.449 r2=0.591 pcc=0.769 | Vl loss=0.1022 mae=0.313 r2=0.616 pcc=0.822 | ES 13/100
2026-05-19 20:45:22,331 | INFO |   Ep  26/300 | Tr loss=0.1740 mae=0.449 r2=0.591 pcc=0.769 | Vl loss=0.1022 mae=0.313 r2=0.616 pcc=0.822 | ES 13/100
  Ep  27/300 | Tr loss=0.1722 mae=0.446 r2=0.599 pcc=0.774 | Vl loss=0.1174 mae=0.346 r2=0.554 pcc=0.815 | ES 14/100
2026-05-19 20:46:56,786 | INFO |   Ep  27/300 | Tr loss=0.1722 mae=0.446 r2=0.599 pcc=0.774 | Vl loss=0.1174 mae=0.346 r2=0.554 pcc=0.815 | ES 14/100
  Ep  28/300 | Tr loss=0.1723 mae=0.447 r2=0.596 pcc=0.772 | Vl loss=0.1083 mae=0.332 r2=0.594 pcc=0.818 | ES 15/100
2026-05-19 20:48:31,230 | INFO |   Ep  28/300 | Tr loss=0.1723 mae=0.447 r2=0.596 pcc=0.772 | Vl loss=0.1083 mae=0.332 r2=0.594 pcc=0.818 | ES 15/100
  Ep  29/300 | Tr loss=0.1771 mae=0.454 r2=0.586 pcc=0.766 | Vl loss=0.1027 mae=0.313 r2=0.606 pcc=0.817 | ES 16/100
2026-05-19 20:50:05,914 | INFO |   Ep  29/300 | Tr loss=0.1771 mae=0.454 r2=0.586 pcc=0.766 | Vl loss=0.1027 mae=0.313 r2=0.606 pcc=0.817 | ES 16/100
  Ep  30/300 | Tr loss=0.1737 mae=0.449 r2=0.594 pcc=0.771 | Vl loss=0.0973 mae=0.307 r2=0.636 pcc=0.821 | ES 17/100
2026-05-19 20:51:40,460 | INFO |   Ep  30/300 | Tr loss=0.1737 mae=0.449 r2=0.594 pcc=0.771 | Vl loss=0.0973 mae=0.307 r2=0.636 pcc=0.821 | ES 17/100
  Ep  31/300 | Tr loss=0.1710 mae=0.444 r2=0.602 pcc=0.776 | Vl loss=0.0972 mae=0.307 r2=0.640 pcc=0.829 | ES 18/100
2026-05-19 20:53:15,021 | INFO |   Ep  31/300 | Tr loss=0.1710 mae=0.444 r2=0.602 pcc=0.776 | Vl loss=0.0972 mae=0.307 r2=0.640 pcc=0.829 | ES 18/100
  Ep  32/300 | Tr loss=0.1700 mae=0.442 r2=0.602 pcc=0.776 | Vl loss=0.1005 mae=0.297 r2=0.618 pcc=0.820 | ES 19/100
2026-05-19 20:54:49,534 | INFO |   Ep  32/300 | Tr loss=0.1700 mae=0.442 r2=0.602 pcc=0.776 | Vl loss=0.1005 mae=0.297 r2=0.618 pcc=0.820 | ES 19/100
  Ep  33/300 | Tr loss=0.1696 mae=0.442 r2=0.596 pcc=0.773 | Vl loss=0.1205 mae=0.361 r2=0.548 pcc=0.800 | ES 20/100
2026-05-19 20:56:24,317 | INFO |   Ep  33/300 | Tr loss=0.1696 mae=0.442 r2=0.596 pcc=0.773 | Vl loss=0.1205 mae=0.361 r2=0.548 pcc=0.800 | ES 20/100
  Ep  34/300 | Tr loss=0.1773 mae=0.451 r2=0.589 pcc=0.768 | Vl loss=0.1161 mae=0.330 r2=0.552 pcc=0.812 | ES 21/100
2026-05-19 20:57:59,094 | INFO |   Ep  34/300 | Tr loss=0.1773 mae=0.451 r2=0.589 pcc=0.768 | Vl loss=0.1161 mae=0.330 r2=0.552 pcc=0.812 | ES 21/100
  Ep  35/300 | Tr loss=0.1683 mae=0.439 r2=0.608 pcc=0.780 | Vl loss=0.1063 mae=0.326 r2=0.601 pcc=0.810 | ES 22/100
2026-05-19 20:59:33,976 | INFO |   Ep  35/300 | Tr loss=0.1683 mae=0.439 r2=0.608 pcc=0.780 | Vl loss=0.1063 mae=0.326 r2=0.601 pcc=0.810 | ES 22/100
  Ep  36/300 | Tr loss=0.1705 mae=0.442 r2=0.599 pcc=0.774 | Vl loss=0.1051 mae=0.317 r2=0.603 pcc=0.812 | ES 23/100
2026-05-19 21:01:08,665 | INFO |   Ep  36/300 | Tr loss=0.1705 mae=0.442 r2=0.599 pcc=0.774 | Vl loss=0.1051 mae=0.317 r2=0.603 pcc=0.812 | ES 23/100
  Ep  37/300 | Tr loss=0.1750 mae=0.447 r2=0.598 pcc=0.773 | Vl loss=0.1153 mae=0.334 r2=0.561 pcc=0.818 | ES 24/100
2026-05-19 21:02:43,601 | INFO |   Ep  37/300 | Tr loss=0.1750 mae=0.447 r2=0.598 pcc=0.773 | Vl loss=0.1153 mae=0.334 r2=0.561 pcc=0.818 | ES 24/100
  Ep  38/300 | Tr loss=0.1702 mae=0.441 r2=0.601 pcc=0.775 | Vl loss=0.1092 mae=0.320 r2=0.580 pcc=0.811 | ES 25/100
2026-05-19 21:04:18,288 | INFO |   Ep  38/300 | Tr loss=0.1702 mae=0.441 r2=0.601 pcc=0.775 | Vl loss=0.1092 mae=0.320 r2=0.580 pcc=0.811 | ES 25/100
  Ep  39/300 | Tr loss=0.1699 mae=0.442 r2=0.595 pcc=0.772 | Vl loss=0.1050 mae=0.311 r2=0.597 pcc=0.815 | ES 26/100
2026-05-19 21:05:53,135 | INFO |   Ep  39/300 | Tr loss=0.1699 mae=0.442 r2=0.595 pcc=0.772 | Vl loss=0.1050 mae=0.311 r2=0.597 pcc=0.815 | ES 26/100
  Ep  40/300 | Tr loss=0.1685 mae=0.438 r2=0.609 pcc=0.780 | Vl loss=0.1324 mae=0.377 r2=0.497 pcc=0.794 | ES 27/100
2026-05-19 21:07:27,451 | INFO |   Ep  40/300 | Tr loss=0.1685 mae=0.438 r2=0.609 pcc=0.780 | Vl loss=0.1324 mae=0.377 r2=0.497 pcc=0.794 | ES 27/100
  Ep  41/300 | Tr loss=0.1752 mae=0.447 r2=0.593 pcc=0.770 | Vl loss=0.1122 mae=0.326 r2=0.567 pcc=0.811 | ES 28/100
2026-05-19 21:09:02,401 | INFO |   Ep  41/300 | Tr loss=0.1752 mae=0.447 r2=0.593 pcc=0.770 | Vl loss=0.1122 mae=0.326 r2=0.567 pcc=0.811 | ES 28/100
  Ep  42/300 | Tr loss=0.1703 mae=0.439 r2=0.603 pcc=0.777 | Vl loss=0.1145 mae=0.324 r2=0.548 pcc=0.803 | ES 29/100
2026-05-19 21:10:36,839 | INFO |   Ep  42/300 | Tr loss=0.1703 mae=0.439 r2=0.603 pcc=0.777 | Vl loss=0.1145 mae=0.324 r2=0.548 pcc=0.803 | ES 29/100
  Ep  43/300 | Tr loss=0.1685 mae=0.438 r2=0.604 pcc=0.778 | Vl loss=0.1077 mae=0.325 r2=0.595 pcc=0.819 | ES 30/100
2026-05-19 21:12:11,790 | INFO |   Ep  43/300 | Tr loss=0.1685 mae=0.438 r2=0.604 pcc=0.778 | Vl loss=0.1077 mae=0.325 r2=0.595 pcc=0.819 | ES 30/100
  Ep  44/300 | Tr loss=0.1639 mae=0.430 r2=0.610 pcc=0.782 | Vl loss=0.1113 mae=0.324 r2=0.577 pcc=0.814 | ES 31/100
2026-05-19 21:13:46,481 | INFO |   Ep  44/300 | Tr loss=0.1639 mae=0.430 r2=0.610 pcc=0.782 | Vl loss=0.1113 mae=0.324 r2=0.577 pcc=0.814 | ES 31/100
  Ep  45/300 | Tr loss=0.1676 mae=0.436 r2=0.607 pcc=0.780 | Vl loss=0.1088 mae=0.322 r2=0.587 pcc=0.819 | ES 32/100
2026-05-19 21:15:21,109 | INFO |   Ep  45/300 | Tr loss=0.1676 mae=0.436 r2=0.607 pcc=0.780 | Vl loss=0.1088 mae=0.322 r2=0.587 pcc=0.819 | ES 32/100
  Ep  46/300 | Tr loss=0.1678 mae=0.436 r2=0.606 pcc=0.779 | Vl loss=0.1054 mae=0.321 r2=0.606 pcc=0.815 | ES 33/100
2026-05-19 21:16:55,470 | INFO |   Ep  46/300 | Tr loss=0.1678 mae=0.436 r2=0.606 pcc=0.779 | Vl loss=0.1054 mae=0.321 r2=0.606 pcc=0.815 | ES 33/100
  Ep  47/300 | Tr loss=0.1674 mae=0.436 r2=0.606 pcc=0.779 | Vl loss=0.1136 mae=0.337 r2=0.575 pcc=0.821 | ES 34/100
2026-05-19 21:18:30,218 | INFO |   Ep  47/300 | Tr loss=0.1674 mae=0.436 r2=0.606 pcc=0.779 | Vl loss=0.1136 mae=0.337 r2=0.575 pcc=0.821 | ES 34/100
  Ep  48/300 | Tr loss=0.1710 mae=0.440 r2=0.605 pcc=0.778 | Vl loss=0.1102 mae=0.316 r2=0.578 pcc=0.820 | ES 35/100
2026-05-19 21:20:04,583 | INFO |   Ep  48/300 | Tr loss=0.1710 mae=0.440 r2=0.605 pcc=0.778 | Vl loss=0.1102 mae=0.316 r2=0.578 pcc=0.820 | ES 35/100
  Ep  49/300 | Tr loss=0.1673 mae=0.434 r2=0.612 pcc=0.783 | Vl loss=0.1125 mae=0.328 r2=0.575 pcc=0.810 | ES 36/100
2026-05-19 21:21:38,924 | INFO |   Ep  49/300 | Tr loss=0.1673 mae=0.434 r2=0.612 pcc=0.783 | Vl loss=0.1125 mae=0.328 r2=0.575 pcc=0.810 | ES 36/100
  Ep  50/300 | Tr loss=0.1686 mae=0.436 r2=0.608 pcc=0.780 | Vl loss=0.1069 mae=0.315 r2=0.600 pcc=0.825 | ES 37/100
2026-05-19 21:23:13,348 | INFO |   Ep  50/300 | Tr loss=0.1686 mae=0.436 r2=0.608 pcc=0.780 | Vl loss=0.1069 mae=0.315 r2=0.600 pcc=0.825 | ES 37/100
  Ep  51/300 | Tr loss=0.1667 mae=0.433 r2=0.609 pcc=0.781 | Vl loss=0.1057 mae=0.309 r2=0.599 pcc=0.817 | ES 38/100
2026-05-19 21:24:47,590 | INFO |   Ep  51/300 | Tr loss=0.1667 mae=0.433 r2=0.609 pcc=0.781 | Vl loss=0.1057 mae=0.309 r2=0.599 pcc=0.817 | ES 38/100
  Ep  52/300 | Tr loss=0.1675 mae=0.434 r2=0.603 pcc=0.777 | Vl loss=0.1024 mae=0.307 r2=0.615 pcc=0.824 | ES 39/100
2026-05-19 21:26:22,635 | INFO |   Ep  52/300 | Tr loss=0.1675 mae=0.434 r2=0.603 pcc=0.777 | Vl loss=0.1024 mae=0.307 r2=0.615 pcc=0.824 | ES 39/100
  Ep  53/300 | Tr loss=0.1644 mae=0.430 r2=0.616 pcc=0.785 | Vl loss=0.1101 mae=0.314 r2=0.580 pcc=0.817 | ES 40/100
2026-05-19 21:27:56,950 | INFO |   Ep  53/300 | Tr loss=0.1644 mae=0.430 r2=0.616 pcc=0.785 | Vl loss=0.1101 mae=0.314 r2=0.580 pcc=0.817 | ES 40/100
  Ep  54/300 | Tr loss=0.1642 mae=0.430 r2=0.614 pcc=0.784 | Vl loss=0.1005 mae=0.299 r2=0.619 pcc=0.819 | ES 41/100
2026-05-19 21:29:31,273 | INFO |   Ep  54/300 | Tr loss=0.1642 mae=0.430 r2=0.614 pcc=0.784 | Vl loss=0.1005 mae=0.299 r2=0.619 pcc=0.819 | ES 41/100
  Ep  55/300 | Tr loss=0.1663 mae=0.434 r2=0.610 pcc=0.781 | Vl loss=0.1109 mae=0.325 r2=0.580 pcc=0.819 | ES 42/100
2026-05-19 21:31:05,915 | INFO |   Ep  55/300 | Tr loss=0.1663 mae=0.434 r2=0.610 pcc=0.781 | Vl loss=0.1109 mae=0.325 r2=0.580 pcc=0.819 | ES 42/100
  Ep  56/300 | Tr loss=0.1664 mae=0.433 r2=0.605 pcc=0.778 | Vl loss=0.0957 mae=0.296 r2=0.643 pcc=0.827 | ES 43/100
2026-05-19 21:32:40,462 | INFO |   Ep  56/300 | Tr loss=0.1664 mae=0.433 r2=0.605 pcc=0.778 | Vl loss=0.0957 mae=0.296 r2=0.643 pcc=0.827 | ES 43/100
  Ep  57/300 | Tr loss=0.1664 mae=0.434 r2=0.615 pcc=0.785 | Vl loss=0.1029 mae=0.307 r2=0.613 pcc=0.825 | ES 44/100
2026-05-19 21:34:15,090 | INFO |   Ep  57/300 | Tr loss=0.1664 mae=0.434 r2=0.615 pcc=0.785 | Vl loss=0.1029 mae=0.307 r2=0.613 pcc=0.825 | ES 44/100
  Ep  58/300 | Tr loss=0.1655 mae=0.432 r2=0.612 pcc=0.783 | Vl loss=0.1046 mae=0.317 r2=0.610 pcc=0.816 | ES 45/100
2026-05-19 21:35:50,433 | INFO |   Ep  58/300 | Tr loss=0.1655 mae=0.432 r2=0.612 pcc=0.783 | Vl loss=0.1046 mae=0.317 r2=0.610 pcc=0.816 | ES 45/100
  Ep  59/300 | Tr loss=0.1651 mae=0.429 r2=0.622 pcc=0.789 | Vl loss=0.1059 mae=0.311 r2=0.599 pcc=0.823 | ES 46/100
2026-05-19 21:37:24,923 | INFO |   Ep  59/300 | Tr loss=0.1651 mae=0.429 r2=0.622 pcc=0.789 | Vl loss=0.1059 mae=0.311 r2=0.599 pcc=0.823 | ES 46/100
  Ep  60/300 | Tr loss=0.1686 mae=0.437 r2=0.608 pcc=0.780 | Vl loss=0.1078 mae=0.325 r2=0.600 pcc=0.822 | ES 47/100
2026-05-19 21:39:00,090 | INFO |   Ep  60/300 | Tr loss=0.1686 mae=0.437 r2=0.608 pcc=0.780 | Vl loss=0.1078 mae=0.325 r2=0.600 pcc=0.822 | ES 47/100
  Ep  61/300 | Tr loss=0.1659 mae=0.431 r2=0.614 pcc=0.784 | Vl loss=0.0985 mae=0.298 r2=0.632 pcc=0.833 | ES 48/100
2026-05-19 21:40:34,457 | INFO |   Ep  61/300 | Tr loss=0.1659 mae=0.431 r2=0.614 pcc=0.784 | Vl loss=0.0985 mae=0.298 r2=0.632 pcc=0.833 | ES 48/100
  Ep  62/300 | Tr loss=0.1638 mae=0.430 r2=0.618 pcc=0.786 | Vl loss=0.1066 mae=0.309 r2=0.596 pcc=0.823 | ES 49/100
2026-05-19 21:42:09,266 | INFO |   Ep  62/300 | Tr loss=0.1638 mae=0.430 r2=0.618 pcc=0.786 | Vl loss=0.1066 mae=0.309 r2=0.596 pcc=0.823 | ES 49/100
  Ep  63/300 | Tr loss=0.1649 mae=0.429 r2=0.613 pcc=0.783 | Vl loss=0.1015 mae=0.298 r2=0.615 pcc=0.821 | ES 50/100
2026-05-19 21:43:43,893 | INFO |   Ep  63/300 | Tr loss=0.1649 mae=0.429 r2=0.613 pcc=0.783 | Vl loss=0.1015 mae=0.298 r2=0.615 pcc=0.821 | ES 50/100
  Ep  64/300 | Tr loss=0.1659 mae=0.433 r2=0.611 pcc=0.782 | Vl loss=0.1068 mae=0.308 r2=0.594 pcc=0.822 | ES 51/100
2026-05-19 21:45:18,385 | INFO |   Ep  64/300 | Tr loss=0.1659 mae=0.433 r2=0.611 pcc=0.782 | Vl loss=0.1068 mae=0.308 r2=0.594 pcc=0.822 | ES 51/100
  Ep  65/300 | Tr loss=0.1659 mae=0.432 r2=0.609 pcc=0.781 | Vl loss=0.1052 mae=0.309 r2=0.603 pcc=0.826 | ES 52/100
2026-05-19 21:46:53,128 | INFO |   Ep  65/300 | Tr loss=0.1659 mae=0.432 r2=0.609 pcc=0.781 | Vl loss=0.1052 mae=0.309 r2=0.603 pcc=0.826 | ES 52/100
  Ep  66/300 | Tr loss=0.1658 mae=0.432 r2=0.612 pcc=0.783 | Vl loss=0.1038 mae=0.309 r2=0.611 pcc=0.828 | ES 53/100
2026-05-19 21:48:27,987 | INFO |   Ep  66/300 | Tr loss=0.1658 mae=0.432 r2=0.612 pcc=0.783 | Vl loss=0.1038 mae=0.309 r2=0.611 pcc=0.828 | ES 53/100
  Ep  67/300 | Tr loss=0.1660 mae=0.432 r2=0.609 pcc=0.781 | Vl loss=0.1010 mae=0.306 r2=0.620 pcc=0.825 | ES 54/100
2026-05-19 21:50:02,336 | INFO |   Ep  67/300 | Tr loss=0.1660 mae=0.432 r2=0.609 pcc=0.781 | Vl loss=0.1010 mae=0.306 r2=0.620 pcc=0.825 | ES 54/100
  Ep  68/300 | Tr loss=0.1660 mae=0.432 r2=0.612 pcc=0.783 | Vl loss=0.1006 mae=0.305 r2=0.624 pcc=0.827 | ES 55/100
2026-05-19 21:51:36,779 | INFO |   Ep  68/300 | Tr loss=0.1660 mae=0.432 r2=0.612 pcc=0.783 | Vl loss=0.1006 mae=0.305 r2=0.624 pcc=0.827 | ES 55/100
  Ep  69/300 | Tr loss=0.1631 mae=0.427 r2=0.618 pcc=0.786 | Vl loss=0.1125 mae=0.331 r2=0.578 pcc=0.801 | ES 56/100
2026-05-19 21:53:11,237 | INFO |   Ep  69/300 | Tr loss=0.1631 mae=0.427 r2=0.618 pcc=0.786 | Vl loss=0.1125 mae=0.331 r2=0.578 pcc=0.801 | ES 56/100
  Ep  70/300 | Tr loss=0.1653 mae=0.432 r2=0.611 pcc=0.782 | Vl loss=0.0965 mae=0.299 r2=0.640 pcc=0.820 | ES 57/100
2026-05-19 21:54:45,827 | INFO |   Ep  70/300 | Tr loss=0.1653 mae=0.432 r2=0.611 pcc=0.782 | Vl loss=0.0965 mae=0.299 r2=0.640 pcc=0.820 | ES 57/100
  Ep  71/300 | Tr loss=0.1651 mae=0.429 r2=0.611 pcc=0.782 | Vl loss=0.1013 mae=0.308 r2=0.624 pcc=0.826 | ES 58/100
2026-05-19 21:56:20,061 | INFO |   Ep  71/300 | Tr loss=0.1651 mae=0.429 r2=0.611 pcc=0.782 | Vl loss=0.1013 mae=0.308 r2=0.624 pcc=0.826 | ES 58/100
  Ep  72/300 | Tr loss=0.1664 mae=0.431 r2=0.608 pcc=0.780 | Vl loss=0.1074 mae=0.323 r2=0.597 pcc=0.813 | ES 59/100
2026-05-19 21:57:54,551 | INFO |   Ep  72/300 | Tr loss=0.1664 mae=0.431 r2=0.608 pcc=0.780 | Vl loss=0.1074 mae=0.323 r2=0.597 pcc=0.813 | ES 59/100
  Ep  73/300 | Tr loss=0.1684 mae=0.434 r2=0.617 pcc=0.786 | Vl loss=0.0983 mae=0.301 r2=0.635 pcc=0.828 | ES 60/100
2026-05-19 21:59:29,182 | INFO |   Ep  73/300 | Tr loss=0.1684 mae=0.434 r2=0.617 pcc=0.786 | Vl loss=0.0983 mae=0.301 r2=0.635 pcc=0.828 | ES 60/100
  Ep  74/300 | Tr loss=0.1701 mae=0.435 r2=0.607 pcc=0.780 | Vl loss=0.1031 mae=0.311 r2=0.613 pcc=0.817 | ES 61/100
2026-05-19 22:01:03,695 | INFO |   Ep  74/300 | Tr loss=0.1701 mae=0.435 r2=0.607 pcc=0.780 | Vl loss=0.1031 mae=0.311 r2=0.613 pcc=0.817 | ES 61/100
  Ep  75/300 | Tr loss=0.1641 mae=0.429 r2=0.616 pcc=0.785 | Vl loss=0.1020 mae=0.314 r2=0.621 pcc=0.823 | ES 62/100
2026-05-19 22:02:38,130 | INFO |   Ep  75/300 | Tr loss=0.1641 mae=0.429 r2=0.616 pcc=0.785 | Vl loss=0.1020 mae=0.314 r2=0.621 pcc=0.823 | ES 62/100
  Ep  76/300 | Tr loss=0.1627 mae=0.427 r2=0.619 pcc=0.787 | Vl loss=0.1007 mae=0.308 r2=0.624 pcc=0.822 | ES 63/100
2026-05-19 22:04:12,613 | INFO |   Ep  76/300 | Tr loss=0.1627 mae=0.427 r2=0.619 pcc=0.787 | Vl loss=0.1007 mae=0.308 r2=0.624 pcc=0.822 | ES 63/100
  Ep  77/300 | Tr loss=0.1613 mae=0.424 r2=0.619 pcc=0.787 | Vl loss=0.1052 mae=0.318 r2=0.608 pcc=0.817 | ES 64/100
2026-05-19 22:05:47,581 | INFO |   Ep  77/300 | Tr loss=0.1613 mae=0.424 r2=0.619 pcc=0.787 | Vl loss=0.1052 mae=0.318 r2=0.608 pcc=0.817 | ES 64/100
  Ep  78/300 | Tr loss=0.1665 mae=0.431 r2=0.616 pcc=0.785 | Vl loss=0.1026 mae=0.307 r2=0.613 pcc=0.825 | ES 65/100
2026-05-19 22:07:21,920 | INFO |   Ep  78/300 | Tr loss=0.1665 mae=0.431 r2=0.616 pcc=0.785 | Vl loss=0.1026 mae=0.307 r2=0.613 pcc=0.825 | ES 65/100
  Ep  79/300 | Tr loss=0.1617 mae=0.426 r2=0.621 pcc=0.788 | Vl loss=0.1023 mae=0.308 r2=0.617 pcc=0.829 | ES 66/100
2026-05-19 22:08:56,476 | INFO |   Ep  79/300 | Tr loss=0.1617 mae=0.426 r2=0.621 pcc=0.788 | Vl loss=0.1023 mae=0.308 r2=0.617 pcc=0.829 | ES 66/100
  Ep  80/300 | Tr loss=0.1626 mae=0.426 r2=0.619 pcc=0.787 | Vl loss=0.1127 mae=0.332 r2=0.579 pcc=0.818 | ES 67/100
2026-05-19 22:10:30,600 | INFO |   Ep  80/300 | Tr loss=0.1626 mae=0.426 r2=0.619 pcc=0.787 | Vl loss=0.1127 mae=0.332 r2=0.579 pcc=0.818 | ES 67/100
  Ep  81/300 | Tr loss=0.1654 mae=0.428 r2=0.619 pcc=0.787 | Vl loss=0.0987 mae=0.304 r2=0.634 pcc=0.829 | ES 68/100
2026-05-19 22:12:04,874 | INFO |   Ep  81/300 | Tr loss=0.1654 mae=0.428 r2=0.619 pcc=0.787 | Vl loss=0.0987 mae=0.304 r2=0.634 pcc=0.829 | ES 68/100
  Ep  82/300 | Tr loss=0.1669 mae=0.432 r2=0.617 pcc=0.785 | Vl loss=0.1027 mae=0.306 r2=0.614 pcc=0.825 | ES 69/100
2026-05-19 22:13:39,405 | INFO |   Ep  82/300 | Tr loss=0.1669 mae=0.432 r2=0.617 pcc=0.785 | Vl loss=0.1027 mae=0.306 r2=0.614 pcc=0.825 | ES 69/100
  Ep  83/300 | Tr loss=0.1644 mae=0.428 r2=0.614 pcc=0.784 | Vl loss=0.1008 mae=0.308 r2=0.626 pcc=0.827 | ES 70/100
2026-05-19 22:15:14,102 | INFO |   Ep  83/300 | Tr loss=0.1644 mae=0.428 r2=0.614 pcc=0.784 | Vl loss=0.1008 mae=0.308 r2=0.626 pcc=0.827 | ES 70/100
  Ep  84/300 | Tr loss=0.1637 mae=0.427 r2=0.616 pcc=0.785 | Vl loss=0.1034 mae=0.306 r2=0.608 pcc=0.829 | ES 71/100
2026-05-19 22:16:48,785 | INFO |   Ep  84/300 | Tr loss=0.1637 mae=0.427 r2=0.616 pcc=0.785 | Vl loss=0.1034 mae=0.306 r2=0.608 pcc=0.829 | ES 71/100
  Ep  85/300 | Tr loss=0.1691 mae=0.434 r2=0.604 pcc=0.778 | Vl loss=0.1049 mae=0.312 r2=0.606 pcc=0.829 | ES 72/100
2026-05-19 22:18:23,162 | INFO |   Ep  85/300 | Tr loss=0.1691 mae=0.434 r2=0.604 pcc=0.778 | Vl loss=0.1049 mae=0.312 r2=0.606 pcc=0.829 | ES 72/100
  Ep  86/300 | Tr loss=0.1651 mae=0.429 r2=0.614 pcc=0.784 | Vl loss=0.0974 mae=0.302 r2=0.637 pcc=0.828 | ES 73/100
2026-05-19 22:19:57,657 | INFO |   Ep  86/300 | Tr loss=0.1651 mae=0.429 r2=0.614 pcc=0.784 | Vl loss=0.0974 mae=0.302 r2=0.637 pcc=0.828 | ES 73/100
  Ep  87/300 | Tr loss=0.1604 mae=0.422 r2=0.625 pcc=0.791 | Vl loss=0.1093 mae=0.318 r2=0.587 pcc=0.821 | ES 74/100
2026-05-19 22:21:31,921 | INFO |   Ep  87/300 | Tr loss=0.1604 mae=0.422 r2=0.625 pcc=0.791 | Vl loss=0.1093 mae=0.318 r2=0.587 pcc=0.821 | ES 74/100
  Ep  88/300 | Tr loss=0.1643 mae=0.428 r2=0.615 pcc=0.785 | Vl loss=0.1111 mae=0.319 r2=0.576 pcc=0.823 | ES 75/100
2026-05-19 22:23:06,404 | INFO |   Ep  88/300 | Tr loss=0.1643 mae=0.428 r2=0.615 pcc=0.785 | Vl loss=0.1111 mae=0.319 r2=0.576 pcc=0.823 | ES 75/100
  Ep  89/300 | Tr loss=0.1677 mae=0.432 r2=0.609 pcc=0.781 | Vl loss=0.1060 mae=0.313 r2=0.598 pcc=0.819 | ES 76/100
2026-05-19 22:24:41,029 | INFO |   Ep  89/300 | Tr loss=0.1677 mae=0.432 r2=0.609 pcc=0.781 | Vl loss=0.1060 mae=0.313 r2=0.598 pcc=0.819 | ES 76/100
  Ep  90/300 | Tr loss=0.1657 mae=0.430 r2=0.617 pcc=0.786 | Vl loss=0.0997 mae=0.299 r2=0.624 pcc=0.828 | ES 77/100
2026-05-19 22:26:15,938 | INFO |   Ep  90/300 | Tr loss=0.1657 mae=0.430 r2=0.617 pcc=0.786 | Vl loss=0.0997 mae=0.299 r2=0.624 pcc=0.828 | ES 77/100
  Ep  91/300 | Tr loss=0.1642 mae=0.426 r2=0.618 pcc=0.786 | Vl loss=0.1078 mae=0.317 r2=0.594 pcc=0.823 | ES 78/100
2026-05-19 22:27:50,623 | INFO |   Ep  91/300 | Tr loss=0.1642 mae=0.426 r2=0.618 pcc=0.786 | Vl loss=0.1078 mae=0.317 r2=0.594 pcc=0.823 | ES 78/100
  Ep  92/300 | Tr loss=0.1640 mae=0.425 r2=0.624 pcc=0.790 | Vl loss=0.1022 mae=0.305 r2=0.616 pcc=0.822 | ES 79/100
2026-05-19 22:29:25,268 | INFO |   Ep  92/300 | Tr loss=0.1640 mae=0.425 r2=0.624 pcc=0.790 | Vl loss=0.1022 mae=0.305 r2=0.616 pcc=0.822 | ES 79/100
  Ep  93/300 | Tr loss=0.1646 mae=0.428 r2=0.617 pcc=0.786 | Vl loss=0.0981 mae=0.300 r2=0.633 pcc=0.826 | ES 80/100
2026-05-19 22:30:59,935 | INFO |   Ep  93/300 | Tr loss=0.1646 mae=0.428 r2=0.617 pcc=0.786 | Vl loss=0.0981 mae=0.300 r2=0.633 pcc=0.826 | ES 80/100
  Ep  94/300 | Tr loss=0.1628 mae=0.424 r2=0.621 pcc=0.788 | Vl loss=0.0965 mae=0.301 r2=0.642 pcc=0.827 | ES 81/100
2026-05-19 22:32:34,529 | INFO |   Ep  94/300 | Tr loss=0.1628 mae=0.424 r2=0.621 pcc=0.788 | Vl loss=0.0965 mae=0.301 r2=0.642 pcc=0.827 | ES 81/100
  Ep  95/300 | Tr loss=0.1617 mae=0.424 r2=0.620 pcc=0.788 | Vl loss=0.1029 mae=0.305 r2=0.610 pcc=0.813 | ES 82/100
2026-05-19 22:34:08,868 | INFO |   Ep  95/300 | Tr loss=0.1617 mae=0.424 r2=0.620 pcc=0.788 | Vl loss=0.1029 mae=0.305 r2=0.610 pcc=0.813 | ES 82/100
  Ep  96/300 | Tr loss=0.1638 mae=0.427 r2=0.616 pcc=0.785 | Vl loss=0.1034 mae=0.307 r2=0.609 pcc=0.809 | ES 83/100
2026-05-19 22:35:43,505 | INFO |   Ep  96/300 | Tr loss=0.1638 mae=0.427 r2=0.616 pcc=0.785 | Vl loss=0.1034 mae=0.307 r2=0.609 pcc=0.809 | ES 83/100
  Ep  97/300 | Tr loss=0.1632 mae=0.425 r2=0.615 pcc=0.784 | Vl loss=0.1041 mae=0.307 r2=0.605 pcc=0.816 | ES 84/100
2026-05-19 22:37:18,061 | INFO |   Ep  97/300 | Tr loss=0.1632 mae=0.425 r2=0.615 pcc=0.784 | Vl loss=0.1041 mae=0.307 r2=0.605 pcc=0.816 | ES 84/100
  Ep  98/300 | Tr loss=0.1627 mae=0.425 r2=0.623 pcc=0.790 | Vl loss=0.1114 mae=0.325 r2=0.579 pcc=0.796 | ES 85/100
2026-05-19 22:38:52,842 | INFO |   Ep  98/300 | Tr loss=0.1627 mae=0.425 r2=0.623 pcc=0.790 | Vl loss=0.1114 mae=0.325 r2=0.579 pcc=0.796 | ES 85/100
  Ep  99/300 | Tr loss=0.1622 mae=0.423 r2=0.621 pcc=0.788 | Vl loss=0.1035 mae=0.308 r2=0.607 pcc=0.816 | ES 86/100
2026-05-19 22:40:27,344 | INFO |   Ep  99/300 | Tr loss=0.1622 mae=0.423 r2=0.621 pcc=0.788 | Vl loss=0.1035 mae=0.308 r2=0.607 pcc=0.816 | ES 86/100
  Ep 100/300 | Tr loss=0.1636 mae=0.425 r2=0.618 pcc=0.787 | Vl loss=0.1079 mae=0.318 r2=0.591 pcc=0.813 | ES 87/100
2026-05-19 22:42:02,010 | INFO |   Ep 100/300 | Tr loss=0.1636 mae=0.425 r2=0.618 pcc=0.787 | Vl loss=0.1079 mae=0.318 r2=0.591 pcc=0.813 | ES 87/100
  Ep 101/300 | Tr loss=0.1614 mae=0.421 r2=0.620 pcc=0.787 | Vl loss=0.1112 mae=0.323 r2=0.577 pcc=0.799 | ES 88/100
2026-05-19 22:43:36,538 | INFO |   Ep 101/300 | Tr loss=0.1614 mae=0.421 r2=0.620 pcc=0.787 | Vl loss=0.1112 mae=0.323 r2=0.577 pcc=0.799 | ES 88/100
  Ep 102/300 | Tr loss=0.1616 mae=0.423 r2=0.624 pcc=0.790 | Vl loss=0.1059 mae=0.309 r2=0.596 pcc=0.808 | ES 89/100
2026-05-19 22:45:10,800 | INFO |   Ep 102/300 | Tr loss=0.1616 mae=0.423 r2=0.624 pcc=0.790 | Vl loss=0.1059 mae=0.309 r2=0.596 pcc=0.808 | ES 89/100
  Ep 103/300 | Tr loss=0.1615 mae=0.424 r2=0.621 pcc=0.788 | Vl loss=0.1116 mae=0.320 r2=0.575 pcc=0.814 | ES 90/100
2026-05-19 22:46:45,643 | INFO |   Ep 103/300 | Tr loss=0.1615 mae=0.424 r2=0.621 pcc=0.788 | Vl loss=0.1116 mae=0.320 r2=0.575 pcc=0.814 | ES 90/100
  Ep 104/300 | Tr loss=0.1650 mae=0.427 r2=0.615 pcc=0.785 | Vl loss=0.1051 mae=0.309 r2=0.602 pcc=0.826 | ES 91/100
2026-05-19 22:48:20,538 | INFO |   Ep 104/300 | Tr loss=0.1650 mae=0.427 r2=0.615 pcc=0.785 | Vl loss=0.1051 mae=0.309 r2=0.602 pcc=0.826 | ES 91/100
  Ep 105/300 | Tr loss=0.1618 mae=0.422 r2=0.622 pcc=0.789 | Vl loss=0.1128 mae=0.321 r2=0.567 pcc=0.808 | ES 92/100
2026-05-19 22:49:55,176 | INFO |   Ep 105/300 | Tr loss=0.1618 mae=0.422 r2=0.622 pcc=0.789 | Vl loss=0.1128 mae=0.321 r2=0.567 pcc=0.808 | ES 92/100
  Ep 106/300 | Tr loss=0.1631 mae=0.424 r2=0.622 pcc=0.789 | Vl loss=0.1114 mae=0.315 r2=0.572 pcc=0.809 | ES 93/100
2026-05-19 22:51:30,380 | INFO |   Ep 106/300 | Tr loss=0.1631 mae=0.424 r2=0.622 pcc=0.789 | Vl loss=0.1114 mae=0.315 r2=0.572 pcc=0.809 | ES 93/100
  Ep 107/300 | Tr loss=0.1596 mae=0.420 r2=0.626 pcc=0.791 | Vl loss=0.1063 mae=0.311 r2=0.595 pcc=0.810 | ES 94/100
2026-05-19 22:53:04,867 | INFO |   Ep 107/300 | Tr loss=0.1596 mae=0.420 r2=0.626 pcc=0.791 | Vl loss=0.1063 mae=0.311 r2=0.595 pcc=0.810 | ES 94/100
  Ep 108/300 | Tr loss=0.1582 mae=0.418 r2=0.628 pcc=0.793 | Vl loss=0.1119 mae=0.323 r2=0.573 pcc=0.811 | ES 95/100
2026-05-19 22:54:39,482 | INFO |   Ep 108/300 | Tr loss=0.1582 mae=0.418 r2=0.628 pcc=0.793 | Vl loss=0.1119 mae=0.323 r2=0.573 pcc=0.811 | ES 95/100
  Ep 109/300 | Tr loss=0.1622 mae=0.422 r2=0.626 pcc=0.791 | Vl loss=0.1132 mae=0.322 r2=0.568 pcc=0.819 | ES 96/100
2026-05-19 22:56:14,338 | INFO |   Ep 109/300 | Tr loss=0.1622 mae=0.422 r2=0.626 pcc=0.791 | Vl loss=0.1132 mae=0.322 r2=0.568 pcc=0.819 | ES 96/100
  Ep 110/300 | Tr loss=0.1611 mae=0.422 r2=0.625 pcc=0.791 | Vl loss=0.1108 mae=0.321 r2=0.579 pcc=0.815 | ES 97/100
2026-05-19 22:57:49,001 | INFO |   Ep 110/300 | Tr loss=0.1611 mae=0.422 r2=0.625 pcc=0.791 | Vl loss=0.1108 mae=0.321 r2=0.579 pcc=0.815 | ES 97/100
  Ep 111/300 | Tr loss=0.1649 mae=0.429 r2=0.616 pcc=0.785 | Vl loss=0.1072 mae=0.311 r2=0.590 pcc=0.810 | ES 98/100
2026-05-19 22:59:23,655 | INFO |   Ep 111/300 | Tr loss=0.1649 mae=0.429 r2=0.616 pcc=0.785 | Vl loss=0.1072 mae=0.311 r2=0.590 pcc=0.810 | ES 98/100
  Ep 112/300 | Tr loss=0.1642 mae=0.425 r2=0.613 pcc=0.783 | Vl loss=0.1094 mae=0.314 r2=0.583 pcc=0.816 | ES 99/100
2026-05-19 23:00:58,063 | INFO |   Ep 112/300 | Tr loss=0.1642 mae=0.425 r2=0.613 pcc=0.783 | Vl loss=0.1094 mae=0.314 r2=0.583 pcc=0.816 | ES 99/100
  Ep 113/300 | Tr loss=0.1640 mae=0.426 r2=0.617 pcc=0.785 | Vl loss=0.1095 mae=0.313 r2=0.581 pcc=0.822 | ES 100/100
2026-05-19 23:02:32,473 | INFO |   Ep 113/300 | Tr loss=0.1640 mae=0.426 r2=0.617 pcc=0.785 | Vl loss=0.1095 mae=0.313 r2=0.581 pcc=0.822 | ES 100/100

  ⏹  Early stopping at epoch 113 (best=13)
2026-05-19 23:02:32,473 | INFO | Early stopping at epoch 113 best=13

✓ Training complete!

  ── Final Test Results (best epoch = 13) ──────────────────
  Loss : 0.1489
  RMSE : 0.5569
  MAE  : 0.4173
  R²   : 0.4858
  ✓ Saved → /mvdlph/masa/GCN_SingleView_Regression_Results/run_2026_05_19_20_03_56/plots/loss_curve.png
  ✓ Saved → /mvdlph/masa/GCN_SingleView_Regression_Results/run_2026_05_19_20_03_56/plots/rmse_mae.png
  ✓ Saved → /mvdlph/masa/GCN_SingleView_Regression_Results/run_2026_05_19_20_03_56/plots/r2_curve.png
  ✓ Saved → /mvdlph/masa/GCN_SingleView_Regression_Results/run_2026_05_19_20_03_56/plots/pcc_curve.png
  ✓ Saved → /mvdlph/masa/GCN_SingleView_Regression_Results/run_2026_05_19_20_03_56/plots/regression_scatter_test.png
  ✓ Saved → /mvdlph/masa/GCN_SingleView_Regression_Results/run_2026_05_19_20_03_56/plots/early_stopping.png
  ✓ History → /mvdlph/masa/GCN_SingleView_Regression_Results/run_2026_05_19_20_03_56/logs/training_history.json
============================================================
DIAGNOSTIC 1: Per-exercise skeleton variance (C0)
============================================================
  Exercise      X-var      Y-var      Z-var  Z/X ratio
-------------------------------------------------------
        E0     0.0492     0.0100     0.0718      1.457
        E1     0.0414     0.0088     0.0658      1.589
        E2     0.0427     0.0088     0.0677      1.586
        E3     0.0499     0.0093     0.0698      1.399
        E4     0.0488     0.0092     0.0690      1.415
        E5     0.0461     0.0102     0.0708      1.534
        E6     0.0507     0.0092     0.0704      1.389
        E7     0.0494     0.0095     0.0702      1.422
        E8     0.0448     0.0092     0.0683      1.524
        E9     0.0430     0.0100     0.0742      1.727

============================================================
DIAGNOSTIC 2: Quality score distribution per split
============================================================
 Train: mean=4.110 std=0.816 min=1.34 max=5.00 | correct=5791 erroneous=3439
   Val: mean=4.213 std=0.753 min=2.28 max=5.00 | correct=1783 erroneous=874
  Test: mean=4.032 std=0.777 min=2.14 max=5.00 | correct=2015 erroneous=1091
  ✓ History NPZ → /mvdlph/masa/GCN_SingleView_Regression_Results/run_2026_05_19_20_03_56/logs/training_history.npz
  ✓ Test predictions NPZ → /mvdlph/masa/GCN_SingleView_Regression_Results/run_2026_05_19_20_03_56/logs/test_predictions.npz
========================================================================
  Exercise         n      MAE     RMSE       R²      PCC
────────────────────────────────────────────────────────────────────────
  E0             464   0.4114   0.5161   0.5651   0.8580
  E1             326   0.4121   0.5318   0.5874   0.8479
  E2             258   0.3143   0.4039   0.7650   0.8880
  E3             319   0.8810   0.9524  -0.9988   0.3406
  E4             286   0.5204   0.5993   0.3726   0.8116
  E5             321   0.3293   0.4243   0.4360   0.7033
  E6             314   0.2860   0.4211   0.5853   0.8479
  E7             319   0.3960   0.5893  -0.2154   0.3760
  E8             317   0.3327   0.5011   0.6102   0.7975
  E9             182   0.1793   0.2297  -0.5701   0.1312
────────────────────────────────────────────────────────────────────────
  Overall       3106   0.4173   0.5569   0.4858   0.7329
========================================================================

  ✓ Per-exercise CSV → /mvdlph/masa/GCN_SingleView_Regression_Results/run_2026_05_19_20_03_56/logs/per_exercise_metrics.csv
  ✓ Per-exercise scatter grid → /mvdlph/masa/GCN_SingleView_Regression_Results/run_2026_05_19_20_03_56/plots/per_exercise_scatter.png
  ✓ Per-exercise bar chart → /mvdlph/masa/GCN_SingleView_Regression_Results/run_2026_05_19_20_03_56/plots/per_exercise_bar.png
  ✓ Per-exercise metrics NPZ → /mvdlph/masa/GCN_SingleView_Regression_Results/run_2026_05_19_20_03_56/logs/per_exercise_metrics.npz
============================================================
  TRAINING SUMMARY — ST-GCN Regression (Single View)
============================================================
  Best Epoch       : 13  (stopped at 113)
  Best Val MAE     : 0.2937
  Best Val RMSE    : 0.4483
  Best Val R²      : 0.6455
  Best Val PCC     : 0.8417
────────────────────────────────────────────────────────────
  Test MAE         : 0.4173
  Test RMSE        : 0.5569
  Test R²          : 0.4858
  Test PCC         : 0.7329
============================================================
2026-05-19 23:02:49,971 | INFO | Best Epoch=13  stopped_epoch=113
2026-05-19 23:02:49,972 | INFO | Test MAE=0.4173
2026-05-19 23:02:49,972 | INFO | Test RMSE=0.5569
2026-05-19 23:02:49,972 | INFO | Test R²=0.4858
2026-05-19 23:02:49,973 | INFO | Test PCC=0.7329

✓ Summary CSV (overall + per-exercise) → /mvdlph/masa/GCN_SingleView_Regression_Results/training_summary.csv
