✓ stdout → also writing to /mvdlph/masa/GCN_SingleView_Regression_Results/run_2026_05_24_09_59_31/logs/training_20260524_095931.log
2026-05-24 09:59:31,678 | INFO | ======================================================================
2026-05-24 09:59:31,678 | INFO | ST-GCN Single-View Regression | BZU Physiotherapy Dataset
2026-05-24 09:59:31,679 | INFO | Camera : C0  |  Split : 70/15/15  |  Epochs : 300  |  Patience : 100
2026-05-24 09:59:31,679 | INFO | Log file : /mvdlph/masa/GCN_SingleView_Regression_Results/run_2026_05_24_09_59_31/logs/training_20260524_095931.log
2026-05-24 09:59:31,680 | INFO | ======================================================================
✓ parse_filename and load_skeleton defined

[TRAIN] NPZ files found : 9477
  Samples          : 9477
  Unique trials    : 327
  Quality mean±std : 4.127 ± 0.812
  Exercise dist    :
0     961
1     966
2     829
3     979
4     970
5     933
6     954
7     965
8     903
9    1017
  Samples (after camera filter) : 9477

[VALID] NPZ files found : 2790
  Samples          : 2790
  Unique trials    : 100
  Quality mean±std : 4.232 ± 0.741
  Exercise dist    :
0    326
1    316
2    295
3    298
4    322
5    312
6    302
7    304
8    181
9    134
  Samples (after camera filter) : 2790

[TEST] NPZ files found : 3108
  Samples          : 3108
  Unique trials    : 107
  Quality mean±std : 4.031 ± 0.777
  Exercise dist    :
0    465
1    326
2    258
3    319
4    287
5    321
6    314
7    319
8    317
9    182
  Samples (after camera filter) : 3108
  [TRAIN] ⚠️  Skipped 246 files from 13 groups with incomplete camera coverage
  [TRAIN] Filtered to camera C0: 3044 samples
  [VALID] ⚠️  Skipped 133 files from 8 groups with incomplete camera coverage
       – E0_P1_T2  cameras=[0, 2]
       – E0_P1_T3  cameras=[1]
       – E3_P1_T2  cameras=[1]
       – E6_P6_T1  cameras=[0, 1]
       – E9_P1_T2  cameras=[0]
       – E9_P6_T0  cameras=[0, 2]
       – E9_P6_T1  cameras=[0, 2]
       – E9_P6_T2  cameras=[0, 2]
  [VALID] Filtered to camera C0: 880 samples
  [TEST] ✓ All groups have complete 3-camera coverage
  [TEST] Filtered to camera C0: 1033 samples

Checking for corrupted files...
  [TRAIN] Clean samples : 3044
  [VALID] Clean samples : 880
  [TEST] Clean samples : 1033

✓ Filtered to E0 only:
  Train : 318  Val : 95  Test : 156

✓ No data-leakage detected across splits

════════════════════════════════════════════════════════════════════
  Split     Samples   Correct   Erroneous   Q mean   Q std   Q min   Q max
  ──────────────────────────────────────────────────────────────────
  Train         318       206         112    3.765   0.985   1.340   4.740
  Val            95        59          36    3.561   0.901   2.280   4.680
  Test          156        78          78    3.645   0.784   2.300   4.750
════════════════════════════════════════════════════════════════════

✓ Pre-split index ready  →  train / val / test DataFrames built
0    569
Name: camera, dtype: int64

الكاميرات الموجودة: [0]
camera      0
exercise     
0         569
E0: correct=3 trials, erroneous=4 trials

==================================================
  Train
==================================================
            mean     var  count
exercise                       
0         3.7651  0.9697    318

==================================================
  Val
==================================================
            mean     var  count
exercise                       
0         3.5606  0.8122     95

==================================================
  Test
==================================================
           mean     var  count
exercise                      
0         3.645  0.6149    156

============================================================
  All Splits Combined
============================================================
                  mean     var  count
split exercise                       
Test  0         3.6450  0.6149    156
Train 0         3.7651  0.9697    318
Val   0         3.5606  0.8122     95
Frame length distribution (sample of 500 files):
  min    = 29
  max    = 154
  mean   = 66.9
  median = 63.0
  std    = 19.1

Percentiles:
   25th = 53
   50th = 63
   75th = 78
   90th = 91
   95th = 100
   99th = 121

Value counts (top 10):
    51 frames →   20 files (4.0%)
    54 frames →   19 files (3.8%)
    61 frames →   17 files (3.4%)
    78 frames →   15 files (3.0%)
    50 frames →   15 files (3.0%)
    75 frames →   14 files (2.8%)
    68 frames →   13 files (2.6%)
    59 frames →   13 files (2.6%)
    53 frames →   13 files (2.6%)
    52 frames →   13 files (2.6%)
✓ Skeleton visualisation helpers defined
person                                                     P0
exercise                                                    0
trial_id                                                   T1
segment                                                     0
filepath    /mvdlph/Dataset_CVDLPT_Videos_Segments_P0P15_M...
Name: 10, dtype: object
Skeleton shape : (81, 17, 3)
X range : [-0.369, 0.592]
Y range : [-0.193, 0.198]
Z range : [0.000, 0.994]
  ✓ Skeleton plot saved → /mvdlph/masa/GCN_SingleView_Regression_Results/run_2026_05_24_09_59_31/plots/sample_skeleton_3views.png
  ✓ Motion frames saved → /mvdlph/masa/GCN_SingleView_Regression_Results/run_2026_05_24_09_59_31/plots/sample_skeleton_motion.png
Axis ranges across all frames:
X: [-0.369, 0.592] — likely left/right
Y: [-0.193, 0.198] — likely ???
Z: [0.000, 0.994] — likely height

Hip  mean XYZ: [0.         0.         0.32353598]
Head mean XYZ: [-0.14399661 -0.18363096  0.9671082 ]

Difference (head - hip): [-0.14399661 -0.18363096  0.6435722 ]

Camera 0:
  Hip  XYZ: [0.    0.    0.324]
  Head XYZ: [-0.144 -0.183  0.968]
  X range: [-0.37, 0.59]
  Z range: [0.00, 0.99]

Camera 1: no file found

Camera 2: no file found
✓ BZUDataset defined (regression only)
Joint distances from Hip (body center):
  Joint  0 (Hip         ) distance=0  
  Joint  1 (R-Hip       ) distance=1  ─
  Joint  2 (R-Knee      ) distance=2  ──
  Joint  3 (R-Ankle     ) distance=3  ───
  Joint  4 (L-Hip       ) distance=1  ─
  Joint  5 (L-Knee      ) distance=2  ──
  Joint  6 (L-Ankle     ) distance=3  ───
  Joint  7 (Spine       ) distance=1  ─
  Joint  8 (Thorax      ) distance=2  ──
  Joint  9 (Neck        ) distance=3  ───
  Joint 10 (Head        ) distance=4  ────
  Joint 11 (L-Shoulder  ) distance=3  ───
  Joint 12 (L-Elbow     ) distance=4  ────
  Joint 13 (L-Wrist     ) distance=5  ─────
  Joint 14 (R-Shoulder  ) distance=3  ───
  Joint 15 (R-Elbow     ) distance=4  ────
  Joint 16 (R-Wrist     ) distance=5  ─────

✓ True ST-GCN sanity check passed — output shape: torch.Size([2])
✓ Total trainable parameters: 3,064,904
✓ STGCN_Regression (True ST-GCN, Yan et al. AAAI 2018) defined
Device : cuda
GPU    : Tesla V100-PCIE-32GB
✓ centre_and_scale and run_epoch (regression) defined
=================================================================
Quality score distribution audit
=================================================================
  ✓ Saved → /mvdlph/masa/GCN_SingleView_Regression_Results/run_2026_05_24_09_59_31/plots/split_quality_distributions.png

Split    Type              n    mean     std    min    25%    50%    75%    max
----------------------------------------------------------------------
Train    Correct (T≤2)    206   4.396   0.254   3.78   4.26   4.42   4.58   4.74
Train    Erroneous (T≥3)    112   2.604   0.742   1.34   2.08   2.52   3.05   3.88

Val      Correct (T≤2)     59   4.211   0.403   3.56   3.82   4.28   4.64   4.68
Val      Erroneous (T≥3)     36   2.495   0.176   2.28   2.35   2.49   2.63   2.72

Test     Correct (T≤2)     78   4.323   0.401   3.58   4.10   4.58   4.70   4.75
Test     Erroneous (T≥3)     78   2.967   0.382   2.30   2.80   3.18   3.34   3.44

=================================================================
Person distribution across splits
=================================================================
  Train : ['P0', 'P10', 'P14', 'P15', 'P2', 'P3', 'P4', 'P5', 'P7']
  Val   : ['P1', 'P11', 'P6']
  Test  : ['P12', 'P13', 'P8', 'P9']

Per-person quality mean per split:

  Train:
         mean    std  count
person                     
P0      4.262  0.086     30
P10     2.408  0.865     49
P14     3.184  0.961     45
P15     3.142  0.652     46
P2      4.733  0.010     30
P3      4.413  0.025     30
P4      4.473  0.078     30
P5      4.247  0.038     30
P7      4.559  0.066     28

  Val:
         mean    std  count
person                     
P1      4.660  0.021     20
P11     2.708  0.459     45
P6      4.107  0.208     30

  Test:
         mean    std  count
person                     
P12     2.930  0.507     47
P13     3.290  0.347     49
P8      4.653  0.053     30
P9      4.337  0.298     30

=================================================================
Exercise balance across splits
=================================================================
    Train  Val  Test  Train%   Val%  Test%
E0    318   95   156   100.0  100.0  100.0
✓ Plotting helpers (regression) defined
✓ EarlyStopping defined (monitoring MAE)
2026-05-24 09:59:54,347 | INFO | ======================================================================
2026-05-24 09:59:54,348 | INFO | STARTING REGRESSION TRAINING  (with Early Stopping on MAE)
2026-05-24 09:59:54,349 | INFO | ======================================================================
2026-05-24 09:59:54,349 | INFO | train=318 val=95 test=156

════════════════════════════════════════════════════════════════════
  Camera C0  |  Train: 318  Val: 95  Test: 156
  Patience: 100  |  LR: 1e-4  |  Batch: 48
════════════════════════════════════════════════════════════════════
  Ep   1/300 | Tr loss=0.5660 mae=0.973 r2=-0.307 pcc=0.368 | Vl loss=0.2072 mae=0.575 r2=0.483 pcc=0.898 | ES 0/100 ★
2026-05-24 09:59:57,374 | INFO |   Ep   1/300 | Tr loss=0.5660 mae=0.973 r2=-0.307 pcc=0.368 | Vl loss=0.2072 mae=0.575 r2=0.483 pcc=0.898 | ES 0/100 ★
    ★ val_mae=0.5752  rmse=0.6448  r2=0.4826  pcc=0.8977
  Ep   2/300 | Tr loss=0.4361 mae=0.789 r2=0.094 pcc=0.544 | Vl loss=0.4365 mae=0.877 r2=-0.145 pcc=0.894 | ES 1/100
2026-05-24 09:59:59,012 | INFO |   Ep   2/300 | Tr loss=0.4361 mae=0.789 r2=0.094 pcc=0.544 | Vl loss=0.4365 mae=0.877 r2=-0.145 pcc=0.894 | ES 1/100
  Ep   3/300 | Tr loss=0.3672 mae=0.728 r2=0.257 pcc=0.644 | Vl loss=0.4511 mae=0.899 r2=-0.182 pcc=0.556 | ES 2/100
2026-05-24 10:00:00,737 | INFO |   Ep   3/300 | Tr loss=0.3672 mae=0.728 r2=0.257 pcc=0.644 | Vl loss=0.4511 mae=0.899 r2=-0.182 pcc=0.556 | ES 2/100
  Ep   4/300 | Tr loss=0.3590 mae=0.730 r2=0.216 pcc=0.623 | Vl loss=0.4738 mae=0.925 r2=-0.243 pcc=-0.881 | ES 3/100
2026-05-24 10:00:02,400 | INFO |   Ep   4/300 | Tr loss=0.3590 mae=0.730 r2=0.216 pcc=0.623 | Vl loss=0.4738 mae=0.925 r2=-0.243 pcc=-0.881 | ES 3/100
  Ep   5/300 | Tr loss=0.3047 mae=0.648 r2=0.354 pcc=0.682 | Vl loss=0.5020 mae=0.954 r2=-0.334 pcc=-0.803 | ES 4/100
2026-05-24 10:00:04,046 | INFO |   Ep   5/300 | Tr loss=0.3047 mae=0.648 r2=0.354 pcc=0.682 | Vl loss=0.5020 mae=0.954 r2=-0.334 pcc=-0.803 | ES 4/100
  Ep   6/300 | Tr loss=0.3263 mae=0.687 r2=0.342 pcc=0.657 | Vl loss=0.4847 mae=0.925 r2=-0.300 pcc=0.716 | ES 5/100
2026-05-24 10:00:05,697 | INFO |   Ep   6/300 | Tr loss=0.3263 mae=0.687 r2=0.342 pcc=0.657 | Vl loss=0.4847 mae=0.925 r2=-0.300 pcc=0.716 | ES 5/100
  Ep   7/300 | Tr loss=0.3184 mae=0.678 r2=0.341 pcc=0.647 | Vl loss=0.5438 mae=0.929 r2=-0.532 pcc=0.884 | ES 6/100
2026-05-24 10:00:07,351 | INFO |   Ep   7/300 | Tr loss=0.3184 mae=0.678 r2=0.341 pcc=0.647 | Vl loss=0.5438 mae=0.929 r2=-0.532 pcc=0.884 | ES 6/100
  Ep   8/300 | Tr loss=0.2970 mae=0.643 r2=0.402 pcc=0.697 | Vl loss=0.6300 mae=0.991 r2=-0.848 pcc=0.911 | ES 7/100
2026-05-24 10:00:09,000 | INFO |   Ep   8/300 | Tr loss=0.2970 mae=0.643 r2=0.402 pcc=0.697 | Vl loss=0.6300 mae=0.991 r2=-0.848 pcc=0.911 | ES 7/100
  Ep   9/300 | Tr loss=0.2835 mae=0.627 r2=0.448 pcc=0.707 | Vl loss=0.6472 mae=1.008 r2=-0.921 pcc=0.855 | ES 8/100
2026-05-24 10:00:10,634 | INFO |   Ep   9/300 | Tr loss=0.2835 mae=0.627 r2=0.448 pcc=0.707 | Vl loss=0.6472 mae=1.008 r2=-0.921 pcc=0.855 | ES 8/100
  Ep  10/300 | Tr loss=0.2829 mae=0.621 r2=0.425 pcc=0.704 | Vl loss=0.7011 mae=1.067 r2=-1.148 pcc=-0.889 | ES 9/100
2026-05-24 10:00:12,264 | INFO |   Ep  10/300 | Tr loss=0.2829 mae=0.621 r2=0.425 pcc=0.704 | Vl loss=0.7011 mae=1.067 r2=-1.148 pcc=-0.889 | ES 9/100
  Ep  11/300 | Tr loss=0.3011 mae=0.646 r2=0.394 pcc=0.678 | Vl loss=0.6983 mae=1.071 r2=-1.136 pcc=-0.914 | ES 10/100
2026-05-24 10:00:13,920 | INFO |   Ep  11/300 | Tr loss=0.3011 mae=0.646 r2=0.394 pcc=0.678 | Vl loss=0.6983 mae=1.071 r2=-1.136 pcc=-0.914 | ES 10/100
  Ep  12/300 | Tr loss=0.3122 mae=0.650 r2=0.354 pcc=0.638 | Vl loss=0.7328 mae=1.104 r2=-1.276 pcc=-0.858 | ES 11/100
2026-05-24 10:00:15,560 | INFO |   Ep  12/300 | Tr loss=0.3122 mae=0.650 r2=0.354 pcc=0.638 | Vl loss=0.7328 mae=1.104 r2=-1.276 pcc=-0.858 | ES 11/100
  Ep  13/300 | Tr loss=0.2459 mae=0.571 r2=0.523 pcc=0.743 | Vl loss=0.7346 mae=1.099 r2=-1.281 pcc=-0.814 | ES 12/100
2026-05-24 10:00:17,194 | INFO |   Ep  13/300 | Tr loss=0.2459 mae=0.571 r2=0.523 pcc=0.743 | Vl loss=0.7346 mae=1.099 r2=-1.281 pcc=-0.814 | ES 12/100
  Ep  14/300 | Tr loss=0.2834 mae=0.606 r2=0.371 pcc=0.677 | Vl loss=0.7559 mae=1.120 r2=-1.375 pcc=-0.826 | ES 13/100
2026-05-24 10:00:18,828 | INFO |   Ep  14/300 | Tr loss=0.2834 mae=0.606 r2=0.371 pcc=0.677 | Vl loss=0.7559 mae=1.120 r2=-1.375 pcc=-0.826 | ES 13/100
  Ep  15/300 | Tr loss=0.2941 mae=0.631 r2=0.463 pcc=0.703 | Vl loss=0.6627 mae=1.066 r2=-0.968 pcc=-0.798 | ES 14/100
2026-05-24 10:00:20,465 | INFO |   Ep  15/300 | Tr loss=0.2941 mae=0.631 r2=0.463 pcc=0.703 | Vl loss=0.6627 mae=1.066 r2=-0.968 pcc=-0.798 | ES 14/100
  Ep  16/300 | Tr loss=0.2671 mae=0.613 r2=0.516 pcc=0.744 | Vl loss=0.6164 mae=1.042 r2=-0.775 pcc=-0.838 | ES 15/100
2026-05-24 10:00:22,108 | INFO |   Ep  16/300 | Tr loss=0.2671 mae=0.613 r2=0.516 pcc=0.744 | Vl loss=0.6164 mae=1.042 r2=-0.775 pcc=-0.838 | ES 15/100
  Ep  17/300 | Tr loss=0.2709 mae=0.607 r2=0.428 pcc=0.701 | Vl loss=0.6140 mae=1.002 r2=-0.782 pcc=0.103 | ES 16/100
2026-05-24 10:00:23,736 | INFO |   Ep  17/300 | Tr loss=0.2709 mae=0.607 r2=0.428 pcc=0.701 | Vl loss=0.6140 mae=1.002 r2=-0.782 pcc=0.103 | ES 16/100
  Ep  18/300 | Tr loss=0.2346 mae=0.542 r2=0.546 pcc=0.758 | Vl loss=0.6258 mae=0.993 r2=-0.825 pcc=0.871 | ES 17/100
2026-05-24 10:00:25,369 | INFO |   Ep  18/300 | Tr loss=0.2346 mae=0.542 r2=0.546 pcc=0.758 | Vl loss=0.6258 mae=0.993 r2=-0.825 pcc=0.871 | ES 17/100
  Ep  19/300 | Tr loss=0.3061 mae=0.635 r2=0.434 pcc=0.689 | Vl loss=0.6501 mae=1.013 r2=-0.923 pcc=0.869 | ES 18/100
2026-05-24 10:00:27,001 | INFO |   Ep  19/300 | Tr loss=0.3061 mae=0.635 r2=0.434 pcc=0.689 | Vl loss=0.6501 mae=1.013 r2=-0.923 pcc=0.869 | ES 18/100
  Ep  20/300 | Tr loss=0.2685 mae=0.613 r2=0.522 pcc=0.737 | Vl loss=0.6460 mae=1.019 r2=-0.906 pcc=0.103 | ES 19/100
2026-05-24 10:00:28,631 | INFO |   Ep  20/300 | Tr loss=0.2685 mae=0.613 r2=0.522 pcc=0.737 | Vl loss=0.6460 mae=1.019 r2=-0.906 pcc=0.103 | ES 19/100
  Ep  21/300 | Tr loss=0.3260 mae=0.680 r2=0.341 pcc=0.638 | Vl loss=0.6880 mae=1.068 r2=-1.075 pcc=-0.626 | ES 20/100
2026-05-24 10:00:30,261 | INFO |   Ep  21/300 | Tr loss=0.3260 mae=0.680 r2=0.341 pcc=0.638 | Vl loss=0.6880 mae=1.068 r2=-1.075 pcc=-0.626 | ES 20/100
  Ep  22/300 | Tr loss=0.2638 mae=0.601 r2=0.508 pcc=0.727 | Vl loss=0.6723 mae=1.073 r2=-1.013 pcc=-0.842 | ES 21/100
2026-05-24 10:00:31,906 | INFO |   Ep  22/300 | Tr loss=0.2638 mae=0.601 r2=0.508 pcc=0.727 | Vl loss=0.6723 mae=1.073 r2=-1.013 pcc=-0.842 | ES 21/100
  Ep  23/300 | Tr loss=0.2606 mae=0.598 r2=0.476 pcc=0.721 | Vl loss=0.6699 mae=1.071 r2=-1.011 pcc=-0.903 | ES 22/100
2026-05-24 10:00:33,539 | INFO |   Ep  23/300 | Tr loss=0.2606 mae=0.598 r2=0.476 pcc=0.721 | Vl loss=0.6699 mae=1.071 r2=-1.011 pcc=-0.903 | ES 22/100
  Ep  24/300 | Tr loss=0.2648 mae=0.595 r2=0.519 pcc=0.740 | Vl loss=0.6846 mae=1.080 r2=-1.064 pcc=-0.839 | ES 23/100
2026-05-24 10:00:35,170 | INFO |   Ep  24/300 | Tr loss=0.2648 mae=0.595 r2=0.519 pcc=0.740 | Vl loss=0.6846 mae=1.080 r2=-1.064 pcc=-0.839 | ES 23/100
  Ep  25/300 | Tr loss=0.2851 mae=0.616 r2=0.443 pcc=0.697 | Vl loss=0.7028 mae=1.091 r2=-1.143 pcc=-0.845 | ES 24/100
2026-05-24 10:00:36,802 | INFO |   Ep  25/300 | Tr loss=0.2851 mae=0.616 r2=0.443 pcc=0.697 | Vl loss=0.7028 mae=1.091 r2=-1.143 pcc=-0.845 | ES 24/100
  Ep  26/300 | Tr loss=0.2725 mae=0.613 r2=0.472 pcc=0.701 | Vl loss=0.7255 mae=1.120 r2=-1.244 pcc=-0.889 | ES 25/100
2026-05-24 10:00:38,433 | INFO |   Ep  26/300 | Tr loss=0.2725 mae=0.613 r2=0.472 pcc=0.701 | Vl loss=0.7255 mae=1.120 r2=-1.244 pcc=-0.889 | ES 25/100
  Ep  27/300 | Tr loss=0.2368 mae=0.554 r2=0.527 pcc=0.743 | Vl loss=0.7124 mae=1.104 r2=-1.180 pcc=-0.834 | ES 26/100
2026-05-24 10:00:40,066 | INFO |   Ep  27/300 | Tr loss=0.2368 mae=0.554 r2=0.527 pcc=0.743 | Vl loss=0.7124 mae=1.104 r2=-1.180 pcc=-0.834 | ES 26/100
  Ep  28/300 | Tr loss=0.2562 mae=0.587 r2=0.529 pcc=0.736 | Vl loss=0.7231 mae=1.106 r2=-1.231 pcc=-0.845 | ES 27/100
2026-05-24 10:00:41,694 | INFO |   Ep  28/300 | Tr loss=0.2562 mae=0.587 r2=0.529 pcc=0.736 | Vl loss=0.7231 mae=1.106 r2=-1.231 pcc=-0.845 | ES 27/100
  Ep  29/300 | Tr loss=0.2792 mae=0.629 r2=0.458 pcc=0.696 | Vl loss=0.7332 mae=1.106 r2=-1.275 pcc=-0.825 | ES 28/100
2026-05-24 10:00:43,322 | INFO |   Ep  29/300 | Tr loss=0.2792 mae=0.629 r2=0.458 pcc=0.696 | Vl loss=0.7332 mae=1.106 r2=-1.275 pcc=-0.825 | ES 28/100
  Ep  30/300 | Tr loss=0.2678 mae=0.584 r2=0.560 pcc=0.754 | Vl loss=0.7096 mae=1.074 r2=-1.169 pcc=-0.503 | ES 29/100
2026-05-24 10:00:44,953 | INFO |   Ep  30/300 | Tr loss=0.2678 mae=0.584 r2=0.560 pcc=0.754 | Vl loss=0.7096 mae=1.074 r2=-1.169 pcc=-0.503 | ES 29/100
  Ep  31/300 | Tr loss=0.2728 mae=0.582 r2=0.513 pcc=0.749 | Vl loss=0.7109 mae=1.073 r2=-1.175 pcc=-0.412 | ES 30/100
2026-05-24 10:00:46,614 | INFO |   Ep  31/300 | Tr loss=0.2728 mae=0.582 r2=0.513 pcc=0.749 | Vl loss=0.7109 mae=1.073 r2=-1.175 pcc=-0.412 | ES 30/100
  Ep  32/300 | Tr loss=0.2726 mae=0.607 r2=0.457 pcc=0.697 | Vl loss=0.7378 mae=1.111 r2=-1.296 pcc=-0.839 | ES 31/100
2026-05-24 10:00:48,246 | INFO |   Ep  32/300 | Tr loss=0.2726 mae=0.607 r2=0.457 pcc=0.697 | Vl loss=0.7378 mae=1.111 r2=-1.296 pcc=-0.839 | ES 31/100
  Ep  33/300 | Tr loss=0.2592 mae=0.592 r2=0.516 pcc=0.727 | Vl loss=0.7223 mae=1.111 r2=-1.221 pcc=-0.800 | ES 32/100
2026-05-24 10:00:49,884 | INFO |   Ep  33/300 | Tr loss=0.2592 mae=0.592 r2=0.516 pcc=0.727 | Vl loss=0.7223 mae=1.111 r2=-1.221 pcc=-0.800 | ES 32/100
  Ep  34/300 | Tr loss=0.2680 mae=0.590 r2=0.512 pcc=0.725 | Vl loss=0.6789 mae=1.070 r2=-1.035 pcc=-0.692 | ES 33/100
2026-05-24 10:00:51,520 | INFO |   Ep  34/300 | Tr loss=0.2680 mae=0.590 r2=0.512 pcc=0.725 | Vl loss=0.6789 mae=1.070 r2=-1.035 pcc=-0.692 | ES 33/100
  Ep  35/300 | Tr loss=0.2624 mae=0.591 r2=0.503 pcc=0.722 | Vl loss=0.6570 mae=1.040 r2=-0.948 pcc=-0.467 | ES 34/100
2026-05-24 10:00:53,161 | INFO |   Ep  35/300 | Tr loss=0.2624 mae=0.591 r2=0.503 pcc=0.722 | Vl loss=0.6570 mae=1.040 r2=-0.948 pcc=-0.467 | ES 34/100
  Ep  36/300 | Tr loss=0.2449 mae=0.564 r2=0.525 pcc=0.734 | Vl loss=0.6675 mae=1.053 r2=-0.988 pcc=-0.542 | ES 35/100
2026-05-24 10:00:54,814 | INFO |   Ep  36/300 | Tr loss=0.2449 mae=0.564 r2=0.525 pcc=0.734 | Vl loss=0.6675 mae=1.053 r2=-0.988 pcc=-0.542 | ES 35/100
  Ep  37/300 | Tr loss=0.2336 mae=0.566 r2=0.545 pcc=0.751 | Vl loss=0.6664 mae=1.039 r2=-0.988 pcc=-0.235 | ES 36/100
2026-05-24 10:00:56,455 | INFO |   Ep  37/300 | Tr loss=0.2336 mae=0.566 r2=0.545 pcc=0.751 | Vl loss=0.6664 mae=1.039 r2=-0.988 pcc=-0.235 | ES 36/100
  Ep  38/300 | Tr loss=0.2153 mae=0.527 r2=0.607 pcc=0.788 | Vl loss=0.6557 mae=1.019 r2=-0.945 pcc=0.874 | ES 37/100
2026-05-24 10:00:58,113 | INFO |   Ep  38/300 | Tr loss=0.2153 mae=0.527 r2=0.607 pcc=0.788 | Vl loss=0.6557 mae=1.019 r2=-0.945 pcc=0.874 | ES 37/100
  Ep  39/300 | Tr loss=0.2174 mae=0.526 r2=0.603 pcc=0.788 | Vl loss=0.6517 mae=1.012 r2=-0.927 pcc=0.900 | ES 38/100
2026-05-24 10:00:59,786 | INFO |   Ep  39/300 | Tr loss=0.2174 mae=0.526 r2=0.603 pcc=0.788 | Vl loss=0.6517 mae=1.012 r2=-0.927 pcc=0.900 | ES 38/100
  Ep  40/300 | Tr loss=0.2408 mae=0.566 r2=0.553 pcc=0.756 | Vl loss=0.6629 mae=1.022 r2=-0.969 pcc=0.804 | ES 39/100
2026-05-24 10:01:01,437 | INFO |   Ep  40/300 | Tr loss=0.2408 mae=0.566 r2=0.553 pcc=0.756 | Vl loss=0.6629 mae=1.022 r2=-0.969 pcc=0.804 | ES 39/100
  Ep  41/300 | Tr loss=0.2790 mae=0.608 r2=0.480 pcc=0.710 | Vl loss=0.6638 mae=1.023 r2=-0.974 pcc=0.800 | ES 40/100
2026-05-24 10:01:03,081 | INFO |   Ep  41/300 | Tr loss=0.2790 mae=0.608 r2=0.480 pcc=0.710 | Vl loss=0.6638 mae=1.023 r2=-0.974 pcc=0.800 | ES 40/100
  Ep  42/300 | Tr loss=0.2850 mae=0.612 r2=0.487 pcc=0.715 | Vl loss=0.6497 mae=1.015 r2=-0.920 pcc=0.740 | ES 41/100
2026-05-24 10:01:04,743 | INFO |   Ep  42/300 | Tr loss=0.2850 mae=0.612 r2=0.487 pcc=0.715 | Vl loss=0.6497 mae=1.015 r2=-0.920 pcc=0.740 | ES 41/100
  Ep  43/300 | Tr loss=0.2280 mae=0.556 r2=0.588 pcc=0.779 | Vl loss=0.6538 mae=1.022 r2=-0.938 pcc=0.505 | ES 42/100
2026-05-24 10:01:06,377 | INFO |   Ep  43/300 | Tr loss=0.2280 mae=0.556 r2=0.588 pcc=0.779 | Vl loss=0.6538 mae=1.022 r2=-0.938 pcc=0.505 | ES 42/100
  Ep  44/300 | Tr loss=0.2503 mae=0.565 r2=0.523 pcc=0.733 | Vl loss=0.6808 mae=1.048 r2=-1.044 pcc=0.049 | ES 43/100
2026-05-24 10:01:08,042 | INFO |   Ep  44/300 | Tr loss=0.2503 mae=0.565 r2=0.523 pcc=0.733 | Vl loss=0.6808 mae=1.048 r2=-1.044 pcc=0.049 | ES 43/100
  Ep  45/300 | Tr loss=0.2630 mae=0.599 r2=0.499 pcc=0.718 | Vl loss=0.6693 mae=1.036 r2=-1.001 pcc=0.231 | ES 44/100
2026-05-24 10:01:09,674 | INFO |   Ep  45/300 | Tr loss=0.2630 mae=0.599 r2=0.499 pcc=0.718 | Vl loss=0.6693 mae=1.036 r2=-1.001 pcc=0.231 | ES 44/100
  Ep  46/300 | Tr loss=0.2469 mae=0.583 r2=0.510 pcc=0.724 | Vl loss=0.6839 mae=1.051 r2=-1.059 pcc=-0.088 | ES 45/100
2026-05-24 10:01:11,318 | INFO |   Ep  46/300 | Tr loss=0.2469 mae=0.583 r2=0.510 pcc=0.724 | Vl loss=0.6839 mae=1.051 r2=-1.059 pcc=-0.088 | ES 45/100
  Ep  47/300 | Tr loss=0.2715 mae=0.601 r2=0.523 pcc=0.726 | Vl loss=0.6609 mae=1.033 r2=-0.974 pcc=-0.592 | ES 46/100
2026-05-24 10:01:13,001 | INFO |   Ep  47/300 | Tr loss=0.2715 mae=0.601 r2=0.523 pcc=0.726 | Vl loss=0.6609 mae=1.033 r2=-0.974 pcc=-0.592 | ES 46/100
  Ep  48/300 | Tr loss=0.2629 mae=0.587 r2=0.511 pcc=0.724 | Vl loss=0.6649 mae=1.039 r2=-0.988 pcc=-0.680 | ES 47/100
2026-05-24 10:01:14,723 | INFO |   Ep  48/300 | Tr loss=0.2629 mae=0.587 r2=0.511 pcc=0.724 | Vl loss=0.6649 mae=1.039 r2=-0.988 pcc=-0.680 | ES 47/100
  Ep  49/300 | Tr loss=0.2504 mae=0.572 r2=0.504 pcc=0.722 | Vl loss=0.6672 mae=1.041 r2=-0.995 pcc=-0.603 | ES 48/100
2026-05-24 10:01:16,371 | INFO |   Ep  49/300 | Tr loss=0.2504 mae=0.572 r2=0.504 pcc=0.722 | Vl loss=0.6672 mae=1.041 r2=-0.995 pcc=-0.603 | ES 48/100
  Ep  50/300 | Tr loss=0.2383 mae=0.554 r2=0.557 pcc=0.755 | Vl loss=0.6569 mae=1.036 r2=-0.953 pcc=-0.618 | ES 49/100
2026-05-24 10:01:18,047 | INFO |   Ep  50/300 | Tr loss=0.2383 mae=0.554 r2=0.557 pcc=0.755 | Vl loss=0.6569 mae=1.036 r2=-0.953 pcc=-0.618 | ES 49/100
  Ep  51/300 | Tr loss=0.2718 mae=0.625 r2=0.457 pcc=0.683 | Vl loss=0.6685 mae=1.050 r2=-1.002 pcc=-0.708 | ES 50/100
2026-05-24 10:01:19,690 | INFO |   Ep  51/300 | Tr loss=0.2718 mae=0.625 r2=0.457 pcc=0.683 | Vl loss=0.6685 mae=1.050 r2=-1.002 pcc=-0.708 | ES 50/100
Epoch 00052: reducing learning rate of group 0 to 5.0000e-05.
  Ep  52/300 | Tr loss=0.2313 mae=0.554 r2=0.557 pcc=0.759 | Vl loss=0.6579 mae=1.032 r2=-0.978 pcc=-0.353 | ES 51/100
2026-05-24 10:01:21,393 | INFO |   Ep  52/300 | Tr loss=0.2313 mae=0.554 r2=0.557 pcc=0.759 | Vl loss=0.6579 mae=1.032 r2=-0.978 pcc=-0.353 | ES 51/100
  Ep  53/300 | Tr loss=0.2260 mae=0.536 r2=0.558 pcc=0.752 | Vl loss=0.6694 mae=1.041 r2=-0.997 pcc=-0.191 | ES 52/100
2026-05-24 10:01:23,060 | INFO |   Ep  53/300 | Tr loss=0.2260 mae=0.536 r2=0.558 pcc=0.752 | Vl loss=0.6694 mae=1.041 r2=-0.997 pcc=-0.191 | ES 52/100
  Ep  54/300 | Tr loss=0.2320 mae=0.542 r2=0.572 pcc=0.764 | Vl loss=0.6652 mae=1.035 r2=-0.983 pcc=0.042 | ES 53/100
2026-05-24 10:01:24,696 | INFO |   Ep  54/300 | Tr loss=0.2320 mae=0.542 r2=0.572 pcc=0.764 | Vl loss=0.6652 mae=1.035 r2=-0.983 pcc=0.042 | ES 53/100
  Ep  55/300 | Tr loss=0.2598 mae=0.580 r2=0.493 pcc=0.707 | Vl loss=0.7223 mae=1.089 r2=-1.219 pcc=-0.496 | ES 54/100
2026-05-24 10:01:26,326 | INFO |   Ep  55/300 | Tr loss=0.2598 mae=0.580 r2=0.493 pcc=0.707 | Vl loss=0.7223 mae=1.089 r2=-1.219 pcc=-0.496 | ES 54/100
  Ep  56/300 | Tr loss=0.2517 mae=0.565 r2=0.507 pcc=0.721 | Vl loss=0.7396 mae=1.099 r2=-1.290 pcc=-0.338 | ES 55/100
2026-05-24 10:01:27,953 | INFO |   Ep  56/300 | Tr loss=0.2517 mae=0.565 r2=0.507 pcc=0.721 | Vl loss=0.7396 mae=1.099 r2=-1.290 pcc=-0.338 | ES 55/100
  Ep  57/300 | Tr loss=0.2537 mae=0.559 r2=0.530 pcc=0.735 | Vl loss=0.7554 mae=1.114 r2=-1.353 pcc=-0.003 | ES 56/100
2026-05-24 10:01:29,596 | INFO |   Ep  57/300 | Tr loss=0.2537 mae=0.559 r2=0.530 pcc=0.735 | Vl loss=0.7554 mae=1.114 r2=-1.353 pcc=-0.003 | ES 56/100
  Ep  58/300 | Tr loss=0.2428 mae=0.544 r2=0.524 pcc=0.738 | Vl loss=0.7491 mae=1.108 r2=-1.322 pcc=0.402 | ES 57/100
2026-05-24 10:01:31,226 | INFO |   Ep  58/300 | Tr loss=0.2428 mae=0.544 r2=0.524 pcc=0.738 | Vl loss=0.7491 mae=1.108 r2=-1.322 pcc=0.402 | ES 57/100
  Ep  59/300 | Tr loss=0.2379 mae=0.538 r2=0.550 pcc=0.748 | Vl loss=0.7241 mae=1.082 r2=-1.220 pcc=0.572 | ES 58/100
2026-05-24 10:01:32,866 | INFO |   Ep  59/300 | Tr loss=0.2379 mae=0.538 r2=0.550 pcc=0.748 | Vl loss=0.7241 mae=1.082 r2=-1.220 pcc=0.572 | ES 58/100
  Ep  60/300 | Tr loss=0.2514 mae=0.559 r2=0.512 pcc=0.725 | Vl loss=0.7241 mae=1.082 r2=-1.223 pcc=0.237 | ES 59/100
2026-05-24 10:01:34,509 | INFO |   Ep  60/300 | Tr loss=0.2514 mae=0.559 r2=0.512 pcc=0.725 | Vl loss=0.7241 mae=1.082 r2=-1.223 pcc=0.237 | ES 59/100
  Ep  61/300 | Tr loss=0.2293 mae=0.544 r2=0.544 pcc=0.744 | Vl loss=0.7082 mae=1.067 r2=-1.156 pcc=0.414 | ES 60/100
2026-05-24 10:01:36,143 | INFO |   Ep  61/300 | Tr loss=0.2293 mae=0.544 r2=0.544 pcc=0.744 | Vl loss=0.7082 mae=1.067 r2=-1.156 pcc=0.414 | ES 60/100
  Ep  62/300 | Tr loss=0.2213 mae=0.522 r2=0.613 pcc=0.791 | Vl loss=0.6935 mae=1.052 r2=-1.096 pcc=0.529 | ES 61/100
2026-05-24 10:01:37,778 | INFO |   Ep  62/300 | Tr loss=0.2213 mae=0.522 r2=0.613 pcc=0.791 | Vl loss=0.6935 mae=1.052 r2=-1.096 pcc=0.529 | ES 61/100
  Ep  63/300 | Tr loss=0.2478 mae=0.576 r2=0.513 pcc=0.731 | Vl loss=0.6874 mae=1.051 r2=-1.073 pcc=0.204 | ES 62/100
2026-05-24 10:01:39,408 | INFO |   Ep  63/300 | Tr loss=0.2478 mae=0.576 r2=0.513 pcc=0.731 | Vl loss=0.6874 mae=1.051 r2=-1.073 pcc=0.204 | ES 62/100
  Ep  64/300 | Tr loss=0.1917 mae=0.490 r2=0.631 pcc=0.797 | Vl loss=0.6901 mae=1.057 r2=-1.085 pcc=-0.188 | ES 63/100
2026-05-24 10:01:41,040 | INFO |   Ep  64/300 | Tr loss=0.1917 mae=0.490 r2=0.631 pcc=0.797 | Vl loss=0.6901 mae=1.057 r2=-1.085 pcc=-0.188 | ES 63/100
  Ep  65/300 | Tr loss=0.2315 mae=0.538 r2=0.553 pcc=0.749 | Vl loss=0.7107 mae=1.079 r2=-1.169 pcc=-0.437 | ES 64/100
2026-05-24 10:01:42,707 | INFO |   Ep  65/300 | Tr loss=0.2315 mae=0.538 r2=0.553 pcc=0.749 | Vl loss=0.7107 mae=1.079 r2=-1.169 pcc=-0.437 | ES 64/100
  Ep  66/300 | Tr loss=0.2116 mae=0.526 r2=0.570 pcc=0.760 | Vl loss=0.7431 mae=1.110 r2=-1.305 pcc=-0.519 | ES 65/100
2026-05-24 10:01:44,364 | INFO |   Ep  66/300 | Tr loss=0.2116 mae=0.526 r2=0.570 pcc=0.760 | Vl loss=0.7431 mae=1.110 r2=-1.305 pcc=-0.519 | ES 65/100
  Ep  67/300 | Tr loss=0.2276 mae=0.541 r2=0.609 pcc=0.781 | Vl loss=0.7135 mae=1.078 r2=-1.177 pcc=-0.202 | ES 66/100
2026-05-24 10:01:46,004 | INFO |   Ep  67/300 | Tr loss=0.2276 mae=0.541 r2=0.609 pcc=0.781 | Vl loss=0.7135 mae=1.078 r2=-1.177 pcc=-0.202 | ES 66/100
  Ep  68/300 | Tr loss=0.2198 mae=0.524 r2=0.610 pcc=0.783 | Vl loss=0.7051 mae=1.066 r2=-1.144 pcc=0.062 | ES 67/100
2026-05-24 10:01:47,636 | INFO |   Ep  68/300 | Tr loss=0.2198 mae=0.524 r2=0.610 pcc=0.783 | Vl loss=0.7051 mae=1.066 r2=-1.144 pcc=0.062 | ES 67/100
  Ep  69/300 | Tr loss=0.2636 mae=0.588 r2=0.459 pcc=0.696 | Vl loss=0.7511 mae=1.110 r2=-1.334 pcc=-0.254 | ES 68/100
2026-05-24 10:01:49,352 | INFO |   Ep  69/300 | Tr loss=0.2636 mae=0.588 r2=0.459 pcc=0.696 | Vl loss=0.7511 mae=1.110 r2=-1.334 pcc=-0.254 | ES 68/100
  Ep  70/300 | Tr loss=0.2802 mae=0.611 r2=0.476 pcc=0.705 | Vl loss=0.7717 mae=1.131 r2=-1.425 pcc=-0.353 | ES 69/100
2026-05-24 10:01:50,994 | INFO |   Ep  70/300 | Tr loss=0.2802 mae=0.611 r2=0.476 pcc=0.705 | Vl loss=0.7717 mae=1.131 r2=-1.425 pcc=-0.353 | ES 69/100
  Ep  71/300 | Tr loss=0.2400 mae=0.548 r2=0.554 pcc=0.749 | Vl loss=0.7326 mae=1.091 r2=-1.254 pcc=-0.096 | ES 70/100
2026-05-24 10:01:52,622 | INFO |   Ep  71/300 | Tr loss=0.2400 mae=0.548 r2=0.554 pcc=0.749 | Vl loss=0.7326 mae=1.091 r2=-1.254 pcc=-0.096 | ES 70/100
  Ep  72/300 | Tr loss=0.2553 mae=0.574 r2=0.541 pcc=0.739 | Vl loss=0.6823 mae=1.040 r2=-1.048 pcc=0.606 | ES 71/100
2026-05-24 10:01:54,250 | INFO |   Ep  72/300 | Tr loss=0.2553 mae=0.574 r2=0.541 pcc=0.739 | Vl loss=0.6823 mae=1.040 r2=-1.048 pcc=0.606 | ES 71/100
  Ep  73/300 | Tr loss=0.2249 mae=0.539 r2=0.556 pcc=0.752 | Vl loss=0.7076 mae=1.065 r2=-1.153 pcc=0.206 | ES 72/100
2026-05-24 10:01:55,880 | INFO |   Ep  73/300 | Tr loss=0.2249 mae=0.539 r2=0.556 pcc=0.752 | Vl loss=0.7076 mae=1.065 r2=-1.153 pcc=0.206 | ES 72/100
  Ep  74/300 | Tr loss=0.2445 mae=0.559 r2=0.568 pcc=0.760 | Vl loss=0.7035 mae=1.062 r2=-1.136 pcc=0.270 | ES 73/100
2026-05-24 10:01:57,538 | INFO |   Ep  74/300 | Tr loss=0.2445 mae=0.559 r2=0.568 pcc=0.760 | Vl loss=0.7035 mae=1.062 r2=-1.136 pcc=0.270 | ES 73/100
  Ep  75/300 | Tr loss=0.2335 mae=0.544 r2=0.549 pcc=0.749 | Vl loss=0.7121 mae=1.071 r2=-1.171 pcc=0.094 | ES 74/100
2026-05-24 10:01:59,171 | INFO |   Ep  75/300 | Tr loss=0.2335 mae=0.544 r2=0.549 pcc=0.749 | Vl loss=0.7121 mae=1.071 r2=-1.171 pcc=0.094 | ES 74/100
  Ep  76/300 | Tr loss=0.2197 mae=0.517 r2=0.562 pcc=0.767 | Vl loss=0.6741 mae=1.035 r2=-1.016 pcc=0.601 | ES 75/100
2026-05-24 10:02:00,806 | INFO |   Ep  76/300 | Tr loss=0.2197 mae=0.517 r2=0.562 pcc=0.767 | Vl loss=0.6741 mae=1.035 r2=-1.016 pcc=0.601 | ES 75/100
  Ep  77/300 | Tr loss=0.2245 mae=0.552 r2=0.560 pcc=0.755 | Vl loss=0.7105 mae=1.076 r2=-1.161 pcc=-0.154 | ES 76/100
2026-05-24 10:02:02,442 | INFO |   Ep  77/300 | Tr loss=0.2245 mae=0.552 r2=0.560 pcc=0.755 | Vl loss=0.7105 mae=1.076 r2=-1.161 pcc=-0.154 | ES 76/100
  Ep  78/300 | Tr loss=0.2429 mae=0.579 r2=0.486 pcc=0.715 | Vl loss=0.7526 mae=1.121 r2=-1.339 pcc=-0.434 | ES 77/100
2026-05-24 10:02:04,078 | INFO |   Ep  78/300 | Tr loss=0.2429 mae=0.579 r2=0.486 pcc=0.715 | Vl loss=0.7526 mae=1.121 r2=-1.339 pcc=-0.434 | ES 77/100
  Ep  79/300 | Tr loss=0.2408 mae=0.551 r2=0.558 pcc=0.750 | Vl loss=0.7005 mae=1.071 r2=-1.118 pcc=-0.247 | ES 78/100
2026-05-24 10:02:05,722 | INFO |   Ep  79/300 | Tr loss=0.2408 mae=0.551 r2=0.558 pcc=0.750 | Vl loss=0.7005 mae=1.071 r2=-1.118 pcc=-0.247 | ES 78/100
  Ep  80/300 | Tr loss=0.2162 mae=0.519 r2=0.585 pcc=0.768 | Vl loss=0.6674 mae=1.040 r2=-0.986 pcc=-0.092 | ES 79/100
2026-05-24 10:02:07,376 | INFO |   Ep  80/300 | Tr loss=0.2162 mae=0.519 r2=0.585 pcc=0.768 | Vl loss=0.6674 mae=1.040 r2=-0.986 pcc=-0.092 | ES 79/100
  Ep  81/300 | Tr loss=0.2287 mae=0.541 r2=0.583 pcc=0.772 | Vl loss=0.6752 mae=1.047 r2=-1.018 pcc=-0.176 | ES 80/100
2026-05-24 10:02:09,013 | INFO |   Ep  81/300 | Tr loss=0.2287 mae=0.541 r2=0.583 pcc=0.772 | Vl loss=0.6752 mae=1.047 r2=-1.018 pcc=-0.176 | ES 80/100
  Ep  82/300 | Tr loss=0.2589 mae=0.581 r2=0.478 pcc=0.701 | Vl loss=0.6901 mae=1.063 r2=-1.080 pcc=-0.399 | ES 81/100
2026-05-24 10:02:10,648 | INFO |   Ep  82/300 | Tr loss=0.2589 mae=0.581 r2=0.478 pcc=0.701 | Vl loss=0.6901 mae=1.063 r2=-1.080 pcc=-0.399 | ES 81/100
  Ep  83/300 | Tr loss=0.2281 mae=0.537 r2=0.555 pcc=0.749 | Vl loss=0.6920 mae=1.064 r2=-1.089 pcc=-0.400 | ES 82/100
2026-05-24 10:02:12,288 | INFO |   Ep  83/300 | Tr loss=0.2281 mae=0.537 r2=0.555 pcc=0.749 | Vl loss=0.6920 mae=1.064 r2=-1.089 pcc=-0.400 | ES 82/100
  Ep  84/300 | Tr loss=0.2301 mae=0.552 r2=0.555 pcc=0.747 | Vl loss=0.7198 mae=1.092 r2=-1.203 pcc=-0.528 | ES 83/100
2026-05-24 10:02:13,923 | INFO |   Ep  84/300 | Tr loss=0.2301 mae=0.552 r2=0.555 pcc=0.747 | Vl loss=0.7198 mae=1.092 r2=-1.203 pcc=-0.528 | ES 83/100
  Ep  85/300 | Tr loss=0.2642 mae=0.594 r2=0.500 pcc=0.713 | Vl loss=0.7315 mae=1.104 r2=-1.252 pcc=-0.568 | ES 84/100
2026-05-24 10:02:15,575 | INFO |   Ep  85/300 | Tr loss=0.2642 mae=0.594 r2=0.500 pcc=0.713 | Vl loss=0.7315 mae=1.104 r2=-1.252 pcc=-0.568 | ES 84/100
  Ep  86/300 | Tr loss=0.2385 mae=0.553 r2=0.566 pcc=0.753 | Vl loss=0.7213 mae=1.094 r2=-1.210 pcc=-0.584 | ES 85/100
2026-05-24 10:02:17,218 | INFO |   Ep  86/300 | Tr loss=0.2385 mae=0.553 r2=0.566 pcc=0.753 | Vl loss=0.7213 mae=1.094 r2=-1.210 pcc=-0.584 | ES 85/100
  Ep  87/300 | Tr loss=0.2293 mae=0.546 r2=0.589 pcc=0.770 | Vl loss=0.7113 mae=1.084 r2=-1.172 pcc=-0.615 | ES 86/100
2026-05-24 10:02:18,842 | INFO |   Ep  87/300 | Tr loss=0.2293 mae=0.546 r2=0.589 pcc=0.770 | Vl loss=0.7113 mae=1.084 r2=-1.172 pcc=-0.615 | ES 86/100
  Ep  88/300 | Tr loss=0.2357 mae=0.546 r2=0.548 pcc=0.748 | Vl loss=0.7311 mae=1.102 r2=-1.256 pcc=-0.624 | ES 87/100
2026-05-24 10:02:20,465 | INFO |   Ep  88/300 | Tr loss=0.2357 mae=0.546 r2=0.548 pcc=0.748 | Vl loss=0.7311 mae=1.102 r2=-1.256 pcc=-0.624 | ES 87/100
  Ep  89/300 | Tr loss=0.2257 mae=0.533 r2=0.574 pcc=0.761 | Vl loss=0.7460 mae=1.115 r2=-1.320 pcc=-0.602 | ES 88/100
2026-05-24 10:02:22,090 | INFO |   Ep  89/300 | Tr loss=0.2257 mae=0.533 r2=0.574 pcc=0.761 | Vl loss=0.7460 mae=1.115 r2=-1.320 pcc=-0.602 | ES 88/100
  Ep  90/300 | Tr loss=0.2322 mae=0.542 r2=0.523 pcc=0.733 | Vl loss=0.7870 mae=1.155 r2=-1.502 pcc=-0.676 | ES 89/100
2026-05-24 10:02:23,733 | INFO |   Ep  90/300 | Tr loss=0.2322 mae=0.542 r2=0.523 pcc=0.733 | Vl loss=0.7870 mae=1.155 r2=-1.502 pcc=-0.676 | ES 89/100
  Ep  91/300 | Tr loss=0.2370 mae=0.543 r2=0.520 pcc=0.733 | Vl loss=0.8095 mae=1.179 r2=-1.606 pcc=-0.717 | ES 90/100
2026-05-24 10:02:25,388 | INFO |   Ep  91/300 | Tr loss=0.2370 mae=0.543 r2=0.520 pcc=0.733 | Vl loss=0.8095 mae=1.179 r2=-1.606 pcc=-0.717 | ES 90/100
  Ep  92/300 | Tr loss=0.2069 mae=0.499 r2=0.550 pcc=0.751 | Vl loss=0.8084 mae=1.179 r2=-1.598 pcc=-0.692 | ES 91/100
2026-05-24 10:02:27,064 | INFO |   Ep  92/300 | Tr loss=0.2069 mae=0.499 r2=0.550 pcc=0.751 | Vl loss=0.8084 mae=1.179 r2=-1.598 pcc=-0.692 | ES 91/100
  Ep  93/300 | Tr loss=0.2328 mae=0.540 r2=0.564 pcc=0.754 | Vl loss=0.7473 mae=1.119 r2=-1.320 pcc=-0.545 | ES 92/100
2026-05-24 10:02:28,695 | INFO |   Ep  93/300 | Tr loss=0.2328 mae=0.540 r2=0.564 pcc=0.754 | Vl loss=0.7473 mae=1.119 r2=-1.320 pcc=-0.545 | ES 92/100
  Ep  94/300 | Tr loss=0.2313 mae=0.540 r2=0.540 pcc=0.738 | Vl loss=0.7466 mae=1.118 r2=-1.316 pcc=-0.510 | ES 93/100
2026-05-24 10:02:30,354 | INFO |   Ep  94/300 | Tr loss=0.2313 mae=0.540 r2=0.540 pcc=0.738 | Vl loss=0.7466 mae=1.118 r2=-1.316 pcc=-0.510 | ES 93/100
  Ep  95/300 | Tr loss=0.2065 mae=0.515 r2=0.594 pcc=0.773 | Vl loss=0.7079 mae=1.078 r2=-1.157 pcc=-0.395 | ES 94/100
2026-05-24 10:02:31,998 | INFO |   Ep  95/300 | Tr loss=0.2065 mae=0.515 r2=0.594 pcc=0.773 | Vl loss=0.7079 mae=1.078 r2=-1.157 pcc=-0.395 | ES 94/100
  Ep  96/300 | Tr loss=0.2400 mae=0.555 r2=0.573 pcc=0.759 | Vl loss=0.7057 mae=1.074 r2=-1.150 pcc=-0.375 | ES 95/100
2026-05-24 10:02:33,629 | INFO |   Ep  96/300 | Tr loss=0.2400 mae=0.555 r2=0.573 pcc=0.759 | Vl loss=0.7057 mae=1.074 r2=-1.150 pcc=-0.375 | ES 95/100
  Ep  97/300 | Tr loss=0.2071 mae=0.511 r2=0.600 pcc=0.779 | Vl loss=0.7179 mae=1.085 r2=-1.199 pcc=-0.405 | ES 96/100
2026-05-24 10:02:35,259 | INFO |   Ep  97/300 | Tr loss=0.2071 mae=0.511 r2=0.600 pcc=0.779 | Vl loss=0.7179 mae=1.085 r2=-1.199 pcc=-0.405 | ES 96/100
  Ep  98/300 | Tr loss=0.2312 mae=0.543 r2=0.576 pcc=0.760 | Vl loss=0.7093 mae=1.078 r2=-1.166 pcc=-0.489 | ES 97/100
2026-05-24 10:02:36,891 | INFO |   Ep  98/300 | Tr loss=0.2312 mae=0.543 r2=0.576 pcc=0.760 | Vl loss=0.7093 mae=1.078 r2=-1.166 pcc=-0.489 | ES 97/100
  Ep  99/300 | Tr loss=0.2724 mae=0.570 r2=0.450 pcc=0.687 | Vl loss=0.7516 mae=1.120 r2=-1.341 pcc=-0.555 | ES 98/100
2026-05-24 10:02:38,521 | INFO |   Ep  99/300 | Tr loss=0.2724 mae=0.570 r2=0.450 pcc=0.687 | Vl loss=0.7516 mae=1.120 r2=-1.341 pcc=-0.555 | ES 98/100
  Ep 100/300 | Tr loss=0.2349 mae=0.537 r2=0.559 pcc=0.754 | Vl loss=0.7652 mae=1.135 r2=-1.398 pcc=-0.558 | ES 99/100
2026-05-24 10:02:40,148 | INFO |   Ep 100/300 | Tr loss=0.2349 mae=0.537 r2=0.559 pcc=0.754 | Vl loss=0.7652 mae=1.135 r2=-1.398 pcc=-0.558 | ES 99/100
  Ep 101/300 | Tr loss=0.2361 mae=0.535 r2=0.589 pcc=0.771 | Vl loss=0.7354 mae=1.106 r2=-1.267 pcc=-0.450 | ES 100/100
2026-05-24 10:02:41,784 | INFO |   Ep 101/300 | Tr loss=0.2361 mae=0.535 r2=0.589 pcc=0.771 | Vl loss=0.7354 mae=1.106 r2=-1.267 pcc=-0.450 | ES 100/100

  ⏹  Early stopping at epoch 101 (best=1)
2026-05-24 10:02:41,784 | INFO | Early stopping at epoch 101 best=1

✓ Training complete!

  ── Final Test Results (best epoch = 1) ──────────────────
  Loss : 0.1963
  RMSE : 0.5711
  MAE  : 0.4793
  R²   : 0.4662
  ✓ Saved → /mvdlph/masa/GCN_SingleView_Regression_Results/run_2026_05_24_09_59_31/plots/loss_curve.png
  ✓ Saved → /mvdlph/masa/GCN_SingleView_Regression_Results/run_2026_05_24_09_59_31/plots/rmse_mae.png
  ✓ Saved → /mvdlph/masa/GCN_SingleView_Regression_Results/run_2026_05_24_09_59_31/plots/r2_curve.png
  ✓ Saved → /mvdlph/masa/GCN_SingleView_Regression_Results/run_2026_05_24_09_59_31/plots/pcc_curve.png
  ✓ Saved → /mvdlph/masa/GCN_SingleView_Regression_Results/run_2026_05_24_09_59_31/plots/regression_scatter_test.png
  ✓ Saved → /mvdlph/masa/GCN_SingleView_Regression_Results/run_2026_05_24_09_59_31/plots/early_stopping.png
  ✓ History → /mvdlph/masa/GCN_SingleView_Regression_Results/run_2026_05_24_09_59_31/logs/training_history.json
============================================================
DIAGNOSTIC 1: Per-exercise skeleton variance (C0)
============================================================
  Exercise      X-var      Y-var      Z-var  Z/X ratio
-------------------------------------------------------
        E0     0.0457     0.0104     0.0719      1.575

============================================================
DIAGNOSTIC 2: Quality score distribution per split
============================================================
 Train: mean=3.765 std=0.985 min=1.34 max=4.74 | correct=206 erroneous=112
   Val: mean=3.561 std=0.901 min=2.28 max=4.68 | correct=59 erroneous=36
  Test: mean=3.645 std=0.784 min=2.30 max=4.75 | correct=78 erroneous=78
  ✓ History NPZ → /mvdlph/masa/GCN_SingleView_Regression_Results/run_2026_05_24_09_59_31/logs/training_history.npz
  ✓ Test predictions NPZ → /mvdlph/masa/GCN_SingleView_Regression_Results/run_2026_05_24_09_59_31/logs/test_predictions.npz
========================================================================
  Exercise         n      MAE     RMSE       R²      PCC
────────────────────────────────────────────────────────────────────────
  E0             156   0.4793   0.5711   0.4662   0.8613
────────────────────────────────────────────────────────────────────────
  Overall        156   0.4793   0.5711   0.4662   0.8613
========================================================================

  ✓ Per-exercise CSV → /mvdlph/masa/GCN_SingleView_Regression_Results/run_2026_05_24_09_59_31/logs/per_exercise_metrics.csv
  ✓ Per-exercise scatter grid → /mvdlph/masa/GCN_SingleView_Regression_Results/run_2026_05_24_09_59_31/plots/per_exercise_scatter.png
  ✓ Per-exercise bar chart → /mvdlph/masa/GCN_SingleView_Regression_Results/run_2026_05_24_09_59_31/plots/per_exercise_bar.png
  ✓ Per-exercise metrics NPZ → /mvdlph/masa/GCN_SingleView_Regression_Results/run_2026_05_24_09_59_31/logs/per_exercise_metrics.npz
============================================================
  TRAINING SUMMARY — ST-GCN Regression (Single View)
============================================================
  Best Epoch       : 1  (stopped at 101)
  Best Val MAE     : 0.5752
  Best Val RMSE    : 0.6448
  Best Val R²      : 0.4826
  Best Val PCC     : 0.8977
────────────────────────────────────────────────────────────
  Test MAE         : 0.4793
  Test RMSE        : 0.5711
  Test R²          : 0.4662
  Test PCC         : 0.8613
============================================================
2026-05-24 10:02:44,859 | INFO | Best Epoch=1  stopped_epoch=101
2026-05-24 10:02:44,860 | INFO | Test MAE=0.4793
2026-05-24 10:02:44,860 | INFO | Test RMSE=0.5711
2026-05-24 10:02:44,861 | INFO | Test R²=0.4662
2026-05-24 10:02:44,861 | INFO | Test PCC=0.8613

✓ Summary CSV (overall + per-exercise) → /mvdlph/masa/GCN_SingleView_Regression_Results/training_summary.csv
