✓ stdout → also writing to /mvdlph/masa/GCN_SingleView_Regression_Results/run_2026_06_06_18_17_24/logs/training_20260606_181724.log
2026-06-06 18:17:24,583 | INFO | ======================================================================
2026-06-06 18:17:24,584 | INFO | ST-GCN Single-View Regression | BZU Physiotherapy Dataset
2026-06-06 18:17:24,584 | INFO | Camera : CNone  |  Split : 70/15/15  |  Epochs : 300  |  Patience : 100
2026-06-06 18:17:24,585 | INFO | Log file : /mvdlph/masa/GCN_SingleView_Regression_Results/run_2026_06_06_18_17_24/logs/training_20260606_181724.log
2026-06-06 18:17:24,586 | INFO | ======================================================================
✓ parse_filename and load_skeleton defined

[TRAIN] NPZ files found : 9477
  Samples          : 9477
  Unique trials    : 327
  Quality mean±std : 4.127 ± 0.812
  Exercise dist    :
0     961
1     966
2     829
3     979
4     970
5     933
6     954
7     965
8     903
9    1017
  Samples (after camera filter) : 9477

[VALID] NPZ files found : 2790
  Samples          : 2790
  Unique trials    : 100
  Quality mean±std : 4.232 ± 0.741
  Exercise dist    :
0    326
1    316
2    295
3    298
4    322
5    312
6    302
7    304
8    181
9    134
  Samples (after camera filter) : 2790

[TEST] NPZ files found : 3108
  Samples          : 3108
  Unique trials    : 107
  Quality mean±std : 4.031 ± 0.777
  Exercise dist    :
0    465
1    326
2    258
3    319
4    287
5    321
6    314
7    319
8    317
9    182
  Samples (after camera filter) : 3108

Checking for corrupted files...
  [TRAIN] Removing 1 corrupted file(s)
  [TRAIN] Clean samples : 9476
  [VALID] Clean samples : 2790
  [TEST] Removing 2 corrupted file(s)
  [TEST] Clean samples : 3106

Excluding exercises...
  [TRAIN] Excluded E[1, 2, 3, 4, 5, 6, 7, 8, 9] → 8515 rows dropped, 961 remain
  [VALID] Excluded E[1, 2, 3, 4, 5, 6, 7, 8, 9] → 2464 rows dropped, 326 remain
  [TEST] Excluded E[1, 2, 3, 4, 5, 6, 7, 8, 9] → 2642 rows dropped, 464 remain

Applying segment-level camera completeness filter...
  build_single_view_df: 951 samples
  Per-exercise counts:
exercise
0    951
  Per-camera counts:
camera
0    317
1    317
2    317
  build_single_view_df: 285 samples
  Per-exercise counts:
exercise
0    285
  Per-camera counts:
camera
0    95
1    95
2    95
  build_single_view_df: 456 samples
  Per-exercise counts:
exercise
0    456
  Per-camera counts:
camera
0    152
1    152
2    152

  Exercise ID remap : {0: 0}
  Remaining exercises (remapped): [0]

✓ No data-leakage detected across splits

════════════════════════════════════════════════════════════════════
  Split     Samples   Correct   Erroneous   Q mean   Q std   Q min   Q max
  ──────────────────────────────────────────────────────────────────
  Train         951       618         333    3.766   0.985   1.340   4.740
  Val           285       177         108    3.561   0.898   2.280   4.680
  Test          456       234         222    3.659   0.786   2.300   4.750
════════════════════════════════════════════════════════════════════

✓ Pre-split index ready  →  train / val / test DataFrames built
0    564
1    564
2    564
Name: camera, dtype: int64

الكاميرات الموجودة: [0, 1, 2]
camera      0    1    2
exercise               
0         564  564  564
E0: correct=3 trials, erroneous=4 trials

==================================================
  Train
==================================================
            mean     var  count
exercise                       
0         3.7663  0.9702    951

==================================================
  Val
==================================================
            mean     var  count
exercise                       
0         3.5606  0.8065    285

==================================================
  Test
==================================================
            mean     var  count
exercise                       
0         3.6595  0.6172    456

============================================================
  All Splits Combined
============================================================
                  mean     var  count
split exercise                       
Test  0         3.6595  0.6172    456
Train 0         3.7663  0.9702    951
Val   0         3.5606  0.8065    285
Frame length distribution (sample of 500 files):
  min    = 30
  max    = 155
  mean   = 73.4
  median = 71.0
  std    = 21.6

Percentiles:
   25th = 58
   50th = 71
   75th = 86
   90th = 102
   95th = 111
   99th = 143

Value counts (top 10):
    81 frames →   16 files (3.2%)
    75 frames →   15 files (3.0%)
    60 frames →   14 files (2.8%)
    54 frames →   14 files (2.8%)
    78 frames →   13 files (2.6%)
    66 frames →   13 files (2.6%)
    99 frames →   11 files (2.2%)
    50 frames →   11 files (2.2%)
    71 frames →   10 files (2.0%)
    68 frames →   10 files (2.0%)
✓ Skeleton visualisation helpers defined
person                                                     P0
exercise                                                    0
trial_id                                                   T0
segment                                                     3
filepath    /mvdlph/Dataset_CVDLPT_Videos_Segments_P0P15_M...
Name: 10, dtype: object
Skeleton shape : (69, 17, 3)
X range : [-0.369, 0.592]
Y range : [-0.193, 0.198]
Z range : [0.000, 0.994]
  ✓ Skeleton plot saved → /mvdlph/masa/GCN_SingleView_Regression_Results/run_2026_06_06_18_17_24/plots/sample_skeleton_3views.png
  ✓ Motion frames saved → /mvdlph/masa/GCN_SingleView_Regression_Results/run_2026_06_06_18_17_24/plots/sample_skeleton_motion.png
Axis ranges across all frames:
X: [-0.369, 0.592] — likely left/right
Y: [-0.193, 0.198] — likely ???
Z: [0.000, 0.994] — likely height

Hip  mean XYZ: [0.        0.        0.3254625]
Head mean XYZ: [-0.14416653 -0.18327415  0.967887  ]

Difference (head - hip): [-0.14416653 -0.18327415  0.64242446]

Camera 0:
  Hip  XYZ: [0.    0.    0.324]
  Head XYZ: [-0.144 -0.183  0.968]
  X range: [-0.37, 0.59]
  Z range: [0.00, 0.99]

Camera 1:
  Hip  XYZ: [0.    0.    0.321]
  Head XYZ: [-0.143 -0.184  0.967]
  X range: [-0.37, 0.59]
  Z range: [0.00, 0.99]

Camera 2:
  Hip  XYZ: [0.    0.    0.316]
  Head XYZ: [-0.142 -0.185  0.966]
  X range: [-0.37, 0.59]
  Z range: [0.00, 0.99]
✓ BZUDataset defined (regression only)
Joint distances from Hip (body center):
  Joint  0 (Hip         ) distance=0  
  Joint  1 (R-Hip       ) distance=1  ─
  Joint  2 (R-Knee      ) distance=2  ──
  Joint  3 (R-Ankle     ) distance=3  ───
  Joint  4 (L-Hip       ) distance=1  ─
  Joint  5 (L-Knee      ) distance=2  ──
  Joint  6 (L-Ankle     ) distance=3  ───
  Joint  7 (Spine       ) distance=1  ─
  Joint  8 (Thorax      ) distance=2  ──
  Joint  9 (Neck        ) distance=3  ───
  Joint 10 (Head        ) distance=4  ────
  Joint 11 (L-Shoulder  ) distance=3  ───
  Joint 12 (L-Elbow     ) distance=4  ────
  Joint 13 (L-Wrist     ) distance=5  ─────
  Joint 14 (R-Shoulder  ) distance=3  ───
  Joint 15 (R-Elbow     ) distance=4  ────
  Joint 16 (R-Wrist     ) distance=5  ─────

✓ True ST-GCN sanity check passed — output shape: torch.Size([2])
✓ Total trainable parameters: 3,069,032
✓ STGCN_Regression (True ST-GCN, Yan et al. AAAI 2018) defined
Device : cuda
GPU    : Tesla V100-PCIE-32GB
✓ centre_and_scale and run_epoch (regression) defined
=================================================================
Quality score distribution audit
=================================================================
  ✓ Saved → /mvdlph/masa/GCN_SingleView_Regression_Results/run_2026_06_06_18_17_24/plots/split_quality_distributions.png

Split    Type              n    mean     std    min    25%    50%    75%    max
----------------------------------------------------------------------
Train    Correct (T≤2)    618   4.396   0.253   3.78   4.26   4.42   4.58   4.74
Train    Erroneous (T≥3)    333   2.597   0.739   1.34   2.00   2.44   2.94   3.88

Val      Correct (T≤2)    177   4.211   0.401   3.56   3.82   4.28   4.64   4.68
Val      Erroneous (T≥3)    108   2.495   0.175   2.28   2.35   2.49   2.63   2.72

Test     Correct (T≤2)    234   4.323   0.399   3.58   4.10   4.58   4.70   4.75
Test     Erroneous (T≥3)    222   2.960   0.381   2.30   2.80   3.01   3.34   3.44

=================================================================
Person distribution across splits
=================================================================
  Train : ['P0', 'P10', 'P14', 'P15', 'P2', 'P3', 'P4', 'P5', 'P7']
  Val   : ['P1', 'P11', 'P6']
  Test  : ['P12', 'P13', 'P8', 'P9']

Per-person quality mean per split:

  Train:
         mean    std  count
person                     
P0      4.262  0.085     90
P10     2.408  0.859    147
P14     3.184  0.954    135
P15     3.137  0.654    135
P2      4.733  0.009     90
P3      4.413  0.025     90
P4      4.473  0.078     90
P5      4.247  0.038     90
P7      4.559  0.066     84

  Val:
         mean    std  count
person                     
P1      4.660  0.020     60
P11     2.708  0.455    135
P6      4.107  0.205     90

  Test:
         mean    std  count
person                     
P12     2.939  0.505    138
P13     3.290  0.356    138
P8      4.653  0.053     90
P9      4.337  0.295     90

=================================================================
Exercise balance across splits
=================================================================
    Train  Val  Test  Train%   Val%  Test%
E0    951  285   456   100.0  100.0  100.0
✓ Plotting helpers (regression) defined
✓ EarlyStopping defined (monitoring MAE)
2026-06-06 18:17:55,430 | INFO | ======================================================================
2026-06-06 18:17:55,431 | INFO | STARTING REGRESSION TRAINING  (with Early Stopping on MAE)
2026-06-06 18:17:55,431 | INFO | ======================================================================
2026-06-06 18:17:55,432 | INFO | train=951 val=285 test=456

════════════════════════════════════════════════════════════════════
  Camera CNone  |  Train: 951  Val: 285  Test: 456
  Patience: 100  |  LR: 1e-4  |  Batch: 48
════════════════════════════════════════════════════════════════════
  Ep   1/300 | Tr loss=0.5291 mae=0.915 r2=-0.196 pcc=0.507 | Vl loss=1.4917 mae=1.982 r2=-4.869 pcc=0.421 | ES 0/100 ★
2026-06-06 18:18:01,590 | INFO |   Ep   1/300 | Tr loss=0.5291 mae=0.915 r2=-0.196 pcc=0.507 | Vl loss=1.4917 mae=1.982 r2=-4.869 pcc=0.421 | ES 0/100 ★
    ★ val_mae=1.9822  rmse=2.1717  r2=-4.8689  pcc=0.4206
  Ep   2/300 | Tr loss=0.3917 mae=0.757 r2=0.226 pcc=0.658 | Vl loss=0.8673 mae=1.241 r2=-1.859 pcc=0.042 | ES 0/100 ★
2026-06-06 18:18:06,600 | INFO |   Ep   2/300 | Tr loss=0.3917 mae=0.757 r2=0.226 pcc=0.658 | Vl loss=0.8673 mae=1.241 r2=-1.859 pcc=0.042 | ES 0/100 ★
    ★ val_mae=1.2413  rmse=1.5159  r2=-1.8593  pcc=0.0422
  Ep   3/300 | Tr loss=0.3647 mae=0.725 r2=0.260 pcc=0.641 | Vl loss=0.8045 mae=1.175 r2=-1.588 pcc=0.023 | ES 0/100 ★
2026-06-06 18:18:11,612 | INFO |   Ep   3/300 | Tr loss=0.3647 mae=0.725 r2=0.260 pcc=0.641 | Vl loss=0.8045 mae=1.175 r2=-1.588 pcc=0.023 | ES 0/100 ★
    ★ val_mae=1.1748  rmse=1.4421  r2=-1.5877  pcc=0.0226
  Ep   4/300 | Tr loss=0.3155 mae=0.673 r2=0.381 pcc=0.703 | Vl loss=0.6606 mae=1.034 r2=-0.984 pcc=0.465 | ES 0/100 ★
2026-06-06 18:18:16,708 | INFO |   Ep   4/300 | Tr loss=0.3155 mae=0.673 r2=0.381 pcc=0.703 | Vl loss=0.6606 mae=1.034 r2=-0.984 pcc=0.465 | ES 0/100 ★
    ★ val_mae=1.0343  rmse=1.2626  r2=-0.9836  pcc=0.4651
  Ep   5/300 | Tr loss=0.2911 mae=0.645 r2=0.457 pcc=0.739 | Vl loss=0.6172 mae=0.995 r2=-0.812 pcc=0.702 | ES 0/100 ★
2026-06-06 18:18:21,815 | INFO |   Ep   5/300 | Tr loss=0.2911 mae=0.645 r2=0.457 pcc=0.739 | Vl loss=0.6172 mae=0.995 r2=-0.812 pcc=0.702 | ES 0/100 ★
    ★ val_mae=0.9953  rmse=1.2068  r2=-0.8121  pcc=0.7021
  Ep   6/300 | Tr loss=0.3217 mae=0.674 r2=0.397 pcc=0.689 | Vl loss=0.6408 mae=1.008 r2=-0.935 pcc=0.579 | ES 1/100
2026-06-06 18:18:26,847 | INFO |   Ep   6/300 | Tr loss=0.3217 mae=0.674 r2=0.397 pcc=0.689 | Vl loss=0.6408 mae=1.008 r2=-0.935 pcc=0.579 | ES 1/100
  Ep   7/300 | Tr loss=0.2800 mae=0.623 r2=0.465 pcc=0.723 | Vl loss=0.6298 mae=0.996 r2=-0.878 pcc=0.724 | ES 2/100
2026-06-06 18:18:31,851 | INFO |   Ep   7/300 | Tr loss=0.2800 mae=0.623 r2=0.465 pcc=0.723 | Vl loss=0.6298 mae=0.996 r2=-0.878 pcc=0.724 | ES 2/100
  Ep   8/300 | Tr loss=0.2908 mae=0.631 r2=0.438 pcc=0.705 | Vl loss=0.6668 mae=1.052 r2=-1.010 pcc=-0.268 | ES 3/100
2026-06-06 18:18:36,884 | INFO |   Ep   8/300 | Tr loss=0.2908 mae=0.631 r2=0.438 pcc=0.705 | Vl loss=0.6668 mae=1.052 r2=-1.010 pcc=-0.268 | ES 3/100
  Ep   9/300 | Tr loss=0.3089 mae=0.656 r2=0.374 pcc=0.652 | Vl loss=0.6262 mae=1.015 r2=-0.850 pcc=0.025 | ES 4/100
2026-06-06 18:18:41,902 | INFO |   Ep   9/300 | Tr loss=0.3089 mae=0.656 r2=0.374 pcc=0.652 | Vl loss=0.6262 mae=1.015 r2=-0.850 pcc=0.025 | ES 4/100
  Ep  10/300 | Tr loss=0.2497 mae=0.573 r2=0.520 pcc=0.750 | Vl loss=0.7009 mae=1.081 r2=-1.146 pcc=-0.272 | ES 5/100
2026-06-06 18:18:46,909 | INFO |   Ep  10/300 | Tr loss=0.2497 mae=0.573 r2=0.520 pcc=0.750 | Vl loss=0.7009 mae=1.081 r2=-1.146 pcc=-0.272 | ES 5/100
  Ep  11/300 | Tr loss=0.2517 mae=0.574 r2=0.513 pcc=0.738 | Vl loss=0.5772 mae=0.978 r2=-0.668 pcc=0.153 | ES 0/100 ★
2026-06-06 18:18:51,903 | INFO |   Ep  11/300 | Tr loss=0.2517 mae=0.574 r2=0.513 pcc=0.738 | Vl loss=0.5772 mae=0.978 r2=-0.668 pcc=0.153 | ES 0/100 ★
    ★ val_mae=0.9777  rmse=1.1577  r2=-0.6679  pcc=0.1534
  Ep  12/300 | Tr loss=0.2554 mae=0.584 r2=0.499 pcc=0.729 | Vl loss=0.6216 mae=1.007 r2=-0.824 pcc=0.169 | ES 1/100
2026-06-06 18:18:57,013 | INFO |   Ep  12/300 | Tr loss=0.2554 mae=0.584 r2=0.499 pcc=0.729 | Vl loss=0.6216 mae=1.007 r2=-0.824 pcc=0.169 | ES 1/100
  Ep  13/300 | Tr loss=0.2467 mae=0.572 r2=0.520 pcc=0.746 | Vl loss=0.5661 mae=0.955 r2=-0.640 pcc=0.529 | ES 0/100 ★
2026-06-06 18:19:02,024 | INFO |   Ep  13/300 | Tr loss=0.2467 mae=0.572 r2=0.520 pcc=0.746 | Vl loss=0.5661 mae=0.955 r2=-0.640 pcc=0.529 | ES 0/100 ★
    ★ val_mae=0.9546  rmse=1.1480  r2=-0.6399  pcc=0.5289
  Ep  14/300 | Tr loss=0.2594 mae=0.587 r2=0.508 pcc=0.733 | Vl loss=0.6146 mae=0.993 r2=-0.805 pcc=0.612 | ES 1/100
2026-06-06 18:19:07,181 | INFO |   Ep  14/300 | Tr loss=0.2594 mae=0.587 r2=0.508 pcc=0.733 | Vl loss=0.6146 mae=0.993 r2=-0.805 pcc=0.612 | ES 1/100
  Ep  15/300 | Tr loss=0.2807 mae=0.613 r2=0.464 pcc=0.707 | Vl loss=0.5727 mae=0.953 r2=-0.653 pcc=0.768 | ES 0/100 ★
2026-06-06 18:19:12,184 | INFO |   Ep  15/300 | Tr loss=0.2807 mae=0.613 r2=0.464 pcc=0.707 | Vl loss=0.5727 mae=0.953 r2=-0.653 pcc=0.768 | ES 0/100 ★
    ★ val_mae=0.9531  rmse=1.1525  r2=-0.6527  pcc=0.7681
  Ep  16/300 | Tr loss=0.2723 mae=0.605 r2=0.497 pcc=0.717 | Vl loss=0.5942 mae=0.964 r2=-0.743 pcc=0.733 | ES 1/100
2026-06-06 18:19:17,349 | INFO |   Ep  16/300 | Tr loss=0.2723 mae=0.605 r2=0.497 pcc=0.717 | Vl loss=0.5942 mae=0.964 r2=-0.743 pcc=0.733 | ES 1/100
  Ep  17/300 | Tr loss=0.2419 mae=0.558 r2=0.536 pcc=0.749 | Vl loss=0.6655 mae=1.033 r2=-1.005 pcc=0.818 | ES 2/100
2026-06-06 18:19:22,350 | INFO |   Ep  17/300 | Tr loss=0.2419 mae=0.558 r2=0.536 pcc=0.749 | Vl loss=0.6655 mae=1.033 r2=-1.005 pcc=0.818 | ES 2/100
  Ep  18/300 | Tr loss=0.2643 mae=0.594 r2=0.487 pcc=0.711 | Vl loss=0.6191 mae=0.989 r2=-0.839 pcc=0.647 | ES 3/100
2026-06-06 18:19:27,369 | INFO |   Ep  18/300 | Tr loss=0.2643 mae=0.594 r2=0.487 pcc=0.711 | Vl loss=0.6191 mae=0.989 r2=-0.839 pcc=0.647 | ES 3/100
  Ep  19/300 | Tr loss=0.2499 mae=0.575 r2=0.516 pcc=0.733 | Vl loss=0.6248 mae=1.001 r2=-0.849 pcc=0.544 | ES 4/100
2026-06-06 18:19:32,379 | INFO |   Ep  19/300 | Tr loss=0.2499 mae=0.575 r2=0.516 pcc=0.733 | Vl loss=0.6248 mae=1.001 r2=-0.849 pcc=0.544 | ES 4/100
  Ep  20/300 | Tr loss=0.2598 mae=0.589 r2=0.512 pcc=0.723 | Vl loss=0.5700 mae=0.944 r2=-0.654 pcc=0.750 | ES 0/100 ★
2026-06-06 18:19:37,416 | INFO |   Ep  20/300 | Tr loss=0.2598 mae=0.589 r2=0.512 pcc=0.723 | Vl loss=0.5700 mae=0.944 r2=-0.654 pcc=0.750 | ES 0/100 ★
    ★ val_mae=0.9436  rmse=1.1528  r2=-0.6536  pcc=0.7499
  Ep  21/300 | Tr loss=0.2537 mae=0.572 r2=0.525 pcc=0.736 | Vl loss=0.6174 mae=0.990 r2=-0.826 pcc=0.667 | ES 1/100
2026-06-06 18:19:42,485 | INFO |   Ep  21/300 | Tr loss=0.2537 mae=0.572 r2=0.525 pcc=0.736 | Vl loss=0.6174 mae=0.990 r2=-0.826 pcc=0.667 | ES 1/100
  Ep  22/300 | Tr loss=0.2517 mae=0.572 r2=0.488 pcc=0.712 | Vl loss=0.4756 mae=0.853 r2=-0.330 pcc=0.699 | ES 0/100 ★
2026-06-06 18:19:47,582 | INFO |   Ep  22/300 | Tr loss=0.2517 mae=0.572 r2=0.488 pcc=0.712 | Vl loss=0.4756 mae=0.853 r2=-0.330 pcc=0.699 | ES 0/100 ★
    ★ val_mae=0.8532  rmse=1.0339  r2=-0.3301  pcc=0.6988
  Ep  23/300 | Tr loss=0.2325 mae=0.548 r2=0.536 pcc=0.741 | Vl loss=0.5977 mae=0.975 r2=-0.745 pcc=0.628 | ES 1/100
2026-06-06 18:19:52,574 | INFO |   Ep  23/300 | Tr loss=0.2325 mae=0.548 r2=0.536 pcc=0.741 | Vl loss=0.5977 mae=0.975 r2=-0.745 pcc=0.628 | ES 1/100
  Ep  24/300 | Tr loss=0.2506 mae=0.563 r2=0.534 pcc=0.741 | Vl loss=0.6060 mae=0.983 r2=-0.771 pcc=0.703 | ES 2/100
2026-06-06 18:19:57,786 | INFO |   Ep  24/300 | Tr loss=0.2506 mae=0.563 r2=0.534 pcc=0.741 | Vl loss=0.6060 mae=0.983 r2=-0.771 pcc=0.703 | ES 2/100
  Ep  25/300 | Tr loss=0.2553 mae=0.575 r2=0.510 pcc=0.723 | Vl loss=0.5839 mae=0.957 r2=-0.686 pcc=0.826 | ES 3/100
2026-06-06 18:20:02,822 | INFO |   Ep  25/300 | Tr loss=0.2553 mae=0.575 r2=0.510 pcc=0.723 | Vl loss=0.5839 mae=0.957 r2=-0.686 pcc=0.826 | ES 3/100
  Ep  26/300 | Tr loss=0.2488 mae=0.568 r2=0.530 pcc=0.738 | Vl loss=0.5859 mae=0.967 r2=-0.696 pcc=0.628 | ES 4/100
2026-06-06 18:20:07,953 | INFO |   Ep  26/300 | Tr loss=0.2488 mae=0.568 r2=0.530 pcc=0.738 | Vl loss=0.5859 mae=0.967 r2=-0.696 pcc=0.628 | ES 4/100
  Ep  27/300 | Tr loss=0.2542 mae=0.575 r2=0.530 pcc=0.737 | Vl loss=0.5858 mae=0.980 r2=-0.687 pcc=0.491 | ES 5/100
2026-06-06 18:20:12,987 | INFO |   Ep  27/300 | Tr loss=0.2542 mae=0.575 r2=0.530 pcc=0.737 | Vl loss=0.5858 mae=0.980 r2=-0.687 pcc=0.491 | ES 5/100
  Ep  28/300 | Tr loss=0.2391 mae=0.564 r2=0.531 pcc=0.740 | Vl loss=0.5733 mae=0.962 r2=-0.645 pcc=0.584 | ES 6/100
2026-06-06 18:20:18,051 | INFO |   Ep  28/300 | Tr loss=0.2391 mae=0.564 r2=0.531 pcc=0.740 | Vl loss=0.5733 mae=0.962 r2=-0.645 pcc=0.584 | ES 6/100
  Ep  29/300 | Tr loss=0.2251 mae=0.535 r2=0.561 pcc=0.755 | Vl loss=0.6081 mae=0.991 r2=-0.780 pcc=0.573 | ES 7/100
2026-06-06 18:20:23,112 | INFO |   Ep  29/300 | Tr loss=0.2251 mae=0.535 r2=0.561 pcc=0.755 | Vl loss=0.6081 mae=0.991 r2=-0.780 pcc=0.573 | ES 7/100
  Ep  30/300 | Tr loss=0.2509 mae=0.571 r2=0.526 pcc=0.734 | Vl loss=0.6151 mae=0.992 r2=-0.806 pcc=0.646 | ES 8/100
2026-06-06 18:20:28,102 | INFO |   Ep  30/300 | Tr loss=0.2509 mae=0.571 r2=0.526 pcc=0.734 | Vl loss=0.6151 mae=0.992 r2=-0.806 pcc=0.646 | ES 8/100
  Ep  31/300 | Tr loss=0.2560 mae=0.576 r2=0.492 pcc=0.707 | Vl loss=0.5361 mae=0.912 r2=-0.534 pcc=0.721 | ES 9/100
2026-06-06 18:20:33,101 | INFO |   Ep  31/300 | Tr loss=0.2560 mae=0.576 r2=0.492 pcc=0.707 | Vl loss=0.5361 mae=0.912 r2=-0.534 pcc=0.721 | ES 9/100
  Ep  32/300 | Tr loss=0.2371 mae=0.552 r2=0.523 pcc=0.736 | Vl loss=0.6395 mae=1.016 r2=-0.892 pcc=0.624 | ES 10/100
2026-06-06 18:20:38,096 | INFO |   Ep  32/300 | Tr loss=0.2371 mae=0.552 r2=0.523 pcc=0.736 | Vl loss=0.6395 mae=1.016 r2=-0.892 pcc=0.624 | ES 10/100
  Ep  33/300 | Tr loss=0.2421 mae=0.555 r2=0.563 pcc=0.753 | Vl loss=0.5955 mae=0.975 r2=-0.731 pcc=0.741 | ES 11/100
2026-06-06 18:20:43,204 | INFO |   Ep  33/300 | Tr loss=0.2421 mae=0.555 r2=0.563 pcc=0.753 | Vl loss=0.5955 mae=0.975 r2=-0.731 pcc=0.741 | ES 11/100
  Ep  34/300 | Tr loss=0.2483 mae=0.561 r2=0.507 pcc=0.727 | Vl loss=0.5348 mae=0.920 r2=-0.516 pcc=0.717 | ES 12/100
2026-06-06 18:20:48,358 | INFO |   Ep  34/300 | Tr loss=0.2483 mae=0.561 r2=0.507 pcc=0.727 | Vl loss=0.5348 mae=0.920 r2=-0.516 pcc=0.717 | ES 12/100
  Ep  35/300 | Tr loss=0.2313 mae=0.541 r2=0.560 pcc=0.751 | Vl loss=0.6340 mae=1.018 r2=-0.860 pcc=0.615 | ES 13/100
2026-06-06 18:20:53,417 | INFO |   Ep  35/300 | Tr loss=0.2313 mae=0.541 r2=0.560 pcc=0.751 | Vl loss=0.6340 mae=1.018 r2=-0.860 pcc=0.615 | ES 13/100
  Ep  36/300 | Tr loss=0.2394 mae=0.553 r2=0.542 pcc=0.742 | Vl loss=0.6155 mae=0.997 r2=-0.806 pcc=0.686 | ES 14/100
2026-06-06 18:20:58,402 | INFO |   Ep  36/300 | Tr loss=0.2394 mae=0.553 r2=0.542 pcc=0.742 | Vl loss=0.6155 mae=0.997 r2=-0.806 pcc=0.686 | ES 14/100
  Ep  37/300 | Tr loss=0.2304 mae=0.540 r2=0.553 pcc=0.753 | Vl loss=0.6222 mae=1.005 r2=-0.826 pcc=0.682 | ES 15/100
2026-06-06 18:21:03,397 | INFO |   Ep  37/300 | Tr loss=0.2304 mae=0.540 r2=0.553 pcc=0.753 | Vl loss=0.6222 mae=1.005 r2=-0.826 pcc=0.682 | ES 15/100
  Ep  38/300 | Tr loss=0.2291 mae=0.540 r2=0.574 pcc=0.760 | Vl loss=0.6303 mae=1.010 r2=-0.856 pcc=0.595 | ES 16/100
2026-06-06 18:21:08,408 | INFO |   Ep  38/300 | Tr loss=0.2291 mae=0.540 r2=0.574 pcc=0.760 | Vl loss=0.6303 mae=1.010 r2=-0.856 pcc=0.595 | ES 16/100
  Ep  39/300 | Tr loss=0.2669 mae=0.584 r2=0.486 pcc=0.707 | Vl loss=0.6567 mae=1.043 r2=-0.949 pcc=0.669 | ES 17/100
2026-06-06 18:21:13,409 | INFO |   Ep  39/300 | Tr loss=0.2669 mae=0.584 r2=0.486 pcc=0.707 | Vl loss=0.6567 mae=1.043 r2=-0.949 pcc=0.669 | ES 17/100
  Ep  40/300 | Tr loss=0.2478 mae=0.566 r2=0.526 pcc=0.732 | Vl loss=0.6288 mae=1.018 r2=-0.839 pcc=0.784 | ES 18/100
2026-06-06 18:21:18,447 | INFO |   Ep  40/300 | Tr loss=0.2478 mae=0.566 r2=0.526 pcc=0.732 | Vl loss=0.6288 mae=1.018 r2=-0.839 pcc=0.784 | ES 18/100
  Ep  41/300 | Tr loss=0.2373 mae=0.546 r2=0.541 pcc=0.741 | Vl loss=0.6248 mae=1.007 r2=-0.840 pcc=0.688 | ES 19/100
2026-06-06 18:21:23,459 | INFO |   Ep  41/300 | Tr loss=0.2373 mae=0.546 r2=0.541 pcc=0.741 | Vl loss=0.6248 mae=1.007 r2=-0.840 pcc=0.688 | ES 19/100
  Ep  42/300 | Tr loss=0.2358 mae=0.541 r2=0.552 pcc=0.746 | Vl loss=0.6864 mae=1.066 r2=-1.065 pcc=0.656 | ES 20/100
2026-06-06 18:21:28,476 | INFO |   Ep  42/300 | Tr loss=0.2358 mae=0.541 r2=0.552 pcc=0.746 | Vl loss=0.6864 mae=1.066 r2=-1.065 pcc=0.656 | ES 20/100
  Ep  43/300 | Tr loss=0.2455 mae=0.565 r2=0.536 pcc=0.738 | Vl loss=0.6630 mae=1.052 r2=-0.952 pcc=0.749 | ES 21/100
2026-06-06 18:21:33,480 | INFO |   Ep  43/300 | Tr loss=0.2455 mae=0.565 r2=0.536 pcc=0.738 | Vl loss=0.6630 mae=1.052 r2=-0.952 pcc=0.749 | ES 21/100
  Ep  44/300 | Tr loss=0.2309 mae=0.534 r2=0.568 pcc=0.758 | Vl loss=0.6486 mae=1.038 r2=-0.906 pcc=0.613 | ES 22/100
2026-06-06 18:21:38,519 | INFO |   Ep  44/300 | Tr loss=0.2309 mae=0.534 r2=0.568 pcc=0.758 | Vl loss=0.6486 mae=1.038 r2=-0.906 pcc=0.613 | ES 22/100
  Ep  45/300 | Tr loss=0.2223 mae=0.523 r2=0.577 pcc=0.762 | Vl loss=0.6726 mae=1.062 r2=-0.993 pcc=0.653 | ES 23/100
2026-06-06 18:21:43,538 | INFO |   Ep  45/300 | Tr loss=0.2223 mae=0.523 r2=0.577 pcc=0.762 | Vl loss=0.6726 mae=1.062 r2=-0.993 pcc=0.653 | ES 23/100
  Ep  46/300 | Tr loss=0.2192 mae=0.520 r2=0.584 pcc=0.767 | Vl loss=0.6861 mae=1.073 r2=-1.048 pcc=0.775 | ES 24/100
2026-06-06 18:21:48,594 | INFO |   Ep  46/300 | Tr loss=0.2192 mae=0.520 r2=0.584 pcc=0.767 | Vl loss=0.6861 mae=1.073 r2=-1.048 pcc=0.775 | ES 24/100
  Ep  47/300 | Tr loss=0.2351 mae=0.542 r2=0.547 pcc=0.747 | Vl loss=0.6153 mae=0.999 r2=-0.795 pcc=0.724 | ES 25/100
2026-06-06 18:21:53,682 | INFO |   Ep  47/300 | Tr loss=0.2351 mae=0.542 r2=0.547 pcc=0.747 | Vl loss=0.6153 mae=0.999 r2=-0.795 pcc=0.724 | ES 25/100
  Ep  48/300 | Tr loss=0.2513 mae=0.570 r2=0.509 pcc=0.718 | Vl loss=0.6160 mae=0.999 r2=-0.799 pcc=0.690 | ES 26/100
2026-06-06 18:21:58,729 | INFO |   Ep  48/300 | Tr loss=0.2513 mae=0.570 r2=0.509 pcc=0.718 | Vl loss=0.6160 mae=0.999 r2=-0.799 pcc=0.690 | ES 26/100
  Ep  49/300 | Tr loss=0.2379 mae=0.543 r2=0.562 pcc=0.753 | Vl loss=0.7233 mae=1.111 r2=-1.195 pcc=0.624 | ES 27/100
2026-06-06 18:22:03,800 | INFO |   Ep  49/300 | Tr loss=0.2379 mae=0.543 r2=0.562 pcc=0.753 | Vl loss=0.7233 mae=1.111 r2=-1.195 pcc=0.624 | ES 27/100
  Ep  50/300 | Tr loss=0.2396 mae=0.544 r2=0.535 pcc=0.737 | Vl loss=0.7232 mae=1.116 r2=-1.183 pcc=0.653 | ES 28/100
2026-06-06 18:22:08,836 | INFO |   Ep  50/300 | Tr loss=0.2396 mae=0.544 r2=0.535 pcc=0.737 | Vl loss=0.7232 mae=1.116 r2=-1.183 pcc=0.653 | ES 28/100
  Ep  51/300 | Tr loss=0.2159 mae=0.517 r2=0.564 pcc=0.755 | Vl loss=0.6924 mae=1.087 r2=-1.064 pcc=0.635 | ES 29/100
2026-06-06 18:22:13,826 | INFO |   Ep  51/300 | Tr loss=0.2159 mae=0.517 r2=0.564 pcc=0.755 | Vl loss=0.6924 mae=1.087 r2=-1.064 pcc=0.635 | ES 29/100
  Ep  52/300 | Tr loss=0.2319 mae=0.538 r2=0.542 pcc=0.740 | Vl loss=0.7170 mae=1.118 r2=-1.146 pcc=0.677 | ES 30/100
2026-06-06 18:22:18,867 | INFO |   Ep  52/300 | Tr loss=0.2319 mae=0.538 r2=0.542 pcc=0.740 | Vl loss=0.7170 mae=1.118 r2=-1.146 pcc=0.677 | ES 30/100
  Ep  53/300 | Tr loss=0.2444 mae=0.559 r2=0.529 pcc=0.730 | Vl loss=0.7152 mae=1.121 r2=-1.127 pcc=0.630 | ES 31/100
2026-06-06 18:22:23,884 | INFO |   Ep  53/300 | Tr loss=0.2444 mae=0.559 r2=0.529 pcc=0.730 | Vl loss=0.7152 mae=1.121 r2=-1.127 pcc=0.630 | ES 31/100
  Ep  54/300 | Tr loss=0.2331 mae=0.539 r2=0.558 pcc=0.751 | Vl loss=0.7227 mae=1.118 r2=-1.185 pcc=0.639 | ES 32/100
2026-06-06 18:22:28,980 | INFO |   Ep  54/300 | Tr loss=0.2331 mae=0.539 r2=0.558 pcc=0.751 | Vl loss=0.7227 mae=1.118 r2=-1.185 pcc=0.639 | ES 32/100
  Ep  55/300 | Tr loss=0.2366 mae=0.535 r2=0.546 pcc=0.743 | Vl loss=0.6147 mae=1.014 r2=-0.780 pcc=0.649 | ES 33/100
2026-06-06 18:22:34,075 | INFO |   Ep  55/300 | Tr loss=0.2366 mae=0.535 r2=0.546 pcc=0.743 | Vl loss=0.6147 mae=1.014 r2=-0.780 pcc=0.649 | ES 33/100
  Ep  56/300 | Tr loss=0.2359 mae=0.544 r2=0.559 pcc=0.753 | Vl loss=0.6874 mae=1.076 r2=-1.056 pcc=0.640 | ES 34/100
2026-06-06 18:22:39,110 | INFO |   Ep  56/300 | Tr loss=0.2359 mae=0.544 r2=0.559 pcc=0.753 | Vl loss=0.6874 mae=1.076 r2=-1.056 pcc=0.640 | ES 34/100
  Ep  57/300 | Tr loss=0.2273 mae=0.529 r2=0.553 pcc=0.748 | Vl loss=0.6898 mae=1.086 r2=-1.057 pcc=0.552 | ES 35/100
2026-06-06 18:22:44,134 | INFO |   Ep  57/300 | Tr loss=0.2273 mae=0.529 r2=0.553 pcc=0.748 | Vl loss=0.6898 mae=1.086 r2=-1.057 pcc=0.552 | ES 35/100
  Ep  58/300 | Tr loss=0.2118 mae=0.498 r2=0.611 pcc=0.782 | Vl loss=0.6917 mae=1.090 r2=-1.059 pcc=0.541 | ES 36/100
2026-06-06 18:22:49,201 | INFO |   Ep  58/300 | Tr loss=0.2118 mae=0.498 r2=0.611 pcc=0.782 | Vl loss=0.6917 mae=1.090 r2=-1.059 pcc=0.541 | ES 36/100
  Ep  59/300 | Tr loss=0.2386 mae=0.549 r2=0.540 pcc=0.737 | Vl loss=0.7216 mae=1.121 r2=-1.180 pcc=0.572 | ES 37/100
2026-06-06 18:22:54,190 | INFO |   Ep  59/300 | Tr loss=0.2386 mae=0.549 r2=0.540 pcc=0.737 | Vl loss=0.7216 mae=1.121 r2=-1.180 pcc=0.572 | ES 37/100
  Ep  60/300 | Tr loss=0.2328 mae=0.533 r2=0.580 pcc=0.763 | Vl loss=0.7317 mae=1.121 r2=-1.229 pcc=0.601 | ES 38/100
2026-06-06 18:22:59,382 | INFO |   Ep  60/300 | Tr loss=0.2328 mae=0.533 r2=0.580 pcc=0.763 | Vl loss=0.7317 mae=1.121 r2=-1.229 pcc=0.601 | ES 38/100
  Ep  61/300 | Tr loss=0.2229 mae=0.520 r2=0.568 pcc=0.759 | Vl loss=0.7121 mae=1.097 r2=-1.163 pcc=0.615 | ES 39/100
2026-06-06 18:23:04,482 | INFO |   Ep  61/300 | Tr loss=0.2229 mae=0.520 r2=0.568 pcc=0.759 | Vl loss=0.7121 mae=1.097 r2=-1.163 pcc=0.615 | ES 39/100
  Ep  62/300 | Tr loss=0.2314 mae=0.539 r2=0.549 pcc=0.746 | Vl loss=0.6772 mae=1.067 r2=-1.017 pcc=0.611 | ES 40/100
2026-06-06 18:23:09,524 | INFO |   Ep  62/300 | Tr loss=0.2314 mae=0.539 r2=0.549 pcc=0.746 | Vl loss=0.6772 mae=1.067 r2=-1.017 pcc=0.611 | ES 40/100
  Ep  63/300 | Tr loss=0.2300 mae=0.522 r2=0.575 pcc=0.760 | Vl loss=0.6560 mae=1.052 r2=-0.924 pcc=0.587 | ES 41/100
2026-06-06 18:23:14,489 | INFO |   Ep  63/300 | Tr loss=0.2300 mae=0.522 r2=0.575 pcc=0.760 | Vl loss=0.6560 mae=1.052 r2=-0.924 pcc=0.587 | ES 41/100
  Ep  64/300 | Tr loss=0.2285 mae=0.537 r2=0.555 pcc=0.749 | Vl loss=0.6742 mae=1.074 r2=-0.991 pcc=0.547 | ES 42/100
2026-06-06 18:23:19,494 | INFO |   Ep  64/300 | Tr loss=0.2285 mae=0.537 r2=0.555 pcc=0.749 | Vl loss=0.6742 mae=1.074 r2=-0.991 pcc=0.547 | ES 42/100
  Ep  65/300 | Tr loss=0.2187 mae=0.514 r2=0.584 pcc=0.765 | Vl loss=0.7143 mae=1.111 r2=-1.153 pcc=0.578 | ES 43/100
2026-06-06 18:23:24,639 | INFO |   Ep  65/300 | Tr loss=0.2187 mae=0.514 r2=0.584 pcc=0.765 | Vl loss=0.7143 mae=1.111 r2=-1.153 pcc=0.578 | ES 43/100
  Ep  66/300 | Tr loss=0.2385 mae=0.542 r2=0.553 pcc=0.746 | Vl loss=0.7384 mae=1.136 r2=-1.249 pcc=0.588 | ES 44/100
2026-06-06 18:23:29,595 | INFO |   Ep  66/300 | Tr loss=0.2385 mae=0.542 r2=0.553 pcc=0.746 | Vl loss=0.7384 mae=1.136 r2=-1.249 pcc=0.588 | ES 44/100
  Ep  67/300 | Tr loss=0.2311 mae=0.537 r2=0.561 pcc=0.751 | Vl loss=0.7353 mae=1.127 r2=-1.244 pcc=0.574 | ES 45/100
2026-06-06 18:23:34,620 | INFO |   Ep  67/300 | Tr loss=0.2311 mae=0.537 r2=0.561 pcc=0.751 | Vl loss=0.7353 mae=1.127 r2=-1.244 pcc=0.574 | ES 45/100
  Ep  68/300 | Tr loss=0.2331 mae=0.531 r2=0.540 pcc=0.740 | Vl loss=0.7110 mae=1.095 r2=-1.164 pcc=0.581 | ES 46/100
2026-06-06 18:23:39,619 | INFO |   Ep  68/300 | Tr loss=0.2331 mae=0.531 r2=0.540 pcc=0.740 | Vl loss=0.7110 mae=1.095 r2=-1.164 pcc=0.581 | ES 46/100
  Ep  69/300 | Tr loss=0.2188 mae=0.523 r2=0.576 pcc=0.761 | Vl loss=0.7095 mae=1.099 r2=-1.142 pcc=0.615 | ES 47/100
2026-06-06 18:23:44,691 | INFO |   Ep  69/300 | Tr loss=0.2188 mae=0.523 r2=0.576 pcc=0.761 | Vl loss=0.7095 mae=1.099 r2=-1.142 pcc=0.615 | ES 47/100
  Ep  70/300 | Tr loss=0.2234 mae=0.516 r2=0.575 pcc=0.760 | Vl loss=0.7061 mae=1.093 r2=-1.135 pcc=0.617 | ES 48/100
2026-06-06 18:23:49,699 | INFO |   Ep  70/300 | Tr loss=0.2234 mae=0.516 r2=0.575 pcc=0.760 | Vl loss=0.7061 mae=1.093 r2=-1.135 pcc=0.617 | ES 48/100
  Ep  71/300 | Tr loss=0.2166 mae=0.515 r2=0.588 pcc=0.769 | Vl loss=0.6860 mae=1.072 r2=-1.054 pcc=0.698 | ES 49/100
2026-06-06 18:23:54,714 | INFO |   Ep  71/300 | Tr loss=0.2166 mae=0.515 r2=0.588 pcc=0.769 | Vl loss=0.6860 mae=1.072 r2=-1.054 pcc=0.698 | ES 49/100
  Ep  72/300 | Tr loss=0.2175 mae=0.510 r2=0.586 pcc=0.768 | Vl loss=0.7407 mae=1.127 r2=-1.282 pcc=0.539 | ES 50/100
2026-06-06 18:23:59,679 | INFO |   Ep  72/300 | Tr loss=0.2175 mae=0.510 r2=0.586 pcc=0.768 | Vl loss=0.7407 mae=1.127 r2=-1.282 pcc=0.539 | ES 50/100
Epoch 00073: reducing learning rate of group 0 to 5.0000e-05.
  Ep  73/300 | Tr loss=0.2389 mae=0.547 r2=0.544 pcc=0.739 | Vl loss=0.7188 mae=1.107 r2=-1.185 pcc=0.556 | ES 51/100
2026-06-06 18:24:04,746 | INFO |   Ep  73/300 | Tr loss=0.2389 mae=0.547 r2=0.544 pcc=0.739 | Vl loss=0.7188 mae=1.107 r2=-1.185 pcc=0.556 | ES 51/100
  Ep  74/300 | Tr loss=0.2310 mae=0.534 r2=0.571 pcc=0.757 | Vl loss=0.7233 mae=1.108 r2=-1.209 pcc=0.540 | ES 52/100
2026-06-06 18:24:09,824 | INFO |   Ep  74/300 | Tr loss=0.2310 mae=0.534 r2=0.571 pcc=0.757 | Vl loss=0.7233 mae=1.108 r2=-1.209 pcc=0.540 | ES 52/100
  Ep  75/300 | Tr loss=0.2224 mae=0.515 r2=0.585 pcc=0.767 | Vl loss=0.7494 mae=1.136 r2=-1.312 pcc=0.516 | ES 53/100
2026-06-06 18:24:14,784 | INFO |   Ep  75/300 | Tr loss=0.2224 mae=0.515 r2=0.585 pcc=0.767 | Vl loss=0.7494 mae=1.136 r2=-1.312 pcc=0.516 | ES 53/100
  Ep  76/300 | Tr loss=0.2407 mae=0.548 r2=0.546 pcc=0.740 | Vl loss=0.6755 mae=1.063 r2=-1.022 pcc=0.654 | ES 54/100
2026-06-06 18:24:19,831 | INFO |   Ep  76/300 | Tr loss=0.2407 mae=0.548 r2=0.546 pcc=0.740 | Vl loss=0.6755 mae=1.063 r2=-1.022 pcc=0.654 | ES 54/100
  Ep  77/300 | Tr loss=0.2263 mae=0.522 r2=0.565 pcc=0.755 | Vl loss=0.6971 mae=1.081 r2=-1.102 pcc=0.644 | ES 55/100
2026-06-06 18:24:24,836 | INFO |   Ep  77/300 | Tr loss=0.2263 mae=0.522 r2=0.565 pcc=0.755 | Vl loss=0.6971 mae=1.081 r2=-1.102 pcc=0.644 | ES 55/100
  Ep  78/300 | Tr loss=0.2201 mae=0.511 r2=0.591 pcc=0.770 | Vl loss=0.7259 mae=1.106 r2=-1.222 pcc=0.626 | ES 56/100
2026-06-06 18:24:29,826 | INFO |   Ep  78/300 | Tr loss=0.2201 mae=0.511 r2=0.591 pcc=0.770 | Vl loss=0.7259 mae=1.106 r2=-1.222 pcc=0.626 | ES 56/100
  Ep  79/300 | Tr loss=0.2237 mae=0.513 r2=0.587 pcc=0.767 | Vl loss=0.7533 mae=1.131 r2=-1.346 pcc=0.567 | ES 57/100
2026-06-06 18:24:34,954 | INFO |   Ep  79/300 | Tr loss=0.2237 mae=0.513 r2=0.587 pcc=0.767 | Vl loss=0.7533 mae=1.131 r2=-1.346 pcc=0.567 | ES 57/100
  Ep  80/300 | Tr loss=0.2293 mae=0.529 r2=0.575 pcc=0.760 | Vl loss=0.7282 mae=1.110 r2=-1.228 pcc=0.716 | ES 58/100
2026-06-06 18:24:39,939 | INFO |   Ep  80/300 | Tr loss=0.2293 mae=0.529 r2=0.575 pcc=0.760 | Vl loss=0.7282 mae=1.110 r2=-1.228 pcc=0.716 | ES 58/100
  Ep  81/300 | Tr loss=0.2176 mae=0.511 r2=0.574 pcc=0.764 | Vl loss=0.7027 mae=1.082 r2=-1.125 pcc=0.679 | ES 59/100
2026-06-06 18:24:45,102 | INFO |   Ep  81/300 | Tr loss=0.2176 mae=0.511 r2=0.574 pcc=0.764 | Vl loss=0.7027 mae=1.082 r2=-1.125 pcc=0.679 | ES 59/100
  Ep  82/300 | Tr loss=0.2505 mae=0.564 r2=0.538 pcc=0.735 | Vl loss=0.6866 mae=1.068 r2=-1.063 pcc=0.646 | ES 60/100
2026-06-06 18:24:50,128 | INFO |   Ep  82/300 | Tr loss=0.2505 mae=0.564 r2=0.538 pcc=0.735 | Vl loss=0.6866 mae=1.068 r2=-1.063 pcc=0.646 | ES 60/100
  Ep  83/300 | Tr loss=0.2133 mae=0.506 r2=0.609 pcc=0.781 | Vl loss=0.7299 mae=1.116 r2=-1.223 pcc=0.626 | ES 61/100
2026-06-06 18:24:55,130 | INFO |   Ep  83/300 | Tr loss=0.2133 mae=0.506 r2=0.609 pcc=0.781 | Vl loss=0.7299 mae=1.116 r2=-1.223 pcc=0.626 | ES 61/100
  Ep  84/300 | Tr loss=0.2143 mae=0.502 r2=0.587 pcc=0.771 | Vl loss=0.7419 mae=1.127 r2=-1.277 pcc=0.583 | ES 62/100
2026-06-06 18:25:00,204 | INFO |   Ep  84/300 | Tr loss=0.2143 mae=0.502 r2=0.587 pcc=0.771 | Vl loss=0.7419 mae=1.127 r2=-1.277 pcc=0.583 | ES 62/100
  Ep  85/300 | Tr loss=0.2347 mae=0.526 r2=0.560 pcc=0.750 | Vl loss=0.7161 mae=1.096 r2=-1.188 pcc=0.631 | ES 63/100
2026-06-06 18:25:05,226 | INFO |   Ep  85/300 | Tr loss=0.2347 mae=0.526 r2=0.560 pcc=0.750 | Vl loss=0.7161 mae=1.096 r2=-1.188 pcc=0.631 | ES 63/100
  Ep  86/300 | Tr loss=0.2234 mae=0.515 r2=0.586 pcc=0.768 | Vl loss=0.7392 mae=1.117 r2=-1.290 pcc=0.590 | ES 64/100
2026-06-06 18:25:10,181 | INFO |   Ep  86/300 | Tr loss=0.2234 mae=0.515 r2=0.586 pcc=0.768 | Vl loss=0.7392 mae=1.117 r2=-1.290 pcc=0.590 | ES 64/100
  Ep  87/300 | Tr loss=0.2255 mae=0.516 r2=0.561 pcc=0.751 | Vl loss=0.5586 mae=0.937 r2=-0.615 pcc=0.738 | ES 65/100
2026-06-06 18:25:15,266 | INFO |   Ep  87/300 | Tr loss=0.2255 mae=0.516 r2=0.561 pcc=0.751 | Vl loss=0.5586 mae=0.937 r2=-0.615 pcc=0.738 | ES 65/100
  Ep  88/300 | Tr loss=0.2225 mae=0.517 r2=0.583 pcc=0.765 | Vl loss=0.6732 mae=1.055 r2=-1.017 pcc=0.680 | ES 66/100
2026-06-06 18:25:20,330 | INFO |   Ep  88/300 | Tr loss=0.2225 mae=0.517 r2=0.583 pcc=0.765 | Vl loss=0.6732 mae=1.055 r2=-1.017 pcc=0.680 | ES 66/100
  Ep  89/300 | Tr loss=0.2215 mae=0.516 r2=0.568 pcc=0.756 | Vl loss=0.6364 mae=1.017 r2=-0.890 pcc=0.696 | ES 67/100
2026-06-06 18:25:25,325 | INFO |   Ep  89/300 | Tr loss=0.2215 mae=0.516 r2=0.568 pcc=0.756 | Vl loss=0.6364 mae=1.017 r2=-0.890 pcc=0.696 | ES 67/100
  Ep  90/300 | Tr loss=0.2224 mae=0.515 r2=0.553 pcc=0.746 | Vl loss=0.5738 mae=0.953 r2=-0.671 pcc=0.728 | ES 68/100
2026-06-06 18:25:30,333 | INFO |   Ep  90/300 | Tr loss=0.2224 mae=0.515 r2=0.553 pcc=0.746 | Vl loss=0.5738 mae=0.953 r2=-0.671 pcc=0.728 | ES 68/100
  Ep  91/300 | Tr loss=0.2256 mae=0.523 r2=0.569 pcc=0.757 | Vl loss=0.7109 mae=1.089 r2=-1.172 pcc=0.636 | ES 69/100
2026-06-06 18:25:35,356 | INFO |   Ep  91/300 | Tr loss=0.2256 mae=0.523 r2=0.569 pcc=0.757 | Vl loss=0.7109 mae=1.089 r2=-1.172 pcc=0.636 | ES 69/100
  Ep  92/300 | Tr loss=0.2159 mae=0.506 r2=0.603 pcc=0.777 | Vl loss=0.6947 mae=1.075 r2=-1.100 pcc=0.668 | ES 70/100
2026-06-06 18:25:40,492 | INFO |   Ep  92/300 | Tr loss=0.2159 mae=0.506 r2=0.603 pcc=0.777 | Vl loss=0.6947 mae=1.075 r2=-1.100 pcc=0.668 | ES 70/100
  Ep  93/300 | Tr loss=0.2074 mae=0.498 r2=0.598 pcc=0.776 | Vl loss=0.7406 mae=1.120 r2=-1.293 pcc=0.598 | ES 71/100
2026-06-06 18:25:45,509 | INFO |   Ep  93/300 | Tr loss=0.2074 mae=0.498 r2=0.598 pcc=0.776 | Vl loss=0.7406 mae=1.120 r2=-1.293 pcc=0.598 | ES 71/100
  Ep  94/300 | Tr loss=0.2029 mae=0.488 r2=0.628 pcc=0.793 | Vl loss=0.7396 mae=1.119 r2=-1.288 pcc=0.605 | ES 72/100
2026-06-06 18:25:50,500 | INFO |   Ep  94/300 | Tr loss=0.2029 mae=0.488 r2=0.628 pcc=0.793 | Vl loss=0.7396 mae=1.119 r2=-1.288 pcc=0.605 | ES 72/100
  Ep  95/300 | Tr loss=0.2217 mae=0.507 r2=0.591 pcc=0.772 | Vl loss=0.7702 mae=1.150 r2=-1.420 pcc=0.416 | ES 73/100
2026-06-06 18:25:55,434 | INFO |   Ep  95/300 | Tr loss=0.2217 mae=0.507 r2=0.591 pcc=0.772 | Vl loss=0.7702 mae=1.150 r2=-1.420 pcc=0.416 | ES 73/100
  Ep  96/300 | Tr loss=0.2195 mae=0.514 r2=0.574 pcc=0.759 | Vl loss=0.6943 mae=1.078 r2=-1.089 pcc=0.637 | ES 74/100
2026-06-06 18:26:00,455 | INFO |   Ep  96/300 | Tr loss=0.2195 mae=0.514 r2=0.574 pcc=0.759 | Vl loss=0.6943 mae=1.078 r2=-1.089 pcc=0.637 | ES 74/100
  Ep  97/300 | Tr loss=0.2280 mae=0.527 r2=0.570 pcc=0.757 | Vl loss=0.6942 mae=1.074 r2=-1.098 pcc=0.636 | ES 75/100
2026-06-06 18:26:05,555 | INFO |   Ep  97/300 | Tr loss=0.2280 mae=0.527 r2=0.570 pcc=0.757 | Vl loss=0.6942 mae=1.074 r2=-1.098 pcc=0.636 | ES 75/100
  Ep  98/300 | Tr loss=0.2108 mae=0.501 r2=0.583 pcc=0.766 | Vl loss=0.7373 mae=1.118 r2=-1.267 pcc=0.591 | ES 76/100
2026-06-06 18:26:10,573 | INFO |   Ep  98/300 | Tr loss=0.2108 mae=0.501 r2=0.583 pcc=0.766 | Vl loss=0.7373 mae=1.118 r2=-1.267 pcc=0.591 | ES 76/100
  Ep  99/300 | Tr loss=0.2219 mae=0.515 r2=0.583 pcc=0.764 | Vl loss=0.7491 mae=1.131 r2=-1.310 pcc=0.637 | ES 77/100
2026-06-06 18:26:15,634 | INFO |   Ep  99/300 | Tr loss=0.2219 mae=0.515 r2=0.583 pcc=0.764 | Vl loss=0.7491 mae=1.131 r2=-1.310 pcc=0.637 | ES 77/100
  Ep 100/300 | Tr loss=0.2276 mae=0.519 r2=0.554 pcc=0.747 | Vl loss=0.7021 mae=1.087 r2=-1.117 pcc=0.719 | ES 78/100
2026-06-06 18:26:20,614 | INFO |   Ep 100/300 | Tr loss=0.2276 mae=0.519 r2=0.554 pcc=0.747 | Vl loss=0.7021 mae=1.087 r2=-1.117 pcc=0.719 | ES 78/100
  Ep 101/300 | Tr loss=0.2195 mae=0.512 r2=0.587 pcc=0.767 | Vl loss=0.7705 mae=1.155 r2=-1.396 pcc=0.642 | ES 79/100
2026-06-06 18:26:25,603 | INFO |   Ep 101/300 | Tr loss=0.2195 mae=0.512 r2=0.587 pcc=0.767 | Vl loss=0.7705 mae=1.155 r2=-1.396 pcc=0.642 | ES 79/100
  Ep 102/300 | Tr loss=0.2184 mae=0.511 r2=0.571 pcc=0.758 | Vl loss=0.7281 mae=1.122 r2=-1.209 pcc=0.718 | ES 80/100
2026-06-06 18:26:30,635 | INFO |   Ep 102/300 | Tr loss=0.2184 mae=0.511 r2=0.571 pcc=0.758 | Vl loss=0.7281 mae=1.122 r2=-1.209 pcc=0.718 | ES 80/100
  Ep 103/300 | Tr loss=0.2226 mae=0.515 r2=0.584 pcc=0.766 | Vl loss=0.7497 mae=1.133 r2=-1.316 pcc=0.698 | ES 81/100
2026-06-06 18:26:35,619 | INFO |   Ep 103/300 | Tr loss=0.2226 mae=0.515 r2=0.584 pcc=0.766 | Vl loss=0.7497 mae=1.133 r2=-1.316 pcc=0.698 | ES 81/100
  Ep 104/300 | Tr loss=0.2121 mae=0.501 r2=0.619 pcc=0.789 | Vl loss=0.7502 mae=1.136 r2=-1.329 pcc=0.676 | ES 82/100
2026-06-06 18:26:40,577 | INFO |   Ep 104/300 | Tr loss=0.2121 mae=0.501 r2=0.619 pcc=0.789 | Vl loss=0.7502 mae=1.136 r2=-1.329 pcc=0.676 | ES 82/100
  Ep 105/300 | Tr loss=0.2248 mae=0.517 r2=0.562 pcc=0.751 | Vl loss=0.6462 mae=1.024 r2=-0.922 pcc=0.715 | ES 83/100
2026-06-06 18:26:45,665 | INFO |   Ep 105/300 | Tr loss=0.2248 mae=0.517 r2=0.562 pcc=0.751 | Vl loss=0.6462 mae=1.024 r2=-0.922 pcc=0.715 | ES 83/100
  Ep 106/300 | Tr loss=0.2098 mae=0.499 r2=0.616 pcc=0.787 | Vl loss=0.6874 mae=1.067 r2=-1.070 pcc=0.665 | ES 84/100
2026-06-06 18:26:50,659 | INFO |   Ep 106/300 | Tr loss=0.2098 mae=0.499 r2=0.616 pcc=0.787 | Vl loss=0.6874 mae=1.067 r2=-1.070 pcc=0.665 | ES 84/100
  Ep 107/300 | Tr loss=0.2246 mae=0.515 r2=0.568 pcc=0.756 | Vl loss=0.6633 mae=1.039 r2=-0.990 pcc=0.698 | ES 85/100
2026-06-06 18:26:55,692 | INFO |   Ep 107/300 | Tr loss=0.2246 mae=0.515 r2=0.568 pcc=0.756 | Vl loss=0.6633 mae=1.039 r2=-0.990 pcc=0.698 | ES 85/100
  Ep 108/300 | Tr loss=0.2216 mae=0.512 r2=0.583 pcc=0.764 | Vl loss=0.6823 mae=1.050 r2=-1.072 pcc=0.715 | ES 86/100
2026-06-06 18:27:00,678 | INFO |   Ep 108/300 | Tr loss=0.2216 mae=0.512 r2=0.583 pcc=0.764 | Vl loss=0.6823 mae=1.050 r2=-1.072 pcc=0.715 | ES 86/100
  Ep 109/300 | Tr loss=0.2194 mae=0.504 r2=0.576 pcc=0.761 | Vl loss=0.6744 mae=1.045 r2=-1.034 pcc=0.738 | ES 87/100
2026-06-06 18:27:05,739 | INFO |   Ep 109/300 | Tr loss=0.2194 mae=0.504 r2=0.576 pcc=0.761 | Vl loss=0.6744 mae=1.045 r2=-1.034 pcc=0.738 | ES 87/100
  Ep 110/300 | Tr loss=0.2104 mae=0.499 r2=0.572 pcc=0.757 | Vl loss=0.6454 mae=1.021 r2=-0.921 pcc=0.716 | ES 88/100
2026-06-06 18:27:10,721 | INFO |   Ep 110/300 | Tr loss=0.2104 mae=0.499 r2=0.572 pcc=0.757 | Vl loss=0.6454 mae=1.021 r2=-0.921 pcc=0.716 | ES 88/100
  Ep 111/300 | Tr loss=0.2089 mae=0.499 r2=0.582 pcc=0.764 | Vl loss=0.7061 mae=1.076 r2=-1.163 pcc=0.675 | ES 89/100
2026-06-06 18:27:15,724 | INFO |   Ep 111/300 | Tr loss=0.2089 mae=0.499 r2=0.582 pcc=0.764 | Vl loss=0.7061 mae=1.076 r2=-1.163 pcc=0.675 | ES 89/100
  Ep 112/300 | Tr loss=0.2195 mae=0.514 r2=0.591 pcc=0.769 | Vl loss=0.6904 mae=1.062 r2=-1.099 pcc=0.675 | ES 90/100
2026-06-06 18:27:20,704 | INFO |   Ep 112/300 | Tr loss=0.2195 mae=0.514 r2=0.591 pcc=0.769 | Vl loss=0.6904 mae=1.062 r2=-1.099 pcc=0.675 | ES 90/100
  Ep 113/300 | Tr loss=0.2143 mae=0.501 r2=0.597 pcc=0.774 | Vl loss=0.6935 mae=1.063 r2=-1.116 pcc=0.679 | ES 91/100
2026-06-06 18:27:25,688 | INFO |   Ep 113/300 | Tr loss=0.2143 mae=0.501 r2=0.597 pcc=0.774 | Vl loss=0.6935 mae=1.063 r2=-1.116 pcc=0.679 | ES 91/100
  Ep 114/300 | Tr loss=0.2330 mae=0.529 r2=0.552 pcc=0.745 | Vl loss=0.6932 mae=1.067 r2=-1.105 pcc=0.677 | ES 92/100
2026-06-06 18:27:30,680 | INFO |   Ep 114/300 | Tr loss=0.2330 mae=0.529 r2=0.552 pcc=0.745 | Vl loss=0.6932 mae=1.067 r2=-1.105 pcc=0.677 | ES 92/100
  Ep 115/300 | Tr loss=0.2119 mae=0.496 r2=0.626 pcc=0.791 | Vl loss=0.7225 mae=1.094 r2=-1.234 pcc=0.574 | ES 93/100
2026-06-06 18:27:35,789 | INFO |   Ep 115/300 | Tr loss=0.2119 mae=0.496 r2=0.626 pcc=0.791 | Vl loss=0.7225 mae=1.094 r2=-1.234 pcc=0.574 | ES 93/100
  Ep 116/300 | Tr loss=0.2267 mae=0.520 r2=0.572 pcc=0.758 | Vl loss=0.7613 mae=1.136 r2=-1.391 pcc=0.525 | ES 94/100
2026-06-06 18:27:40,758 | INFO |   Ep 116/300 | Tr loss=0.2267 mae=0.520 r2=0.572 pcc=0.758 | Vl loss=0.7613 mae=1.136 r2=-1.391 pcc=0.525 | ES 94/100
  Ep 117/300 | Tr loss=0.2169 mae=0.499 r2=0.578 pcc=0.763 | Vl loss=0.7129 mae=1.093 r2=-1.165 pcc=0.657 | ES 95/100
2026-06-06 18:27:45,744 | INFO |   Ep 117/300 | Tr loss=0.2169 mae=0.499 r2=0.578 pcc=0.763 | Vl loss=0.7129 mae=1.093 r2=-1.165 pcc=0.657 | ES 95/100
  Ep 118/300 | Tr loss=0.1968 mae=0.470 r2=0.619 pcc=0.788 | Vl loss=0.6919 mae=1.067 r2=-1.099 pcc=0.681 | ES 96/100
2026-06-06 18:27:50,806 | INFO |   Ep 118/300 | Tr loss=0.1968 mae=0.470 r2=0.619 pcc=0.788 | Vl loss=0.6919 mae=1.067 r2=-1.099 pcc=0.681 | ES 96/100
  Ep 119/300 | Tr loss=0.2322 mae=0.529 r2=0.577 pcc=0.762 | Vl loss=0.7291 mae=1.107 r2=-1.243 pcc=0.662 | ES 97/100
2026-06-06 18:27:55,899 | INFO |   Ep 119/300 | Tr loss=0.2322 mae=0.529 r2=0.577 pcc=0.762 | Vl loss=0.7291 mae=1.107 r2=-1.243 pcc=0.662 | ES 97/100
  Ep 120/300 | Tr loss=0.2123 mae=0.501 r2=0.601 pcc=0.777 | Vl loss=0.7215 mae=1.100 r2=-1.210 pcc=0.643 | ES 98/100
2026-06-06 18:28:00,918 | INFO |   Ep 120/300 | Tr loss=0.2123 mae=0.501 r2=0.601 pcc=0.777 | Vl loss=0.7215 mae=1.100 r2=-1.210 pcc=0.643 | ES 98/100
  Ep 121/300 | Tr loss=0.2342 mae=0.524 r2=0.532 pcc=0.734 | Vl loss=0.6788 mae=1.056 r2=-1.045 pcc=0.672 | ES 99/100
2026-06-06 18:28:05,982 | INFO |   Ep 121/300 | Tr loss=0.2342 mae=0.524 r2=0.532 pcc=0.734 | Vl loss=0.6788 mae=1.056 r2=-1.045 pcc=0.672 | ES 99/100
  Ep 122/300 | Tr loss=0.1924 mae=0.468 r2=0.621 pcc=0.790 | Vl loss=0.6724 mae=1.044 r2=-1.028 pcc=0.707 | ES 100/100
2026-06-06 18:28:10,968 | INFO |   Ep 122/300 | Tr loss=0.1924 mae=0.468 r2=0.621 pcc=0.790 | Vl loss=0.6724 mae=1.044 r2=-1.028 pcc=0.707 | ES 100/100

  ⏹  Early stopping at epoch 122 (best=22)
2026-06-06 18:28:10,968 | INFO | Early stopping at epoch 122 best=22

✓ Training complete!

  ── Final Test Results (best epoch = 22) ──────────────────
  Loss : 0.5006
  RMSE : 1.0174
  MAE  : 0.8654
  R²   : -0.6806
  ✓ Saved → /mvdlph/masa/GCN_SingleView_Regression_Results/run_2026_06_06_18_17_24/plots/loss_curve.png
  ✓ Saved → /mvdlph/masa/GCN_SingleView_Regression_Results/run_2026_06_06_18_17_24/plots/rmse_mae.png
  ✓ Saved → /mvdlph/masa/GCN_SingleView_Regression_Results/run_2026_06_06_18_17_24/plots/r2_curve.png
  ✓ Saved → /mvdlph/masa/GCN_SingleView_Regression_Results/run_2026_06_06_18_17_24/plots/pcc_curve.png
  ✓ Saved → /mvdlph/masa/GCN_SingleView_Regression_Results/run_2026_06_06_18_17_24/plots/regression_scatter_test.png
  ✓ Saved → /mvdlph/masa/GCN_SingleView_Regression_Results/run_2026_06_06_18_17_24/plots/early_stopping.png
  ✓ History → /mvdlph/masa/GCN_SingleView_Regression_Results/run_2026_06_06_18_17_24/logs/training_history.json
============================================================
DIAGNOSTIC 1: Per-exercise skeleton variance (C0)
============================================================
  Exercise      X-var      Y-var      Z-var  Z/X ratio
-------------------------------------------------------
        E0     0.0456     0.0092     0.0694      1.523

============================================================
DIAGNOSTIC 2: Quality score distribution per split
============================================================
 Train: mean=3.766 std=0.985 min=1.34 max=4.74 | correct=618 erroneous=333
   Val: mean=3.561 std=0.898 min=2.28 max=4.68 | correct=177 erroneous=108
  Test: mean=3.659 std=0.786 min=2.30 max=4.75 | correct=234 erroneous=222
  ✓ History NPZ → /mvdlph/masa/GCN_SingleView_Regression_Results/run_2026_06_06_18_17_24/logs/training_history.npz
  ✓ Test predictions NPZ → /mvdlph/masa/GCN_SingleView_Regression_Results/run_2026_06_06_18_17_24/logs/test_predictions.npz
========================================================================
  Exercise         n      MAE     RMSE       R²      PCC
────────────────────────────────────────────────────────────────────────
  E0             456   0.8654   1.0174  -0.6806   0.7944
────────────────────────────────────────────────────────────────────────
  Overall        456   0.8654   1.0174  -0.6806   0.7944
========================================================================

  ✓ Per-exercise CSV → /mvdlph/masa/GCN_SingleView_Regression_Results/run_2026_06_06_18_17_24/logs/per_exercise_metrics.csv
  ✓ Per-exercise scatter grid → /mvdlph/masa/GCN_SingleView_Regression_Results/run_2026_06_06_18_17_24/plots/per_exercise_scatter.png
  ✓ Per-exercise bar chart → /mvdlph/masa/GCN_SingleView_Regression_Results/run_2026_06_06_18_17_24/plots/per_exercise_bar.png
  ✓ Per-exercise metrics NPZ → /mvdlph/masa/GCN_SingleView_Regression_Results/run_2026_06_06_18_17_24/logs/per_exercise_metrics.npz
============================================================
  TRAINING SUMMARY — ST-GCN Regression (Single View)
============================================================
  Best Epoch       : 22  (stopped at 122)
  Best Val MAE     : 0.8532
  Best Val RMSE    : 1.0339
  Best Val R²      : -0.3301
  Best Val PCC     : 0.6988
────────────────────────────────────────────────────────────
  Test MAE         : 0.8654
  Test RMSE        : 1.0174
  Test R²          : -0.6806
  Test PCC         : 0.7944
============================================================
2026-06-06 18:28:15,409 | INFO | Best Epoch=22  stopped_epoch=122
2026-06-06 18:28:15,409 | INFO | Test MAE=0.8654
2026-06-06 18:28:15,410 | INFO | Test RMSE=1.0174
2026-06-06 18:28:15,411 | INFO | Test R²=-0.6806
2026-06-06 18:28:15,412 | INFO | Test PCC=0.7944

✓ Summary CSV (overall + per-exercise) → /mvdlph/masa/GCN_SingleView_Regression_Results/training_summary.csv
