2026-05-30 19:42:44,899 | INFO | ======================================================================
2026-05-30 19:42:44,900 | INFO | ST-GCN Multi-View Late Fusion Regression | BZU Physiotherapy
2026-05-30 19:42:44,900 | INFO | Cameras: [0, 1, 2]  |  Backbone: 256-dim each  |  Epochs=300
2026-05-30 19:42:44,901 | INFO | ======================================================================
✓ Skeleton visualisation helpers defined

[TRAIN] NPZ files found : 9477
  Samples : 9477  |  Unique trials : 327

[VALID] NPZ files found : 2790
  Samples : 2790  |  Unique trials : 100

[TEST] NPZ files found : 3108
  Samples : 3108  |  Unique trials : 107
  [TRAIN] ⚠️  Dropped 246 files from 13 incomplete trials
  [VALID] ⚠️  Dropped 133 files from 8 incomplete trials
  [TEST] ✓ All trials have complete [0, 1, 2] coverage

Checking for corrupted files...
  [TRAIN] Removing 1 trials with corrupted files
  [TRAIN] Clean samples : 9204
  [VALID] Clean samples : 2657
  [TEST] Removing 2 trials with corrupted files
  [TEST] Clean samples : 3049

Excluding exercises...
  [TRAIN] Excluded E[3, 7, 9] → 2940 rows dropped, 6264 remain
  [VALID] Excluded E[3, 7, 9] → 656 rows dropped, 2001 remain
  [TEST] Excluded E[3, 7, 9] → 820 rows dropped, 2229 remain

  Exercise ID remap : {0: 0, 1: 1, 2: 2, 4: 3, 5: 4, 6: 5, 8: 6}

Building multi-view trial index...
  → Multi-view trial index: 215 trials (each covers cameras [0, 1, 2])
  → Multi-view trial index: 69 trials (each covers cameras [0, 1, 2])
  → Multi-view trial index: 77 trials (each covers cameras [0, 1, 2])
✓ No data-leakage detected across splits

════════════════════════════════════════════════════════════════════
  Split      Trials   Correct   Erroneous   Q mean   Q std
  ──────────────────────────────────────────────────────────────────
  Train         215       132          83    4.134   0.844
  Val            69        45          24    4.170   0.814
  Test           77        48          29    4.069   0.817
════════════════════════════════════════════════════════════════════

✓ Multi-view trial index ready
0    3468
1    3519
2    3507
Name: camera, dtype: int64

الكاميرات الموجودة: [0, 1, 2]
camera      0    1    2
exercise               
0         558  566  564
1         523  530  528
2         433  445  444
3         513  524  515
4         506  516  515
5         509  508  512
6         426  430  429
E0: correct=3 trials, erroneous=4 trials
E1: correct=3 trials, erroneous=4 trials
E2: correct=3 trials, erroneous=4 trials
E3: correct=3 trials, erroneous=4 trials
E4: correct=3 trials, erroneous=4 trials
E5: correct=3 trials, erroneous=4 trials
E6: correct=3 trials, erroneous=4 trials

==================================================
  Train
==================================================
            mean     var  count
exercise                       
0         3.7462  1.0077     33
1         3.9820  0.8145     32
2         4.0993  0.5349     27
3         3.9334  0.9468     33
4         4.3974  0.2748     31
5         4.5525  0.3847     32
6         4.2663  0.5896     27

==================================================
  Val
==================================================
            mean     var  count
exercise                       
0         3.5180  0.8981     10
1         4.0750  0.6450     11
2         4.0760  0.8602     10
3         3.9891  0.7838     11
4         4.4809  0.2286     11
5         4.4420  0.3144     10
6         4.9000  0.0000      6

==================================================
  Test
==================================================
            mean     var  count
exercise                       
0         3.6513  0.6933     15
1         4.1864  0.7633     11
2         3.9978  0.7659      9
3         3.7156  0.6265      9
4         4.2682  0.3507     11
5         4.4891  0.4816     11
6         4.2486  0.7280     11

============================================================
  All Splits Combined
============================================================
                  mean     var  count
split exercise                       
Test  0         3.6513  0.6933     15
      1         4.1864  0.7633     11
      2         3.9978  0.7659      9
      3         3.7156  0.6265      9
      4         4.2682  0.3507     11
      5         4.4891  0.4816     11
      6         4.2486  0.7280     11
Train 0         3.7462  1.0077     33
      1         3.9820  0.8145     32
      2         4.0993  0.5349     27
      3         3.9334  0.9468     33
      4         4.3974  0.2748     31
      5         4.5525  0.3847     32
      6         4.2663  0.5896     27
Val   0         3.5180  0.8981     10
      1         4.0750  0.6450     11
      2         4.0760  0.8602     10
      3         3.9891  0.7838     11
      4         4.4809  0.2286     11
      5         4.4420  0.3144     10
      6         4.9000  0.0000      6
Frame length distribution (sample of 500 files):
  min=32  max=760  mean=105.0  median=95.0  std=58.0

Percentiles:
   25th = 73
   50th = 95
   75th = 125
   90th = 152
   95th = 177
   99th = 275

Value counts (top 10):
    68 frames →   12 files (2.4%)
    58 frames →   12 files (2.4%)
    62 frames →   11 files (2.2%)
   125 frames →   10 files (2.0%)
    88 frames →   10 files (2.0%)
    79 frames →   10 files (2.0%)
   123 frames →    8 files (1.6%)
   105 frames →    8 files (1.6%)
    94 frames →    8 files (1.6%)
    87 frames →    8 files (1.6%)
  ✓ Saved → /mvdlph/masa/GCN_MultiView_LateFusion_Results/run_2026_05_30_19_42_44/plots/split_quality_distributions.png

Split    Type              n    mean     std    min    25%    50%    75%    max
----------------------------------------------------------------------
Train    Correct (T≤2)    132   4.650   0.324   3.68   4.48   4.74   4.90   5.00
Train    Erroneous (T≥3)     83   3.312   0.760   1.34   2.87   3.44   3.85   4.67

Val      Correct (T≤2)     45   4.671   0.345   3.56   4.64   4.82   4.90   5.00
Val      Erroneous (T≥3)     24   3.232   0.566   2.28   2.74   3.20   3.72   4.06

Test     Correct (T≤2)     48   4.605   0.375   3.58   4.37   4.71   4.88   5.00
Test     Erroneous (T≥3)     29   3.182   0.519   2.18   2.80   3.22   3.50   4.28

=================================================================
Person distribution across splits
=================================================================
  Train : ['P0', 'P10', 'P14', 'P15', 'P2', 'P3', 'P4', 'P5', 'P7']
  Val   : ['P1', 'P11', 'P6']
  Test  : ['P12', 'P13', 'P8', 'P9']

Per-person quality mean per split:

  Train:
         mean    std  count
person                     
P0      4.571  0.411     17
P10     3.325  0.870     35
P14     3.677  0.839     34
P15     3.583  0.757     35
P2      4.836  0.107     18
P3      4.647  0.206     17
P4      4.639  0.262     19
P5      4.754  0.242     20
P7      4.748  0.210     20

  Val:
         mean    std  count
person                     
P1      4.861  0.097     20
P11     3.433  0.680     30
P6      4.608  0.328     19

  Test:
         mean    std  count
person                     
P12     3.162  0.623     18
P13     3.661  0.652     19
P8      4.735  0.256     20
P9      4.607  0.372     20

=================================================================
Exercise balance across splits
=================================================================
    Train  Val  Test  Train%  Val%  Test%
E0     33   10    15    15.3  14.5   19.5
E1     32   11    11    14.9  15.9   14.3
E2     27   10     9    12.6  14.5   11.7
E3     33   11     9    15.3  15.9   11.7
E4     31   11    11    14.4  15.9   14.3
E5     32   10    11    14.9  14.5   14.3
E6     27    6    11    12.6   8.7   14.3
Sample trial : E0_P14_T4
Skeleton     : (37, 17, 3)
  ✓ Skeleton plot saved → /mvdlph/masa/GCN_MultiView_LateFusion_Results/run_2026_05_30_19_42_44/plots/sample_skeleton_3views.png
  ✓ Motion frames saved → /mvdlph/masa/GCN_MultiView_LateFusion_Results/run_2026_05_30_19_42_44/plots/sample_skeleton_motion.png

Camera angle check (same trial, 3 cameras):
  C0  Hip XYZ:[0.    0.    0.337]  Head XYZ:[-0.063 -0.157  0.949]
  C1  Hip XYZ:[0.   0.   0.16]  Head XYZ:[ 0.059 -0.124  0.597]
  C2  Hip XYZ:[0.    0.    0.337]  Head XYZ:[-0.063 -0.157  0.949]
✓ MultiViewDataset defined  [late fusion: (V=3, T, J, 6)]
✓ centre_and_scale_multiview defined (per-view normalisation)
✓ build_stgcn_adjacency defined

✓ STGCN_MultiView_LateFusion sanity check passed — output: torch.Size([2])
✓ Total trainable parameters: 9,317,558
  (Single-view baseline ≈ 3.3M × 3 backbones + fusion head)
  Backbone C0: 3,023,431 params
  Backbone C1: 3,023,431 params
  Backbone C2: 3,023,431 params
  Fusion Head: 247,041 params
  Ex Embed   : 224 params
Device : cuda
GPU    : Tesla V100-PCIE-32GB
✓ run_epoch defined
✓ Plotting helpers defined
✓ EarlyStopping defined
2026-05-30 19:43:15,378 | INFO | ======================================================================
2026-05-30 19:43:15,379 | INFO | STARTING MULTI-VIEW LATE FUSION TRAINING
2026-05-30 19:43:15,380 | INFO | train=215 trials | val=69 | test=77
2026-05-30 19:43:15,380 | INFO | NUM_VIEWS=3  BACKBONE_DIM=256  FUSION_IN=800  BATCH=16  PATIENCE=100
2026-05-30 19:43:15,380 | INFO | ======================================================================

══════════════════════════════════════════════════════════════════════
  Multi-View Late Fusion  |  Train:215  Val:69  Test:77
  3 backbones × 256-dim → fused 800-dim  |  Patience:100  |  Batch:16
══════════════════════════════════════════════════════════════════════
  Ep   1/300 | Tr loss=0.6081 mae=0.975 r2=-0.541 pcc=0.369 | Vl loss=1.9586 mae=2.369 r2=-8.767 pcc=-0.280 | ES 0/100 ★
2026-05-30 19:43:20,919 | INFO |   Ep   1/300 | Tr loss=0.6081 mae=0.975 r2=-0.541 pcc=0.369 | Vl loss=1.9586 mae=2.369 r2=-8.767 pcc=-0.280 | ES 0/100 ★
    ★ val_mae=2.3693  rmse=2.5246  r2=-8.7670  pcc=-0.2800
  Ep   2/300 | Tr loss=0.4996 mae=0.878 r2=-0.573 pcc=0.363 | Vl loss=2.0232 mae=2.427 r2=-9.073 pcc=-0.088 | ES 1/100
2026-05-30 19:43:25,181 | INFO |   Ep   2/300 | Tr loss=0.4996 mae=0.878 r2=-0.573 pcc=0.363 | Vl loss=2.0232 mae=2.427 r2=-9.073 pcc=-0.088 | ES 1/100
  Ep   3/300 | Tr loss=0.4946 mae=0.869 r2=-0.491 pcc=0.426 | Vl loss=1.7826 mae=2.201 r2=-7.302 pcc=0.408 | ES 0/100 ★
2026-05-30 19:43:29,443 | INFO |   Ep   3/300 | Tr loss=0.4946 mae=0.869 r2=-0.491 pcc=0.426 | Vl loss=1.7826 mae=2.201 r2=-7.302 pcc=0.408 | ES 0/100 ★
    ★ val_mae=2.2012  rmse=2.3276  r2=-7.3021  pcc=0.4082
  Ep   4/300 | Tr loss=0.5456 mae=0.915 r2=-0.653 pcc=0.331 | Vl loss=1.1447 mae=1.517 r2=-3.413 pcc=0.283 | ES 0/100 ★
2026-05-30 19:43:33,684 | INFO |   Ep   4/300 | Tr loss=0.5456 mae=0.915 r2=-0.653 pcc=0.331 | Vl loss=1.1447 mae=1.517 r2=-3.413 pcc=0.283 | ES 0/100 ★
    ★ val_mae=1.5174  rmse=1.6969  r2=-3.4126  pcc=0.2829
  Ep   5/300 | Tr loss=0.4785 mae=0.830 r2=-0.260 pcc=0.428 | Vl loss=1.3376 mae=1.725 r2=-4.511 pcc=0.178 | ES 1/100
2026-05-30 19:43:37,911 | INFO |   Ep   5/300 | Tr loss=0.4785 mae=0.830 r2=-0.260 pcc=0.428 | Vl loss=1.3376 mae=1.725 r2=-4.511 pcc=0.178 | ES 1/100
  Ep   6/300 | Tr loss=0.4477 mae=0.812 r2=-0.296 pcc=0.429 | Vl loss=1.1756 mae=1.581 r2=-3.657 pcc=0.397 | ES 2/100
2026-05-30 19:43:42,111 | INFO |   Ep   6/300 | Tr loss=0.4477 mae=0.812 r2=-0.296 pcc=0.429 | Vl loss=1.1756 mae=1.581 r2=-3.657 pcc=0.397 | ES 2/100
  Ep   7/300 | Tr loss=0.4974 mae=0.863 r2=-0.519 pcc=0.391 | Vl loss=1.0392 mae=1.471 r2=-2.940 pcc=0.687 | ES 0/100 ★
2026-05-30 19:43:46,351 | INFO |   Ep   7/300 | Tr loss=0.4974 mae=0.863 r2=-0.519 pcc=0.391 | Vl loss=1.0392 mae=1.471 r2=-2.940 pcc=0.687 | ES 0/100 ★
    ★ val_mae=1.4714  rmse=1.6036  r2=-2.9404  pcc=0.6875
  Ep   8/300 | Tr loss=0.3895 mae=0.766 r2=-0.187 pcc=0.474 | Vl loss=0.7878 mae=1.207 r2=-1.766 pcc=0.717 | ES 0/100 ★
2026-05-30 19:43:51,207 | INFO |   Ep   8/300 | Tr loss=0.3895 mae=0.766 r2=-0.187 pcc=0.474 | Vl loss=0.7878 mae=1.207 r2=-1.766 pcc=0.717 | ES 0/100 ★
    ★ val_mae=1.2073  rmse=1.3435  r2=-1.7658  pcc=0.7171
  Ep   9/300 | Tr loss=0.4453 mae=0.807 r2=-0.317 pcc=0.366 | Vl loss=0.6373 mae=1.105 r2=-1.274 pcc=0.752 | ES 0/100 ★
2026-05-30 19:43:55,446 | INFO |   Ep   9/300 | Tr loss=0.4453 mae=0.807 r2=-0.317 pcc=0.366 | Vl loss=0.6373 mae=1.105 r2=-1.274 pcc=0.752 | ES 0/100 ★
    ★ val_mae=1.1046  rmse=1.2180  r2=-1.2735  pcc=0.7520
  Ep  10/300 | Tr loss=0.4352 mae=0.793 r2=-0.021 pcc=0.491 | Vl loss=0.8276 mae=1.249 r2=-1.918 pcc=0.734 | ES 1/100
2026-05-30 19:43:59,665 | INFO |   Ep  10/300 | Tr loss=0.4352 mae=0.793 r2=-0.021 pcc=0.491 | Vl loss=0.8276 mae=1.249 r2=-1.918 pcc=0.734 | ES 1/100
  Ep  11/300 | Tr loss=0.3817 mae=0.732 r2=0.043 pcc=0.530 | Vl loss=0.6276 mae=1.034 r2=-1.048 pcc=0.791 | ES 0/100 ★
2026-05-30 19:44:03,894 | INFO |   Ep  11/300 | Tr loss=0.3817 mae=0.732 r2=0.043 pcc=0.530 | Vl loss=0.6276 mae=1.034 r2=-1.048 pcc=0.791 | ES 0/100 ★
    ★ val_mae=1.0341  rmse=1.1562  r2=-1.0485  pcc=0.7908
  Ep  12/300 | Tr loss=0.4272 mae=0.770 r2=-0.121 pcc=0.461 | Vl loss=0.5158 mae=0.919 r2=-0.612 pcc=0.833 | ES 0/100 ★
2026-05-30 19:44:08,132 | INFO |   Ep  12/300 | Tr loss=0.4272 mae=0.770 r2=-0.121 pcc=0.461 | Vl loss=0.5158 mae=0.919 r2=-0.612 pcc=0.833 | ES 0/100 ★
    ★ val_mae=0.9190  rmse=1.0258  r2=-0.6124  pcc=0.8330
  Ep  13/300 | Tr loss=0.4170 mae=0.792 r2=-0.250 pcc=0.421 | Vl loss=0.6120 mae=1.005 r2=-0.902 pcc=0.840 | ES 1/100
2026-05-30 19:44:12,362 | INFO |   Ep  13/300 | Tr loss=0.4170 mae=0.792 r2=-0.250 pcc=0.421 | Vl loss=0.6120 mae=1.005 r2=-0.902 pcc=0.840 | ES 1/100
  Ep  14/300 | Tr loss=0.3349 mae=0.671 r2=0.175 pcc=0.564 | Vl loss=0.6849 mae=1.072 r2=-1.205 pcc=0.749 | ES 2/100
2026-05-30 19:44:16,586 | INFO |   Ep  14/300 | Tr loss=0.3349 mae=0.671 r2=0.175 pcc=0.564 | Vl loss=0.6849 mae=1.072 r2=-1.205 pcc=0.749 | ES 2/100
  Ep  15/300 | Tr loss=0.3705 mae=0.726 r2=-0.070 pcc=0.488 | Vl loss=0.5939 mae=1.018 r2=-0.919 pcc=0.830 | ES 3/100
2026-05-30 19:44:20,823 | INFO |   Ep  15/300 | Tr loss=0.3705 mae=0.726 r2=-0.070 pcc=0.488 | Vl loss=0.5939 mae=1.018 r2=-0.919 pcc=0.830 | ES 3/100
  Ep  16/300 | Tr loss=0.3457 mae=0.681 r2=0.048 pcc=0.547 | Vl loss=0.5459 mae=0.986 r2=-0.779 pcc=0.852 | ES 4/100
2026-05-30 19:44:25,124 | INFO |   Ep  16/300 | Tr loss=0.3457 mae=0.681 r2=0.048 pcc=0.547 | Vl loss=0.5459 mae=0.986 r2=-0.779 pcc=0.852 | ES 4/100
  Ep  17/300 | Tr loss=0.3847 mae=0.738 r2=0.027 pcc=0.511 | Vl loss=0.5654 mae=0.997 r2=-0.835 pcc=0.839 | ES 5/100
2026-05-30 19:44:29,358 | INFO |   Ep  17/300 | Tr loss=0.3847 mae=0.738 r2=0.027 pcc=0.511 | Vl loss=0.5654 mae=0.997 r2=-0.835 pcc=0.839 | ES 5/100
  Ep  18/300 | Tr loss=0.3899 mae=0.733 r2=-0.159 pcc=0.412 | Vl loss=0.4276 mae=0.861 r2=-0.397 pcc=0.836 | ES 0/100 ★
2026-05-30 19:44:33,606 | INFO |   Ep  18/300 | Tr loss=0.3899 mae=0.733 r2=-0.159 pcc=0.412 | Vl loss=0.4276 mae=0.861 r2=-0.397 pcc=0.836 | ES 0/100 ★
    ★ val_mae=0.8606  rmse=0.9549  r2=-0.3972  pcc=0.8356
  Ep  19/300 | Tr loss=0.3791 mae=0.736 r2=-0.046 pcc=0.451 | Vl loss=0.4999 mae=0.935 r2=-0.640 pcc=0.825 | ES 1/100
2026-05-30 19:44:37,828 | INFO |   Ep  19/300 | Tr loss=0.3791 mae=0.736 r2=-0.046 pcc=0.451 | Vl loss=0.4999 mae=0.935 r2=-0.640 pcc=0.825 | ES 1/100
  Ep  20/300 | Tr loss=0.3533 mae=0.703 r2=-0.162 pcc=0.483 | Vl loss=0.4711 mae=0.899 r2=-0.520 pcc=0.844 | ES 2/100
2026-05-30 19:44:42,045 | INFO |   Ep  20/300 | Tr loss=0.3533 mae=0.703 r2=-0.162 pcc=0.483 | Vl loss=0.4711 mae=0.899 r2=-0.520 pcc=0.844 | ES 2/100
  Ep  21/300 | Tr loss=0.3198 mae=0.649 r2=0.131 pcc=0.562 | Vl loss=0.5609 mae=0.975 r2=-0.800 pcc=0.830 | ES 3/100
2026-05-30 19:44:46,274 | INFO |   Ep  21/300 | Tr loss=0.3198 mae=0.649 r2=0.131 pcc=0.562 | Vl loss=0.5609 mae=0.975 r2=-0.800 pcc=0.830 | ES 3/100
  Ep  22/300 | Tr loss=0.3504 mae=0.700 r2=0.000 pcc=0.497 | Vl loss=0.4440 mae=0.863 r2=-0.411 pcc=0.853 | ES 4/100
2026-05-30 19:44:50,518 | INFO |   Ep  22/300 | Tr loss=0.3504 mae=0.700 r2=0.000 pcc=0.497 | Vl loss=0.4440 mae=0.863 r2=-0.411 pcc=0.853 | ES 4/100
  Ep  23/300 | Tr loss=0.3327 mae=0.678 r2=0.218 pcc=0.588 | Vl loss=0.4244 mae=0.836 r2=-0.331 pcc=0.856 | ES 0/100 ★
2026-05-30 19:44:54,765 | INFO |   Ep  23/300 | Tr loss=0.3327 mae=0.678 r2=0.218 pcc=0.588 | Vl loss=0.4244 mae=0.836 r2=-0.331 pcc=0.856 | ES 0/100 ★
    ★ val_mae=0.8361  rmse=0.9318  r2=-0.3306  pcc=0.8561
  Ep  24/300 | Tr loss=0.3663 mae=0.721 r2=0.095 pcc=0.522 | Vl loss=0.5330 mae=0.945 r2=-0.679 pcc=0.851 | ES 1/100
2026-05-30 19:44:59,051 | INFO |   Ep  24/300 | Tr loss=0.3663 mae=0.721 r2=0.095 pcc=0.522 | Vl loss=0.5330 mae=0.945 r2=-0.679 pcc=0.851 | ES 1/100
  Ep  25/300 | Tr loss=0.3033 mae=0.627 r2=0.201 pcc=0.561 | Vl loss=0.1855 mae=0.531 r2=0.345 pcc=0.840 | ES 0/100 ★
2026-05-30 19:45:03,310 | INFO |   Ep  25/300 | Tr loss=0.3033 mae=0.627 r2=0.201 pcc=0.561 | Vl loss=0.1855 mae=0.531 r2=0.345 pcc=0.840 | ES 0/100 ★
    ★ val_mae=0.5310  rmse=0.6537  r2=0.3452  pcc=0.8400
  Ep  26/300 | Tr loss=0.2897 mae=0.604 r2=0.279 pcc=0.622 | Vl loss=0.5024 mae=0.922 r2=-0.593 pcc=0.849 | ES 1/100
2026-05-30 19:45:07,525 | INFO |   Ep  26/300 | Tr loss=0.2897 mae=0.604 r2=0.279 pcc=0.622 | Vl loss=0.5024 mae=0.922 r2=-0.593 pcc=0.849 | ES 1/100
  Ep  27/300 | Tr loss=0.3223 mae=0.637 r2=0.131 pcc=0.535 | Vl loss=0.4631 mae=0.878 r2=-0.454 pcc=0.849 | ES 2/100
2026-05-30 19:45:11,856 | INFO |   Ep  27/300 | Tr loss=0.3223 mae=0.637 r2=0.131 pcc=0.535 | Vl loss=0.4631 mae=0.878 r2=-0.454 pcc=0.849 | ES 2/100
  Ep  28/300 | Tr loss=0.3113 mae=0.648 r2=0.259 pcc=0.594 | Vl loss=0.5875 mae=1.007 r2=-0.892 pcc=0.843 | ES 3/100
2026-05-30 19:45:16,116 | INFO |   Ep  28/300 | Tr loss=0.3113 mae=0.648 r2=0.259 pcc=0.594 | Vl loss=0.5875 mae=1.007 r2=-0.892 pcc=0.843 | ES 3/100
  Ep  29/300 | Tr loss=0.2919 mae=0.614 r2=0.268 pcc=0.619 | Vl loss=0.5122 mae=0.937 r2=-0.646 pcc=0.834 | ES 4/100
2026-05-30 19:45:20,360 | INFO |   Ep  29/300 | Tr loss=0.2919 mae=0.614 r2=0.268 pcc=0.619 | Vl loss=0.5122 mae=0.937 r2=-0.646 pcc=0.834 | ES 4/100
  Ep  30/300 | Tr loss=0.3055 mae=0.634 r2=0.342 pcc=0.648 | Vl loss=0.6621 mae=1.085 r2=-1.211 pcc=0.785 | ES 5/100
2026-05-30 19:45:24,593 | INFO |   Ep  30/300 | Tr loss=0.3055 mae=0.634 r2=0.342 pcc=0.648 | Vl loss=0.6621 mae=1.085 r2=-1.211 pcc=0.785 | ES 5/100
  Ep  31/300 | Tr loss=0.2874 mae=0.613 r2=0.284 pcc=0.634 | Vl loss=0.6150 mae=1.034 r2=-1.011 pcc=0.797 | ES 6/100
2026-05-30 19:45:28,819 | INFO |   Ep  31/300 | Tr loss=0.2874 mae=0.613 r2=0.284 pcc=0.634 | Vl loss=0.6150 mae=1.034 r2=-1.011 pcc=0.797 | ES 6/100
  Ep  32/300 | Tr loss=0.3098 mae=0.650 r2=0.150 pcc=0.568 | Vl loss=0.3770 mae=0.787 r2=-0.188 pcc=0.838 | ES 7/100
2026-05-30 19:45:33,036 | INFO |   Ep  32/300 | Tr loss=0.3098 mae=0.650 r2=0.150 pcc=0.568 | Vl loss=0.3770 mae=0.787 r2=-0.188 pcc=0.838 | ES 7/100
  Ep  33/300 | Tr loss=0.2722 mae=0.601 r2=0.292 pcc=0.625 | Vl loss=0.5144 mae=0.914 r2=-0.601 pcc=0.836 | ES 8/100
2026-05-30 19:45:37,567 | INFO |   Ep  33/300 | Tr loss=0.2722 mae=0.601 r2=0.292 pcc=0.625 | Vl loss=0.5144 mae=0.914 r2=-0.601 pcc=0.836 | ES 8/100
  Ep  34/300 | Tr loss=0.2683 mae=0.599 r2=0.362 pcc=0.655 | Vl loss=0.6164 mae=1.042 r2=-1.030 pcc=0.820 | ES 9/100
2026-05-30 19:45:41,779 | INFO |   Ep  34/300 | Tr loss=0.2683 mae=0.599 r2=0.362 pcc=0.655 | Vl loss=0.6164 mae=1.042 r2=-1.030 pcc=0.820 | ES 9/100
  Ep  35/300 | Tr loss=0.2773 mae=0.598 r2=0.331 pcc=0.644 | Vl loss=0.4083 mae=0.847 r2=-0.389 pcc=0.824 | ES 10/100
2026-05-30 19:45:45,992 | INFO |   Ep  35/300 | Tr loss=0.2773 mae=0.598 r2=0.331 pcc=0.644 | Vl loss=0.4083 mae=0.847 r2=-0.389 pcc=0.824 | ES 10/100
  Ep  36/300 | Tr loss=0.3119 mae=0.650 r2=0.186 pcc=0.555 | Vl loss=0.1279 mae=0.378 r2=0.513 pcc=0.847 | ES 0/100 ★
2026-05-30 19:45:51,194 | INFO |   Ep  36/300 | Tr loss=0.3119 mae=0.650 r2=0.186 pcc=0.555 | Vl loss=0.1279 mae=0.378 r2=0.513 pcc=0.847 | ES 0/100 ★
    ★ val_mae=0.3775  rmse=0.5636  r2=0.5132  pcc=0.8467
  Ep  37/300 | Tr loss=0.2927 mae=0.636 r2=0.232 pcc=0.603 | Vl loss=0.3600 mae=0.780 r2=-0.204 pcc=0.826 | ES 1/100
2026-05-30 19:45:55,411 | INFO |   Ep  37/300 | Tr loss=0.2927 mae=0.636 r2=0.232 pcc=0.603 | Vl loss=0.3600 mae=0.780 r2=-0.204 pcc=0.826 | ES 1/100
  Ep  38/300 | Tr loss=0.2840 mae=0.613 r2=0.290 pcc=0.605 | Vl loss=0.6016 mae=1.027 r2=-0.972 pcc=0.804 | ES 2/100
2026-05-30 19:45:59,638 | INFO |   Ep  38/300 | Tr loss=0.2840 mae=0.613 r2=0.290 pcc=0.605 | Vl loss=0.6016 mae=1.027 r2=-0.972 pcc=0.804 | ES 2/100
  Ep  39/300 | Tr loss=0.2845 mae=0.635 r2=0.179 pcc=0.581 | Vl loss=0.4430 mae=0.876 r2=-0.477 pcc=0.817 | ES 3/100
2026-05-30 19:46:03,862 | INFO |   Ep  39/300 | Tr loss=0.2845 mae=0.635 r2=0.179 pcc=0.581 | Vl loss=0.4430 mae=0.876 r2=-0.477 pcc=0.817 | ES 3/100
  Ep  40/300 | Tr loss=0.2671 mae=0.578 r2=0.326 pcc=0.656 | Vl loss=0.2801 mae=0.676 r2=0.022 pcc=0.820 | ES 4/100
2026-05-30 19:46:08,132 | INFO |   Ep  40/300 | Tr loss=0.2671 mae=0.578 r2=0.326 pcc=0.656 | Vl loss=0.2801 mae=0.676 r2=0.022 pcc=0.820 | ES 4/100
  Ep  41/300 | Tr loss=0.2793 mae=0.623 r2=0.304 pcc=0.612 | Vl loss=0.4577 mae=0.891 r2=-0.521 pcc=0.810 | ES 5/100
2026-05-30 19:46:12,355 | INFO |   Ep  41/300 | Tr loss=0.2793 mae=0.623 r2=0.304 pcc=0.612 | Vl loss=0.4577 mae=0.891 r2=-0.521 pcc=0.810 | ES 5/100
  Ep  42/300 | Tr loss=0.2691 mae=0.603 r2=0.356 pcc=0.638 | Vl loss=0.3431 mae=0.770 r2=-0.217 pcc=0.822 | ES 6/100
2026-05-30 19:46:16,702 | INFO |   Ep  42/300 | Tr loss=0.2691 mae=0.603 r2=0.356 pcc=0.638 | Vl loss=0.3431 mae=0.770 r2=-0.217 pcc=0.822 | ES 6/100
  Ep  43/300 | Tr loss=0.2977 mae=0.623 r2=0.298 pcc=0.618 | Vl loss=0.3011 mae=0.710 r2=-0.088 pcc=0.822 | ES 7/100
2026-05-30 19:46:20,935 | INFO |   Ep  43/300 | Tr loss=0.2977 mae=0.623 r2=0.298 pcc=0.618 | Vl loss=0.3011 mae=0.710 r2=-0.088 pcc=0.822 | ES 7/100
  Ep  44/300 | Tr loss=0.2602 mae=0.581 r2=0.398 pcc=0.664 | Vl loss=0.3307 mae=0.752 r2=-0.141 pcc=0.813 | ES 8/100
2026-05-30 19:46:25,185 | INFO |   Ep  44/300 | Tr loss=0.2602 mae=0.581 r2=0.398 pcc=0.664 | Vl loss=0.3307 mae=0.752 r2=-0.141 pcc=0.813 | ES 8/100
  Ep  45/300 | Tr loss=0.2329 mae=0.548 r2=0.438 pcc=0.692 | Vl loss=0.5725 mae=1.016 r2=-0.924 pcc=0.810 | ES 9/100
2026-05-30 19:46:29,400 | INFO |   Ep  45/300 | Tr loss=0.2329 mae=0.548 r2=0.438 pcc=0.692 | Vl loss=0.5725 mae=1.016 r2=-0.924 pcc=0.810 | ES 9/100
  Ep  46/300 | Tr loss=0.2751 mae=0.590 r2=0.331 pcc=0.629 | Vl loss=0.1894 mae=0.484 r2=0.243 pcc=0.826 | ES 10/100
2026-05-30 19:46:33,606 | INFO |   Ep  46/300 | Tr loss=0.2751 mae=0.590 r2=0.331 pcc=0.629 | Vl loss=0.1894 mae=0.484 r2=0.243 pcc=0.826 | ES 10/100
  Ep  47/300 | Tr loss=0.2594 mae=0.566 r2=0.358 pcc=0.675 | Vl loss=0.2628 mae=0.654 r2=0.013 pcc=0.825 | ES 11/100
2026-05-30 19:46:37,819 | INFO |   Ep  47/300 | Tr loss=0.2594 mae=0.566 r2=0.358 pcc=0.675 | Vl loss=0.2628 mae=0.654 r2=0.013 pcc=0.825 | ES 11/100
  Ep  48/300 | Tr loss=0.2300 mae=0.550 r2=0.398 pcc=0.682 | Vl loss=0.3286 mae=0.757 r2=-0.164 pcc=0.814 | ES 12/100
2026-05-30 19:46:42,039 | INFO |   Ep  48/300 | Tr loss=0.2300 mae=0.550 r2=0.398 pcc=0.682 | Vl loss=0.3286 mae=0.757 r2=-0.164 pcc=0.814 | ES 12/100
  Ep  49/300 | Tr loss=0.2877 mae=0.609 r2=0.290 pcc=0.622 | Vl loss=0.4415 mae=0.897 r2=-0.543 pcc=0.812 | ES 13/100
2026-05-30 19:46:46,438 | INFO |   Ep  49/300 | Tr loss=0.2877 mae=0.609 r2=0.290 pcc=0.622 | Vl loss=0.4415 mae=0.897 r2=-0.543 pcc=0.812 | ES 13/100
  Ep  50/300 | Tr loss=0.3015 mae=0.631 r2=0.266 pcc=0.595 | Vl loss=0.4883 mae=0.947 r2=-0.695 pcc=0.810 | ES 14/100
2026-05-30 19:46:50,911 | INFO |   Ep  50/300 | Tr loss=0.3015 mae=0.631 r2=0.266 pcc=0.595 | Vl loss=0.4883 mae=0.947 r2=-0.695 pcc=0.810 | ES 14/100
  Ep  51/300 | Tr loss=0.2730 mae=0.572 r2=0.346 pcc=0.641 | Vl loss=0.5783 mae=1.008 r2=-0.898 pcc=0.805 | ES 15/100
2026-05-30 19:46:55,285 | INFO |   Ep  51/300 | Tr loss=0.2730 mae=0.572 r2=0.346 pcc=0.641 | Vl loss=0.5783 mae=1.008 r2=-0.898 pcc=0.805 | ES 15/100
  Ep  52/300 | Tr loss=0.2394 mae=0.543 r2=0.431 pcc=0.690 | Vl loss=0.3618 mae=0.785 r2=-0.211 pcc=0.830 | ES 16/100
2026-05-30 19:46:59,530 | INFO |   Ep  52/300 | Tr loss=0.2394 mae=0.543 r2=0.431 pcc=0.690 | Vl loss=0.3618 mae=0.785 r2=-0.211 pcc=0.830 | ES 16/100
  Ep  53/300 | Tr loss=0.2485 mae=0.547 r2=0.342 pcc=0.639 | Vl loss=0.2893 mae=0.692 r2=0.034 pcc=0.832 | ES 17/100
2026-05-30 19:47:04,388 | INFO |   Ep  53/300 | Tr loss=0.2485 mae=0.547 r2=0.342 pcc=0.639 | Vl loss=0.2893 mae=0.692 r2=0.034 pcc=0.832 | ES 17/100
  Ep  54/300 | Tr loss=0.2274 mae=0.550 r2=0.446 pcc=0.693 | Vl loss=0.5884 mae=0.995 r2=-0.865 pcc=0.806 | ES 18/100
2026-05-30 19:47:08,620 | INFO |   Ep  54/300 | Tr loss=0.2274 mae=0.550 r2=0.446 pcc=0.693 | Vl loss=0.5884 mae=0.995 r2=-0.865 pcc=0.806 | ES 18/100
  Ep  55/300 | Tr loss=0.2342 mae=0.560 r2=0.344 pcc=0.644 | Vl loss=0.4513 mae=0.871 r2=-0.462 pcc=0.795 | ES 19/100
2026-05-30 19:47:12,843 | INFO |   Ep  55/300 | Tr loss=0.2342 mae=0.560 r2=0.344 pcc=0.644 | Vl loss=0.4513 mae=0.871 r2=-0.462 pcc=0.795 | ES 19/100
  Ep  56/300 | Tr loss=0.2292 mae=0.542 r2=0.471 pcc=0.706 | Vl loss=0.5436 mae=0.951 r2=-0.742 pcc=0.786 | ES 20/100
2026-05-30 19:47:17,063 | INFO |   Ep  56/300 | Tr loss=0.2292 mae=0.542 r2=0.471 pcc=0.706 | Vl loss=0.5436 mae=0.951 r2=-0.742 pcc=0.786 | ES 20/100
  Ep  57/300 | Tr loss=0.2159 mae=0.516 r2=0.532 pcc=0.746 | Vl loss=0.5736 mae=0.990 r2=-0.839 pcc=0.818 | ES 21/100
2026-05-30 19:47:21,281 | INFO |   Ep  57/300 | Tr loss=0.2159 mae=0.516 r2=0.532 pcc=0.746 | Vl loss=0.5736 mae=0.990 r2=-0.839 pcc=0.818 | ES 21/100
  Ep  58/300 | Tr loss=0.2318 mae=0.520 r2=0.511 pcc=0.734 | Vl loss=0.2903 mae=0.699 r2=-0.053 pcc=0.832 | ES 22/100
2026-05-30 19:47:25,495 | INFO |   Ep  58/300 | Tr loss=0.2318 mae=0.520 r2=0.511 pcc=0.734 | Vl loss=0.2903 mae=0.699 r2=-0.053 pcc=0.832 | ES 22/100
  Ep  59/300 | Tr loss=0.2552 mae=0.586 r2=0.426 pcc=0.670 | Vl loss=0.6456 mae=1.101 r2=-1.211 pcc=0.803 | ES 23/100
2026-05-30 19:47:29,711 | INFO |   Ep  59/300 | Tr loss=0.2552 mae=0.586 r2=0.426 pcc=0.670 | Vl loss=0.6456 mae=1.101 r2=-1.211 pcc=0.803 | ES 23/100
  Ep  60/300 | Tr loss=0.2639 mae=0.557 r2=0.443 pcc=0.699 | Vl loss=0.4407 mae=0.902 r2=-0.577 pcc=0.799 | ES 24/100
2026-05-30 19:47:34,536 | INFO |   Ep  60/300 | Tr loss=0.2639 mae=0.557 r2=0.443 pcc=0.699 | Vl loss=0.4407 mae=0.902 r2=-0.577 pcc=0.799 | ES 24/100
  Ep  61/300 | Tr loss=0.2399 mae=0.560 r2=0.419 pcc=0.678 | Vl loss=0.3012 mae=0.711 r2=-0.116 pcc=0.807 | ES 25/100
2026-05-30 19:47:38,961 | INFO |   Ep  61/300 | Tr loss=0.2399 mae=0.560 r2=0.419 pcc=0.678 | Vl loss=0.3012 mae=0.711 r2=-0.116 pcc=0.807 | ES 25/100
  Ep  62/300 | Tr loss=0.2247 mae=0.542 r2=0.451 pcc=0.690 | Vl loss=0.6073 mae=1.057 r2=-1.075 pcc=0.767 | ES 26/100
2026-05-30 19:47:43,195 | INFO |   Ep  62/300 | Tr loss=0.2247 mae=0.542 r2=0.451 pcc=0.690 | Vl loss=0.6073 mae=1.057 r2=-1.075 pcc=0.767 | ES 26/100
  Ep  63/300 | Tr loss=0.2380 mae=0.560 r2=0.456 pcc=0.689 | Vl loss=0.3437 mae=0.776 r2=-0.264 pcc=0.800 | ES 27/100
2026-05-30 19:47:48,051 | INFO |   Ep  63/300 | Tr loss=0.2380 mae=0.560 r2=0.456 pcc=0.689 | Vl loss=0.3437 mae=0.776 r2=-0.264 pcc=0.800 | ES 27/100
  Ep  64/300 | Tr loss=0.2660 mae=0.595 r2=0.275 pcc=0.596 | Vl loss=0.1880 mae=0.493 r2=0.267 pcc=0.821 | ES 28/100
2026-05-30 19:47:52,270 | INFO |   Ep  64/300 | Tr loss=0.2660 mae=0.595 r2=0.275 pcc=0.596 | Vl loss=0.1880 mae=0.493 r2=0.267 pcc=0.821 | ES 28/100
  Ep  65/300 | Tr loss=0.2329 mae=0.533 r2=0.449 pcc=0.697 | Vl loss=0.2993 mae=0.711 r2=-0.108 pcc=0.818 | ES 29/100
2026-05-30 19:47:56,499 | INFO |   Ep  65/300 | Tr loss=0.2329 mae=0.533 r2=0.449 pcc=0.697 | Vl loss=0.2993 mae=0.711 r2=-0.108 pcc=0.818 | ES 29/100
  Ep  66/300 | Tr loss=0.2465 mae=0.543 r2=0.428 pcc=0.689 | Vl loss=0.1913 mae=0.503 r2=0.261 pcc=0.826 | ES 30/100
2026-05-30 19:48:00,713 | INFO |   Ep  66/300 | Tr loss=0.2465 mae=0.543 r2=0.428 pcc=0.689 | Vl loss=0.1913 mae=0.503 r2=0.261 pcc=0.826 | ES 30/100
  Ep  67/300 | Tr loss=0.2339 mae=0.548 r2=0.456 pcc=0.690 | Vl loss=0.3151 mae=0.730 r2=-0.138 pcc=0.811 | ES 31/100
2026-05-30 19:48:04,929 | INFO |   Ep  67/300 | Tr loss=0.2339 mae=0.548 r2=0.456 pcc=0.690 | Vl loss=0.3151 mae=0.730 r2=-0.138 pcc=0.811 | ES 31/100
  Ep  68/300 | Tr loss=0.2322 mae=0.552 r2=0.502 pcc=0.723 | Vl loss=0.6455 mae=1.093 r2=-1.198 pcc=0.765 | ES 32/100
2026-05-30 19:48:09,143 | INFO |   Ep  68/300 | Tr loss=0.2322 mae=0.552 r2=0.502 pcc=0.723 | Vl loss=0.6455 mae=1.093 r2=-1.198 pcc=0.765 | ES 32/100
  Ep  69/300 | Tr loss=0.1973 mae=0.504 r2=0.515 pcc=0.725 | Vl loss=0.5994 mae=1.056 r2=-1.086 pcc=0.747 | ES 33/100
2026-05-30 19:48:13,360 | INFO |   Ep  69/300 | Tr loss=0.1973 mae=0.504 r2=0.515 pcc=0.725 | Vl loss=0.5994 mae=1.056 r2=-1.086 pcc=0.747 | ES 33/100
  Ep  70/300 | Tr loss=0.2677 mae=0.600 r2=0.252 pcc=0.589 | Vl loss=0.2636 mae=0.651 r2=0.009 pcc=0.810 | ES 34/100
2026-05-30 19:48:17,582 | INFO |   Ep  70/300 | Tr loss=0.2677 mae=0.600 r2=0.252 pcc=0.589 | Vl loss=0.2636 mae=0.651 r2=0.009 pcc=0.810 | ES 34/100
  Ep  71/300 | Tr loss=0.2696 mae=0.590 r2=0.291 pcc=0.598 | Vl loss=0.2078 mae=0.545 r2=0.218 pcc=0.821 | ES 35/100
2026-05-30 19:48:21,788 | INFO |   Ep  71/300 | Tr loss=0.2696 mae=0.590 r2=0.291 pcc=0.598 | Vl loss=0.2078 mae=0.545 r2=0.218 pcc=0.821 | ES 35/100
  Ep  72/300 | Tr loss=0.2073 mae=0.510 r2=0.430 pcc=0.694 | Vl loss=0.4870 mae=0.922 r2=-0.630 pcc=0.780 | ES 36/100
2026-05-30 19:48:25,994 | INFO |   Ep  72/300 | Tr loss=0.2073 mae=0.510 r2=0.430 pcc=0.694 | Vl loss=0.4870 mae=0.922 r2=-0.630 pcc=0.780 | ES 36/100
  Ep  73/300 | Tr loss=0.2445 mae=0.576 r2=0.465 pcc=0.688 | Vl loss=0.2251 mae=0.584 r2=0.192 pcc=0.808 | ES 37/100
2026-05-30 19:48:30,197 | INFO |   Ep  73/300 | Tr loss=0.2445 mae=0.576 r2=0.465 pcc=0.688 | Vl loss=0.2251 mae=0.584 r2=0.192 pcc=0.808 | ES 37/100
  Ep  74/300 | Tr loss=0.2458 mae=0.566 r2=0.372 pcc=0.655 | Vl loss=0.1710 mae=0.445 r2=0.323 pcc=0.814 | ES 38/100
2026-05-30 19:48:34,498 | INFO |   Ep  74/300 | Tr loss=0.2458 mae=0.566 r2=0.372 pcc=0.655 | Vl loss=0.1710 mae=0.445 r2=0.323 pcc=0.814 | ES 38/100
  Ep  75/300 | Tr loss=0.2217 mae=0.544 r2=0.454 pcc=0.698 | Vl loss=0.2551 mae=0.627 r2=0.078 pcc=0.813 | ES 39/100
2026-05-30 19:48:38,718 | INFO |   Ep  75/300 | Tr loss=0.2217 mae=0.544 r2=0.454 pcc=0.698 | Vl loss=0.2551 mae=0.627 r2=0.078 pcc=0.813 | ES 39/100
  Ep  76/300 | Tr loss=0.2194 mae=0.526 r2=0.422 pcc=0.684 | Vl loss=0.2634 mae=0.641 r2=0.045 pcc=0.807 | ES 40/100
2026-05-30 19:48:43,160 | INFO |   Ep  76/300 | Tr loss=0.2194 mae=0.526 r2=0.422 pcc=0.684 | Vl loss=0.2634 mae=0.641 r2=0.045 pcc=0.807 | ES 40/100
  Ep  77/300 | Tr loss=0.2132 mae=0.534 r2=0.376 pcc=0.669 | Vl loss=0.4227 mae=0.854 r2=-0.425 pcc=0.789 | ES 41/100
2026-05-30 19:48:47,385 | INFO |   Ep  77/300 | Tr loss=0.2132 mae=0.534 r2=0.376 pcc=0.669 | Vl loss=0.4227 mae=0.854 r2=-0.425 pcc=0.789 | ES 41/100
  Ep  78/300 | Tr loss=0.2222 mae=0.522 r2=0.505 pcc=0.724 | Vl loss=0.5088 mae=0.941 r2=-0.694 pcc=0.773 | ES 42/100
2026-05-30 19:48:51,589 | INFO |   Ep  78/300 | Tr loss=0.2222 mae=0.522 r2=0.505 pcc=0.724 | Vl loss=0.5088 mae=0.941 r2=-0.694 pcc=0.773 | ES 42/100
  Ep  79/300 | Tr loss=0.2463 mae=0.558 r2=0.410 pcc=0.667 | Vl loss=0.2493 mae=0.613 r2=0.060 pcc=0.808 | ES 43/100
2026-05-30 19:48:55,802 | INFO |   Ep  79/300 | Tr loss=0.2463 mae=0.558 r2=0.410 pcc=0.667 | Vl loss=0.2493 mae=0.613 r2=0.060 pcc=0.808 | ES 43/100
  Ep  80/300 | Tr loss=0.2118 mae=0.495 r2=0.569 pcc=0.761 | Vl loss=0.5957 mae=1.033 r2=-1.020 pcc=0.748 | ES 44/100
2026-05-30 19:49:00,003 | INFO |   Ep  80/300 | Tr loss=0.2118 mae=0.495 r2=0.569 pcc=0.761 | Vl loss=0.5957 mae=1.033 r2=-1.020 pcc=0.748 | ES 44/100
  Ep  81/300 | Tr loss=0.2327 mae=0.560 r2=0.418 pcc=0.674 | Vl loss=0.4240 mae=0.873 r2=-0.504 pcc=0.781 | ES 45/100
2026-05-30 19:49:04,234 | INFO |   Ep  81/300 | Tr loss=0.2327 mae=0.560 r2=0.418 pcc=0.674 | Vl loss=0.4240 mae=0.873 r2=-0.504 pcc=0.781 | ES 45/100
  Ep  82/300 | Tr loss=0.1936 mae=0.471 r2=0.502 pcc=0.720 | Vl loss=0.2868 mae=0.687 r2=-0.063 pcc=0.801 | ES 46/100
2026-05-30 19:49:08,455 | INFO |   Ep  82/300 | Tr loss=0.1936 mae=0.471 r2=0.502 pcc=0.720 | Vl loss=0.2868 mae=0.687 r2=-0.063 pcc=0.801 | ES 46/100
  Ep  83/300 | Tr loss=0.2154 mae=0.527 r2=0.484 pcc=0.707 | Vl loss=0.4690 mae=0.934 r2=-0.714 pcc=0.742 | ES 47/100
2026-05-30 19:49:12,678 | INFO |   Ep  83/300 | Tr loss=0.2154 mae=0.527 r2=0.484 pcc=0.707 | Vl loss=0.4690 mae=0.934 r2=-0.714 pcc=0.742 | ES 47/100
  Ep  84/300 | Tr loss=0.2173 mae=0.533 r2=0.492 pcc=0.721 | Vl loss=0.4671 mae=0.930 r2=-0.700 pcc=0.747 | ES 48/100
2026-05-30 19:49:17,367 | INFO |   Ep  84/300 | Tr loss=0.2173 mae=0.533 r2=0.492 pcc=0.721 | Vl loss=0.4671 mae=0.930 r2=-0.700 pcc=0.747 | ES 48/100
  Ep  85/300 | Tr loss=0.1994 mae=0.500 r2=0.543 pcc=0.747 | Vl loss=0.5276 mae=0.991 r2=-0.898 pcc=0.749 | ES 49/100
2026-05-30 19:49:21,590 | INFO |   Ep  85/300 | Tr loss=0.1994 mae=0.500 r2=0.543 pcc=0.747 | Vl loss=0.5276 mae=0.991 r2=-0.898 pcc=0.749 | ES 49/100
  Ep  86/300 | Tr loss=0.2478 mae=0.543 r2=0.498 pcc=0.715 | Vl loss=0.1603 mae=0.418 r2=0.366 pcc=0.824 | ES 50/100
2026-05-30 19:49:25,810 | INFO |   Ep  86/300 | Tr loss=0.2478 mae=0.543 r2=0.498 pcc=0.715 | Vl loss=0.1603 mae=0.418 r2=0.366 pcc=0.824 | ES 50/100
  Ep  87/300 | Tr loss=0.2085 mae=0.506 r2=0.448 pcc=0.703 | Vl loss=0.1337 mae=0.377 r2=0.485 pcc=0.825 | ES 0/100 ★
2026-05-30 19:49:30,045 | INFO |   Ep  87/300 | Tr loss=0.2085 mae=0.506 r2=0.448 pcc=0.703 | Vl loss=0.1337 mae=0.377 r2=0.485 pcc=0.825 | ES 0/100 ★
    ★ val_mae=0.3766  rmse=0.5795  r2=0.4853  pcc=0.8249
  Ep  88/300 | Tr loss=0.1902 mae=0.492 r2=0.514 pcc=0.734 | Vl loss=0.2151 mae=0.573 r2=0.233 pcc=0.803 | ES 1/100
2026-05-30 19:49:34,258 | INFO |   Ep  88/300 | Tr loss=0.1902 mae=0.492 r2=0.514 pcc=0.734 | Vl loss=0.2151 mae=0.573 r2=0.233 pcc=0.803 | ES 1/100
  Ep  89/300 | Tr loss=0.2018 mae=0.517 r2=0.473 pcc=0.721 | Vl loss=0.1517 mae=0.426 r2=0.418 pcc=0.825 | ES 2/100
2026-05-30 19:49:38,470 | INFO |   Ep  89/300 | Tr loss=0.2018 mae=0.517 r2=0.473 pcc=0.721 | Vl loss=0.1517 mae=0.426 r2=0.418 pcc=0.825 | ES 2/100
  Ep  90/300 | Tr loss=0.2177 mae=0.544 r2=0.506 pcc=0.729 | Vl loss=0.1618 mae=0.439 r2=0.370 pcc=0.827 | ES 3/100
2026-05-30 19:49:43,071 | INFO |   Ep  90/300 | Tr loss=0.2177 mae=0.544 r2=0.506 pcc=0.729 | Vl loss=0.1618 mae=0.439 r2=0.370 pcc=0.827 | ES 3/100
  Ep  91/300 | Tr loss=0.2405 mae=0.551 r2=0.465 pcc=0.699 | Vl loss=0.1406 mae=0.376 r2=0.456 pcc=0.829 | ES 0/100 ★
2026-05-30 19:49:47,314 | INFO |   Ep  91/300 | Tr loss=0.2405 mae=0.551 r2=0.465 pcc=0.699 | Vl loss=0.1406 mae=0.376 r2=0.456 pcc=0.829 | ES 0/100 ★
    ★ val_mae=0.3758  rmse=0.5957  r2=0.4563  pcc=0.8288
  Ep  92/300 | Tr loss=0.2192 mae=0.526 r2=0.496 pcc=0.724 | Vl loss=0.1933 mae=0.537 r2=0.314 pcc=0.835 | ES 1/100
2026-05-30 19:49:51,590 | INFO |   Ep  92/300 | Tr loss=0.2192 mae=0.526 r2=0.496 pcc=0.724 | Vl loss=0.1933 mae=0.537 r2=0.314 pcc=0.835 | ES 1/100
  Ep  93/300 | Tr loss=0.2091 mae=0.504 r2=0.505 pcc=0.729 | Vl loss=0.1801 mae=0.512 r2=0.362 pcc=0.837 | ES 2/100
2026-05-30 19:49:55,818 | INFO |   Ep  93/300 | Tr loss=0.2091 mae=0.504 r2=0.505 pcc=0.729 | Vl loss=0.1801 mae=0.512 r2=0.362 pcc=0.837 | ES 2/100
  Ep  94/300 | Tr loss=0.2666 mae=0.596 r2=0.345 pcc=0.638 | Vl loss=0.1351 mae=0.411 r2=0.504 pcc=0.838 | ES 3/100
2026-05-30 19:50:00,035 | INFO |   Ep  94/300 | Tr loss=0.2666 mae=0.596 r2=0.345 pcc=0.638 | Vl loss=0.1351 mae=0.411 r2=0.504 pcc=0.838 | ES 3/100
  Ep  95/300 | Tr loss=0.2365 mae=0.562 r2=0.428 pcc=0.670 | Vl loss=0.1970 mae=0.546 r2=0.306 pcc=0.828 | ES 4/100
2026-05-30 19:50:04,255 | INFO |   Ep  95/300 | Tr loss=0.2365 mae=0.562 r2=0.428 pcc=0.670 | Vl loss=0.1970 mae=0.546 r2=0.306 pcc=0.828 | ES 4/100
  Ep  96/300 | Tr loss=0.2259 mae=0.545 r2=0.448 pcc=0.691 | Vl loss=0.1924 mae=0.525 r2=0.296 pcc=0.828 | ES 5/100
2026-05-30 19:50:08,470 | INFO |   Ep  96/300 | Tr loss=0.2259 mae=0.545 r2=0.448 pcc=0.691 | Vl loss=0.1924 mae=0.525 r2=0.296 pcc=0.828 | ES 5/100
  Ep  97/300 | Tr loss=0.2286 mae=0.524 r2=0.414 pcc=0.670 | Vl loss=0.1895 mae=0.513 r2=0.292 pcc=0.825 | ES 6/100
2026-05-30 19:50:12,713 | INFO |   Ep  97/300 | Tr loss=0.2286 mae=0.524 r2=0.414 pcc=0.670 | Vl loss=0.1895 mae=0.513 r2=0.292 pcc=0.825 | ES 6/100
  Ep  98/300 | Tr loss=0.1821 mae=0.484 r2=0.628 pcc=0.803 | Vl loss=0.4350 mae=0.892 r2=-0.545 pcc=0.780 | ES 7/100
2026-05-30 19:50:17,303 | INFO |   Ep  98/300 | Tr loss=0.1821 mae=0.484 r2=0.628 pcc=0.803 | Vl loss=0.4350 mae=0.892 r2=-0.545 pcc=0.780 | ES 7/100
  Ep  99/300 | Tr loss=0.2050 mae=0.503 r2=0.519 pcc=0.735 | Vl loss=0.2547 mae=0.619 r2=-0.007 pcc=0.811 | ES 8/100
2026-05-30 19:50:21,714 | INFO |   Ep  99/300 | Tr loss=0.2050 mae=0.503 r2=0.519 pcc=0.735 | Vl loss=0.2547 mae=0.619 r2=-0.007 pcc=0.811 | ES 8/100
  Ep 100/300 | Tr loss=0.2220 mae=0.532 r2=0.489 pcc=0.710 | Vl loss=0.2558 mae=0.617 r2=-0.021 pcc=0.804 | ES 9/100
2026-05-30 19:50:25,921 | INFO |   Ep 100/300 | Tr loss=0.2220 mae=0.532 r2=0.489 pcc=0.710 | Vl loss=0.2558 mae=0.617 r2=-0.021 pcc=0.804 | ES 9/100
  Ep 101/300 | Tr loss=0.2245 mae=0.550 r2=0.502 pcc=0.724 | Vl loss=0.2625 mae=0.643 r2=-0.006 pcc=0.800 | ES 10/100
2026-05-30 19:50:30,156 | INFO |   Ep 101/300 | Tr loss=0.2245 mae=0.550 r2=0.502 pcc=0.724 | Vl loss=0.2625 mae=0.643 r2=-0.006 pcc=0.800 | ES 10/100
  Ep 102/300 | Tr loss=0.2423 mae=0.560 r2=0.527 pcc=0.730 | Vl loss=0.2896 mae=0.688 r2=-0.094 pcc=0.809 | ES 11/100
2026-05-30 19:50:34,372 | INFO |   Ep 102/300 | Tr loss=0.2423 mae=0.560 r2=0.527 pcc=0.730 | Vl loss=0.2896 mae=0.688 r2=-0.094 pcc=0.809 | ES 11/100
  Ep 103/300 | Tr loss=0.1964 mae=0.492 r2=0.521 pcc=0.735 | Vl loss=0.1856 mae=0.486 r2=0.273 pcc=0.821 | ES 12/100
2026-05-30 19:50:38,599 | INFO |   Ep 103/300 | Tr loss=0.1964 mae=0.492 r2=0.521 pcc=0.735 | Vl loss=0.1856 mae=0.486 r2=0.273 pcc=0.821 | ES 12/100
  Ep 104/300 | Tr loss=0.1728 mae=0.466 r2=0.569 pcc=0.766 | Vl loss=0.2976 mae=0.699 r2=-0.102 pcc=0.800 | ES 13/100
2026-05-30 19:50:42,816 | INFO |   Ep 104/300 | Tr loss=0.1728 mae=0.466 r2=0.569 pcc=0.766 | Vl loss=0.2976 mae=0.699 r2=-0.102 pcc=0.800 | ES 13/100
  Ep 105/300 | Tr loss=0.1593 mae=0.433 r2=0.641 pcc=0.807 | Vl loss=0.2555 mae=0.629 r2=0.038 pcc=0.813 | ES 14/100
2026-05-30 19:50:47,021 | INFO |   Ep 105/300 | Tr loss=0.1593 mae=0.433 r2=0.641 pcc=0.807 | Vl loss=0.2555 mae=0.629 r2=0.038 pcc=0.813 | ES 14/100
  Ep 106/300 | Tr loss=0.1800 mae=0.466 r2=0.595 pcc=0.776 | Vl loss=0.1943 mae=0.515 r2=0.258 pcc=0.821 | ES 15/100
2026-05-30 19:50:51,246 | INFO |   Ep 106/300 | Tr loss=0.1800 mae=0.466 r2=0.595 pcc=0.776 | Vl loss=0.1943 mae=0.515 r2=0.258 pcc=0.821 | ES 15/100
  Ep 107/300 | Tr loss=0.1763 mae=0.487 r2=0.510 pcc=0.738 | Vl loss=0.2263 mae=0.583 r2=0.155 pcc=0.814 | ES 16/100
2026-05-30 19:50:55,480 | INFO |   Ep 107/300 | Tr loss=0.1763 mae=0.487 r2=0.510 pcc=0.738 | Vl loss=0.2263 mae=0.583 r2=0.155 pcc=0.814 | ES 16/100
  Ep 108/300 | Tr loss=0.1863 mae=0.485 r2=0.514 pcc=0.726 | Vl loss=0.2058 mae=0.546 r2=0.247 pcc=0.818 | ES 17/100
2026-05-30 19:50:59,702 | INFO |   Ep 108/300 | Tr loss=0.1863 mae=0.485 r2=0.514 pcc=0.726 | Vl loss=0.2058 mae=0.546 r2=0.247 pcc=0.818 | ES 17/100
  Ep 109/300 | Tr loss=0.1985 mae=0.498 r2=0.578 pcc=0.767 | Vl loss=0.1863 mae=0.501 r2=0.303 pcc=0.803 | ES 18/100
2026-05-30 19:51:03,903 | INFO |   Ep 109/300 | Tr loss=0.1985 mae=0.498 r2=0.578 pcc=0.767 | Vl loss=0.1863 mae=0.501 r2=0.303 pcc=0.803 | ES 18/100
  Ep 110/300 | Tr loss=0.1956 mae=0.500 r2=0.562 pcc=0.755 | Vl loss=0.2418 mae=0.609 r2=0.108 pcc=0.793 | ES 19/100
2026-05-30 19:51:08,212 | INFO |   Ep 110/300 | Tr loss=0.1956 mae=0.500 r2=0.562 pcc=0.755 | Vl loss=0.2418 mae=0.609 r2=0.108 pcc=0.793 | ES 19/100
  Ep 111/300 | Tr loss=0.2199 mae=0.512 r2=0.488 pcc=0.715 | Vl loss=0.1970 mae=0.496 r2=0.206 pcc=0.802 | ES 20/100
2026-05-30 19:51:12,439 | INFO |   Ep 111/300 | Tr loss=0.2199 mae=0.512 r2=0.488 pcc=0.715 | Vl loss=0.1970 mae=0.496 r2=0.206 pcc=0.802 | ES 20/100
  Ep 112/300 | Tr loss=0.2108 mae=0.506 r2=0.486 pcc=0.727 | Vl loss=0.2337 mae=0.588 r2=0.101 pcc=0.813 | ES 21/100
2026-05-30 19:51:16,656 | INFO |   Ep 112/300 | Tr loss=0.2108 mae=0.506 r2=0.486 pcc=0.727 | Vl loss=0.2337 mae=0.588 r2=0.101 pcc=0.813 | ES 21/100
  Ep 113/300 | Tr loss=0.1860 mae=0.491 r2=0.614 pcc=0.784 | Vl loss=0.2928 mae=0.696 r2=-0.025 pcc=0.815 | ES 22/100
2026-05-30 19:51:20,888 | INFO |   Ep 113/300 | Tr loss=0.1860 mae=0.491 r2=0.614 pcc=0.784 | Vl loss=0.2928 mae=0.696 r2=-0.025 pcc=0.815 | ES 22/100
  Ep 114/300 | Tr loss=0.1930 mae=0.470 r2=0.557 pcc=0.753 | Vl loss=0.1758 mae=0.485 r2=0.339 pcc=0.826 | ES 23/100
2026-05-30 19:51:25,137 | INFO |   Ep 114/300 | Tr loss=0.1930 mae=0.470 r2=0.557 pcc=0.753 | Vl loss=0.1758 mae=0.485 r2=0.339 pcc=0.826 | ES 23/100
  Ep 115/300 | Tr loss=0.2228 mae=0.534 r2=0.507 pcc=0.721 | Vl loss=0.1875 mae=0.519 r2=0.313 pcc=0.833 | ES 24/100
2026-05-30 19:51:30,001 | INFO |   Ep 115/300 | Tr loss=0.2228 mae=0.534 r2=0.507 pcc=0.721 | Vl loss=0.1875 mae=0.519 r2=0.313 pcc=0.833 | ES 24/100
  Ep 116/300 | Tr loss=0.2132 mae=0.534 r2=0.512 pcc=0.722 | Vl loss=0.1559 mae=0.434 r2=0.396 pcc=0.828 | ES 25/100
2026-05-30 19:51:35,189 | INFO |   Ep 116/300 | Tr loss=0.2132 mae=0.534 r2=0.512 pcc=0.722 | Vl loss=0.1559 mae=0.434 r2=0.396 pcc=0.828 | ES 25/100
  Ep 117/300 | Tr loss=0.2129 mae=0.520 r2=0.483 pcc=0.716 | Vl loss=0.2112 mae=0.548 r2=0.201 pcc=0.815 | ES 26/100
2026-05-30 19:51:39,439 | INFO |   Ep 117/300 | Tr loss=0.2129 mae=0.520 r2=0.483 pcc=0.716 | Vl loss=0.2112 mae=0.548 r2=0.201 pcc=0.815 | ES 26/100
  Ep 118/300 | Tr loss=0.1744 mae=0.458 r2=0.566 pcc=0.768 | Vl loss=0.1780 mae=0.465 r2=0.293 pcc=0.818 | ES 27/100
2026-05-30 19:51:43,711 | INFO |   Ep 118/300 | Tr loss=0.1744 mae=0.458 r2=0.566 pcc=0.768 | Vl loss=0.1780 mae=0.465 r2=0.293 pcc=0.818 | ES 27/100
  Ep 119/300 | Tr loss=0.1945 mae=0.478 r2=0.457 pcc=0.712 | Vl loss=0.3131 mae=0.731 r2=-0.182 pcc=0.808 | ES 28/100
2026-05-30 19:51:47,945 | INFO |   Ep 119/300 | Tr loss=0.1945 mae=0.478 r2=0.457 pcc=0.712 | Vl loss=0.3131 mae=0.731 r2=-0.182 pcc=0.808 | ES 28/100
  Ep 120/300 | Tr loss=0.1975 mae=0.500 r2=0.490 pcc=0.713 | Vl loss=0.4965 mae=0.935 r2=-0.675 pcc=0.777 | ES 29/100
2026-05-30 19:51:52,216 | INFO |   Ep 120/300 | Tr loss=0.1975 mae=0.500 r2=0.490 pcc=0.713 | Vl loss=0.4965 mae=0.935 r2=-0.675 pcc=0.777 | ES 29/100
  Ep 121/300 | Tr loss=0.2072 mae=0.504 r2=0.514 pcc=0.725 | Vl loss=0.3370 mae=0.758 r2=-0.171 pcc=0.786 | ES 30/100
2026-05-30 19:51:56,447 | INFO |   Ep 121/300 | Tr loss=0.2072 mae=0.504 r2=0.514 pcc=0.725 | Vl loss=0.3370 mae=0.758 r2=-0.171 pcc=0.786 | ES 30/100
  Ep 122/300 | Tr loss=0.2093 mae=0.500 r2=0.541 pcc=0.738 | Vl loss=0.2265 mae=0.592 r2=0.162 pcc=0.814 | ES 31/100
2026-05-30 19:52:00,708 | INFO |   Ep 122/300 | Tr loss=0.2093 mae=0.500 r2=0.541 pcc=0.738 | Vl loss=0.2265 mae=0.592 r2=0.162 pcc=0.814 | ES 31/100
  Ep 123/300 | Tr loss=0.1861 mae=0.475 r2=0.583 pcc=0.770 | Vl loss=0.3337 mae=0.765 r2=-0.232 pcc=0.785 | ES 32/100
2026-05-30 19:52:04,936 | INFO |   Ep 123/300 | Tr loss=0.1861 mae=0.475 r2=0.583 pcc=0.770 | Vl loss=0.3337 mae=0.765 r2=-0.232 pcc=0.785 | ES 32/100
  Ep 124/300 | Tr loss=0.1961 mae=0.499 r2=0.546 pcc=0.761 | Vl loss=0.2287 mae=0.594 r2=0.141 pcc=0.808 | ES 33/100
2026-05-30 19:52:09,187 | INFO |   Ep 124/300 | Tr loss=0.1961 mae=0.499 r2=0.546 pcc=0.761 | Vl loss=0.2287 mae=0.594 r2=0.141 pcc=0.808 | ES 33/100
  Ep 125/300 | Tr loss=0.1923 mae=0.490 r2=0.451 pcc=0.702 | Vl loss=0.1310 mae=0.410 r2=0.518 pcc=0.842 | ES 34/100
2026-05-30 19:52:13,418 | INFO |   Ep 125/300 | Tr loss=0.1923 mae=0.490 r2=0.451 pcc=0.702 | Vl loss=0.1310 mae=0.410 r2=0.518 pcc=0.842 | ES 34/100
  Ep 126/300 | Tr loss=0.1859 mae=0.479 r2=0.536 pcc=0.744 | Vl loss=0.1134 mae=0.359 r2=0.574 pcc=0.841 | ES 0/100 ★
2026-05-30 19:52:17,695 | INFO |   Ep 126/300 | Tr loss=0.1859 mae=0.479 r2=0.536 pcc=0.744 | Vl loss=0.1134 mae=0.359 r2=0.574 pcc=0.841 | ES 0/100 ★
    ★ val_mae=0.3589  rmse=0.5271  r2=0.5742  pcc=0.8407
  Ep 127/300 | Tr loss=0.1819 mae=0.474 r2=0.541 pcc=0.751 | Vl loss=0.3328 mae=0.758 r2=-0.175 pcc=0.770 | ES 1/100
2026-05-30 19:52:21,953 | INFO |   Ep 127/300 | Tr loss=0.1819 mae=0.474 r2=0.541 pcc=0.751 | Vl loss=0.3328 mae=0.758 r2=-0.175 pcc=0.770 | ES 1/100
  Ep 128/300 | Tr loss=0.1919 mae=0.493 r2=0.544 pcc=0.743 | Vl loss=0.5072 mae=0.961 r2=-0.788 pcc=0.716 | ES 2/100
2026-05-30 19:52:26,361 | INFO |   Ep 128/300 | Tr loss=0.1919 mae=0.493 r2=0.544 pcc=0.743 | Vl loss=0.5072 mae=0.961 r2=-0.788 pcc=0.716 | ES 2/100
  Ep 129/300 | Tr loss=0.1625 mae=0.443 r2=0.646 pcc=0.810 | Vl loss=0.2536 mae=0.607 r2=-0.011 pcc=0.796 | ES 3/100
2026-05-30 19:52:30,666 | INFO |   Ep 129/300 | Tr loss=0.1625 mae=0.443 r2=0.646 pcc=0.810 | Vl loss=0.2536 mae=0.607 r2=-0.011 pcc=0.796 | ES 3/100
  Ep 130/300 | Tr loss=0.2272 mae=0.530 r2=0.461 pcc=0.698 | Vl loss=0.2096 mae=0.520 r2=0.166 pcc=0.813 | ES 4/100
2026-05-30 19:52:34,892 | INFO |   Ep 130/300 | Tr loss=0.2272 mae=0.530 r2=0.461 pcc=0.698 | Vl loss=0.2096 mae=0.520 r2=0.166 pcc=0.813 | ES 4/100
  Ep 131/300 | Tr loss=0.1652 mae=0.449 r2=0.618 pcc=0.789 | Vl loss=0.2529 mae=0.632 r2=0.057 pcc=0.810 | ES 5/100
2026-05-30 19:52:39,117 | INFO |   Ep 131/300 | Tr loss=0.1652 mae=0.449 r2=0.618 pcc=0.789 | Vl loss=0.2529 mae=0.632 r2=0.057 pcc=0.810 | ES 5/100
  Ep 132/300 | Tr loss=0.1946 mae=0.487 r2=0.507 pcc=0.730 | Vl loss=0.2189 mae=0.573 r2=0.185 pcc=0.818 | ES 6/100
2026-05-30 19:52:43,491 | INFO |   Ep 132/300 | Tr loss=0.1946 mae=0.487 r2=0.507 pcc=0.730 | Vl loss=0.2189 mae=0.573 r2=0.185 pcc=0.818 | ES 6/100
  Ep 133/300 | Tr loss=0.1719 mae=0.459 r2=0.581 pcc=0.768 | Vl loss=0.2501 mae=0.618 r2=0.045 pcc=0.801 | ES 7/100
2026-05-30 19:52:47,725 | INFO |   Ep 133/300 | Tr loss=0.1719 mae=0.459 r2=0.581 pcc=0.768 | Vl loss=0.2501 mae=0.618 r2=0.045 pcc=0.801 | ES 7/100
  Ep 134/300 | Tr loss=0.1577 mae=0.437 r2=0.606 pcc=0.786 | Vl loss=0.2879 mae=0.688 r2=-0.091 pcc=0.801 | ES 8/100
2026-05-30 19:52:51,955 | INFO |   Ep 134/300 | Tr loss=0.1577 mae=0.437 r2=0.606 pcc=0.786 | Vl loss=0.2879 mae=0.688 r2=-0.091 pcc=0.801 | ES 8/100
  Ep 135/300 | Tr loss=0.1760 mae=0.465 r2=0.626 pcc=0.795 | Vl loss=0.4412 mae=0.894 r2=-0.581 pcc=0.758 | ES 9/100
2026-05-30 19:52:56,206 | INFO |   Ep 135/300 | Tr loss=0.1760 mae=0.465 r2=0.626 pcc=0.795 | Vl loss=0.4412 mae=0.894 r2=-0.581 pcc=0.758 | ES 9/100
  Ep 136/300 | Tr loss=0.1827 mae=0.485 r2=0.578 pcc=0.769 | Vl loss=0.2570 mae=0.644 r2=0.048 pcc=0.806 | ES 10/100
2026-05-30 19:53:00,445 | INFO |   Ep 136/300 | Tr loss=0.1827 mae=0.485 r2=0.578 pcc=0.769 | Vl loss=0.2570 mae=0.644 r2=0.048 pcc=0.806 | ES 10/100
  Ep 137/300 | Tr loss=0.1703 mae=0.470 r2=0.593 pcc=0.783 | Vl loss=0.2241 mae=0.584 r2=0.178 pcc=0.822 | ES 11/100
2026-05-30 19:53:04,666 | INFO |   Ep 137/300 | Tr loss=0.1703 mae=0.470 r2=0.593 pcc=0.783 | Vl loss=0.2241 mae=0.584 r2=0.178 pcc=0.822 | ES 11/100
  Ep 138/300 | Tr loss=0.1801 mae=0.451 r2=0.622 pcc=0.792 | Vl loss=0.2475 mae=0.627 r2=0.108 pcc=0.825 | ES 12/100
2026-05-30 19:53:08,908 | INFO |   Ep 138/300 | Tr loss=0.1801 mae=0.451 r2=0.622 pcc=0.792 | Vl loss=0.2475 mae=0.627 r2=0.108 pcc=0.825 | ES 12/100
  Ep 139/300 | Tr loss=0.1918 mae=0.450 r2=0.531 pcc=0.751 | Vl loss=0.1695 mae=0.461 r2=0.344 pcc=0.830 | ES 13/100
2026-05-30 19:53:13,128 | INFO |   Ep 139/300 | Tr loss=0.1918 mae=0.450 r2=0.531 pcc=0.751 | Vl loss=0.1695 mae=0.461 r2=0.344 pcc=0.830 | ES 13/100
  Ep 140/300 | Tr loss=0.1706 mae=0.456 r2=0.561 pcc=0.761 | Vl loss=0.2189 mae=0.570 r2=0.215 pcc=0.833 | ES 14/100
2026-05-30 19:53:17,350 | INFO |   Ep 140/300 | Tr loss=0.1706 mae=0.456 r2=0.561 pcc=0.761 | Vl loss=0.2189 mae=0.570 r2=0.215 pcc=0.833 | ES 14/100
  Ep 141/300 | Tr loss=0.1668 mae=0.445 r2=0.590 pcc=0.779 | Vl loss=0.3797 mae=0.796 r2=-0.253 pcc=0.808 | ES 15/100
2026-05-30 19:53:21,577 | INFO |   Ep 141/300 | Tr loss=0.1668 mae=0.445 r2=0.590 pcc=0.779 | Vl loss=0.3797 mae=0.796 r2=-0.253 pcc=0.808 | ES 15/100
  Ep 142/300 | Tr loss=0.1791 mae=0.472 r2=0.587 pcc=0.771 | Vl loss=0.4004 mae=0.821 r2=-0.320 pcc=0.807 | ES 16/100
2026-05-30 19:53:25,819 | INFO |   Ep 142/300 | Tr loss=0.1791 mae=0.472 r2=0.587 pcc=0.771 | Vl loss=0.4004 mae=0.821 r2=-0.320 pcc=0.807 | ES 16/100
  Ep 143/300 | Tr loss=0.1881 mae=0.488 r2=0.544 pcc=0.744 | Vl loss=0.2038 mae=0.543 r2=0.241 pcc=0.833 | ES 17/100
2026-05-30 19:53:30,045 | INFO |   Ep 143/300 | Tr loss=0.1881 mae=0.488 r2=0.544 pcc=0.744 | Vl loss=0.2038 mae=0.543 r2=0.241 pcc=0.833 | ES 17/100
  Ep 144/300 | Tr loss=0.1957 mae=0.504 r2=0.602 pcc=0.778 | Vl loss=0.2150 mae=0.545 r2=0.160 pcc=0.826 | ES 18/100
2026-05-30 19:53:34,280 | INFO |   Ep 144/300 | Tr loss=0.1957 mae=0.504 r2=0.602 pcc=0.778 | Vl loss=0.2150 mae=0.545 r2=0.160 pcc=0.826 | ES 18/100
  Ep 145/300 | Tr loss=0.2005 mae=0.498 r2=0.538 pcc=0.746 | Vl loss=0.2327 mae=0.602 r2=0.143 pcc=0.837 | ES 19/100
2026-05-30 19:53:38,516 | INFO |   Ep 145/300 | Tr loss=0.2005 mae=0.498 r2=0.538 pcc=0.746 | Vl loss=0.2327 mae=0.602 r2=0.143 pcc=0.837 | ES 19/100
  Ep 146/300 | Tr loss=0.1828 mae=0.461 r2=0.542 pcc=0.749 | Vl loss=0.2113 mae=0.537 r2=0.164 pcc=0.829 | ES 20/100
2026-05-30 19:53:42,761 | INFO |   Ep 146/300 | Tr loss=0.1828 mae=0.461 r2=0.542 pcc=0.749 | Vl loss=0.2113 mae=0.537 r2=0.164 pcc=0.829 | ES 20/100
  Ep 147/300 | Tr loss=0.1890 mae=0.474 r2=0.534 pcc=0.738 | Vl loss=0.3063 mae=0.719 r2=-0.137 pcc=0.818 | ES 21/100
2026-05-30 19:53:46,984 | INFO |   Ep 147/300 | Tr loss=0.1890 mae=0.474 r2=0.534 pcc=0.738 | Vl loss=0.3063 mae=0.719 r2=-0.137 pcc=0.818 | ES 21/100
  Ep 148/300 | Tr loss=0.1791 mae=0.474 r2=0.574 pcc=0.770 | Vl loss=0.2245 mae=0.558 r2=0.108 pcc=0.822 | ES 22/100
2026-05-30 19:53:51,208 | INFO |   Ep 148/300 | Tr loss=0.1791 mae=0.474 r2=0.574 pcc=0.770 | Vl loss=0.2245 mae=0.558 r2=0.108 pcc=0.822 | ES 22/100
  Ep 149/300 | Tr loss=0.2000 mae=0.494 r2=0.533 pcc=0.744 | Vl loss=0.2040 mae=0.551 r2=0.239 pcc=0.838 | ES 23/100
2026-05-30 19:53:55,446 | INFO |   Ep 149/300 | Tr loss=0.2000 mae=0.494 r2=0.533 pcc=0.744 | Vl loss=0.2040 mae=0.551 r2=0.239 pcc=0.838 | ES 23/100
  Ep 150/300 | Tr loss=0.2113 mae=0.522 r2=0.504 pcc=0.721 | Vl loss=0.2278 mae=0.599 r2=0.196 pcc=0.848 | ES 24/100
2026-05-30 19:53:59,683 | INFO |   Ep 150/300 | Tr loss=0.2113 mae=0.522 r2=0.504 pcc=0.721 | Vl loss=0.2278 mae=0.599 r2=0.196 pcc=0.848 | ES 24/100
  Ep 151/300 | Tr loss=0.1899 mae=0.497 r2=0.525 pcc=0.742 | Vl loss=0.2703 mae=0.661 r2=0.092 pcc=0.843 | ES 25/100
2026-05-30 19:54:03,904 | INFO |   Ep 151/300 | Tr loss=0.1899 mae=0.497 r2=0.525 pcc=0.742 | Vl loss=0.2703 mae=0.661 r2=0.092 pcc=0.843 | ES 25/100
  Ep 152/300 | Tr loss=0.1852 mae=0.480 r2=0.617 pcc=0.792 | Vl loss=0.2162 mae=0.579 r2=0.239 pcc=0.843 | ES 26/100
2026-05-30 19:54:08,149 | INFO |   Ep 152/300 | Tr loss=0.1852 mae=0.480 r2=0.617 pcc=0.792 | Vl loss=0.2162 mae=0.579 r2=0.239 pcc=0.843 | ES 26/100
  Ep 153/300 | Tr loss=0.1834 mae=0.477 r2=0.593 pcc=0.775 | Vl loss=0.2264 mae=0.585 r2=0.144 pcc=0.832 | ES 27/100
2026-05-30 19:54:12,409 | INFO |   Ep 153/300 | Tr loss=0.1834 mae=0.477 r2=0.593 pcc=0.775 | Vl loss=0.2264 mae=0.585 r2=0.144 pcc=0.832 | ES 27/100
  Ep 154/300 | Tr loss=0.1508 mae=0.424 r2=0.649 pcc=0.812 | Vl loss=0.2434 mae=0.605 r2=0.058 pcc=0.831 | ES 28/100
2026-05-30 19:54:16,627 | INFO |   Ep 154/300 | Tr loss=0.1508 mae=0.424 r2=0.649 pcc=0.812 | Vl loss=0.2434 mae=0.605 r2=0.058 pcc=0.831 | ES 28/100
  Ep 155/300 | Tr loss=0.1791 mae=0.460 r2=0.586 pcc=0.773 | Vl loss=0.2251 mae=0.586 r2=0.151 pcc=0.833 | ES 29/100
2026-05-30 19:54:20,868 | INFO |   Ep 155/300 | Tr loss=0.1791 mae=0.460 r2=0.586 pcc=0.773 | Vl loss=0.2251 mae=0.586 r2=0.151 pcc=0.833 | ES 29/100
  Ep 156/300 | Tr loss=0.1773 mae=0.464 r2=0.584 pcc=0.771 | Vl loss=0.2199 mae=0.580 r2=0.194 pcc=0.840 | ES 30/100
2026-05-30 19:54:26,338 | INFO |   Ep 156/300 | Tr loss=0.1773 mae=0.464 r2=0.584 pcc=0.771 | Vl loss=0.2199 mae=0.580 r2=0.194 pcc=0.840 | ES 30/100
  Ep 157/300 | Tr loss=0.1906 mae=0.491 r2=0.523 pcc=0.733 | Vl loss=0.1858 mae=0.503 r2=0.291 pcc=0.836 | ES 31/100
2026-05-30 19:54:30,966 | INFO |   Ep 157/300 | Tr loss=0.1906 mae=0.491 r2=0.523 pcc=0.733 | Vl loss=0.1858 mae=0.503 r2=0.291 pcc=0.836 | ES 31/100
  Ep 158/300 | Tr loss=0.2308 mae=0.543 r2=0.524 pcc=0.730 | Vl loss=0.2687 mae=0.657 r2=-0.005 pcc=0.824 | ES 32/100
2026-05-30 19:54:35,198 | INFO |   Ep 158/300 | Tr loss=0.2308 mae=0.543 r2=0.524 pcc=0.730 | Vl loss=0.2687 mae=0.657 r2=-0.005 pcc=0.824 | ES 32/100
  Ep 159/300 | Tr loss=0.1678 mae=0.478 r2=0.594 pcc=0.776 | Vl loss=0.2581 mae=0.644 r2=0.042 pcc=0.834 | ES 33/100
2026-05-30 19:54:39,441 | INFO |   Ep 159/300 | Tr loss=0.1678 mae=0.478 r2=0.594 pcc=0.776 | Vl loss=0.2581 mae=0.644 r2=0.042 pcc=0.834 | ES 33/100
  Ep 160/300 | Tr loss=0.1691 mae=0.449 r2=0.614 pcc=0.786 | Vl loss=0.2578 mae=0.646 r2=0.077 pcc=0.841 | ES 34/100
2026-05-30 19:54:43,677 | INFO |   Ep 160/300 | Tr loss=0.1691 mae=0.449 r2=0.614 pcc=0.786 | Vl loss=0.2578 mae=0.646 r2=0.077 pcc=0.841 | ES 34/100
  Ep 161/300 | Tr loss=0.1833 mae=0.471 r2=0.561 pcc=0.756 | Vl loss=0.1761 mae=0.498 r2=0.339 pcc=0.856 | ES 35/100
2026-05-30 19:54:47,954 | INFO |   Ep 161/300 | Tr loss=0.1833 mae=0.471 r2=0.561 pcc=0.756 | Vl loss=0.1761 mae=0.498 r2=0.339 pcc=0.856 | ES 35/100
  Ep 162/300 | Tr loss=0.2107 mae=0.513 r2=0.483 pcc=0.717 | Vl loss=0.2546 mae=0.643 r2=0.067 pcc=0.846 | ES 36/100
2026-05-30 19:54:52,181 | INFO |   Ep 162/300 | Tr loss=0.2107 mae=0.513 r2=0.483 pcc=0.717 | Vl loss=0.2546 mae=0.643 r2=0.067 pcc=0.846 | ES 36/100
  Ep 163/300 | Tr loss=0.1781 mae=0.478 r2=0.572 pcc=0.763 | Vl loss=0.3019 mae=0.717 r2=-0.097 pcc=0.830 | ES 37/100
2026-05-30 19:54:56,403 | INFO |   Ep 163/300 | Tr loss=0.1781 mae=0.478 r2=0.572 pcc=0.763 | Vl loss=0.3019 mae=0.717 r2=-0.097 pcc=0.830 | ES 37/100
  Ep 164/300 | Tr loss=0.1696 mae=0.454 r2=0.604 pcc=0.786 | Vl loss=0.3098 mae=0.733 r2=-0.133 pcc=0.810 | ES 38/100
2026-05-30 19:55:00,624 | INFO |   Ep 164/300 | Tr loss=0.1696 mae=0.454 r2=0.604 pcc=0.786 | Vl loss=0.3098 mae=0.733 r2=-0.133 pcc=0.810 | ES 38/100
  Ep 165/300 | Tr loss=0.1681 mae=0.465 r2=0.644 pcc=0.812 | Vl loss=0.4251 mae=0.886 r2=-0.548 pcc=0.771 | ES 39/100
2026-05-30 19:55:04,888 | INFO |   Ep 165/300 | Tr loss=0.1681 mae=0.465 r2=0.644 pcc=0.812 | Vl loss=0.4251 mae=0.886 r2=-0.548 pcc=0.771 | ES 39/100
  Ep 166/300 | Tr loss=0.2078 mae=0.508 r2=0.533 pcc=0.743 | Vl loss=0.3025 mae=0.717 r2=-0.148 pcc=0.806 | ES 40/100
2026-05-30 19:55:09,123 | INFO |   Ep 166/300 | Tr loss=0.2078 mae=0.508 r2=0.533 pcc=0.743 | Vl loss=0.3025 mae=0.717 r2=-0.148 pcc=0.806 | ES 40/100
  Ep 167/300 | Tr loss=0.1683 mae=0.462 r2=0.635 pcc=0.799 | Vl loss=0.2723 mae=0.668 r2=-0.031 pcc=0.813 | ES 41/100
2026-05-30 19:55:13,345 | INFO |   Ep 167/300 | Tr loss=0.1683 mae=0.462 r2=0.635 pcc=0.799 | Vl loss=0.2723 mae=0.668 r2=-0.031 pcc=0.813 | ES 41/100
  Ep 168/300 | Tr loss=0.1638 mae=0.439 r2=0.646 pcc=0.807 | Vl loss=0.2865 mae=0.694 r2=-0.052 pcc=0.820 | ES 42/100
2026-05-30 19:55:17,580 | INFO |   Ep 168/300 | Tr loss=0.1638 mae=0.439 r2=0.646 pcc=0.807 | Vl loss=0.2865 mae=0.694 r2=-0.052 pcc=0.820 | ES 42/100
  Ep 169/300 | Tr loss=0.1728 mae=0.445 r2=0.556 pcc=0.769 | Vl loss=0.1895 mae=0.532 r2=0.310 pcc=0.848 | ES 43/100
2026-05-30 19:55:21,802 | INFO |   Ep 169/300 | Tr loss=0.1728 mae=0.445 r2=0.556 pcc=0.769 | Vl loss=0.1895 mae=0.532 r2=0.310 pcc=0.848 | ES 43/100
  Ep 170/300 | Tr loss=0.1736 mae=0.465 r2=0.632 pcc=0.800 | Vl loss=0.2230 mae=0.594 r2=0.221 pcc=0.841 | ES 44/100
2026-05-30 19:55:26,066 | INFO |   Ep 170/300 | Tr loss=0.1736 mae=0.465 r2=0.632 pcc=0.800 | Vl loss=0.2230 mae=0.594 r2=0.221 pcc=0.841 | ES 44/100
  Ep 171/300 | Tr loss=0.2281 mae=0.542 r2=0.460 pcc=0.713 | Vl loss=0.2573 mae=0.649 r2=0.071 pcc=0.840 | ES 45/100
2026-05-30 19:55:30,349 | INFO |   Ep 171/300 | Tr loss=0.2281 mae=0.542 r2=0.460 pcc=0.713 | Vl loss=0.2573 mae=0.649 r2=0.071 pcc=0.840 | ES 45/100
  Ep 172/300 | Tr loss=0.2110 mae=0.519 r2=0.586 pcc=0.769 | Vl loss=0.3809 mae=0.822 r2=-0.330 pcc=0.830 | ES 46/100
2026-05-30 19:55:34,578 | INFO |   Ep 172/300 | Tr loss=0.2110 mae=0.519 r2=0.586 pcc=0.769 | Vl loss=0.3809 mae=0.822 r2=-0.330 pcc=0.830 | ES 46/100
  Ep 173/300 | Tr loss=0.1899 mae=0.500 r2=0.589 pcc=0.781 | Vl loss=0.2837 mae=0.693 r2=-0.046 pcc=0.830 | ES 47/100
2026-05-30 19:55:38,808 | INFO |   Ep 173/300 | Tr loss=0.1899 mae=0.500 r2=0.589 pcc=0.781 | Vl loss=0.2837 mae=0.693 r2=-0.046 pcc=0.830 | ES 47/100
  Ep 174/300 | Tr loss=0.1912 mae=0.477 r2=0.572 pcc=0.769 | Vl loss=0.1727 mae=0.500 r2=0.354 pcc=0.838 | ES 48/100
2026-05-30 19:55:43,028 | INFO |   Ep 174/300 | Tr loss=0.1912 mae=0.477 r2=0.572 pcc=0.769 | Vl loss=0.1727 mae=0.500 r2=0.354 pcc=0.838 | ES 48/100
  Ep 175/300 | Tr loss=0.2091 mae=0.505 r2=0.556 pcc=0.753 | Vl loss=0.1711 mae=0.503 r2=0.374 pcc=0.837 | ES 49/100
2026-05-30 19:55:47,260 | INFO |   Ep 175/300 | Tr loss=0.2091 mae=0.505 r2=0.556 pcc=0.753 | Vl loss=0.1711 mae=0.503 r2=0.374 pcc=0.837 | ES 49/100
  Ep 176/300 | Tr loss=0.1914 mae=0.501 r2=0.537 pcc=0.771 | Vl loss=0.1843 mae=0.498 r2=0.275 pcc=0.828 | ES 50/100
2026-05-30 19:55:51,502 | INFO |   Ep 176/300 | Tr loss=0.1914 mae=0.501 r2=0.537 pcc=0.771 | Vl loss=0.1843 mae=0.498 r2=0.275 pcc=0.828 | ES 50/100
Epoch 00177: reducing learning rate of group 0 to 5.0000e-05.
  Ep 177/300 | Tr loss=0.1963 mae=0.486 r2=0.531 pcc=0.749 | Vl loss=0.2405 mae=0.606 r2=0.061 pcc=0.826 | ES 51/100
2026-05-30 19:55:55,723 | INFO |   Ep 177/300 | Tr loss=0.1963 mae=0.486 r2=0.531 pcc=0.749 | Vl loss=0.2405 mae=0.606 r2=0.061 pcc=0.826 | ES 51/100
  Ep 178/300 | Tr loss=0.2051 mae=0.502 r2=0.497 pcc=0.718 | Vl loss=0.2491 mae=0.632 r2=0.085 pcc=0.830 | ES 52/100
2026-05-30 19:55:59,969 | INFO |   Ep 178/300 | Tr loss=0.2051 mae=0.502 r2=0.497 pcc=0.718 | Vl loss=0.2491 mae=0.632 r2=0.085 pcc=0.830 | ES 52/100
  Ep 179/300 | Tr loss=0.1922 mae=0.490 r2=0.591 pcc=0.771 | Vl loss=0.3201 mae=0.734 r2=-0.120 pcc=0.809 | ES 53/100
2026-05-30 19:56:04,200 | INFO |   Ep 179/300 | Tr loss=0.1922 mae=0.490 r2=0.591 pcc=0.771 | Vl loss=0.3201 mae=0.734 r2=-0.120 pcc=0.809 | ES 53/100
  Ep 180/300 | Tr loss=0.1520 mae=0.424 r2=0.644 pcc=0.806 | Vl loss=0.1959 mae=0.536 r2=0.280 pcc=0.833 | ES 54/100
2026-05-30 19:56:08,417 | INFO |   Ep 180/300 | Tr loss=0.1520 mae=0.424 r2=0.644 pcc=0.806 | Vl loss=0.1959 mae=0.536 r2=0.280 pcc=0.833 | ES 54/100
  Ep 181/300 | Tr loss=0.1609 mae=0.427 r2=0.658 pcc=0.812 | Vl loss=0.2043 mae=0.545 r2=0.216 pcc=0.828 | ES 55/100
2026-05-30 19:56:12,667 | INFO |   Ep 181/300 | Tr loss=0.1609 mae=0.427 r2=0.658 pcc=0.812 | Vl loss=0.2043 mae=0.545 r2=0.216 pcc=0.828 | ES 55/100
  Ep 182/300 | Tr loss=0.1475 mae=0.421 r2=0.685 pcc=0.829 | Vl loss=0.2923 mae=0.703 r2=-0.079 pcc=0.808 | ES 56/100
2026-05-30 19:56:16,893 | INFO |   Ep 182/300 | Tr loss=0.1475 mae=0.421 r2=0.685 pcc=0.829 | Vl loss=0.2923 mae=0.703 r2=-0.079 pcc=0.808 | ES 56/100
  Ep 183/300 | Tr loss=0.1720 mae=0.465 r2=0.541 pcc=0.766 | Vl loss=0.3094 mae=0.725 r2=-0.137 pcc=0.808 | ES 57/100
2026-05-30 19:56:21,135 | INFO |   Ep 183/300 | Tr loss=0.1720 mae=0.465 r2=0.541 pcc=0.766 | Vl loss=0.3094 mae=0.725 r2=-0.137 pcc=0.808 | ES 57/100
  Ep 184/300 | Tr loss=0.1486 mae=0.427 r2=0.628 pcc=0.800 | Vl loss=0.4296 mae=0.858 r2=-0.484 pcc=0.754 | ES 58/100
2026-05-30 19:56:25,363 | INFO |   Ep 184/300 | Tr loss=0.1486 mae=0.427 r2=0.628 pcc=0.800 | Vl loss=0.4296 mae=0.858 r2=-0.484 pcc=0.754 | ES 58/100
  Ep 185/300 | Tr loss=0.1904 mae=0.476 r2=0.569 pcc=0.762 | Vl loss=0.3484 mae=0.775 r2=-0.256 pcc=0.786 | ES 59/100
2026-05-30 19:56:29,592 | INFO |   Ep 185/300 | Tr loss=0.1904 mae=0.476 r2=0.569 pcc=0.762 | Vl loss=0.3484 mae=0.775 r2=-0.256 pcc=0.786 | ES 59/100
  Ep 186/300 | Tr loss=0.1623 mae=0.440 r2=0.634 pcc=0.801 | Vl loss=0.2676 mae=0.657 r2=-0.003 pcc=0.804 | ES 60/100
2026-05-30 19:56:33,843 | INFO |   Ep 186/300 | Tr loss=0.1623 mae=0.440 r2=0.634 pcc=0.801 | Vl loss=0.2676 mae=0.657 r2=-0.003 pcc=0.804 | ES 60/100
  Ep 187/300 | Tr loss=0.1953 mae=0.493 r2=0.520 pcc=0.730 | Vl loss=0.3113 mae=0.727 r2=-0.171 pcc=0.795 | ES 61/100
2026-05-30 19:56:38,086 | INFO |   Ep 187/300 | Tr loss=0.1953 mae=0.493 r2=0.520 pcc=0.730 | Vl loss=0.3113 mae=0.727 r2=-0.171 pcc=0.795 | ES 61/100
  Ep 188/300 | Tr loss=0.1600 mae=0.423 r2=0.619 pcc=0.790 | Vl loss=0.2962 mae=0.701 r2=-0.102 pcc=0.792 | ES 62/100
2026-05-30 19:56:42,306 | INFO |   Ep 188/300 | Tr loss=0.1600 mae=0.423 r2=0.619 pcc=0.790 | Vl loss=0.2962 mae=0.701 r2=-0.102 pcc=0.792 | ES 62/100
  Ep 189/300 | Tr loss=0.1732 mae=0.462 r2=0.583 pcc=0.771 | Vl loss=0.3214 mae=0.738 r2=-0.195 pcc=0.784 | ES 63/100
2026-05-30 19:56:46,536 | INFO |   Ep 189/300 | Tr loss=0.1732 mae=0.462 r2=0.583 pcc=0.771 | Vl loss=0.3214 mae=0.738 r2=-0.195 pcc=0.784 | ES 63/100
  Ep 190/300 | Tr loss=0.1640 mae=0.448 r2=0.567 pcc=0.773 | Vl loss=0.4368 mae=0.869 r2=-0.553 pcc=0.725 | ES 64/100
2026-05-30 19:56:50,765 | INFO |   Ep 190/300 | Tr loss=0.1640 mae=0.448 r2=0.567 pcc=0.773 | Vl loss=0.4368 mae=0.869 r2=-0.553 pcc=0.725 | ES 64/100
  Ep 191/300 | Tr loss=0.1450 mae=0.417 r2=0.651 pcc=0.808 | Vl loss=0.3166 mae=0.727 r2=-0.147 pcc=0.770 | ES 65/100
2026-05-30 19:56:55,020 | INFO |   Ep 191/300 | Tr loss=0.1450 mae=0.417 r2=0.651 pcc=0.808 | Vl loss=0.3166 mae=0.727 r2=-0.147 pcc=0.770 | ES 65/100
  Ep 192/300 | Tr loss=0.1802 mae=0.486 r2=0.608 pcc=0.792 | Vl loss=0.2260 mae=0.581 r2=0.142 pcc=0.803 | ES 66/100
2026-05-30 19:56:59,248 | INFO |   Ep 192/300 | Tr loss=0.1802 mae=0.486 r2=0.608 pcc=0.792 | Vl loss=0.2260 mae=0.581 r2=0.142 pcc=0.803 | ES 66/100
  Ep 193/300 | Tr loss=0.1674 mae=0.439 r2=0.620 pcc=0.792 | Vl loss=0.2555 mae=0.627 r2=0.001 pcc=0.803 | ES 67/100
2026-05-30 19:57:03,480 | INFO |   Ep 193/300 | Tr loss=0.1674 mae=0.439 r2=0.620 pcc=0.792 | Vl loss=0.2555 mae=0.627 r2=0.001 pcc=0.803 | ES 67/100
  Ep 194/300 | Tr loss=0.1890 mae=0.480 r2=0.627 pcc=0.793 | Vl loss=0.3196 mae=0.736 r2=-0.229 pcc=0.781 | ES 68/100
2026-05-30 19:57:07,715 | INFO |   Ep 194/300 | Tr loss=0.1890 mae=0.480 r2=0.627 pcc=0.793 | Vl loss=0.3196 mae=0.736 r2=-0.229 pcc=0.781 | ES 68/100
  Ep 195/300 | Tr loss=0.1404 mae=0.410 r2=0.627 pcc=0.810 | Vl loss=0.3221 mae=0.736 r2=-0.200 pcc=0.773 | ES 69/100
2026-05-30 19:57:11,931 | INFO |   Ep 195/300 | Tr loss=0.1404 mae=0.410 r2=0.627 pcc=0.810 | Vl loss=0.3221 mae=0.736 r2=-0.200 pcc=0.773 | ES 69/100
  Ep 196/300 | Tr loss=0.1799 mae=0.455 r2=0.625 pcc=0.791 | Vl loss=0.2857 mae=0.680 r2=-0.080 pcc=0.790 | ES 70/100
2026-05-30 19:57:16,182 | INFO |   Ep 196/300 | Tr loss=0.1799 mae=0.455 r2=0.625 pcc=0.791 | Vl loss=0.2857 mae=0.680 r2=-0.080 pcc=0.790 | ES 70/100
  Ep 197/300 | Tr loss=0.1637 mae=0.441 r2=0.657 pcc=0.812 | Vl loss=0.3161 mae=0.727 r2=-0.214 pcc=0.788 | ES 71/100
2026-05-30 19:57:20,401 | INFO |   Ep 197/300 | Tr loss=0.1637 mae=0.441 r2=0.657 pcc=0.812 | Vl loss=0.3161 mae=0.727 r2=-0.214 pcc=0.788 | ES 71/100
  Ep 198/300 | Tr loss=0.1647 mae=0.456 r2=0.641 pcc=0.803 | Vl loss=0.3349 mae=0.757 r2=-0.300 pcc=0.787 | ES 72/100
2026-05-30 19:57:24,629 | INFO |   Ep 198/300 | Tr loss=0.1647 mae=0.456 r2=0.641 pcc=0.803 | Vl loss=0.3349 mae=0.757 r2=-0.300 pcc=0.787 | ES 72/100
  Ep 199/300 | Tr loss=0.1651 mae=0.460 r2=0.639 pcc=0.806 | Vl loss=0.2524 mae=0.613 r2=-0.021 pcc=0.800 | ES 73/100
2026-05-30 19:57:28,851 | INFO |   Ep 199/300 | Tr loss=0.1651 mae=0.460 r2=0.639 pcc=0.806 | Vl loss=0.2524 mae=0.613 r2=-0.021 pcc=0.800 | ES 73/100
  Ep 200/300 | Tr loss=0.1836 mae=0.476 r2=0.538 pcc=0.755 | Vl loss=0.2679 mae=0.645 r2=-0.052 pcc=0.790 | ES 74/100
2026-05-30 19:57:33,087 | INFO |   Ep 200/300 | Tr loss=0.1836 mae=0.476 r2=0.538 pcc=0.755 | Vl loss=0.2679 mae=0.645 r2=-0.052 pcc=0.790 | ES 74/100
  Ep 201/300 | Tr loss=0.1405 mae=0.418 r2=0.695 pcc=0.834 | Vl loss=0.3262 mae=0.737 r2=-0.255 pcc=0.782 | ES 75/100
2026-05-30 19:57:37,307 | INFO |   Ep 201/300 | Tr loss=0.1405 mae=0.418 r2=0.695 pcc=0.834 | Vl loss=0.3262 mae=0.737 r2=-0.255 pcc=0.782 | ES 75/100
  Ep 202/300 | Tr loss=0.1369 mae=0.399 r2=0.662 pcc=0.819 | Vl loss=0.3783 mae=0.817 r2=-0.456 pcc=0.779 | ES 76/100
2026-05-30 19:57:41,524 | INFO |   Ep 202/300 | Tr loss=0.1369 mae=0.399 r2=0.662 pcc=0.819 | Vl loss=0.3783 mae=0.817 r2=-0.456 pcc=0.779 | ES 76/100
  Ep 203/300 | Tr loss=0.1434 mae=0.411 r2=0.633 pcc=0.806 | Vl loss=0.2761 mae=0.658 r2=-0.108 pcc=0.809 | ES 77/100
2026-05-30 19:57:45,748 | INFO |   Ep 203/300 | Tr loss=0.1434 mae=0.411 r2=0.633 pcc=0.806 | Vl loss=0.2761 mae=0.658 r2=-0.108 pcc=0.809 | ES 77/100
  Ep 204/300 | Tr loss=0.1558 mae=0.433 r2=0.574 pcc=0.776 | Vl loss=0.4097 mae=0.859 r2=-0.561 pcc=0.782 | ES 78/100
2026-05-30 19:57:49,982 | INFO |   Ep 204/300 | Tr loss=0.1558 mae=0.433 r2=0.574 pcc=0.776 | Vl loss=0.4097 mae=0.859 r2=-0.561 pcc=0.782 | ES 78/100
  Ep 205/300 | Tr loss=0.1768 mae=0.464 r2=0.562 pcc=0.758 | Vl loss=0.2952 mae=0.691 r2=-0.136 pcc=0.795 | ES 79/100
2026-05-30 19:57:54,219 | INFO |   Ep 205/300 | Tr loss=0.1768 mae=0.464 r2=0.562 pcc=0.758 | Vl loss=0.2952 mae=0.691 r2=-0.136 pcc=0.795 | ES 79/100
  Ep 206/300 | Tr loss=0.1641 mae=0.453 r2=0.609 pcc=0.788 | Vl loss=0.2813 mae=0.666 r2=-0.087 pcc=0.803 | ES 80/100
2026-05-30 19:57:58,453 | INFO |   Ep 206/300 | Tr loss=0.1641 mae=0.453 r2=0.609 pcc=0.788 | Vl loss=0.2813 mae=0.666 r2=-0.087 pcc=0.803 | ES 80/100
  Ep 207/300 | Tr loss=0.1515 mae=0.453 r2=0.652 pcc=0.810 | Vl loss=0.3477 mae=0.767 r2=-0.333 pcc=0.785 | ES 81/100
2026-05-30 19:58:02,693 | INFO |   Ep 207/300 | Tr loss=0.1515 mae=0.453 r2=0.652 pcc=0.810 | Vl loss=0.3477 mae=0.767 r2=-0.333 pcc=0.785 | ES 81/100
  Ep 208/300 | Tr loss=0.2026 mae=0.495 r2=0.564 pcc=0.758 | Vl loss=0.3194 mae=0.730 r2=-0.242 pcc=0.801 | ES 82/100
2026-05-30 19:58:06,932 | INFO |   Ep 208/300 | Tr loss=0.2026 mae=0.495 r2=0.564 pcc=0.758 | Vl loss=0.3194 mae=0.730 r2=-0.242 pcc=0.801 | ES 82/100
  Ep 209/300 | Tr loss=0.2186 mae=0.521 r2=0.520 pcc=0.728 | Vl loss=0.2567 mae=0.616 r2=-0.071 pcc=0.815 | ES 83/100
2026-05-30 19:58:11,154 | INFO |   Ep 209/300 | Tr loss=0.2186 mae=0.521 r2=0.520 pcc=0.728 | Vl loss=0.2567 mae=0.616 r2=-0.071 pcc=0.815 | ES 83/100
  Ep 210/300 | Tr loss=0.1881 mae=0.493 r2=0.540 pcc=0.741 | Vl loss=0.3764 mae=0.808 r2=-0.433 pcc=0.776 | ES 84/100
2026-05-30 19:58:15,378 | INFO |   Ep 210/300 | Tr loss=0.1881 mae=0.493 r2=0.540 pcc=0.741 | Vl loss=0.3764 mae=0.808 r2=-0.433 pcc=0.776 | ES 84/100
  Ep 211/300 | Tr loss=0.1699 mae=0.460 r2=0.615 pcc=0.788 | Vl loss=0.3138 mae=0.718 r2=-0.239 pcc=0.792 | ES 85/100
2026-05-30 19:58:19,607 | INFO |   Ep 211/300 | Tr loss=0.1699 mae=0.460 r2=0.615 pcc=0.788 | Vl loss=0.3138 mae=0.718 r2=-0.239 pcc=0.792 | ES 85/100
  Ep 212/300 | Tr loss=0.1250 mae=0.398 r2=0.648 pcc=0.812 | Vl loss=0.2451 mae=0.590 r2=-0.027 pcc=0.806 | ES 86/100
2026-05-30 19:58:23,821 | INFO |   Ep 212/300 | Tr loss=0.1250 mae=0.398 r2=0.648 pcc=0.812 | Vl loss=0.2451 mae=0.590 r2=-0.027 pcc=0.806 | ES 86/100
  Ep 213/300 | Tr loss=0.2012 mae=0.480 r2=0.551 pcc=0.756 | Vl loss=0.2652 mae=0.635 r2=-0.076 pcc=0.796 | ES 87/100
2026-05-30 19:58:28,035 | INFO |   Ep 213/300 | Tr loss=0.2012 mae=0.480 r2=0.551 pcc=0.756 | Vl loss=0.2652 mae=0.635 r2=-0.076 pcc=0.796 | ES 87/100
  Ep 214/300 | Tr loss=0.1693 mae=0.449 r2=0.568 pcc=0.757 | Vl loss=0.3259 mae=0.739 r2=-0.289 pcc=0.784 | ES 88/100
2026-05-30 19:58:32,248 | INFO |   Ep 214/300 | Tr loss=0.1693 mae=0.449 r2=0.568 pcc=0.757 | Vl loss=0.3259 mae=0.739 r2=-0.289 pcc=0.784 | ES 88/100
  Ep 215/300 | Tr loss=0.1649 mae=0.456 r2=0.633 pcc=0.796 | Vl loss=0.3699 mae=0.801 r2=-0.445 pcc=0.758 | ES 89/100
2026-05-30 19:58:36,478 | INFO |   Ep 215/300 | Tr loss=0.1649 mae=0.456 r2=0.633 pcc=0.796 | Vl loss=0.3699 mae=0.801 r2=-0.445 pcc=0.758 | ES 89/100
  Ep 216/300 | Tr loss=0.1705 mae=0.458 r2=0.577 pcc=0.764 | Vl loss=0.2862 mae=0.658 r2=-0.241 pcc=0.786 | ES 90/100
2026-05-30 19:58:40,704 | INFO |   Ep 216/300 | Tr loss=0.1705 mae=0.458 r2=0.577 pcc=0.764 | Vl loss=0.2862 mae=0.658 r2=-0.241 pcc=0.786 | ES 90/100
  Ep 217/300 | Tr loss=0.1717 mae=0.433 r2=0.662 pcc=0.814 | Vl loss=0.5377 mae=1.017 r2=-1.074 pcc=0.756 | ES 91/100
2026-05-30 19:58:44,943 | INFO |   Ep 217/300 | Tr loss=0.1717 mae=0.433 r2=0.662 pcc=0.814 | Vl loss=0.5377 mae=1.017 r2=-1.074 pcc=0.756 | ES 91/100
  Ep 218/300 | Tr loss=0.1888 mae=0.464 r2=0.592 pcc=0.777 | Vl loss=0.4533 mae=0.924 r2=-0.834 pcc=0.765 | ES 92/100
2026-05-30 19:58:49,169 | INFO |   Ep 218/300 | Tr loss=0.1888 mae=0.464 r2=0.592 pcc=0.777 | Vl loss=0.4533 mae=0.924 r2=-0.834 pcc=0.765 | ES 92/100
  Ep 219/300 | Tr loss=0.2180 mae=0.515 r2=0.561 pcc=0.758 | Vl loss=0.4306 mae=0.888 r2=-0.757 pcc=0.759 | ES 93/100
2026-05-30 19:58:53,413 | INFO |   Ep 219/300 | Tr loss=0.2180 mae=0.515 r2=0.561 pcc=0.758 | Vl loss=0.4306 mae=0.888 r2=-0.757 pcc=0.759 | ES 93/100
  Ep 220/300 | Tr loss=0.1475 mae=0.435 r2=0.670 pcc=0.822 | Vl loss=0.5188 mae=0.986 r2=-1.022 pcc=0.733 | ES 94/100
2026-05-30 19:58:57,655 | INFO |   Ep 220/300 | Tr loss=0.1475 mae=0.435 r2=0.670 pcc=0.822 | Vl loss=0.5188 mae=0.986 r2=-1.022 pcc=0.733 | ES 94/100
  Ep 221/300 | Tr loss=0.1578 mae=0.433 r2=0.667 pcc=0.818 | Vl loss=0.6720 mae=1.124 r2=-1.500 pcc=0.674 | ES 95/100
2026-05-30 19:59:01,897 | INFO |   Ep 221/300 | Tr loss=0.1578 mae=0.433 r2=0.667 pcc=0.818 | Vl loss=0.6720 mae=1.124 r2=-1.500 pcc=0.674 | ES 95/100
  Ep 222/300 | Tr loss=0.1552 mae=0.437 r2=0.709 pcc=0.843 | Vl loss=0.6351 mae=1.093 r2=-1.362 pcc=0.664 | ES 96/100
2026-05-30 19:59:06,138 | INFO |   Ep 222/300 | Tr loss=0.1552 mae=0.437 r2=0.709 pcc=0.843 | Vl loss=0.6351 mae=1.093 r2=-1.362 pcc=0.664 | ES 96/100
  Ep 223/300 | Tr loss=0.1724 mae=0.444 r2=0.613 pcc=0.796 | Vl loss=0.3315 mae=0.743 r2=-0.358 pcc=0.743 | ES 97/100
2026-05-30 19:59:10,354 | INFO |   Ep 223/300 | Tr loss=0.1724 mae=0.444 r2=0.613 pcc=0.796 | Vl loss=0.3315 mae=0.743 r2=-0.358 pcc=0.743 | ES 97/100
  Ep 224/300 | Tr loss=0.1674 mae=0.437 r2=0.578 pcc=0.776 | Vl loss=0.3266 mae=0.733 r2=-0.345 pcc=0.752 | ES 98/100
2026-05-30 19:59:14,866 | INFO |   Ep 224/300 | Tr loss=0.1674 mae=0.437 r2=0.578 pcc=0.776 | Vl loss=0.3266 mae=0.733 r2=-0.345 pcc=0.752 | ES 98/100
  Ep 225/300 | Tr loss=0.1619 mae=0.452 r2=0.616 pcc=0.795 | Vl loss=0.4429 mae=0.895 r2=-0.738 pcc=0.739 | ES 99/100
2026-05-30 19:59:19,093 | INFO |   Ep 225/300 | Tr loss=0.1619 mae=0.452 r2=0.616 pcc=0.795 | Vl loss=0.4429 mae=0.895 r2=-0.738 pcc=0.739 | ES 99/100
  Ep 226/300 | Tr loss=0.1815 mae=0.479 r2=0.495 pcc=0.721 | Vl loss=0.2234 mae=0.535 r2=0.019 pcc=0.786 | ES 100/100
2026-05-30 19:59:23,313 | INFO |   Ep 226/300 | Tr loss=0.1815 mae=0.479 r2=0.495 pcc=0.721 | Vl loss=0.2234 mae=0.535 r2=0.019 pcc=0.786 | ES 100/100

  ⏹  Early stopping at epoch 226 (best=126)

✓ Training complete!

  ── Final Test Results (best epoch = 126) ──
  Loss : 0.1525
  RMSE : 0.5730
  MAE  : 0.3944
  R²   : 0.5019
  PCC  : 0.8020
  ✓ Saved → /mvdlph/masa/GCN_MultiView_LateFusion_Results/run_2026_05_30_19_42_44/plots/loss_curve.png
  ✓ Saved → /mvdlph/masa/GCN_MultiView_LateFusion_Results/run_2026_05_30_19_42_44/plots/rmse_mae.png
  ✓ Saved → /mvdlph/masa/GCN_MultiView_LateFusion_Results/run_2026_05_30_19_42_44/plots/r2_curve.png
  ✓ Saved → /mvdlph/masa/GCN_MultiView_LateFusion_Results/run_2026_05_30_19_42_44/plots/pcc_curve.png
  ✓ Saved → /mvdlph/masa/GCN_MultiView_LateFusion_Results/run_2026_05_30_19_42_44/plots/regression_scatter_test.png
  ✓ Saved → /mvdlph/masa/GCN_MultiView_LateFusion_Results/run_2026_05_30_19_42_44/plots/early_stopping.png
  ✓ History JSON → /mvdlph/masa/GCN_MultiView_LateFusion_Results/run_2026_05_30_19_42_44/logs/training_history.json
========================================================================
  Exercise         n      MAE     RMSE       R²      PCC
────────────────────────────────────────────────────────────────────────
  E0              15   0.4196   0.5442   0.5423   0.8534
  E1              11   0.3894   0.6121   0.4601   0.8794
  E2               9   0.2799   0.3794   0.7886   0.8977
  E3               9   0.5722   0.6864   0.1539   0.7588
  E4              11   0.3932   0.6217  -0.2123   0.6602
  E5              11   0.3423   0.5253   0.3699   0.8390
  E6              11   0.3668   0.5951   0.4649   0.8022
────────────────────────────────────────────────────────────────────────
  Overall         77   0.3944   0.5730   0.5019   0.8020
========================================================================
  ✓ Per-exercise scatter grid saved
============================================================
DIAGNOSTIC 1: Per-exercise skeleton variance (C0)
============================================================
  Exercise      X-var      Y-var      Z-var  Z/X ratio
-------------------------------------------------------
        E0     0.0472     0.0103     0.0722      1.530
        E1     0.0480     0.0104     0.0723      1.505
        E2     0.0441     0.0104     0.0726      1.645
        E3     0.0476     0.0104     0.0720      1.513
        E4     0.0469     0.0105     0.0718      1.531
        E5     0.0478     0.0105     0.0719      1.505
        E6     0.0448     0.0105     0.0714      1.593

============================================================
DIAGNOSTIC 2: Quality score distribution per split
============================================================
 Train: mean=4.134 std=0.844 min=1.34 max=5.00 | correct=132 erroneous=83
   Val: mean=4.170 std=0.814 min=2.28 max=5.00 | correct=45 erroneous=24
  Test: mean=4.069 std=0.817 min=2.18 max=5.00 | correct=48 erroneous=29
============================================================
  TRAINING SUMMARY — ST-GCN Multi-View Late Fusion
============================================================
  Cameras          : [0, 1, 2]
  Backbones        : 3 × 256-dim (no weight sharing)
  Fusion input dim : 800  (768 embeds + 32 exercise)
  Best Epoch       : 126  (stopped at 226)
  Best Val MAE     : 0.3589
  Best Val RMSE    : 0.5271
  Best Val R²      : 0.5742
  Best Val PCC     : 0.8407
────────────────────────────────────────────────────────────
  Test MAE         : 0.3944
  Test RMSE        : 0.5730
  Test R²          : 0.5019
  Test PCC         : 0.8020
============================================================
2026-05-30 19:59:27,729 | INFO | [LATE FUSION] Best Epoch=126  stopped=226
2026-05-30 19:59:27,729 | INFO | Test MAE=0.3944  RMSE=0.5730
2026-05-30 19:59:27,730 | INFO | Test R²=0.5019   PCC=0.8020

✓ Summary CSV → /mvdlph/masa/GCN_MultiView_LateFusion_Results/training_summary.csv
