✓ stdout → also writing to /mvdlph/masa/GCN_MultiView_MiddleFusion_Results/run_2026_05_30_20_00_06/logs/training_20260530_200006.log
2026-05-30 20:00:06,215 | INFO | ======================================================================
2026-05-30 20:00:06,216 | INFO | Multi-View Middle Fusion ST-GCN | BZU Physiotherapy Dataset
2026-05-30 20:00:06,216 | INFO | Cameras : [0, 1, 2]  |  Epochs : 300  |  Patience : 100
2026-05-30 20:00:06,216 | INFO | Log file : /mvdlph/masa/GCN_MultiView_MiddleFusion_Results/run_2026_05_30_20_00_06/logs/training_20260530_200006.log
2026-05-30 20:00:06,216 | INFO | ======================================================================
✓ parse_filename and load_skeleton defined

[TRAIN] NPZ files found : 9477
  Samples          : 9477
  Unique trials    : 327
  Quality mean±std : 4.127 ± 0.812

[VALID] NPZ files found : 2790
  Samples          : 2790
  Unique trials    : 100
  Quality mean±std : 4.232 ± 0.741

[TEST] NPZ files found : 3108
  Samples          : 3108
  Unique trials    : 107
  Quality mean±std : 4.031 ± 0.777
  [TRAIN] ⚠️  Skipped 246 files from 13 groups with incomplete cameras
  [TRAIN] Keeping all cameras for fusion: 9231 samples
  [VALID] ⚠️  Skipped 133 files from 8 groups with incomplete cameras
  [VALID] Keeping all cameras for fusion: 2657 samples
  [TEST] ✓ All groups have complete 3-camera coverage
  [TEST] Keeping all cameras for fusion: 3108 samples

Checking for corrupted files...
  [TRAIN] Removing 1 corrupted file(s)
  [TRAIN] Clean samples : 9204
  [VALID] Clean samples : 2657
  [TEST] Removing 2 corrupted file(s)
  [TEST] Clean samples : 3049

Excluding exercises...
  [TRAIN] Excluded E[3, 7, 9] → 2940 rows dropped, 6264 remain
  [VALID] Excluded E[3, 7, 9] → 656 rows dropped, 2001 remain
  [TEST] Excluded E[3, 7, 9] → 820 rows dropped, 2229 remain

  Exercise ID remap : {0: 0, 1: 1, 2: 2, 4: 3, 5: 4, 6: 5, 8: 6}

✓ No data-leakage detected across splits

════════════════════════════════════════════════════════════════════
  Split      Trials   Samples
  ──────────────────────────────
  Train         215      2053
  Val            69       651
  Test           77       734
════════════════════════════════════════════════════════════════════

✓ Trial-level DataFrames ready (path_c0, path_c1, path_c2 per row)
✓ Skeleton visualisation helpers defined
✓ ST-GCN adjacency builders defined
✓ SpatialGraphConv and STGCNBlock defined
✓ AttentionFusion module defined
✓ STGCNBackbone (shared, 256-d output) defined

✓ MultiViewFusionModel sanity check passed — output shape: torch.Size([2])
✓ Total trainable parameters: 3,733,545
✓ MultiViewDataset defined
Device : cuda
GPU    : Tesla V100-PCIE-32GB
✓ centre_and_scale and run_epoch (multi-view) defined
✓ Plotting helpers (multi-view) defined
✓ EarlyStopping defined
✓ DataLoaders ready
  Train batches : 86  (2053 samples)
  Val   batches : 28  (651 samples)
  Test  batches : 31  (734 samples)
2026-05-30 20:00:34,200 | INFO | ======================================================================
2026-05-30 20:00:34,201 | INFO | STARTING MULTI-VIEW MIDDLE FUSION TRAINING
2026-05-30 20:00:34,202 | INFO | Model params : 3,733,545
2026-05-30 20:00:34,203 | INFO | train=2053 val=651 test=734
2026-05-30 20:00:34,204 | INFO | ======================================================================

════════════════════════════════════════════════════════════════════
  Multi-View Middle Fusion | Cameras: [0, 1, 2]
  Train: 2053  Val: 651  Test: 734
  Params: 3,733,545  |  Patience: 100  |  Batch: 24
════════════════════════════════════════════════════════════════════
  Ep   1/300 | Tr loss=0.3367 mae=0.672 r2=0.172 pcc=0.520 | Vl loss=0.6255 mae=1.060 r2=-1.101 pcc=0.781 | ES 0/100 ★
2026-05-30 20:01:07,226 | INFO |   Ep   1/300 | Tr loss=0.3367 mae=0.672 r2=0.172 pcc=0.520 | Vl loss=0.6255 mae=1.060 r2=-1.101 pcc=0.781 | ES 0/100 ★
    ★ val_mae=1.0602  rmse=1.1623  r2=-1.1007  pcc=0.7810
  Ep   2/300 | Tr loss=0.2869 mae=0.612 r2=0.333 pcc=0.597 | Vl loss=0.6167 mae=1.063 r2=-1.148 pcc=0.773 | ES 1/100
2026-05-30 20:01:39,281 | INFO |   Ep   2/300 | Tr loss=0.2869 mae=0.612 r2=0.333 pcc=0.597 | Vl loss=0.6167 mae=1.063 r2=-1.148 pcc=0.773 | ES 1/100
  Ep   3/300 | Tr loss=0.2629 mae=0.579 r2=0.380 pcc=0.632 | Vl loss=0.2931 mae=0.563 r2=-0.174 pcc=0.783 | ES 0/100 ★
2026-05-30 20:02:11,273 | INFO |   Ep   3/300 | Tr loss=0.2629 mae=0.579 r2=0.380 pcc=0.632 | Vl loss=0.2931 mae=0.563 r2=-0.174 pcc=0.783 | ES 0/100 ★
    ★ val_mae=0.5629  rmse=0.8690  r2=-0.1742  pcc=0.7827
  Ep   4/300 | Tr loss=0.2581 mae=0.564 r2=0.392 pcc=0.637 | Vl loss=0.1953 mae=0.486 r2=0.291 pcc=0.783 | ES 0/100 ★
2026-05-30 20:02:43,233 | INFO |   Ep   4/300 | Tr loss=0.2581 mae=0.564 r2=0.392 pcc=0.637 | Vl loss=0.1953 mae=0.486 r2=0.291 pcc=0.783 | ES 0/100 ★
    ★ val_mae=0.4859  rmse=0.6754  r2=0.2907  pcc=0.7826
  Ep   5/300 | Tr loss=0.2424 mae=0.548 r2=0.410 pcc=0.648 | Vl loss=0.3274 mae=0.692 r2=-0.195 pcc=0.647 | ES 1/100
2026-05-30 20:03:15,122 | INFO |   Ep   5/300 | Tr loss=0.2424 mae=0.548 r2=0.410 pcc=0.648 | Vl loss=0.3274 mae=0.692 r2=-0.195 pcc=0.647 | ES 1/100
  Ep   6/300 | Tr loss=0.2393 mae=0.545 r2=0.433 pcc=0.665 | Vl loss=0.2920 mae=0.617 r2=-0.076 pcc=0.658 | ES 2/100
2026-05-30 20:03:47,108 | INFO |   Ep   6/300 | Tr loss=0.2393 mae=0.545 r2=0.433 pcc=0.665 | Vl loss=0.2920 mae=0.617 r2=-0.076 pcc=0.658 | ES 2/100
  Ep   7/300 | Tr loss=0.2353 mae=0.534 r2=0.422 pcc=0.656 | Vl loss=0.1575 mae=0.426 r2=0.442 pcc=0.802 | ES 0/100 ★
2026-05-30 20:04:18,961 | INFO |   Ep   7/300 | Tr loss=0.2353 mae=0.534 r2=0.422 pcc=0.656 | Vl loss=0.1575 mae=0.426 r2=0.442 pcc=0.802 | ES 0/100 ★
    ★ val_mae=0.4260  rmse=0.5989  r2=0.4422  pcc=0.8019
  Ep   8/300 | Tr loss=0.2165 mae=0.512 r2=0.472 pcc=0.689 | Vl loss=0.1324 mae=0.359 r2=0.543 pcc=0.810 | ES 0/100 ★
2026-05-30 20:04:50,768 | INFO |   Ep   8/300 | Tr loss=0.2165 mae=0.512 r2=0.472 pcc=0.689 | Vl loss=0.1324 mae=0.359 r2=0.543 pcc=0.810 | ES 0/100 ★
    ★ val_mae=0.3594  rmse=0.5420  r2=0.5431  pcc=0.8100
  Ep   9/300 | Tr loss=0.2161 mae=0.511 r2=0.483 pcc=0.698 | Vl loss=0.1384 mae=0.369 r2=0.518 pcc=0.814 | ES 1/100
2026-05-30 20:05:22,708 | INFO |   Ep   9/300 | Tr loss=0.2161 mae=0.511 r2=0.483 pcc=0.698 | Vl loss=0.1384 mae=0.369 r2=0.518 pcc=0.814 | ES 1/100
  Ep  10/300 | Tr loss=0.2283 mae=0.531 r2=0.481 pcc=0.696 | Vl loss=0.2632 mae=0.621 r2=0.088 pcc=0.725 | ES 2/100
2026-05-30 20:05:54,701 | INFO |   Ep  10/300 | Tr loss=0.2283 mae=0.531 r2=0.481 pcc=0.696 | Vl loss=0.2632 mae=0.621 r2=0.088 pcc=0.725 | ES 2/100
  Ep  11/300 | Tr loss=0.2176 mae=0.514 r2=0.496 pcc=0.706 | Vl loss=0.1203 mae=0.399 r2=0.600 pcc=0.843 | ES 3/100
2026-05-30 20:06:26,732 | INFO |   Ep  11/300 | Tr loss=0.2176 mae=0.514 r2=0.496 pcc=0.706 | Vl loss=0.1203 mae=0.399 r2=0.600 pcc=0.843 | ES 3/100
  Ep  12/300 | Tr loss=0.2015 mae=0.494 r2=0.538 pcc=0.734 | Vl loss=0.0998 mae=0.345 r2=0.669 pcc=0.861 | ES 0/100 ★
2026-05-30 20:06:58,703 | INFO |   Ep  12/300 | Tr loss=0.2015 mae=0.494 r2=0.538 pcc=0.734 | Vl loss=0.0998 mae=0.345 r2=0.669 pcc=0.861 | ES 0/100 ★
    ★ val_mae=0.3445  rmse=0.4612  r2=0.6693  pcc=0.8613
  Ep  13/300 | Tr loss=0.1978 mae=0.498 r2=0.559 pcc=0.748 | Vl loss=0.1190 mae=0.387 r2=0.602 pcc=0.870 | ES 1/100
2026-05-30 20:07:30,474 | INFO |   Ep  13/300 | Tr loss=0.1978 mae=0.498 r2=0.559 pcc=0.748 | Vl loss=0.1190 mae=0.387 r2=0.602 pcc=0.870 | ES 1/100
  Ep  14/300 | Tr loss=0.1856 mae=0.472 r2=0.585 pcc=0.766 | Vl loss=0.1689 mae=0.475 r2=0.435 pcc=0.861 | ES 2/100
2026-05-30 20:08:02,231 | INFO |   Ep  14/300 | Tr loss=0.1856 mae=0.472 r2=0.585 pcc=0.766 | Vl loss=0.1689 mae=0.475 r2=0.435 pcc=0.861 | ES 2/100
  Ep  15/300 | Tr loss=0.1891 mae=0.481 r2=0.553 pcc=0.746 | Vl loss=0.2400 mae=0.534 r2=0.121 pcc=0.759 | ES 3/100
2026-05-30 20:08:33,963 | INFO |   Ep  15/300 | Tr loss=0.1891 mae=0.481 r2=0.553 pcc=0.746 | Vl loss=0.2400 mae=0.534 r2=0.121 pcc=0.759 | ES 3/100
  Ep  16/300 | Tr loss=0.1723 mae=0.450 r2=0.606 pcc=0.780 | Vl loss=0.1157 mae=0.387 r2=0.623 pcc=0.878 | ES 4/100
2026-05-30 20:09:06,206 | INFO |   Ep  16/300 | Tr loss=0.1723 mae=0.450 r2=0.606 pcc=0.780 | Vl loss=0.1157 mae=0.387 r2=0.623 pcc=0.878 | ES 4/100
  Ep  17/300 | Tr loss=0.1708 mae=0.451 r2=0.620 pcc=0.788 | Vl loss=0.4559 mae=0.829 r2=-0.849 pcc=0.547 | ES 5/100
2026-05-30 20:09:38,078 | INFO |   Ep  17/300 | Tr loss=0.1708 mae=0.451 r2=0.620 pcc=0.788 | Vl loss=0.4559 mae=0.829 r2=-0.849 pcc=0.547 | ES 5/100
  Ep  18/300 | Tr loss=0.1727 mae=0.454 r2=0.626 pcc=0.792 | Vl loss=0.2418 mae=0.553 r2=0.136 pcc=0.781 | ES 6/100
2026-05-30 20:10:09,958 | INFO |   Ep  18/300 | Tr loss=0.1727 mae=0.454 r2=0.626 pcc=0.792 | Vl loss=0.2418 mae=0.553 r2=0.136 pcc=0.781 | ES 6/100
  Ep  19/300 | Tr loss=0.1697 mae=0.451 r2=0.609 pcc=0.782 | Vl loss=0.1610 mae=0.451 r2=0.456 pcc=0.866 | ES 7/100
2026-05-30 20:10:41,934 | INFO |   Ep  19/300 | Tr loss=0.1697 mae=0.451 r2=0.609 pcc=0.782 | Vl loss=0.1610 mae=0.451 r2=0.456 pcc=0.866 | ES 7/100
  Ep  20/300 | Tr loss=0.1603 mae=0.431 r2=0.637 pcc=0.799 | Vl loss=0.1811 mae=0.474 r2=0.377 pcc=0.829 | ES 8/100
2026-05-30 20:11:13,868 | INFO |   Ep  20/300 | Tr loss=0.1603 mae=0.431 r2=0.637 pcc=0.799 | Vl loss=0.1811 mae=0.474 r2=0.377 pcc=0.829 | ES 8/100
  Ep  21/300 | Tr loss=0.1643 mae=0.441 r2=0.634 pcc=0.797 | Vl loss=0.1269 mae=0.365 r2=0.561 pcc=0.870 | ES 9/100
2026-05-30 20:11:46,316 | INFO |   Ep  21/300 | Tr loss=0.1643 mae=0.441 r2=0.634 pcc=0.797 | Vl loss=0.1269 mae=0.365 r2=0.561 pcc=0.870 | ES 9/100
  Ep  22/300 | Tr loss=0.1739 mae=0.451 r2=0.611 pcc=0.783 | Vl loss=0.1486 mae=0.428 r2=0.502 pcc=0.860 | ES 10/100
2026-05-30 20:12:18,337 | INFO |   Ep  22/300 | Tr loss=0.1739 mae=0.451 r2=0.611 pcc=0.783 | Vl loss=0.1486 mae=0.428 r2=0.502 pcc=0.860 | ES 10/100
  Ep  23/300 | Tr loss=0.1626 mae=0.434 r2=0.632 pcc=0.796 | Vl loss=0.2218 mae=0.532 r2=0.233 pcc=0.819 | ES 11/100
2026-05-30 20:12:50,248 | INFO |   Ep  23/300 | Tr loss=0.1626 mae=0.434 r2=0.632 pcc=0.796 | Vl loss=0.2218 mae=0.532 r2=0.233 pcc=0.819 | ES 11/100
  Ep  24/300 | Tr loss=0.1585 mae=0.425 r2=0.647 pcc=0.806 | Vl loss=0.2687 mae=0.598 r2=0.047 pcc=0.714 | ES 12/100
2026-05-30 20:13:22,143 | INFO |   Ep  24/300 | Tr loss=0.1585 mae=0.425 r2=0.647 pcc=0.806 | Vl loss=0.2687 mae=0.598 r2=0.047 pcc=0.714 | ES 12/100
  Ep  25/300 | Tr loss=0.1649 mae=0.442 r2=0.638 pcc=0.799 | Vl loss=0.3773 mae=0.750 r2=-0.380 pcc=0.674 | ES 13/100
2026-05-30 20:13:54,087 | INFO |   Ep  25/300 | Tr loss=0.1649 mae=0.442 r2=0.638 pcc=0.799 | Vl loss=0.3773 mae=0.750 r2=-0.380 pcc=0.674 | ES 13/100
  Ep  26/300 | Tr loss=0.1640 mae=0.441 r2=0.631 pcc=0.796 | Vl loss=0.1198 mae=0.382 r2=0.601 pcc=0.887 | ES 14/100
2026-05-30 20:14:26,324 | INFO |   Ep  26/300 | Tr loss=0.1640 mae=0.441 r2=0.631 pcc=0.796 | Vl loss=0.1198 mae=0.382 r2=0.601 pcc=0.887 | ES 14/100
  Ep  27/300 | Tr loss=0.1630 mae=0.435 r2=0.630 pcc=0.795 | Vl loss=0.1263 mae=0.387 r2=0.576 pcc=0.870 | ES 15/100
2026-05-30 20:14:58,356 | INFO |   Ep  27/300 | Tr loss=0.1630 mae=0.435 r2=0.630 pcc=0.795 | Vl loss=0.1263 mae=0.387 r2=0.576 pcc=0.870 | ES 15/100
  Ep  28/300 | Tr loss=0.1575 mae=0.433 r2=0.651 pcc=0.808 | Vl loss=0.1401 mae=0.403 r2=0.525 pcc=0.856 | ES 16/100
2026-05-30 20:15:30,365 | INFO |   Ep  28/300 | Tr loss=0.1575 mae=0.433 r2=0.651 pcc=0.808 | Vl loss=0.1401 mae=0.403 r2=0.525 pcc=0.856 | ES 16/100
  Ep  29/300 | Tr loss=0.1599 mae=0.433 r2=0.634 pcc=0.797 | Vl loss=0.1623 mae=0.440 r2=0.450 pcc=0.817 | ES 17/100
2026-05-30 20:16:02,334 | INFO |   Ep  29/300 | Tr loss=0.1599 mae=0.433 r2=0.634 pcc=0.797 | Vl loss=0.1623 mae=0.440 r2=0.450 pcc=0.817 | ES 17/100
  Ep  30/300 | Tr loss=0.1616 mae=0.436 r2=0.633 pcc=0.796 | Vl loss=0.3061 mae=0.652 r2=-0.109 pcc=0.742 | ES 18/100
2026-05-30 20:16:34,279 | INFO |   Ep  30/300 | Tr loss=0.1616 mae=0.436 r2=0.633 pcc=0.796 | Vl loss=0.3061 mae=0.652 r2=-0.109 pcc=0.742 | ES 18/100
  Ep  31/300 | Tr loss=0.1529 mae=0.419 r2=0.662 pcc=0.814 | Vl loss=0.1985 mae=0.517 r2=0.332 pcc=0.842 | ES 19/100
2026-05-30 20:17:06,642 | INFO |   Ep  31/300 | Tr loss=0.1529 mae=0.419 r2=0.662 pcc=0.814 | Vl loss=0.1985 mae=0.517 r2=0.332 pcc=0.842 | ES 19/100
  Ep  32/300 | Tr loss=0.1565 mae=0.428 r2=0.665 pcc=0.816 | Vl loss=0.1253 mae=0.400 r2=0.581 pcc=0.885 | ES 20/100
2026-05-30 20:17:39,487 | INFO |   Ep  32/300 | Tr loss=0.1565 mae=0.428 r2=0.665 pcc=0.816 | Vl loss=0.1253 mae=0.400 r2=0.581 pcc=0.885 | ES 20/100
  Ep  33/300 | Tr loss=0.1638 mae=0.441 r2=0.639 pcc=0.800 | Vl loss=0.4901 mae=0.868 r2=-0.999 pcc=0.567 | ES 21/100
2026-05-30 20:18:12,496 | INFO |   Ep  33/300 | Tr loss=0.1638 mae=0.441 r2=0.639 pcc=0.800 | Vl loss=0.4901 mae=0.868 r2=-0.999 pcc=0.567 | ES 21/100
  Ep  34/300 | Tr loss=0.1456 mae=0.410 r2=0.677 pcc=0.823 | Vl loss=0.4321 mae=0.818 r2=-0.634 pcc=0.652 | ES 22/100
2026-05-30 20:18:45,589 | INFO |   Ep  34/300 | Tr loss=0.1456 mae=0.410 r2=0.677 pcc=0.823 | Vl loss=0.4321 mae=0.818 r2=-0.634 pcc=0.652 | ES 22/100
  Ep  35/300 | Tr loss=0.1554 mae=0.423 r2=0.654 pcc=0.810 | Vl loss=0.2926 mae=0.620 r2=-0.099 pcc=0.688 | ES 23/100
2026-05-30 20:19:18,419 | INFO |   Ep  35/300 | Tr loss=0.1554 mae=0.423 r2=0.654 pcc=0.810 | Vl loss=0.2926 mae=0.620 r2=-0.099 pcc=0.688 | ES 23/100
  Ep  36/300 | Tr loss=0.1707 mae=0.447 r2=0.638 pcc=0.799 | Vl loss=0.1218 mae=0.375 r2=0.593 pcc=0.853 | ES 24/100
2026-05-30 20:19:50,245 | INFO |   Ep  36/300 | Tr loss=0.1707 mae=0.447 r2=0.638 pcc=0.799 | Vl loss=0.1218 mae=0.375 r2=0.593 pcc=0.853 | ES 24/100
  Ep  37/300 | Tr loss=0.1541 mae=0.419 r2=0.661 pcc=0.813 | Vl loss=0.0825 mae=0.305 r2=0.729 pcc=0.891 | ES 0/100 ★
2026-05-30 20:20:21,964 | INFO |   Ep  37/300 | Tr loss=0.1541 mae=0.419 r2=0.661 pcc=0.813 | Vl loss=0.0825 mae=0.305 r2=0.729 pcc=0.891 | ES 0/100 ★
    ★ val_mae=0.3048  rmse=0.4175  r2=0.7289  pcc=0.8912
  Ep  38/300 | Tr loss=0.1576 mae=0.432 r2=0.661 pcc=0.814 | Vl loss=0.3078 mae=0.654 r2=-0.122 pcc=0.717 | ES 1/100
2026-05-30 20:20:53,726 | INFO |   Ep  38/300 | Tr loss=0.1576 mae=0.432 r2=0.661 pcc=0.814 | Vl loss=0.3078 mae=0.654 r2=-0.122 pcc=0.717 | ES 1/100
  Ep  39/300 | Tr loss=0.1450 mae=0.408 r2=0.672 pcc=0.821 | Vl loss=0.2532 mae=0.554 r2=0.065 pcc=0.747 | ES 2/100
2026-05-30 20:21:25,901 | INFO |   Ep  39/300 | Tr loss=0.1450 mae=0.408 r2=0.672 pcc=0.821 | Vl loss=0.2532 mae=0.554 r2=0.065 pcc=0.747 | ES 2/100
  Ep  40/300 | Tr loss=0.1453 mae=0.409 r2=0.674 pcc=0.822 | Vl loss=0.2559 mae=0.576 r2=0.078 pcc=0.743 | ES 3/100
2026-05-30 20:21:57,883 | INFO |   Ep  40/300 | Tr loss=0.1453 mae=0.409 r2=0.674 pcc=0.822 | Vl loss=0.2559 mae=0.576 r2=0.078 pcc=0.743 | ES 3/100
  Ep  41/300 | Tr loss=0.1539 mae=0.421 r2=0.651 pcc=0.807 | Vl loss=0.1969 mae=0.489 r2=0.317 pcc=0.796 | ES 4/100
2026-05-30 20:22:30,044 | INFO |   Ep  41/300 | Tr loss=0.1539 mae=0.421 r2=0.651 pcc=0.807 | Vl loss=0.1969 mae=0.489 r2=0.317 pcc=0.796 | ES 4/100
  Ep  42/300 | Tr loss=0.1519 mae=0.417 r2=0.653 pcc=0.808 | Vl loss=0.5881 mae=0.986 r2=-1.391 pcc=0.449 | ES 5/100
2026-05-30 20:23:01,932 | INFO |   Ep  42/300 | Tr loss=0.1519 mae=0.417 r2=0.653 pcc=0.808 | Vl loss=0.5881 mae=0.986 r2=-1.391 pcc=0.449 | ES 5/100
  Ep  43/300 | Tr loss=0.1613 mae=0.433 r2=0.627 pcc=0.793 | Vl loss=1.0331 mae=1.409 r2=-3.670 pcc=-0.007 | ES 6/100
2026-05-30 20:23:34,704 | INFO |   Ep  43/300 | Tr loss=0.1613 mae=0.433 r2=0.627 pcc=0.793 | Vl loss=1.0331 mae=1.409 r2=-3.670 pcc=-0.007 | ES 6/100
  Ep  44/300 | Tr loss=0.1502 mae=0.413 r2=0.665 pcc=0.816 | Vl loss=0.3995 mae=0.757 r2=-0.565 pcc=0.555 | ES 7/100
2026-05-30 20:24:07,837 | INFO |   Ep  44/300 | Tr loss=0.1502 mae=0.413 r2=0.665 pcc=0.816 | Vl loss=0.3995 mae=0.757 r2=-0.565 pcc=0.555 | ES 7/100
  Ep  45/300 | Tr loss=0.1484 mae=0.413 r2=0.675 pcc=0.822 | Vl loss=0.1875 mae=0.461 r2=0.337 pcc=0.792 | ES 8/100
2026-05-30 20:24:40,774 | INFO |   Ep  45/300 | Tr loss=0.1484 mae=0.413 r2=0.675 pcc=0.822 | Vl loss=0.1875 mae=0.461 r2=0.337 pcc=0.792 | ES 8/100
  Ep  46/300 | Tr loss=0.1465 mae=0.411 r2=0.676 pcc=0.823 | Vl loss=0.3642 mae=0.691 r2=-0.436 pcc=0.612 | ES 9/100
2026-05-30 20:25:13,787 | INFO |   Ep  46/300 | Tr loss=0.1465 mae=0.411 r2=0.676 pcc=0.823 | Vl loss=0.3642 mae=0.691 r2=-0.436 pcc=0.612 | ES 9/100
  Ep  47/300 | Tr loss=0.1446 mae=0.402 r2=0.682 pcc=0.826 | Vl loss=0.2353 mae=0.513 r2=0.132 pcc=0.758 | ES 10/100
2026-05-30 20:25:46,734 | INFO |   Ep  47/300 | Tr loss=0.1446 mae=0.402 r2=0.682 pcc=0.826 | Vl loss=0.2353 mae=0.513 r2=0.132 pcc=0.758 | ES 10/100
  Ep  48/300 | Tr loss=0.1532 mae=0.420 r2=0.657 pcc=0.811 | Vl loss=0.5656 mae=0.939 r2=-1.384 pcc=0.426 | ES 11/100
2026-05-30 20:26:19,620 | INFO |   Ep  48/300 | Tr loss=0.1532 mae=0.420 r2=0.657 pcc=0.811 | Vl loss=0.5656 mae=0.939 r2=-1.384 pcc=0.426 | ES 11/100
  Ep  49/300 | Tr loss=0.1423 mae=0.398 r2=0.681 pcc=0.826 | Vl loss=0.3839 mae=0.720 r2=-0.516 pcc=0.582 | ES 12/100
2026-05-30 20:26:52,624 | INFO |   Ep  49/300 | Tr loss=0.1423 mae=0.398 r2=0.681 pcc=0.826 | Vl loss=0.3839 mae=0.720 r2=-0.516 pcc=0.582 | ES 12/100
  Ep  50/300 | Tr loss=0.1453 mae=0.398 r2=0.672 pcc=0.820 | Vl loss=0.5287 mae=0.880 r2=-1.256 pcc=0.439 | ES 13/100
2026-05-30 20:27:25,556 | INFO |   Ep  50/300 | Tr loss=0.1453 mae=0.398 r2=0.672 pcc=0.820 | Vl loss=0.5287 mae=0.880 r2=-1.256 pcc=0.439 | ES 13/100
  Ep  51/300 | Tr loss=0.1518 mae=0.415 r2=0.667 pcc=0.818 | Vl loss=0.3493 mae=0.696 r2=-0.318 pcc=0.589 | ES 14/100
2026-05-30 20:27:58,556 | INFO |   Ep  51/300 | Tr loss=0.1518 mae=0.415 r2=0.667 pcc=0.818 | Vl loss=0.3493 mae=0.696 r2=-0.318 pcc=0.589 | ES 14/100
  Ep  52/300 | Tr loss=0.1421 mae=0.403 r2=0.672 pcc=0.820 | Vl loss=0.2703 mae=0.580 r2=-0.007 pcc=0.693 | ES 15/100
2026-05-30 20:28:31,014 | INFO |   Ep  52/300 | Tr loss=0.1421 mae=0.403 r2=0.672 pcc=0.820 | Vl loss=0.2703 mae=0.580 r2=-0.007 pcc=0.693 | ES 15/100
  Ep  53/300 | Tr loss=0.1469 mae=0.414 r2=0.679 pcc=0.825 | Vl loss=0.3281 mae=0.630 r2=-0.274 pcc=0.595 | ES 16/100
2026-05-30 20:29:03,090 | INFO |   Ep  53/300 | Tr loss=0.1469 mae=0.414 r2=0.679 pcc=0.825 | Vl loss=0.3281 mae=0.630 r2=-0.274 pcc=0.595 | ES 16/100
  Ep  54/300 | Tr loss=0.1510 mae=0.412 r2=0.667 pcc=0.817 | Vl loss=0.1648 mae=0.430 r2=0.439 pcc=0.812 | ES 17/100
2026-05-30 20:29:35,226 | INFO |   Ep  54/300 | Tr loss=0.1510 mae=0.412 r2=0.667 pcc=0.817 | Vl loss=0.1648 mae=0.430 r2=0.439 pcc=0.812 | ES 17/100
  Ep  55/300 | Tr loss=0.1458 mae=0.403 r2=0.670 pcc=0.819 | Vl loss=0.3359 mae=0.656 r2=-0.261 pcc=0.625 | ES 18/100
2026-05-30 20:30:08,163 | INFO |   Ep  55/300 | Tr loss=0.1458 mae=0.403 r2=0.670 pcc=0.819 | Vl loss=0.3359 mae=0.656 r2=-0.261 pcc=0.625 | ES 18/100
  Ep  56/300 | Tr loss=0.1390 mae=0.396 r2=0.685 pcc=0.828 | Vl loss=0.2069 mae=0.505 r2=0.281 pcc=0.805 | ES 19/100
2026-05-30 20:30:41,097 | INFO |   Ep  56/300 | Tr loss=0.1390 mae=0.396 r2=0.685 pcc=0.828 | Vl loss=0.2069 mae=0.505 r2=0.281 pcc=0.805 | ES 19/100
  Ep  57/300 | Tr loss=0.1456 mae=0.404 r2=0.674 pcc=0.821 | Vl loss=0.2412 mae=0.538 r2=0.142 pcc=0.749 | ES 20/100
2026-05-30 20:31:14,082 | INFO |   Ep  57/300 | Tr loss=0.1456 mae=0.404 r2=0.674 pcc=0.821 | Vl loss=0.2412 mae=0.538 r2=0.142 pcc=0.749 | ES 20/100
  Ep  58/300 | Tr loss=0.1449 mae=0.407 r2=0.663 pcc=0.815 | Vl loss=0.1293 mae=0.396 r2=0.569 pcc=0.856 | ES 21/100
2026-05-30 20:31:47,109 | INFO |   Ep  58/300 | Tr loss=0.1449 mae=0.407 r2=0.663 pcc=0.815 | Vl loss=0.1293 mae=0.396 r2=0.569 pcc=0.856 | ES 21/100
  Ep  59/300 | Tr loss=0.1431 mae=0.405 r2=0.674 pcc=0.822 | Vl loss=0.5270 mae=0.901 r2=-1.130 pcc=0.423 | ES 22/100
2026-05-30 20:32:20,119 | INFO |   Ep  59/300 | Tr loss=0.1431 mae=0.405 r2=0.674 pcc=0.822 | Vl loss=0.5270 mae=0.901 r2=-1.130 pcc=0.423 | ES 22/100
  Ep  60/300 | Tr loss=0.1508 mae=0.411 r2=0.656 pcc=0.811 | Vl loss=0.4447 mae=0.791 r2=-0.765 pcc=0.506 | ES 23/100
2026-05-30 20:32:53,177 | INFO |   Ep  60/300 | Tr loss=0.1508 mae=0.411 r2=0.656 pcc=0.811 | Vl loss=0.4447 mae=0.791 r2=-0.765 pcc=0.506 | ES 23/100
  Ep  61/300 | Tr loss=0.1482 mae=0.408 r2=0.662 pcc=0.814 | Vl loss=0.1523 mae=0.421 r2=0.491 pcc=0.810 | ES 24/100
2026-05-30 20:33:26,291 | INFO |   Ep  61/300 | Tr loss=0.1482 mae=0.408 r2=0.662 pcc=0.814 | Vl loss=0.1523 mae=0.421 r2=0.491 pcc=0.810 | ES 24/100
  Ep  62/300 | Tr loss=0.1381 mae=0.392 r2=0.698 pcc=0.836 | Vl loss=0.3146 mae=0.657 r2=-0.132 pcc=0.654 | ES 25/100
2026-05-30 20:33:59,302 | INFO |   Ep  62/300 | Tr loss=0.1381 mae=0.392 r2=0.698 pcc=0.836 | Vl loss=0.3146 mae=0.657 r2=-0.132 pcc=0.654 | ES 25/100
  Ep  63/300 | Tr loss=0.1487 mae=0.411 r2=0.663 pcc=0.815 | Vl loss=0.5105 mae=0.894 r2=-1.001 pcc=0.493 | ES 26/100
2026-05-30 20:34:32,118 | INFO |   Ep  63/300 | Tr loss=0.1487 mae=0.411 r2=0.663 pcc=0.815 | Vl loss=0.5105 mae=0.894 r2=-1.001 pcc=0.493 | ES 26/100
  Ep  64/300 | Tr loss=0.1433 mae=0.399 r2=0.674 pcc=0.821 | Vl loss=0.1041 mae=0.340 r2=0.653 pcc=0.875 | ES 27/100
2026-05-30 20:35:04,112 | INFO |   Ep  64/300 | Tr loss=0.1433 mae=0.399 r2=0.674 pcc=0.821 | Vl loss=0.1041 mae=0.340 r2=0.653 pcc=0.875 | ES 27/100
  Ep  65/300 | Tr loss=0.1414 mae=0.406 r2=0.673 pcc=0.821 | Vl loss=0.3515 mae=0.686 r2=-0.345 pcc=0.606 | ES 28/100
2026-05-30 20:35:36,208 | INFO |   Ep  65/300 | Tr loss=0.1414 mae=0.406 r2=0.673 pcc=0.821 | Vl loss=0.3515 mae=0.686 r2=-0.345 pcc=0.606 | ES 28/100
  Ep  66/300 | Tr loss=0.1462 mae=0.403 r2=0.664 pcc=0.815 | Vl loss=0.1104 mae=0.362 r2=0.638 pcc=0.859 | ES 29/100
2026-05-30 20:36:08,142 | INFO |   Ep  66/300 | Tr loss=0.1462 mae=0.403 r2=0.664 pcc=0.815 | Vl loss=0.1104 mae=0.362 r2=0.638 pcc=0.859 | ES 29/100
  Ep  67/300 | Tr loss=0.1383 mae=0.394 r2=0.691 pcc=0.832 | Vl loss=0.2237 mae=0.536 r2=0.239 pcc=0.779 | ES 30/100
2026-05-30 20:36:40,138 | INFO |   Ep  67/300 | Tr loss=0.1383 mae=0.394 r2=0.691 pcc=0.832 | Vl loss=0.2237 mae=0.536 r2=0.239 pcc=0.779 | ES 30/100
  Ep  68/300 | Tr loss=0.1449 mae=0.402 r2=0.658 pcc=0.812 | Vl loss=0.2094 mae=0.502 r2=0.269 pcc=0.744 | ES 31/100
2026-05-30 20:37:12,149 | INFO |   Ep  68/300 | Tr loss=0.1449 mae=0.402 r2=0.658 pcc=0.812 | Vl loss=0.2094 mae=0.502 r2=0.269 pcc=0.744 | ES 31/100
  Ep  69/300 | Tr loss=0.1505 mae=0.414 r2=0.658 pcc=0.812 | Vl loss=0.1077 mae=0.346 r2=0.637 pcc=0.857 | ES 32/100
2026-05-30 20:37:44,173 | INFO |   Ep  69/300 | Tr loss=0.1505 mae=0.414 r2=0.658 pcc=0.812 | Vl loss=0.1077 mae=0.346 r2=0.637 pcc=0.857 | ES 32/100
  Ep  70/300 | Tr loss=0.1472 mae=0.405 r2=0.670 pcc=0.819 | Vl loss=0.1272 mae=0.367 r2=0.562 pcc=0.847 | ES 33/100
2026-05-30 20:38:16,109 | INFO |   Ep  70/300 | Tr loss=0.1472 mae=0.405 r2=0.670 pcc=0.819 | Vl loss=0.1272 mae=0.367 r2=0.562 pcc=0.847 | ES 33/100
  Ep  71/300 | Tr loss=0.1431 mae=0.396 r2=0.686 pcc=0.829 | Vl loss=0.4693 mae=0.826 r2=-0.863 pcc=0.556 | ES 34/100
2026-05-30 20:38:48,089 | INFO |   Ep  71/300 | Tr loss=0.1431 mae=0.396 r2=0.686 pcc=0.829 | Vl loss=0.4693 mae=0.826 r2=-0.863 pcc=0.556 | ES 34/100
  Ep  72/300 | Tr loss=0.1426 mae=0.399 r2=0.682 pcc=0.826 | Vl loss=0.1544 mae=0.408 r2=0.466 pcc=0.821 | ES 35/100
2026-05-30 20:39:20,067 | INFO |   Ep  72/300 | Tr loss=0.1426 mae=0.399 r2=0.682 pcc=0.826 | Vl loss=0.1544 mae=0.408 r2=0.466 pcc=0.821 | ES 35/100
  Ep  73/300 | Tr loss=0.1356 mae=0.391 r2=0.700 pcc=0.837 | Vl loss=0.1144 mae=0.329 r2=0.602 pcc=0.852 | ES 36/100
2026-05-30 20:39:52,731 | INFO |   Ep  73/300 | Tr loss=0.1356 mae=0.391 r2=0.700 pcc=0.837 | Vl loss=0.1144 mae=0.329 r2=0.602 pcc=0.852 | ES 36/100
  Ep  74/300 | Tr loss=0.1499 mae=0.412 r2=0.651 pcc=0.808 | Vl loss=0.1805 mae=0.433 r2=0.374 pcc=0.782 | ES 37/100
2026-05-30 20:40:25,648 | INFO |   Ep  74/300 | Tr loss=0.1499 mae=0.412 r2=0.651 pcc=0.808 | Vl loss=0.1805 mae=0.433 r2=0.374 pcc=0.782 | ES 37/100
  Ep  75/300 | Tr loss=0.1346 mae=0.388 r2=0.692 pcc=0.832 | Vl loss=0.0876 mae=0.288 r2=0.704 pcc=0.876 | ES 0/100 ★
2026-05-30 20:40:58,665 | INFO |   Ep  75/300 | Tr loss=0.1346 mae=0.388 r2=0.692 pcc=0.832 | Vl loss=0.0876 mae=0.288 r2=0.704 pcc=0.876 | ES 0/100 ★
    ★ val_mae=0.2883  rmse=0.4364  r2=0.7038  pcc=0.8758
  Ep  76/300 | Tr loss=0.1410 mae=0.396 r2=0.685 pcc=0.828 | Vl loss=0.1770 mae=0.451 r2=0.377 pcc=0.764 | ES 1/100
2026-05-30 20:41:31,603 | INFO |   Ep  76/300 | Tr loss=0.1410 mae=0.396 r2=0.685 pcc=0.828 | Vl loss=0.1770 mae=0.451 r2=0.377 pcc=0.764 | ES 1/100
  Ep  77/300 | Tr loss=0.1299 mae=0.375 r2=0.718 pcc=0.848 | Vl loss=0.3806 mae=0.685 r2=-0.513 pcc=0.581 | ES 2/100
2026-05-30 20:42:03,620 | INFO |   Ep  77/300 | Tr loss=0.1299 mae=0.375 r2=0.718 pcc=0.848 | Vl loss=0.3806 mae=0.685 r2=-0.513 pcc=0.581 | ES 2/100
  Ep  78/300 | Tr loss=0.1374 mae=0.387 r2=0.683 pcc=0.828 | Vl loss=0.5131 mae=0.853 r2=-1.156 pcc=0.423 | ES 3/100
2026-05-30 20:42:35,473 | INFO |   Ep  78/300 | Tr loss=0.1374 mae=0.387 r2=0.683 pcc=0.828 | Vl loss=0.5131 mae=0.853 r2=-1.156 pcc=0.423 | ES 3/100
  Ep  79/300 | Tr loss=0.1503 mae=0.408 r2=0.676 pcc=0.822 | Vl loss=0.0991 mae=0.325 r2=0.664 pcc=0.867 | ES 4/100
2026-05-30 20:43:07,465 | INFO |   Ep  79/300 | Tr loss=0.1503 mae=0.408 r2=0.676 pcc=0.822 | Vl loss=0.0991 mae=0.325 r2=0.664 pcc=0.867 | ES 4/100
  Ep  80/300 | Tr loss=0.1399 mae=0.402 r2=0.681 pcc=0.826 | Vl loss=0.1240 mae=0.399 r2=0.592 pcc=0.854 | ES 5/100
2026-05-30 20:43:39,439 | INFO |   Ep  80/300 | Tr loss=0.1399 mae=0.402 r2=0.681 pcc=0.826 | Vl loss=0.1240 mae=0.399 r2=0.592 pcc=0.854 | ES 5/100
  Ep  81/300 | Tr loss=0.1268 mae=0.372 r2=0.716 pcc=0.847 | Vl loss=0.3702 mae=0.690 r2=-0.453 pcc=0.560 | ES 6/100
2026-05-30 20:44:11,276 | INFO |   Ep  81/300 | Tr loss=0.1268 mae=0.372 r2=0.716 pcc=0.847 | Vl loss=0.3702 mae=0.690 r2=-0.453 pcc=0.560 | ES 6/100
  Ep  82/300 | Tr loss=0.1370 mae=0.388 r2=0.690 pcc=0.831 | Vl loss=0.3035 mae=0.619 r2=-0.116 pcc=0.630 | ES 7/100
2026-05-30 20:44:43,305 | INFO |   Ep  82/300 | Tr loss=0.1370 mae=0.388 r2=0.690 pcc=0.831 | Vl loss=0.3035 mae=0.619 r2=-0.116 pcc=0.630 | ES 7/100
  Ep  83/300 | Tr loss=0.1246 mae=0.370 r2=0.709 pcc=0.842 | Vl loss=0.1126 mae=0.336 r2=0.613 pcc=0.824 | ES 8/100
2026-05-30 20:45:15,057 | INFO |   Ep  83/300 | Tr loss=0.1246 mae=0.370 r2=0.709 pcc=0.842 | Vl loss=0.1126 mae=0.336 r2=0.613 pcc=0.824 | ES 8/100
  Ep  84/300 | Tr loss=0.1318 mae=0.383 r2=0.693 pcc=0.833 | Vl loss=0.4858 mae=0.840 r2=-0.946 pcc=0.426 | ES 9/100
2026-05-30 20:45:46,922 | INFO |   Ep  84/300 | Tr loss=0.1318 mae=0.383 r2=0.693 pcc=0.833 | Vl loss=0.4858 mae=0.840 r2=-0.946 pcc=0.426 | ES 9/100
  Ep  85/300 | Tr loss=0.1356 mae=0.382 r2=0.690 pcc=0.831 | Vl loss=0.3069 mae=0.648 r2=-0.095 pcc=0.645 | ES 10/100
2026-05-30 20:46:18,873 | INFO |   Ep  85/300 | Tr loss=0.1356 mae=0.382 r2=0.690 pcc=0.831 | Vl loss=0.3069 mae=0.648 r2=-0.095 pcc=0.645 | ES 10/100
  Ep  86/300 | Tr loss=0.1282 mae=0.375 r2=0.709 pcc=0.843 | Vl loss=0.2763 mae=0.574 r2=-0.030 pcc=0.676 | ES 11/100
2026-05-30 20:46:50,998 | INFO |   Ep  86/300 | Tr loss=0.1282 mae=0.375 r2=0.709 pcc=0.843 | Vl loss=0.2763 mae=0.574 r2=-0.030 pcc=0.676 | ES 11/100
  Ep  87/300 | Tr loss=0.1325 mae=0.378 r2=0.696 pcc=0.835 | Vl loss=0.6958 mae=1.070 r2=-1.963 pcc=0.344 | ES 12/100
2026-05-30 20:47:23,094 | INFO |   Ep  87/300 | Tr loss=0.1325 mae=0.378 r2=0.696 pcc=0.835 | Vl loss=0.6958 mae=1.070 r2=-1.963 pcc=0.344 | ES 12/100
  Ep  88/300 | Tr loss=0.1274 mae=0.374 r2=0.716 pcc=0.846 | Vl loss=0.8621 mae=1.229 r2=-2.648 pcc=0.140 | ES 13/100
2026-05-30 20:47:55,143 | INFO |   Ep  88/300 | Tr loss=0.1274 mae=0.374 r2=0.716 pcc=0.846 | Vl loss=0.8621 mae=1.229 r2=-2.648 pcc=0.140 | ES 13/100
  Ep  89/300 | Tr loss=0.1382 mae=0.390 r2=0.682 pcc=0.826 | Vl loss=0.4411 mae=0.794 r2=-0.707 pcc=0.557 | ES 14/100
2026-05-30 20:48:27,232 | INFO |   Ep  89/300 | Tr loss=0.1382 mae=0.390 r2=0.682 pcc=0.826 | Vl loss=0.4411 mae=0.794 r2=-0.707 pcc=0.557 | ES 14/100
  Ep  90/300 | Tr loss=0.1281 mae=0.374 r2=0.709 pcc=0.842 | Vl loss=0.2237 mae=0.508 r2=0.205 pcc=0.777 | ES 15/100
2026-05-30 20:48:58,936 | INFO |   Ep  90/300 | Tr loss=0.1281 mae=0.374 r2=0.709 pcc=0.842 | Vl loss=0.2237 mae=0.508 r2=0.205 pcc=0.777 | ES 15/100
  Ep  91/300 | Tr loss=0.1287 mae=0.379 r2=0.704 pcc=0.839 | Vl loss=0.7924 mae=1.181 r2=-2.426 pcc=0.276 | ES 16/100
2026-05-30 20:49:30,582 | INFO |   Ep  91/300 | Tr loss=0.1287 mae=0.379 r2=0.704 pcc=0.839 | Vl loss=0.7924 mae=1.181 r2=-2.426 pcc=0.276 | ES 16/100
  Ep  92/300 | Tr loss=0.1273 mae=0.372 r2=0.718 pcc=0.847 | Vl loss=0.1415 mae=0.421 r2=0.518 pcc=0.832 | ES 17/100
2026-05-30 20:50:03,615 | INFO |   Ep  92/300 | Tr loss=0.1273 mae=0.372 r2=0.718 pcc=0.847 | Vl loss=0.1415 mae=0.421 r2=0.518 pcc=0.832 | ES 17/100
  Ep  93/300 | Tr loss=0.1223 mae=0.367 r2=0.727 pcc=0.853 | Vl loss=0.1656 mae=0.456 r2=0.439 pcc=0.793 | ES 18/100
2026-05-30 20:50:36,263 | INFO |   Ep  93/300 | Tr loss=0.1223 mae=0.367 r2=0.727 pcc=0.853 | Vl loss=0.1656 mae=0.456 r2=0.439 pcc=0.793 | ES 18/100
  Ep  94/300 | Tr loss=0.1181 mae=0.359 r2=0.730 pcc=0.855 | Vl loss=0.1099 mae=0.341 r2=0.623 pcc=0.843 | ES 19/100
2026-05-30 20:51:08,211 | INFO |   Ep  94/300 | Tr loss=0.1181 mae=0.359 r2=0.730 pcc=0.855 | Vl loss=0.1099 mae=0.341 r2=0.623 pcc=0.843 | ES 19/100
  Ep  95/300 | Tr loss=0.1395 mae=0.390 r2=0.673 pcc=0.821 | Vl loss=0.2022 mae=0.498 r2=0.308 pcc=0.762 | ES 20/100
2026-05-30 20:51:40,393 | INFO |   Ep  95/300 | Tr loss=0.1395 mae=0.390 r2=0.673 pcc=0.821 | Vl loss=0.2022 mae=0.498 r2=0.308 pcc=0.762 | ES 20/100
  Ep  96/300 | Tr loss=0.1300 mae=0.375 r2=0.706 pcc=0.841 | Vl loss=0.1442 mae=0.418 r2=0.514 pcc=0.827 | ES 21/100
2026-05-30 20:52:12,473 | INFO |   Ep  96/300 | Tr loss=0.1300 mae=0.375 r2=0.706 pcc=0.841 | Vl loss=0.1442 mae=0.418 r2=0.514 pcc=0.827 | ES 21/100
  Ep  97/300 | Tr loss=0.1242 mae=0.365 r2=0.720 pcc=0.849 | Vl loss=0.1296 mae=0.380 r2=0.560 pcc=0.832 | ES 22/100
2026-05-30 20:52:44,789 | INFO |   Ep  97/300 | Tr loss=0.1242 mae=0.365 r2=0.720 pcc=0.849 | Vl loss=0.1296 mae=0.380 r2=0.560 pcc=0.832 | ES 22/100
  Ep  98/300 | Tr loss=0.1362 mae=0.386 r2=0.697 pcc=0.835 | Vl loss=0.1923 mae=0.470 r2=0.328 pcc=0.758 | ES 23/100
2026-05-30 20:53:16,785 | INFO |   Ep  98/300 | Tr loss=0.1362 mae=0.386 r2=0.697 pcc=0.835 | Vl loss=0.1923 mae=0.470 r2=0.328 pcc=0.758 | ES 23/100
  Ep  99/300 | Tr loss=0.1291 mae=0.374 r2=0.711 pcc=0.844 | Vl loss=0.0945 mae=0.325 r2=0.682 pcc=0.855 | ES 24/100
2026-05-30 20:53:48,754 | INFO |   Ep  99/300 | Tr loss=0.1291 mae=0.374 r2=0.711 pcc=0.844 | Vl loss=0.0945 mae=0.325 r2=0.682 pcc=0.855 | ES 24/100
  Ep 100/300 | Tr loss=0.1275 mae=0.377 r2=0.706 pcc=0.841 | Vl loss=0.1025 mae=0.352 r2=0.666 pcc=0.852 | ES 25/100
2026-05-30 20:54:20,745 | INFO |   Ep 100/300 | Tr loss=0.1275 mae=0.377 r2=0.706 pcc=0.841 | Vl loss=0.1025 mae=0.352 r2=0.666 pcc=0.852 | ES 25/100
  Ep 101/300 | Tr loss=0.1204 mae=0.365 r2=0.727 pcc=0.853 | Vl loss=0.1081 mae=0.342 r2=0.636 pcc=0.851 | ES 26/100
2026-05-30 20:54:52,719 | INFO |   Ep 101/300 | Tr loss=0.1204 mae=0.365 r2=0.727 pcc=0.853 | Vl loss=0.1081 mae=0.342 r2=0.636 pcc=0.851 | ES 26/100
  Ep 102/300 | Tr loss=0.1270 mae=0.371 r2=0.715 pcc=0.846 | Vl loss=0.2635 mae=0.581 r2=0.075 pcc=0.674 | ES 27/100
2026-05-30 20:55:25,068 | INFO |   Ep 102/300 | Tr loss=0.1270 mae=0.371 r2=0.715 pcc=0.846 | Vl loss=0.2635 mae=0.581 r2=0.075 pcc=0.674 | ES 27/100
  Ep 103/300 | Tr loss=0.1245 mae=0.368 r2=0.709 pcc=0.842 | Vl loss=0.0947 mae=0.313 r2=0.676 pcc=0.850 | ES 28/100
2026-05-30 20:55:57,253 | INFO |   Ep 103/300 | Tr loss=0.1245 mae=0.368 r2=0.709 pcc=0.842 | Vl loss=0.0947 mae=0.313 r2=0.676 pcc=0.850 | ES 28/100
  Ep 104/300 | Tr loss=0.1273 mae=0.369 r2=0.720 pcc=0.849 | Vl loss=0.1048 mae=0.352 r2=0.645 pcc=0.844 | ES 29/100
2026-05-30 20:56:29,323 | INFO |   Ep 104/300 | Tr loss=0.1273 mae=0.369 r2=0.720 pcc=0.849 | Vl loss=0.1048 mae=0.352 r2=0.645 pcc=0.844 | ES 29/100
  Ep 105/300 | Tr loss=0.1128 mae=0.346 r2=0.745 pcc=0.863 | Vl loss=0.2424 mae=0.573 r2=0.183 pcc=0.753 | ES 30/100
2026-05-30 20:57:01,550 | INFO |   Ep 105/300 | Tr loss=0.1128 mae=0.346 r2=0.745 pcc=0.863 | Vl loss=0.2424 mae=0.573 r2=0.183 pcc=0.753 | ES 30/100
  Ep 106/300 | Tr loss=0.1261 mae=0.373 r2=0.717 pcc=0.847 | Vl loss=0.2582 mae=0.549 r2=0.063 pcc=0.647 | ES 31/100
2026-05-30 20:57:33,583 | INFO |   Ep 106/300 | Tr loss=0.1261 mae=0.373 r2=0.717 pcc=0.847 | Vl loss=0.2582 mae=0.549 r2=0.063 pcc=0.647 | ES 31/100
  Ep 107/300 | Tr loss=0.1330 mae=0.380 r2=0.696 pcc=0.835 | Vl loss=0.2276 mae=0.547 r2=0.235 pcc=0.780 | ES 32/100
2026-05-30 20:58:06,066 | INFO |   Ep 107/300 | Tr loss=0.1330 mae=0.380 r2=0.696 pcc=0.835 | Vl loss=0.2276 mae=0.547 r2=0.235 pcc=0.780 | ES 32/100
  Ep 108/300 | Tr loss=0.1201 mae=0.364 r2=0.719 pcc=0.848 | Vl loss=0.3372 mae=0.666 r2=-0.225 pcc=0.639 | ES 33/100
2026-05-30 20:58:38,187 | INFO |   Ep 108/300 | Tr loss=0.1201 mae=0.364 r2=0.719 pcc=0.848 | Vl loss=0.3372 mae=0.666 r2=-0.225 pcc=0.639 | ES 33/100
  Ep 109/300 | Tr loss=0.1255 mae=0.371 r2=0.718 pcc=0.848 | Vl loss=0.1025 mae=0.328 r2=0.654 pcc=0.845 | ES 34/100
2026-05-30 20:59:10,689 | INFO |   Ep 109/300 | Tr loss=0.1255 mae=0.371 r2=0.718 pcc=0.848 | Vl loss=0.1025 mae=0.328 r2=0.654 pcc=0.845 | ES 34/100
  Ep 110/300 | Tr loss=0.1268 mae=0.372 r2=0.706 pcc=0.840 | Vl loss=0.2859 mae=0.633 r2=0.033 pcc=0.717 | ES 35/100
2026-05-30 20:59:42,733 | INFO |   Ep 110/300 | Tr loss=0.1268 mae=0.372 r2=0.706 pcc=0.840 | Vl loss=0.2859 mae=0.633 r2=0.033 pcc=0.717 | ES 35/100
  Ep 111/300 | Tr loss=0.1162 mae=0.359 r2=0.742 pcc=0.861 | Vl loss=0.1344 mae=0.396 r2=0.545 pcc=0.813 | ES 36/100
2026-05-30 21:00:14,812 | INFO |   Ep 111/300 | Tr loss=0.1162 mae=0.359 r2=0.742 pcc=0.861 | Vl loss=0.1344 mae=0.396 r2=0.545 pcc=0.813 | ES 36/100
  Ep 112/300 | Tr loss=0.1246 mae=0.365 r2=0.720 pcc=0.849 | Vl loss=0.1210 mae=0.361 r2=0.590 pcc=0.823 | ES 37/100
2026-05-30 21:00:46,865 | INFO |   Ep 112/300 | Tr loss=0.1246 mae=0.365 r2=0.720 pcc=0.849 | Vl loss=0.1210 mae=0.361 r2=0.590 pcc=0.823 | ES 37/100
  Ep 113/300 | Tr loss=0.1176 mae=0.359 r2=0.734 pcc=0.857 | Vl loss=0.2161 mae=0.532 r2=0.278 pcc=0.761 | ES 38/100
2026-05-30 21:01:19,031 | INFO |   Ep 113/300 | Tr loss=0.1176 mae=0.359 r2=0.734 pcc=0.857 | Vl loss=0.2161 mae=0.532 r2=0.278 pcc=0.761 | ES 38/100
  Ep 114/300 | Tr loss=0.1210 mae=0.359 r2=0.730 pcc=0.855 | Vl loss=0.0893 mae=0.308 r2=0.703 pcc=0.858 | ES 39/100
2026-05-30 21:01:51,078 | INFO |   Ep 114/300 | Tr loss=0.1210 mae=0.359 r2=0.730 pcc=0.855 | Vl loss=0.0893 mae=0.308 r2=0.703 pcc=0.858 | ES 39/100
  Ep 115/300 | Tr loss=0.1235 mae=0.366 r2=0.720 pcc=0.849 | Vl loss=0.1000 mae=0.321 r2=0.662 pcc=0.849 | ES 40/100
2026-05-30 21:02:23,142 | INFO |   Ep 115/300 | Tr loss=0.1235 mae=0.366 r2=0.720 pcc=0.849 | Vl loss=0.1000 mae=0.321 r2=0.662 pcc=0.849 | ES 40/100
  Ep 116/300 | Tr loss=0.1244 mae=0.368 r2=0.721 pcc=0.849 | Vl loss=0.1420 mae=0.399 r2=0.511 pcc=0.787 | ES 41/100
2026-05-30 21:02:55,238 | INFO |   Ep 116/300 | Tr loss=0.1244 mae=0.368 r2=0.721 pcc=0.849 | Vl loss=0.1420 mae=0.399 r2=0.511 pcc=0.787 | ES 41/100
  Ep 117/300 | Tr loss=0.1139 mae=0.351 r2=0.746 pcc=0.864 | Vl loss=0.1150 mae=0.347 r2=0.611 pcc=0.826 | ES 42/100
2026-05-30 21:03:27,179 | INFO |   Ep 117/300 | Tr loss=0.1139 mae=0.351 r2=0.746 pcc=0.864 | Vl loss=0.1150 mae=0.347 r2=0.611 pcc=0.826 | ES 42/100
  Ep 118/300 | Tr loss=0.1129 mae=0.345 r2=0.746 pcc=0.864 | Vl loss=0.2520 mae=0.522 r2=0.074 pcc=0.686 | ES 43/100
2026-05-30 21:03:59,056 | INFO |   Ep 118/300 | Tr loss=0.1129 mae=0.345 r2=0.746 pcc=0.864 | Vl loss=0.2520 mae=0.522 r2=0.074 pcc=0.686 | ES 43/100
  Ep 119/300 | Tr loss=0.1178 mae=0.356 r2=0.732 pcc=0.856 | Vl loss=0.1756 mae=0.467 r2=0.409 pcc=0.793 | ES 44/100
2026-05-30 21:04:31,013 | INFO |   Ep 119/300 | Tr loss=0.1178 mae=0.356 r2=0.732 pcc=0.856 | Vl loss=0.1756 mae=0.467 r2=0.409 pcc=0.793 | ES 44/100
  Ep 120/300 | Tr loss=0.1152 mae=0.348 r2=0.745 pcc=0.863 | Vl loss=0.7334 mae=1.084 r2=-2.418 pcc=0.233 | ES 45/100
2026-05-30 21:05:03,238 | INFO |   Ep 120/300 | Tr loss=0.1152 mae=0.348 r2=0.745 pcc=0.863 | Vl loss=0.7334 mae=1.084 r2=-2.418 pcc=0.233 | ES 45/100
  Ep 121/300 | Tr loss=0.1246 mae=0.367 r2=0.714 pcc=0.845 | Vl loss=0.1094 mae=0.343 r2=0.626 pcc=0.841 | ES 46/100
2026-05-30 21:05:35,142 | INFO |   Ep 121/300 | Tr loss=0.1246 mae=0.367 r2=0.714 pcc=0.845 | Vl loss=0.1094 mae=0.343 r2=0.626 pcc=0.841 | ES 46/100
  Ep 122/300 | Tr loss=0.1255 mae=0.363 r2=0.712 pcc=0.845 | Vl loss=0.1595 mae=0.419 r2=0.448 pcc=0.748 | ES 47/100
2026-05-30 21:06:07,637 | INFO |   Ep 122/300 | Tr loss=0.1255 mae=0.363 r2=0.712 pcc=0.845 | Vl loss=0.1595 mae=0.419 r2=0.448 pcc=0.748 | ES 47/100
  Ep 123/300 | Tr loss=0.1160 mae=0.352 r2=0.740 pcc=0.861 | Vl loss=0.1053 mae=0.327 r2=0.638 pcc=0.839 | ES 48/100
2026-05-30 21:06:40,855 | INFO |   Ep 123/300 | Tr loss=0.1160 mae=0.352 r2=0.740 pcc=0.861 | Vl loss=0.1053 mae=0.327 r2=0.638 pcc=0.839 | ES 48/100
  Ep 124/300 | Tr loss=0.1168 mae=0.350 r2=0.738 pcc=0.859 | Vl loss=0.1243 mae=0.369 r2=0.564 pcc=0.832 | ES 49/100
2026-05-30 21:07:12,791 | INFO |   Ep 124/300 | Tr loss=0.1168 mae=0.350 r2=0.738 pcc=0.859 | Vl loss=0.1243 mae=0.369 r2=0.564 pcc=0.832 | ES 49/100
  Ep 125/300 | Tr loss=0.1156 mae=0.348 r2=0.737 pcc=0.859 | Vl loss=0.1265 mae=0.375 r2=0.568 pcc=0.793 | ES 50/100
2026-05-30 21:07:45,673 | INFO |   Ep 125/300 | Tr loss=0.1156 mae=0.348 r2=0.737 pcc=0.859 | Vl loss=0.1265 mae=0.375 r2=0.568 pcc=0.793 | ES 50/100
Epoch 00126: reducing learning rate of group 0 to 5.0000e-05.
  Ep 126/300 | Tr loss=0.1141 mae=0.347 r2=0.746 pcc=0.864 | Vl loss=0.0891 mae=0.307 r2=0.706 pcc=0.859 | ES 51/100
2026-05-30 21:08:18,747 | INFO |   Ep 126/300 | Tr loss=0.1141 mae=0.347 r2=0.746 pcc=0.864 | Vl loss=0.0891 mae=0.307 r2=0.706 pcc=0.859 | ES 51/100
  Ep 127/300 | Tr loss=0.1096 mae=0.344 r2=0.750 pcc=0.866 | Vl loss=0.1062 mae=0.356 r2=0.651 pcc=0.835 | ES 52/100
2026-05-30 21:08:51,915 | INFO |   Ep 127/300 | Tr loss=0.1096 mae=0.344 r2=0.750 pcc=0.866 | Vl loss=0.1062 mae=0.356 r2=0.651 pcc=0.835 | ES 52/100
  Ep 128/300 | Tr loss=0.1083 mae=0.339 r2=0.763 pcc=0.874 | Vl loss=0.1365 mae=0.419 r2=0.551 pcc=0.821 | ES 53/100
2026-05-30 21:09:24,855 | INFO |   Ep 128/300 | Tr loss=0.1083 mae=0.339 r2=0.763 pcc=0.874 | Vl loss=0.1365 mae=0.419 r2=0.551 pcc=0.821 | ES 53/100
  Ep 129/300 | Tr loss=0.1187 mae=0.352 r2=0.737 pcc=0.860 | Vl loss=0.1557 mae=0.422 r2=0.465 pcc=0.796 | ES 54/100
2026-05-30 21:09:58,047 | INFO |   Ep 129/300 | Tr loss=0.1187 mae=0.352 r2=0.737 pcc=0.860 | Vl loss=0.1557 mae=0.422 r2=0.465 pcc=0.796 | ES 54/100
  Ep 130/300 | Tr loss=0.1058 mae=0.329 r2=0.763 pcc=0.874 | Vl loss=0.1386 mae=0.376 r2=0.507 pcc=0.809 | ES 55/100
2026-05-30 21:10:31,297 | INFO |   Ep 130/300 | Tr loss=0.1058 mae=0.329 r2=0.763 pcc=0.874 | Vl loss=0.1386 mae=0.376 r2=0.507 pcc=0.809 | ES 55/100
  Ep 131/300 | Tr loss=0.1162 mae=0.349 r2=0.734 pcc=0.857 | Vl loss=0.1464 mae=0.395 r2=0.501 pcc=0.791 | ES 56/100
2026-05-30 21:11:04,387 | INFO |   Ep 131/300 | Tr loss=0.1162 mae=0.349 r2=0.734 pcc=0.857 | Vl loss=0.1464 mae=0.395 r2=0.501 pcc=0.791 | ES 56/100
  Ep 132/300 | Tr loss=0.1052 mae=0.332 r2=0.765 pcc=0.875 | Vl loss=0.1140 mae=0.340 r2=0.614 pcc=0.824 | ES 57/100
2026-05-30 21:11:37,528 | INFO |   Ep 132/300 | Tr loss=0.1052 mae=0.332 r2=0.765 pcc=0.875 | Vl loss=0.1140 mae=0.340 r2=0.614 pcc=0.824 | ES 57/100
  Ep 133/300 | Tr loss=0.1030 mae=0.328 r2=0.759 pcc=0.872 | Vl loss=0.0960 mae=0.335 r2=0.688 pcc=0.846 | ES 58/100
2026-05-30 21:12:10,477 | INFO |   Ep 133/300 | Tr loss=0.1030 mae=0.328 r2=0.759 pcc=0.872 | Vl loss=0.0960 mae=0.335 r2=0.688 pcc=0.846 | ES 58/100
  Ep 134/300 | Tr loss=0.1050 mae=0.333 r2=0.755 pcc=0.869 | Vl loss=0.1085 mae=0.349 r2=0.636 pcc=0.827 | ES 59/100
2026-05-30 21:12:43,625 | INFO |   Ep 134/300 | Tr loss=0.1050 mae=0.333 r2=0.755 pcc=0.869 | Vl loss=0.1085 mae=0.349 r2=0.636 pcc=0.827 | ES 59/100
  Ep 135/300 | Tr loss=0.1027 mae=0.321 r2=0.773 pcc=0.879 | Vl loss=0.0915 mae=0.321 r2=0.699 pcc=0.863 | ES 60/100
2026-05-30 21:13:16,715 | INFO |   Ep 135/300 | Tr loss=0.1027 mae=0.321 r2=0.773 pcc=0.879 | Vl loss=0.0915 mae=0.321 r2=0.699 pcc=0.863 | ES 60/100
  Ep 136/300 | Tr loss=0.1050 mae=0.332 r2=0.760 pcc=0.872 | Vl loss=0.1174 mae=0.345 r2=0.592 pcc=0.823 | ES 61/100
2026-05-30 21:13:50,052 | INFO |   Ep 136/300 | Tr loss=0.1050 mae=0.332 r2=0.760 pcc=0.872 | Vl loss=0.1174 mae=0.345 r2=0.592 pcc=0.823 | ES 61/100
  Ep 137/300 | Tr loss=0.1043 mae=0.330 r2=0.762 pcc=0.874 | Vl loss=0.1013 mae=0.343 r2=0.664 pcc=0.844 | ES 62/100
2026-05-30 21:14:23,048 | INFO |   Ep 137/300 | Tr loss=0.1043 mae=0.330 r2=0.762 pcc=0.874 | Vl loss=0.1013 mae=0.343 r2=0.664 pcc=0.844 | ES 62/100
  Ep 138/300 | Tr loss=0.1152 mae=0.339 r2=0.733 pcc=0.857 | Vl loss=0.1243 mae=0.410 r2=0.602 pcc=0.845 | ES 63/100
2026-05-30 21:14:56,122 | INFO |   Ep 138/300 | Tr loss=0.1152 mae=0.339 r2=0.733 pcc=0.857 | Vl loss=0.1243 mae=0.410 r2=0.602 pcc=0.845 | ES 63/100
  Ep 139/300 | Tr loss=0.1049 mae=0.328 r2=0.762 pcc=0.873 | Vl loss=0.1196 mae=0.369 r2=0.606 pcc=0.832 | ES 64/100
2026-05-30 21:15:29,372 | INFO |   Ep 139/300 | Tr loss=0.1049 mae=0.328 r2=0.762 pcc=0.873 | Vl loss=0.1196 mae=0.369 r2=0.606 pcc=0.832 | ES 64/100
  Ep 140/300 | Tr loss=0.1055 mae=0.331 r2=0.760 pcc=0.872 | Vl loss=0.1509 mae=0.437 r2=0.502 pcc=0.822 | ES 65/100
2026-05-30 21:16:01,590 | INFO |   Ep 140/300 | Tr loss=0.1055 mae=0.331 r2=0.760 pcc=0.872 | Vl loss=0.1509 mae=0.437 r2=0.502 pcc=0.822 | ES 65/100
  Ep 141/300 | Tr loss=0.1080 mae=0.332 r2=0.749 pcc=0.866 | Vl loss=0.1455 mae=0.386 r2=0.480 pcc=0.777 | ES 66/100
2026-05-30 21:16:33,614 | INFO |   Ep 141/300 | Tr loss=0.1080 mae=0.332 r2=0.749 pcc=0.866 | Vl loss=0.1455 mae=0.386 r2=0.480 pcc=0.777 | ES 66/100
  Ep 142/300 | Tr loss=0.1039 mae=0.327 r2=0.760 pcc=0.872 | Vl loss=0.1288 mae=0.364 r2=0.545 pcc=0.812 | ES 67/100
2026-05-30 21:17:05,549 | INFO |   Ep 142/300 | Tr loss=0.1039 mae=0.327 r2=0.760 pcc=0.872 | Vl loss=0.1288 mae=0.364 r2=0.545 pcc=0.812 | ES 67/100
  Ep 143/300 | Tr loss=0.0924 mae=0.312 r2=0.796 pcc=0.892 | Vl loss=0.1389 mae=0.408 r2=0.535 pcc=0.822 | ES 68/100
2026-05-30 21:17:37,599 | INFO |   Ep 143/300 | Tr loss=0.0924 mae=0.312 r2=0.796 pcc=0.892 | Vl loss=0.1389 mae=0.408 r2=0.535 pcc=0.822 | ES 68/100
  Ep 144/300 | Tr loss=0.1036 mae=0.327 r2=0.757 pcc=0.871 | Vl loss=0.1506 mae=0.430 r2=0.492 pcc=0.804 | ES 69/100
2026-05-30 21:18:09,695 | INFO |   Ep 144/300 | Tr loss=0.1036 mae=0.327 r2=0.757 pcc=0.871 | Vl loss=0.1506 mae=0.430 r2=0.492 pcc=0.804 | ES 69/100
  Ep 145/300 | Tr loss=0.1052 mae=0.334 r2=0.755 pcc=0.869 | Vl loss=0.1547 mae=0.412 r2=0.453 pcc=0.793 | ES 70/100
2026-05-30 21:18:41,875 | INFO |   Ep 145/300 | Tr loss=0.1052 mae=0.334 r2=0.755 pcc=0.869 | Vl loss=0.1547 mae=0.412 r2=0.453 pcc=0.793 | ES 70/100
  Ep 146/300 | Tr loss=0.1076 mae=0.335 r2=0.757 pcc=0.870 | Vl loss=0.1399 mae=0.381 r2=0.504 pcc=0.818 | ES 71/100
2026-05-30 21:19:13,918 | INFO |   Ep 146/300 | Tr loss=0.1076 mae=0.335 r2=0.757 pcc=0.870 | Vl loss=0.1399 mae=0.381 r2=0.504 pcc=0.818 | ES 71/100
  Ep 147/300 | Tr loss=0.1074 mae=0.331 r2=0.758 pcc=0.871 | Vl loss=0.1175 mae=0.346 r2=0.598 pcc=0.816 | ES 72/100
2026-05-30 21:19:46,081 | INFO |   Ep 147/300 | Tr loss=0.1074 mae=0.331 r2=0.758 pcc=0.871 | Vl loss=0.1175 mae=0.346 r2=0.598 pcc=0.816 | ES 72/100
  Ep 148/300 | Tr loss=0.1042 mae=0.328 r2=0.767 pcc=0.876 | Vl loss=0.1103 mae=0.353 r2=0.632 pcc=0.838 | ES 73/100
2026-05-30 21:20:18,289 | INFO |   Ep 148/300 | Tr loss=0.1042 mae=0.328 r2=0.767 pcc=0.876 | Vl loss=0.1103 mae=0.353 r2=0.632 pcc=0.838 | ES 73/100
  Ep 149/300 | Tr loss=0.0962 mae=0.310 r2=0.787 pcc=0.887 | Vl loss=0.1033 mae=0.320 r2=0.651 pcc=0.823 | ES 74/100
2026-05-30 21:20:50,371 | INFO |   Ep 149/300 | Tr loss=0.0962 mae=0.310 r2=0.787 pcc=0.887 | Vl loss=0.1033 mae=0.320 r2=0.651 pcc=0.823 | ES 74/100
  Ep 150/300 | Tr loss=0.1008 mae=0.318 r2=0.770 pcc=0.878 | Vl loss=0.1343 mae=0.374 r2=0.545 pcc=0.789 | ES 75/100
2026-05-30 21:21:22,398 | INFO |   Ep 150/300 | Tr loss=0.1008 mae=0.318 r2=0.770 pcc=0.878 | Vl loss=0.1343 mae=0.374 r2=0.545 pcc=0.789 | ES 75/100
  Ep 151/300 | Tr loss=0.1074 mae=0.334 r2=0.747 pcc=0.865 | Vl loss=0.1897 mae=0.482 r2=0.356 pcc=0.765 | ES 76/100
2026-05-30 21:21:54,331 | INFO |   Ep 151/300 | Tr loss=0.1074 mae=0.334 r2=0.747 pcc=0.865 | Vl loss=0.1897 mae=0.482 r2=0.356 pcc=0.765 | ES 76/100
  Ep 152/300 | Tr loss=0.0958 mae=0.313 r2=0.784 pcc=0.885 | Vl loss=0.1048 mae=0.326 r2=0.644 pcc=0.845 | ES 77/100
2026-05-30 21:22:26,310 | INFO |   Ep 152/300 | Tr loss=0.0958 mae=0.313 r2=0.784 pcc=0.885 | Vl loss=0.1048 mae=0.326 r2=0.644 pcc=0.845 | ES 77/100
  Ep 153/300 | Tr loss=0.1061 mae=0.332 r2=0.766 pcc=0.875 | Vl loss=0.0985 mae=0.320 r2=0.670 pcc=0.859 | ES 78/100
2026-05-30 21:22:58,432 | INFO |   Ep 153/300 | Tr loss=0.1061 mae=0.332 r2=0.766 pcc=0.875 | Vl loss=0.0985 mae=0.320 r2=0.670 pcc=0.859 | ES 78/100
  Ep 154/300 | Tr loss=0.1027 mae=0.330 r2=0.766 pcc=0.875 | Vl loss=0.1092 mae=0.338 r2=0.635 pcc=0.839 | ES 79/100
2026-05-30 21:23:30,416 | INFO |   Ep 154/300 | Tr loss=0.1027 mae=0.330 r2=0.766 pcc=0.875 | Vl loss=0.1092 mae=0.338 r2=0.635 pcc=0.839 | ES 79/100
  Ep 155/300 | Tr loss=0.0966 mae=0.316 r2=0.782 pcc=0.884 | Vl loss=0.1272 mae=0.361 r2=0.573 pcc=0.811 | ES 80/100
2026-05-30 21:24:02,258 | INFO |   Ep 155/300 | Tr loss=0.0966 mae=0.316 r2=0.782 pcc=0.884 | Vl loss=0.1272 mae=0.361 r2=0.573 pcc=0.811 | ES 80/100
  Ep 156/300 | Tr loss=0.0983 mae=0.318 r2=0.782 pcc=0.884 | Vl loss=0.1168 mae=0.347 r2=0.611 pcc=0.839 | ES 81/100
2026-05-30 21:24:34,864 | INFO |   Ep 156/300 | Tr loss=0.0983 mae=0.318 r2=0.782 pcc=0.884 | Vl loss=0.1168 mae=0.347 r2=0.611 pcc=0.839 | ES 81/100
  Ep 157/300 | Tr loss=0.0952 mae=0.315 r2=0.784 pcc=0.886 | Vl loss=0.1235 mae=0.359 r2=0.582 pcc=0.815 | ES 82/100
2026-05-30 21:25:06,781 | INFO |   Ep 157/300 | Tr loss=0.0952 mae=0.315 r2=0.784 pcc=0.886 | Vl loss=0.1235 mae=0.359 r2=0.582 pcc=0.815 | ES 82/100
  Ep 158/300 | Tr loss=0.1037 mae=0.328 r2=0.759 pcc=0.872 | Vl loss=0.0773 mae=0.281 r2=0.746 pcc=0.874 | ES 0/100 ★
2026-05-30 21:25:38,724 | INFO |   Ep 158/300 | Tr loss=0.1037 mae=0.328 r2=0.759 pcc=0.872 | Vl loss=0.0773 mae=0.281 r2=0.746 pcc=0.874 | ES 0/100 ★
    ★ val_mae=0.2809  rmse=0.4041  r2=0.7460  pcc=0.8737
  Ep 159/300 | Tr loss=0.1019 mae=0.328 r2=0.769 pcc=0.877 | Vl loss=0.0860 mae=0.282 r2=0.713 pcc=0.864 | ES 1/100
2026-05-30 21:26:10,564 | INFO |   Ep 159/300 | Tr loss=0.1019 mae=0.328 r2=0.769 pcc=0.877 | Vl loss=0.0860 mae=0.282 r2=0.713 pcc=0.864 | ES 1/100
  Ep 160/300 | Tr loss=0.1028 mae=0.325 r2=0.762 pcc=0.873 | Vl loss=0.0968 mae=0.299 r2=0.674 pcc=0.846 | ES 2/100
2026-05-30 21:26:42,408 | INFO |   Ep 160/300 | Tr loss=0.1028 mae=0.325 r2=0.762 pcc=0.873 | Vl loss=0.0968 mae=0.299 r2=0.674 pcc=0.846 | ES 2/100
  Ep 161/300 | Tr loss=0.1053 mae=0.330 r2=0.750 pcc=0.866 | Vl loss=0.0996 mae=0.307 r2=0.669 pcc=0.844 | ES 3/100
2026-05-30 21:27:14,481 | INFO |   Ep 161/300 | Tr loss=0.1053 mae=0.330 r2=0.750 pcc=0.866 | Vl loss=0.0996 mae=0.307 r2=0.669 pcc=0.844 | ES 3/100
  Ep 162/300 | Tr loss=0.1018 mae=0.325 r2=0.774 pcc=0.880 | Vl loss=0.0898 mae=0.295 r2=0.701 pcc=0.853 | ES 4/100
2026-05-30 21:27:46,480 | INFO |   Ep 162/300 | Tr loss=0.1018 mae=0.325 r2=0.774 pcc=0.880 | Vl loss=0.0898 mae=0.295 r2=0.701 pcc=0.853 | ES 4/100
  Ep 163/300 | Tr loss=0.0962 mae=0.318 r2=0.786 pcc=0.886 | Vl loss=0.0953 mae=0.312 r2=0.678 pcc=0.856 | ES 5/100
2026-05-30 21:28:18,461 | INFO |   Ep 163/300 | Tr loss=0.0962 mae=0.318 r2=0.786 pcc=0.886 | Vl loss=0.0953 mae=0.312 r2=0.678 pcc=0.856 | ES 5/100
  Ep 164/300 | Tr loss=0.0942 mae=0.310 r2=0.791 pcc=0.890 | Vl loss=0.0931 mae=0.300 r2=0.685 pcc=0.865 | ES 6/100
2026-05-30 21:28:50,475 | INFO |   Ep 164/300 | Tr loss=0.0942 mae=0.310 r2=0.791 pcc=0.890 | Vl loss=0.0931 mae=0.300 r2=0.685 pcc=0.865 | ES 6/100
  Ep 165/300 | Tr loss=0.0999 mae=0.318 r2=0.778 pcc=0.882 | Vl loss=0.0843 mae=0.277 r2=0.720 pcc=0.867 | ES 0/100 ★
2026-05-30 21:29:22,639 | INFO |   Ep 165/300 | Tr loss=0.0999 mae=0.318 r2=0.778 pcc=0.882 | Vl loss=0.0843 mae=0.277 r2=0.720 pcc=0.867 | ES 0/100 ★
    ★ val_mae=0.2774  rmse=0.4246  r2=0.7197  pcc=0.8672
  Ep 166/300 | Tr loss=0.0955 mae=0.316 r2=0.788 pcc=0.888 | Vl loss=0.0720 mae=0.259 r2=0.761 pcc=0.883 | ES 0/100 ★
2026-05-30 21:29:55,747 | INFO |   Ep 166/300 | Tr loss=0.0955 mae=0.316 r2=0.788 pcc=0.888 | Vl loss=0.0720 mae=0.259 r2=0.761 pcc=0.883 | ES 0/100 ★
    ★ val_mae=0.2589  rmse=0.3919  r2=0.7611  pcc=0.8833
  Ep 167/300 | Tr loss=0.1016 mae=0.323 r2=0.757 pcc=0.870 | Vl loss=0.0919 mae=0.313 r2=0.691 pcc=0.867 | ES 1/100
2026-05-30 21:30:28,939 | INFO |   Ep 167/300 | Tr loss=0.1016 mae=0.323 r2=0.757 pcc=0.870 | Vl loss=0.0919 mae=0.313 r2=0.691 pcc=0.867 | ES 1/100
  Ep 168/300 | Tr loss=0.0899 mae=0.308 r2=0.797 pcc=0.893 | Vl loss=0.1176 mae=0.322 r2=0.585 pcc=0.834 | ES 2/100
2026-05-30 21:31:01,967 | INFO |   Ep 168/300 | Tr loss=0.0899 mae=0.308 r2=0.797 pcc=0.893 | Vl loss=0.1176 mae=0.322 r2=0.585 pcc=0.834 | ES 2/100
  Ep 169/300 | Tr loss=0.0883 mae=0.298 r2=0.796 pcc=0.892 | Vl loss=0.1072 mae=0.311 r2=0.630 pcc=0.846 | ES 3/100
2026-05-30 21:31:34,888 | INFO |   Ep 169/300 | Tr loss=0.0883 mae=0.298 r2=0.796 pcc=0.892 | Vl loss=0.1072 mae=0.311 r2=0.630 pcc=0.846 | ES 3/100
  Ep 170/300 | Tr loss=0.0875 mae=0.300 r2=0.807 pcc=0.899 | Vl loss=0.0897 mae=0.285 r2=0.694 pcc=0.859 | ES 4/100
2026-05-30 21:32:07,152 | INFO |   Ep 170/300 | Tr loss=0.0875 mae=0.300 r2=0.807 pcc=0.899 | Vl loss=0.0897 mae=0.285 r2=0.694 pcc=0.859 | ES 4/100
  Ep 171/300 | Tr loss=0.0947 mae=0.310 r2=0.789 pcc=0.888 | Vl loss=0.0812 mae=0.272 r2=0.730 pcc=0.865 | ES 5/100
2026-05-30 21:32:39,233 | INFO |   Ep 171/300 | Tr loss=0.0947 mae=0.310 r2=0.789 pcc=0.888 | Vl loss=0.0812 mae=0.272 r2=0.730 pcc=0.865 | ES 5/100
  Ep 172/300 | Tr loss=0.1003 mae=0.318 r2=0.768 pcc=0.877 | Vl loss=0.0882 mae=0.295 r2=0.702 pcc=0.859 | ES 6/100
2026-05-30 21:33:11,279 | INFO |   Ep 172/300 | Tr loss=0.1003 mae=0.318 r2=0.768 pcc=0.877 | Vl loss=0.0882 mae=0.295 r2=0.702 pcc=0.859 | ES 6/100
  Ep 173/300 | Tr loss=0.0959 mae=0.314 r2=0.778 pcc=0.882 | Vl loss=0.0933 mae=0.291 r2=0.684 pcc=0.859 | ES 7/100
2026-05-30 21:33:43,697 | INFO |   Ep 173/300 | Tr loss=0.0959 mae=0.314 r2=0.778 pcc=0.882 | Vl loss=0.0933 mae=0.291 r2=0.684 pcc=0.859 | ES 7/100
  Ep 174/300 | Tr loss=0.0896 mae=0.302 r2=0.799 pcc=0.894 | Vl loss=0.0816 mae=0.279 r2=0.731 pcc=0.865 | ES 8/100
2026-05-30 21:34:16,741 | INFO |   Ep 174/300 | Tr loss=0.0896 mae=0.302 r2=0.799 pcc=0.894 | Vl loss=0.0816 mae=0.279 r2=0.731 pcc=0.865 | ES 8/100
  Ep 175/300 | Tr loss=0.0894 mae=0.301 r2=0.799 pcc=0.894 | Vl loss=0.1058 mae=0.351 r2=0.646 pcc=0.837 | ES 9/100
2026-05-30 21:34:49,268 | INFO |   Ep 175/300 | Tr loss=0.0894 mae=0.301 r2=0.799 pcc=0.894 | Vl loss=0.1058 mae=0.351 r2=0.646 pcc=0.837 | ES 9/100
  Ep 176/300 | Tr loss=0.0928 mae=0.309 r2=0.788 pcc=0.888 | Vl loss=0.0868 mae=0.284 r2=0.707 pcc=0.864 | ES 10/100
2026-05-30 21:35:22,372 | INFO |   Ep 176/300 | Tr loss=0.0928 mae=0.309 r2=0.788 pcc=0.888 | Vl loss=0.0868 mae=0.284 r2=0.707 pcc=0.864 | ES 10/100
  Ep 177/300 | Tr loss=0.0981 mae=0.315 r2=0.770 pcc=0.878 | Vl loss=0.0859 mae=0.301 r2=0.717 pcc=0.865 | ES 11/100
2026-05-30 21:35:55,506 | INFO |   Ep 177/300 | Tr loss=0.0981 mae=0.315 r2=0.770 pcc=0.878 | Vl loss=0.0859 mae=0.301 r2=0.717 pcc=0.865 | ES 11/100
  Ep 178/300 | Tr loss=0.0949 mae=0.311 r2=0.782 pcc=0.884 | Vl loss=0.0812 mae=0.274 r2=0.728 pcc=0.870 | ES 12/100
2026-05-30 21:36:27,887 | INFO |   Ep 178/300 | Tr loss=0.0949 mae=0.311 r2=0.782 pcc=0.884 | Vl loss=0.0812 mae=0.274 r2=0.728 pcc=0.870 | ES 12/100
  Ep 179/300 | Tr loss=0.0916 mae=0.302 r2=0.796 pcc=0.892 | Vl loss=0.0875 mae=0.298 r2=0.708 pcc=0.859 | ES 13/100
2026-05-30 21:36:59,871 | INFO |   Ep 179/300 | Tr loss=0.0916 mae=0.302 r2=0.796 pcc=0.892 | Vl loss=0.0875 mae=0.298 r2=0.708 pcc=0.859 | ES 13/100
  Ep 180/300 | Tr loss=0.0964 mae=0.312 r2=0.778 pcc=0.882 | Vl loss=0.0994 mae=0.316 r2=0.671 pcc=0.841 | ES 14/100
2026-05-30 21:37:31,848 | INFO |   Ep 180/300 | Tr loss=0.0964 mae=0.312 r2=0.778 pcc=0.882 | Vl loss=0.0994 mae=0.316 r2=0.671 pcc=0.841 | ES 14/100
  Ep 181/300 | Tr loss=0.0927 mae=0.308 r2=0.787 pcc=0.887 | Vl loss=0.1032 mae=0.322 r2=0.655 pcc=0.838 | ES 15/100
2026-05-30 21:38:03,791 | INFO |   Ep 181/300 | Tr loss=0.0927 mae=0.308 r2=0.787 pcc=0.887 | Vl loss=0.1032 mae=0.322 r2=0.655 pcc=0.838 | ES 15/100
  Ep 182/300 | Tr loss=0.0993 mae=0.317 r2=0.785 pcc=0.886 | Vl loss=0.0956 mae=0.311 r2=0.685 pcc=0.836 | ES 16/100
2026-05-30 21:38:35,840 | INFO |   Ep 182/300 | Tr loss=0.0993 mae=0.317 r2=0.785 pcc=0.886 | Vl loss=0.0956 mae=0.311 r2=0.685 pcc=0.836 | ES 16/100
  Ep 183/300 | Tr loss=0.0879 mae=0.302 r2=0.799 pcc=0.894 | Vl loss=0.1110 mae=0.339 r2=0.626 pcc=0.820 | ES 17/100
2026-05-30 21:39:07,745 | INFO |   Ep 183/300 | Tr loss=0.0879 mae=0.302 r2=0.799 pcc=0.894 | Vl loss=0.1110 mae=0.339 r2=0.626 pcc=0.820 | ES 17/100
  Ep 184/300 | Tr loss=0.0888 mae=0.301 r2=0.807 pcc=0.898 | Vl loss=0.0993 mae=0.311 r2=0.668 pcc=0.843 | ES 18/100
2026-05-30 21:39:40,438 | INFO |   Ep 184/300 | Tr loss=0.0888 mae=0.301 r2=0.807 pcc=0.898 | Vl loss=0.0993 mae=0.311 r2=0.668 pcc=0.843 | ES 18/100
  Ep 185/300 | Tr loss=0.0976 mae=0.311 r2=0.797 pcc=0.893 | Vl loss=0.0844 mae=0.281 r2=0.720 pcc=0.860 | ES 19/100
2026-05-30 21:40:13,598 | INFO |   Ep 185/300 | Tr loss=0.0976 mae=0.311 r2=0.797 pcc=0.893 | Vl loss=0.0844 mae=0.281 r2=0.720 pcc=0.860 | ES 19/100
  Ep 186/300 | Tr loss=0.0895 mae=0.305 r2=0.799 pcc=0.894 | Vl loss=0.0797 mae=0.270 r2=0.733 pcc=0.867 | ES 20/100
2026-05-30 21:40:46,702 | INFO |   Ep 186/300 | Tr loss=0.0895 mae=0.305 r2=0.799 pcc=0.894 | Vl loss=0.0797 mae=0.270 r2=0.733 pcc=0.867 | ES 20/100
  Ep 187/300 | Tr loss=0.0926 mae=0.304 r2=0.785 pcc=0.886 | Vl loss=0.0858 mae=0.283 r2=0.714 pcc=0.862 | ES 21/100
2026-05-30 21:41:20,005 | INFO |   Ep 187/300 | Tr loss=0.0926 mae=0.304 r2=0.785 pcc=0.886 | Vl loss=0.0858 mae=0.283 r2=0.714 pcc=0.862 | ES 21/100
  Ep 188/300 | Tr loss=0.0871 mae=0.300 r2=0.801 pcc=0.895 | Vl loss=0.0898 mae=0.281 r2=0.693 pcc=0.863 | ES 22/100
2026-05-30 21:41:52,968 | INFO |   Ep 188/300 | Tr loss=0.0871 mae=0.300 r2=0.801 pcc=0.895 | Vl loss=0.0898 mae=0.281 r2=0.693 pcc=0.863 | ES 22/100
  Ep 189/300 | Tr loss=0.0916 mae=0.305 r2=0.793 pcc=0.891 | Vl loss=0.1272 mae=0.332 r2=0.557 pcc=0.825 | ES 23/100
2026-05-30 21:42:25,298 | INFO |   Ep 189/300 | Tr loss=0.0916 mae=0.305 r2=0.793 pcc=0.891 | Vl loss=0.1272 mae=0.332 r2=0.557 pcc=0.825 | ES 23/100
  Ep 190/300 | Tr loss=0.0946 mae=0.312 r2=0.779 pcc=0.883 | Vl loss=0.0870 mae=0.281 r2=0.710 pcc=0.865 | ES 24/100
2026-05-30 21:42:57,235 | INFO |   Ep 190/300 | Tr loss=0.0946 mae=0.312 r2=0.779 pcc=0.883 | Vl loss=0.0870 mae=0.281 r2=0.710 pcc=0.865 | ES 24/100
  Ep 191/300 | Tr loss=0.0946 mae=0.312 r2=0.792 pcc=0.890 | Vl loss=0.1029 mae=0.306 r2=0.650 pcc=0.846 | ES 25/100
2026-05-30 21:43:29,138 | INFO |   Ep 191/300 | Tr loss=0.0946 mae=0.312 r2=0.792 pcc=0.890 | Vl loss=0.1029 mae=0.306 r2=0.650 pcc=0.846 | ES 25/100
  Ep 192/300 | Tr loss=0.0880 mae=0.301 r2=0.803 pcc=0.896 | Vl loss=0.1003 mae=0.298 r2=0.655 pcc=0.853 | ES 26/100
2026-05-30 21:44:01,164 | INFO |   Ep 192/300 | Tr loss=0.0880 mae=0.301 r2=0.803 pcc=0.896 | Vl loss=0.1003 mae=0.298 r2=0.655 pcc=0.853 | ES 26/100
  Ep 193/300 | Tr loss=0.0980 mae=0.314 r2=0.778 pcc=0.882 | Vl loss=0.1003 mae=0.292 r2=0.650 pcc=0.841 | ES 27/100
2026-05-30 21:44:33,155 | INFO |   Ep 193/300 | Tr loss=0.0980 mae=0.314 r2=0.778 pcc=0.882 | Vl loss=0.1003 mae=0.292 r2=0.650 pcc=0.841 | ES 27/100
  Ep 194/300 | Tr loss=0.0858 mae=0.295 r2=0.810 pcc=0.900 | Vl loss=0.0952 mae=0.290 r2=0.673 pcc=0.849 | ES 28/100
2026-05-30 21:45:05,164 | INFO |   Ep 194/300 | Tr loss=0.0858 mae=0.295 r2=0.810 pcc=0.900 | Vl loss=0.0952 mae=0.290 r2=0.673 pcc=0.849 | ES 28/100
  Ep 195/300 | Tr loss=0.0873 mae=0.298 r2=0.812 pcc=0.901 | Vl loss=0.0922 mae=0.283 r2=0.683 pcc=0.855 | ES 29/100
2026-05-30 21:45:37,148 | INFO |   Ep 195/300 | Tr loss=0.0873 mae=0.298 r2=0.812 pcc=0.901 | Vl loss=0.0922 mae=0.283 r2=0.683 pcc=0.855 | ES 29/100
  Ep 196/300 | Tr loss=0.0822 mae=0.290 r2=0.817 pcc=0.904 | Vl loss=0.1053 mae=0.300 r2=0.634 pcc=0.837 | ES 30/100
2026-05-30 21:46:09,287 | INFO |   Ep 196/300 | Tr loss=0.0822 mae=0.290 r2=0.817 pcc=0.904 | Vl loss=0.1053 mae=0.300 r2=0.634 pcc=0.837 | ES 30/100
  Ep 197/300 | Tr loss=0.0866 mae=0.294 r2=0.808 pcc=0.899 | Vl loss=0.0952 mae=0.293 r2=0.674 pcc=0.839 | ES 31/100
2026-05-30 21:46:41,275 | INFO |   Ep 197/300 | Tr loss=0.0866 mae=0.294 r2=0.808 pcc=0.899 | Vl loss=0.0952 mae=0.293 r2=0.674 pcc=0.839 | ES 31/100
  Ep 198/300 | Tr loss=0.0844 mae=0.291 r2=0.807 pcc=0.898 | Vl loss=0.1035 mae=0.297 r2=0.643 pcc=0.834 | ES 32/100
2026-05-30 21:47:13,261 | INFO |   Ep 198/300 | Tr loss=0.0844 mae=0.291 r2=0.807 pcc=0.898 | Vl loss=0.1035 mae=0.297 r2=0.643 pcc=0.834 | ES 32/100
  Ep 199/300 | Tr loss=0.0976 mae=0.312 r2=0.768 pcc=0.877 | Vl loss=0.0955 mae=0.291 r2=0.677 pcc=0.847 | ES 33/100
2026-05-30 21:47:45,144 | INFO |   Ep 199/300 | Tr loss=0.0976 mae=0.312 r2=0.768 pcc=0.877 | Vl loss=0.0955 mae=0.291 r2=0.677 pcc=0.847 | ES 33/100
  Ep 200/300 | Tr loss=0.0871 mae=0.300 r2=0.799 pcc=0.894 | Vl loss=0.1035 mae=0.304 r2=0.643 pcc=0.840 | ES 34/100
2026-05-30 21:48:17,290 | INFO |   Ep 200/300 | Tr loss=0.0871 mae=0.300 r2=0.799 pcc=0.894 | Vl loss=0.1035 mae=0.304 r2=0.643 pcc=0.840 | ES 34/100
  Ep 201/300 | Tr loss=0.0920 mae=0.306 r2=0.795 pcc=0.892 | Vl loss=0.1024 mae=0.306 r2=0.649 pcc=0.836 | ES 35/100
2026-05-30 21:48:49,376 | INFO |   Ep 201/300 | Tr loss=0.0920 mae=0.306 r2=0.795 pcc=0.892 | Vl loss=0.1024 mae=0.306 r2=0.649 pcc=0.836 | ES 35/100
  Ep 202/300 | Tr loss=0.0911 mae=0.303 r2=0.798 pcc=0.894 | Vl loss=0.0902 mae=0.292 r2=0.700 pcc=0.852 | ES 36/100
2026-05-30 21:49:21,281 | INFO |   Ep 202/300 | Tr loss=0.0911 mae=0.303 r2=0.798 pcc=0.894 | Vl loss=0.0902 mae=0.292 r2=0.700 pcc=0.852 | ES 36/100
  Ep 203/300 | Tr loss=0.0791 mae=0.285 r2=0.821 pcc=0.906 | Vl loss=0.1001 mae=0.301 r2=0.662 pcc=0.833 | ES 37/100
2026-05-30 21:49:53,380 | INFO |   Ep 203/300 | Tr loss=0.0791 mae=0.285 r2=0.821 pcc=0.906 | Vl loss=0.1001 mae=0.301 r2=0.662 pcc=0.833 | ES 37/100
  Ep 204/300 | Tr loss=0.0899 mae=0.302 r2=0.798 pcc=0.894 | Vl loss=0.0964 mae=0.292 r2=0.672 pcc=0.850 | ES 38/100
2026-05-30 21:50:26,268 | INFO |   Ep 204/300 | Tr loss=0.0899 mae=0.302 r2=0.798 pcc=0.894 | Vl loss=0.0964 mae=0.292 r2=0.672 pcc=0.850 | ES 38/100
  Ep 205/300 | Tr loss=0.0849 mae=0.293 r2=0.808 pcc=0.899 | Vl loss=0.1068 mae=0.306 r2=0.624 pcc=0.837 | ES 39/100
2026-05-30 21:50:58,494 | INFO |   Ep 205/300 | Tr loss=0.0849 mae=0.293 r2=0.808 pcc=0.899 | Vl loss=0.1068 mae=0.306 r2=0.624 pcc=0.837 | ES 39/100
  Ep 206/300 | Tr loss=0.0866 mae=0.295 r2=0.801 pcc=0.895 | Vl loss=0.1023 mae=0.304 r2=0.642 pcc=0.838 | ES 40/100
2026-05-30 21:51:31,765 | INFO |   Ep 206/300 | Tr loss=0.0866 mae=0.295 r2=0.801 pcc=0.895 | Vl loss=0.1023 mae=0.304 r2=0.642 pcc=0.838 | ES 40/100
  Ep 207/300 | Tr loss=0.0899 mae=0.301 r2=0.790 pcc=0.889 | Vl loss=0.0998 mae=0.299 r2=0.661 pcc=0.835 | ES 41/100
2026-05-30 21:52:04,787 | INFO |   Ep 207/300 | Tr loss=0.0899 mae=0.301 r2=0.790 pcc=0.889 | Vl loss=0.0998 mae=0.299 r2=0.661 pcc=0.835 | ES 41/100
  Ep 208/300 | Tr loss=0.0912 mae=0.304 r2=0.789 pcc=0.889 | Vl loss=0.0989 mae=0.302 r2=0.668 pcc=0.842 | ES 42/100
2026-05-30 21:52:37,853 | INFO |   Ep 208/300 | Tr loss=0.0912 mae=0.304 r2=0.789 pcc=0.889 | Vl loss=0.0989 mae=0.302 r2=0.668 pcc=0.842 | ES 42/100
  Ep 209/300 | Tr loss=0.0862 mae=0.297 r2=0.811 pcc=0.901 | Vl loss=0.0963 mae=0.291 r2=0.670 pcc=0.846 | ES 43/100
2026-05-30 21:53:10,895 | INFO |   Ep 209/300 | Tr loss=0.0862 mae=0.297 r2=0.811 pcc=0.901 | Vl loss=0.0963 mae=0.291 r2=0.670 pcc=0.846 | ES 43/100
  Ep 210/300 | Tr loss=0.0926 mae=0.308 r2=0.788 pcc=0.888 | Vl loss=0.1028 mae=0.302 r2=0.650 pcc=0.831 | ES 44/100
2026-05-30 21:53:43,992 | INFO |   Ep 210/300 | Tr loss=0.0926 mae=0.308 r2=0.788 pcc=0.888 | Vl loss=0.1028 mae=0.302 r2=0.650 pcc=0.831 | ES 44/100
  Ep 211/300 | Tr loss=0.0916 mae=0.309 r2=0.797 pcc=0.893 | Vl loss=0.0933 mae=0.292 r2=0.688 pcc=0.851 | ES 45/100
2026-05-30 21:54:16,531 | INFO |   Ep 211/300 | Tr loss=0.0916 mae=0.309 r2=0.797 pcc=0.893 | Vl loss=0.0933 mae=0.292 r2=0.688 pcc=0.851 | ES 45/100
  Ep 212/300 | Tr loss=0.0780 mae=0.283 r2=0.824 pcc=0.908 | Vl loss=0.0985 mae=0.295 r2=0.666 pcc=0.842 | ES 46/100
2026-05-30 21:54:48,558 | INFO |   Ep 212/300 | Tr loss=0.0780 mae=0.283 r2=0.824 pcc=0.908 | Vl loss=0.0985 mae=0.295 r2=0.666 pcc=0.842 | ES 46/100
  Ep 213/300 | Tr loss=0.0872 mae=0.302 r2=0.801 pcc=0.895 | Vl loss=0.0917 mae=0.289 r2=0.691 pcc=0.847 | ES 47/100
2026-05-30 21:55:20,487 | INFO |   Ep 213/300 | Tr loss=0.0872 mae=0.302 r2=0.801 pcc=0.895 | Vl loss=0.0917 mae=0.289 r2=0.691 pcc=0.847 | ES 47/100
  Ep 214/300 | Tr loss=0.0787 mae=0.281 r2=0.826 pcc=0.909 | Vl loss=0.0867 mae=0.284 r2=0.711 pcc=0.856 | ES 48/100
2026-05-30 21:55:52,398 | INFO |   Ep 214/300 | Tr loss=0.0787 mae=0.281 r2=0.826 pcc=0.909 | Vl loss=0.0867 mae=0.284 r2=0.711 pcc=0.856 | ES 48/100
  Ep 215/300 | Tr loss=0.0843 mae=0.291 r2=0.816 pcc=0.903 | Vl loss=0.0865 mae=0.278 r2=0.701 pcc=0.856 | ES 49/100
2026-05-30 21:56:24,529 | INFO |   Ep 215/300 | Tr loss=0.0843 mae=0.291 r2=0.816 pcc=0.903 | Vl loss=0.0865 mae=0.278 r2=0.701 pcc=0.856 | ES 49/100
  Ep 216/300 | Tr loss=0.0900 mae=0.302 r2=0.797 pcc=0.893 | Vl loss=0.0889 mae=0.278 r2=0.695 pcc=0.855 | ES 50/100
2026-05-30 21:56:56,523 | INFO |   Ep 216/300 | Tr loss=0.0900 mae=0.302 r2=0.797 pcc=0.893 | Vl loss=0.0889 mae=0.278 r2=0.695 pcc=0.855 | ES 50/100
Epoch 00217: reducing learning rate of group 0 to 2.5000e-05.
  Ep 217/300 | Tr loss=0.0827 mae=0.291 r2=0.816 pcc=0.904 | Vl loss=0.0952 mae=0.288 r2=0.675 pcc=0.853 | ES 51/100
2026-05-30 21:57:28,574 | INFO |   Ep 217/300 | Tr loss=0.0827 mae=0.291 r2=0.816 pcc=0.904 | Vl loss=0.0952 mae=0.288 r2=0.675 pcc=0.853 | ES 51/100
  Ep 218/300 | Tr loss=0.0845 mae=0.287 r2=0.808 pcc=0.899 | Vl loss=0.0804 mae=0.268 r2=0.729 pcc=0.860 | ES 52/100
2026-05-30 21:58:00,600 | INFO |   Ep 218/300 | Tr loss=0.0845 mae=0.287 r2=0.808 pcc=0.899 | Vl loss=0.0804 mae=0.268 r2=0.729 pcc=0.860 | ES 52/100
  Ep 219/300 | Tr loss=0.0784 mae=0.284 r2=0.824 pcc=0.908 | Vl loss=0.0824 mae=0.270 r2=0.719 pcc=0.856 | ES 53/100
2026-05-30 21:58:32,674 | INFO |   Ep 219/300 | Tr loss=0.0784 mae=0.284 r2=0.824 pcc=0.908 | Vl loss=0.0824 mae=0.270 r2=0.719 pcc=0.856 | ES 53/100
  Ep 220/300 | Tr loss=0.0854 mae=0.294 r2=0.804 pcc=0.897 | Vl loss=0.0890 mae=0.281 r2=0.701 pcc=0.849 | ES 54/100
2026-05-30 21:59:05,056 | INFO |   Ep 220/300 | Tr loss=0.0854 mae=0.294 r2=0.804 pcc=0.897 | Vl loss=0.0890 mae=0.281 r2=0.701 pcc=0.849 | ES 54/100
  Ep 221/300 | Tr loss=0.0914 mae=0.302 r2=0.792 pcc=0.890 | Vl loss=0.0896 mae=0.276 r2=0.690 pcc=0.848 | ES 55/100
2026-05-30 21:59:38,234 | INFO |   Ep 221/300 | Tr loss=0.0914 mae=0.302 r2=0.792 pcc=0.890 | Vl loss=0.0896 mae=0.276 r2=0.690 pcc=0.848 | ES 55/100
  Ep 222/300 | Tr loss=0.0768 mae=0.275 r2=0.825 pcc=0.908 | Vl loss=0.0897 mae=0.279 r2=0.693 pcc=0.854 | ES 56/100
2026-05-30 22:00:10,849 | INFO |   Ep 222/300 | Tr loss=0.0768 mae=0.275 r2=0.825 pcc=0.908 | Vl loss=0.0897 mae=0.279 r2=0.693 pcc=0.854 | ES 56/100
  Ep 223/300 | Tr loss=0.0804 mae=0.284 r2=0.809 pcc=0.899 | Vl loss=0.0971 mae=0.294 r2=0.660 pcc=0.854 | ES 57/100
2026-05-30 22:00:43,956 | INFO |   Ep 223/300 | Tr loss=0.0804 mae=0.284 r2=0.809 pcc=0.899 | Vl loss=0.0971 mae=0.294 r2=0.660 pcc=0.854 | ES 57/100
  Ep 224/300 | Tr loss=0.0834 mae=0.288 r2=0.814 pcc=0.903 | Vl loss=0.0869 mae=0.276 r2=0.701 pcc=0.857 | ES 58/100
2026-05-30 22:01:17,228 | INFO |   Ep 224/300 | Tr loss=0.0834 mae=0.288 r2=0.814 pcc=0.903 | Vl loss=0.0869 mae=0.276 r2=0.701 pcc=0.857 | ES 58/100
  Ep 225/300 | Tr loss=0.0812 mae=0.288 r2=0.807 pcc=0.899 | Vl loss=0.0943 mae=0.288 r2=0.675 pcc=0.846 | ES 59/100
2026-05-30 22:01:50,447 | INFO |   Ep 225/300 | Tr loss=0.0812 mae=0.288 r2=0.807 pcc=0.899 | Vl loss=0.0943 mae=0.288 r2=0.675 pcc=0.846 | ES 59/100
  Ep 226/300 | Tr loss=0.0888 mae=0.301 r2=0.803 pcc=0.896 | Vl loss=0.0849 mae=0.273 r2=0.709 pcc=0.861 | ES 60/100
2026-05-30 22:02:23,176 | INFO |   Ep 226/300 | Tr loss=0.0888 mae=0.301 r2=0.803 pcc=0.896 | Vl loss=0.0849 mae=0.273 r2=0.709 pcc=0.861 | ES 60/100
  Ep 227/300 | Tr loss=0.0774 mae=0.284 r2=0.825 pcc=0.909 | Vl loss=0.0889 mae=0.277 r2=0.697 pcc=0.855 | ES 61/100
2026-05-30 22:02:55,163 | INFO |   Ep 227/300 | Tr loss=0.0774 mae=0.284 r2=0.825 pcc=0.909 | Vl loss=0.0889 mae=0.277 r2=0.697 pcc=0.855 | ES 61/100
  Ep 228/300 | Tr loss=0.0780 mae=0.281 r2=0.823 pcc=0.907 | Vl loss=0.0929 mae=0.287 r2=0.682 pcc=0.849 | ES 62/100
2026-05-30 22:03:27,211 | INFO |   Ep 228/300 | Tr loss=0.0780 mae=0.281 r2=0.823 pcc=0.907 | Vl loss=0.0929 mae=0.287 r2=0.682 pcc=0.849 | ES 62/100
  Ep 229/300 | Tr loss=0.0827 mae=0.290 r2=0.812 pcc=0.901 | Vl loss=0.0830 mae=0.270 r2=0.717 pcc=0.857 | ES 63/100
2026-05-30 22:03:59,240 | INFO |   Ep 229/300 | Tr loss=0.0827 mae=0.290 r2=0.812 pcc=0.901 | Vl loss=0.0830 mae=0.270 r2=0.717 pcc=0.857 | ES 63/100
  Ep 230/300 | Tr loss=0.0826 mae=0.290 r2=0.806 pcc=0.898 | Vl loss=0.0912 mae=0.281 r2=0.686 pcc=0.851 | ES 64/100
2026-05-30 22:04:31,428 | INFO |   Ep 230/300 | Tr loss=0.0826 mae=0.290 r2=0.806 pcc=0.898 | Vl loss=0.0912 mae=0.281 r2=0.686 pcc=0.851 | ES 64/100
  Ep 231/300 | Tr loss=0.0779 mae=0.279 r2=0.824 pcc=0.908 | Vl loss=0.1011 mae=0.302 r2=0.647 pcc=0.843 | ES 65/100
2026-05-30 22:05:03,594 | INFO |   Ep 231/300 | Tr loss=0.0779 mae=0.279 r2=0.824 pcc=0.908 | Vl loss=0.1011 mae=0.302 r2=0.647 pcc=0.843 | ES 65/100
  Ep 232/300 | Tr loss=0.0783 mae=0.280 r2=0.822 pcc=0.907 | Vl loss=0.0926 mae=0.287 r2=0.680 pcc=0.847 | ES 66/100
2026-05-30 22:05:35,586 | INFO |   Ep 232/300 | Tr loss=0.0783 mae=0.280 r2=0.822 pcc=0.907 | Vl loss=0.0926 mae=0.287 r2=0.680 pcc=0.847 | ES 66/100
  Ep 233/300 | Tr loss=0.0784 mae=0.283 r2=0.817 pcc=0.904 | Vl loss=0.0909 mae=0.285 r2=0.685 pcc=0.853 | ES 67/100
2026-05-30 22:06:07,543 | INFO |   Ep 233/300 | Tr loss=0.0784 mae=0.283 r2=0.817 pcc=0.904 | Vl loss=0.0909 mae=0.285 r2=0.685 pcc=0.853 | ES 67/100
  Ep 234/300 | Tr loss=0.0782 mae=0.279 r2=0.828 pcc=0.910 | Vl loss=0.0888 mae=0.282 r2=0.693 pcc=0.852 | ES 68/100
2026-05-30 22:06:39,825 | INFO |   Ep 234/300 | Tr loss=0.0782 mae=0.279 r2=0.828 pcc=0.910 | Vl loss=0.0888 mae=0.282 r2=0.693 pcc=0.852 | ES 68/100
  Ep 235/300 | Tr loss=0.0855 mae=0.288 r2=0.819 pcc=0.905 | Vl loss=0.0952 mae=0.291 r2=0.670 pcc=0.850 | ES 69/100
2026-05-30 22:07:11,916 | INFO |   Ep 235/300 | Tr loss=0.0855 mae=0.288 r2=0.819 pcc=0.905 | Vl loss=0.0952 mae=0.291 r2=0.670 pcc=0.850 | ES 69/100
  Ep 236/300 | Tr loss=0.0755 mae=0.276 r2=0.837 pcc=0.915 | Vl loss=0.0951 mae=0.289 r2=0.670 pcc=0.847 | ES 70/100
2026-05-30 22:07:44,276 | INFO |   Ep 236/300 | Tr loss=0.0755 mae=0.276 r2=0.837 pcc=0.915 | Vl loss=0.0951 mae=0.289 r2=0.670 pcc=0.847 | ES 70/100
  Ep 237/300 | Tr loss=0.0875 mae=0.293 r2=0.785 pcc=0.887 | Vl loss=0.0800 mae=0.263 r2=0.729 pcc=0.863 | ES 71/100
2026-05-30 22:08:16,489 | INFO |   Ep 237/300 | Tr loss=0.0875 mae=0.293 r2=0.785 pcc=0.887 | Vl loss=0.0800 mae=0.263 r2=0.729 pcc=0.863 | ES 71/100
  Ep 238/300 | Tr loss=0.0749 mae=0.272 r2=0.830 pcc=0.911 | Vl loss=0.0853 mae=0.273 r2=0.709 pcc=0.857 | ES 72/100
2026-05-30 22:08:49,414 | INFO |   Ep 238/300 | Tr loss=0.0749 mae=0.272 r2=0.830 pcc=0.911 | Vl loss=0.0853 mae=0.273 r2=0.709 pcc=0.857 | ES 72/100
  Ep 239/300 | Tr loss=0.0818 mae=0.278 r2=0.812 pcc=0.902 | Vl loss=0.0849 mae=0.272 r2=0.709 pcc=0.862 | ES 73/100
2026-05-30 22:09:22,404 | INFO |   Ep 239/300 | Tr loss=0.0818 mae=0.278 r2=0.812 pcc=0.902 | Vl loss=0.0849 mae=0.272 r2=0.709 pcc=0.862 | ES 73/100
  Ep 240/300 | Tr loss=0.0785 mae=0.279 r2=0.816 pcc=0.903 | Vl loss=0.0916 mae=0.285 r2=0.687 pcc=0.855 | ES 74/100
2026-05-30 22:09:54,991 | INFO |   Ep 240/300 | Tr loss=0.0785 mae=0.279 r2=0.816 pcc=0.903 | Vl loss=0.0916 mae=0.285 r2=0.687 pcc=0.855 | ES 74/100
  Ep 241/300 | Tr loss=0.0763 mae=0.272 r2=0.828 pcc=0.910 | Vl loss=0.0863 mae=0.279 r2=0.702 pcc=0.858 | ES 75/100
2026-05-30 22:10:26,959 | INFO |   Ep 241/300 | Tr loss=0.0763 mae=0.272 r2=0.828 pcc=0.910 | Vl loss=0.0863 mae=0.279 r2=0.702 pcc=0.858 | ES 75/100
  Ep 242/300 | Tr loss=0.0843 mae=0.286 r2=0.811 pcc=0.901 | Vl loss=0.0892 mae=0.282 r2=0.695 pcc=0.853 | ES 76/100
2026-05-30 22:10:58,948 | INFO |   Ep 242/300 | Tr loss=0.0843 mae=0.286 r2=0.811 pcc=0.901 | Vl loss=0.0892 mae=0.282 r2=0.695 pcc=0.853 | ES 76/100
  Ep 243/300 | Tr loss=0.0780 mae=0.282 r2=0.825 pcc=0.909 | Vl loss=0.0855 mae=0.276 r2=0.707 pcc=0.859 | ES 77/100
2026-05-30 22:11:30,886 | INFO |   Ep 243/300 | Tr loss=0.0780 mae=0.282 r2=0.825 pcc=0.909 | Vl loss=0.0855 mae=0.276 r2=0.707 pcc=0.859 | ES 77/100
  Ep 244/300 | Tr loss=0.0849 mae=0.290 r2=0.804 pcc=0.897 | Vl loss=0.0970 mae=0.295 r2=0.669 pcc=0.852 | ES 78/100
2026-05-30 22:12:02,910 | INFO |   Ep 244/300 | Tr loss=0.0849 mae=0.290 r2=0.804 pcc=0.897 | Vl loss=0.0970 mae=0.295 r2=0.669 pcc=0.852 | ES 78/100
  Ep 245/300 | Tr loss=0.0722 mae=0.274 r2=0.839 pcc=0.916 | Vl loss=0.0898 mae=0.280 r2=0.690 pcc=0.858 | ES 79/100
2026-05-30 22:12:34,704 | INFO |   Ep 245/300 | Tr loss=0.0722 mae=0.274 r2=0.839 pcc=0.916 | Vl loss=0.0898 mae=0.280 r2=0.690 pcc=0.858 | ES 79/100
  Ep 246/300 | Tr loss=0.0795 mae=0.281 r2=0.818 pcc=0.904 | Vl loss=0.0858 mae=0.277 r2=0.708 pcc=0.854 | ES 80/100
2026-05-30 22:13:06,679 | INFO |   Ep 246/300 | Tr loss=0.0795 mae=0.281 r2=0.818 pcc=0.904 | Vl loss=0.0858 mae=0.277 r2=0.708 pcc=0.854 | ES 80/100
  Ep 247/300 | Tr loss=0.0812 mae=0.282 r2=0.812 pcc=0.901 | Vl loss=0.0843 mae=0.268 r2=0.711 pcc=0.864 | ES 81/100
2026-05-30 22:13:38,872 | INFO |   Ep 247/300 | Tr loss=0.0812 mae=0.282 r2=0.812 pcc=0.901 | Vl loss=0.0843 mae=0.268 r2=0.711 pcc=0.864 | ES 81/100
  Ep 248/300 | Tr loss=0.0794 mae=0.281 r2=0.819 pcc=0.905 | Vl loss=0.0923 mae=0.280 r2=0.681 pcc=0.860 | ES 82/100
2026-05-30 22:14:10,683 | INFO |   Ep 248/300 | Tr loss=0.0794 mae=0.281 r2=0.819 pcc=0.905 | Vl loss=0.0923 mae=0.280 r2=0.681 pcc=0.860 | ES 82/100
  Ep 249/300 | Tr loss=0.0810 mae=0.287 r2=0.816 pcc=0.903 | Vl loss=0.0869 mae=0.275 r2=0.701 pcc=0.854 | ES 83/100
2026-05-30 22:14:42,267 | INFO |   Ep 249/300 | Tr loss=0.0810 mae=0.287 r2=0.816 pcc=0.903 | Vl loss=0.0869 mae=0.275 r2=0.701 pcc=0.854 | ES 83/100
  Ep 250/300 | Tr loss=0.0783 mae=0.280 r2=0.827 pcc=0.910 | Vl loss=0.0918 mae=0.279 r2=0.676 pcc=0.863 | ES 84/100
2026-05-30 22:15:13,998 | INFO |   Ep 250/300 | Tr loss=0.0783 mae=0.280 r2=0.827 pcc=0.910 | Vl loss=0.0918 mae=0.279 r2=0.676 pcc=0.863 | ES 84/100
  Ep 251/300 | Tr loss=0.0806 mae=0.281 r2=0.813 pcc=0.902 | Vl loss=0.0836 mae=0.271 r2=0.713 pcc=0.862 | ES 85/100
2026-05-30 22:15:46,620 | INFO |   Ep 251/300 | Tr loss=0.0806 mae=0.281 r2=0.813 pcc=0.902 | Vl loss=0.0836 mae=0.271 r2=0.713 pcc=0.862 | ES 85/100
  Ep 252/300 | Tr loss=0.0750 mae=0.273 r2=0.828 pcc=0.910 | Vl loss=0.0954 mae=0.288 r2=0.672 pcc=0.858 | ES 86/100
2026-05-30 22:16:18,614 | INFO |   Ep 252/300 | Tr loss=0.0750 mae=0.273 r2=0.828 pcc=0.910 | Vl loss=0.0954 mae=0.288 r2=0.672 pcc=0.858 | ES 86/100
  Ep 253/300 | Tr loss=0.0799 mae=0.280 r2=0.821 pcc=0.906 | Vl loss=0.0922 mae=0.283 r2=0.681 pcc=0.861 | ES 87/100
2026-05-30 22:16:50,699 | INFO |   Ep 253/300 | Tr loss=0.0799 mae=0.280 r2=0.821 pcc=0.906 | Vl loss=0.0922 mae=0.283 r2=0.681 pcc=0.861 | ES 87/100
  Ep 254/300 | Tr loss=0.0841 mae=0.290 r2=0.813 pcc=0.902 | Vl loss=0.0919 mae=0.281 r2=0.685 pcc=0.851 | ES 88/100
2026-05-30 22:17:22,294 | INFO |   Ep 254/300 | Tr loss=0.0841 mae=0.290 r2=0.813 pcc=0.902 | Vl loss=0.0919 mae=0.281 r2=0.685 pcc=0.851 | ES 88/100
  Ep 255/300 | Tr loss=0.0789 mae=0.283 r2=0.816 pcc=0.903 | Vl loss=0.0952 mae=0.283 r2=0.671 pcc=0.861 | ES 89/100
2026-05-30 22:17:53,864 | INFO |   Ep 255/300 | Tr loss=0.0789 mae=0.283 r2=0.816 pcc=0.903 | Vl loss=0.0952 mae=0.283 r2=0.671 pcc=0.861 | ES 89/100
  Ep 256/300 | Tr loss=0.0785 mae=0.278 r2=0.823 pcc=0.907 | Vl loss=0.0961 mae=0.285 r2=0.669 pcc=0.853 | ES 90/100
2026-05-30 22:18:25,785 | INFO |   Ep 256/300 | Tr loss=0.0785 mae=0.278 r2=0.823 pcc=0.907 | Vl loss=0.0961 mae=0.285 r2=0.669 pcc=0.853 | ES 90/100
  Ep 257/300 | Tr loss=0.0832 mae=0.287 r2=0.810 pcc=0.901 | Vl loss=0.0937 mae=0.284 r2=0.676 pcc=0.851 | ES 91/100
2026-05-30 22:18:57,679 | INFO |   Ep 257/300 | Tr loss=0.0832 mae=0.287 r2=0.810 pcc=0.901 | Vl loss=0.0937 mae=0.284 r2=0.676 pcc=0.851 | ES 91/100
  Ep 258/300 | Tr loss=0.0780 mae=0.281 r2=0.828 pcc=0.910 | Vl loss=0.0983 mae=0.289 r2=0.661 pcc=0.848 | ES 92/100
2026-05-30 22:19:29,571 | INFO |   Ep 258/300 | Tr loss=0.0780 mae=0.281 r2=0.828 pcc=0.910 | Vl loss=0.0983 mae=0.289 r2=0.661 pcc=0.848 | ES 92/100
  Ep 259/300 | Tr loss=0.0754 mae=0.273 r2=0.826 pcc=0.909 | Vl loss=0.0929 mae=0.279 r2=0.680 pcc=0.853 | ES 93/100
2026-05-30 22:20:01,352 | INFO |   Ep 259/300 | Tr loss=0.0754 mae=0.273 r2=0.826 pcc=0.909 | Vl loss=0.0929 mae=0.279 r2=0.680 pcc=0.853 | ES 93/100
  Ep 260/300 | Tr loss=0.0794 mae=0.284 r2=0.816 pcc=0.903 | Vl loss=0.0968 mae=0.290 r2=0.669 pcc=0.849 | ES 94/100
2026-05-30 22:20:33,709 | INFO |   Ep 260/300 | Tr loss=0.0794 mae=0.284 r2=0.816 pcc=0.903 | Vl loss=0.0968 mae=0.290 r2=0.669 pcc=0.849 | ES 94/100
  Ep 261/300 | Tr loss=0.0738 mae=0.272 r2=0.825 pcc=0.908 | Vl loss=0.0943 mae=0.283 r2=0.670 pcc=0.855 | ES 95/100
2026-05-30 22:21:05,554 | INFO |   Ep 261/300 | Tr loss=0.0738 mae=0.272 r2=0.825 pcc=0.908 | Vl loss=0.0943 mae=0.283 r2=0.670 pcc=0.855 | ES 95/100
  Ep 262/300 | Tr loss=0.0820 mae=0.284 r2=0.810 pcc=0.900 | Vl loss=0.1047 mae=0.299 r2=0.637 pcc=0.832 | ES 96/100
2026-05-30 22:21:37,467 | INFO |   Ep 262/300 | Tr loss=0.0820 mae=0.284 r2=0.810 pcc=0.900 | Vl loss=0.1047 mae=0.299 r2=0.637 pcc=0.832 | ES 96/100
  Ep 263/300 | Tr loss=0.0816 mae=0.285 r2=0.814 pcc=0.903 | Vl loss=0.0846 mae=0.268 r2=0.710 pcc=0.860 | ES 97/100
2026-05-30 22:22:10,324 | INFO |   Ep 263/300 | Tr loss=0.0816 mae=0.285 r2=0.814 pcc=0.903 | Vl loss=0.0846 mae=0.268 r2=0.710 pcc=0.860 | ES 97/100
  Ep 264/300 | Tr loss=0.0709 mae=0.269 r2=0.832 pcc=0.913 | Vl loss=0.0901 mae=0.276 r2=0.693 pcc=0.854 | ES 98/100
2026-05-30 22:22:43,296 | INFO |   Ep 264/300 | Tr loss=0.0709 mae=0.269 r2=0.832 pcc=0.913 | Vl loss=0.0901 mae=0.276 r2=0.693 pcc=0.854 | ES 98/100
  Ep 265/300 | Tr loss=0.0795 mae=0.287 r2=0.816 pcc=0.903 | Vl loss=0.0925 mae=0.281 r2=0.679 pcc=0.856 | ES 99/100
2026-05-30 22:23:15,918 | INFO |   Ep 265/300 | Tr loss=0.0795 mae=0.287 r2=0.816 pcc=0.903 | Vl loss=0.0925 mae=0.281 r2=0.679 pcc=0.856 | ES 99/100
  Ep 266/300 | Tr loss=0.0812 mae=0.286 r2=0.809 pcc=0.900 | Vl loss=0.0926 mae=0.280 r2=0.678 pcc=0.849 | ES 100/100
2026-05-30 22:23:47,858 | INFO |   Ep 266/300 | Tr loss=0.0812 mae=0.286 r2=0.809 pcc=0.900 | Vl loss=0.0926 mae=0.280 r2=0.678 pcc=0.849 | ES 100/100

  ⏹  Early stopping at epoch 266 (best=166)
2026-05-30 22:23:47,858 | INFO | Early stopping at epoch 266 best=166

✓ Training complete!

  ── Final Test Results (best epoch = 166) ──────────────────
  Loss : 0.1483
  RMSE : 0.5663
  MAE  : 0.4102
  R²   : 0.5068
  PCC  : 0.7781
  ✓ Saved → /mvdlph/masa/GCN_MultiView_MiddleFusion_Results/run_2026_05_30_20_00_06/plots/loss_curve.png
  ✓ Saved → /mvdlph/masa/GCN_MultiView_MiddleFusion_Results/run_2026_05_30_20_00_06/plots/rmse_mae.png
  ✓ Saved → /mvdlph/masa/GCN_MultiView_MiddleFusion_Results/run_2026_05_30_20_00_06/plots/r2_curve.png
  ✓ Saved → /mvdlph/masa/GCN_MultiView_MiddleFusion_Results/run_2026_05_30_20_00_06/plots/pcc_curve.png
  ✓ Saved → /mvdlph/masa/GCN_MultiView_MiddleFusion_Results/run_2026_05_30_20_00_06/plots/regression_scatter_test.png
  ✓ Saved → /mvdlph/masa/GCN_MultiView_MiddleFusion_Results/run_2026_05_30_20_00_06/plots/early_stopping.png
  ✓ Saved → /mvdlph/masa/GCN_MultiView_MiddleFusion_Results/run_2026_05_30_20_00_06/plots/attention_heatmap.png
  ✓ History → /mvdlph/masa/GCN_MultiView_MiddleFusion_Results/run_2026_05_30_20_00_06/logs/training_history.json
  ✓ Predictions NPZ saved
========================================================================
  Exercise         n      MAE     RMSE       R²      PCC
────────────────────────────────────────────────────────────────────────
  E0             143   0.4993   0.6594   0.3287   0.7342
  E1             107   0.5639   0.7656   0.1461   0.8345
  E2              86   0.3026   0.4030   0.7661   0.8975
  E3              84   0.5116   0.5875   0.3501   0.7701
  E4             106   0.4275   0.4870   0.2467   0.6875
  E5             104   0.2142   0.4014   0.6241   0.8249
  E6             104   0.3152   0.4965   0.6166   0.8269
────────────────────────────────────────────────────────────────────────
  Overall        734   0.4102   0.5663   0.5068   0.7781
========================================================================

  ✓ Per-exercise CSV → /mvdlph/masa/GCN_MultiView_MiddleFusion_Results/run_2026_05_30_20_00_06/logs/per_exercise_metrics.csv
  ✓ Per-exercise scatter grid → /mvdlph/masa/GCN_MultiView_MiddleFusion_Results/run_2026_05_30_20_00_06/plots/per_exercise_scatter.png
  ✓ Per-exercise bar chart → /mvdlph/masa/GCN_MultiView_MiddleFusion_Results/run_2026_05_30_20_00_06/plots/per_exercise_bar.png
============================================================
  TRAINING SUMMARY — Multi-View Middle Fusion
============================================================
  Best Epoch       : 166  (stopped at 266)
  Best Val MAE     : 0.2589
  Best Val RMSE    : 0.3919
  Best Val R²      : 0.7611
  Best Val PCC     : 0.8833
────────────────────────────────────────────────────────────
  Test MAE         : 0.4102
  Test RMSE        : 0.5663
  Test R²          : 0.5068
  Test PCC         : 0.7781
============================================================
2026-05-30 22:24:00,458 | INFO | Best Epoch=166  stopped_epoch=266
2026-05-30 22:24:00,459 | INFO | Test MAE=0.4102
2026-05-30 22:24:00,459 | INFO | Test RMSE=0.5663
2026-05-30 22:24:00,460 | INFO | Test R²=0.5068
2026-05-30 22:24:00,460 | INFO | Test PCC=0.7781

✓ Summary CSV → /mvdlph/masa/GCN_MultiView_MiddleFusion_Results/training_summary.csv
