✓ stdout → also writing to /mvdlph/masa/GCN_MultiView_MidFusion_Results/run_2026_06_12_12_42_43/logs/training_20260612_124243.log
2026-06-12 12:42:43,576 | INFO | ======================================================================
2026-06-12 12:42:43,577 | INFO | ST-GCN Multi-View MID FUSION Regression | BZU Physiotherapy Dataset
2026-06-12 12:42:43,577 | INFO | Cameras : [0, 1, 2]  |  Epochs : 300  |  Patience : 100
2026-06-12 12:42:43,578 | INFO | CAM_FEATURE_DIM : 64 features per camera
2026-06-12 12:42:43,578 | INFO | Log file : /mvdlph/masa/GCN_MultiView_MidFusion_Results/run_2026_06_12_12_42_43/logs/training_20260612_124243.log
2026-06-12 12:42:43,579 | INFO | ======================================================================
✓ parse_filename and load_skeleton defined

[TRAIN] NPZ files found : 9477
  Samples (all cams): 9477
  Unique trial keys : 327

[VALID] NPZ files found : 2790
  Samples (all cams): 2790
  Unique trial keys : 100

[TEST] NPZ files found : 3108
  Samples (all cams): 3108
  Unique trial keys : 107

Building multi-view index...
  [TRAIN] ⚠️  Skipped 283 sample_keys with incomplete camera coverage
  [TRAIN] Multi-view samples : 3003
  [TRAIN] Quality mean±std   : 4.111 ± 0.816
  [VALID] ⚠️  Skipped 126 sample_keys with incomplete camera coverage
  [VALID] Multi-view samples : 866
  [VALID] Quality mean±std   : 4.219 ± 0.751
  [TEST] ⚠️  Skipped 22 sample_keys with incomplete camera coverage
  [TEST] Multi-view samples : 1024
  [TEST] Quality mean±std   : 4.033 ± 0.777

Checking for corrupted files...
  [TRAIN] Removing 1 corrupted sample(s)
  [TRAIN] Clean samples : 3002
  [VALID] Clean samples : 866
  [TEST] Removing 2 corrupted sample(s)
  [TEST] Clean samples : 1022

Excluding exercises...
  [TRAIN] Excluded E[0, 2, 3, 4, 5, 6, 7, 8, 9] → 2686 rows dropped, 316 remain
  [VALID] Excluded E[0, 2, 3, 4, 5, 6, 7, 8, 9] → 765 rows dropped, 101 remain
  [TEST] Excluded E[0, 2, 3, 4, 5, 6, 7, 8, 9] → 915 rows dropped, 107 remain

  Exercise ID remap : {1: 0}

✓ No data-leakage detected across splits

══════════════════════════════════════════════════════════════════════
  Split     Samples   Correct   Erroneous   Q mean   Q std   Q min   Q max
  ────────────────────────────────────────────────────────────────────
  Train         316       204         112    3.977   0.884   2.020   5.000
  Val           101        68          33    4.131   0.755   2.850   4.940
  Test          107        68          39    4.192   0.832   2.660   5.000
══════════════════════════════════════════════════════════════════════

✓ Multi-view index ready  →  train / val / test DataFrames built
✓ Skeleton visualisation helpers defined
✓ BZUMultiViewDataset defined  (Mid Fusion — 3 separate (T,J,6) tensors per sample)
✓ mid_fusion_collate defined

✓ Mid-Fusion ST-GCN sanity check passed — output shape: torch.Size([2])
✓ Total trainable parameters: 9,219,382
✓ Shared backbone: False
✓ CAM_FEATURE_DIM=64  FUSED_DIM=192
✓ STGCN_MidFusion defined  (3 × STGCNCameraBackbone → concat(64×3=192) → FusionMLP → score)
Device : cuda
GPU    : Tesla V100-PCIE-32GB
✓ centre_and_scale_multiview (per-camera independent) and run_epoch defined
=================================================================
Quality score distribution audit
=================================================================
Train  Correct (T≤2)     n= 204  mean=4.529  std=0.375  [3.70, 5.00]
Train  Erroneous (T≥3)   n= 112  mean=2.972  std=0.620  [2.02, 4.00]

Val    Correct (T≤2)     n=  68  mean=4.600  std=0.329  [4.06, 4.94]
Val    Erroneous (T≥3)   n=  33  mean=3.164  std=0.350  [2.85, 3.72]

Test   Correct (T≤2)     n=  68  mean=4.795  std=0.187  [4.38, 5.00]
Test   Erroneous (T≥3)   n=  39  mean=3.142  std=0.298  [2.66, 3.48]

Person distribution:
  Train: ['P0', 'P10', 'P14', 'P15', 'P2', 'P3', 'P4', 'P5', 'P7']
  Val: ['P1', 'P11', 'P6']
  Test: ['P12', 'P8', 'P9']
✓ Plotting helpers defined
✓ EarlyStopping defined
2026-06-12 12:43:14,963 | INFO | ======================================================================
2026-06-12 12:43:14,964 | INFO | STARTING MID-FUSION REGRESSION TRAINING
2026-06-12 12:43:14,964 | INFO | ======================================================================
2026-06-12 12:43:14,964 | INFO | train=316 val=101 test=107 (multi-view samples, 3 cameras — mid fusion)
2026-06-12 12:43:14,964 | INFO | CAM_FEATURE_DIM=64  FUSED_DIM=192  SHARED_BACKBONE=False

══════════════════════════════════════════════════════════════════════
  Mid Fusion  |  Cameras: [0, 1, 2]  |  CAM_FEATURE_DIM=64  FUSED=192
  Shared backbone: False
  Train: 316  Val: 101  Test: 107
  Patience: 100  |  LR: 0.0001  |  Batch: 32
══════════════════════════════════════════════════════════════════════
  Ep   1/300 | Tr loss=0.3373 mae=0.688 r2=0.055 pcc=0.629 | Vl loss=2.1043 mae=2.622 r2=-12.152 pcc=0.758 | ES 0/100 ★
2026-06-12 12:43:20,903 | INFO |   Ep   1/300 | Tr loss=0.3373 mae=0.688 r2=0.055 pcc=0.629 | Vl loss=2.1043 mae=2.622 r2=-12.152 pcc=0.758 | ES 0/100 ★
    ★ val_mae=2.6217  rmse=2.7241  r2=-12.1517  pcc=0.7584
  Ep   2/300 | Tr loss=0.3379 mae=0.676 r2=0.054 pcc=0.592 | Vl loss=1.2012 mae=1.700 r2=-5.078 pcc=0.766 | ES 0/100 ★
2026-06-12 12:43:25,857 | INFO |   Ep   2/300 | Tr loss=0.3379 mae=0.676 r2=0.054 pcc=0.592 | Vl loss=1.2012 mae=1.700 r2=-5.078 pcc=0.766 | ES 0/100 ★
    ★ val_mae=1.7003  rmse=1.8519  r2=-5.0779  pcc=0.7659
  Ep   3/300 | Tr loss=0.2683 mae=0.595 r2=0.300 pcc=0.698 | Vl loss=1.3876 mae=1.898 r2=-6.349 pcc=0.757 | ES 1/100
2026-06-12 12:43:30,675 | INFO |   Ep   3/300 | Tr loss=0.2683 mae=0.595 r2=0.300 pcc=0.698 | Vl loss=1.3876 mae=1.898 r2=-6.349 pcc=0.757 | ES 1/100
  Ep   4/300 | Tr loss=0.2221 mae=0.537 r2=0.384 pcc=0.721 | Vl loss=1.5273 mae=2.041 r2=-7.363 pcc=0.771 | ES 2/100
2026-06-12 12:43:35,490 | INFO |   Ep   4/300 | Tr loss=0.2221 mae=0.537 r2=0.384 pcc=0.721 | Vl loss=1.5273 mae=2.041 r2=-7.363 pcc=0.771 | ES 2/100
  Ep   5/300 | Tr loss=0.2283 mae=0.529 r2=0.395 pcc=0.716 | Vl loss=1.3217 mae=1.827 r2=-5.890 pcc=0.729 | ES 3/100
2026-06-12 12:43:40,293 | INFO |   Ep   5/300 | Tr loss=0.2283 mae=0.529 r2=0.395 pcc=0.716 | Vl loss=1.3217 mae=1.827 r2=-5.890 pcc=0.729 | ES 3/100
  Ep   6/300 | Tr loss=0.2192 mae=0.526 r2=0.369 pcc=0.674 | Vl loss=1.1721 mae=1.674 r2=-4.883 pcc=0.548 | ES 0/100 ★
2026-06-12 12:43:45,118 | INFO |   Ep   6/300 | Tr loss=0.2192 mae=0.526 r2=0.369 pcc=0.674 | Vl loss=1.1721 mae=1.674 r2=-4.883 pcc=0.548 | ES 0/100 ★
    ★ val_mae=1.6742  rmse=1.8219  r2=-4.8826  pcc=0.5482
  Ep   7/300 | Tr loss=0.1613 mae=0.439 r2=0.621 pcc=0.805 | Vl loss=1.1855 mae=1.689 r2=-4.970 pcc=0.519 | ES 1/100
2026-06-12 12:43:49,952 | INFO |   Ep   7/300 | Tr loss=0.1613 mae=0.439 r2=0.621 pcc=0.805 | Vl loss=1.1855 mae=1.689 r2=-4.970 pcc=0.519 | ES 1/100
  Ep   8/300 | Tr loss=0.1410 mae=0.417 r2=0.668 pcc=0.842 | Vl loss=1.2207 mae=1.721 r2=-5.207 pcc=0.315 | ES 2/100
2026-06-12 12:43:54,748 | INFO |   Ep   8/300 | Tr loss=0.1410 mae=0.417 r2=0.668 pcc=0.842 | Vl loss=1.2207 mae=1.721 r2=-5.207 pcc=0.315 | ES 2/100
  Ep   9/300 | Tr loss=0.1650 mae=0.455 r2=0.594 pcc=0.798 | Vl loss=1.1981 mae=1.701 r2=-5.053 pcc=0.425 | ES 3/100
2026-06-12 12:43:59,541 | INFO |   Ep   9/300 | Tr loss=0.1650 mae=0.455 r2=0.594 pcc=0.798 | Vl loss=1.1981 mae=1.701 r2=-5.053 pcc=0.425 | ES 3/100
  Ep  10/300 | Tr loss=0.1808 mae=0.474 r2=0.525 pcc=0.772 | Vl loss=1.1989 mae=1.708 r2=-5.056 pcc=0.548 | ES 4/100
2026-06-12 12:44:04,340 | INFO |   Ep  10/300 | Tr loss=0.1808 mae=0.474 r2=0.525 pcc=0.772 | Vl loss=1.1989 mae=1.708 r2=-5.056 pcc=0.548 | ES 4/100
  Ep  11/300 | Tr loss=0.1634 mae=0.446 r2=0.584 pcc=0.784 | Vl loss=1.1857 mae=1.693 r2=-4.972 pcc=0.519 | ES 5/100
2026-06-12 12:44:09,388 | INFO |   Ep  11/300 | Tr loss=0.1634 mae=0.446 r2=0.584 pcc=0.784 | Vl loss=1.1857 mae=1.693 r2=-4.972 pcc=0.519 | ES 5/100
  Ep  12/300 | Tr loss=0.1762 mae=0.469 r2=0.561 pcc=0.773 | Vl loss=1.1997 mae=1.707 r2=-5.063 pcc=0.529 | ES 6/100
2026-06-12 12:44:14,187 | INFO |   Ep  12/300 | Tr loss=0.1762 mae=0.469 r2=0.561 pcc=0.773 | Vl loss=1.1997 mae=1.707 r2=-5.063 pcc=0.529 | ES 6/100
  Ep  13/300 | Tr loss=0.1776 mae=0.467 r2=0.535 pcc=0.760 | Vl loss=1.2001 mae=1.702 r2=-5.066 pcc=0.478 | ES 7/100
2026-06-12 12:44:18,977 | INFO |   Ep  13/300 | Tr loss=0.1776 mae=0.467 r2=0.535 pcc=0.760 | Vl loss=1.2001 mae=1.702 r2=-5.066 pcc=0.478 | ES 7/100
  Ep  14/300 | Tr loss=0.1791 mae=0.463 r2=0.583 pcc=0.775 | Vl loss=1.1909 mae=1.691 r2=-5.009 pcc=0.446 | ES 8/100
2026-06-12 12:44:23,777 | INFO |   Ep  14/300 | Tr loss=0.1791 mae=0.463 r2=0.583 pcc=0.775 | Vl loss=1.1909 mae=1.691 r2=-5.009 pcc=0.446 | ES 8/100
  Ep  15/300 | Tr loss=0.1712 mae=0.459 r2=0.547 pcc=0.763 | Vl loss=1.1195 mae=1.620 r2=-4.546 pcc=0.640 | ES 0/100 ★
2026-06-12 12:44:28,590 | INFO |   Ep  15/300 | Tr loss=0.1712 mae=0.459 r2=0.547 pcc=0.763 | Vl loss=1.1195 mae=1.620 r2=-4.546 pcc=0.640 | ES 0/100 ★
    ★ val_mae=1.6197  rmse=1.7690  r2=-4.5457  pcc=0.6396
  Ep  16/300 | Tr loss=0.1330 mae=0.400 r2=0.650 pcc=0.824 | Vl loss=1.1600 mae=1.672 r2=-4.801 pcc=0.697 | ES 1/100
2026-06-12 12:44:33,381 | INFO |   Ep  16/300 | Tr loss=0.1330 mae=0.400 r2=0.650 pcc=0.824 | Vl loss=1.1600 mae=1.672 r2=-4.801 pcc=0.697 | ES 1/100
  Ep  17/300 | Tr loss=0.1490 mae=0.420 r2=0.626 pcc=0.803 | Vl loss=1.2874 mae=1.805 r2=-5.638 pcc=0.621 | ES 2/100
2026-06-12 12:44:38,180 | INFO |   Ep  17/300 | Tr loss=0.1490 mae=0.420 r2=0.626 pcc=0.803 | Vl loss=1.2874 mae=1.805 r2=-5.638 pcc=0.621 | ES 2/100
  Ep  18/300 | Tr loss=0.1578 mae=0.435 r2=0.575 pcc=0.782 | Vl loss=1.3634 mae=1.893 r2=-6.148 pcc=0.651 | ES 3/100
2026-06-12 12:44:43,348 | INFO |   Ep  18/300 | Tr loss=0.1578 mae=0.435 r2=0.575 pcc=0.782 | Vl loss=1.3634 mae=1.893 r2=-6.148 pcc=0.651 | ES 3/100
  Ep  19/300 | Tr loss=0.1369 mae=0.397 r2=0.638 pcc=0.811 | Vl loss=1.4632 mae=2.002 r2=-6.844 pcc=0.675 | ES 4/100
2026-06-12 12:44:48,146 | INFO |   Ep  19/300 | Tr loss=0.1369 mae=0.397 r2=0.638 pcc=0.811 | Vl loss=1.4632 mae=2.002 r2=-6.844 pcc=0.675 | ES 4/100
  Ep  20/300 | Tr loss=0.1574 mae=0.426 r2=0.592 pcc=0.782 | Vl loss=1.5018 mae=2.028 r2=-7.137 pcc=0.534 | ES 5/100
2026-06-12 12:44:52,946 | INFO |   Ep  20/300 | Tr loss=0.1574 mae=0.426 r2=0.592 pcc=0.782 | Vl loss=1.5018 mae=2.028 r2=-7.137 pcc=0.534 | ES 5/100
  Ep  21/300 | Tr loss=0.1374 mae=0.400 r2=0.643 pcc=0.812 | Vl loss=1.4396 mae=1.968 r2=-6.684 pcc=0.595 | ES 6/100
2026-06-12 12:44:57,868 | INFO |   Ep  21/300 | Tr loss=0.1374 mae=0.400 r2=0.643 pcc=0.812 | Vl loss=1.4396 mae=1.968 r2=-6.684 pcc=0.595 | ES 6/100
  Ep  22/300 | Tr loss=0.1449 mae=0.421 r2=0.668 pcc=0.821 | Vl loss=1.4347 mae=1.959 r2=-6.652 pcc=0.551 | ES 7/100
2026-06-12 12:45:02,667 | INFO |   Ep  22/300 | Tr loss=0.1449 mae=0.421 r2=0.668 pcc=0.821 | Vl loss=1.4347 mae=1.959 r2=-6.652 pcc=0.551 | ES 7/100
  Ep  23/300 | Tr loss=0.1349 mae=0.394 r2=0.641 pcc=0.828 | Vl loss=1.4608 mae=1.983 r2=-6.843 pcc=0.508 | ES 8/100
2026-06-12 12:45:07,522 | INFO |   Ep  23/300 | Tr loss=0.1349 mae=0.394 r2=0.641 pcc=0.828 | Vl loss=1.4608 mae=1.983 r2=-6.843 pcc=0.508 | ES 8/100
  Ep  24/300 | Tr loss=0.1888 mae=0.472 r2=0.507 pcc=0.726 | Vl loss=1.3658 mae=1.889 r2=-6.168 pcc=0.592 | ES 9/100
2026-06-12 12:45:12,572 | INFO |   Ep  24/300 | Tr loss=0.1888 mae=0.472 r2=0.507 pcc=0.726 | Vl loss=1.3658 mae=1.889 r2=-6.168 pcc=0.592 | ES 9/100
  Ep  25/300 | Tr loss=0.1424 mae=0.395 r2=0.640 pcc=0.805 | Vl loss=1.4319 mae=1.957 r2=-6.634 pcc=0.549 | ES 10/100
2026-06-12 12:45:17,565 | INFO |   Ep  25/300 | Tr loss=0.1424 mae=0.395 r2=0.640 pcc=0.805 | Vl loss=1.4319 mae=1.957 r2=-6.634 pcc=0.549 | ES 10/100
  Ep  26/300 | Tr loss=0.1527 mae=0.426 r2=0.579 pcc=0.781 | Vl loss=1.4726 mae=1.999 r2=-6.924 pcc=0.541 | ES 11/100
2026-06-12 12:45:22,364 | INFO |   Ep  26/300 | Tr loss=0.1527 mae=0.426 r2=0.579 pcc=0.781 | Vl loss=1.4726 mae=1.999 r2=-6.924 pcc=0.541 | ES 11/100
  Ep  27/300 | Tr loss=0.1699 mae=0.441 r2=0.567 pcc=0.768 | Vl loss=1.3853 mae=1.908 r2=-6.309 pcc=0.503 | ES 12/100
2026-06-12 12:45:27,158 | INFO |   Ep  27/300 | Tr loss=0.1699 mae=0.441 r2=0.567 pcc=0.768 | Vl loss=1.3853 mae=1.908 r2=-6.309 pcc=0.503 | ES 12/100
  Ep  28/300 | Tr loss=0.1465 mae=0.423 r2=0.628 pcc=0.804 | Vl loss=1.3336 mae=1.860 r2=-5.945 pcc=0.591 | ES 13/100
2026-06-12 12:45:32,000 | INFO |   Ep  28/300 | Tr loss=0.1465 mae=0.423 r2=0.628 pcc=0.804 | Vl loss=1.3336 mae=1.860 r2=-5.945 pcc=0.591 | ES 13/100
  Ep  29/300 | Tr loss=0.1445 mae=0.418 r2=0.632 pcc=0.804 | Vl loss=1.3804 mae=1.907 r2=-6.271 pcc=0.573 | ES 14/100
2026-06-12 12:45:36,796 | INFO |   Ep  29/300 | Tr loss=0.1445 mae=0.418 r2=0.632 pcc=0.804 | Vl loss=1.3804 mae=1.907 r2=-6.271 pcc=0.573 | ES 14/100
  Ep  30/300 | Tr loss=0.1196 mae=0.370 r2=0.693 pcc=0.837 | Vl loss=1.3868 mae=1.911 r2=-6.319 pcc=0.550 | ES 15/100
2026-06-12 12:45:41,596 | INFO |   Ep  30/300 | Tr loss=0.1196 mae=0.370 r2=0.693 pcc=0.837 | Vl loss=1.3868 mae=1.911 r2=-6.319 pcc=0.550 | ES 15/100
  Ep  31/300 | Tr loss=0.1258 mae=0.385 r2=0.684 pcc=0.827 | Vl loss=1.3312 mae=1.853 r2=-5.934 pcc=0.580 | ES 16/100
2026-06-12 12:45:46,389 | INFO |   Ep  31/300 | Tr loss=0.1258 mae=0.385 r2=0.684 pcc=0.827 | Vl loss=1.3312 mae=1.853 r2=-5.934 pcc=0.580 | ES 16/100
  Ep  32/300 | Tr loss=0.1307 mae=0.393 r2=0.670 pcc=0.824 | Vl loss=1.3101 mae=1.829 r2=-5.791 pcc=0.591 | ES 17/100
2026-06-12 12:45:51,169 | INFO |   Ep  32/300 | Tr loss=0.1307 mae=0.393 r2=0.670 pcc=0.824 | Vl loss=1.3101 mae=1.829 r2=-5.791 pcc=0.591 | ES 17/100
  Ep  33/300 | Tr loss=0.1227 mae=0.376 r2=0.687 pcc=0.833 | Vl loss=1.2383 mae=1.753 r2=-5.310 pcc=0.617 | ES 18/100
2026-06-12 12:45:55,952 | INFO |   Ep  33/300 | Tr loss=0.1227 mae=0.376 r2=0.687 pcc=0.833 | Vl loss=1.2383 mae=1.753 r2=-5.310 pcc=0.617 | ES 18/100
  Ep  34/300 | Tr loss=0.1439 mae=0.405 r2=0.589 pcc=0.786 | Vl loss=1.1908 mae=1.702 r2=-4.998 pcc=0.618 | ES 19/100
2026-06-12 12:46:00,738 | INFO |   Ep  34/300 | Tr loss=0.1439 mae=0.405 r2=0.589 pcc=0.786 | Vl loss=1.1908 mae=1.702 r2=-4.998 pcc=0.618 | ES 19/100
  Ep  35/300 | Tr loss=0.1216 mae=0.378 r2=0.669 pcc=0.821 | Vl loss=1.2140 mae=1.733 r2=-5.147 pcc=0.651 | ES 20/100
2026-06-12 12:46:05,535 | INFO |   Ep  35/300 | Tr loss=0.1216 mae=0.378 r2=0.669 pcc=0.821 | Vl loss=1.2140 mae=1.733 r2=-5.147 pcc=0.651 | ES 20/100
  Ep  36/300 | Tr loss=0.1326 mae=0.382 r2=0.665 pcc=0.821 | Vl loss=1.2540 mae=1.782 r2=-5.405 pcc=0.694 | ES 21/100
2026-06-12 12:46:10,315 | INFO |   Ep  36/300 | Tr loss=0.1326 mae=0.382 r2=0.665 pcc=0.821 | Vl loss=1.2540 mae=1.782 r2=-5.405 pcc=0.694 | ES 21/100
  Ep  37/300 | Tr loss=0.1263 mae=0.395 r2=0.696 pcc=0.836 | Vl loss=1.2609 mae=1.779 r2=-5.459 pcc=0.600 | ES 22/100
2026-06-12 12:46:15,173 | INFO |   Ep  37/300 | Tr loss=0.1263 mae=0.395 r2=0.696 pcc=0.836 | Vl loss=1.2609 mae=1.779 r2=-5.459 pcc=0.600 | ES 22/100
  Ep  38/300 | Tr loss=0.1618 mae=0.432 r2=0.619 pcc=0.791 | Vl loss=1.2546 mae=1.769 r2=-5.419 pcc=0.553 | ES 23/100
2026-06-12 12:46:20,165 | INFO |   Ep  38/300 | Tr loss=0.1618 mae=0.432 r2=0.619 pcc=0.791 | Vl loss=1.2546 mae=1.769 r2=-5.419 pcc=0.553 | ES 23/100
  Ep  39/300 | Tr loss=0.1426 mae=0.405 r2=0.619 pcc=0.801 | Vl loss=1.2442 mae=1.763 r2=-5.348 pcc=0.617 | ES 24/100
2026-06-12 12:46:25,762 | INFO |   Ep  39/300 | Tr loss=0.1426 mae=0.405 r2=0.619 pcc=0.801 | Vl loss=1.2442 mae=1.763 r2=-5.348 pcc=0.617 | ES 24/100
  Ep  40/300 | Tr loss=0.1230 mae=0.365 r2=0.658 pcc=0.818 | Vl loss=1.2227 mae=1.740 r2=-5.208 pcc=0.635 | ES 25/100
2026-06-12 12:46:30,642 | INFO |   Ep  40/300 | Tr loss=0.1230 mae=0.365 r2=0.658 pcc=0.818 | Vl loss=1.2227 mae=1.740 r2=-5.208 pcc=0.635 | ES 25/100
  Ep  41/300 | Tr loss=0.1377 mae=0.400 r2=0.634 pcc=0.798 | Vl loss=1.2377 mae=1.761 r2=-5.307 pcc=0.647 | ES 26/100
2026-06-12 12:46:35,505 | INFO |   Ep  41/300 | Tr loss=0.1377 mae=0.400 r2=0.634 pcc=0.798 | Vl loss=1.2377 mae=1.761 r2=-5.307 pcc=0.647 | ES 26/100
  Ep  42/300 | Tr loss=0.1348 mae=0.405 r2=0.665 pcc=0.820 | Vl loss=1.2938 mae=1.823 r2=-5.678 pcc=0.653 | ES 27/100
2026-06-12 12:46:40,307 | INFO |   Ep  42/300 | Tr loss=0.1348 mae=0.405 r2=0.665 pcc=0.820 | Vl loss=1.2938 mae=1.823 r2=-5.678 pcc=0.653 | ES 27/100
  Ep  43/300 | Tr loss=0.1118 mae=0.365 r2=0.694 pcc=0.839 | Vl loss=1.2789 mae=1.800 r2=-5.584 pcc=0.597 | ES 28/100
2026-06-12 12:46:45,116 | INFO |   Ep  43/300 | Tr loss=0.1118 mae=0.365 r2=0.694 pcc=0.839 | Vl loss=1.2789 mae=1.800 r2=-5.584 pcc=0.597 | ES 28/100
  Ep  44/300 | Tr loss=0.1267 mae=0.382 r2=0.681 pcc=0.828 | Vl loss=1.2762 mae=1.801 r2=-5.561 pcc=0.639 | ES 29/100
2026-06-12 12:46:49,918 | INFO |   Ep  44/300 | Tr loss=0.1267 mae=0.382 r2=0.681 pcc=0.828 | Vl loss=1.2762 mae=1.801 r2=-5.561 pcc=0.639 | ES 29/100
  Ep  45/300 | Tr loss=0.1168 mae=0.377 r2=0.699 pcc=0.840 | Vl loss=1.2868 mae=1.817 r2=-5.627 pcc=0.676 | ES 30/100
2026-06-12 12:46:54,722 | INFO |   Ep  45/300 | Tr loss=0.1168 mae=0.377 r2=0.699 pcc=0.840 | Vl loss=1.2868 mae=1.817 r2=-5.627 pcc=0.676 | ES 30/100
  Ep  46/300 | Tr loss=0.1381 mae=0.392 r2=0.640 pcc=0.811 | Vl loss=1.3168 mae=1.837 r2=-5.841 pcc=0.554 | ES 31/100
2026-06-12 12:46:59,522 | INFO |   Ep  46/300 | Tr loss=0.1381 mae=0.392 r2=0.640 pcc=0.811 | Vl loss=1.3168 mae=1.837 r2=-5.841 pcc=0.554 | ES 31/100
  Ep  47/300 | Tr loss=0.1229 mae=0.365 r2=0.672 pcc=0.824 | Vl loss=1.2938 mae=1.814 r2=-5.684 pcc=0.578 | ES 32/100
2026-06-12 12:47:04,329 | INFO |   Ep  47/300 | Tr loss=0.1229 mae=0.365 r2=0.672 pcc=0.824 | Vl loss=1.2938 mae=1.814 r2=-5.684 pcc=0.578 | ES 32/100
  Ep  48/300 | Tr loss=0.1060 mae=0.342 r2=0.744 pcc=0.863 | Vl loss=1.3447 mae=1.866 r2=-6.035 pcc=0.507 | ES 33/100
2026-06-12 12:47:09,139 | INFO |   Ep  48/300 | Tr loss=0.1060 mae=0.342 r2=0.744 pcc=0.863 | Vl loss=1.3447 mae=1.866 r2=-6.035 pcc=0.507 | ES 33/100
  Ep  49/300 | Tr loss=0.1056 mae=0.344 r2=0.723 pcc=0.853 | Vl loss=1.3061 mae=1.830 r2=-5.764 pcc=0.586 | ES 34/100
2026-06-12 12:47:13,974 | INFO |   Ep  49/300 | Tr loss=0.1056 mae=0.344 r2=0.723 pcc=0.853 | Vl loss=1.3061 mae=1.830 r2=-5.764 pcc=0.586 | ES 34/100
  Ep  50/300 | Tr loss=0.1391 mae=0.401 r2=0.640 pcc=0.807 | Vl loss=1.3249 mae=1.843 r2=-5.897 pcc=0.515 | ES 35/100
2026-06-12 12:47:18,974 | INFO |   Ep  50/300 | Tr loss=0.1391 mae=0.401 r2=0.640 pcc=0.807 | Vl loss=1.3249 mae=1.843 r2=-5.897 pcc=0.515 | ES 35/100
  Ep  51/300 | Tr loss=0.1109 mae=0.368 r2=0.733 pcc=0.856 | Vl loss=1.3270 mae=1.847 r2=-5.909 pcc=0.550 | ES 36/100
2026-06-12 12:47:23,805 | INFO |   Ep  51/300 | Tr loss=0.1109 mae=0.368 r2=0.733 pcc=0.856 | Vl loss=1.3270 mae=1.847 r2=-5.909 pcc=0.550 | ES 36/100
  Ep  52/300 | Tr loss=0.1028 mae=0.354 r2=0.750 pcc=0.868 | Vl loss=1.3431 mae=1.864 r2=-6.017 pcc=0.555 | ES 37/100
2026-06-12 12:47:28,598 | INFO |   Ep  52/300 | Tr loss=0.1028 mae=0.354 r2=0.750 pcc=0.868 | Vl loss=1.3431 mae=1.864 r2=-6.017 pcc=0.555 | ES 37/100
  Ep  53/300 | Tr loss=0.1124 mae=0.355 r2=0.667 pcc=0.829 | Vl loss=1.2588 mae=1.779 r2=-5.444 pcc=0.625 | ES 38/100
2026-06-12 12:47:33,458 | INFO |   Ep  53/300 | Tr loss=0.1124 mae=0.355 r2=0.667 pcc=0.829 | Vl loss=1.2588 mae=1.779 r2=-5.444 pcc=0.625 | ES 38/100
  Ep  54/300 | Tr loss=0.1264 mae=0.372 r2=0.685 pcc=0.829 | Vl loss=1.2082 mae=1.730 r2=-5.112 pcc=0.658 | ES 39/100
2026-06-12 12:47:38,300 | INFO |   Ep  54/300 | Tr loss=0.1264 mae=0.372 r2=0.685 pcc=0.829 | Vl loss=1.2082 mae=1.730 r2=-5.112 pcc=0.658 | ES 39/100
  Ep  55/300 | Tr loss=0.1096 mae=0.354 r2=0.724 pcc=0.852 | Vl loss=1.2294 mae=1.758 r2=-5.248 pcc=0.655 | ES 40/100
2026-06-12 12:47:43,112 | INFO |   Ep  55/300 | Tr loss=0.1096 mae=0.354 r2=0.724 pcc=0.852 | Vl loss=1.2294 mae=1.758 r2=-5.248 pcc=0.655 | ES 40/100
  Ep  56/300 | Tr loss=0.1217 mae=0.370 r2=0.700 pcc=0.839 | Vl loss=1.2417 mae=1.769 r2=-5.329 pcc=0.632 | ES 41/100
2026-06-12 12:47:47,927 | INFO |   Ep  56/300 | Tr loss=0.1217 mae=0.370 r2=0.700 pcc=0.839 | Vl loss=1.2417 mae=1.769 r2=-5.329 pcc=0.632 | ES 41/100
  Ep  57/300 | Tr loss=0.1066 mae=0.353 r2=0.749 pcc=0.867 | Vl loss=1.2884 mae=1.814 r2=-5.644 pcc=0.595 | ES 42/100
2026-06-12 12:47:52,741 | INFO |   Ep  57/300 | Tr loss=0.1066 mae=0.353 r2=0.749 pcc=0.867 | Vl loss=1.2884 mae=1.814 r2=-5.644 pcc=0.595 | ES 42/100
  Ep  58/300 | Tr loss=0.1096 mae=0.348 r2=0.754 pcc=0.869 | Vl loss=1.2817 mae=1.799 r2=-5.605 pcc=0.498 | ES 43/100
2026-06-12 12:47:57,543 | INFO |   Ep  58/300 | Tr loss=0.1096 mae=0.348 r2=0.754 pcc=0.869 | Vl loss=1.2817 mae=1.799 r2=-5.605 pcc=0.498 | ES 43/100
  Ep  59/300 | Tr loss=0.1087 mae=0.342 r2=0.714 pcc=0.851 | Vl loss=1.2324 mae=1.747 r2=-5.276 pcc=0.513 | ES 44/100
2026-06-12 12:48:02,398 | INFO |   Ep  59/300 | Tr loss=0.1087 mae=0.342 r2=0.714 pcc=0.851 | Vl loss=1.2324 mae=1.747 r2=-5.276 pcc=0.513 | ES 44/100
  Ep  60/300 | Tr loss=0.1381 mae=0.393 r2=0.648 pcc=0.809 | Vl loss=1.2101 mae=1.722 r2=-5.127 pcc=0.537 | ES 45/100
2026-06-12 12:48:07,213 | INFO |   Ep  60/300 | Tr loss=0.1381 mae=0.393 r2=0.648 pcc=0.809 | Vl loss=1.2101 mae=1.722 r2=-5.127 pcc=0.537 | ES 45/100
  Ep  61/300 | Tr loss=0.1233 mae=0.370 r2=0.671 pcc=0.824 | Vl loss=1.2155 mae=1.731 r2=-5.159 pcc=0.599 | ES 46/100
2026-06-12 12:48:12,014 | INFO |   Ep  61/300 | Tr loss=0.1233 mae=0.370 r2=0.671 pcc=0.824 | Vl loss=1.2155 mae=1.731 r2=-5.159 pcc=0.599 | ES 46/100
  Ep  62/300 | Tr loss=0.0989 mae=0.344 r2=0.763 pcc=0.874 | Vl loss=1.2557 mae=1.778 r2=-5.423 pcc=0.638 | ES 47/100
2026-06-12 12:48:16,816 | INFO |   Ep  62/300 | Tr loss=0.0989 mae=0.344 r2=0.763 pcc=0.874 | Vl loss=1.2557 mae=1.778 r2=-5.423 pcc=0.638 | ES 47/100
  Ep  63/300 | Tr loss=0.1083 mae=0.371 r2=0.722 pcc=0.853 | Vl loss=1.2729 mae=1.799 r2=-5.537 pcc=0.663 | ES 48/100
2026-06-12 12:48:21,638 | INFO |   Ep  63/300 | Tr loss=0.1083 mae=0.371 r2=0.722 pcc=0.853 | Vl loss=1.2729 mae=1.799 r2=-5.537 pcc=0.663 | ES 48/100
  Ep  64/300 | Tr loss=0.1138 mae=0.361 r2=0.708 pcc=0.845 | Vl loss=1.2007 mae=1.718 r2=-5.065 pcc=0.620 | ES 49/100
2026-06-12 12:48:26,611 | INFO |   Ep  64/300 | Tr loss=0.1138 mae=0.361 r2=0.708 pcc=0.845 | Vl loss=1.2007 mae=1.718 r2=-5.065 pcc=0.620 | ES 49/100
  Ep  65/300 | Tr loss=0.1211 mae=0.367 r2=0.682 pcc=0.830 | Vl loss=1.1797 mae=1.698 r2=-4.928 pcc=0.637 | ES 50/100
2026-06-12 12:48:31,746 | INFO |   Ep  65/300 | Tr loss=0.1211 mae=0.367 r2=0.682 pcc=0.830 | Vl loss=1.1797 mae=1.698 r2=-4.928 pcc=0.637 | ES 50/100
Epoch 00066: reducing learning rate of group 0 to 5.0000e-05.
  Ep  66/300 | Tr loss=0.1371 mae=0.400 r2=0.643 pcc=0.805 | Vl loss=1.2017 mae=1.720 r2=-5.075 pcc=0.614 | ES 51/100
2026-06-12 12:48:36,806 | INFO |   Ep  66/300 | Tr loss=0.1371 mae=0.400 r2=0.643 pcc=0.805 | Vl loss=1.2017 mae=1.720 r2=-5.075 pcc=0.614 | ES 51/100
  Ep  67/300 | Tr loss=0.1130 mae=0.354 r2=0.698 pcc=0.837 | Vl loss=1.1612 mae=1.682 r2=-4.808 pcc=0.670 | ES 52/100
2026-06-12 12:48:41,674 | INFO |   Ep  67/300 | Tr loss=0.1130 mae=0.354 r2=0.698 pcc=0.837 | Vl loss=1.1612 mae=1.682 r2=-4.808 pcc=0.670 | ES 52/100
  Ep  68/300 | Tr loss=0.1219 mae=0.371 r2=0.693 pcc=0.835 | Vl loss=1.2118 mae=1.731 r2=-5.138 pcc=0.627 | ES 53/100
2026-06-12 12:48:46,646 | INFO |   Ep  68/300 | Tr loss=0.1219 mae=0.371 r2=0.693 pcc=0.835 | Vl loss=1.2118 mae=1.731 r2=-5.138 pcc=0.627 | ES 53/100
  Ep  69/300 | Tr loss=0.1298 mae=0.382 r2=0.666 pcc=0.819 | Vl loss=1.2182 mae=1.739 r2=-5.180 pcc=0.633 | ES 54/100
2026-06-12 12:48:51,852 | INFO |   Ep  69/300 | Tr loss=0.1298 mae=0.382 r2=0.666 pcc=0.819 | Vl loss=1.2182 mae=1.739 r2=-5.180 pcc=0.633 | ES 54/100
  Ep  70/300 | Tr loss=0.1303 mae=0.382 r2=0.682 pcc=0.828 | Vl loss=1.2385 mae=1.758 r2=-5.318 pcc=0.603 | ES 55/100
2026-06-12 12:48:57,178 | INFO |   Ep  70/300 | Tr loss=0.1303 mae=0.382 r2=0.682 pcc=0.828 | Vl loss=1.2385 mae=1.758 r2=-5.318 pcc=0.603 | ES 55/100
  Ep  71/300 | Tr loss=0.1033 mae=0.343 r2=0.729 pcc=0.858 | Vl loss=1.2104 mae=1.734 r2=-5.128 pcc=0.664 | ES 56/100
2026-06-12 12:49:02,549 | INFO |   Ep  71/300 | Tr loss=0.1033 mae=0.343 r2=0.729 pcc=0.858 | Vl loss=1.2104 mae=1.734 r2=-5.128 pcc=0.664 | ES 56/100
  Ep  72/300 | Tr loss=0.1138 mae=0.370 r2=0.721 pcc=0.850 | Vl loss=1.2024 mae=1.725 r2=-5.076 pcc=0.658 | ES 57/100
2026-06-12 12:49:07,363 | INFO |   Ep  72/300 | Tr loss=0.1138 mae=0.370 r2=0.721 pcc=0.850 | Vl loss=1.2024 mae=1.725 r2=-5.076 pcc=0.658 | ES 57/100
  Ep  73/300 | Tr loss=0.1185 mae=0.366 r2=0.682 pcc=0.829 | Vl loss=1.2110 mae=1.734 r2=-5.132 pcc=0.653 | ES 58/100
2026-06-12 12:49:12,233 | INFO |   Ep  73/300 | Tr loss=0.1185 mae=0.366 r2=0.682 pcc=0.829 | Vl loss=1.2110 mae=1.734 r2=-5.132 pcc=0.653 | ES 58/100
  Ep  74/300 | Tr loss=0.1123 mae=0.370 r2=0.700 pcc=0.839 | Vl loss=1.2378 mae=1.766 r2=-5.302 pcc=0.677 | ES 59/100
2026-06-12 12:49:17,065 | INFO |   Ep  74/300 | Tr loss=0.1123 mae=0.370 r2=0.700 pcc=0.839 | Vl loss=1.2378 mae=1.766 r2=-5.302 pcc=0.677 | ES 59/100
  Ep  75/300 | Tr loss=0.1225 mae=0.373 r2=0.671 pcc=0.821 | Vl loss=1.2363 mae=1.769 r2=-5.290 pcc=0.698 | ES 60/100
2026-06-12 12:49:21,866 | INFO |   Ep  75/300 | Tr loss=0.1225 mae=0.373 r2=0.671 pcc=0.821 | Vl loss=1.2363 mae=1.769 r2=-5.290 pcc=0.698 | ES 60/100
  Ep  76/300 | Tr loss=0.1382 mae=0.396 r2=0.610 pcc=0.790 | Vl loss=1.2429 mae=1.769 r2=-5.337 pcc=0.664 | ES 61/100
2026-06-12 12:49:26,668 | INFO |   Ep  76/300 | Tr loss=0.1382 mae=0.396 r2=0.610 pcc=0.790 | Vl loss=1.2429 mae=1.769 r2=-5.337 pcc=0.664 | ES 61/100
  Ep  77/300 | Tr loss=0.1042 mae=0.349 r2=0.751 pcc=0.867 | Vl loss=1.2337 mae=1.757 r2=-5.279 pcc=0.639 | ES 62/100
2026-06-12 12:49:31,479 | INFO |   Ep  77/300 | Tr loss=0.1042 mae=0.349 r2=0.751 pcc=0.867 | Vl loss=1.2337 mae=1.757 r2=-5.279 pcc=0.639 | ES 62/100
  Ep  78/300 | Tr loss=0.1168 mae=0.366 r2=0.697 pcc=0.837 | Vl loss=1.2681 mae=1.789 r2=-5.512 pcc=0.586 | ES 63/100
2026-06-12 12:49:36,292 | INFO |   Ep  78/300 | Tr loss=0.1168 mae=0.366 r2=0.697 pcc=0.837 | Vl loss=1.2681 mae=1.789 r2=-5.512 pcc=0.586 | ES 63/100
  Ep  79/300 | Tr loss=0.1261 mae=0.377 r2=0.682 pcc=0.831 | Vl loss=1.2488 mae=1.765 r2=-5.384 pcc=0.543 | ES 64/100
2026-06-12 12:49:41,156 | INFO |   Ep  79/300 | Tr loss=0.1261 mae=0.377 r2=0.682 pcc=0.831 | Vl loss=1.2488 mae=1.765 r2=-5.384 pcc=0.543 | ES 64/100
  Ep  80/300 | Tr loss=0.1459 mae=0.402 r2=0.615 pcc=0.788 | Vl loss=1.2057 mae=1.721 r2=-5.101 pcc=0.573 | ES 65/100
2026-06-12 12:49:46,036 | INFO |   Ep  80/300 | Tr loss=0.1459 mae=0.402 r2=0.615 pcc=0.788 | Vl loss=1.2057 mae=1.721 r2=-5.101 pcc=0.573 | ES 65/100
  Ep  81/300 | Tr loss=0.1151 mae=0.361 r2=0.704 pcc=0.841 | Vl loss=1.2305 mae=1.748 r2=-5.265 pcc=0.565 | ES 66/100
2026-06-12 12:49:50,899 | INFO |   Ep  81/300 | Tr loss=0.1151 mae=0.361 r2=0.704 pcc=0.841 | Vl loss=1.2305 mae=1.748 r2=-5.265 pcc=0.565 | ES 66/100
  Ep  82/300 | Tr loss=0.1135 mae=0.358 r2=0.691 pcc=0.833 | Vl loss=1.2289 mae=1.754 r2=-5.249 pcc=0.638 | ES 67/100
2026-06-12 12:49:55,901 | INFO |   Ep  82/300 | Tr loss=0.1135 mae=0.358 r2=0.691 pcc=0.833 | Vl loss=1.2289 mae=1.754 r2=-5.249 pcc=0.638 | ES 67/100
  Ep  83/300 | Tr loss=0.1147 mae=0.357 r2=0.693 pcc=0.836 | Vl loss=1.2831 mae=1.809 r2=-5.608 pcc=0.627 | ES 68/100
2026-06-12 12:50:00,719 | INFO |   Ep  83/300 | Tr loss=0.1147 mae=0.357 r2=0.693 pcc=0.836 | Vl loss=1.2831 mae=1.809 r2=-5.608 pcc=0.627 | ES 68/100
  Ep  84/300 | Tr loss=0.1052 mae=0.346 r2=0.727 pcc=0.853 | Vl loss=1.2353 mae=1.760 r2=-5.293 pcc=0.628 | ES 69/100
2026-06-12 12:50:05,541 | INFO |   Ep  84/300 | Tr loss=0.1052 mae=0.346 r2=0.727 pcc=0.853 | Vl loss=1.2353 mae=1.760 r2=-5.293 pcc=0.628 | ES 69/100
  Ep  85/300 | Tr loss=0.1097 mae=0.358 r2=0.722 pcc=0.852 | Vl loss=1.2228 mae=1.739 r2=-5.214 pcc=0.543 | ES 70/100
2026-06-12 12:50:10,340 | INFO |   Ep  85/300 | Tr loss=0.1097 mae=0.358 r2=0.722 pcc=0.852 | Vl loss=1.2228 mae=1.739 r2=-5.214 pcc=0.543 | ES 70/100
  Ep  86/300 | Tr loss=0.1200 mae=0.360 r2=0.678 pcc=0.826 | Vl loss=1.2014 mae=1.716 r2=-5.074 pcc=0.547 | ES 71/100
2026-06-12 12:50:15,214 | INFO |   Ep  86/300 | Tr loss=0.1200 mae=0.360 r2=0.678 pcc=0.826 | Vl loss=1.2014 mae=1.716 r2=-5.074 pcc=0.547 | ES 71/100
  Ep  87/300 | Tr loss=0.1246 mae=0.372 r2=0.699 pcc=0.836 | Vl loss=1.1821 mae=1.697 r2=-4.952 pcc=0.561 | ES 72/100
2026-06-12 12:50:20,031 | INFO |   Ep  87/300 | Tr loss=0.1246 mae=0.372 r2=0.699 pcc=0.836 | Vl loss=1.1821 mae=1.697 r2=-4.952 pcc=0.561 | ES 72/100
  Ep  88/300 | Tr loss=0.0964 mae=0.336 r2=0.757 pcc=0.872 | Vl loss=1.2031 mae=1.722 r2=-5.085 pcc=0.600 | ES 73/100
2026-06-12 12:50:24,825 | INFO |   Ep  88/300 | Tr loss=0.0964 mae=0.336 r2=0.757 pcc=0.872 | Vl loss=1.2031 mae=1.722 r2=-5.085 pcc=0.600 | ES 73/100
  Ep  89/300 | Tr loss=0.1301 mae=0.368 r2=0.641 pcc=0.807 | Vl loss=1.1652 mae=1.689 r2=-4.837 pcc=0.671 | ES 74/100
2026-06-12 12:50:29,631 | INFO |   Ep  89/300 | Tr loss=0.1301 mae=0.368 r2=0.641 pcc=0.807 | Vl loss=1.1652 mae=1.689 r2=-4.837 pcc=0.671 | ES 74/100
  Ep  90/300 | Tr loss=0.1154 mae=0.360 r2=0.720 pcc=0.851 | Vl loss=1.1917 mae=1.715 r2=-5.007 pcc=0.656 | ES 75/100
2026-06-12 12:50:34,442 | INFO |   Ep  90/300 | Tr loss=0.1154 mae=0.360 r2=0.720 pcc=0.851 | Vl loss=1.1917 mae=1.715 r2=-5.007 pcc=0.656 | ES 75/100
  Ep  91/300 | Tr loss=0.1212 mae=0.367 r2=0.691 pcc=0.836 | Vl loss=1.1853 mae=1.710 r2=-4.963 pcc=0.677 | ES 76/100
2026-06-12 12:50:39,285 | INFO |   Ep  91/300 | Tr loss=0.1212 mae=0.367 r2=0.691 pcc=0.836 | Vl loss=1.1853 mae=1.710 r2=-4.963 pcc=0.677 | ES 76/100
  Ep  92/300 | Tr loss=0.1255 mae=0.374 r2=0.653 pcc=0.815 | Vl loss=1.2109 mae=1.730 r2=-5.129 pcc=0.638 | ES 77/100
2026-06-12 12:50:44,094 | INFO |   Ep  92/300 | Tr loss=0.1255 mae=0.374 r2=0.653 pcc=0.815 | Vl loss=1.2109 mae=1.730 r2=-5.129 pcc=0.638 | ES 77/100
  Ep  93/300 | Tr loss=0.1232 mae=0.360 r2=0.683 pcc=0.828 | Vl loss=1.1521 mae=1.669 r2=-4.753 pcc=0.649 | ES 78/100
2026-06-12 12:50:48,916 | INFO |   Ep  93/300 | Tr loss=0.1232 mae=0.360 r2=0.683 pcc=0.828 | Vl loss=1.1521 mae=1.669 r2=-4.753 pcc=0.649 | ES 78/100
  Ep  94/300 | Tr loss=0.1318 mae=0.385 r2=0.669 pcc=0.819 | Vl loss=1.1806 mae=1.697 r2=-4.935 pcc=0.633 | ES 79/100
2026-06-12 12:50:53,739 | INFO |   Ep  94/300 | Tr loss=0.1318 mae=0.385 r2=0.669 pcc=0.819 | Vl loss=1.1806 mae=1.697 r2=-4.935 pcc=0.633 | ES 79/100
  Ep  95/300 | Tr loss=0.1093 mae=0.366 r2=0.742 pcc=0.862 | Vl loss=1.1938 mae=1.708 r2=-5.020 pcc=0.616 | ES 80/100
2026-06-12 12:50:58,663 | INFO |   Ep  95/300 | Tr loss=0.1093 mae=0.366 r2=0.742 pcc=0.862 | Vl loss=1.1938 mae=1.708 r2=-5.020 pcc=0.616 | ES 80/100
  Ep  96/300 | Tr loss=0.1160 mae=0.363 r2=0.692 pcc=0.832 | Vl loss=1.1889 mae=1.707 r2=-4.987 pcc=0.664 | ES 81/100
2026-06-12 12:51:03,581 | INFO |   Ep  96/300 | Tr loss=0.1160 mae=0.363 r2=0.692 pcc=0.832 | Vl loss=1.1889 mae=1.707 r2=-4.987 pcc=0.664 | ES 81/100
  Ep  97/300 | Tr loss=0.1188 mae=0.358 r2=0.666 pcc=0.825 | Vl loss=1.2128 mae=1.728 r2=-5.145 pcc=0.630 | ES 82/100
2026-06-12 12:51:08,397 | INFO |   Ep  97/300 | Tr loss=0.1188 mae=0.358 r2=0.666 pcc=0.825 | Vl loss=1.2128 mae=1.728 r2=-5.145 pcc=0.630 | ES 82/100
  Ep  98/300 | Tr loss=0.0993 mae=0.326 r2=0.732 pcc=0.858 | Vl loss=1.1870 mae=1.700 r2=-4.978 pcc=0.622 | ES 83/100
2026-06-12 12:51:13,215 | INFO |   Ep  98/300 | Tr loss=0.0993 mae=0.326 r2=0.732 pcc=0.858 | Vl loss=1.1870 mae=1.700 r2=-4.978 pcc=0.622 | ES 83/100
  Ep  99/300 | Tr loss=0.1099 mae=0.343 r2=0.708 pcc=0.843 | Vl loss=1.1209 mae=1.633 r2=-4.554 pcc=0.654 | ES 84/100
2026-06-12 12:51:18,037 | INFO |   Ep  99/300 | Tr loss=0.1099 mae=0.343 r2=0.708 pcc=0.843 | Vl loss=1.1209 mae=1.633 r2=-4.554 pcc=0.654 | ES 84/100
  Ep 100/300 | Tr loss=0.1229 mae=0.367 r2=0.692 pcc=0.833 | Vl loss=1.1293 mae=1.643 r2=-4.608 pcc=0.645 | ES 85/100
2026-06-12 12:51:22,856 | INFO |   Ep 100/300 | Tr loss=0.1229 mae=0.367 r2=0.692 pcc=0.833 | Vl loss=1.1293 mae=1.643 r2=-4.608 pcc=0.645 | ES 85/100
  Ep 101/300 | Tr loss=0.1262 mae=0.376 r2=0.681 pcc=0.826 | Vl loss=1.1581 mae=1.679 r2=-4.791 pcc=0.672 | ES 86/100
2026-06-12 12:51:27,683 | INFO |   Ep 101/300 | Tr loss=0.1262 mae=0.376 r2=0.681 pcc=0.826 | Vl loss=1.1581 mae=1.679 r2=-4.791 pcc=0.672 | ES 86/100
  Ep 102/300 | Tr loss=0.1124 mae=0.361 r2=0.705 pcc=0.841 | Vl loss=1.1845 mae=1.706 r2=-4.960 pcc=0.664 | ES 87/100
2026-06-12 12:51:32,509 | INFO |   Ep 102/300 | Tr loss=0.1124 mae=0.361 r2=0.705 pcc=0.841 | Vl loss=1.1845 mae=1.706 r2=-4.960 pcc=0.664 | ES 87/100
  Ep 103/300 | Tr loss=0.1250 mae=0.373 r2=0.674 pcc=0.829 | Vl loss=1.2034 mae=1.716 r2=-5.083 pcc=0.571 | ES 88/100
2026-06-12 12:51:37,339 | INFO |   Ep 103/300 | Tr loss=0.1250 mae=0.373 r2=0.674 pcc=0.829 | Vl loss=1.2034 mae=1.716 r2=-5.083 pcc=0.571 | ES 88/100
  Ep 104/300 | Tr loss=0.1002 mae=0.329 r2=0.737 pcc=0.860 | Vl loss=1.1445 mae=1.655 r2=-4.703 pcc=0.610 | ES 89/100
2026-06-12 12:51:42,154 | INFO |   Ep 104/300 | Tr loss=0.1002 mae=0.329 r2=0.737 pcc=0.860 | Vl loss=1.1445 mae=1.655 r2=-4.703 pcc=0.610 | ES 89/100
  Ep 105/300 | Tr loss=0.1302 mae=0.385 r2=0.653 pcc=0.810 | Vl loss=1.1527 mae=1.663 r2=-4.755 pcc=0.618 | ES 90/100
2026-06-12 12:51:46,979 | INFO |   Ep 105/300 | Tr loss=0.1302 mae=0.385 r2=0.653 pcc=0.810 | Vl loss=1.1527 mae=1.663 r2=-4.755 pcc=0.618 | ES 90/100
  Ep 106/300 | Tr loss=0.1305 mae=0.378 r2=0.684 pcc=0.829 | Vl loss=1.1599 mae=1.664 r2=-4.801 pcc=0.554 | ES 91/100
2026-06-12 12:51:51,837 | INFO |   Ep 106/300 | Tr loss=0.1305 mae=0.378 r2=0.684 pcc=0.829 | Vl loss=1.1599 mae=1.664 r2=-4.801 pcc=0.554 | ES 91/100
  Ep 107/300 | Tr loss=0.1499 mae=0.408 r2=0.577 pcc=0.765 | Vl loss=1.1316 mae=1.635 r2=-4.622 pcc=0.578 | ES 92/100
2026-06-12 12:51:56,663 | INFO |   Ep 107/300 | Tr loss=0.1499 mae=0.408 r2=0.577 pcc=0.765 | Vl loss=1.1316 mae=1.635 r2=-4.622 pcc=0.578 | ES 92/100
  Ep 108/300 | Tr loss=0.1039 mae=0.341 r2=0.720 pcc=0.853 | Vl loss=1.1146 mae=1.619 r2=-4.517 pcc=0.605 | ES 0/100 ★
2026-06-12 12:52:01,502 | INFO |   Ep 108/300 | Tr loss=0.1039 mae=0.341 r2=0.720 pcc=0.853 | Vl loss=1.1146 mae=1.619 r2=-4.517 pcc=0.605 | ES 0/100 ★
    ★ val_mae=1.6189  rmse=1.7644  r2=-4.5169  pcc=0.6054
  Ep 109/300 | Tr loss=0.1231 mae=0.366 r2=0.672 pcc=0.820 | Vl loss=1.1091 mae=1.620 r2=-4.482 pcc=0.670 | ES 1/100
2026-06-12 12:52:06,303 | INFO |   Ep 109/300 | Tr loss=0.1231 mae=0.366 r2=0.672 pcc=0.820 | Vl loss=1.1091 mae=1.620 r2=-4.482 pcc=0.670 | ES 1/100
  Ep 110/300 | Tr loss=0.1119 mae=0.363 r2=0.712 pcc=0.845 | Vl loss=1.2001 mae=1.707 r2=-5.061 pcc=0.546 | ES 2/100
2026-06-12 12:52:11,096 | INFO |   Ep 110/300 | Tr loss=0.1119 mae=0.363 r2=0.712 pcc=0.845 | Vl loss=1.2001 mae=1.707 r2=-5.061 pcc=0.546 | ES 2/100
  Ep 111/300 | Tr loss=0.1094 mae=0.358 r2=0.735 pcc=0.860 | Vl loss=1.2156 mae=1.715 r2=-5.171 pcc=0.290 | ES 3/100
2026-06-12 12:52:15,914 | INFO |   Ep 111/300 | Tr loss=0.1094 mae=0.358 r2=0.735 pcc=0.860 | Vl loss=1.2156 mae=1.715 r2=-5.171 pcc=0.290 | ES 3/100
  Ep 112/300 | Tr loss=0.1218 mae=0.359 r2=0.679 pcc=0.827 | Vl loss=1.1867 mae=1.682 r2=-4.982 pcc=0.240 | ES 4/100
2026-06-12 12:52:20,834 | INFO |   Ep 112/300 | Tr loss=0.1218 mae=0.359 r2=0.679 pcc=0.827 | Vl loss=1.1867 mae=1.682 r2=-4.982 pcc=0.240 | ES 4/100
  Ep 113/300 | Tr loss=0.1036 mae=0.339 r2=0.732 pcc=0.857 | Vl loss=1.1696 mae=1.664 r2=-4.870 pcc=0.244 | ES 5/100
2026-06-12 12:52:25,721 | INFO |   Ep 113/300 | Tr loss=0.1036 mae=0.339 r2=0.732 pcc=0.857 | Vl loss=1.1696 mae=1.664 r2=-4.870 pcc=0.244 | ES 5/100
  Ep 114/300 | Tr loss=0.1034 mae=0.346 r2=0.735 pcc=0.858 | Vl loss=1.1694 mae=1.663 r2=-4.869 pcc=0.254 | ES 6/100
2026-06-12 12:52:30,528 | INFO |   Ep 114/300 | Tr loss=0.1034 mae=0.346 r2=0.735 pcc=0.858 | Vl loss=1.1694 mae=1.663 r2=-4.869 pcc=0.254 | ES 6/100
  Ep 115/300 | Tr loss=0.1128 mae=0.364 r2=0.724 pcc=0.854 | Vl loss=1.1825 mae=1.678 r2=-4.959 pcc=0.218 | ES 7/100
2026-06-12 12:52:35,341 | INFO |   Ep 115/300 | Tr loss=0.1128 mae=0.364 r2=0.724 pcc=0.854 | Vl loss=1.1825 mae=1.678 r2=-4.959 pcc=0.218 | ES 7/100
  Ep 116/300 | Tr loss=0.1368 mae=0.386 r2=0.637 pcc=0.803 | Vl loss=1.1736 mae=1.666 r2=-4.902 pcc=0.148 | ES 8/100
2026-06-12 12:52:40,168 | INFO |   Ep 116/300 | Tr loss=0.1368 mae=0.386 r2=0.637 pcc=0.803 | Vl loss=1.1736 mae=1.666 r2=-4.902 pcc=0.148 | ES 8/100
  Ep 117/300 | Tr loss=0.1132 mae=0.348 r2=0.697 pcc=0.836 | Vl loss=1.1496 mae=1.642 r2=-4.743 pcc=0.250 | ES 9/100
2026-06-12 12:52:44,986 | INFO |   Ep 117/300 | Tr loss=0.1132 mae=0.348 r2=0.697 pcc=0.836 | Vl loss=1.1496 mae=1.642 r2=-4.743 pcc=0.250 | ES 9/100
  Ep 118/300 | Tr loss=0.1172 mae=0.356 r2=0.689 pcc=0.831 | Vl loss=1.1421 mae=1.637 r2=-4.689 pcc=0.391 | ES 10/100
2026-06-12 12:52:49,979 | INFO |   Ep 118/300 | Tr loss=0.1172 mae=0.356 r2=0.689 pcc=0.831 | Vl loss=1.1421 mae=1.637 r2=-4.689 pcc=0.391 | ES 10/100
  Ep 119/300 | Tr loss=0.0989 mae=0.339 r2=0.762 pcc=0.873 | Vl loss=1.1829 mae=1.684 r2=-4.953 pcc=0.417 | ES 11/100
2026-06-12 12:52:54,805 | INFO |   Ep 119/300 | Tr loss=0.0989 mae=0.339 r2=0.762 pcc=0.873 | Vl loss=1.1829 mae=1.684 r2=-4.953 pcc=0.417 | ES 11/100
  Ep 120/300 | Tr loss=0.1186 mae=0.369 r2=0.641 pcc=0.811 | Vl loss=1.1515 mae=1.659 r2=-4.748 pcc=0.597 | ES 12/100
2026-06-12 12:52:59,678 | INFO |   Ep 120/300 | Tr loss=0.1186 mae=0.369 r2=0.641 pcc=0.811 | Vl loss=1.1515 mae=1.659 r2=-4.748 pcc=0.597 | ES 12/100
  Ep 121/300 | Tr loss=0.1336 mae=0.384 r2=0.648 pcc=0.808 | Vl loss=1.1663 mae=1.670 r2=-4.845 pcc=0.516 | ES 13/100
2026-06-12 12:53:04,503 | INFO |   Ep 121/300 | Tr loss=0.1336 mae=0.384 r2=0.648 pcc=0.808 | Vl loss=1.1663 mae=1.670 r2=-4.845 pcc=0.516 | ES 13/100
  Ep 122/300 | Tr loss=0.1216 mae=0.363 r2=0.659 pcc=0.814 | Vl loss=1.1480 mae=1.654 r2=-4.727 pcc=0.581 | ES 14/100
2026-06-12 12:53:09,384 | INFO |   Ep 122/300 | Tr loss=0.1216 mae=0.363 r2=0.659 pcc=0.814 | Vl loss=1.1480 mae=1.654 r2=-4.727 pcc=0.581 | ES 14/100
  Ep 123/300 | Tr loss=0.1102 mae=0.347 r2=0.724 pcc=0.853 | Vl loss=1.1513 mae=1.648 r2=-4.751 pcc=0.387 | ES 15/100
2026-06-12 12:53:14,250 | INFO |   Ep 123/300 | Tr loss=0.1102 mae=0.347 r2=0.724 pcc=0.853 | Vl loss=1.1513 mae=1.648 r2=-4.751 pcc=0.387 | ES 15/100
  Ep 124/300 | Tr loss=0.1172 mae=0.364 r2=0.696 pcc=0.835 | Vl loss=1.1453 mae=1.641 r2=-4.713 pcc=0.347 | ES 16/100
2026-06-12 12:53:19,045 | INFO |   Ep 124/300 | Tr loss=0.1172 mae=0.364 r2=0.696 pcc=0.835 | Vl loss=1.1453 mae=1.641 r2=-4.713 pcc=0.347 | ES 16/100
  Ep 125/300 | Tr loss=0.1034 mae=0.344 r2=0.719 pcc=0.851 | Vl loss=1.1405 mae=1.632 r2=-4.684 pcc=0.234 | ES 17/100
2026-06-12 12:53:23,847 | INFO |   Ep 125/300 | Tr loss=0.1034 mae=0.344 r2=0.719 pcc=0.851 | Vl loss=1.1405 mae=1.632 r2=-4.684 pcc=0.234 | ES 17/100
  Ep 126/300 | Tr loss=0.1080 mae=0.341 r2=0.736 pcc=0.858 | Vl loss=1.1043 mae=1.594 r2=-4.454 pcc=0.305 | ES 0/100 ★
2026-06-12 12:53:28,679 | INFO |   Ep 126/300 | Tr loss=0.1080 mae=0.341 r2=0.736 pcc=0.858 | Vl loss=1.1043 mae=1.594 r2=-4.454 pcc=0.305 | ES 0/100 ★
    ★ val_mae=1.5944  rmse=1.7543  r2=-4.4545  pcc=0.3052
  Ep 127/300 | Tr loss=0.1509 mae=0.409 r2=0.639 pcc=0.803 | Vl loss=1.1267 mae=1.620 r2=-4.595 pcc=0.320 | ES 1/100
2026-06-12 12:53:33,520 | INFO |   Ep 127/300 | Tr loss=0.1509 mae=0.409 r2=0.639 pcc=0.803 | Vl loss=1.1267 mae=1.620 r2=-4.595 pcc=0.320 | ES 1/100
  Ep 128/300 | Tr loss=0.1366 mae=0.383 r2=0.656 pcc=0.817 | Vl loss=1.1169 mae=1.621 r2=-4.530 pcc=0.550 | ES 2/100
2026-06-12 12:53:38,418 | INFO |   Ep 128/300 | Tr loss=0.1366 mae=0.383 r2=0.656 pcc=0.817 | Vl loss=1.1169 mae=1.621 r2=-4.530 pcc=0.550 | ES 2/100
  Ep 129/300 | Tr loss=0.1387 mae=0.404 r2=0.647 pcc=0.808 | Vl loss=1.1333 mae=1.639 r2=-4.634 pcc=0.577 | ES 3/100
2026-06-12 12:53:43,215 | INFO |   Ep 129/300 | Tr loss=0.1387 mae=0.404 r2=0.647 pcc=0.808 | Vl loss=1.1333 mae=1.639 r2=-4.634 pcc=0.577 | ES 3/100
  Ep 130/300 | Tr loss=0.1318 mae=0.386 r2=0.660 pcc=0.816 | Vl loss=1.1687 mae=1.670 r2=-4.860 pcc=0.490 | ES 4/100
2026-06-12 12:53:48,065 | INFO |   Ep 130/300 | Tr loss=0.1318 mae=0.386 r2=0.660 pcc=0.816 | Vl loss=1.1687 mae=1.670 r2=-4.860 pcc=0.490 | ES 4/100
  Ep 131/300 | Tr loss=0.1182 mae=0.369 r2=0.710 pcc=0.844 | Vl loss=1.1716 mae=1.667 r2=-4.883 pcc=0.322 | ES 5/100
2026-06-12 12:53:52,867 | INFO |   Ep 131/300 | Tr loss=0.1182 mae=0.369 r2=0.710 pcc=0.844 | Vl loss=1.1716 mae=1.667 r2=-4.883 pcc=0.322 | ES 5/100
  Ep 132/300 | Tr loss=0.1064 mae=0.360 r2=0.732 pcc=0.856 | Vl loss=1.1596 mae=1.652 r2=-4.807 pcc=0.235 | ES 6/100
2026-06-12 12:53:57,696 | INFO |   Ep 132/300 | Tr loss=0.1064 mae=0.360 r2=0.732 pcc=0.856 | Vl loss=1.1596 mae=1.652 r2=-4.807 pcc=0.235 | ES 6/100
  Ep 133/300 | Tr loss=0.1234 mae=0.366 r2=0.667 pcc=0.822 | Vl loss=1.1842 mae=1.672 r2=-4.971 pcc=-0.085 | ES 7/100
2026-06-12 12:54:02,512 | INFO |   Ep 133/300 | Tr loss=0.1234 mae=0.366 r2=0.667 pcc=0.822 | Vl loss=1.1842 mae=1.672 r2=-4.971 pcc=-0.085 | ES 7/100
  Ep 134/300 | Tr loss=0.1166 mae=0.360 r2=0.677 pcc=0.825 | Vl loss=1.1721 mae=1.657 r2=-4.892 pcc=-0.118 | ES 8/100
2026-06-12 12:54:07,329 | INFO |   Ep 134/300 | Tr loss=0.1166 mae=0.360 r2=0.677 pcc=0.825 | Vl loss=1.1721 mae=1.657 r2=-4.892 pcc=-0.118 | ES 8/100
  Ep 135/300 | Tr loss=0.1175 mae=0.355 r2=0.708 pcc=0.842 | Vl loss=1.1835 mae=1.674 r2=-4.966 pcc=0.046 | ES 9/100
2026-06-12 12:54:12,136 | INFO |   Ep 135/300 | Tr loss=0.1175 mae=0.355 r2=0.708 pcc=0.842 | Vl loss=1.1835 mae=1.674 r2=-4.966 pcc=0.046 | ES 9/100
  Ep 136/300 | Tr loss=0.1093 mae=0.353 r2=0.694 pcc=0.838 | Vl loss=1.1876 mae=1.682 r2=-4.992 pcc=0.182 | ES 10/100
2026-06-12 12:54:16,945 | INFO |   Ep 136/300 | Tr loss=0.1093 mae=0.353 r2=0.694 pcc=0.838 | Vl loss=1.1876 mae=1.682 r2=-4.992 pcc=0.182 | ES 10/100
  Ep 137/300 | Tr loss=0.0868 mae=0.317 r2=0.759 pcc=0.871 | Vl loss=1.1593 mae=1.660 r2=-4.800 pcc=0.468 | ES 11/100
2026-06-12 12:54:21,746 | INFO |   Ep 137/300 | Tr loss=0.0868 mae=0.317 r2=0.759 pcc=0.871 | Vl loss=1.1593 mae=1.660 r2=-4.800 pcc=0.468 | ES 11/100
  Ep 138/300 | Tr loss=0.1087 mae=0.356 r2=0.698 pcc=0.839 | Vl loss=1.1458 mae=1.658 r2=-4.713 pcc=0.631 | ES 12/100
2026-06-12 12:54:26,611 | INFO |   Ep 138/300 | Tr loss=0.1087 mae=0.356 r2=0.698 pcc=0.839 | Vl loss=1.1458 mae=1.658 r2=-4.713 pcc=0.631 | ES 12/100
  Ep 139/300 | Tr loss=0.1068 mae=0.352 r2=0.739 pcc=0.860 | Vl loss=1.1824 mae=1.698 r2=-4.947 pcc=0.636 | ES 13/100
2026-06-12 12:54:31,475 | INFO |   Ep 139/300 | Tr loss=0.1068 mae=0.352 r2=0.739 pcc=0.860 | Vl loss=1.1824 mae=1.698 r2=-4.947 pcc=0.636 | ES 13/100
  Ep 140/300 | Tr loss=0.0938 mae=0.330 r2=0.748 pcc=0.868 | Vl loss=1.2095 mae=1.717 r2=-5.128 pcc=0.514 | ES 14/100
2026-06-12 12:54:36,284 | INFO |   Ep 140/300 | Tr loss=0.0938 mae=0.330 r2=0.748 pcc=0.868 | Vl loss=1.2095 mae=1.717 r2=-5.128 pcc=0.514 | ES 14/100
  Ep 141/300 | Tr loss=0.1236 mae=0.379 r2=0.706 pcc=0.842 | Vl loss=1.1919 mae=1.694 r2=-5.015 pcc=0.414 | ES 15/100
2026-06-12 12:54:41,089 | INFO |   Ep 141/300 | Tr loss=0.1236 mae=0.379 r2=0.706 pcc=0.842 | Vl loss=1.1919 mae=1.694 r2=-5.015 pcc=0.414 | ES 15/100
  Ep 142/300 | Tr loss=0.1208 mae=0.371 r2=0.694 pcc=0.835 | Vl loss=1.1359 mae=1.646 r2=-4.649 pcc=0.619 | ES 16/100
2026-06-12 12:54:45,903 | INFO |   Ep 142/300 | Tr loss=0.1208 mae=0.371 r2=0.694 pcc=0.835 | Vl loss=1.1359 mae=1.646 r2=-4.649 pcc=0.619 | ES 16/100
  Ep 143/300 | Tr loss=0.1351 mae=0.391 r2=0.646 pcc=0.806 | Vl loss=1.0891 mae=1.604 r2=-4.358 pcc=0.678 | ES 17/100
2026-06-12 12:54:50,718 | INFO |   Ep 143/300 | Tr loss=0.1351 mae=0.391 r2=0.646 pcc=0.806 | Vl loss=1.0891 mae=1.604 r2=-4.358 pcc=0.678 | ES 17/100
  Ep 144/300 | Tr loss=0.1240 mae=0.385 r2=0.696 pcc=0.835 | Vl loss=1.1525 mae=1.666 r2=-4.753 pcc=0.630 | ES 18/100
2026-06-12 12:54:55,520 | INFO |   Ep 144/300 | Tr loss=0.1240 mae=0.385 r2=0.696 pcc=0.835 | Vl loss=1.1525 mae=1.666 r2=-4.753 pcc=0.630 | ES 18/100
  Ep 145/300 | Tr loss=0.1054 mae=0.349 r2=0.719 pcc=0.849 | Vl loss=1.1311 mae=1.647 r2=-4.618 pcc=0.657 | ES 19/100
2026-06-12 12:55:00,327 | INFO |   Ep 145/300 | Tr loss=0.1054 mae=0.349 r2=0.719 pcc=0.849 | Vl loss=1.1311 mae=1.647 r2=-4.618 pcc=0.657 | ES 19/100
  Ep 146/300 | Tr loss=0.1418 mae=0.401 r2=0.613 pcc=0.797 | Vl loss=1.1389 mae=1.647 r2=-4.672 pcc=0.596 | ES 20/100
2026-06-12 12:55:05,137 | INFO |   Ep 146/300 | Tr loss=0.1418 mae=0.401 r2=0.613 pcc=0.797 | Vl loss=1.1389 mae=1.647 r2=-4.672 pcc=0.596 | ES 20/100
  Ep 147/300 | Tr loss=0.1225 mae=0.372 r2=0.708 pcc=0.842 | Vl loss=1.1119 mae=1.618 r2=-4.501 pcc=0.588 | ES 21/100
2026-06-12 12:55:09,975 | INFO |   Ep 147/300 | Tr loss=0.1225 mae=0.372 r2=0.708 pcc=0.842 | Vl loss=1.1119 mae=1.618 r2=-4.501 pcc=0.588 | ES 21/100
  Ep 148/300 | Tr loss=0.1142 mae=0.359 r2=0.704 pcc=0.839 | Vl loss=1.1162 mae=1.630 r2=-4.525 pcc=0.645 | ES 22/100
2026-06-12 12:55:14,782 | INFO |   Ep 148/300 | Tr loss=0.1142 mae=0.359 r2=0.704 pcc=0.839 | Vl loss=1.1162 mae=1.630 r2=-4.525 pcc=0.645 | ES 22/100
  Ep 149/300 | Tr loss=0.1318 mae=0.390 r2=0.664 pcc=0.818 | Vl loss=1.1321 mae=1.648 r2=-4.625 pcc=0.649 | ES 23/100
2026-06-12 12:55:19,593 | INFO |   Ep 149/300 | Tr loss=0.1318 mae=0.390 r2=0.664 pcc=0.818 | Vl loss=1.1321 mae=1.648 r2=-4.625 pcc=0.649 | ES 23/100
  Ep 150/300 | Tr loss=0.0967 mae=0.339 r2=0.764 pcc=0.874 | Vl loss=1.1865 mae=1.696 r2=-4.979 pcc=0.545 | ES 24/100
2026-06-12 12:55:24,600 | INFO |   Ep 150/300 | Tr loss=0.0967 mae=0.339 r2=0.764 pcc=0.874 | Vl loss=1.1865 mae=1.696 r2=-4.979 pcc=0.545 | ES 24/100
  Ep 151/300 | Tr loss=0.0975 mae=0.341 r2=0.765 pcc=0.877 | Vl loss=1.1740 mae=1.675 r2=-4.899 pcc=0.415 | ES 25/100
2026-06-12 12:55:29,404 | INFO |   Ep 151/300 | Tr loss=0.0975 mae=0.341 r2=0.765 pcc=0.877 | Vl loss=1.1740 mae=1.675 r2=-4.899 pcc=0.415 | ES 25/100
  Ep 152/300 | Tr loss=0.0957 mae=0.324 r2=0.753 pcc=0.871 | Vl loss=1.1474 mae=1.647 r2=-4.729 pcc=0.457 | ES 26/100
2026-06-12 12:55:34,207 | INFO |   Ep 152/300 | Tr loss=0.0957 mae=0.324 r2=0.753 pcc=0.871 | Vl loss=1.1474 mae=1.647 r2=-4.729 pcc=0.457 | ES 26/100
  Ep 153/300 | Tr loss=0.0990 mae=0.341 r2=0.726 pcc=0.852 | Vl loss=1.1261 mae=1.628 r2=-4.588 pcc=0.546 | ES 27/100
2026-06-12 12:55:39,106 | INFO |   Ep 153/300 | Tr loss=0.0990 mae=0.341 r2=0.726 pcc=0.852 | Vl loss=1.1261 mae=1.628 r2=-4.588 pcc=0.546 | ES 27/100
  Ep 154/300 | Tr loss=0.1206 mae=0.353 r2=0.679 pcc=0.829 | Vl loss=1.1199 mae=1.618 r2=-4.550 pcc=0.493 | ES 28/100
2026-06-12 12:55:43,935 | INFO |   Ep 154/300 | Tr loss=0.1206 mae=0.353 r2=0.679 pcc=0.829 | Vl loss=1.1199 mae=1.618 r2=-4.550 pcc=0.493 | ES 28/100
  Ep 155/300 | Tr loss=0.1010 mae=0.332 r2=0.727 pcc=0.855 | Vl loss=1.1407 mae=1.638 r2=-4.685 pcc=0.417 | ES 29/100
2026-06-12 12:55:48,937 | INFO |   Ep 155/300 | Tr loss=0.1010 mae=0.332 r2=0.727 pcc=0.855 | Vl loss=1.1407 mae=1.638 r2=-4.685 pcc=0.417 | ES 29/100
  Ep 156/300 | Tr loss=0.1162 mae=0.362 r2=0.666 pcc=0.818 | Vl loss=1.1473 mae=1.648 r2=-4.725 pcc=0.487 | ES 30/100
2026-06-12 12:55:53,849 | INFO |   Ep 156/300 | Tr loss=0.1162 mae=0.362 r2=0.666 pcc=0.818 | Vl loss=1.1473 mae=1.648 r2=-4.725 pcc=0.487 | ES 30/100
  Ep 157/300 | Tr loss=0.1251 mae=0.380 r2=0.669 pcc=0.820 | Vl loss=1.1579 mae=1.657 r2=-4.793 pcc=0.443 | ES 31/100
2026-06-12 12:55:58,781 | INFO |   Ep 157/300 | Tr loss=0.1251 mae=0.380 r2=0.669 pcc=0.820 | Vl loss=1.1579 mae=1.657 r2=-4.793 pcc=0.443 | ES 31/100
  Ep 158/300 | Tr loss=0.1190 mae=0.372 r2=0.694 pcc=0.834 | Vl loss=1.2043 mae=1.703 r2=-5.097 pcc=0.294 | ES 32/100
2026-06-12 12:56:03,676 | INFO |   Ep 158/300 | Tr loss=0.1190 mae=0.372 r2=0.694 pcc=0.834 | Vl loss=1.2043 mae=1.703 r2=-5.097 pcc=0.294 | ES 32/100
  Ep 159/300 | Tr loss=0.1058 mae=0.351 r2=0.702 pcc=0.840 | Vl loss=1.1699 mae=1.671 r2=-4.870 pcc=0.447 | ES 33/100
2026-06-12 12:56:08,760 | INFO |   Ep 159/300 | Tr loss=0.1058 mae=0.351 r2=0.702 pcc=0.840 | Vl loss=1.1699 mae=1.671 r2=-4.870 pcc=0.447 | ES 33/100
  Ep 160/300 | Tr loss=0.1010 mae=0.340 r2=0.723 pcc=0.853 | Vl loss=1.1322 mae=1.631 r2=-4.629 pcc=0.455 | ES 34/100
2026-06-12 12:56:13,797 | INFO |   Ep 160/300 | Tr loss=0.1010 mae=0.340 r2=0.723 pcc=0.853 | Vl loss=1.1322 mae=1.631 r2=-4.629 pcc=0.455 | ES 34/100
  Ep 161/300 | Tr loss=0.1079 mae=0.350 r2=0.722 pcc=0.851 | Vl loss=1.1096 mae=1.609 r2=-4.483 pcc=0.515 | ES 35/100
2026-06-12 12:56:18,711 | INFO |   Ep 161/300 | Tr loss=0.1079 mae=0.350 r2=0.722 pcc=0.851 | Vl loss=1.1096 mae=1.609 r2=-4.483 pcc=0.515 | ES 35/100
  Ep 162/300 | Tr loss=0.1345 mae=0.385 r2=0.638 pcc=0.807 | Vl loss=1.1302 mae=1.623 r2=-4.623 pcc=0.260 | ES 36/100
2026-06-12 12:56:23,638 | INFO |   Ep 162/300 | Tr loss=0.1345 mae=0.385 r2=0.638 pcc=0.807 | Vl loss=1.1302 mae=1.623 r2=-4.623 pcc=0.260 | ES 36/100
  Ep 163/300 | Tr loss=0.1077 mae=0.344 r2=0.703 pcc=0.839 | Vl loss=1.1229 mae=1.615 r2=-4.575 pcc=0.273 | ES 37/100
2026-06-12 12:56:28,615 | INFO |   Ep 163/300 | Tr loss=0.1077 mae=0.344 r2=0.703 pcc=0.839 | Vl loss=1.1229 mae=1.615 r2=-4.575 pcc=0.273 | ES 37/100
  Ep 164/300 | Tr loss=0.1144 mae=0.353 r2=0.664 pcc=0.818 | Vl loss=1.1066 mae=1.598 r2=-4.471 pcc=0.299 | ES 38/100
2026-06-12 12:56:33,547 | INFO |   Ep 164/300 | Tr loss=0.1144 mae=0.353 r2=0.664 pcc=0.818 | Vl loss=1.1066 mae=1.598 r2=-4.471 pcc=0.299 | ES 38/100
  Ep 165/300 | Tr loss=0.1191 mae=0.370 r2=0.695 pcc=0.835 | Vl loss=1.1202 mae=1.606 r2=-4.559 pcc=0.101 | ES 39/100
2026-06-12 12:56:38,437 | INFO |   Ep 165/300 | Tr loss=0.1191 mae=0.370 r2=0.695 pcc=0.835 | Vl loss=1.1202 mae=1.606 r2=-4.559 pcc=0.101 | ES 39/100
  Ep 166/300 | Tr loss=0.1153 mae=0.365 r2=0.722 pcc=0.849 | Vl loss=1.1478 mae=1.640 r2=-4.735 pcc=0.188 | ES 40/100
2026-06-12 12:56:43,330 | INFO |   Ep 166/300 | Tr loss=0.1153 mae=0.365 r2=0.722 pcc=0.849 | Vl loss=1.1478 mae=1.640 r2=-4.735 pcc=0.188 | ES 40/100
  Ep 167/300 | Tr loss=0.1181 mae=0.366 r2=0.724 pcc=0.852 | Vl loss=1.2082 mae=1.702 r2=-5.131 pcc=0.061 | ES 41/100
2026-06-12 12:56:48,198 | INFO |   Ep 167/300 | Tr loss=0.1181 mae=0.366 r2=0.724 pcc=0.852 | Vl loss=1.2082 mae=1.702 r2=-5.131 pcc=0.061 | ES 41/100
  Ep 168/300 | Tr loss=0.1363 mae=0.384 r2=0.611 pcc=0.786 | Vl loss=1.1733 mae=1.668 r2=-4.900 pcc=0.203 | ES 42/100
2026-06-12 12:56:53,079 | INFO |   Ep 168/300 | Tr loss=0.1363 mae=0.384 r2=0.611 pcc=0.786 | Vl loss=1.1733 mae=1.668 r2=-4.900 pcc=0.203 | ES 42/100
  Ep 169/300 | Tr loss=0.1068 mae=0.345 r2=0.737 pcc=0.859 | Vl loss=1.1907 mae=1.683 r2=-5.017 pcc=0.055 | ES 43/100
2026-06-12 12:56:58,221 | INFO |   Ep 169/300 | Tr loss=0.1068 mae=0.345 r2=0.737 pcc=0.859 | Vl loss=1.1907 mae=1.683 r2=-5.017 pcc=0.055 | ES 43/100
  Ep 170/300 | Tr loss=0.0946 mae=0.332 r2=0.775 pcc=0.880 | Vl loss=1.1791 mae=1.670 r2=-4.937 pcc=0.068 | ES 44/100
2026-06-12 12:57:03,344 | INFO |   Ep 170/300 | Tr loss=0.0946 mae=0.332 r2=0.775 pcc=0.880 | Vl loss=1.1791 mae=1.670 r2=-4.937 pcc=0.068 | ES 44/100
  Ep 171/300 | Tr loss=0.0901 mae=0.320 r2=0.755 pcc=0.871 | Vl loss=1.1881 mae=1.681 r2=-4.993 pcc=0.114 | ES 45/100
2026-06-12 12:57:08,274 | INFO |   Ep 171/300 | Tr loss=0.0901 mae=0.320 r2=0.755 pcc=0.871 | Vl loss=1.1881 mae=1.681 r2=-4.993 pcc=0.114 | ES 45/100
  Ep 172/300 | Tr loss=0.1282 mae=0.373 r2=0.645 pcc=0.811 | Vl loss=1.1868 mae=1.674 r2=-4.985 pcc=-0.040 | ES 46/100
2026-06-12 12:57:13,262 | INFO |   Ep 172/300 | Tr loss=0.1282 mae=0.373 r2=0.645 pcc=0.811 | Vl loss=1.1868 mae=1.674 r2=-4.985 pcc=-0.040 | ES 46/100
  Ep 173/300 | Tr loss=0.1363 mae=0.395 r2=0.655 pcc=0.813 | Vl loss=1.1516 mae=1.632 r2=-4.758 pcc=-0.137 | ES 47/100
2026-06-12 12:57:18,339 | INFO |   Ep 173/300 | Tr loss=0.1363 mae=0.395 r2=0.655 pcc=0.813 | Vl loss=1.1516 mae=1.632 r2=-4.758 pcc=-0.137 | ES 47/100
  Ep 174/300 | Tr loss=0.1087 mae=0.330 r2=0.694 pcc=0.834 | Vl loss=1.1193 mae=1.597 r2=-4.554 pcc=-0.128 | ES 48/100
2026-06-12 12:57:23,308 | INFO |   Ep 174/300 | Tr loss=0.1087 mae=0.330 r2=0.694 pcc=0.834 | Vl loss=1.1193 mae=1.597 r2=-4.554 pcc=-0.128 | ES 48/100
  Ep 175/300 | Tr loss=0.1018 mae=0.338 r2=0.736 pcc=0.858 | Vl loss=1.1115 mae=1.588 r2=-4.503 pcc=-0.120 | ES 0/100 ★
2026-06-12 12:57:28,225 | INFO |   Ep 175/300 | Tr loss=0.1018 mae=0.338 r2=0.736 pcc=0.858 | Vl loss=1.1115 mae=1.588 r2=-4.503 pcc=-0.120 | ES 0/100 ★
    ★ val_mae=1.5881  rmse=1.7621  r2=-4.5028  pcc=-0.1200
  Ep 176/300 | Tr loss=0.1233 mae=0.365 r2=0.678 pcc=0.826 | Vl loss=1.1381 mae=1.618 r2=-4.672 pcc=-0.140 | ES 1/100
2026-06-12 12:57:33,206 | INFO |   Ep 176/300 | Tr loss=0.1233 mae=0.365 r2=0.678 pcc=0.826 | Vl loss=1.1381 mae=1.618 r2=-4.672 pcc=-0.140 | ES 1/100
  Ep 177/300 | Tr loss=0.1125 mae=0.342 r2=0.713 pcc=0.846 | Vl loss=1.1445 mae=1.617 r2=-4.720 pcc=-0.359 | ES 2/100
2026-06-12 12:57:38,341 | INFO |   Ep 177/300 | Tr loss=0.1125 mae=0.342 r2=0.713 pcc=0.846 | Vl loss=1.1445 mae=1.617 r2=-4.720 pcc=-0.359 | ES 2/100
  Ep 178/300 | Tr loss=0.0990 mae=0.329 r2=0.740 pcc=0.863 | Vl loss=1.1263 mae=1.601 r2=-4.600 pcc=-0.252 | ES 3/100
2026-06-12 12:57:43,354 | INFO |   Ep 178/300 | Tr loss=0.0990 mae=0.329 r2=0.740 pcc=0.863 | Vl loss=1.1263 mae=1.601 r2=-4.600 pcc=-0.252 | ES 3/100
  Ep 179/300 | Tr loss=0.1048 mae=0.337 r2=0.702 pcc=0.840 | Vl loss=1.1104 mae=1.592 r2=-4.494 pcc=0.018 | ES 4/100
2026-06-12 12:57:48,227 | INFO |   Ep 179/300 | Tr loss=0.1048 mae=0.337 r2=0.702 pcc=0.840 | Vl loss=1.1104 mae=1.592 r2=-4.494 pcc=0.018 | ES 4/100
  Ep 180/300 | Tr loss=0.0997 mae=0.329 r2=0.737 pcc=0.859 | Vl loss=1.1255 mae=1.610 r2=-4.590 pcc=0.053 | ES 5/100
2026-06-12 12:57:53,289 | INFO |   Ep 180/300 | Tr loss=0.0997 mae=0.329 r2=0.737 pcc=0.859 | Vl loss=1.1255 mae=1.610 r2=-4.590 pcc=0.053 | ES 5/100
  Ep 181/300 | Tr loss=0.1320 mae=0.390 r2=0.639 pcc=0.808 | Vl loss=1.1146 mae=1.594 r2=-4.525 pcc=-0.097 | ES 6/100
2026-06-12 12:57:58,232 | INFO |   Ep 181/300 | Tr loss=0.1320 mae=0.390 r2=0.639 pcc=0.808 | Vl loss=1.1146 mae=1.594 r2=-4.525 pcc=-0.097 | ES 6/100
  Ep 182/300 | Tr loss=0.1124 mae=0.353 r2=0.693 pcc=0.833 | Vl loss=1.0780 mae=1.558 r2=-4.289 pcc=0.100 | ES 0/100 ★
2026-06-12 12:58:03,356 | INFO |   Ep 182/300 | Tr loss=0.1124 mae=0.353 r2=0.693 pcc=0.833 | Vl loss=1.0780 mae=1.558 r2=-4.289 pcc=0.100 | ES 0/100 ★
    ★ val_mae=1.5575  rmse=1.7276  r2=-4.2895  pcc=0.1000
  Ep 183/300 | Tr loss=0.1304 mae=0.384 r2=0.707 pcc=0.842 | Vl loss=1.0896 mae=1.570 r2=-4.363 pcc=0.070 | ES 1/100
2026-06-12 12:58:08,214 | INFO |   Ep 183/300 | Tr loss=0.1304 mae=0.384 r2=0.707 pcc=0.842 | Vl loss=1.0896 mae=1.570 r2=-4.363 pcc=0.070 | ES 1/100
  Ep 184/300 | Tr loss=0.1172 mae=0.350 r2=0.669 pcc=0.821 | Vl loss=1.0960 mae=1.575 r2=-4.404 pcc=0.012 | ES 2/100
2026-06-12 12:58:13,076 | INFO |   Ep 184/300 | Tr loss=0.1172 mae=0.350 r2=0.669 pcc=0.821 | Vl loss=1.0960 mae=1.575 r2=-4.404 pcc=0.012 | ES 2/100
  Ep 185/300 | Tr loss=0.1177 mae=0.361 r2=0.688 pcc=0.833 | Vl loss=1.1129 mae=1.592 r2=-4.516 pcc=-0.086 | ES 3/100
2026-06-12 12:58:17,938 | INFO |   Ep 185/300 | Tr loss=0.1177 mae=0.361 r2=0.688 pcc=0.833 | Vl loss=1.1129 mae=1.592 r2=-4.516 pcc=-0.086 | ES 3/100
  Ep 186/300 | Tr loss=0.1242 mae=0.372 r2=0.686 pcc=0.829 | Vl loss=1.0960 mae=1.578 r2=-4.408 pcc=0.085 | ES 4/100
2026-06-12 12:58:22,806 | INFO |   Ep 186/300 | Tr loss=0.1242 mae=0.372 r2=0.686 pcc=0.829 | Vl loss=1.0960 mae=1.578 r2=-4.408 pcc=0.085 | ES 4/100
  Ep 187/300 | Tr loss=0.1095 mae=0.351 r2=0.714 pcc=0.847 | Vl loss=1.0978 mae=1.580 r2=-4.425 pcc=0.036 | ES 5/100
2026-06-12 12:58:27,812 | INFO |   Ep 187/300 | Tr loss=0.1095 mae=0.351 r2=0.714 pcc=0.847 | Vl loss=1.0978 mae=1.580 r2=-4.425 pcc=0.036 | ES 5/100
  Ep 188/300 | Tr loss=0.0887 mae=0.329 r2=0.760 pcc=0.873 | Vl loss=1.0512 mae=1.530 r2=-4.124 pcc=0.177 | ES 0/100 ★
2026-06-12 12:58:32,683 | INFO |   Ep 188/300 | Tr loss=0.0887 mae=0.329 r2=0.760 pcc=0.873 | Vl loss=1.0512 mae=1.530 r2=-4.124 pcc=0.177 | ES 0/100 ★
    ★ val_mae=1.5300  rmse=1.7004  r2=-4.1239  pcc=0.1772
  Ep 189/300 | Tr loss=0.1088 mae=0.344 r2=0.700 pcc=0.838 | Vl loss=1.0535 mae=1.534 r2=-4.142 pcc=0.189 | ES 1/100
2026-06-12 12:58:37,534 | INFO |   Ep 189/300 | Tr loss=0.1088 mae=0.344 r2=0.700 pcc=0.838 | Vl loss=1.0535 mae=1.534 r2=-4.142 pcc=0.189 | ES 1/100
  Ep 190/300 | Tr loss=0.1106 mae=0.343 r2=0.727 pcc=0.854 | Vl loss=1.0591 mae=1.540 r2=-4.179 pcc=0.163 | ES 2/100
2026-06-12 12:58:42,424 | INFO |   Ep 190/300 | Tr loss=0.1106 mae=0.343 r2=0.727 pcc=0.854 | Vl loss=1.0591 mae=1.540 r2=-4.179 pcc=0.163 | ES 2/100
  Ep 191/300 | Tr loss=0.1454 mae=0.409 r2=0.630 pcc=0.797 | Vl loss=1.0935 mae=1.574 r2=-4.396 pcc=0.024 | ES 3/100
2026-06-12 12:58:47,510 | INFO |   Ep 191/300 | Tr loss=0.1454 mae=0.409 r2=0.630 pcc=0.797 | Vl loss=1.0935 mae=1.574 r2=-4.396 pcc=0.024 | ES 3/100
  Ep 192/300 | Tr loss=0.1217 mae=0.363 r2=0.680 pcc=0.827 | Vl loss=1.0853 mae=1.564 r2=-4.341 pcc=0.012 | ES 4/100
2026-06-12 12:58:52,367 | INFO |   Ep 192/300 | Tr loss=0.1217 mae=0.363 r2=0.680 pcc=0.827 | Vl loss=1.0853 mae=1.564 r2=-4.341 pcc=0.012 | ES 4/100
  Ep 193/300 | Tr loss=0.1021 mae=0.339 r2=0.750 pcc=0.867 | Vl loss=1.1102 mae=1.593 r2=-4.497 pcc=0.051 | ES 5/100
2026-06-12 12:58:57,220 | INFO |   Ep 193/300 | Tr loss=0.1021 mae=0.339 r2=0.750 pcc=0.867 | Vl loss=1.1102 mae=1.593 r2=-4.497 pcc=0.051 | ES 5/100
  Ep 194/300 | Tr loss=0.1074 mae=0.347 r2=0.748 pcc=0.866 | Vl loss=1.1545 mae=1.640 r2=-4.784 pcc=-0.053 | ES 6/100
2026-06-12 12:59:02,216 | INFO |   Ep 194/300 | Tr loss=0.1074 mae=0.347 r2=0.748 pcc=0.866 | Vl loss=1.1545 mae=1.640 r2=-4.784 pcc=-0.053 | ES 6/100
  Ep 195/300 | Tr loss=0.1541 mae=0.413 r2=0.607 pcc=0.783 | Vl loss=1.1365 mae=1.617 r2=-4.668 pcc=-0.137 | ES 7/100
2026-06-12 12:59:07,102 | INFO |   Ep 195/300 | Tr loss=0.1541 mae=0.413 r2=0.607 pcc=0.783 | Vl loss=1.1365 mae=1.617 r2=-4.668 pcc=-0.137 | ES 7/100
  Ep 196/300 | Tr loss=0.0960 mae=0.331 r2=0.745 pcc=0.864 | Vl loss=1.1074 mae=1.577 r2=-4.486 pcc=-0.326 | ES 8/100
2026-06-12 12:59:12,016 | INFO |   Ep 196/300 | Tr loss=0.0960 mae=0.331 r2=0.745 pcc=0.864 | Vl loss=1.1074 mae=1.577 r2=-4.486 pcc=-0.326 | ES 8/100
  Ep 197/300 | Tr loss=0.0957 mae=0.327 r2=0.774 pcc=0.880 | Vl loss=1.1190 mae=1.584 r2=-4.563 pcc=-0.431 | ES 9/100
2026-06-12 12:59:16,906 | INFO |   Ep 197/300 | Tr loss=0.0957 mae=0.327 r2=0.774 pcc=0.880 | Vl loss=1.1190 mae=1.584 r2=-4.563 pcc=-0.431 | ES 9/100
  Ep 198/300 | Tr loss=0.1276 mae=0.380 r2=0.703 pcc=0.840 | Vl loss=1.1613 mae=1.642 r2=-4.831 pcc=-0.201 | ES 10/100
2026-06-12 12:59:21,768 | INFO |   Ep 198/300 | Tr loss=0.1276 mae=0.380 r2=0.703 pcc=0.840 | Vl loss=1.1613 mae=1.642 r2=-4.831 pcc=-0.201 | ES 10/100
  Ep 199/300 | Tr loss=0.1051 mae=0.348 r2=0.715 pcc=0.851 | Vl loss=1.1701 mae=1.655 r2=-4.888 pcc=-0.131 | ES 11/100
2026-06-12 12:59:26,627 | INFO |   Ep 199/300 | Tr loss=0.1051 mae=0.348 r2=0.715 pcc=0.851 | Vl loss=1.1701 mae=1.655 r2=-4.888 pcc=-0.131 | ES 11/100
  Ep 200/300 | Tr loss=0.1325 mae=0.395 r2=0.661 pcc=0.815 | Vl loss=1.1513 mae=1.624 r2=-4.769 pcc=-0.368 | ES 12/100
2026-06-12 12:59:31,513 | INFO |   Ep 200/300 | Tr loss=0.1325 mae=0.395 r2=0.661 pcc=0.815 | Vl loss=1.1513 mae=1.624 r2=-4.769 pcc=-0.368 | ES 12/100
  Ep 201/300 | Tr loss=0.1304 mae=0.381 r2=0.653 pcc=0.809 | Vl loss=1.1086 mae=1.583 r2=-4.491 pcc=-0.211 | ES 13/100
2026-06-12 12:59:36,391 | INFO |   Ep 201/300 | Tr loss=0.1304 mae=0.381 r2=0.653 pcc=0.809 | Vl loss=1.1086 mae=1.583 r2=-4.491 pcc=-0.211 | ES 13/100
  Ep 202/300 | Tr loss=0.1177 mae=0.360 r2=0.694 pcc=0.834 | Vl loss=1.1017 mae=1.572 r2=-4.450 pcc=-0.270 | ES 14/100
2026-06-12 12:59:41,299 | INFO |   Ep 202/300 | Tr loss=0.1177 mae=0.360 r2=0.694 pcc=0.834 | Vl loss=1.1017 mae=1.572 r2=-4.450 pcc=-0.270 | ES 14/100
  Ep 203/300 | Tr loss=0.1086 mae=0.344 r2=0.720 pcc=0.853 | Vl loss=1.1034 mae=1.568 r2=-4.463 pcc=-0.365 | ES 15/100
2026-06-12 12:59:46,197 | INFO |   Ep 203/300 | Tr loss=0.1086 mae=0.344 r2=0.720 pcc=0.853 | Vl loss=1.1034 mae=1.568 r2=-4.463 pcc=-0.365 | ES 15/100
  Ep 204/300 | Tr loss=0.1005 mae=0.326 r2=0.743 pcc=0.862 | Vl loss=1.0904 mae=1.563 r2=-4.378 pcc=-0.171 | ES 16/100
2026-06-12 12:59:51,068 | INFO |   Ep 204/300 | Tr loss=0.1005 mae=0.326 r2=0.743 pcc=0.862 | Vl loss=1.0904 mae=1.563 r2=-4.378 pcc=-0.171 | ES 16/100
  Ep 205/300 | Tr loss=0.1187 mae=0.360 r2=0.687 pcc=0.830 | Vl loss=1.1060 mae=1.579 r2=-4.478 pcc=-0.216 | ES 17/100
2026-06-12 12:59:55,941 | INFO |   Ep 205/300 | Tr loss=0.1187 mae=0.360 r2=0.687 pcc=0.830 | Vl loss=1.1060 mae=1.579 r2=-4.478 pcc=-0.216 | ES 17/100
  Ep 206/300 | Tr loss=0.1133 mae=0.346 r2=0.693 pcc=0.837 | Vl loss=1.0895 mae=1.563 r2=-4.372 pcc=-0.149 | ES 18/100
2026-06-12 13:00:00,795 | INFO |   Ep 206/300 | Tr loss=0.1133 mae=0.346 r2=0.693 pcc=0.837 | Vl loss=1.0895 mae=1.563 r2=-4.372 pcc=-0.149 | ES 18/100
  Ep 207/300 | Tr loss=0.1199 mae=0.373 r2=0.691 pcc=0.833 | Vl loss=1.0888 mae=1.565 r2=-4.365 pcc=-0.074 | ES 19/100
2026-06-12 13:00:05,705 | INFO |   Ep 207/300 | Tr loss=0.1199 mae=0.373 r2=0.691 pcc=0.833 | Vl loss=1.0888 mae=1.565 r2=-4.365 pcc=-0.074 | ES 19/100
  Ep 208/300 | Tr loss=0.1133 mae=0.355 r2=0.704 pcc=0.840 | Vl loss=1.1033 mae=1.583 r2=-4.457 pcc=-0.029 | ES 20/100
2026-06-12 13:00:10,567 | INFO |   Ep 208/300 | Tr loss=0.1133 mae=0.355 r2=0.704 pcc=0.840 | Vl loss=1.1033 mae=1.583 r2=-4.457 pcc=-0.029 | ES 20/100
  Ep 209/300 | Tr loss=0.1296 mae=0.382 r2=0.671 pcc=0.822 | Vl loss=1.1074 mae=1.586 r2=-4.481 pcc=-0.085 | ES 21/100
2026-06-12 13:00:15,427 | INFO |   Ep 209/300 | Tr loss=0.1296 mae=0.382 r2=0.671 pcc=0.822 | Vl loss=1.1074 mae=1.586 r2=-4.481 pcc=-0.085 | ES 21/100
  Ep 210/300 | Tr loss=0.1280 mae=0.379 r2=0.669 pcc=0.820 | Vl loss=1.1203 mae=1.599 r2=-4.563 pcc=-0.124 | ES 22/100
2026-06-12 13:00:20,288 | INFO |   Ep 210/300 | Tr loss=0.1280 mae=0.379 r2=0.669 pcc=0.820 | Vl loss=1.1203 mae=1.599 r2=-4.563 pcc=-0.124 | ES 22/100
  Ep 211/300 | Tr loss=0.0937 mae=0.327 r2=0.753 pcc=0.868 | Vl loss=1.1096 mae=1.591 r2=-4.493 pcc=0.004 | ES 23/100
2026-06-12 13:00:25,153 | INFO |   Ep 211/300 | Tr loss=0.0937 mae=0.327 r2=0.753 pcc=0.868 | Vl loss=1.1096 mae=1.591 r2=-4.493 pcc=0.004 | ES 23/100
  Ep 212/300 | Tr loss=0.1204 mae=0.374 r2=0.709 pcc=0.842 | Vl loss=1.1288 mae=1.611 r2=-4.611 pcc=-0.022 | ES 24/100
2026-06-12 13:00:30,048 | INFO |   Ep 212/300 | Tr loss=0.1204 mae=0.374 r2=0.709 pcc=0.842 | Vl loss=1.1288 mae=1.611 r2=-4.611 pcc=-0.022 | ES 24/100
  Ep 213/300 | Tr loss=0.0901 mae=0.330 r2=0.774 pcc=0.880 | Vl loss=1.1429 mae=1.625 r2=-4.704 pcc=-0.082 | ES 25/100
2026-06-12 13:00:34,888 | INFO |   Ep 213/300 | Tr loss=0.0901 mae=0.330 r2=0.774 pcc=0.880 | Vl loss=1.1429 mae=1.625 r2=-4.704 pcc=-0.082 | ES 25/100
  Ep 214/300 | Tr loss=0.1101 mae=0.350 r2=0.696 pcc=0.837 | Vl loss=1.1392 mae=1.616 r2=-4.681 pcc=-0.248 | ES 26/100
2026-06-12 13:00:40,050 | INFO |   Ep 214/300 | Tr loss=0.1101 mae=0.350 r2=0.696 pcc=0.837 | Vl loss=1.1392 mae=1.616 r2=-4.681 pcc=-0.248 | ES 26/100
  Ep 215/300 | Tr loss=0.1433 mae=0.397 r2=0.614 pcc=0.788 | Vl loss=1.1194 mae=1.591 r2=-4.555 pcc=-0.302 | ES 27/100
2026-06-12 13:00:45,299 | INFO |   Ep 215/300 | Tr loss=0.1433 mae=0.397 r2=0.614 pcc=0.788 | Vl loss=1.1194 mae=1.591 r2=-4.555 pcc=-0.302 | ES 27/100
  Ep 216/300 | Tr loss=0.1029 mae=0.335 r2=0.707 pcc=0.843 | Vl loss=1.1100 mae=1.582 r2=-4.496 pcc=-0.263 | ES 28/100
2026-06-12 13:00:50,430 | INFO |   Ep 216/300 | Tr loss=0.1029 mae=0.335 r2=0.707 pcc=0.843 | Vl loss=1.1100 mae=1.582 r2=-4.496 pcc=-0.263 | ES 28/100
  Ep 217/300 | Tr loss=0.1363 mae=0.385 r2=0.654 pcc=0.812 | Vl loss=1.1163 mae=1.588 r2=-4.536 pcc=-0.273 | ES 29/100
2026-06-12 13:00:55,641 | INFO |   Ep 217/300 | Tr loss=0.1363 mae=0.385 r2=0.654 pcc=0.812 | Vl loss=1.1163 mae=1.588 r2=-4.536 pcc=-0.273 | ES 29/100
  Ep 218/300 | Tr loss=0.1125 mae=0.359 r2=0.715 pcc=0.846 | Vl loss=1.1101 mae=1.576 r2=-4.498 pcc=-0.360 | ES 30/100
2026-06-12 13:01:00,651 | INFO |   Ep 218/300 | Tr loss=0.1125 mae=0.359 r2=0.715 pcc=0.846 | Vl loss=1.1101 mae=1.576 r2=-4.498 pcc=-0.360 | ES 30/100
  Ep 219/300 | Tr loss=0.1002 mae=0.338 r2=0.734 pcc=0.857 | Vl loss=1.1153 mae=1.581 r2=-4.531 pcc=-0.374 | ES 31/100
2026-06-12 13:01:05,822 | INFO |   Ep 219/300 | Tr loss=0.1002 mae=0.338 r2=0.734 pcc=0.857 | Vl loss=1.1153 mae=1.581 r2=-4.531 pcc=-0.374 | ES 31/100
  Ep 220/300 | Tr loss=0.1178 mae=0.342 r2=0.695 pcc=0.836 | Vl loss=1.1288 mae=1.600 r2=-4.616 pcc=-0.301 | ES 32/100
2026-06-12 13:01:10,974 | INFO |   Ep 220/300 | Tr loss=0.1178 mae=0.342 r2=0.695 pcc=0.836 | Vl loss=1.1288 mae=1.600 r2=-4.616 pcc=-0.301 | ES 32/100
  Ep 221/300 | Tr loss=0.1070 mae=0.349 r2=0.768 pcc=0.878 | Vl loss=1.1680 mae=1.647 r2=-4.869 pcc=-0.230 | ES 33/100
2026-06-12 13:01:16,176 | INFO |   Ep 221/300 | Tr loss=0.1070 mae=0.349 r2=0.768 pcc=0.878 | Vl loss=1.1680 mae=1.647 r2=-4.869 pcc=-0.230 | ES 33/100
  Ep 222/300 | Tr loss=0.1202 mae=0.365 r2=0.690 pcc=0.834 | Vl loss=1.1824 mae=1.662 r2=-4.963 pcc=-0.278 | ES 34/100
2026-06-12 13:01:21,329 | INFO |   Ep 222/300 | Tr loss=0.1202 mae=0.365 r2=0.690 pcc=0.834 | Vl loss=1.1824 mae=1.662 r2=-4.963 pcc=-0.278 | ES 34/100
  Ep 223/300 | Tr loss=0.1148 mae=0.355 r2=0.707 pcc=0.843 | Vl loss=1.1893 mae=1.662 r2=-5.011 pcc=-0.415 | ES 35/100
2026-06-12 13:01:26,451 | INFO |   Ep 223/300 | Tr loss=0.1148 mae=0.355 r2=0.707 pcc=0.843 | Vl loss=1.1893 mae=1.662 r2=-5.011 pcc=-0.415 | ES 35/100
  Ep 224/300 | Tr loss=0.1231 mae=0.377 r2=0.703 pcc=0.839 | Vl loss=1.1639 mae=1.634 r2=-4.847 pcc=-0.410 | ES 36/100
2026-06-12 13:01:31,618 | INFO |   Ep 224/300 | Tr loss=0.1231 mae=0.377 r2=0.703 pcc=0.839 | Vl loss=1.1639 mae=1.634 r2=-4.847 pcc=-0.410 | ES 36/100
  Ep 225/300 | Tr loss=0.1305 mae=0.380 r2=0.657 pcc=0.812 | Vl loss=1.1389 mae=1.609 r2=-4.683 pcc=-0.352 | ES 37/100
2026-06-12 13:01:36,702 | INFO |   Ep 225/300 | Tr loss=0.1305 mae=0.380 r2=0.657 pcc=0.812 | Vl loss=1.1389 mae=1.609 r2=-4.683 pcc=-0.352 | ES 37/100
  Ep 226/300 | Tr loss=0.1078 mae=0.340 r2=0.724 pcc=0.854 | Vl loss=1.1228 mae=1.582 r2=-4.582 pcc=-0.482 | ES 38/100
2026-06-12 13:01:41,679 | INFO |   Ep 226/300 | Tr loss=0.1078 mae=0.340 r2=0.724 pcc=0.854 | Vl loss=1.1228 mae=1.582 r2=-4.582 pcc=-0.482 | ES 38/100
  Ep 227/300 | Tr loss=0.1115 mae=0.346 r2=0.733 pcc=0.856 | Vl loss=1.1238 mae=1.589 r2=-4.589 pcc=-0.392 | ES 39/100
2026-06-12 13:01:46,675 | INFO |   Ep 227/300 | Tr loss=0.1115 mae=0.346 r2=0.733 pcc=0.856 | Vl loss=1.1238 mae=1.589 r2=-4.589 pcc=-0.392 | ES 39/100
  Ep 228/300 | Tr loss=0.1173 mae=0.370 r2=0.682 pcc=0.830 | Vl loss=1.1258 mae=1.596 r2=-4.597 pcc=-0.288 | ES 40/100
2026-06-12 13:01:51,601 | INFO |   Ep 228/300 | Tr loss=0.1173 mae=0.370 r2=0.682 pcc=0.830 | Vl loss=1.1258 mae=1.596 r2=-4.597 pcc=-0.288 | ES 40/100
  Ep 229/300 | Tr loss=0.1132 mae=0.350 r2=0.691 pcc=0.835 | Vl loss=1.1021 mae=1.567 r2=-4.446 pcc=-0.315 | ES 41/100
2026-06-12 13:01:56,638 | INFO |   Ep 229/300 | Tr loss=0.1132 mae=0.350 r2=0.691 pcc=0.835 | Vl loss=1.1021 mae=1.567 r2=-4.446 pcc=-0.315 | ES 41/100
  Ep 230/300 | Tr loss=0.0980 mae=0.330 r2=0.754 pcc=0.869 | Vl loss=1.0968 mae=1.563 r2=-4.414 pcc=-0.262 | ES 42/100
2026-06-12 13:02:01,668 | INFO |   Ep 230/300 | Tr loss=0.0980 mae=0.330 r2=0.754 pcc=0.869 | Vl loss=1.0968 mae=1.563 r2=-4.414 pcc=-0.262 | ES 42/100
  Ep 231/300 | Tr loss=0.1037 mae=0.327 r2=0.732 pcc=0.857 | Vl loss=1.1169 mae=1.584 r2=-4.542 pcc=-0.300 | ES 43/100
2026-06-12 13:02:06,591 | INFO |   Ep 231/300 | Tr loss=0.1037 mae=0.327 r2=0.732 pcc=0.857 | Vl loss=1.1169 mae=1.584 r2=-4.542 pcc=-0.300 | ES 43/100
  Ep 232/300 | Tr loss=0.1356 mae=0.397 r2=0.669 pcc=0.818 | Vl loss=1.1406 mae=1.619 r2=-4.688 pcc=-0.101 | ES 44/100
2026-06-12 13:02:11,663 | INFO |   Ep 232/300 | Tr loss=0.1356 mae=0.397 r2=0.669 pcc=0.818 | Vl loss=1.1406 mae=1.619 r2=-4.688 pcc=-0.101 | ES 44/100
  Ep 233/300 | Tr loss=0.0989 mae=0.337 r2=0.748 pcc=0.865 | Vl loss=1.1521 mae=1.627 r2=-4.766 pcc=-0.223 | ES 45/100
2026-06-12 13:02:16,673 | INFO |   Ep 233/300 | Tr loss=0.0989 mae=0.337 r2=0.748 pcc=0.865 | Vl loss=1.1521 mae=1.627 r2=-4.766 pcc=-0.223 | ES 45/100
  Ep 234/300 | Tr loss=0.0900 mae=0.318 r2=0.763 pcc=0.874 | Vl loss=1.1423 mae=1.619 r2=-4.701 pcc=-0.159 | ES 46/100
2026-06-12 13:02:21,680 | INFO |   Ep 234/300 | Tr loss=0.0900 mae=0.318 r2=0.763 pcc=0.874 | Vl loss=1.1423 mae=1.619 r2=-4.701 pcc=-0.159 | ES 46/100
  Ep 235/300 | Tr loss=0.0994 mae=0.324 r2=0.732 pcc=0.857 | Vl loss=1.1280 mae=1.601 r2=-4.609 pcc=-0.191 | ES 47/100
2026-06-12 13:02:26,503 | INFO |   Ep 235/300 | Tr loss=0.0994 mae=0.324 r2=0.732 pcc=0.857 | Vl loss=1.1280 mae=1.601 r2=-4.609 pcc=-0.191 | ES 47/100
  Ep 236/300 | Tr loss=0.1036 mae=0.346 r2=0.736 pcc=0.859 | Vl loss=1.1533 mae=1.629 r2=-4.773 pcc=-0.223 | ES 48/100
2026-06-12 13:02:31,421 | INFO |   Ep 236/300 | Tr loss=0.1036 mae=0.346 r2=0.736 pcc=0.859 | Vl loss=1.1533 mae=1.629 r2=-4.773 pcc=-0.223 | ES 48/100
  Ep 237/300 | Tr loss=0.1087 mae=0.348 r2=0.745 pcc=0.864 | Vl loss=1.1631 mae=1.640 r2=-4.835 pcc=-0.213 | ES 49/100
2026-06-12 13:02:36,616 | INFO |   Ep 237/300 | Tr loss=0.1087 mae=0.348 r2=0.745 pcc=0.864 | Vl loss=1.1631 mae=1.640 r2=-4.835 pcc=-0.213 | ES 49/100
  Ep 238/300 | Tr loss=0.1188 mae=0.361 r2=0.693 pcc=0.836 | Vl loss=1.1438 mae=1.610 r2=-4.719 pcc=-0.364 | ES 50/100
2026-06-12 13:02:41,613 | INFO |   Ep 238/300 | Tr loss=0.1188 mae=0.361 r2=0.693 pcc=0.836 | Vl loss=1.1438 mae=1.610 r2=-4.719 pcc=-0.364 | ES 50/100
Epoch 00239: reducing learning rate of group 0 to 2.5000e-05.
  Ep 239/300 | Tr loss=0.0944 mae=0.324 r2=0.761 pcc=0.873 | Vl loss=1.1236 mae=1.586 r2=-4.588 pcc=-0.379 | ES 51/100
2026-06-12 13:02:46,600 | INFO |   Ep 239/300 | Tr loss=0.0944 mae=0.324 r2=0.761 pcc=0.873 | Vl loss=1.1236 mae=1.586 r2=-4.588 pcc=-0.379 | ES 51/100
  Ep 240/300 | Tr loss=0.1117 mae=0.339 r2=0.713 pcc=0.847 | Vl loss=1.1196 mae=1.579 r2=-4.567 pcc=-0.434 | ES 52/100
2026-06-12 13:02:51,608 | INFO |   Ep 240/300 | Tr loss=0.1117 mae=0.339 r2=0.713 pcc=0.847 | Vl loss=1.1196 mae=1.579 r2=-4.567 pcc=-0.434 | ES 52/100
  Ep 241/300 | Tr loss=0.0981 mae=0.336 r2=0.758 pcc=0.871 | Vl loss=1.1241 mae=1.584 r2=-4.599 pcc=-0.449 | ES 53/100
2026-06-12 13:02:56,618 | INFO |   Ep 241/300 | Tr loss=0.0981 mae=0.336 r2=0.758 pcc=0.871 | Vl loss=1.1241 mae=1.584 r2=-4.599 pcc=-0.449 | ES 53/100
  Ep 242/300 | Tr loss=0.1238 mae=0.374 r2=0.692 pcc=0.833 | Vl loss=1.1197 mae=1.585 r2=-4.563 pcc=-0.354 | ES 54/100
2026-06-12 13:03:01,647 | INFO |   Ep 242/300 | Tr loss=0.1238 mae=0.374 r2=0.692 pcc=0.833 | Vl loss=1.1197 mae=1.585 r2=-4.563 pcc=-0.354 | ES 54/100
  Ep 243/300 | Tr loss=0.1046 mae=0.348 r2=0.735 pcc=0.858 | Vl loss=1.1271 mae=1.593 r2=-4.614 pcc=-0.364 | ES 55/100
2026-06-12 13:03:06,638 | INFO |   Ep 243/300 | Tr loss=0.1046 mae=0.348 r2=0.735 pcc=0.858 | Vl loss=1.1271 mae=1.593 r2=-4.614 pcc=-0.364 | ES 55/100
  Ep 244/300 | Tr loss=0.0946 mae=0.330 r2=0.743 pcc=0.862 | Vl loss=1.1123 mae=1.571 r2=-4.517 pcc=-0.441 | ES 56/100
2026-06-12 13:03:11,619 | INFO |   Ep 244/300 | Tr loss=0.0946 mae=0.330 r2=0.743 pcc=0.862 | Vl loss=1.1123 mae=1.571 r2=-4.517 pcc=-0.441 | ES 56/100
  Ep 245/300 | Tr loss=0.1015 mae=0.340 r2=0.750 pcc=0.868 | Vl loss=1.1170 mae=1.579 r2=-4.547 pcc=-0.405 | ES 57/100
2026-06-12 13:03:16,617 | INFO |   Ep 245/300 | Tr loss=0.1015 mae=0.340 r2=0.750 pcc=0.868 | Vl loss=1.1170 mae=1.579 r2=-4.547 pcc=-0.405 | ES 57/100
  Ep 246/300 | Tr loss=0.1259 mae=0.375 r2=0.665 pcc=0.818 | Vl loss=1.1168 mae=1.580 r2=-4.543 pcc=-0.374 | ES 58/100
2026-06-12 13:03:21,763 | INFO |   Ep 246/300 | Tr loss=0.1259 mae=0.375 r2=0.665 pcc=0.818 | Vl loss=1.1168 mae=1.580 r2=-4.543 pcc=-0.374 | ES 58/100
  Ep 247/300 | Tr loss=0.1247 mae=0.367 r2=0.677 pcc=0.825 | Vl loss=1.1102 mae=1.571 r2=-4.503 pcc=-0.404 | ES 59/100
2026-06-12 13:03:26,731 | INFO |   Ep 247/300 | Tr loss=0.1247 mae=0.367 r2=0.677 pcc=0.825 | Vl loss=1.1102 mae=1.571 r2=-4.503 pcc=-0.404 | ES 59/100
  Ep 248/300 | Tr loss=0.1165 mae=0.349 r2=0.687 pcc=0.831 | Vl loss=1.1070 mae=1.565 r2=-4.485 pcc=-0.451 | ES 60/100
2026-06-12 13:03:31,982 | INFO |   Ep 248/300 | Tr loss=0.1165 mae=0.349 r2=0.687 pcc=0.831 | Vl loss=1.1070 mae=1.565 r2=-4.485 pcc=-0.451 | ES 60/100
  Ep 249/300 | Tr loss=0.0947 mae=0.320 r2=0.768 pcc=0.879 | Vl loss=1.1231 mae=1.581 r2=-4.590 pcc=-0.464 | ES 61/100
2026-06-12 13:03:36,965 | INFO |   Ep 249/300 | Tr loss=0.0947 mae=0.320 r2=0.768 pcc=0.879 | Vl loss=1.1231 mae=1.581 r2=-4.590 pcc=-0.464 | ES 61/100
  Ep 250/300 | Tr loss=0.1145 mae=0.361 r2=0.712 pcc=0.844 | Vl loss=1.1368 mae=1.600 r2=-4.678 pcc=-0.420 | ES 62/100
2026-06-12 13:03:42,093 | INFO |   Ep 250/300 | Tr loss=0.1145 mae=0.361 r2=0.712 pcc=0.844 | Vl loss=1.1368 mae=1.600 r2=-4.678 pcc=-0.420 | ES 62/100
  Ep 251/300 | Tr loss=0.1323 mae=0.378 r2=0.635 pcc=0.801 | Vl loss=1.1306 mae=1.598 r2=-4.631 pcc=-0.346 | ES 63/100
2026-06-12 13:03:47,192 | INFO |   Ep 251/300 | Tr loss=0.1323 mae=0.378 r2=0.635 pcc=0.801 | Vl loss=1.1306 mae=1.598 r2=-4.631 pcc=-0.346 | ES 63/100
  Ep 252/300 | Tr loss=0.1308 mae=0.377 r2=0.664 pcc=0.817 | Vl loss=1.1174 mae=1.578 r2=-4.548 pcc=-0.420 | ES 64/100
2026-06-12 13:03:52,475 | INFO |   Ep 252/300 | Tr loss=0.1308 mae=0.377 r2=0.664 pcc=0.817 | Vl loss=1.1174 mae=1.578 r2=-4.548 pcc=-0.420 | ES 64/100
  Ep 253/300 | Tr loss=0.0955 mae=0.331 r2=0.770 pcc=0.878 | Vl loss=1.1238 mae=1.586 r2=-4.594 pcc=-0.414 | ES 65/100
2026-06-12 13:03:57,588 | INFO |   Ep 253/300 | Tr loss=0.0955 mae=0.331 r2=0.770 pcc=0.878 | Vl loss=1.1238 mae=1.586 r2=-4.594 pcc=-0.414 | ES 65/100
  Ep 254/300 | Tr loss=0.1160 mae=0.351 r2=0.701 pcc=0.842 | Vl loss=1.1287 mae=1.591 r2=-4.626 pcc=-0.402 | ES 66/100
2026-06-12 13:04:02,508 | INFO |   Ep 254/300 | Tr loss=0.1160 mae=0.351 r2=0.701 pcc=0.842 | Vl loss=1.1287 mae=1.591 r2=-4.626 pcc=-0.402 | ES 66/100
  Ep 255/300 | Tr loss=0.1121 mae=0.358 r2=0.713 pcc=0.845 | Vl loss=1.1285 mae=1.595 r2=-4.623 pcc=-0.328 | ES 67/100
2026-06-12 13:04:07,532 | INFO |   Ep 255/300 | Tr loss=0.1121 mae=0.358 r2=0.713 pcc=0.845 | Vl loss=1.1285 mae=1.595 r2=-4.623 pcc=-0.328 | ES 67/100
  Ep 256/300 | Tr loss=0.1064 mae=0.340 r2=0.727 pcc=0.853 | Vl loss=1.1233 mae=1.594 r2=-4.585 pcc=-0.262 | ES 68/100
2026-06-12 13:04:12,586 | INFO |   Ep 256/300 | Tr loss=0.1064 mae=0.340 r2=0.727 pcc=0.853 | Vl loss=1.1233 mae=1.594 r2=-4.585 pcc=-0.262 | ES 68/100
  Ep 257/300 | Tr loss=0.1191 mae=0.367 r2=0.697 pcc=0.835 | Vl loss=1.1154 mae=1.585 r2=-4.531 pcc=-0.247 | ES 69/100
2026-06-12 13:04:17,703 | INFO |   Ep 257/300 | Tr loss=0.1191 mae=0.367 r2=0.697 pcc=0.835 | Vl loss=1.1154 mae=1.585 r2=-4.531 pcc=-0.247 | ES 69/100
  Ep 258/300 | Tr loss=0.0941 mae=0.315 r2=0.745 pcc=0.863 | Vl loss=1.1152 mae=1.586 r2=-4.528 pcc=-0.228 | ES 70/100
2026-06-12 13:04:22,794 | INFO |   Ep 258/300 | Tr loss=0.0941 mae=0.315 r2=0.745 pcc=0.863 | Vl loss=1.1152 mae=1.586 r2=-4.528 pcc=-0.228 | ES 70/100
  Ep 259/300 | Tr loss=0.1198 mae=0.367 r2=0.628 pcc=0.800 | Vl loss=1.1048 mae=1.574 r2=-4.458 pcc=-0.238 | ES 71/100
2026-06-12 13:04:27,993 | INFO |   Ep 259/300 | Tr loss=0.1198 mae=0.367 r2=0.628 pcc=0.800 | Vl loss=1.1048 mae=1.574 r2=-4.458 pcc=-0.238 | ES 71/100
  Ep 260/300 | Tr loss=0.0891 mae=0.320 r2=0.798 pcc=0.896 | Vl loss=1.1258 mae=1.588 r2=-4.605 pcc=-0.422 | ES 72/100
2026-06-12 13:04:33,216 | INFO |   Ep 260/300 | Tr loss=0.0891 mae=0.320 r2=0.798 pcc=0.896 | Vl loss=1.1258 mae=1.588 r2=-4.605 pcc=-0.422 | ES 72/100
  Ep 261/300 | Tr loss=0.1252 mae=0.362 r2=0.684 pcc=0.829 | Vl loss=1.1245 mae=1.583 r2=-4.597 pcc=-0.459 | ES 73/100
2026-06-12 13:04:38,423 | INFO |   Ep 261/300 | Tr loss=0.1252 mae=0.362 r2=0.684 pcc=0.829 | Vl loss=1.1245 mae=1.583 r2=-4.597 pcc=-0.459 | ES 73/100
  Ep 262/300 | Tr loss=0.1350 mae=0.389 r2=0.682 pcc=0.828 | Vl loss=1.1276 mae=1.583 r2=-4.619 pcc=-0.491 | ES 74/100
2026-06-12 13:04:43,661 | INFO |   Ep 262/300 | Tr loss=0.1350 mae=0.389 r2=0.682 pcc=0.828 | Vl loss=1.1276 mae=1.583 r2=-4.619 pcc=-0.491 | ES 74/100
  Ep 263/300 | Tr loss=0.1046 mae=0.347 r2=0.726 pcc=0.852 | Vl loss=1.1273 mae=1.589 r2=-4.616 pcc=-0.433 | ES 75/100
2026-06-12 13:04:48,830 | INFO |   Ep 263/300 | Tr loss=0.1046 mae=0.347 r2=0.726 pcc=0.852 | Vl loss=1.1273 mae=1.589 r2=-4.616 pcc=-0.433 | ES 75/100
  Ep 264/300 | Tr loss=0.1026 mae=0.337 r2=0.751 pcc=0.868 | Vl loss=1.1549 mae=1.621 r2=-4.792 pcc=-0.408 | ES 76/100
2026-06-12 13:04:53,953 | INFO |   Ep 264/300 | Tr loss=0.1026 mae=0.337 r2=0.751 pcc=0.868 | Vl loss=1.1549 mae=1.621 r2=-4.792 pcc=-0.408 | ES 76/100
  Ep 265/300 | Tr loss=0.1128 mae=0.358 r2=0.698 pcc=0.838 | Vl loss=1.1699 mae=1.641 r2=-4.888 pcc=-0.345 | ES 77/100
2026-06-12 13:04:59,049 | INFO |   Ep 265/300 | Tr loss=0.1128 mae=0.358 r2=0.698 pcc=0.838 | Vl loss=1.1699 mae=1.641 r2=-4.888 pcc=-0.345 | ES 77/100
  Ep 266/300 | Tr loss=0.1369 mae=0.376 r2=0.663 pcc=0.817 | Vl loss=1.1580 mae=1.627 r2=-4.811 pcc=-0.359 | ES 78/100
2026-06-12 13:05:04,236 | INFO |   Ep 266/300 | Tr loss=0.1369 mae=0.376 r2=0.663 pcc=0.817 | Vl loss=1.1580 mae=1.627 r2=-4.811 pcc=-0.359 | ES 78/100
  Ep 267/300 | Tr loss=0.1045 mae=0.332 r2=0.733 pcc=0.858 | Vl loss=1.1422 mae=1.607 r2=-4.710 pcc=-0.394 | ES 79/100
2026-06-12 13:05:09,352 | INFO |   Ep 267/300 | Tr loss=0.1045 mae=0.332 r2=0.733 pcc=0.858 | Vl loss=1.1422 mae=1.607 r2=-4.710 pcc=-0.394 | ES 79/100
  Ep 268/300 | Tr loss=0.1180 mae=0.352 r2=0.715 pcc=0.846 | Vl loss=1.1484 mae=1.614 r2=-4.751 pcc=-0.385 | ES 80/100
2026-06-12 13:05:14,408 | INFO |   Ep 268/300 | Tr loss=0.1180 mae=0.352 r2=0.715 pcc=0.846 | Vl loss=1.1484 mae=1.614 r2=-4.751 pcc=-0.385 | ES 80/100
  Ep 269/300 | Tr loss=0.1009 mae=0.331 r2=0.737 pcc=0.859 | Vl loss=1.1552 mae=1.618 r2=-4.798 pcc=-0.441 | ES 81/100
2026-06-12 13:05:19,543 | INFO |   Ep 269/300 | Tr loss=0.1009 mae=0.331 r2=0.737 pcc=0.859 | Vl loss=1.1552 mae=1.618 r2=-4.798 pcc=-0.441 | ES 81/100
  Ep 270/300 | Tr loss=0.1149 mae=0.356 r2=0.703 pcc=0.840 | Vl loss=1.1383 mae=1.602 r2=-4.687 pcc=-0.415 | ES 82/100
2026-06-12 13:05:24,616 | INFO |   Ep 270/300 | Tr loss=0.1149 mae=0.356 r2=0.703 pcc=0.840 | Vl loss=1.1383 mae=1.602 r2=-4.687 pcc=-0.415 | ES 82/100
  Ep 271/300 | Tr loss=0.1018 mae=0.329 r2=0.717 pcc=0.849 | Vl loss=1.1243 mae=1.588 r2=-4.596 pcc=-0.396 | ES 83/100
2026-06-12 13:05:29,677 | INFO |   Ep 271/300 | Tr loss=0.1018 mae=0.329 r2=0.717 pcc=0.849 | Vl loss=1.1243 mae=1.588 r2=-4.596 pcc=-0.396 | ES 83/100
  Ep 272/300 | Tr loss=0.1090 mae=0.347 r2=0.730 pcc=0.856 | Vl loss=1.1159 mae=1.578 r2=-4.541 pcc=-0.411 | ES 84/100
2026-06-12 13:05:34,758 | INFO |   Ep 272/300 | Tr loss=0.1090 mae=0.347 r2=0.730 pcc=0.856 | Vl loss=1.1159 mae=1.578 r2=-4.541 pcc=-0.411 | ES 84/100
  Ep 273/300 | Tr loss=0.1029 mae=0.345 r2=0.744 pcc=0.863 | Vl loss=1.1105 mae=1.573 r2=-4.505 pcc=-0.416 | ES 85/100
2026-06-12 13:05:39,902 | INFO |   Ep 273/300 | Tr loss=0.1029 mae=0.345 r2=0.744 pcc=0.863 | Vl loss=1.1105 mae=1.573 r2=-4.505 pcc=-0.416 | ES 85/100
  Ep 274/300 | Tr loss=0.1069 mae=0.342 r2=0.725 pcc=0.853 | Vl loss=1.1146 mae=1.578 r2=-4.531 pcc=-0.420 | ES 86/100
2026-06-12 13:05:44,981 | INFO |   Ep 274/300 | Tr loss=0.1069 mae=0.342 r2=0.725 pcc=0.853 | Vl loss=1.1146 mae=1.578 r2=-4.531 pcc=-0.420 | ES 86/100
  Ep 275/300 | Tr loss=0.1086 mae=0.343 r2=0.730 pcc=0.854 | Vl loss=1.1171 mae=1.582 r2=-4.546 pcc=-0.402 | ES 87/100
2026-06-12 13:05:50,071 | INFO |   Ep 275/300 | Tr loss=0.1086 mae=0.343 r2=0.730 pcc=0.854 | Vl loss=1.1171 mae=1.582 r2=-4.546 pcc=-0.402 | ES 87/100
  Ep 276/300 | Tr loss=0.0891 mae=0.316 r2=0.767 pcc=0.877 | Vl loss=1.1145 mae=1.575 r2=-4.531 pcc=-0.473 | ES 88/100
2026-06-12 13:05:55,153 | INFO |   Ep 276/300 | Tr loss=0.0891 mae=0.316 r2=0.767 pcc=0.877 | Vl loss=1.1145 mae=1.575 r2=-4.531 pcc=-0.473 | ES 88/100
  Ep 277/300 | Tr loss=0.0996 mae=0.320 r2=0.724 pcc=0.851 | Vl loss=1.1179 mae=1.577 r2=-4.553 pcc=-0.498 | ES 89/100
2026-06-12 13:06:00,224 | INFO |   Ep 277/300 | Tr loss=0.0996 mae=0.320 r2=0.724 pcc=0.851 | Vl loss=1.1179 mae=1.577 r2=-4.553 pcc=-0.498 | ES 89/100
  Ep 278/300 | Tr loss=0.1218 mae=0.377 r2=0.701 pcc=0.838 | Vl loss=1.1275 mae=1.592 r2=-4.614 pcc=-0.448 | ES 90/100
2026-06-12 13:06:05,079 | INFO |   Ep 278/300 | Tr loss=0.1218 mae=0.377 r2=0.701 pcc=0.838 | Vl loss=1.1275 mae=1.592 r2=-4.614 pcc=-0.448 | ES 90/100
  Ep 279/300 | Tr loss=0.1207 mae=0.367 r2=0.686 pcc=0.829 | Vl loss=1.1247 mae=1.593 r2=-4.594 pcc=-0.356 | ES 91/100
2026-06-12 13:06:09,978 | INFO |   Ep 279/300 | Tr loss=0.1207 mae=0.367 r2=0.686 pcc=0.829 | Vl loss=1.1247 mae=1.593 r2=-4.594 pcc=-0.356 | ES 91/100
  Ep 280/300 | Tr loss=0.1007 mae=0.333 r2=0.726 pcc=0.853 | Vl loss=1.1249 mae=1.595 r2=-4.593 pcc=-0.327 | ES 92/100
2026-06-12 13:06:14,874 | INFO |   Ep 280/300 | Tr loss=0.1007 mae=0.333 r2=0.726 pcc=0.853 | Vl loss=1.1249 mae=1.595 r2=-4.593 pcc=-0.327 | ES 92/100
  Ep 281/300 | Tr loss=0.1025 mae=0.345 r2=0.734 pcc=0.857 | Vl loss=1.1430 mae=1.617 r2=-4.710 pcc=-0.296 | ES 93/100
2026-06-12 13:06:19,754 | INFO |   Ep 281/300 | Tr loss=0.1025 mae=0.345 r2=0.734 pcc=0.857 | Vl loss=1.1430 mae=1.617 r2=-4.710 pcc=-0.296 | ES 93/100
  Ep 282/300 | Tr loss=0.1129 mae=0.347 r2=0.722 pcc=0.851 | Vl loss=1.1415 mae=1.612 r2=-4.701 pcc=-0.351 | ES 94/100
2026-06-12 13:06:24,632 | INFO |   Ep 282/300 | Tr loss=0.1129 mae=0.347 r2=0.722 pcc=0.851 | Vl loss=1.1415 mae=1.612 r2=-4.701 pcc=-0.351 | ES 94/100
  Ep 283/300 | Tr loss=0.1109 mae=0.347 r2=0.727 pcc=0.853 | Vl loss=1.1459 mae=1.622 r2=-4.727 pcc=-0.251 | ES 95/100
2026-06-12 13:06:29,521 | INFO |   Ep 283/300 | Tr loss=0.1109 mae=0.347 r2=0.727 pcc=0.853 | Vl loss=1.1459 mae=1.622 r2=-4.727 pcc=-0.251 | ES 95/100
  Ep 284/300 | Tr loss=0.1153 mae=0.350 r2=0.732 pcc=0.857 | Vl loss=1.1540 mae=1.629 r2=-4.780 pcc=-0.279 | ES 96/100
2026-06-12 13:06:34,617 | INFO |   Ep 284/300 | Tr loss=0.1153 mae=0.350 r2=0.732 pcc=0.857 | Vl loss=1.1540 mae=1.629 r2=-4.780 pcc=-0.279 | ES 96/100
  Ep 285/300 | Tr loss=0.0882 mae=0.313 r2=0.785 pcc=0.886 | Vl loss=1.1666 mae=1.642 r2=-4.863 pcc=-0.294 | ES 97/100
2026-06-12 13:06:39,469 | INFO |   Ep 285/300 | Tr loss=0.0882 mae=0.313 r2=0.785 pcc=0.886 | Vl loss=1.1666 mae=1.642 r2=-4.863 pcc=-0.294 | ES 97/100
  Ep 286/300 | Tr loss=0.1133 mae=0.346 r2=0.699 pcc=0.837 | Vl loss=1.1538 mae=1.632 r2=-4.777 pcc=-0.181 | ES 98/100
2026-06-12 13:06:44,340 | INFO |   Ep 286/300 | Tr loss=0.1133 mae=0.346 r2=0.699 pcc=0.837 | Vl loss=1.1538 mae=1.632 r2=-4.777 pcc=-0.181 | ES 98/100
  Ep 287/300 | Tr loss=0.1108 mae=0.341 r2=0.710 pcc=0.844 | Vl loss=1.1436 mae=1.619 r2=-4.712 pcc=-0.236 | ES 99/100
2026-06-12 13:06:49,232 | INFO |   Ep 287/300 | Tr loss=0.1108 mae=0.341 r2=0.710 pcc=0.844 | Vl loss=1.1436 mae=1.619 r2=-4.712 pcc=-0.236 | ES 99/100
  Ep 288/300 | Tr loss=0.1027 mae=0.337 r2=0.758 pcc=0.873 | Vl loss=1.1483 mae=1.624 r2=-4.743 pcc=-0.231 | ES 100/100
2026-06-12 13:06:54,122 | INFO |   Ep 288/300 | Tr loss=0.1027 mae=0.337 r2=0.758 pcc=0.873 | Vl loss=1.1483 mae=1.624 r2=-4.743 pcc=-0.231 | ES 100/100

  ⏹  Early stopping at epoch 288 (best=188)
2026-06-12 13:06:54,123 | INFO | Early stopping at epoch 288 best=188

✓ Training complete!

  ── Final Test Results (best epoch = 188) ──────────────────
  Loss : 1.2623
  RMSE : 1.7863
  MAE  : 1.6022
  R²   : -3.6487
  PCC  : 0.5851
  ✓ Saved → /mvdlph/masa/GCN_MultiView_MidFusion_Results/run_2026_06_12_12_42_43/plots/loss_curve.png
  ✓ Saved → /mvdlph/masa/GCN_MultiView_MidFusion_Results/run_2026_06_12_12_42_43/plots/rmse_mae.png
  ✓ Saved → /mvdlph/masa/GCN_MultiView_MidFusion_Results/run_2026_06_12_12_42_43/plots/r2_curve.png
  ✓ Saved → /mvdlph/masa/GCN_MultiView_MidFusion_Results/run_2026_06_12_12_42_43/plots/pcc_curve.png
  ✓ Saved → /mvdlph/masa/GCN_MultiView_MidFusion_Results/run_2026_06_12_12_42_43/plots/regression_scatter_test.png
  ✓ Saved → /mvdlph/masa/GCN_MultiView_MidFusion_Results/run_2026_06_12_12_42_43/plots/regression_scatter_train.png
  ✓ Saved → /mvdlph/masa/GCN_MultiView_MidFusion_Results/run_2026_06_12_12_42_43/plots/regression_scatter_val.png
  ✓ Saved → /mvdlph/masa/GCN_MultiView_MidFusion_Results/run_2026_06_12_12_42_43/plots/early_stopping.png
  ✓ History → /mvdlph/masa/GCN_MultiView_MidFusion_Results/run_2026_06_12_12_42_43/logs/training_history.json
  ✓ NPZ files saved
========================================================================
  Exercise         n      MAE     RMSE       R²      PCC
────────────────────────────────────────────────────────────────────────
  E0             107   1.6022   1.7863  -3.6487   0.5851
────────────────────────────────────────────────────────────────────────
  Overall        107   1.6022   1.7863  -3.6487   0.5851
========================================================================

  ✓ Per-exercise CSV → /mvdlph/masa/GCN_MultiView_MidFusion_Results/run_2026_06_12_12_42_43/logs/per_exercise_metrics.csv
  ✓ Per-exercise scatter grid → /mvdlph/masa/GCN_MultiView_MidFusion_Results/run_2026_06_12_12_42_43/plots/per_exercise_scatter.png
  ✓ Per-exercise bar chart → /mvdlph/masa/GCN_MultiView_MidFusion_Results/run_2026_06_12_12_42_43/plots/per_exercise_bar.png
  ✓ Per-exercise metrics NPZ saved
=================================================================
  TRAINING SUMMARY — ST-GCN Mid Fusion (3 cameras)
=================================================================
  Cameras          : [0, 1, 2]
  Fusion type      : MID  (feature-level)
  CAM_FEATURE_DIM  : 64  (per camera)
  FUSED_DIM        : 192  (64 × 3)
  Shared backbone  : False
  Best Epoch       : 188  (stopped at 288)
  Best Val MAE     : 1.5300
  Best Val RMSE    : 1.7004
  Best Val R²      : -4.1239
  Best Val PCC     : 0.1772
─────────────────────────────────────────────────────────────────
  Test MAE         : 1.6022
  Test RMSE        : 1.7863
  Test R²          : -3.6487
  Test PCC         : 0.5851
=================================================================
2026-06-12 13:07:01,346 | INFO | Best Epoch=188  stopped_epoch=288
2026-06-12 13:07:01,347 | INFO | Test MAE=1.6022  RMSE=1.7863  R²=-3.6487  PCC=0.5851
============================================================
  FIT DIAGNOSIS (best weights)
============================================================
  Metric       Train       Val      Test
────────────────────────────────────────────────────────────
  MAE         0.9342    1.5300    1.6022
  RMSE        1.1818    1.7004    1.7863
  R2         -0.6762   -4.1239   -3.6487
  PCC         0.6035    0.1772    0.5851
============================================================
  ⚠  UNDERFITTING likely

✓ Summary CSV → /mvdlph/masa/GCN_MultiView_MidFusion_Results/training_summary.csv
