✓ stdout → also writing to /mvdlph/masa/GCN_MultiView_EarlyFusion_Results/run_2026_06_12_12_16_35/logs/training_20260612_121635.log
2026-06-12 12:16:35,565 | INFO | ======================================================================
2026-06-12 12:16:35,566 | INFO | ST-GCN Multi-View EARLY FUSION Regression | BZU Physiotherapy Dataset
2026-06-12 12:16:35,567 | INFO | Cameras : [0, 1, 2]  |  Epochs : 300  |  Patience : 100
2026-06-12 12:16:35,567 | INFO | Log file : /mvdlph/masa/GCN_MultiView_EarlyFusion_Results/run_2026_06_12_12_16_35/logs/training_20260612_121635.log
2026-06-12 12:16:35,568 | INFO | ======================================================================
✓ parse_filename and load_skeleton defined

[TRAIN] NPZ files found : 9477
  Samples (all cams): 9477
  Unique trial keys : 327

[VALID] NPZ files found : 2790
  Samples (all cams): 2790
  Unique trial keys : 100

[TEST] NPZ files found : 3108
  Samples (all cams): 3108
  Unique trial keys : 107

Building multi-view index...
  [TRAIN] ⚠️  Skipped 283 sample_keys with incomplete camera coverage
  [TRAIN] Multi-view samples : 3003
  [TRAIN] Quality mean±std   : 4.111 ± 0.816
  [VALID] ⚠️  Skipped 126 sample_keys with incomplete camera coverage
  [VALID] Multi-view samples : 866
  [VALID] Quality mean±std   : 4.219 ± 0.751
  [TEST] ⚠️  Skipped 22 sample_keys with incomplete camera coverage
  [TEST] Multi-view samples : 1024
  [TEST] Quality mean±std   : 4.033 ± 0.777

Checking for corrupted files...
  [TRAIN] Removing 1 corrupted sample(s)
  [TRAIN] Clean samples : 3002
  [VALID] Clean samples : 866
  [TEST] Removing 2 corrupted sample(s)
  [TEST] Clean samples : 1022

Excluding exercises...
  [TRAIN] Excluded E[1, 2, 3, 4, 5, 6, 7, 8, 9] → 2685 rows dropped, 317 remain
  [VALID] Excluded E[1, 2, 3, 4, 5, 6, 7, 8, 9] → 771 rows dropped, 95 remain
  [TEST] Excluded E[1, 2, 3, 4, 5, 6, 7, 8, 9] → 870 rows dropped, 152 remain

  Exercise ID remap : {0: 0}

✓ No data-leakage detected across splits

══════════════════════════════════════════════════════════════════════
  Split     Samples   Correct   Erroneous   Q mean   Q std   Q min   Q max
  ────────────────────────────────────────────────────────────────────
  Train         317       206         111    3.766   0.986   1.340   4.740
  Val            95        59          36    3.561   0.901   2.280   4.680
  Test          152        78          74    3.659   0.787   2.300   4.750
══════════════════════════════════════════════════════════════════════

✓ Multi-view index ready  →  train / val / test DataFrames built
✓ Skeleton visualisation helpers defined
✓ BZUMultiViewDataset defined  (Early Fusion, 3 cameras → 18 channels)

✓ Early-Fusion ST-GCN sanity check passed — output shape: torch.Size([2])
✓ Total trainable parameters: 3,071,744
✓ STGCN_EarlyFusion defined  (in_features=18 = 6 × 3 cameras)
Device : cuda
GPU    : Tesla V100-PCIE-32GB
✓ centre_and_scale (multi-view) and run_epoch defined
=================================================================
Quality score distribution audit
=================================================================
Train  Correct (T≤2)     n= 206  mean=4.396  std=0.254  [3.78, 4.74]
Train  Erroneous (T≥3)   n= 111  mean=2.597  std=0.741  [1.34, 3.88]

Val    Correct (T≤2)     n=  59  mean=4.211  std=0.403  [3.56, 4.68]
Val    Erroneous (T≥3)   n=  36  mean=2.495  std=0.176  [2.28, 2.72]

Test   Correct (T≤2)     n=  78  mean=4.323  std=0.401  [3.58, 4.75]
Test   Erroneous (T≥3)   n=  74  mean=2.960  std=0.383  [2.30, 3.44]

Person distribution:
  Train: ['P0', 'P10', 'P14', 'P15', 'P2', 'P3', 'P4', 'P5', 'P7']
  Val: ['P1', 'P11', 'P6']
  Test: ['P12', 'P13', 'P8', 'P9']
✓ Plotting helpers defined
✓ EarlyStopping defined
2026-06-12 12:17:06,947 | INFO | ======================================================================
2026-06-12 12:17:06,948 | INFO | STARTING EARLY-FUSION REGRESSION TRAINING
2026-06-12 12:17:06,948 | INFO | ======================================================================
2026-06-12 12:17:06,948 | INFO | train=317 val=95 test=152 (multi-view samples, each = 3 cameras fused)

══════════════════════════════════════════════════════════════════════
  Early Fusion  |  Cameras: [0, 1, 2]  |  in_features=18
  Train: 317  Val: 95  Test: 152
  Patience: 100  |  LR: 0.0001  |  Batch: 32
══════════════════════════════════════════════════════════════════════
  Ep   1/300 | Tr loss=0.5936 mae=0.982 r2=-0.356 pcc=0.436 | Vl loss=1.6257 mae=2.128 r2=-4.822 pcc=-0.902 | ES 0/100 ★
2026-06-12 12:17:11,881 | INFO |   Ep   1/300 | Tr loss=0.5936 mae=0.982 r2=-0.356 pcc=0.436 | Vl loss=1.6257 mae=2.128 r2=-4.822 pcc=-0.902 | ES 0/100 ★
    ★ val_mae=2.1281  rmse=2.1630  r2=-4.8218  pcc=-0.9022
  Ep   2/300 | Tr loss=0.4290 mae=0.810 r2=0.093 pcc=0.652 | Vl loss=1.3373 mae=1.692 r2=-4.825 pcc=-0.873 | ES 0/100 ★
2026-06-12 12:17:15,784 | INFO |   Ep   2/300 | Tr loss=0.4290 mae=0.810 r2=0.093 pcc=0.652 | Vl loss=1.3373 mae=1.692 r2=-4.825 pcc=-0.873 | ES 0/100 ★
    ★ val_mae=1.6924  rmse=2.1636  r2=-4.8250  pcc=-0.8732
  Ep   3/300 | Tr loss=0.4552 mae=0.838 r2=0.108 pcc=0.621 | Vl loss=1.3873 mae=1.853 r2=-4.549 pcc=-0.841 | ES 1/100
2026-06-12 12:17:19,832 | INFO |   Ep   3/300 | Tr loss=0.4552 mae=0.838 r2=0.108 pcc=0.621 | Vl loss=1.3873 mae=1.853 r2=-4.549 pcc=-0.841 | ES 1/100
  Ep   4/300 | Tr loss=0.4141 mae=0.780 r2=0.049 pcc=0.639 | Vl loss=1.4217 mae=1.908 r2=-4.474 pcc=0.825 | ES 2/100
2026-06-12 12:17:23,763 | INFO |   Ep   4/300 | Tr loss=0.4141 mae=0.780 r2=0.049 pcc=0.639 | Vl loss=1.4217 mae=1.908 r2=-4.474 pcc=0.825 | ES 2/100
  Ep   5/300 | Tr loss=0.3942 mae=0.754 r2=0.191 pcc=0.640 | Vl loss=1.1180 mae=1.554 r2=-3.036 pcc=-0.789 | ES 0/100 ★
2026-06-12 12:17:27,602 | INFO |   Ep   5/300 | Tr loss=0.3942 mae=0.754 r2=0.191 pcc=0.640 | Vl loss=1.1180 mae=1.554 r2=-3.036 pcc=-0.789 | ES 0/100 ★
    ★ val_mae=1.5536  rmse=1.8009  r2=-3.0355  pcc=-0.7885
  Ep   6/300 | Tr loss=0.3982 mae=0.754 r2=0.125 pcc=0.638 | Vl loss=1.1240 mae=1.551 r2=-3.105 pcc=-0.825 | ES 0/100 ★
2026-06-12 12:17:31,445 | INFO |   Ep   6/300 | Tr loss=0.3982 mae=0.754 r2=0.125 pcc=0.638 | Vl loss=1.1240 mae=1.551 r2=-3.105 pcc=-0.825 | ES 0/100 ★
    ★ val_mae=1.5509  rmse=1.8163  r2=-3.1048  pcc=-0.8248
  Ep   7/300 | Tr loss=0.3652 mae=0.726 r2=0.322 pcc=0.666 | Vl loss=0.8843 mae=1.323 r2=-1.955 pcc=-0.870 | ES 0/100 ★
2026-06-12 12:17:37,406 | INFO |   Ep   7/300 | Tr loss=0.3652 mae=0.726 r2=0.322 pcc=0.666 | Vl loss=0.8843 mae=1.323 r2=-1.955 pcc=-0.870 | ES 0/100 ★
    ★ val_mae=1.3234  rmse=1.5409  r2=-1.9546  pcc=-0.8702
  Ep   8/300 | Tr loss=0.3746 mae=0.749 r2=0.206 pcc=0.662 | Vl loss=0.8621 mae=1.218 r2=-1.903 pcc=-0.800 | ES 0/100 ★
2026-06-12 12:17:41,185 | INFO |   Ep   8/300 | Tr loss=0.3746 mae=0.749 r2=0.206 pcc=0.662 | Vl loss=0.8621 mae=1.218 r2=-1.903 pcc=-0.800 | ES 0/100 ★
    ★ val_mae=1.2184  rmse=1.5273  r2=-1.9027  pcc=-0.7997
  Ep   9/300 | Tr loss=0.3441 mae=0.704 r2=0.285 pcc=0.675 | Vl loss=0.8231 mae=1.186 r2=-1.656 pcc=0.395 | ES 0/100 ★
2026-06-12 12:17:44,974 | INFO |   Ep   9/300 | Tr loss=0.3441 mae=0.704 r2=0.285 pcc=0.675 | Vl loss=0.8231 mae=1.186 r2=-1.656 pcc=0.395 | ES 0/100 ★
    ★ val_mae=1.1859  rmse=1.4610  r2=-1.6560  pcc=0.3953
  Ep  10/300 | Tr loss=0.3611 mae=0.718 r2=0.250 pcc=0.622 | Vl loss=0.6544 mae=1.017 r2=-0.954 pcc=0.818 | ES 0/100 ★
2026-06-12 12:17:48,856 | INFO |   Ep  10/300 | Tr loss=0.3611 mae=0.718 r2=0.250 pcc=0.622 | Vl loss=0.6544 mae=1.017 r2=-0.954 pcc=0.818 | ES 0/100 ★
    ★ val_mae=1.0167  rmse=1.2531  r2=-0.9538  pcc=0.8184
  Ep  11/300 | Tr loss=0.3249 mae=0.674 r2=0.307 pcc=0.654 | Vl loss=0.7787 mae=1.143 r2=-1.471 pcc=0.613 | ES 1/100
2026-06-12 12:17:54,403 | INFO |   Ep  11/300 | Tr loss=0.3249 mae=0.674 r2=0.307 pcc=0.654 | Vl loss=0.7787 mae=1.143 r2=-1.471 pcc=0.613 | ES 1/100
  Ep  12/300 | Tr loss=0.3349 mae=0.681 r2=0.286 pcc=0.620 | Vl loss=0.6977 mae=1.113 r2=-1.158 pcc=-0.771 | ES 2/100
2026-06-12 12:17:58,350 | INFO |   Ep  12/300 | Tr loss=0.3349 mae=0.681 r2=0.286 pcc=0.620 | Vl loss=0.6977 mae=1.113 r2=-1.158 pcc=-0.771 | ES 2/100
  Ep  13/300 | Tr loss=0.2721 mae=0.606 r2=0.465 pcc=0.745 | Vl loss=0.7924 mae=1.153 r2=-1.577 pcc=-0.794 | ES 3/100
2026-06-12 12:18:02,249 | INFO |   Ep  13/300 | Tr loss=0.2721 mae=0.606 r2=0.465 pcc=0.745 | Vl loss=0.7924 mae=1.153 r2=-1.577 pcc=-0.794 | ES 3/100
  Ep  14/300 | Tr loss=0.2750 mae=0.611 r2=0.456 pcc=0.735 | Vl loss=0.8103 mae=1.164 r2=-1.644 pcc=-0.728 | ES 4/100
2026-06-12 12:18:06,175 | INFO |   Ep  14/300 | Tr loss=0.2750 mae=0.611 r2=0.456 pcc=0.735 | Vl loss=0.8103 mae=1.164 r2=-1.644 pcc=-0.728 | ES 4/100
  Ep  15/300 | Tr loss=0.2827 mae=0.620 r2=0.414 pcc=0.707 | Vl loss=0.8644 mae=1.216 r2=-1.875 pcc=-0.509 | ES 5/100
2026-06-12 12:18:10,772 | INFO |   Ep  15/300 | Tr loss=0.2827 mae=0.620 r2=0.414 pcc=0.707 | Vl loss=0.8644 mae=1.216 r2=-1.875 pcc=-0.509 | ES 5/100
  Ep  16/300 | Tr loss=0.2919 mae=0.627 r2=0.407 pcc=0.687 | Vl loss=0.8915 mae=1.260 r2=-1.970 pcc=0.090 | ES 6/100
2026-06-12 12:18:14,629 | INFO |   Ep  16/300 | Tr loss=0.2919 mae=0.627 r2=0.407 pcc=0.687 | Vl loss=0.8915 mae=1.260 r2=-1.970 pcc=0.090 | ES 6/100
  Ep  17/300 | Tr loss=0.2820 mae=0.617 r2=0.447 pcc=0.709 | Vl loss=0.8519 mae=1.204 r2=-1.811 pcc=-0.557 | ES 7/100
2026-06-12 12:18:18,474 | INFO |   Ep  17/300 | Tr loss=0.2820 mae=0.617 r2=0.447 pcc=0.709 | Vl loss=0.8519 mae=1.204 r2=-1.811 pcc=-0.557 | ES 7/100
  Ep  18/300 | Tr loss=0.2626 mae=0.588 r2=0.470 pcc=0.717 | Vl loss=0.8165 mae=1.172 r2=-1.666 pcc=-0.752 | ES 8/100
2026-06-12 12:18:22,321 | INFO |   Ep  18/300 | Tr loss=0.2626 mae=0.588 r2=0.470 pcc=0.717 | Vl loss=0.8165 mae=1.172 r2=-1.666 pcc=-0.752 | ES 8/100
  Ep  19/300 | Tr loss=0.2572 mae=0.585 r2=0.495 pcc=0.733 | Vl loss=0.7985 mae=1.148 r2=-1.565 pcc=-0.261 | ES 9/100
2026-06-12 12:18:26,280 | INFO |   Ep  19/300 | Tr loss=0.2572 mae=0.585 r2=0.495 pcc=0.733 | Vl loss=0.7985 mae=1.148 r2=-1.565 pcc=-0.261 | ES 9/100
  Ep  20/300 | Tr loss=0.2755 mae=0.597 r2=0.433 pcc=0.702 | Vl loss=0.8464 mae=1.222 r2=-1.742 pcc=0.786 | ES 10/100
2026-06-12 12:18:30,411 | INFO |   Ep  20/300 | Tr loss=0.2755 mae=0.597 r2=0.433 pcc=0.702 | Vl loss=0.8464 mae=1.222 r2=-1.742 pcc=0.786 | ES 10/100
  Ep  21/300 | Tr loss=0.2438 mae=0.559 r2=0.515 pcc=0.734 | Vl loss=0.7925 mae=1.147 r2=-1.522 pcc=0.594 | ES 11/100
2026-06-12 12:18:34,308 | INFO |   Ep  21/300 | Tr loss=0.2438 mae=0.559 r2=0.515 pcc=0.734 | Vl loss=0.7925 mae=1.147 r2=-1.522 pcc=0.594 | ES 11/100
  Ep  22/300 | Tr loss=0.2343 mae=0.535 r2=0.575 pcc=0.774 | Vl loss=0.8222 mae=1.175 r2=-1.681 pcc=-0.557 | ES 12/100
2026-06-12 12:18:39,301 | INFO |   Ep  22/300 | Tr loss=0.2343 mae=0.535 r2=0.575 pcc=0.774 | Vl loss=0.8222 mae=1.175 r2=-1.681 pcc=-0.557 | ES 12/100
  Ep  23/300 | Tr loss=0.2562 mae=0.572 r2=0.471 pcc=0.740 | Vl loss=0.8478 mae=1.211 r2=-1.761 pcc=0.613 | ES 13/100
2026-06-12 12:18:43,095 | INFO |   Ep  23/300 | Tr loss=0.2562 mae=0.572 r2=0.471 pcc=0.740 | Vl loss=0.8478 mae=1.211 r2=-1.761 pcc=0.613 | ES 13/100
  Ep  24/300 | Tr loss=0.1894 mae=0.493 r2=0.633 pcc=0.810 | Vl loss=0.7911 mae=1.144 r2=-1.535 pcc=-0.343 | ES 14/100
2026-06-12 12:18:46,896 | INFO |   Ep  24/300 | Tr loss=0.1894 mae=0.493 r2=0.633 pcc=0.810 | Vl loss=0.7911 mae=1.144 r2=-1.535 pcc=-0.343 | ES 14/100
  Ep  25/300 | Tr loss=0.2563 mae=0.580 r2=0.489 pcc=0.725 | Vl loss=0.7856 mae=1.144 r2=-1.526 pcc=-0.721 | ES 15/100
2026-06-12 12:18:50,885 | INFO |   Ep  25/300 | Tr loss=0.2563 mae=0.580 r2=0.489 pcc=0.725 | Vl loss=0.7856 mae=1.144 r2=-1.526 pcc=-0.721 | ES 15/100
  Ep  26/300 | Tr loss=0.2122 mae=0.524 r2=0.560 pcc=0.772 | Vl loss=0.8223 mae=1.182 r2=-1.674 pcc=-0.709 | ES 16/100
2026-06-12 12:18:54,972 | INFO |   Ep  26/300 | Tr loss=0.2122 mae=0.524 r2=0.560 pcc=0.772 | Vl loss=0.8223 mae=1.182 r2=-1.674 pcc=-0.709 | ES 16/100
  Ep  27/300 | Tr loss=0.2243 mae=0.544 r2=0.610 pcc=0.787 | Vl loss=0.7783 mae=1.154 r2=-1.495 pcc=-0.816 | ES 17/100
2026-06-12 12:18:58,893 | INFO |   Ep  27/300 | Tr loss=0.2243 mae=0.544 r2=0.610 pcc=0.787 | Vl loss=0.7783 mae=1.154 r2=-1.495 pcc=-0.816 | ES 17/100
  Ep  28/300 | Tr loss=0.2176 mae=0.528 r2=0.612 pcc=0.797 | Vl loss=0.8260 mae=1.188 r2=-1.718 pcc=-0.727 | ES 18/100
2026-06-12 12:19:02,859 | INFO |   Ep  28/300 | Tr loss=0.2176 mae=0.528 r2=0.612 pcc=0.797 | Vl loss=0.8260 mae=1.188 r2=-1.718 pcc=-0.727 | ES 18/100
  Ep  29/300 | Tr loss=0.2767 mae=0.602 r2=0.436 pcc=0.696 | Vl loss=0.9203 mae=1.276 r2=-2.154 pcc=-0.736 | ES 19/100
2026-06-12 12:19:06,752 | INFO |   Ep  29/300 | Tr loss=0.2767 mae=0.602 r2=0.436 pcc=0.696 | Vl loss=0.9203 mae=1.276 r2=-2.154 pcc=-0.736 | ES 19/100
  Ep  30/300 | Tr loss=0.2579 mae=0.574 r2=0.508 pcc=0.727 | Vl loss=0.8848 mae=1.245 r2=-2.012 pcc=-0.810 | ES 20/100
2026-06-12 12:19:10,645 | INFO |   Ep  30/300 | Tr loss=0.2579 mae=0.574 r2=0.508 pcc=0.727 | Vl loss=0.8848 mae=1.245 r2=-2.012 pcc=-0.810 | ES 20/100
  Ep  31/300 | Tr loss=0.2416 mae=0.566 r2=0.535 pcc=0.742 | Vl loss=0.9178 mae=1.359 r2=-2.114 pcc=-0.863 | ES 21/100
2026-06-12 12:19:14,435 | INFO |   Ep  31/300 | Tr loss=0.2416 mae=0.566 r2=0.535 pcc=0.742 | Vl loss=0.9178 mae=1.359 r2=-2.114 pcc=-0.863 | ES 21/100
  Ep  32/300 | Tr loss=0.2545 mae=0.565 r2=0.506 pcc=0.739 | Vl loss=0.9463 mae=1.391 r2=-2.233 pcc=-0.858 | ES 22/100
2026-06-12 12:19:18,298 | INFO |   Ep  32/300 | Tr loss=0.2545 mae=0.565 r2=0.506 pcc=0.739 | Vl loss=0.9463 mae=1.391 r2=-2.233 pcc=-0.858 | ES 22/100
  Ep  33/300 | Tr loss=0.2187 mae=0.538 r2=0.562 pcc=0.766 | Vl loss=1.0150 mae=1.470 r2=-2.462 pcc=-0.878 | ES 23/100
2026-06-12 12:19:22,216 | INFO |   Ep  33/300 | Tr loss=0.2187 mae=0.538 r2=0.562 pcc=0.766 | Vl loss=1.0150 mae=1.470 r2=-2.462 pcc=-0.878 | ES 23/100
  Ep  34/300 | Tr loss=0.2177 mae=0.517 r2=0.597 pcc=0.782 | Vl loss=0.9736 mae=1.411 r2=-2.404 pcc=-0.861 | ES 24/100
2026-06-12 12:19:26,048 | INFO |   Ep  34/300 | Tr loss=0.2177 mae=0.517 r2=0.597 pcc=0.782 | Vl loss=0.9736 mae=1.411 r2=-2.404 pcc=-0.861 | ES 24/100
  Ep  35/300 | Tr loss=0.2185 mae=0.532 r2=0.562 pcc=0.768 | Vl loss=1.0871 mae=1.540 r2=-2.763 pcc=-0.878 | ES 25/100
2026-06-12 12:19:29,836 | INFO |   Ep  35/300 | Tr loss=0.2185 mae=0.532 r2=0.562 pcc=0.768 | Vl loss=1.0871 mae=1.540 r2=-2.763 pcc=-0.878 | ES 25/100
  Ep  36/300 | Tr loss=0.2605 mae=0.569 r2=0.463 pcc=0.724 | Vl loss=1.0162 mae=1.468 r2=-2.506 pcc=-0.856 | ES 26/100
2026-06-12 12:19:33,910 | INFO |   Ep  36/300 | Tr loss=0.2605 mae=0.569 r2=0.463 pcc=0.724 | Vl loss=1.0162 mae=1.468 r2=-2.506 pcc=-0.856 | ES 26/100
  Ep  37/300 | Tr loss=0.2156 mae=0.536 r2=0.596 pcc=0.779 | Vl loss=1.1284 mae=1.592 r2=-2.748 pcc=-0.880 | ES 27/100
2026-06-12 12:19:40,320 | INFO |   Ep  37/300 | Tr loss=0.2156 mae=0.536 r2=0.596 pcc=0.779 | Vl loss=1.1284 mae=1.592 r2=-2.748 pcc=-0.880 | ES 27/100
  Ep  38/300 | Tr loss=0.2311 mae=0.549 r2=0.504 pcc=0.735 | Vl loss=1.1384 mae=1.596 r2=-2.897 pcc=-0.872 | ES 28/100
2026-06-12 12:19:44,204 | INFO |   Ep  38/300 | Tr loss=0.2311 mae=0.549 r2=0.504 pcc=0.735 | Vl loss=1.1384 mae=1.596 r2=-2.897 pcc=-0.872 | ES 28/100
  Ep  39/300 | Tr loss=0.2363 mae=0.546 r2=0.550 pcc=0.751 | Vl loss=1.1037 mae=1.559 r2=-2.744 pcc=-0.870 | ES 29/100
2026-06-12 12:19:48,967 | INFO |   Ep  39/300 | Tr loss=0.2363 mae=0.546 r2=0.550 pcc=0.751 | Vl loss=1.1037 mae=1.559 r2=-2.744 pcc=-0.870 | ES 29/100
  Ep  40/300 | Tr loss=0.2225 mae=0.538 r2=0.565 pcc=0.765 | Vl loss=1.1050 mae=1.558 r2=-2.809 pcc=-0.863 | ES 30/100
2026-06-12 12:19:52,925 | INFO |   Ep  40/300 | Tr loss=0.2225 mae=0.538 r2=0.565 pcc=0.765 | Vl loss=1.1050 mae=1.558 r2=-2.809 pcc=-0.863 | ES 30/100
  Ep  41/300 | Tr loss=0.2373 mae=0.544 r2=0.551 pcc=0.754 | Vl loss=1.1872 mae=1.650 r2=-3.077 pcc=-0.878 | ES 31/100
2026-06-12 12:19:56,819 | INFO |   Ep  41/300 | Tr loss=0.2373 mae=0.544 r2=0.551 pcc=0.754 | Vl loss=1.1872 mae=1.650 r2=-3.077 pcc=-0.878 | ES 31/100
  Ep  42/300 | Tr loss=0.2431 mae=0.548 r2=0.466 pcc=0.708 | Vl loss=1.2426 mae=1.707 r2=-3.338 pcc=-0.873 | ES 32/100
2026-06-12 12:20:00,731 | INFO |   Ep  42/300 | Tr loss=0.2431 mae=0.548 r2=0.466 pcc=0.708 | Vl loss=1.2426 mae=1.707 r2=-3.338 pcc=-0.873 | ES 32/100
  Ep  43/300 | Tr loss=0.1935 mae=0.478 r2=0.619 pcc=0.790 | Vl loss=1.2601 mae=1.739 r2=-3.242 pcc=-0.878 | ES 33/100
2026-06-12 12:20:04,690 | INFO |   Ep  43/300 | Tr loss=0.1935 mae=0.478 r2=0.619 pcc=0.790 | Vl loss=1.2601 mae=1.739 r2=-3.242 pcc=-0.878 | ES 33/100
  Ep  44/300 | Tr loss=0.2186 mae=0.518 r2=0.561 pcc=0.769 | Vl loss=1.3004 mae=1.778 r2=-3.473 pcc=-0.875 | ES 34/100
2026-06-12 12:20:08,637 | INFO |   Ep  44/300 | Tr loss=0.2186 mae=0.518 r2=0.561 pcc=0.769 | Vl loss=1.3004 mae=1.778 r2=-3.473 pcc=-0.875 | ES 34/100
  Ep  45/300 | Tr loss=0.2499 mae=0.568 r2=0.526 pcc=0.734 | Vl loss=1.2610 mae=1.737 r2=-3.265 pcc=-0.868 | ES 35/100
2026-06-12 12:20:12,821 | INFO |   Ep  45/300 | Tr loss=0.2499 mae=0.568 r2=0.526 pcc=0.734 | Vl loss=1.2610 mae=1.737 r2=-3.265 pcc=-0.868 | ES 35/100
  Ep  46/300 | Tr loss=0.2366 mae=0.538 r2=0.541 pcc=0.748 | Vl loss=1.3089 mae=1.797 r2=-3.387 pcc=-0.883 | ES 36/100
2026-06-12 12:20:16,713 | INFO |   Ep  46/300 | Tr loss=0.2366 mae=0.538 r2=0.541 pcc=0.748 | Vl loss=1.3089 mae=1.797 r2=-3.387 pcc=-0.883 | ES 36/100
  Ep  47/300 | Tr loss=0.2412 mae=0.549 r2=0.548 pcc=0.753 | Vl loss=1.2809 mae=1.764 r2=-3.301 pcc=-0.878 | ES 37/100
2026-06-12 12:20:20,620 | INFO |   Ep  47/300 | Tr loss=0.2412 mae=0.549 r2=0.548 pcc=0.753 | Vl loss=1.2809 mae=1.764 r2=-3.301 pcc=-0.878 | ES 37/100
  Ep  48/300 | Tr loss=0.2316 mae=0.530 r2=0.533 pcc=0.749 | Vl loss=1.2742 mae=1.745 r2=-3.420 pcc=-0.871 | ES 38/100
2026-06-12 12:20:24,610 | INFO |   Ep  48/300 | Tr loss=0.2316 mae=0.530 r2=0.533 pcc=0.749 | Vl loss=1.2742 mae=1.745 r2=-3.420 pcc=-0.871 | ES 38/100
  Ep  49/300 | Tr loss=0.2316 mae=0.539 r2=0.552 pcc=0.747 | Vl loss=1.3066 mae=1.786 r2=-3.491 pcc=-0.878 | ES 39/100
2026-06-12 12:20:28,609 | INFO |   Ep  49/300 | Tr loss=0.2316 mae=0.539 r2=0.552 pcc=0.747 | Vl loss=1.3066 mae=1.786 r2=-3.491 pcc=-0.878 | ES 39/100
  Ep  50/300 | Tr loss=0.2471 mae=0.561 r2=0.464 pcc=0.716 | Vl loss=1.4169 mae=1.905 r2=-3.991 pcc=-0.887 | ES 40/100
2026-06-12 12:20:32,501 | INFO |   Ep  50/300 | Tr loss=0.2471 mae=0.561 r2=0.464 pcc=0.716 | Vl loss=1.4169 mae=1.905 r2=-3.991 pcc=-0.887 | ES 40/100
  Ep  51/300 | Tr loss=0.1889 mae=0.486 r2=0.606 pcc=0.784 | Vl loss=1.4116 mae=1.896 r2=-4.000 pcc=-0.880 | ES 41/100
2026-06-12 12:20:36,384 | INFO |   Ep  51/300 | Tr loss=0.1889 mae=0.486 r2=0.606 pcc=0.784 | Vl loss=1.4116 mae=1.896 r2=-4.000 pcc=-0.880 | ES 41/100
  Ep  52/300 | Tr loss=0.2020 mae=0.498 r2=0.558 pcc=0.760 | Vl loss=1.4711 mae=1.962 r2=-4.246 pcc=-0.893 | ES 42/100
2026-06-12 12:20:40,402 | INFO |   Ep  52/300 | Tr loss=0.2020 mae=0.498 r2=0.558 pcc=0.760 | Vl loss=1.4711 mae=1.962 r2=-4.246 pcc=-0.893 | ES 42/100
  Ep  53/300 | Tr loss=0.2081 mae=0.511 r2=0.589 pcc=0.778 | Vl loss=1.4270 mae=1.917 r2=-3.985 pcc=-0.881 | ES 43/100
2026-06-12 12:20:44,517 | INFO |   Ep  53/300 | Tr loss=0.2081 mae=0.511 r2=0.589 pcc=0.778 | Vl loss=1.4270 mae=1.917 r2=-3.985 pcc=-0.881 | ES 43/100
  Ep  54/300 | Tr loss=0.2169 mae=0.525 r2=0.557 pcc=0.757 | Vl loss=1.5383 mae=2.033 r2=-4.536 pcc=-0.889 | ES 44/100
2026-06-12 12:20:48,456 | INFO |   Ep  54/300 | Tr loss=0.2169 mae=0.525 r2=0.557 pcc=0.757 | Vl loss=1.5383 mae=2.033 r2=-4.536 pcc=-0.889 | ES 44/100
  Ep  55/300 | Tr loss=0.1865 mae=0.468 r2=0.626 pcc=0.797 | Vl loss=1.5455 mae=2.038 r2=-4.623 pcc=-0.887 | ES 45/100
2026-06-12 12:20:52,305 | INFO |   Ep  55/300 | Tr loss=0.1865 mae=0.468 r2=0.626 pcc=0.797 | Vl loss=1.5455 mae=2.038 r2=-4.623 pcc=-0.887 | ES 45/100
  Ep  56/300 | Tr loss=0.2318 mae=0.525 r2=0.568 pcc=0.765 | Vl loss=1.4672 mae=1.957 r2=-4.228 pcc=-0.884 | ES 46/100
2026-06-12 12:20:56,237 | INFO |   Ep  56/300 | Tr loss=0.2318 mae=0.525 r2=0.568 pcc=0.765 | Vl loss=1.4672 mae=1.957 r2=-4.228 pcc=-0.884 | ES 46/100
  Ep  57/300 | Tr loss=0.2350 mae=0.519 r2=0.515 pcc=0.743 | Vl loss=1.4116 mae=1.893 r2=-4.053 pcc=-0.882 | ES 47/100
2026-06-12 12:21:00,101 | INFO |   Ep  57/300 | Tr loss=0.2350 mae=0.519 r2=0.515 pcc=0.743 | Vl loss=1.4116 mae=1.893 r2=-4.053 pcc=-0.882 | ES 47/100
  Ep  58/300 | Tr loss=0.2123 mae=0.513 r2=0.608 pcc=0.782 | Vl loss=1.5193 mae=2.013 r2=-4.444 pcc=-0.886 | ES 48/100
2026-06-12 12:21:03,967 | INFO |   Ep  58/300 | Tr loss=0.2123 mae=0.513 r2=0.608 pcc=0.782 | Vl loss=1.5193 mae=2.013 r2=-4.444 pcc=-0.886 | ES 48/100
  Ep  59/300 | Tr loss=0.2358 mae=0.541 r2=0.513 pcc=0.737 | Vl loss=1.5475 mae=2.040 r2=-4.644 pcc=-0.889 | ES 49/100
2026-06-12 12:21:07,821 | INFO |   Ep  59/300 | Tr loss=0.2358 mae=0.541 r2=0.513 pcc=0.737 | Vl loss=1.5475 mae=2.040 r2=-4.644 pcc=-0.889 | ES 49/100
  Ep  60/300 | Tr loss=0.2023 mae=0.492 r2=0.608 pcc=0.784 | Vl loss=1.5610 mae=2.054 r2=-4.703 pcc=-0.892 | ES 50/100
2026-06-12 12:21:11,939 | INFO |   Ep  60/300 | Tr loss=0.2023 mae=0.492 r2=0.608 pcc=0.784 | Vl loss=1.5610 mae=2.054 r2=-4.703 pcc=-0.892 | ES 50/100
Epoch 00061: reducing learning rate of group 0 to 5.0000e-05.
  Ep  61/300 | Tr loss=0.1948 mae=0.483 r2=0.645 pcc=0.808 | Vl loss=1.5635 mae=2.058 r2=-4.683 pcc=-0.894 | ES 51/100
2026-06-12 12:21:15,719 | INFO |   Ep  61/300 | Tr loss=0.1948 mae=0.483 r2=0.645 pcc=0.808 | Vl loss=1.5635 mae=2.058 r2=-4.683 pcc=-0.894 | ES 51/100
  Ep  62/300 | Tr loss=0.1808 mae=0.467 r2=0.642 pcc=0.815 | Vl loss=1.6442 mae=2.139 r2=-5.147 pcc=-0.895 | ES 52/100
2026-06-12 12:21:19,682 | INFO |   Ep  62/300 | Tr loss=0.1808 mae=0.467 r2=0.642 pcc=0.815 | Vl loss=1.6442 mae=2.139 r2=-5.147 pcc=-0.895 | ES 52/100
  Ep  63/300 | Tr loss=0.2291 mae=0.531 r2=0.519 pcc=0.738 | Vl loss=1.6398 mae=2.135 r2=-5.109 pcc=-0.891 | ES 53/100
2026-06-12 12:21:23,584 | INFO |   Ep  63/300 | Tr loss=0.2291 mae=0.531 r2=0.519 pcc=0.738 | Vl loss=1.6398 mae=2.135 r2=-5.109 pcc=-0.891 | ES 53/100
  Ep  64/300 | Tr loss=0.2185 mae=0.526 r2=0.608 pcc=0.787 | Vl loss=1.5959 mae=2.093 r2=-4.788 pcc=-0.892 | ES 54/100
2026-06-12 12:21:27,360 | INFO |   Ep  64/300 | Tr loss=0.2185 mae=0.526 r2=0.608 pcc=0.787 | Vl loss=1.5959 mae=2.093 r2=-4.788 pcc=-0.892 | ES 54/100
  Ep  65/300 | Tr loss=0.2053 mae=0.500 r2=0.607 pcc=0.788 | Vl loss=1.4917 mae=1.989 r2=-4.194 pcc=-0.889 | ES 55/100
2026-06-12 12:21:31,330 | INFO |   Ep  65/300 | Tr loss=0.2053 mae=0.500 r2=0.607 pcc=0.788 | Vl loss=1.4917 mae=1.989 r2=-4.194 pcc=-0.889 | ES 55/100
  Ep  66/300 | Tr loss=0.2273 mae=0.524 r2=0.541 pcc=0.753 | Vl loss=1.5695 mae=2.067 r2=-4.630 pcc=-0.889 | ES 56/100
2026-06-12 12:21:35,274 | INFO |   Ep  66/300 | Tr loss=0.2273 mae=0.524 r2=0.541 pcc=0.753 | Vl loss=1.5695 mae=2.067 r2=-4.630 pcc=-0.889 | ES 56/100
  Ep  67/300 | Tr loss=0.2057 mae=0.497 r2=0.604 pcc=0.785 | Vl loss=1.5805 mae=2.077 r2=-4.713 pcc=-0.890 | ES 57/100
2026-06-12 12:21:39,210 | INFO |   Ep  67/300 | Tr loss=0.2057 mae=0.497 r2=0.604 pcc=0.785 | Vl loss=1.5805 mae=2.077 r2=-4.713 pcc=-0.890 | ES 57/100
  Ep  68/300 | Tr loss=0.2135 mae=0.505 r2=0.554 pcc=0.762 | Vl loss=1.5555 mae=2.050 r2=-4.610 pcc=-0.885 | ES 58/100
2026-06-12 12:21:43,067 | INFO |   Ep  68/300 | Tr loss=0.2135 mae=0.505 r2=0.554 pcc=0.762 | Vl loss=1.5555 mae=2.050 r2=-4.610 pcc=-0.885 | ES 58/100
  Ep  69/300 | Tr loss=0.2256 mae=0.534 r2=0.553 pcc=0.751 | Vl loss=1.6271 mae=2.122 r2=-5.053 pcc=-0.893 | ES 59/100
2026-06-12 12:21:47,039 | INFO |   Ep  69/300 | Tr loss=0.2256 mae=0.534 r2=0.553 pcc=0.751 | Vl loss=1.6271 mae=2.122 r2=-5.053 pcc=-0.893 | ES 59/100
  Ep  70/300 | Tr loss=0.1788 mae=0.452 r2=0.622 pcc=0.797 | Vl loss=1.6039 mae=2.098 r2=-4.931 pcc=-0.892 | ES 60/100
2026-06-12 12:21:50,832 | INFO |   Ep  70/300 | Tr loss=0.1788 mae=0.452 r2=0.622 pcc=0.797 | Vl loss=1.6039 mae=2.098 r2=-4.931 pcc=-0.892 | ES 60/100
  Ep  71/300 | Tr loss=0.1769 mae=0.462 r2=0.635 pcc=0.801 | Vl loss=1.5465 mae=2.040 r2=-4.595 pcc=-0.886 | ES 61/100
2026-06-12 12:21:54,757 | INFO |   Ep  71/300 | Tr loss=0.1769 mae=0.462 r2=0.635 pcc=0.801 | Vl loss=1.5465 mae=2.040 r2=-4.595 pcc=-0.886 | ES 61/100
  Ep  72/300 | Tr loss=0.2071 mae=0.503 r2=0.618 pcc=0.788 | Vl loss=1.5112 mae=2.007 r2=-4.335 pcc=-0.886 | ES 62/100
2026-06-12 12:21:58,539 | INFO |   Ep  72/300 | Tr loss=0.2071 mae=0.503 r2=0.618 pcc=0.788 | Vl loss=1.5112 mae=2.007 r2=-4.335 pcc=-0.886 | ES 62/100
  Ep  73/300 | Tr loss=0.2556 mae=0.571 r2=0.472 pcc=0.712 | Vl loss=1.5491 mae=2.044 r2=-4.571 pcc=-0.887 | ES 63/100
2026-06-12 12:22:02,472 | INFO |   Ep  73/300 | Tr loss=0.2556 mae=0.571 r2=0.472 pcc=0.712 | Vl loss=1.5491 mae=2.044 r2=-4.571 pcc=-0.887 | ES 63/100
  Ep  74/300 | Tr loss=0.2319 mae=0.545 r2=0.552 pcc=0.748 | Vl loss=1.5700 mae=2.066 r2=-4.661 pcc=-0.888 | ES 64/100
2026-06-12 12:22:06,842 | INFO |   Ep  74/300 | Tr loss=0.2319 mae=0.545 r2=0.552 pcc=0.748 | Vl loss=1.5700 mae=2.066 r2=-4.661 pcc=-0.888 | ES 64/100
  Ep  75/300 | Tr loss=0.1708 mae=0.443 r2=0.663 pcc=0.817 | Vl loss=1.4607 mae=1.956 r2=-4.059 pcc=-0.882 | ES 65/100
2026-06-12 12:22:10,827 | INFO |   Ep  75/300 | Tr loss=0.1708 mae=0.443 r2=0.663 pcc=0.817 | Vl loss=1.4607 mae=1.956 r2=-4.059 pcc=-0.882 | ES 65/100
  Ep  76/300 | Tr loss=0.2515 mae=0.563 r2=0.461 pcc=0.697 | Vl loss=1.6646 mae=2.161 r2=-5.237 pcc=-0.896 | ES 66/100
2026-06-12 12:22:14,773 | INFO |   Ep  76/300 | Tr loss=0.2515 mae=0.563 r2=0.461 pcc=0.697 | Vl loss=1.6646 mae=2.161 r2=-5.237 pcc=-0.896 | ES 66/100
  Ep  77/300 | Tr loss=0.1974 mae=0.478 r2=0.587 pcc=0.778 | Vl loss=1.5993 mae=2.094 r2=-4.859 pcc=-0.889 | ES 67/100
2026-06-12 12:22:18,691 | INFO |   Ep  77/300 | Tr loss=0.1974 mae=0.478 r2=0.587 pcc=0.778 | Vl loss=1.5993 mae=2.094 r2=-4.859 pcc=-0.889 | ES 67/100
  Ep  78/300 | Tr loss=0.1959 mae=0.493 r2=0.617 pcc=0.788 | Vl loss=1.6404 mae=2.136 r2=-5.088 pcc=-0.894 | ES 68/100
2026-06-12 12:22:22,465 | INFO |   Ep  78/300 | Tr loss=0.1959 mae=0.493 r2=0.617 pcc=0.788 | Vl loss=1.6404 mae=2.136 r2=-5.088 pcc=-0.894 | ES 68/100
  Ep  79/300 | Tr loss=0.2126 mae=0.502 r2=0.557 pcc=0.761 | Vl loss=1.6585 mae=2.154 r2=-5.224 pcc=-0.894 | ES 69/100
2026-06-12 12:22:26,325 | INFO |   Ep  79/300 | Tr loss=0.2126 mae=0.502 r2=0.557 pcc=0.761 | Vl loss=1.6585 mae=2.154 r2=-5.224 pcc=-0.894 | ES 69/100
  Ep  80/300 | Tr loss=0.2345 mae=0.541 r2=0.509 pcc=0.729 | Vl loss=1.6532 mae=2.149 r2=-5.181 pcc=-0.893 | ES 70/100
2026-06-12 12:22:30,224 | INFO |   Ep  80/300 | Tr loss=0.2345 mae=0.541 r2=0.509 pcc=0.729 | Vl loss=1.6532 mae=2.149 r2=-5.181 pcc=-0.893 | ES 70/100
  Ep  81/300 | Tr loss=0.2022 mae=0.489 r2=0.595 pcc=0.776 | Vl loss=1.5035 mae=1.996 r2=-4.344 pcc=-0.882 | ES 71/100
2026-06-12 12:22:34,091 | INFO |   Ep  81/300 | Tr loss=0.2022 mae=0.489 r2=0.595 pcc=0.776 | Vl loss=1.5035 mae=1.996 r2=-4.344 pcc=-0.882 | ES 71/100
  Ep  82/300 | Tr loss=0.1868 mae=0.475 r2=0.644 pcc=0.808 | Vl loss=1.4208 mae=1.914 r2=-3.876 pcc=-0.875 | ES 72/100
2026-06-12 12:22:37,932 | INFO |   Ep  82/300 | Tr loss=0.1868 mae=0.475 r2=0.644 pcc=0.808 | Vl loss=1.4208 mae=1.914 r2=-3.876 pcc=-0.875 | ES 72/100
  Ep  83/300 | Tr loss=0.2358 mae=0.548 r2=0.549 pcc=0.746 | Vl loss=1.5368 mae=2.031 r2=-4.510 pcc=-0.887 | ES 73/100
2026-06-12 12:22:41,956 | INFO |   Ep  83/300 | Tr loss=0.2358 mae=0.548 r2=0.549 pcc=0.746 | Vl loss=1.5368 mae=2.031 r2=-4.510 pcc=-0.887 | ES 73/100
  Ep  84/300 | Tr loss=0.2072 mae=0.507 r2=0.649 pcc=0.807 | Vl loss=1.4045 mae=1.896 r2=-3.820 pcc=-0.876 | ES 74/100
2026-06-12 12:22:45,751 | INFO |   Ep  84/300 | Tr loss=0.2072 mae=0.507 r2=0.649 pcc=0.807 | Vl loss=1.4045 mae=1.896 r2=-3.820 pcc=-0.876 | ES 74/100
  Ep  85/300 | Tr loss=0.2067 mae=0.512 r2=0.562 pcc=0.767 | Vl loss=1.5438 mae=2.034 r2=-4.650 pcc=-0.886 | ES 75/100
2026-06-12 12:22:49,632 | INFO |   Ep  85/300 | Tr loss=0.2067 mae=0.512 r2=0.562 pcc=0.767 | Vl loss=1.5438 mae=2.034 r2=-4.650 pcc=-0.886 | ES 75/100
  Ep  86/300 | Tr loss=0.1986 mae=0.491 r2=0.620 pcc=0.790 | Vl loss=1.4951 mae=1.981 r2=-4.433 pcc=-0.879 | ES 76/100
2026-06-12 12:22:53,893 | INFO |   Ep  86/300 | Tr loss=0.1986 mae=0.491 r2=0.620 pcc=0.790 | Vl loss=1.4951 mae=1.981 r2=-4.433 pcc=-0.879 | ES 76/100
  Ep  87/300 | Tr loss=0.2241 mae=0.533 r2=0.537 pcc=0.742 | Vl loss=1.5936 mae=2.084 r2=-4.962 pcc=-0.887 | ES 77/100
2026-06-12 12:22:57,842 | INFO |   Ep  87/300 | Tr loss=0.2241 mae=0.533 r2=0.537 pcc=0.742 | Vl loss=1.5936 mae=2.084 r2=-4.962 pcc=-0.887 | ES 77/100
  Ep  88/300 | Tr loss=0.2316 mae=0.543 r2=0.491 pcc=0.720 | Vl loss=1.6838 mae=2.176 r2=-5.482 pcc=-0.891 | ES 78/100
2026-06-12 12:23:01,820 | INFO |   Ep  88/300 | Tr loss=0.2316 mae=0.543 r2=0.491 pcc=0.720 | Vl loss=1.6838 mae=2.176 r2=-5.482 pcc=-0.891 | ES 78/100
  Ep  89/300 | Tr loss=0.2251 mae=0.528 r2=0.571 pcc=0.758 | Vl loss=1.6901 mae=2.185 r2=-5.403 pcc=-0.891 | ES 79/100
2026-06-12 12:23:05,714 | INFO |   Ep  89/300 | Tr loss=0.2251 mae=0.528 r2=0.571 pcc=0.758 | Vl loss=1.6901 mae=2.185 r2=-5.403 pcc=-0.891 | ES 79/100
  Ep  90/300 | Tr loss=0.1908 mae=0.477 r2=0.646 pcc=0.808 | Vl loss=1.6091 mae=2.106 r2=-4.841 pcc=-0.884 | ES 80/100
2026-06-12 12:23:09,640 | INFO |   Ep  90/300 | Tr loss=0.1908 mae=0.477 r2=0.646 pcc=0.808 | Vl loss=1.6091 mae=2.106 r2=-4.841 pcc=-0.884 | ES 80/100
  Ep  91/300 | Tr loss=0.1975 mae=0.487 r2=0.601 pcc=0.785 | Vl loss=1.6268 mae=2.123 r2=-4.960 pcc=-0.884 | ES 81/100
2026-06-12 12:23:14,269 | INFO |   Ep  91/300 | Tr loss=0.1975 mae=0.487 r2=0.601 pcc=0.785 | Vl loss=1.6268 mae=2.123 r2=-4.960 pcc=-0.884 | ES 81/100
  Ep  92/300 | Tr loss=0.1912 mae=0.486 r2=0.633 pcc=0.803 | Vl loss=1.6180 mae=2.113 r2=-4.966 pcc=-0.885 | ES 82/100
2026-06-12 12:23:18,056 | INFO |   Ep  92/300 | Tr loss=0.1912 mae=0.486 r2=0.633 pcc=0.803 | Vl loss=1.6180 mae=2.113 r2=-4.966 pcc=-0.885 | ES 82/100
  Ep  93/300 | Tr loss=0.1783 mae=0.462 r2=0.649 pcc=0.808 | Vl loss=1.6314 mae=2.126 r2=-5.076 pcc=-0.889 | ES 83/100
2026-06-12 12:23:21,858 | INFO |   Ep  93/300 | Tr loss=0.1783 mae=0.462 r2=0.649 pcc=0.808 | Vl loss=1.6314 mae=2.126 r2=-5.076 pcc=-0.889 | ES 83/100
  Ep  94/300 | Tr loss=0.1806 mae=0.474 r2=0.659 pcc=0.816 | Vl loss=1.6099 mae=2.102 r2=-5.020 pcc=-0.888 | ES 84/100
2026-06-12 12:23:25,754 | INFO |   Ep  94/300 | Tr loss=0.1806 mae=0.474 r2=0.659 pcc=0.816 | Vl loss=1.6099 mae=2.102 r2=-5.020 pcc=-0.888 | ES 84/100
  Ep  95/300 | Tr loss=0.1909 mae=0.478 r2=0.616 pcc=0.797 | Vl loss=1.6654 mae=2.155 r2=-5.436 pcc=-0.889 | ES 85/100
2026-06-12 12:23:29,761 | INFO |   Ep  95/300 | Tr loss=0.1909 mae=0.478 r2=0.616 pcc=0.797 | Vl loss=1.6654 mae=2.155 r2=-5.436 pcc=-0.889 | ES 85/100
  Ep  96/300 | Tr loss=0.1961 mae=0.477 r2=0.561 pcc=0.769 | Vl loss=1.5905 mae=2.070 r2=-5.196 pcc=-0.883 | ES 86/100
2026-06-12 12:23:33,656 | INFO |   Ep  96/300 | Tr loss=0.1961 mae=0.477 r2=0.561 pcc=0.769 | Vl loss=1.5905 mae=2.070 r2=-5.196 pcc=-0.883 | ES 86/100
  Ep  97/300 | Tr loss=0.1822 mae=0.474 r2=0.637 pcc=0.801 | Vl loss=1.4518 mae=1.929 r2=-4.334 pcc=-0.872 | ES 87/100
2026-06-12 12:23:37,578 | INFO |   Ep  97/300 | Tr loss=0.1822 mae=0.474 r2=0.637 pcc=0.801 | Vl loss=1.4518 mae=1.929 r2=-4.334 pcc=-0.872 | ES 87/100
  Ep  98/300 | Tr loss=0.1900 mae=0.457 r2=0.644 pcc=0.804 | Vl loss=1.3917 mae=1.875 r2=-3.888 pcc=-0.874 | ES 88/100
2026-06-12 12:23:41,507 | INFO |   Ep  98/300 | Tr loss=0.1900 mae=0.457 r2=0.644 pcc=0.804 | Vl loss=1.3917 mae=1.875 r2=-3.888 pcc=-0.874 | ES 88/100
  Ep  99/300 | Tr loss=0.2149 mae=0.503 r2=0.566 pcc=0.764 | Vl loss=1.4102 mae=1.892 r2=-4.017 pcc=-0.874 | ES 89/100
2026-06-12 12:23:45,378 | INFO |   Ep  99/300 | Tr loss=0.2149 mae=0.503 r2=0.566 pcc=0.764 | Vl loss=1.4102 mae=1.892 r2=-4.017 pcc=-0.874 | ES 89/100
  Ep 100/300 | Tr loss=0.2464 mae=0.550 r2=0.508 pcc=0.733 | Vl loss=1.5125 mae=2.002 r2=-4.484 pcc=-0.881 | ES 90/100
2026-06-12 12:23:49,954 | INFO |   Ep 100/300 | Tr loss=0.2464 mae=0.550 r2=0.508 pcc=0.733 | Vl loss=1.5125 mae=2.002 r2=-4.484 pcc=-0.881 | ES 90/100
  Ep 101/300 | Tr loss=0.1980 mae=0.492 r2=0.617 pcc=0.789 | Vl loss=1.5268 mae=2.020 r2=-4.475 pcc=-0.883 | ES 91/100
2026-06-12 12:23:53,878 | INFO |   Ep 101/300 | Tr loss=0.1980 mae=0.492 r2=0.617 pcc=0.789 | Vl loss=1.5268 mae=2.020 r2=-4.475 pcc=-0.883 | ES 91/100
  Ep 102/300 | Tr loss=0.1939 mae=0.471 r2=0.611 pcc=0.791 | Vl loss=1.5101 mae=2.003 r2=-4.387 pcc=-0.880 | ES 92/100
2026-06-12 12:23:58,042 | INFO |   Ep 102/300 | Tr loss=0.1939 mae=0.471 r2=0.611 pcc=0.791 | Vl loss=1.5101 mae=2.003 r2=-4.387 pcc=-0.880 | ES 92/100
  Ep 103/300 | Tr loss=0.2189 mae=0.525 r2=0.565 pcc=0.763 | Vl loss=1.6358 mae=2.130 r2=-5.119 pcc=-0.890 | ES 93/100
2026-06-12 12:24:02,000 | INFO |   Ep 103/300 | Tr loss=0.2189 mae=0.525 r2=0.565 pcc=0.763 | Vl loss=1.6358 mae=2.130 r2=-5.119 pcc=-0.890 | ES 93/100
  Ep 104/300 | Tr loss=0.2260 mae=0.524 r2=0.543 pcc=0.749 | Vl loss=1.5986 mae=2.087 r2=-5.045 pcc=-0.888 | ES 94/100
2026-06-12 12:24:05,889 | INFO |   Ep 104/300 | Tr loss=0.2260 mae=0.524 r2=0.543 pcc=0.749 | Vl loss=1.5986 mae=2.087 r2=-5.045 pcc=-0.888 | ES 94/100
  Ep 105/300 | Tr loss=0.1758 mae=0.452 r2=0.676 pcc=0.826 | Vl loss=1.5672 mae=2.053 r2=-4.903 pcc=-0.884 | ES 95/100
2026-06-12 12:24:09,824 | INFO |   Ep 105/300 | Tr loss=0.1758 mae=0.452 r2=0.676 pcc=0.826 | Vl loss=1.5672 mae=2.053 r2=-4.903 pcc=-0.884 | ES 95/100
  Ep 106/300 | Tr loss=0.1968 mae=0.484 r2=0.608 pcc=0.785 | Vl loss=1.5451 mae=2.032 r2=-4.739 pcc=-0.885 | ES 96/100
2026-06-12 12:24:13,596 | INFO |   Ep 106/300 | Tr loss=0.1968 mae=0.484 r2=0.608 pcc=0.785 | Vl loss=1.5451 mae=2.032 r2=-4.739 pcc=-0.885 | ES 96/100
  Ep 107/300 | Tr loss=0.2115 mae=0.496 r2=0.567 pcc=0.776 | Vl loss=1.6205 mae=2.111 r2=-5.136 pcc=-0.885 | ES 97/100
2026-06-12 12:24:17,525 | INFO |   Ep 107/300 | Tr loss=0.2115 mae=0.496 r2=0.567 pcc=0.776 | Vl loss=1.6205 mae=2.111 r2=-5.136 pcc=-0.885 | ES 97/100
  Ep 108/300 | Tr loss=0.2087 mae=0.512 r2=0.567 pcc=0.758 | Vl loss=1.7199 mae=2.215 r2=-5.627 pcc=-0.891 | ES 98/100
2026-06-12 12:24:21,489 | INFO |   Ep 108/300 | Tr loss=0.2087 mae=0.512 r2=0.567 pcc=0.758 | Vl loss=1.7199 mae=2.215 r2=-5.627 pcc=-0.891 | ES 98/100
  Ep 109/300 | Tr loss=0.1814 mae=0.458 r2=0.645 pcc=0.808 | Vl loss=1.6728 mae=2.168 r2=-5.329 pcc=-0.890 | ES 99/100
2026-06-12 12:24:25,491 | INFO |   Ep 109/300 | Tr loss=0.1814 mae=0.458 r2=0.645 pcc=0.808 | Vl loss=1.6728 mae=2.168 r2=-5.329 pcc=-0.890 | ES 99/100
  Ep 110/300 | Tr loss=0.1958 mae=0.481 r2=0.610 pcc=0.787 | Vl loss=1.7124 mae=2.207 r2=-5.590 pcc=-0.893 | ES 100/100
2026-06-12 12:24:29,475 | INFO |   Ep 110/300 | Tr loss=0.1958 mae=0.481 r2=0.610 pcc=0.787 | Vl loss=1.7124 mae=2.207 r2=-5.590 pcc=-0.893 | ES 100/100

  ⏹  Early stopping at epoch 110 (best=10)
2026-06-12 12:24:29,475 | INFO | Early stopping at epoch 110 best=10

✓ Training complete!

  ── Final Test Results (best epoch = 10) ──────────────────
  Loss : 0.6425
  RMSE : 1.2306
  MAE  : 1.0004
  R²   : -1.4590
  PCC  : -0.8311
  ✓ Saved → /mvdlph/masa/GCN_MultiView_EarlyFusion_Results/run_2026_06_12_12_16_35/plots/loss_curve.png
  ✓ Saved → /mvdlph/masa/GCN_MultiView_EarlyFusion_Results/run_2026_06_12_12_16_35/plots/rmse_mae.png
  ✓ Saved → /mvdlph/masa/GCN_MultiView_EarlyFusion_Results/run_2026_06_12_12_16_35/plots/r2_curve.png
  ✓ Saved → /mvdlph/masa/GCN_MultiView_EarlyFusion_Results/run_2026_06_12_12_16_35/plots/pcc_curve.png
  ✓ Saved → /mvdlph/masa/GCN_MultiView_EarlyFusion_Results/run_2026_06_12_12_16_35/plots/regression_scatter_test.png
  ✓ Saved → /mvdlph/masa/GCN_MultiView_EarlyFusion_Results/run_2026_06_12_12_16_35/plots/regression_scatter_train.png
  ✓ Saved → /mvdlph/masa/GCN_MultiView_EarlyFusion_Results/run_2026_06_12_12_16_35/plots/regression_scatter_val.png
  ✓ Saved → /mvdlph/masa/GCN_MultiView_EarlyFusion_Results/run_2026_06_12_12_16_35/plots/early_stopping.png
  ✓ History → /mvdlph/masa/GCN_MultiView_EarlyFusion_Results/run_2026_06_12_12_16_35/logs/training_history.json
  ✓ NPZ files saved
========================================================================
  Exercise         n      MAE     RMSE       R²      PCC
────────────────────────────────────────────────────────────────────────
  E0             152   1.0004   1.2306  -1.4590  -0.8311
────────────────────────────────────────────────────────────────────────
  Overall        152   1.0004   1.2306  -1.4590  -0.8311
========================================================================

  ✓ Per-exercise CSV → /mvdlph/masa/GCN_MultiView_EarlyFusion_Results/run_2026_06_12_12_16_35/logs/per_exercise_metrics.csv
  ✓ Per-exercise scatter grid → /mvdlph/masa/GCN_MultiView_EarlyFusion_Results/run_2026_06_12_12_16_35/plots/per_exercise_scatter.png
  ✓ Per-exercise bar chart → /mvdlph/masa/GCN_MultiView_EarlyFusion_Results/run_2026_06_12_12_16_35/plots/per_exercise_bar.png
  ✓ Per-exercise metrics NPZ saved
=================================================================
  TRAINING SUMMARY — ST-GCN Early Fusion (3 cameras)
=================================================================
  Cameras          : [0, 1, 2]
  in_features      : 18  (6 × 3)
  Best Epoch       : 10  (stopped at 110)
  Best Val MAE     : 1.0167
  Best Val RMSE    : 1.2531
  Best Val R²      : -0.9538
  Best Val PCC     : 0.8184
─────────────────────────────────────────────────────────────────
  Test MAE         : 1.0004
  Test RMSE        : 1.2306
  Test R²          : -1.4590
  Test PCC         : -0.8311
=================================================================
2026-06-12 12:24:37,109 | INFO | Best Epoch=10  stopped_epoch=110
2026-06-12 12:24:37,109 | INFO | Test MAE=1.0004  RMSE=1.2306  R²=-1.4590  PCC=-0.8311
============================================================
  FIT DIAGNOSIS (best weights)
============================================================
  Metric       Train       Val      Test
────────────────────────────────────────────────────────────
  MAE         0.9619    1.0167    1.0004
  RMSE        1.1404    1.2531    1.2306
  R2         -0.1101   -0.9538   -1.4590
  PCC        -0.6331    0.8184   -0.8311
============================================================
  ⚠  UNDERFITTING likely

✓ Summary CSV → /mvdlph/masa/GCN_MultiView_EarlyFusion_Results/training_summary.csv
